当前日期和时间： 2023-03-15_14_20_18
training settings:	 lr: 0.001 momentum: 0.9 l2_decay: 0.001 optimizer: Adam seed: 10
model architecture:
 MFSAN(
  (sharedNet): CFE(
    (conv1): Conv1d(14, 32, kernel_size=(3,), stride=(1,), padding=(1,), bias=False)
    (bn1): BatchNorm1d(32, eps=1e-05, momentum=0.1, affine=True, track_running_stats=True)
    (conv2): Conv1d(32, 64, kernel_size=(2,), stride=(1,), padding=(1,), bias=False)
    (bn2): BatchNorm1d(64, eps=1e-05, momentum=0.1, affine=True, track_running_stats=True)
    (conv3): Conv1d(64, 128, kernel_size=(2,), stride=(1,), bias=False)
    (bn3): BatchNorm1d(128, eps=1e-05, momentum=0.1, affine=True, track_running_stats=True)
    (relu): ReLU(inplace=True)
    (flatten): Flatten(start_dim=1, end_dim=-1)
  )
  (sonnet1): DFE(
    (rnn): LSTM(128, 100, num_layers=2, batch_first=True, dropout=0.2, bidirectional=True)
  )
  (sonnet2): DFE(
    (rnn): LSTM(128, 100, num_layers=2, batch_first=True, dropout=0.2, bidirectional=True)
  )
  (sonnet3): DFE(
    (rnn): LSTM(128, 100, num_layers=2, batch_first=True, dropout=0.2, bidirectional=True)
  )
  (rul_fc_son1): Linear(in_features=199, out_features=1, bias=True)
  (rul_fc_son2): Linear(in_features=199, out_features=1, bias=True)
  (rul_fc_son3): Linear(in_features=199, out_features=1, bias=True)
  (avgpool): AvgPool1d(kernel_size=(2,), stride=(1,), padding=(0,))
)
FD001 FD002 FD004 to FD003
Train source1 iter: 10 [(9%)]	Loss: 0.107637	RUL_Loss: 0.044384	mmd_Loss: 0.024711	l1_Loss: 0.119186
Train source2 iter: 10 [(9%)]	Loss: 0.174392	RUL_Loss: 0.117716	mmd_Loss: 0.031933	l1_Loss: 0.097003
Train source3 iter: 10 [(9%)]	Loss: 0.623870	RUL_Loss: 0.504427	mmd_Loss: 0.072573	l1_Loss: 0.199154


Train source1 iter: 20 [(19%)]	Loss: 0.143099	RUL_Loss: 0.044112	mmd_Loss: 0.025437	l1_Loss: 0.108914
Train source2 iter: 20 [(19%)]	Loss: 0.204243	RUL_Loss: 0.113106	mmd_Loss: 0.027555	l1_Loss: 0.096141
Train source3 iter: 20 [(19%)]	Loss: 0.698967	RUL_Loss: 0.511788	mmd_Loss: 0.064984	l1_Loss: 0.189066


Train source1 iter: 30 [(28%)]	Loss: 0.164773	RUL_Loss: 0.046205	mmd_Loss: 0.021969	l1_Loss: 0.111469
Train source2 iter: 30 [(28%)]	Loss: 0.230645	RUL_Loss: 0.117505	mmd_Loss: 0.030209	l1_Loss: 0.097120
Train source3 iter: 30 [(28%)]	Loss: 0.721908	RUL_Loss: 0.498854	mmd_Loss: 0.061822	l1_Loss: 0.189204


Train source1 iter: 40 [(38%)]	Loss: 0.169282	RUL_Loss: 0.042039	mmd_Loss: 0.025202	l1_Loss: 0.108024
Train source2 iter: 40 [(38%)]	Loss: 0.235086	RUL_Loss: 0.115860	mmd_Loss: 0.029265	l1_Loss: 0.095566
Train source3 iter: 40 [(38%)]	Loss: 0.750197	RUL_Loss: 0.506488	mmd_Loss: 0.064955	l1_Loss: 0.190214


Train source1 iter: 50 [(47%)]	Loss: 0.171816	RUL_Loss: 0.043092	mmd_Loss: 0.025425	l1_Loss: 0.105622
Train source2 iter: 50 [(47%)]	Loss: 0.236918	RUL_Loss: 0.113710	mmd_Loss: 0.030129	l1_Loss: 0.095303
Train source3 iter: 50 [(47%)]	Loss: 0.717927	RUL_Loss: 0.474384	mmd_Loss: 0.062148	l1_Loss: 0.185790


Train source1 iter: 60 [(57%)]	Loss: 0.172139	RUL_Loss: 0.042210	mmd_Loss: 0.024093	l1_Loss: 0.106744
Train source2 iter: 60 [(57%)]	Loss: 0.243770	RUL_Loss: 0.116302	mmd_Loss: 0.032728	l1_Loss: 0.095631
Train source3 iter: 60 [(57%)]	Loss: 0.781873	RUL_Loss: 0.531327	mmd_Loss: 0.066484	l1_Loss: 0.185812


Train source1 iter: 70 [(66%)]	Loss: 0.175721	RUL_Loss: 0.043674	mmd_Loss: 0.025533	l1_Loss: 0.106872
Train source2 iter: 70 [(66%)]	Loss: 0.242390	RUL_Loss: 0.109599	mmd_Loss: 0.035715	l1_Loss: 0.097437
Train source3 iter: 70 [(66%)]	Loss: 0.761872	RUL_Loss: 0.503281	mmd_Loss: 0.068961	l1_Loss: 0.190332


Train source1 iter: 80 [(75%)]	Loss: 0.174513	RUL_Loss: 0.042037	mmd_Loss: 0.025163	l1_Loss: 0.107454
Train source2 iter: 80 [(75%)]	Loss: 0.235183	RUL_Loss: 0.112873	mmd_Loss: 0.029821	l1_Loss: 0.092617
Train source3 iter: 80 [(75%)]	Loss: 0.770187	RUL_Loss: 0.516184	mmd_Loss: 0.064918	l1_Loss: 0.189353


Train source1 iter: 90 [(85%)]	Loss: 0.172741	RUL_Loss: 0.039090	mmd_Loss: 0.025593	l1_Loss: 0.108113
Train source2 iter: 90 [(85%)]	Loss: 0.237671	RUL_Loss: 0.110319	mmd_Loss: 0.031973	l1_Loss: 0.095430
Train source3 iter: 90 [(85%)]	Loss: 0.757953	RUL_Loss: 0.497699	mmd_Loss: 0.067600	l1_Loss: 0.192761


Train source1 iter: 100 [(94%)]	Loss: 0.174238	RUL_Loss: 0.046344	mmd_Loss: 0.020987	l1_Loss: 0.106928
Train source2 iter: 100 [(94%)]	Loss: 0.243738	RUL_Loss: 0.115224	mmd_Loss: 0.031216	l1_Loss: 0.097318
Train source3 iter: 100 [(94%)]	Loss: 0.741131	RUL_Loss: 0.483683	mmd_Loss: 0.068107	l1_Loss: 0.189381


Train epochs:1.000000	
Train source1 iter: 10 [(9%)]	Loss: 0.066096	RUL_Loss: 0.036724	mmd_Loss: 0.020338	l1_Loss: 0.046482
Train source2 iter: 10 [(9%)]	Loss: 0.138281	RUL_Loss: 0.111416	mmd_Loss: 0.022360	l1_Loss: 0.038756
Train source3 iter: 10 [(9%)]	Loss: 0.389348	RUL_Loss: 0.339000	mmd_Loss: 0.037702	l1_Loss: 0.076838


Train source1 iter: 20 [(19%)]	Loss: 0.084045	RUL_Loss: 0.037235	mmd_Loss: 0.020591	l1_Loss: 0.042943
Train source2 iter: 20 [(19%)]	Loss: 0.159993	RUL_Loss: 0.114531	mmd_Loss: 0.022383	l1_Loss: 0.039321
Train source3 iter: 20 [(19%)]	Loss: 0.425997	RUL_Loss: 0.347956	mmd_Loss: 0.034241	l1_Loss: 0.071682


Train source1 iter: 30 [(28%)]	Loss: 0.095860	RUL_Loss: 0.037861	mmd_Loss: 0.022097	l1_Loss: 0.043175
Train source2 iter: 30 [(28%)]	Loss: 0.167363	RUL_Loss: 0.113362	mmd_Loss: 0.021511	l1_Loss: 0.039261
Train source3 iter: 30 [(28%)]	Loss: 0.423369	RUL_Loss: 0.325345	mmd_Loss: 0.036024	l1_Loss: 0.074293


Train source1 iter: 40 [(38%)]	Loss: 0.098869	RUL_Loss: 0.038476	mmd_Loss: 0.020420	l1_Loss: 0.042813
Train source2 iter: 40 [(38%)]	Loss: 0.169356	RUL_Loss: 0.108795	mmd_Loss: 0.023897	l1_Loss: 0.039511
Train source3 iter: 40 [(38%)]	Loss: 0.431509	RUL_Loss: 0.326391	mmd_Loss: 0.035156	l1_Loss: 0.074905


Train source1 iter: 50 [(47%)]	Loss: 0.099558	RUL_Loss: 0.037621	mmd_Loss: 0.019788	l1_Loss: 0.043266
Train source2 iter: 50 [(47%)]	Loss: 0.173771	RUL_Loss: 0.114713	mmd_Loss: 0.021124	l1_Loss: 0.039000
Train source3 iter: 50 [(47%)]	Loss: 0.439676	RUL_Loss: 0.337269	mmd_Loss: 0.031689	l1_Loss: 0.072566


Train source1 iter: 60 [(57%)]	Loss: 0.105520	RUL_Loss: 0.041367	mmd_Loss: 0.021555	l1_Loss: 0.043045
Train source2 iter: 60 [(57%)]	Loss: 0.167944	RUL_Loss: 0.107484	mmd_Loss: 0.021802	l1_Loss: 0.039080
Train source3 iter: 60 [(57%)]	Loss: 0.435613	RUL_Loss: 0.329852	mmd_Loss: 0.035133	l1_Loss: 0.071367


Train source1 iter: 70 [(66%)]	Loss: 0.101748	RUL_Loss: 0.037529	mmd_Loss: 0.022695	l1_Loss: 0.041699
Train source2 iter: 70 [(66%)]	Loss: 0.170585	RUL_Loss: 0.111267	mmd_Loss: 0.021388	l1_Loss: 0.038091
Train source3 iter: 70 [(66%)]	Loss: 0.439020	RUL_Loss: 0.333362	mmd_Loss: 0.033282	l1_Loss: 0.072663


Train source1 iter: 80 [(75%)]	Loss: 0.098581	RUL_Loss: 0.035372	mmd_Loss: 0.020927	l1_Loss: 0.042349
Train source2 iter: 80 [(75%)]	Loss: 0.168190	RUL_Loss: 0.107235	mmd_Loss: 0.022130	l1_Loss: 0.038889
Train source3 iter: 80 [(75%)]	Loss: 0.451883	RUL_Loss: 0.346753	mmd_Loss: 0.032042	l1_Loss: 0.073198


Train source1 iter: 90 [(85%)]	Loss: 0.104432	RUL_Loss: 0.038834	mmd_Loss: 0.023150	l1_Loss: 0.042474
Train source2 iter: 90 [(85%)]	Loss: 0.166797	RUL_Loss: 0.108616	mmd_Loss: 0.019426	l1_Loss: 0.038778
Train source3 iter: 90 [(85%)]	Loss: 0.452389	RUL_Loss: 0.349755	mmd_Loss: 0.031235	l1_Loss: 0.071441


Train source1 iter: 100 [(94%)]	Loss: 0.100991	RUL_Loss: 0.035695	mmd_Loss: 0.020490	l1_Loss: 0.044816
Train source2 iter: 100 [(94%)]	Loss: 0.175289	RUL_Loss: 0.113990	mmd_Loss: 0.022008	l1_Loss: 0.039301
Train source3 iter: 100 [(94%)]	Loss: 0.454883	RUL_Loss: 0.349233	mmd_Loss: 0.031529	l1_Loss: 0.074138


Train epochs:2.000000	
Train source1 iter: 10 [(9%)]	Loss: 0.062356	RUL_Loss: 0.040955	mmd_Loss: 0.020117	l1_Loss: 0.028568
Train source2 iter: 10 [(9%)]	Loss: 0.123368	RUL_Loss: 0.104696	mmd_Loss: 0.019538	l1_Loss: 0.022941
Train source3 iter: 10 [(9%)]	Loss: 0.290073	RUL_Loss: 0.258339	mmd_Loss: 0.024865	l1_Loss: 0.047328


Train source1 iter: 20 [(19%)]	Loss: 0.076585	RUL_Loss: 0.043935	mmd_Loss: 0.016698	l1_Loss: 0.027616
Train source2 iter: 20 [(19%)]	Loss: 0.136488	RUL_Loss: 0.106378	mmd_Loss: 0.018866	l1_Loss: 0.022001
Train source3 iter: 20 [(19%)]	Loss: 0.315123	RUL_Loss: 0.261653	mmd_Loss: 0.026690	l1_Loss: 0.045883


Train source1 iter: 30 [(28%)]	Loss: 0.082517	RUL_Loss: 0.040046	mmd_Loss: 0.019796	l1_Loss: 0.028002
Train source2 iter: 30 [(28%)]	Loss: 0.140748	RUL_Loss: 0.105213	mmd_Loss: 0.017803	l1_Loss: 0.022189
Train source3 iter: 30 [(28%)]	Loss: 0.312237	RUL_Loss: 0.249722	mmd_Loss: 0.024390	l1_Loss: 0.045965


Train source1 iter: 40 [(38%)]	Loss: 0.081417	RUL_Loss: 0.039903	mmd_Loss: 0.015287	l1_Loss: 0.028178
Train source2 iter: 40 [(38%)]	Loss: 0.145166	RUL_Loss: 0.107604	mmd_Loss: 0.017030	l1_Loss: 0.022298
Train source3 iter: 40 [(38%)]	Loss: 0.343910	RUL_Loss: 0.274217	mmd_Loss: 0.026882	l1_Loss: 0.046088


Train source1 iter: 50 [(47%)]	Loss: 0.085040	RUL_Loss: 0.042134	mmd_Loss: 0.016745	l1_Loss: 0.026935
Train source2 iter: 50 [(47%)]	Loss: 0.147613	RUL_Loss: 0.105209	mmd_Loss: 0.021016	l1_Loss: 0.022153
Train source3 iter: 50 [(47%)]	Loss: 0.342119	RUL_Loss: 0.275089	mmd_Loss: 0.024249	l1_Loss: 0.043991


Train source1 iter: 60 [(57%)]	Loss: 0.083832	RUL_Loss: 0.038949	mmd_Loss: 0.016809	l1_Loss: 0.028388
Train source2 iter: 60 [(57%)]	Loss: 0.141281	RUL_Loss: 0.103936	mmd_Loss: 0.016233	l1_Loss: 0.021373
Train source3 iter: 60 [(57%)]	Loss: 0.323509	RUL_Loss: 0.252331	mmd_Loss: 0.026274	l1_Loss: 0.045401


Train source1 iter: 70 [(66%)]	Loss: 0.085783	RUL_Loss: 0.042215	mmd_Loss: 0.015948	l1_Loss: 0.027739
Train source2 iter: 70 [(66%)]	Loss: 0.150134	RUL_Loss: 0.111888	mmd_Loss: 0.016488	l1_Loss: 0.021863
Train source3 iter: 70 [(66%)]	Loss: 0.325205	RUL_Loss: 0.256791	mmd_Loss: 0.023987	l1_Loss: 0.044612


Train source1 iter: 80 [(75%)]	Loss: 0.084082	RUL_Loss: 0.040702	mmd_Loss: 0.015994	l1_Loss: 0.027432
Train source2 iter: 80 [(75%)]	Loss: 0.148378	RUL_Loss: 0.106238	mmd_Loss: 0.019766	l1_Loss: 0.022418
Train source3 iter: 80 [(75%)]	Loss: 0.326455	RUL_Loss: 0.256693	mmd_Loss: 0.024208	l1_Loss: 0.045628


Train source1 iter: 90 [(85%)]	Loss: 0.086166	RUL_Loss: 0.042094	mmd_Loss: 0.015460	l1_Loss: 0.028630
Train source2 iter: 90 [(85%)]	Loss: 0.138881	RUL_Loss: 0.098428	mmd_Loss: 0.017718	l1_Loss: 0.022751
Train source3 iter: 90 [(85%)]	Loss: 0.321078	RUL_Loss: 0.246439	mmd_Loss: 0.028959	l1_Loss: 0.045711


Train source1 iter: 100 [(94%)]	Loss: 0.088423	RUL_Loss: 0.042857	mmd_Loss: 0.017768	l1_Loss: 0.027804
Train source2 iter: 100 [(94%)]	Loss: 0.144551	RUL_Loss: 0.107904	mmd_Loss: 0.014885	l1_Loss: 0.021768
Train source3 iter: 100 [(94%)]	Loss: 0.344211	RUL_Loss: 0.271852	mmd_Loss: 0.027023	l1_Loss: 0.045348


Train epochs:3.000000	
Train source1 iter: 10 [(9%)]	Loss: 0.050789	RUL_Loss: 0.034660	mmd_Loss: 0.015321	l1_Loss: 0.021371
Train source2 iter: 10 [(9%)]	Loss: 0.123448	RUL_Loss: 0.109372	mmd_Loss: 0.017585	l1_Loss: 0.014436
Train source3 iter: 10 [(9%)]	Loss: 0.230635	RUL_Loss: 0.207316	mmd_Loss: 0.024209	l1_Loss: 0.028841


Train source1 iter: 20 [(19%)]	Loss: 0.061857	RUL_Loss: 0.032544	mmd_Loss: 0.019236	l1_Loss: 0.020548
Train source2 iter: 20 [(19%)]	Loss: 0.119285	RUL_Loss: 0.096710	mmd_Loss: 0.016112	l1_Loss: 0.014528
Train source3 iter: 20 [(19%)]	Loss: 0.243364	RUL_Loss: 0.203151	mmd_Loss: 0.024847	l1_Loss: 0.029732


Train source1 iter: 30 [(28%)]	Loss: 0.066850	RUL_Loss: 0.033088	mmd_Loss: 0.017990	l1_Loss: 0.020006
Train source2 iter: 30 [(28%)]	Loss: 0.124926	RUL_Loss: 0.094381	mmd_Loss: 0.019983	l1_Loss: 0.014392
Train source3 iter: 30 [(28%)]	Loss: 0.248295	RUL_Loss: 0.206053	mmd_Loss: 0.019768	l1_Loss: 0.027772


Train source1 iter: 40 [(38%)]	Loss: 0.068781	RUL_Loss: 0.034327	mmd_Loss: 0.015875	l1_Loss: 0.020199
Train source2 iter: 40 [(38%)]	Loss: 0.119704	RUL_Loss: 0.090103	mmd_Loss: 0.016024	l1_Loss: 0.014968
Train source3 iter: 40 [(38%)]	Loss: 0.256508	RUL_Loss: 0.206871	mmd_Loss: 0.022806	l1_Loss: 0.029164


Train source1 iter: 50 [(47%)]	Loss: 0.072862	RUL_Loss: 0.035415	mmd_Loss: 0.017984	l1_Loss: 0.020138
Train source2 iter: 50 [(47%)]	Loss: 0.133591	RUL_Loss: 0.101479	mmd_Loss: 0.017963	l1_Loss: 0.014729
Train source3 iter: 50 [(47%)]	Loss: 0.258781	RUL_Loss: 0.207153	mmd_Loss: 0.023769	l1_Loss: 0.028790


Train source1 iter: 60 [(57%)]	Loss: 0.070297	RUL_Loss: 0.033909	mmd_Loss: 0.015630	l1_Loss: 0.021012
Train source2 iter: 60 [(57%)]	Loss: 0.130151	RUL_Loss: 0.097906	mmd_Loss: 0.017970	l1_Loss: 0.014500
Train source3 iter: 60 [(57%)]	Loss: 0.263612	RUL_Loss: 0.206030	mmd_Loss: 0.028064	l1_Loss: 0.029920


Train source1 iter: 70 [(66%)]	Loss: 0.071320	RUL_Loss: 0.033764	mmd_Loss: 0.017959	l1_Loss: 0.019699
Train source2 iter: 70 [(66%)]	Loss: 0.128548	RUL_Loss: 0.096940	mmd_Loss: 0.016543	l1_Loss: 0.015150
Train source3 iter: 70 [(66%)]	Loss: 0.259330	RUL_Loss: 0.207039	mmd_Loss: 0.023756	l1_Loss: 0.028676


Train source1 iter: 80 [(75%)]	Loss: 0.071424	RUL_Loss: 0.034258	mmd_Loss: 0.017273	l1_Loss: 0.019932
Train source2 iter: 80 [(75%)]	Loss: 0.131750	RUL_Loss: 0.098979	mmd_Loss: 0.018578	l1_Loss: 0.014228
Train source3 iter: 80 [(75%)]	Loss: 0.264184	RUL_Loss: 0.209524	mmd_Loss: 0.025869	l1_Loss: 0.028849


Train source1 iter: 90 [(85%)]	Loss: 0.069803	RUL_Loss: 0.032510	mmd_Loss: 0.017470	l1_Loss: 0.019839
Train source2 iter: 90 [(85%)]	Loss: 0.132270	RUL_Loss: 0.099375	mmd_Loss: 0.018426	l1_Loss: 0.014483
Train source3 iter: 90 [(85%)]	Loss: 0.274629	RUL_Loss: 0.218660	mmd_Loss: 0.026474	l1_Loss: 0.029518


Train source1 iter: 100 [(94%)]	Loss: 0.069101	RUL_Loss: 0.032872	mmd_Loss: 0.015889	l1_Loss: 0.020346
Train source2 iter: 100 [(94%)]	Loss: 0.133537	RUL_Loss: 0.100509	mmd_Loss: 0.018714	l1_Loss: 0.014319
Train source3 iter: 100 [(94%)]	Loss: 0.278938	RUL_Loss: 0.224496	mmd_Loss: 0.025176	l1_Loss: 0.029275


Train epochs:4.000000	
Train source1 iter: 10 [(9%)]	Loss: 0.049932	RUL_Loss: 0.035280	mmd_Loss: 0.015901	l1_Loss: 0.017431
Train source2 iter: 10 [(9%)]	Loss: 0.101502	RUL_Loss: 0.086958	mmd_Loss: 0.015321	l1_Loss: 0.017765
Train source3 iter: 10 [(9%)]	Loss: 0.206161	RUL_Loss: 0.184385	mmd_Loss: 0.022626	l1_Loss: 0.026914


Train source1 iter: 20 [(19%)]	Loss: 0.057538	RUL_Loss: 0.032152	mmd_Loss: 0.017486	l1_Loss: 0.016968
Train source2 iter: 20 [(19%)]	Loss: 0.108393	RUL_Loss: 0.085026	mmd_Loss: 0.015953	l1_Loss: 0.015762
Train source3 iter: 20 [(19%)]	Loss: 0.227046	RUL_Loss: 0.189800	mmd_Loss: 0.024908	l1_Loss: 0.025645


Train source1 iter: 30 [(28%)]	Loss: 0.062820	RUL_Loss: 0.031492	mmd_Loss: 0.018750	l1_Loss: 0.016507
Train source2 iter: 30 [(28%)]	Loss: 0.110620	RUL_Loss: 0.082833	mmd_Loss: 0.015923	l1_Loss: 0.015349
Train source3 iter: 30 [(28%)]	Loss: 0.232507	RUL_Loss: 0.189109	mmd_Loss: 0.023217	l1_Loss: 0.025624


Train source1 iter: 40 [(38%)]	Loss: 0.061884	RUL_Loss: 0.031228	mmd_Loss: 0.016453	l1_Loss: 0.015645
Train source2 iter: 40 [(38%)]	Loss: 0.114343	RUL_Loss: 0.082825	mmd_Loss: 0.017585	l1_Loss: 0.015415
Train source3 iter: 40 [(38%)]	Loss: 0.245624	RUL_Loss: 0.198602	mmd_Loss: 0.024243	l1_Loss: 0.024991


Train source1 iter: 50 [(47%)]	Loss: 0.065884	RUL_Loss: 0.033881	mmd_Loss: 0.015492	l1_Loss: 0.017089
Train source2 iter: 50 [(47%)]	Loss: 0.116173	RUL_Loss: 0.087191	mmd_Loss: 0.014490	l1_Loss: 0.015016
Train source3 iter: 50 [(47%)]	Loss: 0.218681	RUL_Loss: 0.173369	mmd_Loss: 0.020722	l1_Loss: 0.025407


Train source1 iter: 60 [(57%)]	Loss: 0.069337	RUL_Loss: 0.034969	mmd_Loss: 0.017563	l1_Loss: 0.017045
Train source2 iter: 60 [(57%)]	Loss: 0.120409	RUL_Loss: 0.088694	mmd_Loss: 0.015639	l1_Loss: 0.016297
Train source3 iter: 60 [(57%)]	Loss: 0.244030	RUL_Loss: 0.195036	mmd_Loss: 0.023705	l1_Loss: 0.025631


Train source1 iter: 70 [(66%)]	Loss: 0.069656	RUL_Loss: 0.037397	mmd_Loss: 0.015639	l1_Loss: 0.016708
Train source2 iter: 70 [(66%)]	Loss: 0.123761	RUL_Loss: 0.091571	mmd_Loss: 0.016642	l1_Loss: 0.015635
Train source3 iter: 70 [(66%)]	Loss: 0.248275	RUL_Loss: 0.196373	mmd_Loss: 0.026445	l1_Loss: 0.025598


Train source1 iter: 80 [(75%)]	Loss: 0.063153	RUL_Loss: 0.031075	mmd_Loss: 0.015707	l1_Loss: 0.016406
Train source2 iter: 80 [(75%)]	Loss: 0.125651	RUL_Loss: 0.092057	mmd_Loss: 0.019152	l1_Loss: 0.014478
Train source3 iter: 80 [(75%)]	Loss: 0.240173	RUL_Loss: 0.191457	mmd_Loss: 0.023921	l1_Loss: 0.024847


Train source1 iter: 90 [(85%)]	Loss: 0.065121	RUL_Loss: 0.033689	mmd_Loss: 0.015086	l1_Loss: 0.016359
Train source2 iter: 90 [(85%)]	Loss: 0.121462	RUL_Loss: 0.087555	mmd_Loss: 0.018867	l1_Loss: 0.015054
Train source3 iter: 90 [(85%)]	Loss: 0.237178	RUL_Loss: 0.187294	mmd_Loss: 0.024989	l1_Loss: 0.024916


Train source1 iter: 100 [(94%)]	Loss: 0.069125	RUL_Loss: 0.038207	mmd_Loss: 0.014094	l1_Loss: 0.016830
Train source2 iter: 100 [(94%)]	Loss: 0.122310	RUL_Loss: 0.091401	mmd_Loss: 0.015014	l1_Loss: 0.015900
Train source3 iter: 100 [(94%)]	Loss: 0.223668	RUL_Loss: 0.175632	mmd_Loss: 0.023336	l1_Loss: 0.024707


Train epochs:5.000000	
Train source1 iter: 10 [(9%)]	Loss: 0.046914	RUL_Loss: 0.032916	mmd_Loss: 0.016785	l1_Loss: 0.015060
Train source2 iter: 10 [(9%)]	Loss: 0.074191	RUL_Loss: 0.060698	mmd_Loss: 0.016336	l1_Loss: 0.014359
Train source3 iter: 10 [(9%)]	Loss: 0.179456	RUL_Loss: 0.159318	mmd_Loss: 0.023316	l1_Loss: 0.022498


Train source1 iter: 20 [(19%)]	Loss: 0.051504	RUL_Loss: 0.030202	mmd_Loss: 0.014868	l1_Loss: 0.014045
Train source2 iter: 20 [(19%)]	Loss: 0.082545	RUL_Loss: 0.059193	mmd_Loss: 0.018197	l1_Loss: 0.013498
Train source3 iter: 20 [(19%)]	Loss: 0.197719	RUL_Loss: 0.167734	mmd_Loss: 0.020156	l1_Loss: 0.020541


Train source1 iter: 30 [(28%)]	Loss: 0.056836	RUL_Loss: 0.031319	mmd_Loss: 0.014976	l1_Loss: 0.013741
Train source2 iter: 30 [(28%)]	Loss: 0.085406	RUL_Loss: 0.060953	mmd_Loss: 0.015007	l1_Loss: 0.012512
Train source3 iter: 30 [(28%)]	Loss: 0.205734	RUL_Loss: 0.167272	mmd_Loss: 0.021892	l1_Loss: 0.021393


Train source1 iter: 40 [(38%)]	Loss: 0.062381	RUL_Loss: 0.032228	mmd_Loss: 0.017241	l1_Loss: 0.014330
Train source2 iter: 40 [(38%)]	Loss: 0.083881	RUL_Loss: 0.056770	mmd_Loss: 0.015334	l1_Loss: 0.013052
Train source3 iter: 40 [(38%)]	Loss: 0.206367	RUL_Loss: 0.166685	mmd_Loss: 0.019488	l1_Loss: 0.022059


Train source1 iter: 50 [(47%)]	Loss: 0.059856	RUL_Loss: 0.031608	mmd_Loss: 0.015404	l1_Loss: 0.013354
Train source2 iter: 50 [(47%)]	Loss: 0.083285	RUL_Loss: 0.053367	mmd_Loss: 0.016935	l1_Loss: 0.013522
Train source3 iter: 50 [(47%)]	Loss: 0.212166	RUL_Loss: 0.172740	mmd_Loss: 0.019453	l1_Loss: 0.020684


Train source1 iter: 60 [(57%)]	Loss: 0.065851	RUL_Loss: 0.033820	mmd_Loss: 0.017751	l1_Loss: 0.014505
Train source2 iter: 60 [(57%)]	Loss: 0.086202	RUL_Loss: 0.058312	mmd_Loss: 0.014738	l1_Loss: 0.013347
Train source3 iter: 60 [(57%)]	Loss: 0.197804	RUL_Loss: 0.153434	mmd_Loss: 0.023386	l1_Loss: 0.021294


Train source1 iter: 70 [(66%)]	Loss: 0.060970	RUL_Loss: 0.034689	mmd_Loss: 0.011926	l1_Loss: 0.014426
Train source2 iter: 70 [(66%)]	Loss: 0.085572	RUL_Loss: 0.056772	mmd_Loss: 0.015069	l1_Loss: 0.013808
Train source3 iter: 70 [(66%)]	Loss: 0.227421	RUL_Loss: 0.183550	mmd_Loss: 0.022675	l1_Loss: 0.021316


Train source1 iter: 80 [(75%)]	Loss: 0.066573	RUL_Loss: 0.034933	mmd_Loss: 0.017812	l1_Loss: 0.013861
Train source2 iter: 80 [(75%)]	Loss: 0.082420	RUL_Loss: 0.053581	mmd_Loss: 0.015668	l1_Loss: 0.013201
Train source3 iter: 80 [(75%)]	Loss: 0.212249	RUL_Loss: 0.170574	mmd_Loss: 0.020126	l1_Loss: 0.021594


Train source1 iter: 90 [(85%)]	Loss: 0.060841	RUL_Loss: 0.031004	mmd_Loss: 0.015384	l1_Loss: 0.014465
Train source2 iter: 90 [(85%)]	Loss: 0.086587	RUL_Loss: 0.057314	mmd_Loss: 0.015274	l1_Loss: 0.014011
Train source3 iter: 90 [(85%)]	Loss: 0.204331	RUL_Loss: 0.163177	mmd_Loss: 0.019176	l1_Loss: 0.021995


Train source1 iter: 100 [(94%)]	Loss: 0.065084	RUL_Loss: 0.031486	mmd_Loss: 0.018466	l1_Loss: 0.015138
Train source2 iter: 100 [(94%)]	Loss: 0.084941	RUL_Loss: 0.057537	mmd_Loss: 0.014252	l1_Loss: 0.013156
Train source3 iter: 100 [(94%)]	Loss: 0.213245	RUL_Loss: 0.169524	mmd_Loss: 0.021047	l1_Loss: 0.022680


Train epochs:6.000000	
Train source1 iter: 10 [(9%)]	Loss: 0.039994	RUL_Loss: 0.028200	mmd_Loss: 0.014471	l1_Loss: 0.012359
Train source2 iter: 10 [(9%)]	Loss: 0.062733	RUL_Loss: 0.049669	mmd_Loss: 0.016407	l1_Loss: 0.013314
Train source3 iter: 10 [(9%)]	Loss: 0.170647	RUL_Loss: 0.153737	mmd_Loss: 0.019104	l1_Loss: 0.019366


Train source1 iter: 20 [(19%)]	Loss: 0.046519	RUL_Loss: 0.028269	mmd_Loss: 0.013483	l1_Loss: 0.011287
Train source2 iter: 20 [(19%)]	Loss: 0.068533	RUL_Loss: 0.049022	mmd_Loss: 0.014795	l1_Loss: 0.011686
Train source3 iter: 20 [(19%)]	Loss: 0.186600	RUL_Loss: 0.156791	mmd_Loss: 0.021832	l1_Loss: 0.018627


Train source1 iter: 30 [(28%)]	Loss: 0.052163	RUL_Loss: 0.027922	mmd_Loss: 0.015743	l1_Loss: 0.011538
Train source2 iter: 30 [(28%)]	Loss: 0.069180	RUL_Loss: 0.042205	mmd_Loss: 0.019502	l1_Loss: 0.010855
Train source3 iter: 30 [(28%)]	Loss: 0.190230	RUL_Loss: 0.154536	mmd_Loss: 0.021734	l1_Loss: 0.018437


Train source1 iter: 40 [(38%)]	Loss: 0.058262	RUL_Loss: 0.030669	mmd_Loss: 0.017003	l1_Loss: 0.011887
Train source2 iter: 40 [(38%)]	Loss: 0.074924	RUL_Loss: 0.047655	mmd_Loss: 0.017175	l1_Loss: 0.011377
Train source3 iter: 40 [(38%)]	Loss: 0.182219	RUL_Loss: 0.143559	mmd_Loss: 0.022048	l1_Loss: 0.018430


Train source1 iter: 50 [(47%)]	Loss: 0.055512	RUL_Loss: 0.028815	mmd_Loss: 0.015076	l1_Loss: 0.012102
Train source2 iter: 50 [(47%)]	Loss: 0.073787	RUL_Loss: 0.046442	mmd_Loss: 0.016463	l1_Loss: 0.011375
Train source3 iter: 50 [(47%)]	Loss: 0.193591	RUL_Loss: 0.151382	mmd_Loss: 0.023641	l1_Loss: 0.019330


Train source1 iter: 60 [(57%)]	Loss: 0.059743	RUL_Loss: 0.030578	mmd_Loss: 0.017316	l1_Loss: 0.012052
Train source2 iter: 60 [(57%)]	Loss: 0.072416	RUL_Loss: 0.044587	mmd_Loss: 0.016388	l1_Loss: 0.011635
Train source3 iter: 60 [(57%)]	Loss: 0.190117	RUL_Loss: 0.148906	mmd_Loss: 0.021732	l1_Loss: 0.019766


Train source1 iter: 70 [(66%)]	Loss: 0.056774	RUL_Loss: 0.026808	mmd_Loss: 0.017718	l1_Loss: 0.012329
Train source2 iter: 70 [(66%)]	Loss: 0.071989	RUL_Loss: 0.045914	mmd_Loss: 0.014446	l1_Loss: 0.011700
Train source3 iter: 70 [(66%)]	Loss: 0.191535	RUL_Loss: 0.151852	mmd_Loss: 0.021048	l1_Loss: 0.018744


Train source1 iter: 80 [(75%)]	Loss: 0.058283	RUL_Loss: 0.028777	mmd_Loss: 0.018100	l1_Loss: 0.011436
Train source2 iter: 80 [(75%)]	Loss: 0.073836	RUL_Loss: 0.046462	mmd_Loss: 0.016007	l1_Loss: 0.011396
Train source3 iter: 80 [(75%)]	Loss: 0.182217	RUL_Loss: 0.145052	mmd_Loss: 0.019098	l1_Loss: 0.018106


Train source1 iter: 90 [(85%)]	Loss: 0.055560	RUL_Loss: 0.029848	mmd_Loss: 0.014080	l1_Loss: 0.011643
Train source2 iter: 90 [(85%)]	Loss: 0.075971	RUL_Loss: 0.048510	mmd_Loss: 0.016003	l1_Loss: 0.011469
Train source3 iter: 90 [(85%)]	Loss: 0.199786	RUL_Loss: 0.160581	mmd_Loss: 0.020809	l1_Loss: 0.018412


Train source1 iter: 100 [(94%)]	Loss: 0.055399	RUL_Loss: 0.028532	mmd_Loss: 0.015163	l1_Loss: 0.011708
Train source2 iter: 100 [(94%)]	Loss: 0.071067	RUL_Loss: 0.044284	mmd_Loss: 0.015307	l1_Loss: 0.011480
Train source3 iter: 100 [(94%)]	Loss: 0.199536	RUL_Loss: 0.157140	mmd_Loss: 0.023267	l1_Loss: 0.019136


Train epochs:7.000000	
Train source1 iter: 10 [(9%)]	Loss: 0.044299	RUL_Loss: 0.032764	mmd_Loss: 0.014099	l1_Loss: 0.012144
Train source2 iter: 10 [(9%)]	Loss: 0.055342	RUL_Loss: 0.043414	mmd_Loss: 0.015174	l1_Loss: 0.011963
Train source3 iter: 10 [(9%)]	Loss: 0.154630	RUL_Loss: 0.137023	mmd_Loss: 0.021464	l1_Loss: 0.018591


Train source1 iter: 20 [(19%)]	Loss: 0.050132	RUL_Loss: 0.030151	mmd_Loss: 0.015998	l1_Loss: 0.011122
Train source2 iter: 20 [(19%)]	Loss: 0.055849	RUL_Loss: 0.037722	mmd_Loss: 0.013800	l1_Loss: 0.010803
Train source3 iter: 20 [(19%)]	Loss: 0.163224	RUL_Loss: 0.135951	mmd_Loss: 0.018493	l1_Loss: 0.018524


Train source1 iter: 30 [(28%)]	Loss: 0.056251	RUL_Loss: 0.031403	mmd_Loss: 0.017234	l1_Loss: 0.010730
Train source2 iter: 30 [(28%)]	Loss: 0.063426	RUL_Loss: 0.042409	mmd_Loss: 0.012604	l1_Loss: 0.011048
Train source3 iter: 30 [(28%)]	Loss: 0.177199	RUL_Loss: 0.142207	mmd_Loss: 0.020745	l1_Loss: 0.018636


Train source1 iter: 40 [(38%)]	Loss: 0.054371	RUL_Loss: 0.027752	mmd_Loss: 0.016840	l1_Loss: 0.011030
Train source2 iter: 40 [(38%)]	Loss: 0.064058	RUL_Loss: 0.040287	mmd_Loss: 0.013769	l1_Loss: 0.011120
Train source3 iter: 40 [(38%)]	Loss: 0.180367	RUL_Loss: 0.141340	mmd_Loss: 0.022404	l1_Loss: 0.018457


Train source1 iter: 50 [(47%)]	Loss: 0.060090	RUL_Loss: 0.030277	mmd_Loss: 0.019475	l1_Loss: 0.010876
Train source2 iter: 50 [(47%)]	Loss: 0.063162	RUL_Loss: 0.037816	mmd_Loss: 0.015200	l1_Loss: 0.010603
Train source3 iter: 50 [(47%)]	Loss: 0.185406	RUL_Loss: 0.144462	mmd_Loss: 0.023285	l1_Loss: 0.018399


Train source1 iter: 60 [(57%)]	Loss: 0.055783	RUL_Loss: 0.032803	mmd_Loss: 0.012840	l1_Loss: 0.010301
Train source2 iter: 60 [(57%)]	Loss: 0.063400	RUL_Loss: 0.039415	mmd_Loss: 0.013567	l1_Loss: 0.010586
Train source3 iter: 60 [(57%)]	Loss: 0.180984	RUL_Loss: 0.142650	mmd_Loss: 0.020342	l1_Loss: 0.018260


Train source1 iter: 70 [(66%)]	Loss: 0.056928	RUL_Loss: 0.032140	mmd_Loss: 0.013904	l1_Loss: 0.010952
Train source2 iter: 70 [(66%)]	Loss: 0.071273	RUL_Loss: 0.041629	mmd_Loss: 0.018529	l1_Loss: 0.011196
Train source3 iter: 70 [(66%)]	Loss: 0.188653	RUL_Loss: 0.150138	mmd_Loss: 0.020634	l1_Loss: 0.017986


Train source1 iter: 80 [(75%)]	Loss: 0.055562	RUL_Loss: 0.028201	mmd_Loss: 0.016852	l1_Loss: 0.010537
Train source2 iter: 80 [(75%)]	Loss: 0.064907	RUL_Loss: 0.040406	mmd_Loss: 0.013725	l1_Loss: 0.010802
Train source3 iter: 80 [(75%)]	Loss: 0.194596	RUL_Loss: 0.156350	mmd_Loss: 0.020056	l1_Loss: 0.018231


Train source1 iter: 90 [(85%)]	Loss: 0.058628	RUL_Loss: 0.031273	mmd_Loss: 0.016236	l1_Loss: 0.011131
Train source2 iter: 90 [(85%)]	Loss: 0.062938	RUL_Loss: 0.037713	mmd_Loss: 0.014384	l1_Loss: 0.010852
Train source3 iter: 90 [(85%)]	Loss: 0.174765	RUL_Loss: 0.138062	mmd_Loss: 0.019009	l1_Loss: 0.017709


Train source1 iter: 100 [(94%)]	Loss: 0.055470	RUL_Loss: 0.031566	mmd_Loss: 0.012862	l1_Loss: 0.011045
Train source2 iter: 100 [(94%)]	Loss: 0.063714	RUL_Loss: 0.037982	mmd_Loss: 0.014329	l1_Loss: 0.011408
Train source3 iter: 100 [(94%)]	Loss: 0.193051	RUL_Loss: 0.150040	mmd_Loss: 0.024083	l1_Loss: 0.018935


Train epochs:8.000000	
Train source1 iter: 10 [(9%)]	Loss: 0.046358	RUL_Loss: 0.033820	mmd_Loss: 0.018346	l1_Loss: 0.010176
Train source2 iter: 10 [(9%)]	Loss: 0.051760	RUL_Loss: 0.040978	mmd_Loss: 0.015633	l1_Loss: 0.008896
Train source3 iter: 10 [(9%)]	Loss: 0.147814	RUL_Loss: 0.132592	mmd_Loss: 0.018932	l1_Loss: 0.015696


Train source1 iter: 20 [(19%)]	Loss: 0.047919	RUL_Loss: 0.031358	mmd_Loss: 0.012559	l1_Loss: 0.009919
Train source2 iter: 20 [(19%)]	Loss: 0.059132	RUL_Loss: 0.042800	mmd_Loss: 0.013756	l1_Loss: 0.008411
Train source3 iter: 20 [(19%)]	Loss: 0.162766	RUL_Loss: 0.136352	mmd_Loss: 0.020990	l1_Loss: 0.014861


Train source1 iter: 30 [(28%)]	Loss: 0.051482	RUL_Loss: 0.029151	mmd_Loss: 0.016027	l1_Loss: 0.009104
Train source2 iter: 30 [(28%)]	Loss: 0.063398	RUL_Loss: 0.042388	mmd_Loss: 0.015140	l1_Loss: 0.008504
Train source3 iter: 30 [(28%)]	Loss: 0.167827	RUL_Loss: 0.137122	mmd_Loss: 0.019518	l1_Loss: 0.015038


Train source1 iter: 40 [(38%)]	Loss: 0.054163	RUL_Loss: 0.030325	mmd_Loss: 0.015121	l1_Loss: 0.009838
Train source2 iter: 40 [(38%)]	Loss: 0.061873	RUL_Loss: 0.041586	mmd_Loss: 0.012656	l1_Loss: 0.008586
Train source3 iter: 40 [(38%)]	Loss: 0.167230	RUL_Loss: 0.136746	mmd_Loss: 0.018004	l1_Loss: 0.013914


Train source1 iter: 50 [(47%)]	Loss: 0.054952	RUL_Loss: 0.028719	mmd_Loss: 0.017882	l1_Loss: 0.008824
Train source2 iter: 50 [(47%)]	Loss: 0.060741	RUL_Loss: 0.038598	mmd_Loss: 0.014539	l1_Loss: 0.008004
Train source3 iter: 50 [(47%)]	Loss: 0.170108	RUL_Loss: 0.136135	mmd_Loss: 0.019455	l1_Loss: 0.015130


Train source1 iter: 60 [(57%)]	Loss: 0.053823	RUL_Loss: 0.029166	mmd_Loss: 0.015355	l1_Loss: 0.009474
Train source2 iter: 60 [(57%)]	Loss: 0.065428	RUL_Loss: 0.040921	mmd_Loss: 0.016223	l1_Loss: 0.008455
Train source3 iter: 60 [(57%)]	Loss: 0.163114	RUL_Loss: 0.127669	mmd_Loss: 0.020585	l1_Loss: 0.015107


Train source1 iter: 70 [(66%)]	Loss: 0.051817	RUL_Loss: 0.028577	mmd_Loss: 0.013978	l1_Loss: 0.009325
Train source2 iter: 70 [(66%)]	Loss: 0.066947	RUL_Loss: 0.041930	mmd_Loss: 0.016235	l1_Loss: 0.008849
Train source3 iter: 70 [(66%)]	Loss: 0.173401	RUL_Loss: 0.141028	mmd_Loss: 0.017737	l1_Loss: 0.014724


Train source1 iter: 80 [(75%)]	Loss: 0.052616	RUL_Loss: 0.027834	mmd_Loss: 0.015831	l1_Loss: 0.008977
Train source2 iter: 80 [(75%)]	Loss: 0.066801	RUL_Loss: 0.042881	mmd_Loss: 0.015838	l1_Loss: 0.008108
Train source3 iter: 80 [(75%)]	Loss: 0.156425	RUL_Loss: 0.123774	mmd_Loss: 0.018750	l1_Loss: 0.013935


Train source1 iter: 90 [(85%)]	Loss: 0.061085	RUL_Loss: 0.029041	mmd_Loss: 0.023130	l1_Loss: 0.008927
Train source2 iter: 90 [(85%)]	Loss: 0.065538	RUL_Loss: 0.043859	mmd_Loss: 0.013151	l1_Loss: 0.008537
Train source3 iter: 90 [(85%)]	Loss: 0.167564	RUL_Loss: 0.134538	mmd_Loss: 0.017972	l1_Loss: 0.015068


Train source1 iter: 100 [(94%)]	Loss: 0.052655	RUL_Loss: 0.029351	mmd_Loss: 0.014284	l1_Loss: 0.009024
Train source2 iter: 100 [(94%)]	Loss: 0.064866	RUL_Loss: 0.039759	mmd_Loss: 0.016852	l1_Loss: 0.008258
Train source3 iter: 100 [(94%)]	Loss: 0.180544	RUL_Loss: 0.144705	mmd_Loss: 0.020981	l1_Loss: 0.014865


Train epochs:9.000000	
Train source1 iter: 10 [(9%)]	Loss: 0.039610	RUL_Loss: 0.029187	mmd_Loss: 0.015115	l1_Loss: 0.008598
Train source2 iter: 10 [(9%)]	Loss: 0.053810	RUL_Loss: 0.044304	mmd_Loss: 0.014096	l1_Loss: 0.007531
Train source3 iter: 10 [(9%)]	Loss: 0.140770	RUL_Loss: 0.126309	mmd_Loss: 0.020677	l1_Loss: 0.012223


Train source1 iter: 20 [(19%)]	Loss: 0.045888	RUL_Loss: 0.027101	mmd_Loss: 0.017764	l1_Loss: 0.007735
Train source2 iter: 20 [(19%)]	Loss: 0.059054	RUL_Loss: 0.041533	mmd_Loss: 0.016559	l1_Loss: 0.007220
Train source3 iter: 20 [(19%)]	Loss: 0.141789	RUL_Loss: 0.119514	mmd_Loss: 0.017571	l1_Loss: 0.012662


Train source1 iter: 30 [(28%)]	Loss: 0.049647	RUL_Loss: 0.030290	mmd_Loss: 0.013709	l1_Loss: 0.008075
Train source2 iter: 30 [(28%)]	Loss: 0.058021	RUL_Loss: 0.041876	mmd_Loss: 0.010731	l1_Loss: 0.007438
Train source3 iter: 30 [(28%)]	Loss: 0.149406	RUL_Loss: 0.123003	mmd_Loss: 0.017496	l1_Loss: 0.012217


Train source1 iter: 40 [(38%)]	Loss: 0.050545	RUL_Loss: 0.029123	mmd_Loss: 0.014439	l1_Loss: 0.007992
Train source2 iter: 40 [(38%)]	Loss: 0.060341	RUL_Loss: 0.041159	mmd_Loss: 0.012227	l1_Loss: 0.007856
Train source3 iter: 40 [(38%)]	Loss: 0.158584	RUL_Loss: 0.127122	mmd_Loss: 0.019305	l1_Loss: 0.013637


Train source1 iter: 50 [(47%)]	Loss: 0.050935	RUL_Loss: 0.028200	mmd_Loss: 0.015275	l1_Loss: 0.007870
Train source2 iter: 50 [(47%)]	Loss: 0.062039	RUL_Loss: 0.042253	mmd_Loss: 0.012318	l1_Loss: 0.007825
Train source3 iter: 50 [(47%)]	Loss: 0.160732	RUL_Loss: 0.131139	mmd_Loss: 0.017951	l1_Loss: 0.012176


Train source1 iter: 60 [(57%)]	Loss: 0.057580	RUL_Loss: 0.027278	mmd_Loss: 0.022445	l1_Loss: 0.008069
Train source2 iter: 60 [(57%)]	Loss: 0.060639	RUL_Loss: 0.039677	mmd_Loss: 0.013670	l1_Loss: 0.007438
Train source3 iter: 60 [(57%)]	Loss: 0.162190	RUL_Loss: 0.133494	mmd_Loss: 0.016262	l1_Loss: 0.012634


Train source1 iter: 70 [(66%)]	Loss: 0.054859	RUL_Loss: 0.029410	mmd_Loss: 0.017560	l1_Loss: 0.007957
Train source2 iter: 70 [(66%)]	Loss: 0.064161	RUL_Loss: 0.044388	mmd_Loss: 0.012318	l1_Loss: 0.007509
Train source3 iter: 70 [(66%)]	Loss: 0.168931	RUL_Loss: 0.139554	mmd_Loss: 0.017148	l1_Loss: 0.012308


Train source1 iter: 80 [(75%)]	Loss: 0.051276	RUL_Loss: 0.027547	mmd_Loss: 0.015700	l1_Loss: 0.008053
Train source2 iter: 80 [(75%)]	Loss: 0.063281	RUL_Loss: 0.043114	mmd_Loss: 0.012289	l1_Loss: 0.007900
Train source3 iter: 80 [(75%)]	Loss: 0.151039	RUL_Loss: 0.120137	mmd_Loss: 0.018129	l1_Loss: 0.012805


Train source1 iter: 90 [(85%)]	Loss: 0.049695	RUL_Loss: 0.028315	mmd_Loss: 0.013471	l1_Loss: 0.007917
Train source2 iter: 90 [(85%)]	Loss: 0.063389	RUL_Loss: 0.043593	mmd_Loss: 0.012452	l1_Loss: 0.007353
Train source3 iter: 90 [(85%)]	Loss: 0.155100	RUL_Loss: 0.125756	mmd_Loss: 0.016992	l1_Loss: 0.012364


Train source1 iter: 100 [(94%)]	Loss: 0.051012	RUL_Loss: 0.028764	mmd_Loss: 0.013832	l1_Loss: 0.008420
Train source2 iter: 100 [(94%)]	Loss: 0.063290	RUL_Loss: 0.041852	mmd_Loss: 0.013859	l1_Loss: 0.007582
Train source3 iter: 100 [(94%)]	Loss: 0.164673	RUL_Loss: 0.132114	mmd_Loss: 0.020089	l1_Loss: 0.012475


Train epochs:10.000000	
Train source1 iter: 10 [(9%)]	Loss: 0.038853	RUL_Loss: 0.027757	mmd_Loss: 0.016337	l1_Loss: 0.008906
Train source2 iter: 10 [(9%)]	Loss: 0.049807	RUL_Loss: 0.040246	mmd_Loss: 0.012140	l1_Loss: 0.009611
Train source3 iter: 10 [(9%)]	Loss: 0.145539	RUL_Loss: 0.129879	mmd_Loss: 0.021516	l1_Loss: 0.014110


Train source1 iter: 20 [(19%)]	Loss: 0.044143	RUL_Loss: 0.027588	mmd_Loss: 0.014375	l1_Loss: 0.008095
Train source2 iter: 20 [(19%)]	Loss: 0.059382	RUL_Loss: 0.042762	mmd_Loss: 0.013310	l1_Loss: 0.009248
Train source3 iter: 20 [(19%)]	Loss: 0.148715	RUL_Loss: 0.125358	mmd_Loss: 0.018017	l1_Loss: 0.013685


Train source1 iter: 30 [(28%)]	Loss: 0.048527	RUL_Loss: 0.026757	mmd_Loss: 0.015977	l1_Loss: 0.008523
Train source2 iter: 30 [(28%)]	Loss: 0.059514	RUL_Loss: 0.038754	mmd_Loss: 0.014721	l1_Loss: 0.008643
Train source3 iter: 30 [(28%)]	Loss: 0.149049	RUL_Loss: 0.122015	mmd_Loss: 0.016537	l1_Loss: 0.013887


Train source1 iter: 40 [(38%)]	Loss: 0.051660	RUL_Loss: 0.029268	mmd_Loss: 0.015558	l1_Loss: 0.007887
Train source2 iter: 40 [(38%)]	Loss: 0.062694	RUL_Loss: 0.041498	mmd_Loss: 0.012828	l1_Loss: 0.009365
Train source3 iter: 40 [(38%)]	Loss: 0.158266	RUL_Loss: 0.127087	mmd_Loss: 0.019517	l1_Loss: 0.013128


Train source1 iter: 50 [(47%)]	Loss: 0.053039	RUL_Loss: 0.028546	mmd_Loss: 0.016295	l1_Loss: 0.008640
Train source2 iter: 50 [(47%)]	Loss: 0.061708	RUL_Loss: 0.041557	mmd_Loss: 0.011661	l1_Loss: 0.008855
Train source3 iter: 50 [(47%)]	Loss: 0.154069	RUL_Loss: 0.122286	mmd_Loss: 0.018581	l1_Loss: 0.013775


Train source1 iter: 60 [(57%)]	Loss: 0.053384	RUL_Loss: 0.027407	mmd_Loss: 0.017591	l1_Loss: 0.008568
Train source2 iter: 60 [(57%)]	Loss: 0.059599	RUL_Loss: 0.038256	mmd_Loss: 0.012678	l1_Loss: 0.008814
Train source3 iter: 60 [(57%)]	Loss: 0.146405	RUL_Loss: 0.116307	mmd_Loss: 0.017067	l1_Loss: 0.013242


Train source1 iter: 70 [(66%)]	Loss: 0.056017	RUL_Loss: 0.029867	mmd_Loss: 0.018376	l1_Loss: 0.007845
Train source2 iter: 70 [(66%)]	Loss: 0.057536	RUL_Loss: 0.037696	mmd_Loss: 0.011052	l1_Loss: 0.008841
Train source3 iter: 70 [(66%)]	Loss: 0.153047	RUL_Loss: 0.121397	mmd_Loss: 0.018245	l1_Loss: 0.013490


Train source1 iter: 80 [(75%)]	Loss: 0.048233	RUL_Loss: 0.026900	mmd_Loss: 0.012535	l1_Loss: 0.008820
Train source2 iter: 80 [(75%)]	Loss: 0.062037	RUL_Loss: 0.040743	mmd_Loss: 0.012316	l1_Loss: 0.009001
Train source3 iter: 80 [(75%)]	Loss: 0.159455	RUL_Loss: 0.125025	mmd_Loss: 0.020675	l1_Loss: 0.013792


Train source1 iter: 90 [(85%)]	Loss: 0.051769	RUL_Loss: 0.028419	mmd_Loss: 0.015095	l1_Loss: 0.008265
Train source2 iter: 90 [(85%)]	Loss: 0.061556	RUL_Loss: 0.036833	mmd_Loss: 0.015647	l1_Loss: 0.009085
Train source3 iter: 90 [(85%)]	Loss: 0.145268	RUL_Loss: 0.112317	mmd_Loss: 0.018521	l1_Loss: 0.014444


Train source1 iter: 100 [(94%)]	Loss: 0.052473	RUL_Loss: 0.029970	mmd_Loss: 0.014097	l1_Loss: 0.008410
Train source2 iter: 100 [(94%)]	Loss: 0.064234	RUL_Loss: 0.041506	mmd_Loss: 0.013264	l1_Loss: 0.009468
Train source3 iter: 100 [(94%)]	Loss: 0.157327	RUL_Loss: 0.125526	mmd_Loss: 0.017728	l1_Loss: 0.014078


Train epochs:11.000000	
Train source1 iter: 10 [(9%)]	Loss: 0.036970	RUL_Loss: 0.026692	mmd_Loss: 0.015179	l1_Loss: 0.008203
Train source2 iter: 10 [(9%)]	Loss: 0.051508	RUL_Loss: 0.041246	mmd_Loss: 0.015843	l1_Loss: 0.007503
Train source3 iter: 10 [(9%)]	Loss: 0.129392	RUL_Loss: 0.115153	mmd_Loss: 0.019836	l1_Loss: 0.012557


Train source1 iter: 20 [(19%)]	Loss: 0.045158	RUL_Loss: 0.029699	mmd_Loss: 0.012555	l1_Loss: 0.008427
Train source2 iter: 20 [(19%)]	Loss: 0.056949	RUL_Loss: 0.041875	mmd_Loss: 0.013044	l1_Loss: 0.007416
Train source3 iter: 20 [(19%)]	Loss: 0.139357	RUL_Loss: 0.115398	mmd_Loss: 0.018812	l1_Loss: 0.013707


Train source1 iter: 30 [(28%)]	Loss: 0.050827	RUL_Loss: 0.029506	mmd_Loss: 0.015293	l1_Loss: 0.008703
Train source2 iter: 30 [(28%)]	Loss: 0.058186	RUL_Loss: 0.041621	mmd_Loss: 0.011309	l1_Loss: 0.007333
Train source3 iter: 30 [(28%)]	Loss: 0.141891	RUL_Loss: 0.110790	mmd_Loss: 0.021322	l1_Loss: 0.013679


Train source1 iter: 40 [(38%)]	Loss: 0.060926	RUL_Loss: 0.031019	mmd_Loss: 0.021885	l1_Loss: 0.009429
Train source2 iter: 40 [(38%)]	Loss: 0.065200	RUL_Loss: 0.042711	mmd_Loss: 0.015911	l1_Loss: 0.007636
Train source3 iter: 40 [(38%)]	Loss: 0.152544	RUL_Loss: 0.121978	mmd_Loss: 0.018876	l1_Loss: 0.013127


Train source1 iter: 50 [(47%)]	Loss: 0.052355	RUL_Loss: 0.029211	mmd_Loss: 0.014737	l1_Loss: 0.008824
Train source2 iter: 50 [(47%)]	Loss: 0.062263	RUL_Loss: 0.042873	mmd_Loss: 0.012252	l1_Loss: 0.007488
Train source3 iter: 50 [(47%)]	Loss: 0.148527	RUL_Loss: 0.117406	mmd_Loss: 0.018592	l1_Loss: 0.013091


Train source1 iter: 60 [(57%)]	Loss: 0.052416	RUL_Loss: 0.028839	mmd_Loss: 0.015126	l1_Loss: 0.008616
Train source2 iter: 60 [(57%)]	Loss: 0.064299	RUL_Loss: 0.043270	mmd_Loss: 0.014156	l1_Loss: 0.007020
Train source3 iter: 60 [(57%)]	Loss: 0.150788	RUL_Loss: 0.117436	mmd_Loss: 0.020230	l1_Loss: 0.013355


Train source1 iter: 70 [(66%)]	Loss: 0.049969	RUL_Loss: 0.027476	mmd_Loss: 0.014162	l1_Loss: 0.008393
Train source2 iter: 70 [(66%)]	Loss: 0.059750	RUL_Loss: 0.039966	mmd_Loss: 0.012607	l1_Loss: 0.007231
Train source3 iter: 70 [(66%)]	Loss: 0.162562	RUL_Loss: 0.131764	mmd_Loss: 0.017857	l1_Loss: 0.013025


Train source1 iter: 80 [(75%)]	Loss: 0.051830	RUL_Loss: 0.027445	mmd_Loss: 0.016213	l1_Loss: 0.008197
Train source2 iter: 80 [(75%)]	Loss: 0.061946	RUL_Loss: 0.042537	mmd_Loss: 0.012099	l1_Loss: 0.007331
Train source3 iter: 80 [(75%)]	Loss: 0.154248	RUL_Loss: 0.120478	mmd_Loss: 0.020249	l1_Loss: 0.013557


Train source1 iter: 90 [(85%)]	Loss: 0.053247	RUL_Loss: 0.028507	mmd_Loss: 0.016555	l1_Loss: 0.008195
Train source2 iter: 90 [(85%)]	Loss: 0.062042	RUL_Loss: 0.042650	mmd_Loss: 0.011769	l1_Loss: 0.007630
Train source3 iter: 90 [(85%)]	Loss: 0.157025	RUL_Loss: 0.125513	mmd_Loss: 0.019252	l1_Loss: 0.012273


Train source1 iter: 100 [(94%)]	Loss: 0.053416	RUL_Loss: 0.027596	mmd_Loss: 0.016745	l1_Loss: 0.009079
Train source2 iter: 100 [(94%)]	Loss: 0.061375	RUL_Loss: 0.038961	mmd_Loss: 0.014651	l1_Loss: 0.007767
Train source3 iter: 100 [(94%)]	Loss: 0.161640	RUL_Loss: 0.129136	mmd_Loss: 0.019756	l1_Loss: 0.012753


Train epochs:12.000000	
Train source1 iter: 10 [(9%)]	Loss: 0.042711	RUL_Loss: 0.030809	mmd_Loss: 0.017812	l1_Loss: 0.009264
Train source2 iter: 10 [(9%)]	Loss: 0.050733	RUL_Loss: 0.041125	mmd_Loss: 0.013435	l1_Loss: 0.008423
Train source3 iter: 10 [(9%)]	Loss: 0.133986	RUL_Loss: 0.120119	mmd_Loss: 0.017183	l1_Loss: 0.014365


Train source1 iter: 20 [(19%)]	Loss: 0.047429	RUL_Loss: 0.029627	mmd_Loss: 0.016409	l1_Loss: 0.007753
Train source2 iter: 20 [(19%)]	Loss: 0.055056	RUL_Loss: 0.040719	mmd_Loss: 0.012008	l1_Loss: 0.007452
Train source3 iter: 20 [(19%)]	Loss: 0.145966	RUL_Loss: 0.121832	mmd_Loss: 0.020044	l1_Loss: 0.012712


Train source1 iter: 30 [(28%)]	Loss: 0.049579	RUL_Loss: 0.029647	mmd_Loss: 0.014259	l1_Loss: 0.008173
Train source2 iter: 30 [(28%)]	Loss: 0.054717	RUL_Loss: 0.035467	mmd_Loss: 0.013566	l1_Loss: 0.008097
Train source3 iter: 30 [(28%)]	Loss: 0.147420	RUL_Loss: 0.122271	mmd_Loss: 0.015884	l1_Loss: 0.012418


Train source1 iter: 40 [(38%)]	Loss: 0.053050	RUL_Loss: 0.027298	mmd_Loss: 0.019142	l1_Loss: 0.007821
Train source2 iter: 40 [(38%)]	Loss: 0.057052	RUL_Loss: 0.037766	mmd_Loss: 0.012477	l1_Loss: 0.007715
Train source3 iter: 40 [(38%)]	Loss: 0.137482	RUL_Loss: 0.111096	mmd_Loss: 0.015016	l1_Loss: 0.012610


Train source1 iter: 50 [(47%)]	Loss: 0.051591	RUL_Loss: 0.028206	mmd_Loss: 0.016317	l1_Loss: 0.007490
Train source2 iter: 50 [(47%)]	Loss: 0.060916	RUL_Loss: 0.039893	mmd_Loss: 0.013781	l1_Loss: 0.007621
Train source3 iter: 50 [(47%)]	Loss: 0.153888	RUL_Loss: 0.123563	mmd_Loss: 0.017938	l1_Loss: 0.012934


Train source1 iter: 60 [(57%)]	Loss: 0.049304	RUL_Loss: 0.027672	mmd_Loss: 0.013861	l1_Loss: 0.007922
Train source2 iter: 60 [(57%)]	Loss: 0.059501	RUL_Loss: 0.038924	mmd_Loss: 0.013124	l1_Loss: 0.007597
Train source3 iter: 60 [(57%)]	Loss: 0.146122	RUL_Loss: 0.115866	mmd_Loss: 0.018029	l1_Loss: 0.012438


Train source1 iter: 70 [(66%)]	Loss: 0.050713	RUL_Loss: 0.026828	mmd_Loss: 0.015931	l1_Loss: 0.008019
Train source2 iter: 70 [(66%)]	Loss: 0.059112	RUL_Loss: 0.039267	mmd_Loss: 0.012075	l1_Loss: 0.007824
Train source3 iter: 70 [(66%)]	Loss: 0.152050	RUL_Loss: 0.119164	mmd_Loss: 0.019779	l1_Loss: 0.013197


Train source1 iter: 80 [(75%)]	Loss: 0.054350	RUL_Loss: 0.030440	mmd_Loss: 0.016053	l1_Loss: 0.007882
Train source2 iter: 80 [(75%)]	Loss: 0.059834	RUL_Loss: 0.040379	mmd_Loss: 0.011774	l1_Loss: 0.007702
Train source3 iter: 80 [(75%)]	Loss: 0.143267	RUL_Loss: 0.113158	mmd_Loss: 0.016773	l1_Loss: 0.013369


Train source1 iter: 90 [(85%)]	Loss: 0.055542	RUL_Loss: 0.032210	mmd_Loss: 0.015214	l1_Loss: 0.008127
Train source2 iter: 90 [(85%)]	Loss: 0.060287	RUL_Loss: 0.040409	mmd_Loss: 0.011929	l1_Loss: 0.007958
Train source3 iter: 90 [(85%)]	Loss: 0.144555	RUL_Loss: 0.114143	mmd_Loss: 0.017606	l1_Loss: 0.012820


Train source1 iter: 100 [(94%)]	Loss: 0.050197	RUL_Loss: 0.025904	mmd_Loss: 0.016223	l1_Loss: 0.008074
Train source2 iter: 100 [(94%)]	Loss: 0.063557	RUL_Loss: 0.042344	mmd_Loss: 0.013427	l1_Loss: 0.007789
Train source3 iter: 100 [(94%)]	Loss: 0.150689	RUL_Loss: 0.121703	mmd_Loss: 0.016083	l1_Loss: 0.012907


Train epochs:13.000000	
Train source1 iter: 10 [(9%)]	Loss: 0.038005	RUL_Loss: 0.028147	mmd_Loss: 0.013895	l1_Loss: 0.008531
Train source2 iter: 10 [(9%)]	Loss: 0.052767	RUL_Loss: 0.043011	mmd_Loss: 0.012542	l1_Loss: 0.009653
Train source3 iter: 10 [(9%)]	Loss: 0.136762	RUL_Loss: 0.122357	mmd_Loss: 0.018330	l1_Loss: 0.014439


Train source1 iter: 20 [(19%)]	Loss: 0.044322	RUL_Loss: 0.025885	mmd_Loss: 0.016656	l1_Loss: 0.008367
Train source2 iter: 20 [(19%)]	Loss: 0.054768	RUL_Loss: 0.038078	mmd_Loss: 0.014409	l1_Loss: 0.008244
Train source3 iter: 20 [(19%)]	Loss: 0.141151	RUL_Loss: 0.119728	mmd_Loss: 0.016193	l1_Loss: 0.012883


Train source1 iter: 30 [(28%)]	Loss: 0.050774	RUL_Loss: 0.031188	mmd_Loss: 0.014228	l1_Loss: 0.007814
Train source2 iter: 30 [(28%)]	Loss: 0.056816	RUL_Loss: 0.037851	mmd_Loss: 0.013284	l1_Loss: 0.008059
Train source3 iter: 30 [(28%)]	Loss: 0.147384	RUL_Loss: 0.119845	mmd_Loss: 0.018241	l1_Loss: 0.012752


Train source1 iter: 40 [(38%)]	Loss: 0.049342	RUL_Loss: 0.027643	mmd_Loss: 0.015213	l1_Loss: 0.007507
Train source2 iter: 40 [(38%)]	Loss: 0.057246	RUL_Loss: 0.036446	mmd_Loss: 0.013557	l1_Loss: 0.008221
Train source3 iter: 40 [(38%)]	Loss: 0.144709	RUL_Loss: 0.114760	mmd_Loss: 0.018391	l1_Loss: 0.012966


Train source1 iter: 50 [(47%)]	Loss: 0.048210	RUL_Loss: 0.026811	mmd_Loss: 0.013672	l1_Loss: 0.008112
Train source2 iter: 50 [(47%)]	Loss: 0.059039	RUL_Loss: 0.040065	mmd_Loss: 0.011318	l1_Loss: 0.007999
Train source3 iter: 50 [(47%)]	Loss: 0.142712	RUL_Loss: 0.112251	mmd_Loss: 0.018381	l1_Loss: 0.012629


Train source1 iter: 60 [(57%)]	Loss: 0.048995	RUL_Loss: 0.027597	mmd_Loss: 0.013629	l1_Loss: 0.007919
Train source2 iter: 60 [(57%)]	Loss: 0.056726	RUL_Loss: 0.037254	mmd_Loss: 0.011806	l1_Loss: 0.007802
Train source3 iter: 60 [(57%)]	Loss: 0.158309	RUL_Loss: 0.126497	mmd_Loss: 0.019105	l1_Loss: 0.012929


Train source1 iter: 70 [(66%)]	Loss: 0.051056	RUL_Loss: 0.027547	mmd_Loss: 0.015464	l1_Loss: 0.008109
Train source2 iter: 70 [(66%)]	Loss: 0.058101	RUL_Loss: 0.038830	mmd_Loss: 0.012141	l1_Loss: 0.007182
Train source3 iter: 70 [(66%)]	Loss: 0.150392	RUL_Loss: 0.120092	mmd_Loss: 0.017484	l1_Loss: 0.012899


Train source1 iter: 80 [(75%)]	Loss: 0.051605	RUL_Loss: 0.029615	mmd_Loss: 0.013651	l1_Loss: 0.008361
Train source2 iter: 80 [(75%)]	Loss: 0.057258	RUL_Loss: 0.036041	mmd_Loss: 0.013821	l1_Loss: 0.007417
Train source3 iter: 80 [(75%)]	Loss: 0.138503	RUL_Loss: 0.108576	mmd_Loss: 0.017398	l1_Loss: 0.012560


Train source1 iter: 90 [(85%)]	Loss: 0.057187	RUL_Loss: 0.028725	mmd_Loss: 0.020545	l1_Loss: 0.007929
Train source2 iter: 90 [(85%)]	Loss: 0.059729	RUL_Loss: 0.038740	mmd_Loss: 0.013697	l1_Loss: 0.007300
Train source3 iter: 90 [(85%)]	Loss: 0.148404	RUL_Loss: 0.115787	mmd_Loss: 0.019581	l1_Loss: 0.013050


Train source1 iter: 100 [(94%)]	Loss: 0.056222	RUL_Loss: 0.033197	mmd_Loss: 0.015376	l1_Loss: 0.007652
Train source2 iter: 100 [(94%)]	Loss: 0.058957	RUL_Loss: 0.037196	mmd_Loss: 0.014063	l1_Loss: 0.007701
Train source3 iter: 100 [(94%)]	Loss: 0.146435	RUL_Loss: 0.118129	mmd_Loss: 0.016146	l1_Loss: 0.012164


Train epochs:14.000000	
Train source1 iter: 10 [(9%)]	Loss: 0.036140	RUL_Loss: 0.026141	mmd_Loss: 0.013315	l1_Loss: 0.009433
Train source2 iter: 10 [(9%)]	Loss: 0.047537	RUL_Loss: 0.038317	mmd_Loss: 0.012923	l1_Loss: 0.008052
Train source3 iter: 10 [(9%)]	Loss: 0.122828	RUL_Loss: 0.107818	mmd_Loss: 0.020110	l1_Loss: 0.014037


Train source1 iter: 20 [(19%)]	Loss: 0.045160	RUL_Loss: 0.026255	mmd_Loss: 0.017200	l1_Loss: 0.008459
Train source2 iter: 20 [(19%)]	Loss: 0.055366	RUL_Loss: 0.041335	mmd_Loss: 0.011347	l1_Loss: 0.007697
Train source3 iter: 20 [(19%)]	Loss: 0.140489	RUL_Loss: 0.115135	mmd_Loss: 0.020399	l1_Loss: 0.014012


Train source1 iter: 30 [(28%)]	Loss: 0.046163	RUL_Loss: 0.028125	mmd_Loss: 0.011734	l1_Loss: 0.008566
Train source2 iter: 30 [(28%)]	Loss: 0.054995	RUL_Loss: 0.036565	mmd_Loss: 0.012707	l1_Loss: 0.008035
Train source3 iter: 30 [(28%)]	Loss: 0.137335	RUL_Loss: 0.109796	mmd_Loss: 0.017899	l1_Loss: 0.013092


Train source1 iter: 40 [(38%)]	Loss: 0.049654	RUL_Loss: 0.027222	mmd_Loss: 0.015262	l1_Loss: 0.008226
Train source2 iter: 40 [(38%)]	Loss: 0.058262	RUL_Loss: 0.037766	mmd_Loss: 0.013551	l1_Loss: 0.007909
Train source3 iter: 40 [(38%)]	Loss: 0.145521	RUL_Loss: 0.117693	mmd_Loss: 0.016508	l1_Loss: 0.012628


Train source1 iter: 50 [(47%)]	Loss: 0.047663	RUL_Loss: 0.029350	mmd_Loss: 0.009945	l1_Loss: 0.008699
Train source2 iter: 50 [(47%)]	Loss: 0.058321	RUL_Loss: 0.039426	mmd_Loss: 0.011302	l1_Loss: 0.007934
Train source3 iter: 50 [(47%)]	Loss: 0.152251	RUL_Loss: 0.120165	mmd_Loss: 0.019330	l1_Loss: 0.013335


Train source1 iter: 60 [(57%)]	Loss: 0.050240	RUL_Loss: 0.026357	mmd_Loss: 0.015573	l1_Loss: 0.008476
Train source2 iter: 60 [(57%)]	Loss: 0.055681	RUL_Loss: 0.038123	mmd_Loss: 0.009832	l1_Loss: 0.007849
Train source3 iter: 60 [(57%)]	Loss: 0.136726	RUL_Loss: 0.106669	mmd_Loss: 0.017048	l1_Loss: 0.013220


Train source1 iter: 70 [(66%)]	Loss: 0.049903	RUL_Loss: 0.027763	mmd_Loss: 0.014175	l1_Loss: 0.008025
Train source2 iter: 70 [(66%)]	Loss: 0.056942	RUL_Loss: 0.037563	mmd_Loss: 0.011555	l1_Loss: 0.007876
Train source3 iter: 70 [(66%)]	Loss: 0.155156	RUL_Loss: 0.126363	mmd_Loss: 0.015651	l1_Loss: 0.013220


Train source1 iter: 80 [(75%)]	Loss: 0.050980	RUL_Loss: 0.024581	mmd_Loss: 0.017566	l1_Loss: 0.008862
Train source2 iter: 80 [(75%)]	Loss: 0.057098	RUL_Loss: 0.035258	mmd_Loss: 0.014111	l1_Loss: 0.007752
Train source3 iter: 80 [(75%)]	Loss: 0.149687	RUL_Loss: 0.118185	mmd_Loss: 0.018257	l1_Loss: 0.013278


Train source1 iter: 90 [(85%)]	Loss: 0.048546	RUL_Loss: 0.026095	mmd_Loss: 0.013985	l1_Loss: 0.008475
Train source2 iter: 90 [(85%)]	Loss: 0.056915	RUL_Loss: 0.038472	mmd_Loss: 0.010665	l1_Loss: 0.007786
Train source3 iter: 90 [(85%)]	Loss: 0.152223	RUL_Loss: 0.119875	mmd_Loss: 0.018338	l1_Loss: 0.014024


Train source1 iter: 100 [(94%)]	Loss: 0.049884	RUL_Loss: 0.028324	mmd_Loss: 0.012989	l1_Loss: 0.008575
Train source2 iter: 100 [(94%)]	Loss: 0.058320	RUL_Loss: 0.038052	mmd_Loss: 0.012564	l1_Loss: 0.007708
Train source3 iter: 100 [(94%)]	Loss: 0.142658	RUL_Loss: 0.111204	mmd_Loss: 0.018008	l1_Loss: 0.013451


Train epochs:15.000000	
Train source1 iter: 10 [(9%)]	Loss: 0.036204	RUL_Loss: 0.028049	mmd_Loss: 0.011611	l1_Loss: 0.006940
Train source2 iter: 10 [(9%)]	Loss: 0.045792	RUL_Loss: 0.037478	mmd_Loss: 0.011260	l1_Loss: 0.007656
Train source3 iter: 10 [(9%)]	Loss: 0.122983	RUL_Loss: 0.110083	mmd_Loss: 0.018193	l1_Loss: 0.011154


Train source1 iter: 20 [(19%)]	Loss: 0.044694	RUL_Loss: 0.027872	mmd_Loss: 0.015219	l1_Loss: 0.007613
Train source2 iter: 20 [(19%)]	Loss: 0.052227	RUL_Loss: 0.036895	mmd_Loss: 0.013000	l1_Loss: 0.007809
Train source3 iter: 20 [(19%)]	Loss: 0.131771	RUL_Loss: 0.109437	mmd_Loss: 0.017454	l1_Loss: 0.012859


Train source1 iter: 30 [(28%)]	Loss: 0.043143	RUL_Loss: 0.025963	mmd_Loss: 0.012279	l1_Loss: 0.007056
Train source2 iter: 30 [(28%)]	Loss: 0.054009	RUL_Loss: 0.036988	mmd_Loss: 0.010901	l1_Loss: 0.008255
Train source3 iter: 30 [(28%)]	Loss: 0.137551	RUL_Loss: 0.109929	mmd_Loss: 0.018448	l1_Loss: 0.012639


Train source1 iter: 40 [(38%)]	Loss: 0.049554	RUL_Loss: 0.027964	mmd_Loss: 0.015053	l1_Loss: 0.007552
Train source2 iter: 40 [(38%)]	Loss: 0.055049	RUL_Loss: 0.037227	mmd_Loss: 0.010460	l1_Loss: 0.008200
Train source3 iter: 40 [(38%)]	Loss: 0.138138	RUL_Loss: 0.109229	mmd_Loss: 0.017645	l1_Loss: 0.012624


Train source1 iter: 50 [(47%)]	Loss: 0.047542	RUL_Loss: 0.029609	mmd_Loss: 0.010327	l1_Loss: 0.007930
Train source2 iter: 50 [(47%)]	Loss: 0.053664	RUL_Loss: 0.034621	mmd_Loss: 0.010938	l1_Loss: 0.008448
Train source3 iter: 50 [(47%)]	Loss: 0.137951	RUL_Loss: 0.107125	mmd_Loss: 0.018110	l1_Loss: 0.013272


Train source1 iter: 60 [(57%)]	Loss: 0.050612	RUL_Loss: 0.028742	mmd_Loss: 0.013936	l1_Loss: 0.008087
Train source2 iter: 60 [(57%)]	Loss: 0.055418	RUL_Loss: 0.035833	mmd_Loss: 0.011641	l1_Loss: 0.008080
Train source3 iter: 60 [(57%)]	Loss: 0.138698	RUL_Loss: 0.108296	mmd_Loss: 0.018117	l1_Loss: 0.012497


Train source1 iter: 70 [(66%)]	Loss: 0.050129	RUL_Loss: 0.027399	mmd_Loss: 0.014771	l1_Loss: 0.008021
Train source2 iter: 70 [(66%)]	Loss: 0.051742	RUL_Loss: 0.031517	mmd_Loss: 0.012080	l1_Loss: 0.008200
Train source3 iter: 70 [(66%)]	Loss: 0.149390	RUL_Loss: 0.116085	mmd_Loss: 0.019156	l1_Loss: 0.014239


Train source1 iter: 80 [(75%)]	Loss: 0.050203	RUL_Loss: 0.028274	mmd_Loss: 0.014405	l1_Loss: 0.007548
Train source2 iter: 80 [(75%)]	Loss: 0.058562	RUL_Loss: 0.037842	mmd_Loss: 0.012379	l1_Loss: 0.008364
Train source3 iter: 80 [(75%)]	Loss: 0.148390	RUL_Loss: 0.119067	mmd_Loss: 0.016196	l1_Loss: 0.013158


Train source1 iter: 90 [(85%)]	Loss: 0.050510	RUL_Loss: 0.028004	mmd_Loss: 0.015102	l1_Loss: 0.007413
Train source2 iter: 90 [(85%)]	Loss: 0.051148	RUL_Loss: 0.032123	mmd_Loss: 0.010881	l1_Loss: 0.008152
Train source3 iter: 90 [(85%)]	Loss: 0.154621	RUL_Loss: 0.122025	mmd_Loss: 0.019647	l1_Loss: 0.012963


Train source1 iter: 100 [(94%)]	Loss: 0.047866	RUL_Loss: 0.024944	mmd_Loss: 0.014893	l1_Loss: 0.008033
Train source2 iter: 100 [(94%)]	Loss: 0.055871	RUL_Loss: 0.035490	mmd_Loss: 0.012143	l1_Loss: 0.008241
Train source3 iter: 100 [(94%)]	Loss: 0.152373	RUL_Loss: 0.119083	mmd_Loss: 0.020702	l1_Loss: 0.012593


Train epochs:16.000000	
Train source1 iter: 10 [(9%)]	Loss: 0.036874	RUL_Loss: 0.028018	mmd_Loss: 0.012070	l1_Loss: 0.008077
Train source2 iter: 10 [(9%)]	Loss: 0.045845	RUL_Loss: 0.036758	mmd_Loss: 0.012072	l1_Loss: 0.008601
Train source3 iter: 10 [(9%)]	Loss: 0.113834	RUL_Loss: 0.099367	mmd_Loss: 0.020358	l1_Loss: 0.012554


Train source1 iter: 20 [(19%)]	Loss: 0.045393	RUL_Loss: 0.026345	mmd_Loss: 0.018042	l1_Loss: 0.007811
Train source2 iter: 20 [(19%)]	Loss: 0.050980	RUL_Loss: 0.037665	mmd_Loss: 0.010477	l1_Loss: 0.007596
Train source3 iter: 20 [(19%)]	Loss: 0.131195	RUL_Loss: 0.111422	mmd_Loss: 0.015180	l1_Loss: 0.011658


Train source1 iter: 30 [(28%)]	Loss: 0.047661	RUL_Loss: 0.029167	mmd_Loss: 0.013110	l1_Loss: 0.007703
Train source2 iter: 30 [(28%)]	Loss: 0.052847	RUL_Loss: 0.034719	mmd_Loss: 0.012265	l1_Loss: 0.008138
Train source3 iter: 30 [(28%)]	Loss: 0.137384	RUL_Loss: 0.110349	mmd_Loss: 0.017710	l1_Loss: 0.012715


Train source1 iter: 40 [(38%)]	Loss: 0.045984	RUL_Loss: 0.026637	mmd_Loss: 0.012863	l1_Loss: 0.007393
Train source2 iter: 40 [(38%)]	Loss: 0.058366	RUL_Loss: 0.039909	mmd_Loss: 0.011214	l1_Loss: 0.008110
Train source3 iter: 40 [(38%)]	Loss: 0.148692	RUL_Loss: 0.122595	mmd_Loss: 0.015236	l1_Loss: 0.012088


Train source1 iter: 50 [(47%)]	Loss: 0.050021	RUL_Loss: 0.027850	mmd_Loss: 0.014785	l1_Loss: 0.007785
Train source2 iter: 50 [(47%)]	Loss: 0.055838	RUL_Loss: 0.037462	mmd_Loss: 0.010660	l1_Loss: 0.008047
Train source3 iter: 50 [(47%)]	Loss: 0.133590	RUL_Loss: 0.106222	mmd_Loss: 0.015610	l1_Loss: 0.012253


Train source1 iter: 60 [(57%)]	Loss: 0.048924	RUL_Loss: 0.028246	mmd_Loss: 0.013448	l1_Loss: 0.007374
Train source2 iter: 60 [(57%)]	Loss: 0.057164	RUL_Loss: 0.037442	mmd_Loss: 0.011854	l1_Loss: 0.008005
Train source3 iter: 60 [(57%)]	Loss: 0.142218	RUL_Loss: 0.116419	mmd_Loss: 0.014227	l1_Loss: 0.011753


Train source1 iter: 70 [(66%)]	Loss: 0.048229	RUL_Loss: 0.026586	mmd_Loss: 0.014345	l1_Loss: 0.007357
Train source2 iter: 70 [(66%)]	Loss: 0.054215	RUL_Loss: 0.033578	mmd_Loss: 0.012751	l1_Loss: 0.007941
Train source3 iter: 70 [(66%)]	Loss: 0.149950	RUL_Loss: 0.118898	mmd_Loss: 0.018501	l1_Loss: 0.012635


Train source1 iter: 80 [(75%)]	Loss: 0.050403	RUL_Loss: 0.028312	mmd_Loss: 0.014694	l1_Loss: 0.007421
Train source2 iter: 80 [(75%)]	Loss: 0.058633	RUL_Loss: 0.038675	mmd_Loss: 0.012677	l1_Loss: 0.007302
Train source3 iter: 80 [(75%)]	Loss: 0.144102	RUL_Loss: 0.115603	mmd_Loss: 0.016994	l1_Loss: 0.011535


Train source1 iter: 90 [(85%)]	Loss: 0.053046	RUL_Loss: 0.028291	mmd_Loss: 0.016903	l1_Loss: 0.007862
Train source2 iter: 90 [(85%)]	Loss: 0.054464	RUL_Loss: 0.035603	mmd_Loss: 0.011310	l1_Loss: 0.007558
Train source3 iter: 90 [(85%)]	Loss: 0.137876	RUL_Loss: 0.109711	mmd_Loss: 0.016137	l1_Loss: 0.012040


Train source1 iter: 100 [(94%)]	Loss: 0.048424	RUL_Loss: 0.026478	mmd_Loss: 0.014671	l1_Loss: 0.007278
Train source2 iter: 100 [(94%)]	Loss: 0.057182	RUL_Loss: 0.037417	mmd_Loss: 0.011721	l1_Loss: 0.008047
Train source3 iter: 100 [(94%)]	Loss: 0.139297	RUL_Loss: 0.110963	mmd_Loss: 0.015607	l1_Loss: 0.012731


Train epochs:17.000000	
Train source1 iter: 10 [(9%)]	Loss: 0.038933	RUL_Loss: 0.029496	mmd_Loss: 0.013626	l1_Loss: 0.007843
Train source2 iter: 10 [(9%)]	Loss: 0.046282	RUL_Loss: 0.038095	mmd_Loss: 0.011939	l1_Loss: 0.006687
Train source3 iter: 10 [(9%)]	Loss: 0.125783	RUL_Loss: 0.112072	mmd_Loss: 0.018629	l1_Loss: 0.012564


Train source1 iter: 20 [(19%)]	Loss: 0.042378	RUL_Loss: 0.025031	mmd_Loss: 0.016426	l1_Loss: 0.007118
Train source2 iter: 20 [(19%)]	Loss: 0.051529	RUL_Loss: 0.037679	mmd_Loss: 0.011962	l1_Loss: 0.006836
Train source3 iter: 20 [(19%)]	Loss: 0.143447	RUL_Loss: 0.121533	mmd_Loss: 0.017336	l1_Loss: 0.012406


Train source1 iter: 30 [(28%)]	Loss: 0.048913	RUL_Loss: 0.029100	mmd_Loss: 0.014648	l1_Loss: 0.007649
Train source2 iter: 30 [(28%)]	Loss: 0.051188	RUL_Loss: 0.034887	mmd_Loss: 0.011828	l1_Loss: 0.006517
Train source3 iter: 30 [(28%)]	Loss: 0.131393	RUL_Loss: 0.105352	mmd_Loss: 0.017057	l1_Loss: 0.012249


Train source1 iter: 40 [(38%)]	Loss: 0.047667	RUL_Loss: 0.028049	mmd_Loss: 0.012253	l1_Loss: 0.008286
Train source2 iter: 40 [(38%)]	Loss: 0.053808	RUL_Loss: 0.035212	mmd_Loss: 0.012434	l1_Loss: 0.007037
Train source3 iter: 40 [(38%)]	Loss: 0.141431	RUL_Loss: 0.113229	mmd_Loss: 0.017032	l1_Loss: 0.012495


Train source1 iter: 50 [(47%)]	Loss: 0.048555	RUL_Loss: 0.028242	mmd_Loss: 0.012934	l1_Loss: 0.007745
Train source2 iter: 50 [(47%)]	Loss: 0.055413	RUL_Loss: 0.037034	mmd_Loss: 0.011805	l1_Loss: 0.006905
Train source3 iter: 50 [(47%)]	Loss: 0.138796	RUL_Loss: 0.110379	mmd_Loss: 0.017047	l1_Loss: 0.011883


Train source1 iter: 60 [(57%)]	Loss: 0.045687	RUL_Loss: 0.026766	mmd_Loss: 0.011092	l1_Loss: 0.007961
Train source2 iter: 60 [(57%)]	Loss: 0.060116	RUL_Loss: 0.039156	mmd_Loss: 0.013801	l1_Loss: 0.007305
Train source3 iter: 60 [(57%)]	Loss: 0.146240	RUL_Loss: 0.114270	mmd_Loss: 0.019870	l1_Loss: 0.012324


Train source1 iter: 70 [(66%)]	Loss: 0.047545	RUL_Loss: 0.029033	mmd_Loss: 0.010749	l1_Loss: 0.007813
Train source2 iter: 70 [(66%)]	Loss: 0.053167	RUL_Loss: 0.035302	mmd_Loss: 0.011127	l1_Loss: 0.006787
Train source3 iter: 70 [(66%)]	Loss: 0.141299	RUL_Loss: 0.111444	mmd_Loss: 0.017975	l1_Loss: 0.011961


Train source1 iter: 80 [(75%)]	Loss: 0.048195	RUL_Loss: 0.027253	mmd_Loss: 0.013105	l1_Loss: 0.007858
Train source2 iter: 80 [(75%)]	Loss: 0.056135	RUL_Loss: 0.038451	mmd_Loss: 0.010824	l1_Loss: 0.006878
Train source3 iter: 80 [(75%)]	Loss: 0.137674	RUL_Loss: 0.108885	mmd_Loss: 0.016732	l1_Loss: 0.012088


Train source1 iter: 90 [(85%)]	Loss: 0.049609	RUL_Loss: 0.028699	mmd_Loss: 0.013398	l1_Loss: 0.007520
Train source2 iter: 90 [(85%)]	Loss: 0.058197	RUL_Loss: 0.035471	mmd_Loss: 0.015485	l1_Loss: 0.007249
Train source3 iter: 90 [(85%)]	Loss: 0.132898	RUL_Loss: 0.101998	mmd_Loss: 0.018808	l1_Loss: 0.012105


Train source1 iter: 100 [(94%)]	Loss: 0.046619	RUL_Loss: 0.027371	mmd_Loss: 0.011147	l1_Loss: 0.008104
Train source2 iter: 100 [(94%)]	Loss: 0.054211	RUL_Loss: 0.036192	mmd_Loss: 0.010886	l1_Loss: 0.007135
Train source3 iter: 100 [(94%)]	Loss: 0.139346	RUL_Loss: 0.109882	mmd_Loss: 0.017229	l1_Loss: 0.012239


Train epochs:18.000000	
Train source1 iter: 10 [(9%)]	Loss: 0.038805	RUL_Loss: 0.029034	mmd_Loss: 0.014780	l1_Loss: 0.007451
Train source2 iter: 10 [(9%)]	Loss: 0.044647	RUL_Loss: 0.036715	mmd_Loss: 0.010424	l1_Loss: 0.007621
Train source3 iter: 10 [(9%)]	Loss: 0.124437	RUL_Loss: 0.110505	mmd_Loss: 0.018956	l1_Loss: 0.012738


Train source1 iter: 20 [(19%)]	Loss: 0.047506	RUL_Loss: 0.028475	mmd_Loss: 0.018457	l1_Loss: 0.007372
Train source2 iter: 20 [(19%)]	Loss: 0.053621	RUL_Loss: 0.037650	mmd_Loss: 0.014543	l1_Loss: 0.007135
Train source3 iter: 20 [(19%)]	Loss: 0.137168	RUL_Loss: 0.116182	mmd_Loss: 0.016513	l1_Loss: 0.011970


Train source1 iter: 30 [(28%)]	Loss: 0.046530	RUL_Loss: 0.029158	mmd_Loss: 0.011723	l1_Loss: 0.007827
Train source2 iter: 30 [(28%)]	Loss: 0.049963	RUL_Loss: 0.032825	mmd_Loss: 0.011865	l1_Loss: 0.007422
Train source3 iter: 30 [(28%)]	Loss: 0.128423	RUL_Loss: 0.102808	mmd_Loss: 0.016465	l1_Loss: 0.012362


Train source1 iter: 40 [(38%)]	Loss: 0.046340	RUL_Loss: 0.028537	mmd_Loss: 0.011449	l1_Loss: 0.007192
Train source2 iter: 40 [(38%)]	Loss: 0.050246	RUL_Loss: 0.032758	mmd_Loss: 0.010740	l1_Loss: 0.007570
Train source3 iter: 40 [(38%)]	Loss: 0.134030	RUL_Loss: 0.103448	mmd_Loss: 0.019163	l1_Loss: 0.012857


Train source1 iter: 50 [(47%)]	Loss: 0.046968	RUL_Loss: 0.025663	mmd_Loss: 0.014680	l1_Loss: 0.007010
Train source2 iter: 50 [(47%)]	Loss: 0.052391	RUL_Loss: 0.036371	mmd_Loss: 0.008722	l1_Loss: 0.007587
Train source3 iter: 50 [(47%)]	Loss: 0.133000	RUL_Loss: 0.105992	mmd_Loss: 0.015139	l1_Loss: 0.012357


Train source1 iter: 60 [(57%)]	Loss: 0.045064	RUL_Loss: 0.024095	mmd_Loss: 0.013143	l1_Loss: 0.007974
Train source2 iter: 60 [(57%)]	Loss: 0.052402	RUL_Loss: 0.034127	mmd_Loss: 0.010949	l1_Loss: 0.007453
Train source3 iter: 60 [(57%)]	Loss: 0.134922	RUL_Loss: 0.106310	mmd_Loss: 0.016368	l1_Loss: 0.012444


Train source1 iter: 70 [(66%)]	Loss: 0.044159	RUL_Loss: 0.025467	mmd_Loss: 0.011278	l1_Loss: 0.007465
Train source2 iter: 70 [(66%)]	Loss: 0.050869	RUL_Loss: 0.033851	mmd_Loss: 0.010060	l1_Loss: 0.007004
Train source3 iter: 70 [(66%)]	Loss: 0.126070	RUL_Loss: 0.098678	mmd_Loss: 0.015667	l1_Loss: 0.011800


Train source1 iter: 80 [(75%)]	Loss: 0.047654	RUL_Loss: 0.027558	mmd_Loss: 0.012908	l1_Loss: 0.007209
Train source2 iter: 80 [(75%)]	Loss: 0.050662	RUL_Loss: 0.031056	mmd_Loss: 0.012098	l1_Loss: 0.007529
Train source3 iter: 80 [(75%)]	Loss: 0.143116	RUL_Loss: 0.112992	mmd_Loss: 0.017466	l1_Loss: 0.012690


Train source1 iter: 90 [(85%)]	Loss: 0.050304	RUL_Loss: 0.027641	mmd_Loss: 0.014848	l1_Loss: 0.007824
Train source2 iter: 90 [(85%)]	Loss: 0.050738	RUL_Loss: 0.031364	mmd_Loss: 0.011734	l1_Loss: 0.007648
Train source3 iter: 90 [(85%)]	Loss: 0.136386	RUL_Loss: 0.108660	mmd_Loss: 0.015704	l1_Loss: 0.012033


Train source1 iter: 100 [(94%)]	Loss: 0.051265	RUL_Loss: 0.030299	mmd_Loss: 0.013468	l1_Loss: 0.007502
Train source2 iter: 100 [(94%)]	Loss: 0.053191	RUL_Loss: 0.035174	mmd_Loss: 0.010761	l1_Loss: 0.007259
Train source3 iter: 100 [(94%)]	Loss: 0.132404	RUL_Loss: 0.105926	mmd_Loss: 0.014060	l1_Loss: 0.012423


Train epochs:19.000000	
Train source1 iter: 10 [(9%)]	Loss: 0.038187	RUL_Loss: 0.029281	mmd_Loss: 0.012265	l1_Loss: 0.007995
Train source2 iter: 10 [(9%)]	Loss: 0.041405	RUL_Loss: 0.032224	mmd_Loss: 0.013764	l1_Loss: 0.007122
Train source3 iter: 10 [(9%)]	Loss: 0.119988	RUL_Loss: 0.106002	mmd_Loss: 0.019770	l1_Loss: 0.012048


Train source1 iter: 20 [(19%)]	Loss: 0.041042	RUL_Loss: 0.024917	mmd_Loss: 0.014727	l1_Loss: 0.007158
Train source2 iter: 20 [(19%)]	Loss: 0.046872	RUL_Loss: 0.033517	mmd_Loss: 0.011317	l1_Loss: 0.006810
Train source3 iter: 20 [(19%)]	Loss: 0.135498	RUL_Loss: 0.115174	mmd_Loss: 0.016384	l1_Loss: 0.011201


Train source1 iter: 30 [(28%)]	Loss: 0.043379	RUL_Loss: 0.025368	mmd_Loss: 0.012639	l1_Loss: 0.007630
Train source2 iter: 30 [(28%)]	Loss: 0.050904	RUL_Loss: 0.034312	mmd_Loss: 0.011287	l1_Loss: 0.007385
Train source3 iter: 30 [(28%)]	Loss: 0.134090	RUL_Loss: 0.109569	mmd_Loss: 0.015912	l1_Loss: 0.011685


Train source1 iter: 40 [(38%)]	Loss: 0.045995	RUL_Loss: 0.027730	mmd_Loss: 0.011144	l1_Loss: 0.007981
Train source2 iter: 40 [(38%)]	Loss: 0.049420	RUL_Loss: 0.031862	mmd_Loss: 0.011677	l1_Loss: 0.006705
Train source3 iter: 40 [(38%)]	Loss: 0.138394	RUL_Loss: 0.112919	mmd_Loss: 0.014941	l1_Loss: 0.011732


Train source1 iter: 50 [(47%)]	Loss: 0.043148	RUL_Loss: 0.026371	mmd_Loss: 0.009972	l1_Loss: 0.007109
Train source2 iter: 50 [(47%)]	Loss: 0.049961	RUL_Loss: 0.031125	mmd_Loss: 0.012020	l1_Loss: 0.007156
Train source3 iter: 50 [(47%)]	Loss: 0.135352	RUL_Loss: 0.108159	mmd_Loss: 0.016386	l1_Loss: 0.011297


Train source1 iter: 60 [(57%)]	Loss: 0.046928	RUL_Loss: 0.029725	mmd_Loss: 0.009942	l1_Loss: 0.007382
Train source2 iter: 60 [(57%)]	Loss: 0.054539	RUL_Loss: 0.035720	mmd_Loss: 0.011953	l1_Loss: 0.006998
Train source3 iter: 60 [(57%)]	Loss: 0.139766	RUL_Loss: 0.107112	mmd_Loss: 0.021131	l1_Loss: 0.011751


Train source1 iter: 70 [(66%)]	Loss: 0.047147	RUL_Loss: 0.027774	mmd_Loss: 0.011836	l1_Loss: 0.007589
Train source2 iter: 70 [(66%)]	Loss: 0.047379	RUL_Loss: 0.031602	mmd_Loss: 0.008945	l1_Loss: 0.006875
Train source3 iter: 70 [(66%)]	Loss: 0.120849	RUL_Loss: 0.093474	mmd_Loss: 0.015851	l1_Loss: 0.011598


Train source1 iter: 80 [(75%)]	Loss: 0.045744	RUL_Loss: 0.027967	mmd_Loss: 0.010706	l1_Loss: 0.007090
Train source2 iter: 80 [(75%)]	Loss: 0.054946	RUL_Loss: 0.036465	mmd_Loss: 0.011689	l1_Loss: 0.006812
Train source3 iter: 80 [(75%)]	Loss: 0.131559	RUL_Loss: 0.100354	mmd_Loss: 0.019739	l1_Loss: 0.011499


Train source1 iter: 90 [(85%)]	Loss: 0.044153	RUL_Loss: 0.024696	mmd_Loss: 0.011865	l1_Loss: 0.007600
Train source2 iter: 90 [(85%)]	Loss: 0.051959	RUL_Loss: 0.033877	mmd_Loss: 0.010812	l1_Loss: 0.007277
Train source3 iter: 90 [(85%)]	Loss: 0.133917	RUL_Loss: 0.106910	mmd_Loss: 0.016033	l1_Loss: 0.010985


Train source1 iter: 100 [(94%)]	Loss: 0.046801	RUL_Loss: 0.026620	mmd_Loss: 0.012842	l1_Loss: 0.007343
Train source2 iter: 100 [(94%)]	Loss: 0.050255	RUL_Loss: 0.032571	mmd_Loss: 0.010922	l1_Loss: 0.006765
Train source3 iter: 100 [(94%)]	Loss: 0.131342	RUL_Loss: 0.103917	mmd_Loss: 0.015834	l1_Loss: 0.011595


Train epochs:20.000000	
Train source1 iter: 10 [(9%)]	Loss: 0.035369	RUL_Loss: 0.027225	mmd_Loss: 0.010280	l1_Loss: 0.008248
Train source2 iter: 10 [(9%)]	Loss: 0.043734	RUL_Loss: 0.035919	mmd_Loss: 0.010770	l1_Loss: 0.007010
Train source3 iter: 10 [(9%)]	Loss: 0.113894	RUL_Loss: 0.101130	mmd_Loss: 0.017422	l1_Loss: 0.011614


Train source1 iter: 20 [(19%)]	Loss: 0.040068	RUL_Loss: 0.025607	mmd_Loss: 0.011852	l1_Loss: 0.007775
Train source2 iter: 20 [(19%)]	Loss: 0.051172	RUL_Loss: 0.036386	mmd_Loss: 0.012764	l1_Loss: 0.007305
Train source3 iter: 20 [(19%)]	Loss: 0.126544	RUL_Loss: 0.104715	mmd_Loss: 0.017943	l1_Loss: 0.011684


Train source1 iter: 30 [(28%)]	Loss: 0.042047	RUL_Loss: 0.024565	mmd_Loss: 0.011975	l1_Loss: 0.007699
Train source2 iter: 30 [(28%)]	Loss: 0.050741	RUL_Loss: 0.034228	mmd_Loss: 0.011336	l1_Loss: 0.007248
Train source3 iter: 30 [(28%)]	Loss: 0.141096	RUL_Loss: 0.114800	mmd_Loss: 0.017215	l1_Loss: 0.012379


Train source1 iter: 40 [(38%)]	Loss: 0.045008	RUL_Loss: 0.026382	mmd_Loss: 0.011967	l1_Loss: 0.007534
Train source2 iter: 40 [(38%)]	Loss: 0.050794	RUL_Loss: 0.032215	mmd_Loss: 0.012541	l1_Loss: 0.006911
Train source3 iter: 40 [(38%)]	Loss: 0.135120	RUL_Loss: 0.106209	mmd_Loss: 0.018197	l1_Loss: 0.012074


Train source1 iter: 50 [(47%)]	Loss: 0.044757	RUL_Loss: 0.024946	mmd_Loss: 0.013045	l1_Loss: 0.007124
Train source2 iter: 50 [(47%)]	Loss: 0.052005	RUL_Loss: 0.034293	mmd_Loss: 0.011094	l1_Loss: 0.006938
Train source3 iter: 50 [(47%)]	Loss: 0.139114	RUL_Loss: 0.110416	mmd_Loss: 0.017790	l1_Loss: 0.011425


Train source1 iter: 60 [(57%)]	Loss: 0.046575	RUL_Loss: 0.028543	mmd_Loss: 0.010830	l1_Loss: 0.007328
Train source2 iter: 60 [(57%)]	Loss: 0.050285	RUL_Loss: 0.031197	mmd_Loss: 0.012161	l1_Loss: 0.007060
Train source3 iter: 60 [(57%)]	Loss: 0.130079	RUL_Loss: 0.101972	mmd_Loss: 0.016024	l1_Loss: 0.012280


Train source1 iter: 70 [(66%)]	Loss: 0.049373	RUL_Loss: 0.028956	mmd_Loss: 0.012577	l1_Loss: 0.007896
Train source2 iter: 70 [(66%)]	Loss: 0.051284	RUL_Loss: 0.033280	mmd_Loss: 0.010666	l1_Loss: 0.007387
Train source3 iter: 70 [(66%)]	Loss: 0.137329	RUL_Loss: 0.107986	mmd_Loss: 0.017538	l1_Loss: 0.011884


Train source1 iter: 80 [(75%)]	Loss: 0.045638	RUL_Loss: 0.025839	mmd_Loss: 0.012534	l1_Loss: 0.007286
Train source2 iter: 80 [(75%)]	Loss: 0.051242	RUL_Loss: 0.029024	mmd_Loss: 0.014951	l1_Loss: 0.007290
Train source3 iter: 80 [(75%)]	Loss: 0.130304	RUL_Loss: 0.101325	mmd_Loss: 0.016828	l1_Loss: 0.012182


Train source1 iter: 90 [(85%)]	Loss: 0.042331	RUL_Loss: 0.024523	mmd_Loss: 0.010429	l1_Loss: 0.007386
Train source2 iter: 90 [(85%)]	Loss: 0.056044	RUL_Loss: 0.034728	mmd_Loss: 0.014118	l1_Loss: 0.007207
Train source3 iter: 90 [(85%)]	Loss: 0.126426	RUL_Loss: 0.099061	mmd_Loss: 0.015902	l1_Loss: 0.011474


Train source1 iter: 100 [(94%)]	Loss: 0.049298	RUL_Loss: 0.027166	mmd_Loss: 0.014133	l1_Loss: 0.008003
Train source2 iter: 100 [(94%)]	Loss: 0.047645	RUL_Loss: 0.029987	mmd_Loss: 0.010749	l1_Loss: 0.006911
Train source3 iter: 100 [(94%)]	Loss: 0.137653	RUL_Loss: 0.106961	mmd_Loss: 0.018421	l1_Loss: 0.012276


Train epochs:21.000000	
Train source1 iter: 10 [(9%)]	Loss: 0.033766	RUL_Loss: 0.024542	mmd_Loss: 0.013809	l1_Loss: 0.007173
Train source2 iter: 10 [(9%)]	Loss: 0.047696	RUL_Loss: 0.037944	mmd_Loss: 0.013814	l1_Loss: 0.008371
Train source3 iter: 10 [(9%)]	Loss: 0.119142	RUL_Loss: 0.106200	mmd_Loss: 0.016750	l1_Loss: 0.012692


Train source1 iter: 20 [(19%)]	Loss: 0.039676	RUL_Loss: 0.025726	mmd_Loss: 0.012204	l1_Loss: 0.006729
Train source2 iter: 20 [(19%)]	Loss: 0.043520	RUL_Loss: 0.029439	mmd_Loss: 0.011944	l1_Loss: 0.007167
Train source3 iter: 20 [(19%)]	Loss: 0.121375	RUL_Loss: 0.102044	mmd_Loss: 0.015245	l1_Loss: 0.010993


Train source1 iter: 30 [(28%)]	Loss: 0.041807	RUL_Loss: 0.025180	mmd_Loss: 0.011112	l1_Loss: 0.007600
Train source2 iter: 30 [(28%)]	Loss: 0.053399	RUL_Loss: 0.035938	mmd_Loss: 0.012430	l1_Loss: 0.007222
Train source3 iter: 30 [(28%)]	Loss: 0.134558	RUL_Loss: 0.107512	mmd_Loss: 0.018033	l1_Loss: 0.012405


Train source1 iter: 40 [(38%)]	Loss: 0.046871	RUL_Loss: 0.027761	mmd_Loss: 0.012271	l1_Loss: 0.007737
Train source2 iter: 40 [(38%)]	Loss: 0.049542	RUL_Loss: 0.031796	mmd_Loss: 0.011692	l1_Loss: 0.006888
Train source3 iter: 40 [(38%)]	Loss: 0.131364	RUL_Loss: 0.105224	mmd_Loss: 0.015635	l1_Loss: 0.011734


Train source1 iter: 50 [(47%)]	Loss: 0.042349	RUL_Loss: 0.025605	mmd_Loss: 0.009443	l1_Loss: 0.007604
Train source2 iter: 50 [(47%)]	Loss: 0.050149	RUL_Loss: 0.032010	mmd_Loss: 0.010902	l1_Loss: 0.007563
Train source3 iter: 50 [(47%)]	Loss: 0.133636	RUL_Loss: 0.104023	mmd_Loss: 0.017816	l1_Loss: 0.012332


Train source1 iter: 60 [(57%)]	Loss: 0.043255	RUL_Loss: 0.027406	mmd_Loss: 0.008540	l1_Loss: 0.007419
Train source2 iter: 60 [(57%)]	Loss: 0.049790	RUL_Loss: 0.032274	mmd_Loss: 0.010292	l1_Loss: 0.007346
Train source3 iter: 60 [(57%)]	Loss: 0.129936	RUL_Loss: 0.101837	mmd_Loss: 0.016624	l1_Loss: 0.011671


Train source1 iter: 70 [(66%)]	Loss: 0.044639	RUL_Loss: 0.026946	mmd_Loss: 0.010362	l1_Loss: 0.007379
Train source2 iter: 70 [(66%)]	Loss: 0.049546	RUL_Loss: 0.031649	mmd_Loss: 0.010840	l1_Loss: 0.007106
Train source3 iter: 70 [(66%)]	Loss: 0.131988	RUL_Loss: 0.102501	mmd_Loss: 0.017581	l1_Loss: 0.011986


Train source1 iter: 80 [(75%)]	Loss: 0.047003	RUL_Loss: 0.028463	mmd_Loss: 0.010557	l1_Loss: 0.008003
Train source2 iter: 80 [(75%)]	Loss: 0.049599	RUL_Loss: 0.031981	mmd_Loss: 0.010189	l1_Loss: 0.007447
Train source3 iter: 80 [(75%)]	Loss: 0.128095	RUL_Loss: 0.101540	mmd_Loss: 0.014835	l1_Loss: 0.011748


Train source1 iter: 90 [(85%)]	Loss: 0.046395	RUL_Loss: 0.025692	mmd_Loss: 0.013687	l1_Loss: 0.007025
Train source2 iter: 90 [(85%)]	Loss: 0.047290	RUL_Loss: 0.029547	mmd_Loss: 0.010742	l1_Loss: 0.007009
Train source3 iter: 90 [(85%)]	Loss: 0.138759	RUL_Loss: 0.109544	mmd_Loss: 0.017180	l1_Loss: 0.012047


Train source1 iter: 100 [(94%)]	Loss: 0.046525	RUL_Loss: 0.026289	mmd_Loss: 0.013097	l1_Loss: 0.007143
Train source2 iter: 100 [(94%)]	Loss: 0.049658	RUL_Loss: 0.030209	mmd_Loss: 0.012296	l1_Loss: 0.007155
Train source3 iter: 100 [(94%)]	Loss: 0.141556	RUL_Loss: 0.111084	mmd_Loss: 0.019034	l1_Loss: 0.011442


Train epochs:22.000000	
Train source1 iter: 10 [(9%)]	Loss: 0.036404	RUL_Loss: 0.026870	mmd_Loss: 0.014112	l1_Loss: 0.007576
Train source2 iter: 10 [(9%)]	Loss: 0.044905	RUL_Loss: 0.037634	mmd_Loss: 0.009572	l1_Loss: 0.006968
Train source3 iter: 10 [(9%)]	Loss: 0.113267	RUL_Loss: 0.101237	mmd_Loss: 0.015041	l1_Loss: 0.012327


Train source1 iter: 20 [(19%)]	Loss: 0.038020	RUL_Loss: 0.025156	mmd_Loss: 0.010643	l1_Loss: 0.006818
Train source2 iter: 20 [(19%)]	Loss: 0.046349	RUL_Loss: 0.031821	mmd_Loss: 0.012278	l1_Loss: 0.007441
Train source3 iter: 20 [(19%)]	Loss: 0.125614	RUL_Loss: 0.103771	mmd_Loss: 0.017700	l1_Loss: 0.011947


Train source1 iter: 30 [(28%)]	Loss: 0.042565	RUL_Loss: 0.026824	mmd_Loss: 0.010854	l1_Loss: 0.006861
Train source2 iter: 30 [(28%)]	Loss: 0.046747	RUL_Loss: 0.031634	mmd_Loss: 0.009813	l1_Loss: 0.007196
Train source3 iter: 30 [(28%)]	Loss: 0.130590	RUL_Loss: 0.104646	mmd_Loss: 0.018097	l1_Loss: 0.011101


Train source1 iter: 40 [(38%)]	Loss: 0.044067	RUL_Loss: 0.027446	mmd_Loss: 0.010565	l1_Loss: 0.006837
Train source2 iter: 40 [(38%)]	Loss: 0.049950	RUL_Loss: 0.032570	mmd_Loss: 0.010797	l1_Loss: 0.007401
Train source3 iter: 40 [(38%)]	Loss: 0.125221	RUL_Loss: 0.099108	mmd_Loss: 0.015643	l1_Loss: 0.011698


Train source1 iter: 50 [(47%)]	Loss: 0.046284	RUL_Loss: 0.027355	mmd_Loss: 0.012416	l1_Loss: 0.006855
Train source2 iter: 50 [(47%)]	Loss: 0.049981	RUL_Loss: 0.033125	mmd_Loss: 0.009579	l1_Loss: 0.007581
Train source3 iter: 50 [(47%)]	Loss: 0.129413	RUL_Loss: 0.104311	mmd_Loss: 0.014162	l1_Loss: 0.011393


Train source1 iter: 60 [(57%)]	Loss: 0.044469	RUL_Loss: 0.027148	mmd_Loss: 0.010623	l1_Loss: 0.006819
Train source2 iter: 60 [(57%)]	Loss: 0.049621	RUL_Loss: 0.030595	mmd_Loss: 0.011871	l1_Loss: 0.007287
Train source3 iter: 60 [(57%)]	Loss: 0.137433	RUL_Loss: 0.108399	mmd_Loss: 0.017896	l1_Loss: 0.011341


Train source1 iter: 70 [(66%)]	Loss: 0.046063	RUL_Loss: 0.027013	mmd_Loss: 0.012279	l1_Loss: 0.006823
Train source2 iter: 70 [(66%)]	Loss: 0.051789	RUL_Loss: 0.033726	mmd_Loss: 0.011141	l1_Loss: 0.006972
Train source3 iter: 70 [(66%)]	Loss: 0.126076	RUL_Loss: 0.100838	mmd_Loss: 0.014416	l1_Loss: 0.010889


Train source1 iter: 80 [(75%)]	Loss: 0.041772	RUL_Loss: 0.024218	mmd_Loss: 0.010741	l1_Loss: 0.006831
Train source2 iter: 80 [(75%)]	Loss: 0.052416	RUL_Loss: 0.033665	mmd_Loss: 0.011385	l1_Loss: 0.007386
Train source3 iter: 80 [(75%)]	Loss: 0.135440	RUL_Loss: 0.107887	mmd_Loss: 0.016474	l1_Loss: 0.011107


Train source1 iter: 90 [(85%)]	Loss: 0.045195	RUL_Loss: 0.025694	mmd_Loss: 0.012700	l1_Loss: 0.006809
Train source2 iter: 90 [(85%)]	Loss: 0.049376	RUL_Loss: 0.032995	mmd_Loss: 0.009099	l1_Loss: 0.007290
Train source3 iter: 90 [(85%)]	Loss: 0.127054	RUL_Loss: 0.099771	mmd_Loss: 0.016041	l1_Loss: 0.011253


Train source1 iter: 100 [(94%)]	Loss: 0.045604	RUL_Loss: 0.025891	mmd_Loss: 0.013320	l1_Loss: 0.006395
Train source2 iter: 100 [(94%)]	Loss: 0.054228	RUL_Loss: 0.035038	mmd_Loss: 0.012080	l1_Loss: 0.007113
Train source3 iter: 100 [(94%)]	Loss: 0.137303	RUL_Loss: 0.110626	mmd_Loss: 0.015228	l1_Loss: 0.011452


Train epochs:23.000000	
Train source1 iter: 10 [(9%)]	Loss: 0.036751	RUL_Loss: 0.026335	mmd_Loss: 0.015960	l1_Loss: 0.007737
Train source2 iter: 10 [(9%)]	Loss: 0.043591	RUL_Loss: 0.035391	mmd_Loss: 0.010870	l1_Loss: 0.007786
Train source3 iter: 10 [(9%)]	Loss: 0.107922	RUL_Loss: 0.094891	mmd_Loss: 0.017467	l1_Loss: 0.012179


Train source1 iter: 20 [(19%)]	Loss: 0.038808	RUL_Loss: 0.025207	mmd_Loss: 0.011375	l1_Loss: 0.007085
Train source2 iter: 20 [(19%)]	Loss: 0.048113	RUL_Loss: 0.033624	mmd_Loss: 0.012305	l1_Loss: 0.007360
Train source3 iter: 20 [(19%)]	Loss: 0.122497	RUL_Loss: 0.102755	mmd_Loss: 0.015430	l1_Loss: 0.011365


Train source1 iter: 30 [(28%)]	Loss: 0.041276	RUL_Loss: 0.025597	mmd_Loss: 0.010357	l1_Loss: 0.007287
Train source2 iter: 30 [(28%)]	Loss: 0.050254	RUL_Loss: 0.033441	mmd_Loss: 0.011674	l1_Loss: 0.007247
Train source3 iter: 30 [(28%)]	Loss: 0.120951	RUL_Loss: 0.097982	mmd_Loss: 0.014995	l1_Loss: 0.010854


Train source1 iter: 40 [(38%)]	Loss: 0.044807	RUL_Loss: 0.025598	mmd_Loss: 0.013066	l1_Loss: 0.007047
Train source2 iter: 40 [(38%)]	Loss: 0.051398	RUL_Loss: 0.035080	mmd_Loss: 0.010175	l1_Loss: 0.006910
Train source3 iter: 40 [(38%)]	Loss: 0.136398	RUL_Loss: 0.109254	mmd_Loss: 0.016985	l1_Loss: 0.011435


Train source1 iter: 50 [(47%)]	Loss: 0.045074	RUL_Loss: 0.025430	mmd_Loss: 0.013186	l1_Loss: 0.006812
Train source2 iter: 50 [(47%)]	Loss: 0.051554	RUL_Loss: 0.033505	mmd_Loss: 0.011008	l1_Loss: 0.007367
Train source3 iter: 50 [(47%)]	Loss: 0.125325	RUL_Loss: 0.100401	mmd_Loss: 0.014595	l1_Loss: 0.010778


Train source1 iter: 60 [(57%)]	Loss: 0.045252	RUL_Loss: 0.026203	mmd_Loss: 0.012525	l1_Loss: 0.006657
Train source2 iter: 60 [(57%)]	Loss: 0.054650	RUL_Loss: 0.036523	mmd_Loss: 0.010590	l1_Loss: 0.007665
Train source3 iter: 60 [(57%)]	Loss: 0.133566	RUL_Loss: 0.105109	mmd_Loss: 0.017281	l1_Loss: 0.011375


Train source1 iter: 70 [(66%)]	Loss: 0.044390	RUL_Loss: 0.025838	mmd_Loss: 0.011633	l1_Loss: 0.006969
Train source2 iter: 70 [(66%)]	Loss: 0.051373	RUL_Loss: 0.032094	mmd_Loss: 0.012335	l1_Loss: 0.006996
Train source3 iter: 70 [(66%)]	Loss: 0.130709	RUL_Loss: 0.105769	mmd_Loss: 0.014307	l1_Loss: 0.010701


Train source1 iter: 80 [(75%)]	Loss: 0.045886	RUL_Loss: 0.022990	mmd_Loss: 0.015504	l1_Loss: 0.007417
Train source2 iter: 80 [(75%)]	Loss: 0.053676	RUL_Loss: 0.036439	mmd_Loss: 0.010349	l1_Loss: 0.006906
Train source3 iter: 80 [(75%)]	Loss: 0.131367	RUL_Loss: 0.105552	mmd_Loss: 0.014490	l1_Loss: 0.011353


Train source1 iter: 90 [(85%)]	Loss: 0.040483	RUL_Loss: 0.024404	mmd_Loss: 0.009130	l1_Loss: 0.006956
Train source2 iter: 90 [(85%)]	Loss: 0.048374	RUL_Loss: 0.031999	mmd_Loss: 0.009342	l1_Loss: 0.007039
Train source3 iter: 90 [(85%)]	Loss: 0.122770	RUL_Loss: 0.096696	mmd_Loss: 0.015259	l1_Loss: 0.010826


Train source1 iter: 100 [(94%)]	Loss: 0.045718	RUL_Loss: 0.025547	mmd_Loss: 0.013153	l1_Loss: 0.007021
Train source2 iter: 100 [(94%)]	Loss: 0.057222	RUL_Loss: 0.038478	mmd_Loss: 0.011425	l1_Loss: 0.007321
Train source3 iter: 100 [(94%)]	Loss: 0.137032	RUL_Loss: 0.110998	mmd_Loss: 0.014954	l1_Loss: 0.011084


Train epochs:24.000000	
