当前日期和时间： 2023-03-05_11_17_22
training settings:	 lr: 0.001 momentum: 0.9 l2_decay: 0.01 optimizer: Adam seed: 7
model architecture:
 MFSAN(
  (sharedNet): CFE(
    (conv1): Conv1d(14, 32, kernel_size=(3,), stride=(1,), padding=(1,), bias=False)
    (bn1): BatchNorm1d(32, eps=1e-05, momentum=0.1, affine=True, track_running_stats=True)
    (conv2): Conv1d(32, 64, kernel_size=(2,), stride=(1,), padding=(1,), bias=False)
    (bn2): BatchNorm1d(64, eps=1e-05, momentum=0.1, affine=True, track_running_stats=True)
    (conv3): Conv1d(64, 128, kernel_size=(2,), stride=(1,), bias=False)
    (bn3): BatchNorm1d(128, eps=1e-05, momentum=0.1, affine=True, track_running_stats=True)
    (relu): ReLU(inplace=True)
    (flatten): Flatten(start_dim=1, end_dim=-1)
  )
  (sonnet1): DFE(
    (rnn): LSTM(128, 100, num_layers=2, batch_first=True, dropout=0.2, bidirectional=True)
  )
  (sonnet2): DFE(
    (rnn): LSTM(128, 100, num_layers=2, batch_first=True, dropout=0.2, bidirectional=True)
  )
  (sonnet3): DFE(
    (rnn): LSTM(128, 100, num_layers=2, batch_first=True, dropout=0.2, bidirectional=True)
  )
  (rul_fc_son1): Linear(in_features=199, out_features=1, bias=True)
  (rul_fc_son2): Linear(in_features=199, out_features=1, bias=True)
  (rul_fc_son3): Linear(in_features=199, out_features=1, bias=True)
  (avgpool): AvgPool1d(kernel_size=(2,), stride=(1,), padding=(0,))
)
FD001 FD002 FD004 to FD003
Train source1 iter: 10 [(9%)]	Loss: 0.060885	RUL_Loss: 0.027247	mmd_Loss: 0.029127	l1_Loss: 0.047395
Train source2 iter: 10 [(9%)]	Loss: 0.092948	RUL_Loss: 0.062241	mmd_Loss: 0.031384	l1_Loss: 0.038472
Train source3 iter: 10 [(9%)]	Loss: 0.216444	RUL_Loss: 0.158364	mmd_Loss: 0.056853	l1_Loss: 0.075276


Train source1 iter: 20 [(19%)]	Loss: 0.084296	RUL_Loss: 0.032235	mmd_Loss: 0.028414	l1_Loss: 0.042246
Train source2 iter: 20 [(19%)]	Loss: 0.109713	RUL_Loss: 0.064620	mmd_Loss: 0.026109	l1_Loss: 0.035095
Train source3 iter: 20 [(19%)]	Loss: 0.232481	RUL_Loss: 0.144509	mmd_Loss: 0.050270	l1_Loss: 0.069131


Train source1 iter: 30 [(28%)]	Loss: 0.091071	RUL_Loss: 0.028759	mmd_Loss: 0.027682	l1_Loss: 0.042445
Train source2 iter: 30 [(28%)]	Loss: 0.120112	RUL_Loss: 0.060394	mmd_Loss: 0.031076	l1_Loss: 0.036131
Train source3 iter: 30 [(28%)]	Loss: 0.258455	RUL_Loss: 0.149636	mmd_Loss: 0.056528	l1_Loss: 0.065938


Train source1 iter: 40 [(38%)]	Loss: 0.096502	RUL_Loss: 0.031186	mmd_Loss: 0.028184	l1_Loss: 0.040203
Train source2 iter: 40 [(38%)]	Loss: 0.124266	RUL_Loss: 0.064239	mmd_Loss: 0.027777	l1_Loss: 0.035073
Train source3 iter: 40 [(38%)]	Loss: 0.268880	RUL_Loss: 0.157362	mmd_Loss: 0.050131	l1_Loss: 0.066630


Train source1 iter: 50 [(47%)]	Loss: 0.098400	RUL_Loss: 0.028383	mmd_Loss: 0.029198	l1_Loss: 0.042082
Train source2 iter: 50 [(47%)]	Loss: 0.124411	RUL_Loss: 0.058912	mmd_Loss: 0.030861	l1_Loss: 0.035821
Train source3 iter: 50 [(47%)]	Loss: 0.282533	RUL_Loss: 0.160033	mmd_Loss: 0.053726	l1_Loss: 0.070985


Train source1 iter: 60 [(57%)]	Loss: 0.097170	RUL_Loss: 0.031482	mmd_Loss: 0.026417	l1_Loss: 0.039730
Train source2 iter: 60 [(57%)]	Loss: 0.125929	RUL_Loss: 0.064520	mmd_Loss: 0.027405	l1_Loss: 0.034433
Train source3 iter: 60 [(57%)]	Loss: 0.274588	RUL_Loss: 0.153919	mmd_Loss: 0.056983	l1_Loss: 0.064528


Train source1 iter: 70 [(66%)]	Loss: 0.099460	RUL_Loss: 0.030885	mmd_Loss: 0.028791	l1_Loss: 0.039970
Train source2 iter: 70 [(66%)]	Loss: 0.130174	RUL_Loss: 0.064917	mmd_Loss: 0.029981	l1_Loss: 0.035454
Train source3 iter: 70 [(66%)]	Loss: 0.271637	RUL_Loss: 0.153920	mmd_Loss: 0.051279	l1_Loss: 0.066758


Train source1 iter: 80 [(75%)]	Loss: 0.095341	RUL_Loss: 0.027904	mmd_Loss: 0.027868	l1_Loss: 0.039641
Train source2 iter: 80 [(75%)]	Loss: 0.122253	RUL_Loss: 0.060803	mmd_Loss: 0.027201	l1_Loss: 0.034314
Train source3 iter: 80 [(75%)]	Loss: 0.267541	RUL_Loss: 0.148160	mmd_Loss: 0.051136	l1_Loss: 0.068371


Train source1 iter: 90 [(85%)]	Loss: 0.099800	RUL_Loss: 0.029479	mmd_Loss: 0.028812	l1_Loss: 0.041539
Train source2 iter: 90 [(85%)]	Loss: 0.129247	RUL_Loss: 0.064810	mmd_Loss: 0.028335	l1_Loss: 0.036129
Train source3 iter: 90 [(85%)]	Loss: 0.257756	RUL_Loss: 0.140638	mmd_Loss: 0.049792	l1_Loss: 0.067375


Train source1 iter: 100 [(94%)]	Loss: 0.098596	RUL_Loss: 0.029019	mmd_Loss: 0.028732	l1_Loss: 0.040856
Train source2 iter: 100 [(94%)]	Loss: 0.132287	RUL_Loss: 0.065269	mmd_Loss: 0.031794	l1_Loss: 0.035235
Train source3 iter: 100 [(94%)]	Loss: 0.278745	RUL_Loss: 0.164048	mmd_Loss: 0.048281	l1_Loss: 0.066433


Train epochs:1.000000	
Train source1 iter: 10 [(9%)]	Loss: 0.036931	RUL_Loss: 0.023424	mmd_Loss: 0.019552	l1_Loss: 0.011174
Train source2 iter: 10 [(9%)]	Loss: 0.070516	RUL_Loss: 0.059772	mmd_Loss: 0.015593	l1_Loss: 0.008849
Train source3 iter: 10 [(9%)]	Loss: 0.098762	RUL_Loss: 0.082158	mmd_Loss: 0.024275	l1_Loss: 0.013498


Train source1 iter: 20 [(19%)]	Loss: 0.048875	RUL_Loss: 0.029344	mmd_Loss: 0.016156	l1_Loss: 0.010352
Train source2 iter: 20 [(19%)]	Loss: 0.080033	RUL_Loss: 0.061463	mmd_Loss: 0.017524	l1_Loss: 0.007681
Train source3 iter: 20 [(19%)]	Loss: 0.109810	RUL_Loss: 0.082242	mmd_Loss: 0.024412	l1_Loss: 0.013004


Train source1 iter: 30 [(28%)]	Loss: 0.049155	RUL_Loss: 0.025504	mmd_Loss: 0.016493	l1_Loss: 0.010123
Train source2 iter: 30 [(28%)]	Loss: 0.083278	RUL_Loss: 0.062205	mmd_Loss: 0.016578	l1_Loss: 0.007138
Train source3 iter: 30 [(28%)]	Loss: 0.115855	RUL_Loss: 0.081678	mmd_Loss: 0.025778	l1_Loss: 0.012685


Train source1 iter: 40 [(38%)]	Loss: 0.055684	RUL_Loss: 0.026431	mmd_Loss: 0.019913	l1_Loss: 0.010715
Train source2 iter: 40 [(38%)]	Loss: 0.089713	RUL_Loss: 0.066592	mmd_Loss: 0.016154	l1_Loss: 0.008055
Train source3 iter: 40 [(38%)]	Loss: 0.115003	RUL_Loss: 0.077125	mmd_Loss: 0.027273	l1_Loss: 0.012386


Train source1 iter: 50 [(47%)]	Loss: 0.053078	RUL_Loss: 0.022910	mmd_Loss: 0.020289	l1_Loss: 0.010424
Train source2 iter: 50 [(47%)]	Loss: 0.082308	RUL_Loss: 0.060432	mmd_Loss: 0.014237	l1_Loss: 0.008034
Train source3 iter: 50 [(47%)]	Loss: 0.120795	RUL_Loss: 0.083392	mmd_Loss: 0.024892	l1_Loss: 0.013185


Train source1 iter: 60 [(57%)]	Loss: 0.054314	RUL_Loss: 0.025580	mmd_Loss: 0.018084	l1_Loss: 0.010850
Train source2 iter: 60 [(57%)]	Loss: 0.087508	RUL_Loss: 0.063435	mmd_Loss: 0.016195	l1_Loss: 0.008046
Train source3 iter: 60 [(57%)]	Loss: 0.113097	RUL_Loss: 0.077616	mmd_Loss: 0.023622	l1_Loss: 0.012106


Train source1 iter: 70 [(66%)]	Loss: 0.054805	RUL_Loss: 0.025119	mmd_Loss: 0.017822	l1_Loss: 0.011945
Train source2 iter: 70 [(66%)]	Loss: 0.084577	RUL_Loss: 0.061425	mmd_Loss: 0.014849	l1_Loss: 0.008366
Train source3 iter: 70 [(66%)]	Loss: 0.124594	RUL_Loss: 0.085426	mmd_Loss: 0.026070	l1_Loss: 0.013204


Train source1 iter: 80 [(75%)]	Loss: 0.057823	RUL_Loss: 0.029366	mmd_Loss: 0.018409	l1_Loss: 0.010078
Train source2 iter: 80 [(75%)]	Loss: 0.087470	RUL_Loss: 0.062254	mmd_Loss: 0.016407	l1_Loss: 0.008836
Train source3 iter: 80 [(75%)]	Loss: 0.123170	RUL_Loss: 0.085910	mmd_Loss: 0.023794	l1_Loss: 0.013506


Train source1 iter: 90 [(85%)]	Loss: 0.054584	RUL_Loss: 0.024976	mmd_Loss: 0.019175	l1_Loss: 0.010445
Train source2 iter: 90 [(85%)]	Loss: 0.083426	RUL_Loss: 0.060982	mmd_Loss: 0.014981	l1_Loss: 0.007472
Train source3 iter: 90 [(85%)]	Loss: 0.121795	RUL_Loss: 0.085369	mmd_Loss: 0.024125	l1_Loss: 0.012316


Train source1 iter: 100 [(94%)]	Loss: 0.056350	RUL_Loss: 0.027748	mmd_Loss: 0.017834	l1_Loss: 0.010772
Train source2 iter: 100 [(94%)]	Loss: 0.084909	RUL_Loss: 0.061604	mmd_Loss: 0.015216	l1_Loss: 0.008093
Train source3 iter: 100 [(94%)]	Loss: 0.119671	RUL_Loss: 0.083788	mmd_Loss: 0.024060	l1_Loss: 0.011829


Train epochs:2.000000	
Train source1 iter: 10 [(9%)]	Loss: 0.034527	RUL_Loss: 0.024605	mmd_Loss: 0.015523	l1_Loss: 0.007048
Train source2 iter: 10 [(9%)]	Loss: 0.068048	RUL_Loss: 0.059550	mmd_Loss: 0.014518	l1_Loss: 0.004815
Train source3 iter: 10 [(9%)]	Loss: 0.078495	RUL_Loss: 0.067794	mmd_Loss: 0.018769	l1_Loss: 0.005575


Train source1 iter: 20 [(19%)]	Loss: 0.040758	RUL_Loss: 0.024547	mmd_Loss: 0.015489	l1_Loss: 0.006514
Train source2 iter: 20 [(19%)]	Loss: 0.074455	RUL_Loss: 0.060698	mmd_Loss: 0.014016	l1_Loss: 0.004655
Train source3 iter: 20 [(19%)]	Loss: 0.086460	RUL_Loss: 0.070122	mmd_Loss: 0.017211	l1_Loss: 0.004964


Train source1 iter: 30 [(28%)]	Loss: 0.047145	RUL_Loss: 0.026056	mmd_Loss: 0.017352	l1_Loss: 0.006382
Train source2 iter: 30 [(28%)]	Loss: 0.078408	RUL_Loss: 0.061644	mmd_Loss: 0.014833	l1_Loss: 0.004033
Train source3 iter: 30 [(28%)]	Loss: 0.088698	RUL_Loss: 0.066129	mmd_Loss: 0.019556	l1_Loss: 0.005843


Train source1 iter: 40 [(38%)]	Loss: 0.042140	RUL_Loss: 0.021207	mmd_Loss: 0.015757	l1_Loss: 0.006159
Train source2 iter: 40 [(38%)]	Loss: 0.075873	RUL_Loss: 0.057418	mmd_Loss: 0.015010	l1_Loss: 0.004312
Train source3 iter: 40 [(38%)]	Loss: 0.087409	RUL_Loss: 0.066467	mmd_Loss: 0.016253	l1_Loss: 0.005674


Train source1 iter: 50 [(47%)]	Loss: 0.045226	RUL_Loss: 0.025832	mmd_Loss: 0.013799	l1_Loss: 0.005946
Train source2 iter: 50 [(47%)]	Loss: 0.079322	RUL_Loss: 0.059818	mmd_Loss: 0.015036	l1_Loss: 0.004820
Train source3 iter: 50 [(47%)]	Loss: 0.092329	RUL_Loss: 0.071341	mmd_Loss: 0.015344	l1_Loss: 0.006022


Train source1 iter: 60 [(57%)]	Loss: 0.042904	RUL_Loss: 0.022219	mmd_Loss: 0.013840	l1_Loss: 0.006990
Train source2 iter: 60 [(57%)]	Loss: 0.080483	RUL_Loss: 0.060848	mmd_Loss: 0.015142	l1_Loss: 0.004630
Train source3 iter: 60 [(57%)]	Loss: 0.089043	RUL_Loss: 0.065705	mmd_Loss: 0.017769	l1_Loss: 0.005732


Train source1 iter: 70 [(66%)]	Loss: 0.047294	RUL_Loss: 0.024930	mmd_Loss: 0.016158	l1_Loss: 0.006267
Train source2 iter: 70 [(66%)]	Loss: 0.080483	RUL_Loss: 0.061614	mmd_Loss: 0.014478	l1_Loss: 0.004441
Train source3 iter: 70 [(66%)]	Loss: 0.087292	RUL_Loss: 0.066666	mmd_Loss: 0.015299	l1_Loss: 0.005383


Train source1 iter: 80 [(75%)]	Loss: 0.047135	RUL_Loss: 0.024833	mmd_Loss: 0.015883	l1_Loss: 0.006443
Train source2 iter: 80 [(75%)]	Loss: 0.076923	RUL_Loss: 0.059925	mmd_Loss: 0.012690	l1_Loss: 0.004326
Train source3 iter: 80 [(75%)]	Loss: 0.086170	RUL_Loss: 0.065640	mmd_Loss: 0.015185	l1_Loss: 0.005367


Train source1 iter: 90 [(85%)]	Loss: 0.045859	RUL_Loss: 0.020945	mmd_Loss: 0.019007	l1_Loss: 0.005917
Train source2 iter: 90 [(85%)]	Loss: 0.081748	RUL_Loss: 0.062834	mmd_Loss: 0.014051	l1_Loss: 0.004872
Train source3 iter: 90 [(85%)]	Loss: 0.094298	RUL_Loss: 0.071533	mmd_Loss: 0.017418	l1_Loss: 0.005357


Train source1 iter: 100 [(94%)]	Loss: 0.046514	RUL_Loss: 0.025100	mmd_Loss: 0.014235	l1_Loss: 0.007183
Train source2 iter: 100 [(94%)]	Loss: 0.077242	RUL_Loss: 0.057994	mmd_Loss: 0.014810	l1_Loss: 0.004441
Train source3 iter: 100 [(94%)]	Loss: 0.090603	RUL_Loss: 0.066314	mmd_Loss: 0.018213	l1_Loss: 0.006080


Train epochs:3.000000	
Train source1 iter: 10 [(9%)]	Loss: 0.031186	RUL_Loss: 0.020652	mmd_Loss: 0.017488	l1_Loss: 0.006476
Train source2 iter: 10 [(9%)]	Loss: 0.066035	RUL_Loss: 0.058071	mmd_Loss: 0.013120	l1_Loss: 0.004998
Train source3 iter: 10 [(9%)]	Loss: 0.066555	RUL_Loss: 0.055930	mmd_Loss: 0.019144	l1_Loss: 0.005027


Train source1 iter: 20 [(19%)]	Loss: 0.036758	RUL_Loss: 0.022908	mmd_Loss: 0.012525	l1_Loss: 0.006272
Train source2 iter: 20 [(19%)]	Loss: 0.071260	RUL_Loss: 0.056072	mmd_Loss: 0.015857	l1_Loss: 0.004756
Train source3 iter: 20 [(19%)]	Loss: 0.072050	RUL_Loss: 0.057449	mmd_Loss: 0.015122	l1_Loss: 0.004696


Train source1 iter: 30 [(28%)]	Loss: 0.042670	RUL_Loss: 0.023308	mmd_Loss: 0.015542	l1_Loss: 0.006248
Train source2 iter: 30 [(28%)]	Loss: 0.070311	RUL_Loss: 0.052463	mmd_Loss: 0.015230	l1_Loss: 0.004856
Train source3 iter: 30 [(28%)]	Loss: 0.076229	RUL_Loss: 0.057956	mmd_Loss: 0.015886	l1_Loss: 0.004679


Train source1 iter: 40 [(38%)]	Loss: 0.044272	RUL_Loss: 0.022930	mmd_Loss: 0.016468	l1_Loss: 0.005877
Train source2 iter: 40 [(38%)]	Loss: 0.077884	RUL_Loss: 0.058889	mmd_Loss: 0.015067	l1_Loss: 0.004821
Train source3 iter: 40 [(38%)]	Loss: 0.081349	RUL_Loss: 0.059915	mmd_Loss: 0.017139	l1_Loss: 0.005302


Train source1 iter: 50 [(47%)]	Loss: 0.041094	RUL_Loss: 0.021416	mmd_Loss: 0.013700	l1_Loss: 0.006333
Train source2 iter: 50 [(47%)]	Loss: 0.069194	RUL_Loss: 0.052007	mmd_Loss: 0.013081	l1_Loss: 0.004416
Train source3 iter: 50 [(47%)]	Loss: 0.086738	RUL_Loss: 0.063856	mmd_Loss: 0.017874	l1_Loss: 0.005421


Train source1 iter: 60 [(57%)]	Loss: 0.041670	RUL_Loss: 0.022945	mmd_Loss: 0.012399	l1_Loss: 0.006456
Train source2 iter: 60 [(57%)]	Loss: 0.076387	RUL_Loss: 0.057882	mmd_Loss: 0.014016	l1_Loss: 0.004618
Train source3 iter: 60 [(57%)]	Loss: 0.083584	RUL_Loss: 0.061859	mmd_Loss: 0.017005	l1_Loss: 0.004872


Train source1 iter: 70 [(66%)]	Loss: 0.041572	RUL_Loss: 0.021338	mmd_Loss: 0.014264	l1_Loss: 0.006025
Train source2 iter: 70 [(66%)]	Loss: 0.076263	RUL_Loss: 0.056910	mmd_Loss: 0.014482	l1_Loss: 0.004924
Train source3 iter: 70 [(66%)]	Loss: 0.080940	RUL_Loss: 0.059502	mmd_Loss: 0.016378	l1_Loss: 0.005118


Train source1 iter: 80 [(75%)]	Loss: 0.042666	RUL_Loss: 0.021010	mmd_Loss: 0.015454	l1_Loss: 0.006225
Train source2 iter: 80 [(75%)]	Loss: 0.079376	RUL_Loss: 0.059464	mmd_Loss: 0.014753	l1_Loss: 0.005180
Train source3 iter: 80 [(75%)]	Loss: 0.083984	RUL_Loss: 0.061676	mmd_Loss: 0.017201	l1_Loss: 0.005131


Train source1 iter: 90 [(85%)]	Loss: 0.043817	RUL_Loss: 0.022512	mmd_Loss: 0.014955	l1_Loss: 0.006359
Train source2 iter: 90 [(85%)]	Loss: 0.076664	RUL_Loss: 0.057224	mmd_Loss: 0.014327	l1_Loss: 0.005121
Train source3 iter: 90 [(85%)]	Loss: 0.079067	RUL_Loss: 0.057032	mmd_Loss: 0.016826	l1_Loss: 0.005218


Train source1 iter: 100 [(94%)]	Loss: 0.043852	RUL_Loss: 0.024298	mmd_Loss: 0.013150	l1_Loss: 0.006408
Train source2 iter: 100 [(94%)]	Loss: 0.073630	RUL_Loss: 0.054659	mmd_Loss: 0.014410	l1_Loss: 0.004565
Train source3 iter: 100 [(94%)]	Loss: 0.078837	RUL_Loss: 0.056974	mmd_Loss: 0.017107	l1_Loss: 0.004759


Train epochs:4.000000	
Train source1 iter: 10 [(9%)]	Loss: 0.030609	RUL_Loss: 0.021055	mmd_Loss: 0.015542	l1_Loss: 0.006191
Train source2 iter: 10 [(9%)]	Loss: 0.060346	RUL_Loss: 0.052247	mmd_Loss: 0.012874	l1_Loss: 0.005551
Train source3 iter: 10 [(9%)]	Loss: 0.055701	RUL_Loss: 0.046916	mmd_Loss: 0.015532	l1_Loss: 0.004453


Train source1 iter: 20 [(19%)]	Loss: 0.034703	RUL_Loss: 0.021054	mmd_Loss: 0.012383	l1_Loss: 0.006142
Train source2 iter: 20 [(19%)]	Loss: 0.064189	RUL_Loss: 0.050593	mmd_Loss: 0.013001	l1_Loss: 0.005454
Train source3 iter: 20 [(19%)]	Loss: 0.060602	RUL_Loss: 0.045398	mmd_Loss: 0.015354	l1_Loss: 0.005282


Train source1 iter: 30 [(28%)]	Loss: 0.040633	RUL_Loss: 0.023176	mmd_Loss: 0.014026	l1_Loss: 0.005619
Train source2 iter: 30 [(28%)]	Loss: 0.072340	RUL_Loss: 0.053341	mmd_Loss: 0.016231	l1_Loss: 0.005151
Train source3 iter: 30 [(28%)]	Loss: 0.067778	RUL_Loss: 0.050090	mmd_Loss: 0.015128	l1_Loss: 0.004778


Train source1 iter: 40 [(38%)]	Loss: 0.041969	RUL_Loss: 0.023594	mmd_Loss: 0.013164	l1_Loss: 0.006075
Train source2 iter: 40 [(38%)]	Loss: 0.070551	RUL_Loss: 0.050085	mmd_Loss: 0.016221	l1_Loss: 0.005208
Train source3 iter: 40 [(38%)]	Loss: 0.070877	RUL_Loss: 0.052912	mmd_Loss: 0.014287	l1_Loss: 0.004523


Train source1 iter: 50 [(47%)]	Loss: 0.037583	RUL_Loss: 0.021279	mmd_Loss: 0.010833	l1_Loss: 0.005765
Train source2 iter: 50 [(47%)]	Loss: 0.068165	RUL_Loss: 0.048359	mmd_Loss: 0.014575	l1_Loss: 0.005588
Train source3 iter: 50 [(47%)]	Loss: 0.071300	RUL_Loss: 0.052336	mmd_Loss: 0.014824	l1_Loss: 0.004482


Train source1 iter: 60 [(57%)]	Loss: 0.042524	RUL_Loss: 0.022384	mmd_Loss: 0.014077	l1_Loss: 0.006203
Train source2 iter: 60 [(57%)]	Loss: 0.070879	RUL_Loss: 0.051854	mmd_Loss: 0.014124	l1_Loss: 0.005034
Train source3 iter: 60 [(57%)]	Loss: 0.067371	RUL_Loss: 0.047424	mmd_Loss: 0.015660	l1_Loss: 0.004426


Train source1 iter: 70 [(66%)]	Loss: 0.044612	RUL_Loss: 0.021629	mmd_Loss: 0.017675	l1_Loss: 0.005370
Train source2 iter: 70 [(66%)]	Loss: 0.065440	RUL_Loss: 0.047390	mmd_Loss: 0.013329	l1_Loss: 0.004770
Train source3 iter: 70 [(66%)]	Loss: 0.062988	RUL_Loss: 0.043599	mmd_Loss: 0.014878	l1_Loss: 0.004564


Train source1 iter: 80 [(75%)]	Loss: 0.039686	RUL_Loss: 0.021470	mmd_Loss: 0.012650	l1_Loss: 0.005584
Train source2 iter: 80 [(75%)]	Loss: 0.069786	RUL_Loss: 0.050050	mmd_Loss: 0.014930	l1_Loss: 0.004827
Train source3 iter: 80 [(75%)]	Loss: 0.072036	RUL_Loss: 0.052699	mmd_Loss: 0.014890	l1_Loss: 0.004468


Train source1 iter: 90 [(85%)]	Loss: 0.039059	RUL_Loss: 0.021074	mmd_Loss: 0.011615	l1_Loss: 0.006377
Train source2 iter: 90 [(85%)]	Loss: 0.069210	RUL_Loss: 0.049217	mmd_Loss: 0.014702	l1_Loss: 0.005299
Train source3 iter: 90 [(85%)]	Loss: 0.069044	RUL_Loss: 0.048936	mmd_Loss: 0.015356	l1_Loss: 0.004760


Train source1 iter: 100 [(94%)]	Loss: 0.038990	RUL_Loss: 0.021093	mmd_Loss: 0.011944	l1_Loss: 0.005956
Train source2 iter: 100 [(94%)]	Loss: 0.071817	RUL_Loss: 0.049704	mmd_Loss: 0.017050	l1_Loss: 0.005068
Train source3 iter: 100 [(94%)]	Loss: 0.070230	RUL_Loss: 0.049139	mmd_Loss: 0.016552	l1_Loss: 0.004542


Train epochs:5.000000	
Train source1 iter: 10 [(9%)]	Loss: 0.030904	RUL_Loss: 0.022578	mmd_Loss: 0.015278	l1_Loss: 0.003664
Train source2 iter: 10 [(9%)]	Loss: 0.046306	RUL_Loss: 0.039369	mmd_Loss: 0.012169	l1_Loss: 0.003612
Train source3 iter: 10 [(9%)]	Loss: 0.052566	RUL_Loss: 0.043949	mmd_Loss: 0.015219	l1_Loss: 0.004383


Train source1 iter: 20 [(19%)]	Loss: 0.034049	RUL_Loss: 0.021291	mmd_Loss: 0.013822	l1_Loss: 0.003493
Train source2 iter: 20 [(19%)]	Loss: 0.047211	RUL_Loss: 0.037132	mmd_Loss: 0.010354	l1_Loss: 0.003325
Train source3 iter: 20 [(19%)]	Loss: 0.057520	RUL_Loss: 0.042021	mmd_Loss: 0.017009	l1_Loss: 0.004027


Train source1 iter: 30 [(28%)]	Loss: 0.038839	RUL_Loss: 0.023609	mmd_Loss: 0.013495	l1_Loss: 0.003645
Train source2 iter: 30 [(28%)]	Loss: 0.047885	RUL_Loss: 0.032829	mmd_Loss: 0.013942	l1_Loss: 0.003003
Train source3 iter: 30 [(28%)]	Loss: 0.060752	RUL_Loss: 0.042274	mmd_Loss: 0.016255	l1_Loss: 0.004539


Train source1 iter: 40 [(38%)]	Loss: 0.039056	RUL_Loss: 0.020501	mmd_Loss: 0.015555	l1_Loss: 0.003873
Train source2 iter: 40 [(38%)]	Loss: 0.054237	RUL_Loss: 0.038973	mmd_Loss: 0.012636	l1_Loss: 0.003345
Train source3 iter: 40 [(38%)]	Loss: 0.060588	RUL_Loss: 0.040362	mmd_Loss: 0.016797	l1_Loss: 0.004381


Train source1 iter: 50 [(47%)]	Loss: 0.034914	RUL_Loss: 0.019799	mmd_Loss: 0.011521	l1_Loss: 0.003867
Train source2 iter: 50 [(47%)]	Loss: 0.051639	RUL_Loss: 0.036485	mmd_Loss: 0.012196	l1_Loss: 0.003231
Train source3 iter: 50 [(47%)]	Loss: 0.061165	RUL_Loss: 0.041354	mmd_Loss: 0.015782	l1_Loss: 0.004387


Train source1 iter: 60 [(57%)]	Loss: 0.037583	RUL_Loss: 0.022012	mmd_Loss: 0.012144	l1_Loss: 0.003536
Train source2 iter: 60 [(57%)]	Loss: 0.051024	RUL_Loss: 0.035456	mmd_Loss: 0.012314	l1_Loss: 0.003363
Train source3 iter: 60 [(57%)]	Loss: 0.062042	RUL_Loss: 0.042281	mmd_Loss: 0.015621	l1_Loss: 0.004278


Train source1 iter: 70 [(66%)]	Loss: 0.037823	RUL_Loss: 0.021562	mmd_Loss: 0.012644	l1_Loss: 0.003661
Train source2 iter: 70 [(66%)]	Loss: 0.055717	RUL_Loss: 0.037679	mmd_Loss: 0.014624	l1_Loss: 0.003462
Train source3 iter: 70 [(66%)]	Loss: 0.065426	RUL_Loss: 0.042791	mmd_Loss: 0.018698	l1_Loss: 0.003998


Train source1 iter: 80 [(75%)]	Loss: 0.036115	RUL_Loss: 0.020098	mmd_Loss: 0.011938	l1_Loss: 0.004096
Train source2 iter: 80 [(75%)]	Loss: 0.048090	RUL_Loss: 0.033002	mmd_Loss: 0.011837	l1_Loss: 0.003267
Train source3 iter: 80 [(75%)]	Loss: 0.059060	RUL_Loss: 0.038125	mmd_Loss: 0.016650	l1_Loss: 0.004306


Train source1 iter: 90 [(85%)]	Loss: 0.035110	RUL_Loss: 0.020938	mmd_Loss: 0.010741	l1_Loss: 0.003436
Train source2 iter: 90 [(85%)]	Loss: 0.051255	RUL_Loss: 0.035561	mmd_Loss: 0.012752	l1_Loss: 0.002947
Train source3 iter: 90 [(85%)]	Loss: 0.063537	RUL_Loss: 0.041651	mmd_Loss: 0.017225	l1_Loss: 0.004670


Train source1 iter: 100 [(94%)]	Loss: 0.041790	RUL_Loss: 0.021264	mmd_Loss: 0.016970	l1_Loss: 0.003559
Train source2 iter: 100 [(94%)]	Loss: 0.050298	RUL_Loss: 0.033572	mmd_Loss: 0.013571	l1_Loss: 0.003158
Train source3 iter: 100 [(94%)]	Loss: 0.067530	RUL_Loss: 0.046729	mmd_Loss: 0.016342	l1_Loss: 0.004462


Train epochs:6.000000	
Train source1 iter: 10 [(9%)]	Loss: 0.026627	RUL_Loss: 0.020954	mmd_Loss: 0.008988	l1_Loss: 0.003917
Train source2 iter: 10 [(9%)]	Loss: 0.044440	RUL_Loss: 0.037187	mmd_Loss: 0.013264	l1_Loss: 0.003237
Train source3 iter: 10 [(9%)]	Loss: 0.052474	RUL_Loss: 0.041836	mmd_Loss: 0.020071	l1_Loss: 0.004130


Train source1 iter: 20 [(19%)]	Loss: 0.037809	RUL_Loss: 0.019916	mmd_Loss: 0.020894	l1_Loss: 0.003392
Train source2 iter: 20 [(19%)]	Loss: 0.046896	RUL_Loss: 0.033219	mmd_Loss: 0.015448	l1_Loss: 0.003116
Train source3 iter: 20 [(19%)]	Loss: 0.055472	RUL_Loss: 0.039848	mmd_Loss: 0.017004	l1_Loss: 0.004201


Train source1 iter: 30 [(28%)]	Loss: 0.037266	RUL_Loss: 0.019124	mmd_Loss: 0.017030	l1_Loss: 0.003387
Train source2 iter: 30 [(28%)]	Loss: 0.046537	RUL_Loss: 0.032776	mmd_Loss: 0.012622	l1_Loss: 0.002864
Train source3 iter: 30 [(28%)]	Loss: 0.057375	RUL_Loss: 0.040216	mmd_Loss: 0.015263	l1_Loss: 0.004048


Train source1 iter: 40 [(38%)]	Loss: 0.033575	RUL_Loss: 0.019990	mmd_Loss: 0.010243	l1_Loss: 0.003980
Train source2 iter: 40 [(38%)]	Loss: 0.048735	RUL_Loss: 0.033953	mmd_Loss: 0.011767	l1_Loss: 0.003710
Train source3 iter: 40 [(38%)]	Loss: 0.064681	RUL_Loss: 0.044255	mmd_Loss: 0.016539	l1_Loss: 0.004848


Train source1 iter: 50 [(47%)]	Loss: 0.038342	RUL_Loss: 0.018584	mmd_Loss: 0.016667	l1_Loss: 0.003447
Train source2 iter: 50 [(47%)]	Loss: 0.044391	RUL_Loss: 0.031175	mmd_Loss: 0.010279	l1_Loss: 0.003175
Train source3 iter: 50 [(47%)]	Loss: 0.060557	RUL_Loss: 0.039838	mmd_Loss: 0.016023	l1_Loss: 0.005070


Train source1 iter: 60 [(57%)]	Loss: 0.037779	RUL_Loss: 0.020046	mmd_Loss: 0.014488	l1_Loss: 0.003369
Train source2 iter: 60 [(57%)]	Loss: 0.046946	RUL_Loss: 0.032028	mmd_Loss: 0.011876	l1_Loss: 0.003146
Train source3 iter: 60 [(57%)]	Loss: 0.058759	RUL_Loss: 0.038841	mmd_Loss: 0.015262	l1_Loss: 0.004795


Train source1 iter: 70 [(66%)]	Loss: 0.041179	RUL_Loss: 0.020365	mmd_Loss: 0.016926	l1_Loss: 0.003945
Train source2 iter: 70 [(66%)]	Loss: 0.049198	RUL_Loss: 0.031285	mmd_Loss: 0.014517	l1_Loss: 0.003445
Train source3 iter: 70 [(66%)]	Loss: 0.065736	RUL_Loss: 0.044849	mmd_Loss: 0.017064	l1_Loss: 0.003879


Train source1 iter: 80 [(75%)]	Loss: 0.037729	RUL_Loss: 0.018714	mmd_Loss: 0.015589	l1_Loss: 0.003446
Train source2 iter: 80 [(75%)]	Loss: 0.045454	RUL_Loss: 0.031172	mmd_Loss: 0.010976	l1_Loss: 0.003321
Train source3 iter: 80 [(75%)]	Loss: 0.058051	RUL_Loss: 0.038108	mmd_Loss: 0.015910	l1_Loss: 0.004053


Train source1 iter: 90 [(85%)]	Loss: 0.040663	RUL_Loss: 0.020612	mmd_Loss: 0.016230	l1_Loss: 0.003829
Train source2 iter: 90 [(85%)]	Loss: 0.048195	RUL_Loss: 0.033410	mmd_Loss: 0.011596	l1_Loss: 0.003195
Train source3 iter: 90 [(85%)]	Loss: 0.057334	RUL_Loss: 0.036991	mmd_Loss: 0.016403	l1_Loss: 0.003948


Train source1 iter: 100 [(94%)]	Loss: 0.040672	RUL_Loss: 0.020203	mmd_Loss: 0.017056	l1_Loss: 0.003417
Train source2 iter: 100 [(94%)]	Loss: 0.049109	RUL_Loss: 0.034848	mmd_Loss: 0.010702	l1_Loss: 0.003560
Train source3 iter: 100 [(94%)]	Loss: 0.059626	RUL_Loss: 0.039793	mmd_Loss: 0.016100	l1_Loss: 0.003736


Train epochs:7.000000	
Train source1 iter: 10 [(9%)]	Loss: 0.026668	RUL_Loss: 0.016490	mmd_Loss: 0.019001	l1_Loss: 0.004154
Train source2 iter: 10 [(9%)]	Loss: 0.034440	RUL_Loss: 0.027257	mmd_Loss: 0.012284	l1_Loss: 0.004056
Train source3 iter: 10 [(9%)]	Loss: 0.048794	RUL_Loss: 0.038774	mmd_Loss: 0.017733	l1_Loss: 0.005063


Train source1 iter: 20 [(19%)]	Loss: 0.034838	RUL_Loss: 0.020060	mmd_Loss: 0.015937	l1_Loss: 0.004121
Train source2 iter: 20 [(19%)]	Loss: 0.037178	RUL_Loss: 0.025303	mmd_Loss: 0.012361	l1_Loss: 0.003757
Train source3 iter: 20 [(19%)]	Loss: 0.057193	RUL_Loss: 0.041568	mmd_Loss: 0.016435	l1_Loss: 0.004771


Train source1 iter: 30 [(28%)]	Loss: 0.040265	RUL_Loss: 0.016592	mmd_Loss: 0.022769	l1_Loss: 0.003873
Train source2 iter: 30 [(28%)]	Loss: 0.038075	RUL_Loss: 0.025035	mmd_Loss: 0.011209	l1_Loss: 0.003466
Train source3 iter: 30 [(28%)]	Loss: 0.062198	RUL_Loss: 0.042566	mmd_Loss: 0.017611	l1_Loss: 0.004483


Train source1 iter: 40 [(38%)]	Loss: 0.034269	RUL_Loss: 0.018626	mmd_Loss: 0.012534	l1_Loss: 0.003846
Train source2 iter: 40 [(38%)]	Loss: 0.042050	RUL_Loss: 0.026700	mmd_Loss: 0.012046	l1_Loss: 0.004025
Train source3 iter: 40 [(38%)]	Loss: 0.058370	RUL_Loss: 0.039028	mmd_Loss: 0.014724	l1_Loss: 0.005528


Train source1 iter: 50 [(47%)]	Loss: 0.036416	RUL_Loss: 0.020821	mmd_Loss: 0.011986	l1_Loss: 0.003890
Train source2 iter: 50 [(47%)]	Loss: 0.045471	RUL_Loss: 0.027889	mmd_Loss: 0.013984	l1_Loss: 0.003915
Train source3 iter: 50 [(47%)]	Loss: 0.058941	RUL_Loss: 0.038760	mmd_Loss: 0.015846	l1_Loss: 0.004699


Train source1 iter: 60 [(57%)]	Loss: 0.036544	RUL_Loss: 0.020086	mmd_Loss: 0.012182	l1_Loss: 0.004391
Train source2 iter: 60 [(57%)]	Loss: 0.042608	RUL_Loss: 0.026754	mmd_Loss: 0.012166	l1_Loss: 0.003798
Train source3 iter: 60 [(57%)]	Loss: 0.057800	RUL_Loss: 0.037203	mmd_Loss: 0.015677	l1_Loss: 0.005064


Train source1 iter: 70 [(66%)]	Loss: 0.029999	RUL_Loss: 0.015818	mmd_Loss: 0.010337	l1_Loss: 0.003883
Train source2 iter: 70 [(66%)]	Loss: 0.045609	RUL_Loss: 0.028552	mmd_Loss: 0.012865	l1_Loss: 0.004239
Train source3 iter: 70 [(66%)]	Loss: 0.063725	RUL_Loss: 0.041384	mmd_Loss: 0.017426	l1_Loss: 0.004976


Train source1 iter: 80 [(75%)]	Loss: 0.035038	RUL_Loss: 0.018757	mmd_Loss: 0.012076	l1_Loss: 0.004223
Train source2 iter: 80 [(75%)]	Loss: 0.042353	RUL_Loss: 0.027540	mmd_Loss: 0.011180	l1_Loss: 0.003648
Train source3 iter: 80 [(75%)]	Loss: 0.060786	RUL_Loss: 0.038112	mmd_Loss: 0.017291	l1_Loss: 0.005407


Train source1 iter: 90 [(85%)]	Loss: 0.036180	RUL_Loss: 0.016611	mmd_Loss: 0.015319	l1_Loss: 0.004258
Train source2 iter: 90 [(85%)]	Loss: 0.040792	RUL_Loss: 0.025895	mmd_Loss: 0.010470	l1_Loss: 0.004433
Train source3 iter: 90 [(85%)]	Loss: 0.059263	RUL_Loss: 0.037810	mmd_Loss: 0.015301	l1_Loss: 0.006161


Train source1 iter: 100 [(94%)]	Loss: 0.033601	RUL_Loss: 0.019871	mmd_Loss: 0.009848	l1_Loss: 0.003883
Train source2 iter: 100 [(94%)]	Loss: 0.045111	RUL_Loss: 0.028850	mmd_Loss: 0.012457	l1_Loss: 0.003807
Train source3 iter: 100 [(94%)]	Loss: 0.063884	RUL_Loss: 0.041185	mmd_Loss: 0.017636	l1_Loss: 0.005066


Train epochs:8.000000	
Train source1 iter: 10 [(9%)]	Loss: 0.025321	RUL_Loss: 0.018077	mmd_Loss: 0.012534	l1_Loss: 0.003946
Train source2 iter: 10 [(9%)]	Loss: 0.034147	RUL_Loss: 0.026708	mmd_Loss: 0.012893	l1_Loss: 0.004032
Train source3 iter: 10 [(9%)]	Loss: 0.043558	RUL_Loss: 0.033460	mmd_Loss: 0.018277	l1_Loss: 0.004694


Train source1 iter: 20 [(19%)]	Loss: 0.028736	RUL_Loss: 0.017438	mmd_Loss: 0.011582	l1_Loss: 0.003753
Train source2 iter: 20 [(19%)]	Loss: 0.042427	RUL_Loss: 0.028928	mmd_Loss: 0.014315	l1_Loss: 0.004007
Train source3 iter: 20 [(19%)]	Loss: 0.054879	RUL_Loss: 0.039298	mmd_Loss: 0.016510	l1_Loss: 0.004637


Train source1 iter: 30 [(28%)]	Loss: 0.029376	RUL_Loss: 0.017588	mmd_Loss: 0.009603	l1_Loss: 0.003662
Train source2 iter: 30 [(28%)]	Loss: 0.037095	RUL_Loss: 0.023702	mmd_Loss: 0.011535	l1_Loss: 0.003537
Train source3 iter: 30 [(28%)]	Loss: 0.055208	RUL_Loss: 0.037084	mmd_Loss: 0.015643	l1_Loss: 0.004754


Train source1 iter: 40 [(38%)]	Loss: 0.031480	RUL_Loss: 0.018859	mmd_Loss: 0.009402	l1_Loss: 0.003812
Train source2 iter: 40 [(38%)]	Loss: 0.043951	RUL_Loss: 0.029387	mmd_Loss: 0.011796	l1_Loss: 0.003453
Train source3 iter: 40 [(38%)]	Loss: 0.061771	RUL_Loss: 0.041349	mmd_Loss: 0.016214	l1_Loss: 0.005168


Train source1 iter: 50 [(47%)]	Loss: 0.033407	RUL_Loss: 0.019516	mmd_Loss: 0.010232	l1_Loss: 0.003910
Train source2 iter: 50 [(47%)]	Loss: 0.046202	RUL_Loss: 0.027729	mmd_Loss: 0.015258	l1_Loss: 0.003548
Train source3 iter: 50 [(47%)]	Loss: 0.059276	RUL_Loss: 0.039184	mmd_Loss: 0.015148	l1_Loss: 0.005306


Train source1 iter: 60 [(57%)]	Loss: 0.030167	RUL_Loss: 0.015371	mmd_Loss: 0.010889	l1_Loss: 0.004010
Train source2 iter: 60 [(57%)]	Loss: 0.039701	RUL_Loss: 0.026549	mmd_Loss: 0.009704	l1_Loss: 0.003540
Train source3 iter: 60 [(57%)]	Loss: 0.059717	RUL_Loss: 0.037291	mmd_Loss: 0.016938	l1_Loss: 0.005645


Train source1 iter: 70 [(66%)]	Loss: 0.037185	RUL_Loss: 0.019496	mmd_Loss: 0.013685	l1_Loss: 0.004052
Train source2 iter: 70 [(66%)]	Loss: 0.042797	RUL_Loss: 0.028548	mmd_Loss: 0.010647	l1_Loss: 0.003641
Train source3 iter: 70 [(66%)]	Loss: 0.057726	RUL_Loss: 0.037009	mmd_Loss: 0.015755	l1_Loss: 0.005019


Train source1 iter: 80 [(75%)]	Loss: 0.033154	RUL_Loss: 0.017258	mmd_Loss: 0.012105	l1_Loss: 0.003807
Train source2 iter: 80 [(75%)]	Loss: 0.049471	RUL_Loss: 0.030220	mmd_Loss: 0.015460	l1_Loss: 0.003811
Train source3 iter: 80 [(75%)]	Loss: 0.055374	RUL_Loss: 0.035211	mmd_Loss: 0.015408	l1_Loss: 0.004777


Train source1 iter: 90 [(85%)]	Loss: 0.035702	RUL_Loss: 0.019626	mmd_Loss: 0.011525	l1_Loss: 0.004558
Train source2 iter: 90 [(85%)]	Loss: 0.045251	RUL_Loss: 0.028716	mmd_Loss: 0.012155	l1_Loss: 0.004387
Train source3 iter: 90 [(85%)]	Loss: 0.058521	RUL_Loss: 0.038270	mmd_Loss: 0.015761	l1_Loss: 0.004499


Train source1 iter: 100 [(94%)]	Loss: 0.034285	RUL_Loss: 0.018479	mmd_Loss: 0.011939	l1_Loss: 0.003870
Train source2 iter: 100 [(94%)]	Loss: 0.041822	RUL_Loss: 0.025445	mmd_Loss: 0.012759	l1_Loss: 0.003620
Train source3 iter: 100 [(94%)]	Loss: 0.056865	RUL_Loss: 0.037181	mmd_Loss: 0.014819	l1_Loss: 0.004868


Train epochs:9.000000	
Train source1 iter: 10 [(9%)]	Loss: 0.024675	RUL_Loss: 0.018067	mmd_Loss: 0.011768	l1_Loss: 0.003264
Train source2 iter: 10 [(9%)]	Loss: 0.032658	RUL_Loss: 0.026651	mmd_Loss: 0.010254	l1_Loss: 0.003412
Train source3 iter: 10 [(9%)]	Loss: 0.047103	RUL_Loss: 0.037593	mmd_Loss: 0.016523	l1_Loss: 0.005112


Train source1 iter: 20 [(19%)]	Loss: 0.030329	RUL_Loss: 0.019030	mmd_Loss: 0.011120	l1_Loss: 0.004216
Train source2 iter: 20 [(19%)]	Loss: 0.032593	RUL_Loss: 0.022006	mmd_Loss: 0.010997	l1_Loss: 0.003373
Train source3 iter: 20 [(19%)]	Loss: 0.052288	RUL_Loss: 0.036708	mmd_Loss: 0.016223	l1_Loss: 0.004923


Train source1 iter: 30 [(28%)]	Loss: 0.031632	RUL_Loss: 0.019790	mmd_Loss: 0.009595	l1_Loss: 0.003732
Train source2 iter: 30 [(28%)]	Loss: 0.041781	RUL_Loss: 0.026948	mmd_Loss: 0.013260	l1_Loss: 0.003434
Train source3 iter: 30 [(28%)]	Loss: 0.052150	RUL_Loss: 0.033935	mmd_Loss: 0.015855	l1_Loss: 0.004644


Train source1 iter: 40 [(38%)]	Loss: 0.033934	RUL_Loss: 0.017876	mmd_Loss: 0.013016	l1_Loss: 0.003798
Train source2 iter: 40 [(38%)]	Loss: 0.041544	RUL_Loss: 0.027274	mmd_Loss: 0.011594	l1_Loss: 0.003347
Train source3 iter: 40 [(38%)]	Loss: 0.055465	RUL_Loss: 0.035222	mmd_Loss: 0.016815	l1_Loss: 0.004380


Train source1 iter: 50 [(47%)]	Loss: 0.040979	RUL_Loss: 0.019156	mmd_Loss: 0.018227	l1_Loss: 0.003990
Train source2 iter: 50 [(47%)]	Loss: 0.040925	RUL_Loss: 0.025483	mmd_Loss: 0.012417	l1_Loss: 0.003303
Train source3 iter: 50 [(47%)]	Loss: 0.058091	RUL_Loss: 0.039015	mmd_Loss: 0.015676	l1_Loss: 0.003745


Train source1 iter: 60 [(57%)]	Loss: 0.037530	RUL_Loss: 0.019547	mmd_Loss: 0.014808	l1_Loss: 0.003301
Train source2 iter: 60 [(57%)]	Loss: 0.041936	RUL_Loss: 0.024973	mmd_Loss: 0.013471	l1_Loss: 0.003610
Train source3 iter: 60 [(57%)]	Loss: 0.054814	RUL_Loss: 0.031996	mmd_Loss: 0.018532	l1_Loss: 0.004445


Train source1 iter: 70 [(66%)]	Loss: 0.033338	RUL_Loss: 0.017429	mmd_Loss: 0.011946	l1_Loss: 0.004006
Train source2 iter: 70 [(66%)]	Loss: 0.046829	RUL_Loss: 0.026939	mmd_Loss: 0.016240	l1_Loss: 0.003704
Train source3 iter: 70 [(66%)]	Loss: 0.061090	RUL_Loss: 0.039770	mmd_Loss: 0.016762	l1_Loss: 0.004615


Train source1 iter: 80 [(75%)]	Loss: 0.033927	RUL_Loss: 0.018882	mmd_Loss: 0.011355	l1_Loss: 0.003706
Train source2 iter: 80 [(75%)]	Loss: 0.042521	RUL_Loss: 0.027097	mmd_Loss: 0.012370	l1_Loss: 0.003070
Train source3 iter: 80 [(75%)]	Loss: 0.055802	RUL_Loss: 0.033505	mmd_Loss: 0.017822	l1_Loss: 0.004498


Train source1 iter: 90 [(85%)]	Loss: 0.034773	RUL_Loss: 0.017799	mmd_Loss: 0.013074	l1_Loss: 0.003907
Train source2 iter: 90 [(85%)]	Loss: 0.039338	RUL_Loss: 0.024002	mmd_Loss: 0.012124	l1_Loss: 0.003218
Train source3 iter: 90 [(85%)]	Loss: 0.058633	RUL_Loss: 0.037569	mmd_Loss: 0.017059	l1_Loss: 0.004014


Train source1 iter: 100 [(94%)]	Loss: 0.035998	RUL_Loss: 0.019242	mmd_Loss: 0.013046	l1_Loss: 0.003712
Train source2 iter: 100 [(94%)]	Loss: 0.044831	RUL_Loss: 0.027811	mmd_Loss: 0.013664	l1_Loss: 0.003358
Train source3 iter: 100 [(94%)]	Loss: 0.062819	RUL_Loss: 0.040762	mmd_Loss: 0.017264	l1_Loss: 0.004796


Train epochs:10.000000	
Train source1 iter: 10 [(9%)]	Loss: 0.025177	RUL_Loss: 0.019457	mmd_Loss: 0.009548	l1_Loss: 0.003465
Train source2 iter: 10 [(9%)]	Loss: 0.031293	RUL_Loss: 0.025104	mmd_Loss: 0.010821	l1_Loss: 0.003258
Train source3 iter: 10 [(9%)]	Loss: 0.048115	RUL_Loss: 0.038903	mmd_Loss: 0.016474	l1_Loss: 0.004483


Train source1 iter: 20 [(19%)]	Loss: 0.027801	RUL_Loss: 0.018214	mmd_Loss: 0.009028	l1_Loss: 0.003986
Train source2 iter: 20 [(19%)]	Loss: 0.037969	RUL_Loss: 0.026369	mmd_Loss: 0.011957	l1_Loss: 0.003788
Train source3 iter: 20 [(19%)]	Loss: 0.049560	RUL_Loss: 0.034738	mmd_Loss: 0.015818	l1_Loss: 0.004300


Train source1 iter: 30 [(28%)]	Loss: 0.035068	RUL_Loss: 0.017184	mmd_Loss: 0.015863	l1_Loss: 0.004263
Train source2 iter: 30 [(28%)]	Loss: 0.040038	RUL_Loss: 0.025927	mmd_Loss: 0.011558	l1_Loss: 0.004323
Train source3 iter: 30 [(28%)]	Loss: 0.054527	RUL_Loss: 0.037167	mmd_Loss: 0.014060	l1_Loss: 0.005476


Train source1 iter: 40 [(38%)]	Loss: 0.028491	RUL_Loss: 0.016788	mmd_Loss: 0.008490	l1_Loss: 0.003763
Train source2 iter: 40 [(38%)]	Loss: 0.045500	RUL_Loss: 0.029331	mmd_Loss: 0.013212	l1_Loss: 0.003717
Train source3 iter: 40 [(38%)]	Loss: 0.060194	RUL_Loss: 0.038938	mmd_Loss: 0.017487	l1_Loss: 0.004768


Train source1 iter: 50 [(47%)]	Loss: 0.040173	RUL_Loss: 0.019183	mmd_Loss: 0.017661	l1_Loss: 0.003707
Train source2 iter: 50 [(47%)]	Loss: 0.042632	RUL_Loss: 0.024388	mmd_Loss: 0.014661	l1_Loss: 0.003912
Train source3 iter: 50 [(47%)]	Loss: 0.054597	RUL_Loss: 0.035222	mmd_Loss: 0.015060	l1_Loss: 0.004664


Train source1 iter: 60 [(57%)]	Loss: 0.030530	RUL_Loss: 0.017464	mmd_Loss: 0.009329	l1_Loss: 0.003828
Train source2 iter: 60 [(57%)]	Loss: 0.039834	RUL_Loss: 0.025176	mmd_Loss: 0.011499	l1_Loss: 0.003261
Train source3 iter: 60 [(57%)]	Loss: 0.059270	RUL_Loss: 0.039137	mmd_Loss: 0.015930	l1_Loss: 0.004343


Train source1 iter: 70 [(66%)]	Loss: 0.033451	RUL_Loss: 0.018791	mmd_Loss: 0.010556	l1_Loss: 0.004143
Train source2 iter: 70 [(66%)]	Loss: 0.043310	RUL_Loss: 0.026407	mmd_Loss: 0.013058	l1_Loss: 0.003891
Train source3 iter: 70 [(66%)]	Loss: 0.064030	RUL_Loss: 0.043057	mmd_Loss: 0.015960	l1_Loss: 0.005070


Train source1 iter: 80 [(75%)]	Loss: 0.033385	RUL_Loss: 0.019909	mmd_Loss: 0.009748	l1_Loss: 0.003743
Train source2 iter: 80 [(75%)]	Loss: 0.036511	RUL_Loss: 0.022591	mmd_Loss: 0.010248	l1_Loss: 0.003686
Train source3 iter: 80 [(75%)]	Loss: 0.053779	RUL_Loss: 0.034423	mmd_Loss: 0.014505	l1_Loss: 0.004872


Train source1 iter: 90 [(85%)]	Loss: 0.033320	RUL_Loss: 0.017275	mmd_Loss: 0.012495	l1_Loss: 0.003557
Train source2 iter: 90 [(85%)]	Loss: 0.039411	RUL_Loss: 0.025382	mmd_Loss: 0.010386	l1_Loss: 0.003649
Train source3 iter: 90 [(85%)]	Loss: 0.059851	RUL_Loss: 0.039739	mmd_Loss: 0.015549	l1_Loss: 0.004572


Train source1 iter: 100 [(94%)]	Loss: 0.032396	RUL_Loss: 0.017843	mmd_Loss: 0.010170	l1_Loss: 0.004385
Train source2 iter: 100 [(94%)]	Loss: 0.038753	RUL_Loss: 0.023728	mmd_Loss: 0.011421	l1_Loss: 0.003607
Train source3 iter: 100 [(94%)]	Loss: 0.054925	RUL_Loss: 0.035411	mmd_Loss: 0.015078	l1_Loss: 0.004439


Train epochs:11.000000	
Train source1 iter: 10 [(9%)]	Loss: 0.023528	RUL_Loss: 0.017264	mmd_Loss: 0.009808	l1_Loss: 0.004442
Train source2 iter: 10 [(9%)]	Loss: 0.032716	RUL_Loss: 0.025137	mmd_Loss: 0.013259	l1_Loss: 0.003982
Train source3 iter: 10 [(9%)]	Loss: 0.044171	RUL_Loss: 0.034419	mmd_Loss: 0.016778	l1_Loss: 0.005408


Train source1 iter: 20 [(19%)]	Loss: 0.027309	RUL_Loss: 0.017353	mmd_Loss: 0.009548	l1_Loss: 0.003965
Train source2 iter: 20 [(19%)]	Loss: 0.037783	RUL_Loss: 0.025340	mmd_Loss: 0.012638	l1_Loss: 0.004249
Train source3 iter: 20 [(19%)]	Loss: 0.052228	RUL_Loss: 0.036801	mmd_Loss: 0.016132	l1_Loss: 0.004806


Train source1 iter: 30 [(28%)]	Loss: 0.029635	RUL_Loss: 0.017037	mmd_Loss: 0.010144	l1_Loss: 0.004034
Train source2 iter: 30 [(28%)]	Loss: 0.036931	RUL_Loss: 0.022266	mmd_Loss: 0.012796	l1_Loss: 0.003708
Train source3 iter: 30 [(28%)]	Loss: 0.055218	RUL_Loss: 0.037983	mmd_Loss: 0.014342	l1_Loss: 0.005054


Train source1 iter: 40 [(38%)]	Loss: 0.032255	RUL_Loss: 0.018663	mmd_Loss: 0.010087	l1_Loss: 0.004144
Train source2 iter: 40 [(38%)]	Loss: 0.042121	RUL_Loss: 0.026601	mmd_Loss: 0.012493	l1_Loss: 0.003757
Train source3 iter: 40 [(38%)]	Loss: 0.051967	RUL_Loss: 0.033794	mmd_Loss: 0.013619	l1_Loss: 0.005409


Train source1 iter: 50 [(47%)]	Loss: 0.030179	RUL_Loss: 0.017409	mmd_Loss: 0.008768	l1_Loss: 0.004233
Train source2 iter: 50 [(47%)]	Loss: 0.040982	RUL_Loss: 0.025502	mmd_Loss: 0.011745	l1_Loss: 0.004014
Train source3 iter: 50 [(47%)]	Loss: 0.060064	RUL_Loss: 0.038892	mmd_Loss: 0.016863	l1_Loss: 0.004691


Train source1 iter: 60 [(57%)]	Loss: 0.031178	RUL_Loss: 0.017230	mmd_Loss: 0.010095	l1_Loss: 0.003950
Train source2 iter: 60 [(57%)]	Loss: 0.037109	RUL_Loss: 0.022893	mmd_Loss: 0.010414	l1_Loss: 0.003902
Train source3 iter: 60 [(57%)]	Loss: 0.056837	RUL_Loss: 0.035926	mmd_Loss: 0.016023	l1_Loss: 0.005034


Train source1 iter: 70 [(66%)]	Loss: 0.032364	RUL_Loss: 0.018530	mmd_Loss: 0.009577	l1_Loss: 0.004294
Train source2 iter: 70 [(66%)]	Loss: 0.043434	RUL_Loss: 0.024945	mmd_Loss: 0.014689	l1_Loss: 0.003850
Train source3 iter: 70 [(66%)]	Loss: 0.054219	RUL_Loss: 0.033288	mmd_Loss: 0.015707	l1_Loss: 0.005281


Train source1 iter: 80 [(75%)]	Loss: 0.030362	RUL_Loss: 0.019032	mmd_Loss: 0.007377	l1_Loss: 0.003964
Train source2 iter: 80 [(75%)]	Loss: 0.043048	RUL_Loss: 0.024847	mmd_Loss: 0.014175	l1_Loss: 0.004045
Train source3 iter: 80 [(75%)]	Loss: 0.060201	RUL_Loss: 0.040723	mmd_Loss: 0.015075	l1_Loss: 0.004423


Train source1 iter: 90 [(85%)]	Loss: 0.031012	RUL_Loss: 0.018432	mmd_Loss: 0.008773	l1_Loss: 0.003811
Train source2 iter: 90 [(85%)]	Loss: 0.033994	RUL_Loss: 0.021405	mmd_Loss: 0.009005	l1_Loss: 0.003589
Train source3 iter: 90 [(85%)]	Loss: 0.055365	RUL_Loss: 0.034783	mmd_Loss: 0.015781	l1_Loss: 0.004809


Train source1 iter: 100 [(94%)]	Loss: 0.032308	RUL_Loss: 0.017647	mmd_Loss: 0.010901	l1_Loss: 0.003763
Train source2 iter: 100 [(94%)]	Loss: 0.045620	RUL_Loss: 0.024150	mmd_Loss: 0.017520	l1_Loss: 0.003953
Train source3 iter: 100 [(94%)]	Loss: 0.057892	RUL_Loss: 0.037484	mmd_Loss: 0.015719	l1_Loss: 0.004692


Train epochs:12.000000	
Train source1 iter: 10 [(9%)]	Loss: 0.025424	RUL_Loss: 0.019036	mmd_Loss: 0.011170	l1_Loss: 0.003363
Train source2 iter: 10 [(9%)]	Loss: 0.030349	RUL_Loss: 0.024329	mmd_Loss: 0.010501	l1_Loss: 0.003194
Train source3 iter: 10 [(9%)]	Loss: 0.048009	RUL_Loss: 0.038689	mmd_Loss: 0.016217	l1_Loss: 0.004987


Train source1 iter: 20 [(19%)]	Loss: 0.025188	RUL_Loss: 0.016669	mmd_Loss: 0.008407	l1_Loss: 0.003155
Train source2 iter: 20 [(19%)]	Loss: 0.033915	RUL_Loss: 0.022894	mmd_Loss: 0.011743	l1_Loss: 0.003215
Train source3 iter: 20 [(19%)]	Loss: 0.044926	RUL_Loss: 0.031203	mmd_Loss: 0.014210	l1_Loss: 0.004416


Train source1 iter: 30 [(28%)]	Loss: 0.029956	RUL_Loss: 0.018057	mmd_Loss: 0.009999	l1_Loss: 0.003391
Train source2 iter: 30 [(28%)]	Loss: 0.038467	RUL_Loss: 0.023613	mmd_Loss: 0.013292	l1_Loss: 0.003425
Train source3 iter: 30 [(28%)]	Loss: 0.052388	RUL_Loss: 0.034790	mmd_Loss: 0.014728	l1_Loss: 0.005077


Train source1 iter: 40 [(38%)]	Loss: 0.033667	RUL_Loss: 0.018241	mmd_Loss: 0.012516	l1_Loss: 0.003634
Train source2 iter: 40 [(38%)]	Loss: 0.039961	RUL_Loss: 0.024336	mmd_Loss: 0.012438	l1_Loss: 0.003921
Train source3 iter: 40 [(38%)]	Loss: 0.053168	RUL_Loss: 0.033546	mmd_Loss: 0.015821	l1_Loss: 0.004723


Train source1 iter: 50 [(47%)]	Loss: 0.029476	RUL_Loss: 0.016418	mmd_Loss: 0.009937	l1_Loss: 0.003356
Train source2 iter: 50 [(47%)]	Loss: 0.038233	RUL_Loss: 0.022640	mmd_Loss: 0.012074	l1_Loss: 0.003801
Train source3 iter: 50 [(47%)]	Loss: 0.056578	RUL_Loss: 0.036299	mmd_Loss: 0.014946	l1_Loss: 0.005700


Train source1 iter: 60 [(57%)]	Loss: 0.034402	RUL_Loss: 0.017292	mmd_Loss: 0.012813	l1_Loss: 0.004416
Train source2 iter: 60 [(57%)]	Loss: 0.039395	RUL_Loss: 0.024301	mmd_Loss: 0.011720	l1_Loss: 0.003479
Train source3 iter: 60 [(57%)]	Loss: 0.057348	RUL_Loss: 0.036128	mmd_Loss: 0.016121	l1_Loss: 0.005247


Train source1 iter: 70 [(66%)]	Loss: 0.030409	RUL_Loss: 0.018937	mmd_Loss: 0.007961	l1_Loss: 0.003542
Train source2 iter: 70 [(66%)]	Loss: 0.040109	RUL_Loss: 0.025396	mmd_Loss: 0.011579	l1_Loss: 0.003174
Train source3 iter: 70 [(66%)]	Loss: 0.054934	RUL_Loss: 0.034006	mmd_Loss: 0.016658	l1_Loss: 0.004328


Train source1 iter: 80 [(75%)]	Loss: 0.032423	RUL_Loss: 0.017029	mmd_Loss: 0.011700	l1_Loss: 0.003711
Train source2 iter: 80 [(75%)]	Loss: 0.038967	RUL_Loss: 0.025259	mmd_Loss: 0.010084	l1_Loss: 0.003638
Train source3 iter: 80 [(75%)]	Loss: 0.057612	RUL_Loss: 0.037162	mmd_Loss: 0.015320	l1_Loss: 0.005152


Train source1 iter: 90 [(85%)]	Loss: 0.037603	RUL_Loss: 0.019151	mmd_Loss: 0.014910	l1_Loss: 0.003549
Train source2 iter: 90 [(85%)]	Loss: 0.043877	RUL_Loss: 0.025190	mmd_Loss: 0.015252	l1_Loss: 0.003441
Train source3 iter: 90 [(85%)]	Loss: 0.057636	RUL_Loss: 0.037295	mmd_Loss: 0.015703	l1_Loss: 0.004647


Train source1 iter: 100 [(94%)]	Loss: 0.032815	RUL_Loss: 0.018656	mmd_Loss: 0.010368	l1_Loss: 0.003794
Train source2 iter: 100 [(94%)]	Loss: 0.039428	RUL_Loss: 0.023850	mmd_Loss: 0.011914	l1_Loss: 0.003667
Train source3 iter: 100 [(94%)]	Loss: 0.057716	RUL_Loss: 0.037659	mmd_Loss: 0.014990	l1_Loss: 0.005070


Train epochs:13.000000	
Train source1 iter: 10 [(9%)]	Loss: 0.023089	RUL_Loss: 0.017610	mmd_Loss: 0.008777	l1_Loss: 0.003686
Train source2 iter: 10 [(9%)]	Loss: 0.033358	RUL_Loss: 0.026419	mmd_Loss: 0.011860	l1_Loss: 0.003927
Train source3 iter: 10 [(9%)]	Loss: 0.043487	RUL_Loss: 0.035046	mmd_Loss: 0.014680	l1_Loss: 0.004524


Train source1 iter: 20 [(19%)]	Loss: 0.029700	RUL_Loss: 0.017501	mmd_Loss: 0.012474	l1_Loss: 0.004084
Train source2 iter: 20 [(19%)]	Loss: 0.034057	RUL_Loss: 0.022630	mmd_Loss: 0.011669	l1_Loss: 0.003841
Train source3 iter: 20 [(19%)]	Loss: 0.053639	RUL_Loss: 0.040260	mmd_Loss: 0.013735	l1_Loss: 0.004423


Train source1 iter: 30 [(28%)]	Loss: 0.030240	RUL_Loss: 0.018746	mmd_Loss: 0.009567	l1_Loss: 0.003368
Train source2 iter: 30 [(28%)]	Loss: 0.034893	RUL_Loss: 0.022026	mmd_Loss: 0.010790	l1_Loss: 0.003690
Train source3 iter: 30 [(28%)]	Loss: 0.054524	RUL_Loss: 0.037373	mmd_Loss: 0.014770	l1_Loss: 0.004531


Train source1 iter: 40 [(38%)]	Loss: 0.036774	RUL_Loss: 0.018141	mmd_Loss: 0.016152	l1_Loss: 0.003357
Train source2 iter: 40 [(38%)]	Loss: 0.036979	RUL_Loss: 0.023696	mmd_Loss: 0.010544	l1_Loss: 0.003363
Train source3 iter: 40 [(38%)]	Loss: 0.058210	RUL_Loss: 0.037764	mmd_Loss: 0.016846	l1_Loss: 0.004561


Train source1 iter: 50 [(47%)]	Loss: 0.031759	RUL_Loss: 0.018713	mmd_Loss: 0.010002	l1_Loss: 0.003280
Train source2 iter: 50 [(47%)]	Loss: 0.038069	RUL_Loss: 0.024549	mmd_Loss: 0.010266	l1_Loss: 0.003497
Train source3 iter: 50 [(47%)]	Loss: 0.055379	RUL_Loss: 0.036503	mmd_Loss: 0.014352	l1_Loss: 0.004865


Train source1 iter: 60 [(57%)]	Loss: 0.032279	RUL_Loss: 0.017617	mmd_Loss: 0.011263	l1_Loss: 0.003501
Train source2 iter: 60 [(57%)]	Loss: 0.037270	RUL_Loss: 0.025484	mmd_Loss: 0.008230	l1_Loss: 0.003638
Train source3 iter: 60 [(57%)]	Loss: 0.057073	RUL_Loss: 0.034378	mmd_Loss: 0.017884	l1_Loss: 0.004969


Train source1 iter: 70 [(66%)]	Loss: 0.029792	RUL_Loss: 0.015773	mmd_Loss: 0.010856	l1_Loss: 0.003201
Train source2 iter: 70 [(66%)]	Loss: 0.039949	RUL_Loss: 0.024889	mmd_Loss: 0.011513	l1_Loss: 0.003588
Train source3 iter: 70 [(66%)]	Loss: 0.060050	RUL_Loss: 0.039336	mmd_Loss: 0.015762	l1_Loss: 0.005008


Train source1 iter: 80 [(75%)]	Loss: 0.032202	RUL_Loss: 0.018330	mmd_Loss: 0.010671	l1_Loss: 0.003215
Train source2 iter: 80 [(75%)]	Loss: 0.040077	RUL_Loss: 0.025352	mmd_Loss: 0.011473	l1_Loss: 0.003268
Train source3 iter: 80 [(75%)]	Loss: 0.052227	RUL_Loss: 0.033566	mmd_Loss: 0.014781	l1_Loss: 0.003900


Train source1 iter: 90 [(85%)]	Loss: 0.029888	RUL_Loss: 0.016320	mmd_Loss: 0.010309	l1_Loss: 0.003265
Train source2 iter: 90 [(85%)]	Loss: 0.037393	RUL_Loss: 0.022245	mmd_Loss: 0.011407	l1_Loss: 0.003747
Train source3 iter: 90 [(85%)]	Loss: 0.058743	RUL_Loss: 0.039569	mmd_Loss: 0.014704	l1_Loss: 0.004477


Train source1 iter: 100 [(94%)]	Loss: 0.031632	RUL_Loss: 0.017366	mmd_Loss: 0.010680	l1_Loss: 0.003589
Train source2 iter: 100 [(94%)]	Loss: 0.038944	RUL_Loss: 0.024577	mmd_Loss: 0.010977	l1_Loss: 0.003391
Train source3 iter: 100 [(94%)]	Loss: 0.052717	RUL_Loss: 0.032345	mmd_Loss: 0.015890	l1_Loss: 0.004485


Train epochs:14.000000	
Train source1 iter: 10 [(9%)]	Loss: 0.024548	RUL_Loss: 0.018272	mmd_Loss: 0.010594	l1_Loss: 0.003685
Train source2 iter: 10 [(9%)]	Loss: 0.030509	RUL_Loss: 0.023863	mmd_Loss: 0.011798	l1_Loss: 0.003319
Train source3 iter: 10 [(9%)]	Loss: 0.046880	RUL_Loss: 0.036911	mmd_Loss: 0.018474	l1_Loss: 0.004206


Train source1 iter: 20 [(19%)]	Loss: 0.033402	RUL_Loss: 0.021365	mmd_Loss: 0.012669	l1_Loss: 0.003668
Train source2 iter: 20 [(19%)]	Loss: 0.035332	RUL_Loss: 0.024793	mmd_Loss: 0.010989	l1_Loss: 0.003316
Train source3 iter: 20 [(19%)]	Loss: 0.050410	RUL_Loss: 0.034166	mmd_Loss: 0.017372	l1_Loss: 0.004675


Train source1 iter: 30 [(28%)]	Loss: 0.033059	RUL_Loss: 0.019503	mmd_Loss: 0.011679	l1_Loss: 0.003577
Train source2 iter: 30 [(28%)]	Loss: 0.038520	RUL_Loss: 0.024199	mmd_Loss: 0.012754	l1_Loss: 0.003363
Train source3 iter: 30 [(28%)]	Loss: 0.055269	RUL_Loss: 0.036942	mmd_Loss: 0.016216	l1_Loss: 0.004409


Train source1 iter: 40 [(38%)]	Loss: 0.034469	RUL_Loss: 0.018326	mmd_Loss: 0.013301	l1_Loss: 0.003601
Train source2 iter: 40 [(38%)]	Loss: 0.036507	RUL_Loss: 0.024064	mmd_Loss: 0.009298	l1_Loss: 0.003729
Train source3 iter: 40 [(38%)]	Loss: 0.052465	RUL_Loss: 0.033620	mmd_Loss: 0.015067	l1_Loss: 0.004664


Train source1 iter: 50 [(47%)]	Loss: 0.029364	RUL_Loss: 0.015874	mmd_Loss: 0.010640	l1_Loss: 0.003094
Train source2 iter: 50 [(47%)]	Loss: 0.039541	RUL_Loss: 0.023241	mmd_Loss: 0.013280	l1_Loss: 0.003314
Train source3 iter: 50 [(47%)]	Loss: 0.056027	RUL_Loss: 0.037892	mmd_Loss: 0.014935	l1_Loss: 0.003527


Train source1 iter: 60 [(57%)]	Loss: 0.030304	RUL_Loss: 0.017267	mmd_Loss: 0.009871	l1_Loss: 0.003258
Train source2 iter: 60 [(57%)]	Loss: 0.038668	RUL_Loss: 0.023502	mmd_Loss: 0.011723	l1_Loss: 0.003549
Train source3 iter: 60 [(57%)]	Loss: 0.059220	RUL_Loss: 0.038634	mmd_Loss: 0.015774	l1_Loss: 0.004956


Train source1 iter: 70 [(66%)]	Loss: 0.033018	RUL_Loss: 0.019241	mmd_Loss: 0.010139	l1_Loss: 0.003675
Train source2 iter: 70 [(66%)]	Loss: 0.039140	RUL_Loss: 0.024037	mmd_Loss: 0.011319	l1_Loss: 0.003824
Train source3 iter: 70 [(66%)]	Loss: 0.055596	RUL_Loss: 0.035371	mmd_Loss: 0.016109	l1_Loss: 0.004170


Train source1 iter: 80 [(75%)]	Loss: 0.032240	RUL_Loss: 0.018123	mmd_Loss: 0.010836	l1_Loss: 0.003295
Train source2 iter: 80 [(75%)]	Loss: 0.038600	RUL_Loss: 0.024424	mmd_Loss: 0.010707	l1_Loss: 0.003484
Train source3 iter: 80 [(75%)]	Loss: 0.049895	RUL_Loss: 0.031117	mmd_Loss: 0.014279	l1_Loss: 0.004518


Train source1 iter: 90 [(85%)]	Loss: 0.034171	RUL_Loss: 0.019559	mmd_Loss: 0.011206	l1_Loss: 0.003412
Train source2 iter: 90 [(85%)]	Loss: 0.034649	RUL_Loss: 0.023398	mmd_Loss: 0.007872	l1_Loss: 0.003383
Train source3 iter: 90 [(85%)]	Loss: 0.052880	RUL_Loss: 0.033633	mmd_Loss: 0.014821	l1_Loss: 0.004433


Train source1 iter: 100 [(94%)]	Loss: 0.031876	RUL_Loss: 0.017681	mmd_Loss: 0.010282	l1_Loss: 0.003915
Train source2 iter: 100 [(94%)]	Loss: 0.034147	RUL_Loss: 0.021476	mmd_Loss: 0.009137	l1_Loss: 0.003535
Train source3 iter: 100 [(94%)]	Loss: 0.055590	RUL_Loss: 0.035534	mmd_Loss: 0.015263	l1_Loss: 0.004797


Train epochs:15.000000	
Train source1 iter: 10 [(9%)]	Loss: 0.026416	RUL_Loss: 0.019323	mmd_Loss: 0.013068	l1_Loss: 0.003068
Train source2 iter: 10 [(9%)]	Loss: 0.030799	RUL_Loss: 0.024373	mmd_Loss: 0.011273	l1_Loss: 0.003345
Train source3 iter: 10 [(9%)]	Loss: 0.044522	RUL_Loss: 0.035738	mmd_Loss: 0.015618	l1_Loss: 0.004365


Train source1 iter: 20 [(19%)]	Loss: 0.029967	RUL_Loss: 0.019592	mmd_Loss: 0.010695	l1_Loss: 0.003386
Train source2 iter: 20 [(19%)]	Loss: 0.033816	RUL_Loss: 0.025338	mmd_Loss: 0.008179	l1_Loss: 0.003327
Train source3 iter: 20 [(19%)]	Loss: 0.051216	RUL_Loss: 0.036502	mmd_Loss: 0.015549	l1_Loss: 0.004421


Train source1 iter: 30 [(28%)]	Loss: 0.031209	RUL_Loss: 0.018150	mmd_Loss: 0.011388	l1_Loss: 0.003308
Train source2 iter: 30 [(28%)]	Loss: 0.036005	RUL_Loss: 0.024061	mmd_Loss: 0.010413	l1_Loss: 0.003029
Train source3 iter: 30 [(28%)]	Loss: 0.052852	RUL_Loss: 0.034611	mmd_Loss: 0.016505	l1_Loss: 0.004024


Train source1 iter: 40 [(38%)]	Loss: 0.029470	RUL_Loss: 0.018618	mmd_Loss: 0.008219	l1_Loss: 0.003143
Train source2 iter: 40 [(38%)]	Loss: 0.037503	RUL_Loss: 0.024312	mmd_Loss: 0.010231	l1_Loss: 0.003579
Train source3 iter: 40 [(38%)]	Loss: 0.053804	RUL_Loss: 0.032357	mmd_Loss: 0.018001	l1_Loss: 0.004454


Train source1 iter: 50 [(47%)]	Loss: 0.031962	RUL_Loss: 0.017014	mmd_Loss: 0.012305	l1_Loss: 0.002913
Train source2 iter: 50 [(47%)]	Loss: 0.036924	RUL_Loss: 0.024405	mmd_Loss: 0.009772	l1_Loss: 0.002973
Train source3 iter: 50 [(47%)]	Loss: 0.053167	RUL_Loss: 0.033775	mmd_Loss: 0.015816	l1_Loss: 0.003926


Train source1 iter: 60 [(57%)]	Loss: 0.029066	RUL_Loss: 0.017016	mmd_Loss: 0.009472	l1_Loss: 0.002662
Train source2 iter: 60 [(57%)]	Loss: 0.038219	RUL_Loss: 0.022893	mmd_Loss: 0.012539	l1_Loss: 0.002894
Train source3 iter: 60 [(57%)]	Loss: 0.055301	RUL_Loss: 0.035270	mmd_Loss: 0.015567	l1_Loss: 0.004604


Train source1 iter: 70 [(66%)]	Loss: 0.033869	RUL_Loss: 0.019592	mmd_Loss: 0.011166	l1_Loss: 0.003149
Train source2 iter: 70 [(66%)]	Loss: 0.035854	RUL_Loss: 0.023593	mmd_Loss: 0.009268	l1_Loss: 0.003026
Train source3 iter: 70 [(66%)]	Loss: 0.053761	RUL_Loss: 0.033723	mmd_Loss: 0.015756	l1_Loss: 0.004336


Train source1 iter: 80 [(75%)]	Loss: 0.041817	RUL_Loss: 0.017858	mmd_Loss: 0.020489	l1_Loss: 0.003496
Train source2 iter: 80 [(75%)]	Loss: 0.040195	RUL_Loss: 0.026263	mmd_Loss: 0.011046	l1_Loss: 0.002901
Train source3 iter: 80 [(75%)]	Loss: 0.057870	RUL_Loss: 0.037327	mmd_Loss: 0.016185	l1_Loss: 0.004379


Train source1 iter: 90 [(85%)]	Loss: 0.042727	RUL_Loss: 0.019117	mmd_Loss: 0.020404	l1_Loss: 0.003216
Train source2 iter: 90 [(85%)]	Loss: 0.035250	RUL_Loss: 0.022846	mmd_Loss: 0.009138	l1_Loss: 0.003271
Train source3 iter: 90 [(85%)]	Loss: 0.055689	RUL_Loss: 0.034568	mmd_Loss: 0.016766	l1_Loss: 0.004364


Train source1 iter: 100 [(94%)]	Loss: 0.029454	RUL_Loss: 0.016803	mmd_Loss: 0.009228	l1_Loss: 0.003425
Train source2 iter: 100 [(94%)]	Loss: 0.041439	RUL_Loss: 0.024013	mmd_Loss: 0.014318	l1_Loss: 0.003111
Train source3 iter: 100 [(94%)]	Loss: 0.059425	RUL_Loss: 0.034830	mmd_Loss: 0.020171	l1_Loss: 0.004427


Train epochs:16.000000	
Train source1 iter: 10 [(9%)]	Loss: 0.023222	RUL_Loss: 0.017521	mmd_Loss: 0.008779	l1_Loss: 0.004191
Train source2 iter: 10 [(9%)]	Loss: 0.026407	RUL_Loss: 0.020473	mmd_Loss: 0.009708	l1_Loss: 0.003792
Train source3 iter: 10 [(9%)]	Loss: 0.047205	RUL_Loss: 0.037965	mmd_Loss: 0.015173	l1_Loss: 0.005847


Train source1 iter: 20 [(19%)]	Loss: 0.026366	RUL_Loss: 0.017755	mmd_Loss: 0.008271	l1_Loss: 0.003416
Train source2 iter: 20 [(19%)]	Loss: 0.035533	RUL_Loss: 0.023963	mmd_Loss: 0.012388	l1_Loss: 0.003315
Train source3 iter: 20 [(19%)]	Loss: 0.048984	RUL_Loss: 0.034857	mmd_Loss: 0.013816	l1_Loss: 0.005358


Train source1 iter: 30 [(28%)]	Loss: 0.028135	RUL_Loss: 0.018251	mmd_Loss: 0.008085	l1_Loss: 0.003040
Train source2 iter: 30 [(28%)]	Loss: 0.036847	RUL_Loss: 0.022437	mmd_Loss: 0.012885	l1_Loss: 0.003332
Train source3 iter: 30 [(28%)]	Loss: 0.050447	RUL_Loss: 0.033384	mmd_Loss: 0.014322	l1_Loss: 0.004881


Train source1 iter: 40 [(38%)]	Loss: 0.027282	RUL_Loss: 0.016182	mmd_Loss: 0.008461	l1_Loss: 0.003161
Train source2 iter: 40 [(38%)]	Loss: 0.037359	RUL_Loss: 0.023848	mmd_Loss: 0.010794	l1_Loss: 0.003352
Train source3 iter: 40 [(38%)]	Loss: 0.052905	RUL_Loss: 0.034836	mmd_Loss: 0.014372	l1_Loss: 0.004547


Train source1 iter: 50 [(47%)]	Loss: 0.031250	RUL_Loss: 0.018817	mmd_Loss: 0.008962	l1_Loss: 0.003696
Train source2 iter: 50 [(47%)]	Loss: 0.037811	RUL_Loss: 0.025014	mmd_Loss: 0.009921	l1_Loss: 0.003107
Train source3 iter: 50 [(47%)]	Loss: 0.049711	RUL_Loss: 0.031786	mmd_Loss: 0.013595	l1_Loss: 0.004653


Train source1 iter: 60 [(57%)]	Loss: 0.031591	RUL_Loss: 0.017100	mmd_Loss: 0.011222	l1_Loss: 0.003370
Train source2 iter: 60 [(57%)]	Loss: 0.038386	RUL_Loss: 0.024494	mmd_Loss: 0.010754	l1_Loss: 0.003235
Train source3 iter: 60 [(57%)]	Loss: 0.049680	RUL_Loss: 0.029534	mmd_Loss: 0.015372	l1_Loss: 0.004914


Train source1 iter: 70 [(66%)]	Loss: 0.029853	RUL_Loss: 0.019105	mmd_Loss: 0.007421	l1_Loss: 0.003356
Train source2 iter: 70 [(66%)]	Loss: 0.036923	RUL_Loss: 0.023109	mmd_Loss: 0.010701	l1_Loss: 0.003151
Train source3 iter: 70 [(66%)]	Loss: 0.051590	RUL_Loss: 0.031334	mmd_Loss: 0.015105	l1_Loss: 0.005207


Train source1 iter: 80 [(75%)]	Loss: 0.032104	RUL_Loss: 0.017366	mmd_Loss: 0.011358	l1_Loss: 0.003396
Train source2 iter: 80 [(75%)]	Loss: 0.040156	RUL_Loss: 0.024721	mmd_Loss: 0.011886	l1_Loss: 0.003566
Train source3 iter: 80 [(75%)]	Loss: 0.052956	RUL_Loss: 0.032786	mmd_Loss: 0.015286	l1_Loss: 0.004905


Train source1 iter: 90 [(85%)]	Loss: 0.030768	RUL_Loss: 0.018048	mmd_Loss: 0.009407	l1_Loss: 0.003318
Train source2 iter: 90 [(85%)]	Loss: 0.040950	RUL_Loss: 0.024171	mmd_Loss: 0.013174	l1_Loss: 0.003611
Train source3 iter: 90 [(85%)]	Loss: 0.053150	RUL_Loss: 0.034927	mmd_Loss: 0.013783	l1_Loss: 0.004447


Train source1 iter: 100 [(94%)]	Loss: 0.031019	RUL_Loss: 0.017764	mmd_Loss: 0.010048	l1_Loss: 0.003208
Train source2 iter: 100 [(94%)]	Loss: 0.037760	RUL_Loss: 0.022297	mmd_Loss: 0.011512	l1_Loss: 0.003953
Train source3 iter: 100 [(94%)]	Loss: 0.053397	RUL_Loss: 0.034500	mmd_Loss: 0.014364	l1_Loss: 0.004536


Train epochs:17.000000	
Train source1 iter: 10 [(9%)]	Loss: 0.025324	RUL_Loss: 0.017449	mmd_Loss: 0.014915	l1_Loss: 0.002999
Train source2 iter: 10 [(9%)]	Loss: 0.031378	RUL_Loss: 0.024256	mmd_Loss: 0.012532	l1_Loss: 0.003671
Train source3 iter: 10 [(9%)]	Loss: 0.043969	RUL_Loss: 0.034618	mmd_Loss: 0.016724	l1_Loss: 0.004549


Train source1 iter: 20 [(19%)]	Loss: 0.029483	RUL_Loss: 0.018996	mmd_Loss: 0.010558	l1_Loss: 0.003676
Train source2 iter: 20 [(19%)]	Loss: 0.031759	RUL_Loss: 0.021983	mmd_Loss: 0.009701	l1_Loss: 0.003568
Train source3 iter: 20 [(19%)]	Loss: 0.049844	RUL_Loss: 0.032699	mmd_Loss: 0.017843	l1_Loss: 0.005427


Train source1 iter: 30 [(28%)]	Loss: 0.029990	RUL_Loss: 0.016880	mmd_Loss: 0.011371	l1_Loss: 0.003383
Train source2 iter: 30 [(28%)]	Loss: 0.037365	RUL_Loss: 0.023096	mmd_Loss: 0.012738	l1_Loss: 0.003320
Train source3 iter: 30 [(28%)]	Loss: 0.050254	RUL_Loss: 0.032442	mmd_Loss: 0.015336	l1_Loss: 0.004710


Train source1 iter: 40 [(38%)]	Loss: 0.029538	RUL_Loss: 0.016835	mmd_Loss: 0.010221	l1_Loss: 0.003080
Train source2 iter: 40 [(38%)]	Loss: 0.032226	RUL_Loss: 0.020431	mmd_Loss: 0.008754	l1_Loss: 0.003596
Train source3 iter: 40 [(38%)]	Loss: 0.053776	RUL_Loss: 0.033171	mmd_Loss: 0.016381	l1_Loss: 0.005193


Train source1 iter: 50 [(47%)]	Loss: 0.031736	RUL_Loss: 0.018612	mmd_Loss: 0.010159	l1_Loss: 0.003202
Train source2 iter: 50 [(47%)]	Loss: 0.035167	RUL_Loss: 0.020908	mmd_Loss: 0.011216	l1_Loss: 0.003300
Train source3 iter: 50 [(47%)]	Loss: 0.055356	RUL_Loss: 0.035850	mmd_Loss: 0.014056	l1_Loss: 0.005802


Train source1 iter: 60 [(57%)]	Loss: 0.028867	RUL_Loss: 0.014641	mmd_Loss: 0.011513	l1_Loss: 0.002812
Train source2 iter: 60 [(57%)]	Loss: 0.035180	RUL_Loss: 0.022225	mmd_Loss: 0.009342	l1_Loss: 0.003704
Train source3 iter: 60 [(57%)]	Loss: 0.053256	RUL_Loss: 0.033839	mmd_Loss: 0.014345	l1_Loss: 0.005207


Train source1 iter: 70 [(66%)]	Loss: 0.029693	RUL_Loss: 0.017645	mmd_Loss: 0.008952	l1_Loss: 0.003129
Train source2 iter: 70 [(66%)]	Loss: 0.033945	RUL_Loss: 0.021633	mmd_Loss: 0.009023	l1_Loss: 0.003323
Train source3 iter: 70 [(66%)]	Loss: 0.054752	RUL_Loss: 0.033958	mmd_Loss: 0.015666	l1_Loss: 0.005185


Train source1 iter: 80 [(75%)]	Loss: 0.030609	RUL_Loss: 0.016782	mmd_Loss: 0.010488	l1_Loss: 0.003353
Train source2 iter: 80 [(75%)]	Loss: 0.037175	RUL_Loss: 0.023150	mmd_Loss: 0.010546	l1_Loss: 0.003493
Train source3 iter: 80 [(75%)]	Loss: 0.057009	RUL_Loss: 0.038296	mmd_Loss: 0.014198	l1_Loss: 0.004535


Train source1 iter: 90 [(85%)]	Loss: 0.035999	RUL_Loss: 0.018049	mmd_Loss: 0.014739	l1_Loss: 0.003219
Train source2 iter: 90 [(85%)]	Loss: 0.036044	RUL_Loss: 0.024672	mmd_Loss: 0.007480	l1_Loss: 0.003897
Train source3 iter: 90 [(85%)]	Loss: 0.054072	RUL_Loss: 0.033966	mmd_Loss: 0.014935	l1_Loss: 0.005180


Train source1 iter: 100 [(94%)]	Loss: 0.032498	RUL_Loss: 0.018195	mmd_Loss: 0.011179	l1_Loss: 0.003126
Train source2 iter: 100 [(94%)]	Loss: 0.037494	RUL_Loss: 0.021469	mmd_Loss: 0.012463	l1_Loss: 0.003565
Train source3 iter: 100 [(94%)]	Loss: 0.053284	RUL_Loss: 0.033636	mmd_Loss: 0.014508	l1_Loss: 0.005144


Train epochs:18.000000	
Train source1 iter: 10 [(9%)]	Loss: 0.025615	RUL_Loss: 0.019333	mmd_Loss: 0.010788	l1_Loss: 0.003505
Train source2 iter: 10 [(9%)]	Loss: 0.029286	RUL_Loss: 0.023522	mmd_Loss: 0.008991	l1_Loss: 0.004122
Train source3 iter: 10 [(9%)]	Loss: 0.044131	RUL_Loss: 0.035846	mmd_Loss: 0.013491	l1_Loss: 0.005357


Train source1 iter: 20 [(19%)]	Loss: 0.027971	RUL_Loss: 0.018702	mmd_Loss: 0.009504	l1_Loss: 0.003077
Train source2 iter: 20 [(19%)]	Loss: 0.032923	RUL_Loss: 0.023409	mmd_Loss: 0.009525	l1_Loss: 0.003388
Train source3 iter: 20 [(19%)]	Loss: 0.050763	RUL_Loss: 0.036166	mmd_Loss: 0.015029	l1_Loss: 0.004783


Train source1 iter: 30 [(28%)]	Loss: 0.030183	RUL_Loss: 0.019872	mmd_Loss: 0.008338	l1_Loss: 0.003266
Train source2 iter: 30 [(28%)]	Loss: 0.032334	RUL_Loss: 0.020595	mmd_Loss: 0.009630	l1_Loss: 0.003581
Train source3 iter: 30 [(28%)]	Loss: 0.048326	RUL_Loss: 0.030503	mmd_Loss: 0.015039	l1_Loss: 0.005019


Train source1 iter: 40 [(38%)]	Loss: 0.030180	RUL_Loss: 0.017832	mmd_Loss: 0.009307	l1_Loss: 0.003621
Train source2 iter: 40 [(38%)]	Loss: 0.033869	RUL_Loss: 0.021351	mmd_Loss: 0.009572	l1_Loss: 0.003535
Train source3 iter: 40 [(38%)]	Loss: 0.051986	RUL_Loss: 0.033153	mmd_Loss: 0.014915	l1_Loss: 0.004803


Train source1 iter: 50 [(47%)]	Loss: 0.031818	RUL_Loss: 0.017578	mmd_Loss: 0.010766	l1_Loss: 0.003731
Train source2 iter: 50 [(47%)]	Loss: 0.035245	RUL_Loss: 0.022359	mmd_Loss: 0.009592	l1_Loss: 0.003527
Train source3 iter: 50 [(47%)]	Loss: 0.057462	RUL_Loss: 0.037850	mmd_Loss: 0.014193	l1_Loss: 0.005772


Train source1 iter: 60 [(57%)]	Loss: 0.030300	RUL_Loss: 0.016045	mmd_Loss: 0.011154	l1_Loss: 0.003200
Train source2 iter: 60 [(57%)]	Loss: 0.036601	RUL_Loss: 0.023670	mmd_Loss: 0.009364	l1_Loss: 0.003657
Train source3 iter: 60 [(57%)]	Loss: 0.054055	RUL_Loss: 0.034762	mmd_Loss: 0.014956	l1_Loss: 0.004472


Train source1 iter: 70 [(66%)]	Loss: 0.028608	RUL_Loss: 0.016691	mmd_Loss: 0.008548	l1_Loss: 0.003401
Train source2 iter: 70 [(66%)]	Loss: 0.034256	RUL_Loss: 0.022138	mmd_Loss: 0.008950	l1_Loss: 0.003200
Train source3 iter: 70 [(66%)]	Loss: 0.053512	RUL_Loss: 0.034355	mmd_Loss: 0.014526	l1_Loss: 0.004684


Train source1 iter: 80 [(75%)]	Loss: 0.031232	RUL_Loss: 0.018900	mmd_Loss: 0.009297	l1_Loss: 0.003048
Train source2 iter: 80 [(75%)]	Loss: 0.039050	RUL_Loss: 0.025234	mmd_Loss: 0.010339	l1_Loss: 0.003492
Train source3 iter: 80 [(75%)]	Loss: 0.056355	RUL_Loss: 0.038625	mmd_Loss: 0.013479	l1_Loss: 0.004270


Train source1 iter: 90 [(85%)]	Loss: 0.030419	RUL_Loss: 0.016711	mmd_Loss: 0.010418	l1_Loss: 0.003296
Train source2 iter: 90 [(85%)]	Loss: 0.039665	RUL_Loss: 0.023956	mmd_Loss: 0.012400	l1_Loss: 0.003315
Train source3 iter: 90 [(85%)]	Loss: 0.054066	RUL_Loss: 0.034644	mmd_Loss: 0.014149	l1_Loss: 0.005281


Train source1 iter: 100 [(94%)]	Loss: 0.033583	RUL_Loss: 0.019271	mmd_Loss: 0.010682	l1_Loss: 0.003632
Train source2 iter: 100 [(94%)]	Loss: 0.038704	RUL_Loss: 0.021775	mmd_Loss: 0.013719	l1_Loss: 0.003213
Train source3 iter: 100 [(94%)]	Loss: 0.059275	RUL_Loss: 0.040708	mmd_Loss: 0.014045	l1_Loss: 0.004525


Train epochs:19.000000	
Train source1 iter: 10 [(9%)]	Loss: 0.023754	RUL_Loss: 0.017107	mmd_Loss: 0.011650	l1_Loss: 0.003471
Train source2 iter: 10 [(9%)]	Loss: 0.032401	RUL_Loss: 0.025735	mmd_Loss: 0.011195	l1_Loss: 0.003971
Train source3 iter: 10 [(9%)]	Loss: 0.041195	RUL_Loss: 0.032567	mmd_Loss: 0.014400	l1_Loss: 0.005230


Train source1 iter: 20 [(19%)]	Loss: 0.027424	RUL_Loss: 0.018577	mmd_Loss: 0.008740	l1_Loss: 0.003267
Train source2 iter: 20 [(19%)]	Loss: 0.034801	RUL_Loss: 0.023838	mmd_Loss: 0.011684	l1_Loss: 0.003196
Train source3 iter: 20 [(19%)]	Loss: 0.048943	RUL_Loss: 0.033889	mmd_Loss: 0.015673	l1_Loss: 0.004759


Train source1 iter: 30 [(28%)]	Loss: 0.027739	RUL_Loss: 0.016760	mmd_Loss: 0.008780	l1_Loss: 0.003577
Train source2 iter: 30 [(28%)]	Loss: 0.032160	RUL_Loss: 0.020808	mmd_Loss: 0.009273	l1_Loss: 0.003503
Train source3 iter: 30 [(28%)]	Loss: 0.053201	RUL_Loss: 0.034784	mmd_Loss: 0.015224	l1_Loss: 0.005502


Train source1 iter: 40 [(38%)]	Loss: 0.034962	RUL_Loss: 0.017720	mmd_Loss: 0.014647	l1_Loss: 0.003406
Train source2 iter: 40 [(38%)]	Loss: 0.039673	RUL_Loss: 0.024730	mmd_Loss: 0.012211	l1_Loss: 0.003435
Train source3 iter: 40 [(38%)]	Loss: 0.052176	RUL_Loss: 0.033017	mmd_Loss: 0.015230	l1_Loss: 0.004830


Train source1 iter: 50 [(47%)]	Loss: 0.033613	RUL_Loss: 0.018071	mmd_Loss: 0.012376	l1_Loss: 0.003446
Train source2 iter: 50 [(47%)]	Loss: 0.033909	RUL_Loss: 0.022041	mmd_Loss: 0.008587	l1_Loss: 0.003495
Train source3 iter: 50 [(47%)]	Loss: 0.050411	RUL_Loss: 0.030920	mmd_Loss: 0.015287	l1_Loss: 0.004556


Train source1 iter: 60 [(57%)]	Loss: 0.031849	RUL_Loss: 0.018100	mmd_Loss: 0.010507	l1_Loss: 0.003339
Train source2 iter: 60 [(57%)]	Loss: 0.035305	RUL_Loss: 0.022345	mmd_Loss: 0.009758	l1_Loss: 0.003292
Train source3 iter: 60 [(57%)]	Loss: 0.050200	RUL_Loss: 0.030361	mmd_Loss: 0.014147	l1_Loss: 0.005830


Train source1 iter: 70 [(66%)]	Loss: 0.027909	RUL_Loss: 0.016152	mmd_Loss: 0.008025	l1_Loss: 0.003764
Train source2 iter: 70 [(66%)]	Loss: 0.032115	RUL_Loss: 0.020566	mmd_Loss: 0.008071	l1_Loss: 0.003510
Train source3 iter: 70 [(66%)]	Loss: 0.052272	RUL_Loss: 0.032244	mmd_Loss: 0.014590	l1_Loss: 0.005492


Train source1 iter: 80 [(75%)]	Loss: 0.029601	RUL_Loss: 0.016793	mmd_Loss: 0.009320	l1_Loss: 0.003502
Train source2 iter: 80 [(75%)]	Loss: 0.036421	RUL_Loss: 0.023011	mmd_Loss: 0.009722	l1_Loss: 0.003702
Train source3 iter: 80 [(75%)]	Loss: 0.055255	RUL_Loss: 0.034602	mmd_Loss: 0.015742	l1_Loss: 0.004933


Train source1 iter: 90 [(85%)]	Loss: 0.027570	RUL_Loss: 0.014618	mmd_Loss: 0.009478	l1_Loss: 0.003479
Train source2 iter: 90 [(85%)]	Loss: 0.036542	RUL_Loss: 0.021813	mmd_Loss: 0.011055	l1_Loss: 0.003680
Train source3 iter: 90 [(85%)]	Loss: 0.050336	RUL_Loss: 0.031111	mmd_Loss: 0.014433	l1_Loss: 0.004801


Train source1 iter: 100 [(94%)]	Loss: 0.033923	RUL_Loss: 0.017167	mmd_Loss: 0.013484	l1_Loss: 0.003276
Train source2 iter: 100 [(94%)]	Loss: 0.041061	RUL_Loss: 0.024018	mmd_Loss: 0.013746	l1_Loss: 0.003300
Train source3 iter: 100 [(94%)]	Loss: 0.055335	RUL_Loss: 0.035152	mmd_Loss: 0.015288	l1_Loss: 0.004898


Train epochs:20.000000	
Train source1 iter: 10 [(9%)]	Loss: 0.024533	RUL_Loss: 0.016521	mmd_Loss: 0.013916	l1_Loss: 0.004309
Train source2 iter: 10 [(9%)]	Loss: 0.028837	RUL_Loss: 0.022604	mmd_Loss: 0.010945	l1_Loss: 0.003235
Train source3 iter: 10 [(9%)]	Loss: 0.041990	RUL_Loss: 0.032773	mmd_Loss: 0.015802	l1_Loss: 0.005167


Train source1 iter: 20 [(19%)]	Loss: 0.029339	RUL_Loss: 0.016315	mmd_Loss: 0.013892	l1_Loss: 0.003785
Train source2 iter: 20 [(19%)]	Loss: 0.031271	RUL_Loss: 0.020428	mmd_Loss: 0.010858	l1_Loss: 0.003858
Train source3 iter: 20 [(19%)]	Loss: 0.050215	RUL_Loss: 0.034862	mmd_Loss: 0.015241	l1_Loss: 0.005598


Train source1 iter: 30 [(28%)]	Loss: 0.027765	RUL_Loss: 0.016600	mmd_Loss: 0.008846	l1_Loss: 0.003720
Train source2 iter: 30 [(28%)]	Loss: 0.034698	RUL_Loss: 0.022070	mmd_Loss: 0.010685	l1_Loss: 0.003527
Train source3 iter: 30 [(28%)]	Loss: 0.053875	RUL_Loss: 0.036208	mmd_Loss: 0.014562	l1_Loss: 0.005320


Train source1 iter: 40 [(38%)]	Loss: 0.038585	RUL_Loss: 0.017697	mmd_Loss: 0.018016	l1_Loss: 0.003855
Train source2 iter: 40 [(38%)]	Loss: 0.036178	RUL_Loss: 0.023487	mmd_Loss: 0.009762	l1_Loss: 0.003525
Train source3 iter: 40 [(38%)]	Loss: 0.053237	RUL_Loss: 0.032660	mmd_Loss: 0.015851	l1_Loss: 0.005694


Train source1 iter: 50 [(47%)]	Loss: 0.027708	RUL_Loss: 0.016532	mmd_Loss: 0.007403	l1_Loss: 0.003975
Train source2 iter: 50 [(47%)]	Loss: 0.035726	RUL_Loss: 0.022177	mmd_Loss: 0.010568	l1_Loss: 0.003225
Train source3 iter: 50 [(47%)]	Loss: 0.054045	RUL_Loss: 0.035470	mmd_Loss: 0.013665	l1_Loss: 0.005245


Train source1 iter: 60 [(57%)]	Loss: 0.029331	RUL_Loss: 0.017209	mmd_Loss: 0.008387	l1_Loss: 0.003820
Train source2 iter: 60 [(57%)]	Loss: 0.035937	RUL_Loss: 0.022128	mmd_Loss: 0.010216	l1_Loss: 0.003689
Train source3 iter: 60 [(57%)]	Loss: 0.054205	RUL_Loss: 0.034672	mmd_Loss: 0.015381	l1_Loss: 0.004288


Train source1 iter: 70 [(66%)]	Loss: 0.026763	RUL_Loss: 0.015986	mmd_Loss: 0.007476	l1_Loss: 0.003330
Train source2 iter: 70 [(66%)]	Loss: 0.035253	RUL_Loss: 0.024112	mmd_Loss: 0.007581	l1_Loss: 0.003590
Train source3 iter: 70 [(66%)]	Loss: 0.054632	RUL_Loss: 0.036097	mmd_Loss: 0.013176	l1_Loss: 0.005410


Train source1 iter: 80 [(75%)]	Loss: 0.029250	RUL_Loss: 0.017963	mmd_Loss: 0.008217	l1_Loss: 0.003081
Train source2 iter: 80 [(75%)]	Loss: 0.037751	RUL_Loss: 0.023053	mmd_Loss: 0.011259	l1_Loss: 0.003454
Train source3 iter: 80 [(75%)]	Loss: 0.056000	RUL_Loss: 0.035251	mmd_Loss: 0.016151	l1_Loss: 0.004619


Train source1 iter: 90 [(85%)]	Loss: 0.029809	RUL_Loss: 0.017086	mmd_Loss: 0.009395	l1_Loss: 0.003333
Train source2 iter: 90 [(85%)]	Loss: 0.036972	RUL_Loss: 0.022269	mmd_Loss: 0.011336	l1_Loss: 0.003373
Train source3 iter: 90 [(85%)]	Loss: 0.052882	RUL_Loss: 0.034219	mmd_Loss: 0.014148	l1_Loss: 0.004522


Train source1 iter: 100 [(94%)]	Loss: 0.029722	RUL_Loss: 0.015291	mmd_Loss: 0.010826	l1_Loss: 0.003608
Train source2 iter: 100 [(94%)]	Loss: 0.032429	RUL_Loss: 0.020715	mmd_Loss: 0.008338	l1_Loss: 0.003378
Train source3 iter: 100 [(94%)]	Loss: 0.056277	RUL_Loss: 0.035213	mmd_Loss: 0.015568	l1_Loss: 0.005499


Train epochs:21.000000	
Train source1 iter: 10 [(9%)]	Loss: 0.024851	RUL_Loss: 0.016425	mmd_Loss: 0.015911	l1_Loss: 0.003259
Train source2 iter: 10 [(9%)]	Loss: 0.028141	RUL_Loss: 0.021853	mmd_Loss: 0.011032	l1_Loss: 0.003273
Train source3 iter: 10 [(9%)]	Loss: 0.044774	RUL_Loss: 0.036298	mmd_Loss: 0.014208	l1_Loss: 0.005077


Train source1 iter: 20 [(19%)]	Loss: 0.028359	RUL_Loss: 0.018256	mmd_Loss: 0.010539	l1_Loss: 0.003175
Train source2 iter: 20 [(19%)]	Loss: 0.031298	RUL_Loss: 0.020820	mmd_Loss: 0.010941	l1_Loss: 0.003280
Train source3 iter: 20 [(19%)]	Loss: 0.050392	RUL_Loss: 0.036155	mmd_Loss: 0.014697	l1_Loss: 0.004627


Train source1 iter: 30 [(28%)]	Loss: 0.026963	RUL_Loss: 0.016383	mmd_Loss: 0.008499	l1_Loss: 0.003408
Train source2 iter: 30 [(28%)]	Loss: 0.036335	RUL_Loss: 0.020414	mmd_Loss: 0.014918	l1_Loss: 0.002999
Train source3 iter: 30 [(28%)]	Loss: 0.054050	RUL_Loss: 0.036902	mmd_Loss: 0.014391	l1_Loss: 0.004908


Train source1 iter: 40 [(38%)]	Loss: 0.029522	RUL_Loss: 0.018617	mmd_Loss: 0.008172	l1_Loss: 0.003246
Train source2 iter: 40 [(38%)]	Loss: 0.036715	RUL_Loss: 0.024988	mmd_Loss: 0.009327	l1_Loss: 0.002952
Train source3 iter: 40 [(38%)]	Loss: 0.051484	RUL_Loss: 0.033145	mmd_Loss: 0.014572	l1_Loss: 0.004629


Train source1 iter: 50 [(47%)]	Loss: 0.029362	RUL_Loss: 0.016167	mmd_Loss: 0.010228	l1_Loss: 0.003206
Train source2 iter: 50 [(47%)]	Loss: 0.035636	RUL_Loss: 0.022621	mmd_Loss: 0.010203	l1_Loss: 0.003047
Train source3 iter: 50 [(47%)]	Loss: 0.054216	RUL_Loss: 0.035360	mmd_Loss: 0.013896	l1_Loss: 0.005300


Train source1 iter: 60 [(57%)]	Loss: 0.030001	RUL_Loss: 0.017619	mmd_Loss: 0.009093	l1_Loss: 0.003377
Train source2 iter: 60 [(57%)]	Loss: 0.034939	RUL_Loss: 0.022176	mmd_Loss: 0.009319	l1_Loss: 0.003532
Train source3 iter: 60 [(57%)]	Loss: 0.050809	RUL_Loss: 0.033572	mmd_Loss: 0.013307	l1_Loss: 0.004050


Train source1 iter: 70 [(66%)]	Loss: 0.030581	RUL_Loss: 0.017397	mmd_Loss: 0.010097	l1_Loss: 0.003124
Train source2 iter: 70 [(66%)]	Loss: 0.035094	RUL_Loss: 0.021717	mmd_Loss: 0.010439	l1_Loss: 0.002975
Train source3 iter: 70 [(66%)]	Loss: 0.054575	RUL_Loss: 0.038287	mmd_Loss: 0.012569	l1_Loss: 0.003765


Train source1 iter: 80 [(75%)]	Loss: 0.029700	RUL_Loss: 0.016451	mmd_Loss: 0.010375	l1_Loss: 0.002888
Train source2 iter: 80 [(75%)]	Loss: 0.039811	RUL_Loss: 0.025316	mmd_Loss: 0.011417	l1_Loss: 0.003094
Train source3 iter: 80 [(75%)]	Loss: 0.053286	RUL_Loss: 0.035466	mmd_Loss: 0.013047	l1_Loss: 0.004792


Train source1 iter: 90 [(85%)]	Loss: 0.027795	RUL_Loss: 0.015766	mmd_Loss: 0.008863	l1_Loss: 0.003170
Train source2 iter: 90 [(85%)]	Loss: 0.035084	RUL_Loss: 0.022686	mmd_Loss: 0.009330	l1_Loss: 0.003073
Train source3 iter: 90 [(85%)]	Loss: 0.053733	RUL_Loss: 0.034055	mmd_Loss: 0.013983	l1_Loss: 0.005702


Train source1 iter: 100 [(94%)]	Loss: 0.029873	RUL_Loss: 0.017843	mmd_Loss: 0.008821	l1_Loss: 0.003211
Train source2 iter: 100 [(94%)]	Loss: 0.031924	RUL_Loss: 0.021489	mmd_Loss: 0.007467	l1_Loss: 0.002969
Train source3 iter: 100 [(94%)]	Loss: 0.052404	RUL_Loss: 0.033209	mmd_Loss: 0.014340	l1_Loss: 0.004858


Train epochs:22.000000	
