当前日期和时间： 2023-03-15_11_06_33
training settings:	 lr: 0.001 momentum: 0.9 l2_decay: 0.01 optimizer: Adam seed: 1024
model architecture:
 MFSAN(
  (sharedNet): CFE(
    (conv1): Conv1d(14, 32, kernel_size=(3,), stride=(1,), padding=(1,), bias=False)
    (bn1): BatchNorm1d(32, eps=1e-05, momentum=0.1, affine=True, track_running_stats=True)
    (conv2): Conv1d(32, 64, kernel_size=(2,), stride=(1,), padding=(1,), bias=False)
    (bn2): BatchNorm1d(64, eps=1e-05, momentum=0.1, affine=True, track_running_stats=True)
    (conv3): Conv1d(64, 128, kernel_size=(2,), stride=(1,), bias=False)
    (bn3): BatchNorm1d(128, eps=1e-05, momentum=0.1, affine=True, track_running_stats=True)
    (relu): ReLU(inplace=True)
    (flatten): Flatten(start_dim=1, end_dim=-1)
  )
  (sonnet1): DFE(
    (rnn): LSTM(128, 100, num_layers=2, batch_first=True, dropout=0.2, bidirectional=True)
  )
  (sonnet2): DFE(
    (rnn): LSTM(128, 100, num_layers=2, batch_first=True, dropout=0.2, bidirectional=True)
  )
  (sonnet3): DFE(
    (rnn): LSTM(128, 100, num_layers=2, batch_first=True, dropout=0.2, bidirectional=True)
  )
  (rul_fc_son1): Linear(in_features=199, out_features=1, bias=True)
  (rul_fc_son2): Linear(in_features=199, out_features=1, bias=True)
  (rul_fc_son3): Linear(in_features=199, out_features=1, bias=True)
  (avgpool): AvgPool1d(kernel_size=(2,), stride=(1,), padding=(0,))
)
FD001 FD002 FD004 to FD003
Train source1 iter: 10 [(9%)]	Loss: 0.083453	RUL_Loss: 0.040712	mmd_Loss: 0.029959	l1_Loss: 0.067274
Train source2 iter: 10 [(9%)]	Loss: 0.167308	RUL_Loss: 0.118910	mmd_Loss: 0.034901	l1_Loss: 0.075201
Train source3 iter: 10 [(9%)]	Loss: 0.483823	RUL_Loss: 0.398474	mmd_Loss: 0.078095	l1_Loss: 0.116070


Train source1 iter: 20 [(19%)]	Loss: 0.108665	RUL_Loss: 0.039913	mmd_Loss: 0.031610	l1_Loss: 0.061703
Train source2 iter: 20 [(19%)]	Loss: 0.186295	RUL_Loss: 0.115859	mmd_Loss: 0.029550	l1_Loss: 0.066049
Train source3 iter: 20 [(19%)]	Loss: 0.521620	RUL_Loss: 0.388528	mmd_Loss: 0.072861	l1_Loss: 0.107779


Train source1 iter: 30 [(28%)]	Loss: 0.120671	RUL_Loss: 0.035750	mmd_Loss: 0.030436	l1_Loss: 0.065134
Train source2 iter: 30 [(28%)]	Loss: 0.210188	RUL_Loss: 0.116466	mmd_Loss: 0.036675	l1_Loss: 0.068799
Train source3 iter: 30 [(28%)]	Loss: 0.550041	RUL_Loss: 0.384186	mmd_Loss: 0.075496	l1_Loss: 0.111157


Train source1 iter: 40 [(38%)]	Loss: 0.131568	RUL_Loss: 0.041002	mmd_Loss: 0.030593	l1_Loss: 0.064231
Train source2 iter: 40 [(38%)]	Loss: 0.202088	RUL_Loss: 0.109497	mmd_Loss: 0.029023	l1_Loss: 0.067922
Train source3 iter: 40 [(38%)]	Loss: 0.589329	RUL_Loss: 0.414457	mmd_Loss: 0.074100	l1_Loss: 0.108995


Train source1 iter: 50 [(47%)]	Loss: 0.134908	RUL_Loss: 0.041174	mmd_Loss: 0.031731	l1_Loss: 0.063695
Train source2 iter: 50 [(47%)]	Loss: 0.214342	RUL_Loss: 0.115518	mmd_Loss: 0.033943	l1_Loss: 0.066664
Train source3 iter: 50 [(47%)]	Loss: 0.569383	RUL_Loss: 0.386551	mmd_Loss: 0.076026	l1_Loss: 0.110106


Train source1 iter: 60 [(57%)]	Loss: 0.135964	RUL_Loss: 0.042017	mmd_Loss: 0.030843	l1_Loss: 0.063760
Train source2 iter: 60 [(57%)]	Loss: 0.218786	RUL_Loss: 0.120929	mmd_Loss: 0.030990	l1_Loss: 0.067551
Train source3 iter: 60 [(57%)]	Loss: 0.576365	RUL_Loss: 0.401790	mmd_Loss: 0.068319	l1_Loss: 0.107476


Train source1 iter: 70 [(66%)]	Loss: 0.136203	RUL_Loss: 0.040511	mmd_Loss: 0.029608	l1_Loss: 0.066344
Train source2 iter: 70 [(66%)]	Loss: 0.213598	RUL_Loss: 0.114075	mmd_Loss: 0.033082	l1_Loss: 0.066712
Train source3 iter: 70 [(66%)]	Loss: 0.562840	RUL_Loss: 0.380691	mmd_Loss: 0.072499	l1_Loss: 0.110144


Train source1 iter: 80 [(75%)]	Loss: 0.139112	RUL_Loss: 0.041412	mmd_Loss: 0.033217	l1_Loss: 0.064586
Train source2 iter: 80 [(75%)]	Loss: 0.211195	RUL_Loss: 0.117742	mmd_Loss: 0.030769	l1_Loss: 0.062783
Train source3 iter: 80 [(75%)]	Loss: 0.578791	RUL_Loss: 0.394878	mmd_Loss: 0.074557	l1_Loss: 0.109551


Train source1 iter: 90 [(85%)]	Loss: 0.131886	RUL_Loss: 0.040791	mmd_Loss: 0.029140	l1_Loss: 0.061992
Train source2 iter: 90 [(85%)]	Loss: 0.209791	RUL_Loss: 0.113845	mmd_Loss: 0.030509	l1_Loss: 0.065477
Train source3 iter: 90 [(85%)]	Loss: 0.600663	RUL_Loss: 0.415970	mmd_Loss: 0.075710	l1_Loss: 0.109058


Train source1 iter: 100 [(94%)]	Loss: 0.130652	RUL_Loss: 0.037740	mmd_Loss: 0.031581	l1_Loss: 0.061346
Train source2 iter: 100 [(94%)]	Loss: 0.219251	RUL_Loss: 0.121705	mmd_Loss: 0.030499	l1_Loss: 0.067064
Train source3 iter: 100 [(94%)]	Loss: 0.602051	RUL_Loss: 0.424638	mmd_Loss: 0.069750	l1_Loss: 0.107691


Train epochs:1.000000	
Train source1 iter: 10 [(9%)]	Loss: 0.055703	RUL_Loss: 0.034706	mmd_Loss: 0.024127	l1_Loss: 0.023640
Train source2 iter: 10 [(9%)]	Loss: 0.128094	RUL_Loss: 0.111002	mmd_Loss: 0.016867	l1_Loss: 0.022016
Train source3 iter: 10 [(9%)]	Loss: 0.251943	RUL_Loss: 0.222720	mmd_Loss: 0.029898	l1_Loss: 0.036582


Train source1 iter: 20 [(19%)]	Loss: 0.068864	RUL_Loss: 0.036491	mmd_Loss: 0.020132	l1_Loss: 0.023806
Train source2 iter: 20 [(19%)]	Loss: 0.142535	RUL_Loss: 0.114923	mmd_Loss: 0.017546	l1_Loss: 0.019930
Train source3 iter: 20 [(19%)]	Loss: 0.285280	RUL_Loss: 0.237740	mmd_Loss: 0.030283	l1_Loss: 0.034241


Train source1 iter: 30 [(28%)]	Loss: 0.076504	RUL_Loss: 0.035558	mmd_Loss: 0.024237	l1_Loss: 0.021843
Train source2 iter: 30 [(28%)]	Loss: 0.144524	RUL_Loss: 0.111604	mmd_Loss: 0.017504	l1_Loss: 0.019544
Train source3 iter: 30 [(28%)]	Loss: 0.296874	RUL_Loss: 0.240130	mmd_Loss: 0.031355	l1_Loss: 0.032505


Train source1 iter: 40 [(38%)]	Loss: 0.073619	RUL_Loss: 0.032496	mmd_Loss: 0.020572	l1_Loss: 0.022485
Train source2 iter: 40 [(38%)]	Loss: 0.149258	RUL_Loss: 0.112361	mmd_Loss: 0.018480	l1_Loss: 0.020152
Train source3 iter: 40 [(38%)]	Loss: 0.298715	RUL_Loss: 0.237366	mmd_Loss: 0.030747	l1_Loss: 0.033486


Train source1 iter: 50 [(47%)]	Loss: 0.083620	RUL_Loss: 0.036357	mmd_Loss: 0.025713	l1_Loss: 0.022404
Train source2 iter: 50 [(47%)]	Loss: 0.153361	RUL_Loss: 0.116263	mmd_Loss: 0.018273	l1_Loss: 0.019495
Train source3 iter: 50 [(47%)]	Loss: 0.285482	RUL_Loss: 0.223981	mmd_Loss: 0.029317	l1_Loss: 0.033294


Train source1 iter: 60 [(57%)]	Loss: 0.080014	RUL_Loss: 0.034722	mmd_Loss: 0.023879	l1_Loss: 0.021730
Train source2 iter: 60 [(57%)]	Loss: 0.155570	RUL_Loss: 0.116279	mmd_Loss: 0.020761	l1_Loss: 0.018804
Train source3 iter: 60 [(57%)]	Loss: 0.296109	RUL_Loss: 0.233862	mmd_Loss: 0.029861	l1_Loss: 0.032820


Train source1 iter: 70 [(66%)]	Loss: 0.080180	RUL_Loss: 0.035729	mmd_Loss: 0.021536	l1_Loss: 0.023035
Train source2 iter: 70 [(66%)]	Loss: 0.152450	RUL_Loss: 0.112023	mmd_Loss: 0.021387	l1_Loss: 0.019149
Train source3 iter: 70 [(66%)]	Loss: 0.286865	RUL_Loss: 0.222999	mmd_Loss: 0.030872	l1_Loss: 0.033167


Train source1 iter: 80 [(75%)]	Loss: 0.082718	RUL_Loss: 0.035758	mmd_Loss: 0.024801	l1_Loss: 0.022209
Train source2 iter: 80 [(75%)]	Loss: 0.146373	RUL_Loss: 0.111090	mmd_Loss: 0.015549	l1_Loss: 0.019771
Train source3 iter: 80 [(75%)]	Loss: 0.289158	RUL_Loss: 0.227465	mmd_Loss: 0.027362	l1_Loss: 0.034395


Train source1 iter: 90 [(85%)]	Loss: 0.082606	RUL_Loss: 0.036606	mmd_Loss: 0.023060	l1_Loss: 0.022959
Train source2 iter: 90 [(85%)]	Loss: 0.146477	RUL_Loss: 0.109402	mmd_Loss: 0.016076	l1_Loss: 0.021015
Train source3 iter: 90 [(85%)]	Loss: 0.316744	RUL_Loss: 0.248612	mmd_Loss: 0.033388	l1_Loss: 0.034772


Train source1 iter: 100 [(94%)]	Loss: 0.078784	RUL_Loss: 0.032697	mmd_Loss: 0.023231	l1_Loss: 0.022863
Train source2 iter: 100 [(94%)]	Loss: 0.149402	RUL_Loss: 0.110653	mmd_Loss: 0.019086	l1_Loss: 0.019669
Train source3 iter: 100 [(94%)]	Loss: 0.295079	RUL_Loss: 0.231985	mmd_Loss: 0.029485	l1_Loss: 0.033619


Train epochs:2.000000	
Train source1 iter: 10 [(9%)]	Loss: 0.052048	RUL_Loss: 0.034861	mmd_Loss: 0.024912	l1_Loss: 0.014187
Train source2 iter: 10 [(9%)]	Loss: 0.129870	RUL_Loss: 0.114130	mmd_Loss: 0.020008	l1_Loss: 0.015800
Train source3 iter: 10 [(9%)]	Loss: 0.200294	RUL_Loss: 0.179211	mmd_Loss: 0.027044	l1_Loss: 0.020919


Train source1 iter: 20 [(19%)]	Loss: 0.067190	RUL_Loss: 0.035218	mmd_Loss: 0.030711	l1_Loss: 0.012684
Train source2 iter: 20 [(19%)]	Loss: 0.127289	RUL_Loss: 0.106519	mmd_Loss: 0.015263	l1_Loss: 0.012928
Train source3 iter: 20 [(19%)]	Loss: 0.210564	RUL_Loss: 0.179132	mmd_Loss: 0.023892	l1_Loss: 0.018770


Train source1 iter: 30 [(28%)]	Loss: 0.071817	RUL_Loss: 0.033695	mmd_Loss: 0.030358	l1_Loss: 0.012544
Train source2 iter: 30 [(28%)]	Loss: 0.135716	RUL_Loss: 0.108705	mmd_Loss: 0.018032	l1_Loss: 0.012366
Train source3 iter: 30 [(28%)]	Loss: 0.222407	RUL_Loss: 0.185115	mmd_Loss: 0.023191	l1_Loss: 0.018778


Train source1 iter: 40 [(38%)]	Loss: 0.076595	RUL_Loss: 0.035800	mmd_Loss: 0.029944	l1_Loss: 0.012769
Train source2 iter: 40 [(38%)]	Loss: 0.141445	RUL_Loss: 0.112576	mmd_Loss: 0.017467	l1_Loss: 0.012760
Train source3 iter: 40 [(38%)]	Loss: 0.216115	RUL_Loss: 0.176112	mmd_Loss: 0.023114	l1_Loss: 0.018769


Train source1 iter: 50 [(47%)]	Loss: 0.072479	RUL_Loss: 0.033740	mmd_Loss: 0.025800	l1_Loss: 0.013638
Train source2 iter: 50 [(47%)]	Loss: 0.140947	RUL_Loss: 0.110517	mmd_Loss: 0.017549	l1_Loss: 0.013430
Train source3 iter: 50 [(47%)]	Loss: 0.221910	RUL_Loss: 0.178746	mmd_Loss: 0.024967	l1_Loss: 0.018976


Train source1 iter: 60 [(57%)]	Loss: 0.072587	RUL_Loss: 0.035797	mmd_Loss: 0.023643	l1_Loss: 0.013404
Train source2 iter: 60 [(57%)]	Loss: 0.138652	RUL_Loss: 0.107961	mmd_Loss: 0.017787	l1_Loss: 0.013117
Train source3 iter: 60 [(57%)]	Loss: 0.228715	RUL_Loss: 0.185526	mmd_Loss: 0.024985	l1_Loss: 0.018505


Train source1 iter: 70 [(66%)]	Loss: 0.075862	RUL_Loss: 0.034933	mmd_Loss: 0.028034	l1_Loss: 0.013006
Train source2 iter: 70 [(66%)]	Loss: 0.134100	RUL_Loss: 0.105788	mmd_Loss: 0.015986	l1_Loss: 0.012403
Train source3 iter: 70 [(66%)]	Loss: 0.217997	RUL_Loss: 0.178668	mmd_Loss: 0.021015	l1_Loss: 0.018420


Train source1 iter: 80 [(75%)]	Loss: 0.070114	RUL_Loss: 0.035002	mmd_Loss: 0.022122	l1_Loss: 0.013027
Train source2 iter: 80 [(75%)]	Loss: 0.138121	RUL_Loss: 0.106760	mmd_Loss: 0.018094	l1_Loss: 0.013301
Train source3 iter: 80 [(75%)]	Loss: 0.220225	RUL_Loss: 0.176378	mmd_Loss: 0.025178	l1_Loss: 0.018716


Train source1 iter: 90 [(85%)]	Loss: 0.068841	RUL_Loss: 0.033994	mmd_Loss: 0.021660	l1_Loss: 0.013201
Train source2 iter: 90 [(85%)]	Loss: 0.146442	RUL_Loss: 0.113208	mmd_Loss: 0.020270	l1_Loss: 0.012977
Train source3 iter: 90 [(85%)]	Loss: 0.219008	RUL_Loss: 0.173193	mmd_Loss: 0.027046	l1_Loss: 0.018788


Train source1 iter: 100 [(94%)]	Loss: 0.081125	RUL_Loss: 0.038506	mmd_Loss: 0.030103	l1_Loss: 0.012522
Train source2 iter: 100 [(94%)]	Loss: 0.139700	RUL_Loss: 0.112135	mmd_Loss: 0.014840	l1_Loss: 0.012729
Train source3 iter: 100 [(94%)]	Loss: 0.223018	RUL_Loss: 0.179888	mmd_Loss: 0.024089	l1_Loss: 0.019048


Train epochs:3.000000	
Train source1 iter: 10 [(9%)]	Loss: 0.055127	RUL_Loss: 0.036108	mmd_Loss: 0.031501	l1_Loss: 0.011766
Train source2 iter: 10 [(9%)]	Loss: 0.123420	RUL_Loss: 0.111935	mmd_Loss: 0.018115	l1_Loss: 0.008013
Train source3 iter: 10 [(9%)]	Loss: 0.163765	RUL_Loss: 0.148392	mmd_Loss: 0.022169	l1_Loss: 0.012804


Train source1 iter: 20 [(19%)]	Loss: 0.057137	RUL_Loss: 0.035620	mmd_Loss: 0.018728	l1_Loss: 0.010476
Train source2 iter: 20 [(19%)]	Loss: 0.131177	RUL_Loss: 0.113422	mmd_Loss: 0.016726	l1_Loss: 0.007372
Train source3 iter: 20 [(19%)]	Loss: 0.183745	RUL_Loss: 0.157789	mmd_Loss: 0.023615	l1_Loss: 0.011615


Train source1 iter: 30 [(28%)]	Loss: 0.063350	RUL_Loss: 0.033342	mmd_Loss: 0.023679	l1_Loss: 0.010093
Train source2 iter: 30 [(28%)]	Loss: 0.129632	RUL_Loss: 0.106137	mmd_Loss: 0.018704	l1_Loss: 0.007738
Train source3 iter: 30 [(28%)]	Loss: 0.178219	RUL_Loss: 0.150877	mmd_Loss: 0.019464	l1_Loss: 0.011306


Train source1 iter: 40 [(38%)]	Loss: 0.061627	RUL_Loss: 0.035265	mmd_Loss: 0.017473	l1_Loss: 0.010128
Train source2 iter: 40 [(38%)]	Loss: 0.136532	RUL_Loss: 0.113345	mmd_Loss: 0.016167	l1_Loss: 0.008111
Train source3 iter: 40 [(38%)]	Loss: 0.190406	RUL_Loss: 0.158169	mmd_Loss: 0.022067	l1_Loss: 0.011685


Train source1 iter: 50 [(47%)]	Loss: 0.071436	RUL_Loss: 0.035247	mmd_Loss: 0.026943	l1_Loss: 0.009898
Train source2 iter: 50 [(47%)]	Loss: 0.135514	RUL_Loss: 0.113140	mmd_Loss: 0.015007	l1_Loss: 0.007771
Train source3 iter: 50 [(47%)]	Loss: 0.187726	RUL_Loss: 0.154260	mmd_Loss: 0.022491	l1_Loss: 0.011579


Train source1 iter: 60 [(57%)]	Loss: 0.072308	RUL_Loss: 0.037506	mmd_Loss: 0.025100	l1_Loss: 0.009945
Train source2 iter: 60 [(57%)]	Loss: 0.127320	RUL_Loss: 0.103627	mmd_Loss: 0.015960	l1_Loss: 0.007899
Train source3 iter: 60 [(57%)]	Loss: 0.180182	RUL_Loss: 0.147169	mmd_Loss: 0.022059	l1_Loss: 0.011184


Train source1 iter: 70 [(66%)]	Loss: 0.063865	RUL_Loss: 0.033921	mmd_Loss: 0.019539	l1_Loss: 0.010486
Train source2 iter: 70 [(66%)]	Loss: 0.131793	RUL_Loss: 0.109030	mmd_Loss: 0.014954	l1_Loss: 0.007871
Train source3 iter: 70 [(66%)]	Loss: 0.190114	RUL_Loss: 0.154120	mmd_Loss: 0.024486	l1_Loss: 0.011606


Train source1 iter: 80 [(75%)]	Loss: 0.070296	RUL_Loss: 0.034742	mmd_Loss: 0.024908	l1_Loss: 0.010683
Train source2 iter: 80 [(75%)]	Loss: 0.135990	RUL_Loss: 0.113196	mmd_Loss: 0.015196	l1_Loss: 0.007623
Train source3 iter: 80 [(75%)]	Loss: 0.183658	RUL_Loss: 0.151099	mmd_Loss: 0.020984	l1_Loss: 0.011609


Train source1 iter: 90 [(85%)]	Loss: 0.068647	RUL_Loss: 0.034937	mmd_Loss: 0.023608	l1_Loss: 0.010116
Train source2 iter: 90 [(85%)]	Loss: 0.135816	RUL_Loss: 0.110500	mmd_Loss: 0.017368	l1_Loss: 0.007959
Train source3 iter: 90 [(85%)]	Loss: 0.190549	RUL_Loss: 0.157338	mmd_Loss: 0.021762	l1_Loss: 0.011462


Train source1 iter: 100 [(94%)]	Loss: 0.066506	RUL_Loss: 0.034719	mmd_Loss: 0.021857	l1_Loss: 0.009935
Train source2 iter: 100 [(94%)]	Loss: 0.135086	RUL_Loss: 0.110267	mmd_Loss: 0.017207	l1_Loss: 0.007616
Train source3 iter: 100 [(94%)]	Loss: 0.189601	RUL_Loss: 0.157582	mmd_Loss: 0.020515	l1_Loss: 0.011509


Train epochs:4.000000	
Train source1 iter: 10 [(9%)]	Loss: 0.050070	RUL_Loss: 0.033492	mmd_Loss: 0.028344	l1_Loss: 0.009372
Train source2 iter: 10 [(9%)]	Loss: 0.116173	RUL_Loss: 0.104788	mmd_Loss: 0.017088	l1_Loss: 0.008811
Train source3 iter: 10 [(9%)]	Loss: 0.156053	RUL_Loss: 0.142377	mmd_Loss: 0.019763	l1_Loss: 0.011350


Train source1 iter: 20 [(19%)]	Loss: 0.058981	RUL_Loss: 0.034325	mmd_Loss: 0.023884	l1_Loss: 0.009582
Train source2 iter: 20 [(19%)]	Loss: 0.123917	RUL_Loss: 0.106123	mmd_Loss: 0.015292	l1_Loss: 0.008860
Train source3 iter: 20 [(19%)]	Loss: 0.170035	RUL_Loss: 0.147116	mmd_Loss: 0.019774	l1_Loss: 0.011332


Train source1 iter: 30 [(28%)]	Loss: 0.066689	RUL_Loss: 0.036289	mmd_Loss: 0.024752	l1_Loss: 0.009460
Train source2 iter: 30 [(28%)]	Loss: 0.125082	RUL_Loss: 0.105605	mmd_Loss: 0.013909	l1_Loss: 0.008010
Train source3 iter: 30 [(28%)]	Loss: 0.164747	RUL_Loss: 0.136540	mmd_Loss: 0.020664	l1_Loss: 0.011080


Train source1 iter: 40 [(38%)]	Loss: 0.063181	RUL_Loss: 0.033619	mmd_Loss: 0.020565	l1_Loss: 0.010386
Train source2 iter: 40 [(38%)]	Loss: 0.135968	RUL_Loss: 0.111566	mmd_Loss: 0.016794	l1_Loss: 0.008755
Train source3 iter: 40 [(38%)]	Loss: 0.174237	RUL_Loss: 0.143375	mmd_Loss: 0.021397	l1_Loss: 0.010916


Train source1 iter: 50 [(47%)]	Loss: 0.063285	RUL_Loss: 0.036271	mmd_Loss: 0.017774	l1_Loss: 0.009727
Train source2 iter: 50 [(47%)]	Loss: 0.135115	RUL_Loss: 0.107135	mmd_Loss: 0.019830	l1_Loss: 0.008655
Train source3 iter: 50 [(47%)]	Loss: 0.177837	RUL_Loss: 0.146447	mmd_Loss: 0.020892	l1_Loss: 0.011065


Train source1 iter: 60 [(57%)]	Loss: 0.066216	RUL_Loss: 0.033297	mmd_Loss: 0.022773	l1_Loss: 0.010375
Train source2 iter: 60 [(57%)]	Loss: 0.132639	RUL_Loss: 0.107725	mmd_Loss: 0.016171	l1_Loss: 0.008917
Train source3 iter: 60 [(57%)]	Loss: 0.173182	RUL_Loss: 0.141718	mmd_Loss: 0.020826	l1_Loss: 0.010858


Train source1 iter: 70 [(66%)]	Loss: 0.064195	RUL_Loss: 0.032070	mmd_Loss: 0.022159	l1_Loss: 0.010053
Train source2 iter: 70 [(66%)]	Loss: 0.135304	RUL_Loss: 0.111717	mmd_Loss: 0.015556	l1_Loss: 0.008094
Train source3 iter: 70 [(66%)]	Loss: 0.175686	RUL_Loss: 0.142313	mmd_Loss: 0.021882	l1_Loss: 0.011581


Train source1 iter: 80 [(75%)]	Loss: 0.064816	RUL_Loss: 0.034758	mmd_Loss: 0.019535	l1_Loss: 0.010554
Train source2 iter: 80 [(75%)]	Loss: 0.139494	RUL_Loss: 0.113271	mmd_Loss: 0.017321	l1_Loss: 0.008930
Train source3 iter: 80 [(75%)]	Loss: 0.170849	RUL_Loss: 0.140638	mmd_Loss: 0.019885	l1_Loss: 0.010359


Train source1 iter: 90 [(85%)]	Loss: 0.070633	RUL_Loss: 0.033837	mmd_Loss: 0.026780	l1_Loss: 0.010031
Train source2 iter: 90 [(85%)]	Loss: 0.135146	RUL_Loss: 0.108960	mmd_Loss: 0.017422	l1_Loss: 0.008775
Train source3 iter: 90 [(85%)]	Loss: 0.180300	RUL_Loss: 0.146712	mmd_Loss: 0.022752	l1_Loss: 0.010849


Train source1 iter: 100 [(94%)]	Loss: 0.066700	RUL_Loss: 0.035570	mmd_Loss: 0.021762	l1_Loss: 0.009373
Train source2 iter: 100 [(94%)]	Loss: 0.131407	RUL_Loss: 0.107299	mmd_Loss: 0.015770	l1_Loss: 0.008341
Train source3 iter: 100 [(94%)]	Loss: 0.181780	RUL_Loss: 0.151122	mmd_Loss: 0.019908	l1_Loss: 0.010755


Train epochs:5.000000	
Train source1 iter: 10 [(9%)]	Loss: 0.049113	RUL_Loss: 0.034887	mmd_Loss: 0.021883	l1_Loss: 0.010481
Train source2 iter: 10 [(9%)]	Loss: 0.118806	RUL_Loss: 0.108156	mmd_Loss: 0.016304	l1_Loss: 0.007924
Train source3 iter: 10 [(9%)]	Loss: 0.159614	RUL_Loss: 0.144456	mmd_Loss: 0.023370	l1_Loss: 0.011113


Train source1 iter: 20 [(19%)]	Loss: 0.051323	RUL_Loss: 0.033292	mmd_Loss: 0.014786	l1_Loss: 0.009687
Train source2 iter: 20 [(19%)]	Loss: 0.126548	RUL_Loss: 0.108107	mmd_Loss: 0.017458	l1_Loss: 0.007571
Train source3 iter: 20 [(19%)]	Loss: 0.154651	RUL_Loss: 0.130852	mmd_Loss: 0.022250	l1_Loss: 0.010053


Train source1 iter: 30 [(28%)]	Loss: 0.061170	RUL_Loss: 0.035618	mmd_Loss: 0.018913	l1_Loss: 0.009843
Train source2 iter: 30 [(28%)]	Loss: 0.120641	RUL_Loss: 0.100257	mmd_Loss: 0.015213	l1_Loss: 0.007727
Train source3 iter: 30 [(28%)]	Loss: 0.166214	RUL_Loss: 0.134723	mmd_Loss: 0.024680	l1_Loss: 0.010760


Train source1 iter: 40 [(38%)]	Loss: 0.058834	RUL_Loss: 0.037381	mmd_Loss: 0.012412	l1_Loss: 0.010049
Train source2 iter: 40 [(38%)]	Loss: 0.125596	RUL_Loss: 0.101170	mmd_Loss: 0.017123	l1_Loss: 0.008451
Train source3 iter: 40 [(38%)]	Loss: 0.169431	RUL_Loss: 0.137923	mmd_Loss: 0.022572	l1_Loss: 0.010417


Train source1 iter: 50 [(47%)]	Loss: 0.069652	RUL_Loss: 0.035085	mmd_Loss: 0.026026	l1_Loss: 0.009165
Train source2 iter: 50 [(47%)]	Loss: 0.128964	RUL_Loss: 0.107856	mmd_Loss: 0.013846	l1_Loss: 0.007643
Train source3 iter: 50 [(47%)]	Loss: 0.167347	RUL_Loss: 0.138052	mmd_Loss: 0.019580	l1_Loss: 0.010244


Train source1 iter: 60 [(57%)]	Loss: 0.067811	RUL_Loss: 0.038531	mmd_Loss: 0.020502	l1_Loss: 0.008983
Train source2 iter: 60 [(57%)]	Loss: 0.134165	RUL_Loss: 0.107214	mmd_Loss: 0.019055	l1_Loss: 0.008084
Train source3 iter: 60 [(57%)]	Loss: 0.167965	RUL_Loss: 0.137134	mmd_Loss: 0.021179	l1_Loss: 0.009868


Train source1 iter: 70 [(66%)]	Loss: 0.066767	RUL_Loss: 0.037765	mmd_Loss: 0.018934	l1_Loss: 0.010147
Train source2 iter: 70 [(66%)]	Loss: 0.133559	RUL_Loss: 0.107787	mmd_Loss: 0.017874	l1_Loss: 0.007967
Train source3 iter: 70 [(66%)]	Loss: 0.175429	RUL_Loss: 0.142331	mmd_Loss: 0.022998	l1_Loss: 0.010190


Train source1 iter: 80 [(75%)]	Loss: 0.072158	RUL_Loss: 0.035084	mmd_Loss: 0.027027	l1_Loss: 0.010085
Train source2 iter: 80 [(75%)]	Loss: 0.136702	RUL_Loss: 0.114061	mmd_Loss: 0.015378	l1_Loss: 0.007287
Train source3 iter: 80 [(75%)]	Loss: 0.167933	RUL_Loss: 0.137621	mmd_Loss: 0.019843	l1_Loss: 0.010500


Train source1 iter: 90 [(85%)]	Loss: 0.065720	RUL_Loss: 0.036988	mmd_Loss: 0.019070	l1_Loss: 0.009674
Train source2 iter: 90 [(85%)]	Loss: 0.124729	RUL_Loss: 0.102378	mmd_Loss: 0.014916	l1_Loss: 0.007445
Train source3 iter: 90 [(85%)]	Loss: 0.172118	RUL_Loss: 0.139149	mmd_Loss: 0.022789	l1_Loss: 0.010193


Train source1 iter: 100 [(94%)]	Loss: 0.064137	RUL_Loss: 0.034030	mmd_Loss: 0.020395	l1_Loss: 0.009717
Train source2 iter: 100 [(94%)]	Loss: 0.123314	RUL_Loss: 0.101604	mmd_Loss: 0.014189	l1_Loss: 0.007524
Train source3 iter: 100 [(94%)]	Loss: 0.165374	RUL_Loss: 0.137191	mmd_Loss: 0.018402	l1_Loss: 0.009786


Train epochs:6.000000	
Train source1 iter: 10 [(9%)]	Loss: 0.045055	RUL_Loss: 0.032641	mmd_Loss: 0.017565	l1_Loss: 0.010677
Train source2 iter: 10 [(9%)]	Loss: 0.110027	RUL_Loss: 0.099674	mmd_Loss: 0.015691	l1_Loss: 0.007863
Train source3 iter: 10 [(9%)]	Loss: 0.139994	RUL_Loss: 0.126618	mmd_Loss: 0.019962	l1_Loss: 0.010468


Train source1 iter: 20 [(19%)]	Loss: 0.053552	RUL_Loss: 0.033326	mmd_Loss: 0.017377	l1_Loss: 0.010074
Train source2 iter: 20 [(19%)]	Loss: 0.115025	RUL_Loss: 0.096918	mmd_Loss: 0.016345	l1_Loss: 0.008231
Train source3 iter: 20 [(19%)]	Loss: 0.148700	RUL_Loss: 0.125621	mmd_Loss: 0.021172	l1_Loss: 0.010153


Train source1 iter: 30 [(28%)]	Loss: 0.057647	RUL_Loss: 0.030741	mmd_Loss: 0.020102	l1_Loss: 0.010178
Train source2 iter: 30 [(28%)]	Loss: 0.122808	RUL_Loss: 0.101195	mmd_Loss: 0.016329	l1_Loss: 0.007994
Train source3 iter: 30 [(28%)]	Loss: 0.154838	RUL_Loss: 0.130014	mmd_Loss: 0.018638	l1_Loss: 0.009299


Train source1 iter: 40 [(38%)]	Loss: 0.057775	RUL_Loss: 0.034574	mmd_Loss: 0.014084	l1_Loss: 0.010209
Train source2 iter: 40 [(38%)]	Loss: 0.125866	RUL_Loss: 0.101076	mmd_Loss: 0.017584	l1_Loss: 0.008372
Train source3 iter: 40 [(38%)]	Loss: 0.162476	RUL_Loss: 0.133142	mmd_Loss: 0.021150	l1_Loss: 0.009563


Train source1 iter: 50 [(47%)]	Loss: 0.063030	RUL_Loss: 0.037386	mmd_Loss: 0.015935	l1_Loss: 0.010172
Train source2 iter: 50 [(47%)]	Loss: 0.123452	RUL_Loss: 0.097430	mmd_Loss: 0.018336	l1_Loss: 0.008155
Train source3 iter: 50 [(47%)]	Loss: 0.164841	RUL_Loss: 0.136953	mmd_Loss: 0.018933	l1_Loss: 0.009457


Train source1 iter: 60 [(57%)]	Loss: 0.067263	RUL_Loss: 0.034560	mmd_Loss: 0.022877	l1_Loss: 0.010055
Train source2 iter: 60 [(57%)]	Loss: 0.129353	RUL_Loss: 0.104716	mmd_Loss: 0.016868	l1_Loss: 0.007942
Train source3 iter: 60 [(57%)]	Loss: 0.158554	RUL_Loss: 0.128457	mmd_Loss: 0.020578	l1_Loss: 0.009730


Train source1 iter: 70 [(66%)]	Loss: 0.057175	RUL_Loss: 0.031003	mmd_Loss: 0.016066	l1_Loss: 0.010177
Train source2 iter: 70 [(66%)]	Loss: 0.130411	RUL_Loss: 0.103706	mmd_Loss: 0.018310	l1_Loss: 0.008468
Train source3 iter: 70 [(66%)]	Loss: 0.160950	RUL_Loss: 0.129315	mmd_Loss: 0.021848	l1_Loss: 0.009874


Train source1 iter: 80 [(75%)]	Loss: 0.061155	RUL_Loss: 0.033324	mmd_Loss: 0.017737	l1_Loss: 0.010123
Train source2 iter: 80 [(75%)]	Loss: 0.132319	RUL_Loss: 0.102274	mmd_Loss: 0.021770	l1_Loss: 0.008307
Train source3 iter: 80 [(75%)]	Loss: 0.156253	RUL_Loss: 0.124970	mmd_Loss: 0.021914	l1_Loss: 0.009402


Train source1 iter: 90 [(85%)]	Loss: 0.065590	RUL_Loss: 0.034930	mmd_Loss: 0.020161	l1_Loss: 0.010512
Train source2 iter: 90 [(85%)]	Loss: 0.122047	RUL_Loss: 0.099603	mmd_Loss: 0.014196	l1_Loss: 0.008257
Train source3 iter: 90 [(85%)]	Loss: 0.163521	RUL_Loss: 0.134810	mmd_Loss: 0.019565	l1_Loss: 0.009159


Train source1 iter: 100 [(94%)]	Loss: 0.066551	RUL_Loss: 0.034440	mmd_Loss: 0.022090	l1_Loss: 0.010026
Train source2 iter: 100 [(94%)]	Loss: 0.128759	RUL_Loss: 0.103464	mmd_Loss: 0.017217	l1_Loss: 0.008081
Train source3 iter: 100 [(94%)]	Loss: 0.159066	RUL_Loss: 0.131639	mmd_Loss: 0.018443	l1_Loss: 0.008989


Train epochs:7.000000	
Train source1 iter: 10 [(9%)]	Loss: 0.045154	RUL_Loss: 0.034168	mmd_Loss: 0.014094	l1_Loss: 0.010898
Train source2 iter: 10 [(9%)]	Loss: 0.100827	RUL_Loss: 0.090179	mmd_Loss: 0.015121	l1_Loss: 0.009103
Train source3 iter: 10 [(9%)]	Loss: 0.133576	RUL_Loss: 0.120049	mmd_Loss: 0.020459	l1_Loss: 0.010313


Train source1 iter: 20 [(19%)]	Loss: 0.050067	RUL_Loss: 0.029754	mmd_Loss: 0.017491	l1_Loss: 0.010080
Train source2 iter: 20 [(19%)]	Loss: 0.107924	RUL_Loss: 0.087059	mmd_Loss: 0.019280	l1_Loss: 0.009040
Train source3 iter: 20 [(19%)]	Loss: 0.133463	RUL_Loss: 0.114808	mmd_Loss: 0.015690	l1_Loss: 0.009630


Train source1 iter: 30 [(28%)]	Loss: 0.054723	RUL_Loss: 0.034076	mmd_Loss: 0.013675	l1_Loss: 0.009561
Train source2 iter: 30 [(28%)]	Loss: 0.111250	RUL_Loss: 0.090247	mmd_Loss: 0.014803	l1_Loss: 0.008834
Train source3 iter: 30 [(28%)]	Loss: 0.149995	RUL_Loss: 0.123606	mmd_Loss: 0.019212	l1_Loss: 0.010486


Train source1 iter: 40 [(38%)]	Loss: 0.056172	RUL_Loss: 0.032389	mmd_Loss: 0.014959	l1_Loss: 0.009942
Train source2 iter: 40 [(38%)]	Loss: 0.110644	RUL_Loss: 0.084303	mmd_Loss: 0.018631	l1_Loss: 0.008949
Train source3 iter: 40 [(38%)]	Loss: 0.150408	RUL_Loss: 0.121294	mmd_Loss: 0.019867	l1_Loss: 0.010616


Train source1 iter: 50 [(47%)]	Loss: 0.058645	RUL_Loss: 0.030678	mmd_Loss: 0.017997	l1_Loss: 0.010475
Train source2 iter: 50 [(47%)]	Loss: 0.113299	RUL_Loss: 0.089120	mmd_Loss: 0.015475	l1_Loss: 0.009141
Train source3 iter: 50 [(47%)]	Loss: 0.146212	RUL_Loss: 0.116088	mmd_Loss: 0.020260	l1_Loss: 0.010408


Train source1 iter: 60 [(57%)]	Loss: 0.057982	RUL_Loss: 0.033239	mmd_Loss: 0.014817	l1_Loss: 0.010099
Train source2 iter: 60 [(57%)]	Loss: 0.113478	RUL_Loss: 0.086537	mmd_Loss: 0.018514	l1_Loss: 0.008616
Train source3 iter: 60 [(57%)]	Loss: 0.148386	RUL_Loss: 0.119988	mmd_Loss: 0.018403	l1_Loss: 0.010193


Train source1 iter: 70 [(66%)]	Loss: 0.057850	RUL_Loss: 0.032627	mmd_Loss: 0.015149	l1_Loss: 0.010143
Train source2 iter: 70 [(66%)]	Loss: 0.113093	RUL_Loss: 0.087138	mmd_Loss: 0.017093	l1_Loss: 0.008932
Train source3 iter: 70 [(66%)]	Loss: 0.148005	RUL_Loss: 0.117579	mmd_Loss: 0.019907	l1_Loss: 0.010602


Train source1 iter: 80 [(75%)]	Loss: 0.055501	RUL_Loss: 0.031778	mmd_Loss: 0.013805	l1_Loss: 0.009943
Train source2 iter: 80 [(75%)]	Loss: 0.115074	RUL_Loss: 0.089613	mmd_Loss: 0.015988	l1_Loss: 0.009500
Train source3 iter: 80 [(75%)]	Loss: 0.145087	RUL_Loss: 0.117522	mmd_Loss: 0.017469	l1_Loss: 0.010124


Train source1 iter: 90 [(85%)]	Loss: 0.064663	RUL_Loss: 0.034068	mmd_Loss: 0.020522	l1_Loss: 0.010085
Train source2 iter: 90 [(85%)]	Loss: 0.111650	RUL_Loss: 0.085264	mmd_Loss: 0.017339	l1_Loss: 0.009058
Train source3 iter: 90 [(85%)]	Loss: 0.148976	RUL_Loss: 0.122165	mmd_Loss: 0.016662	l1_Loss: 0.010161


Train source1 iter: 100 [(94%)]	Loss: 0.061508	RUL_Loss: 0.034295	mmd_Loss: 0.016807	l1_Loss: 0.010411
Train source2 iter: 100 [(94%)]	Loss: 0.120985	RUL_Loss: 0.095165	mmd_Loss: 0.016790	l1_Loss: 0.009035
Train source3 iter: 100 [(94%)]	Loss: 0.152029	RUL_Loss: 0.122592	mmd_Loss: 0.019486	l1_Loss: 0.009956


Train epochs:8.000000	
Train source1 iter: 10 [(9%)]	Loss: 0.041491	RUL_Loss: 0.031555	mmd_Loss: 0.012653	l1_Loss: 0.009949
Train source2 iter: 10 [(9%)]	Loss: 0.081478	RUL_Loss: 0.072313	mmd_Loss: 0.012382	l1_Loss: 0.008470
Train source3 iter: 10 [(9%)]	Loss: 0.120416	RUL_Loss: 0.107544	mmd_Loss: 0.018462	l1_Loss: 0.010821


Train source1 iter: 20 [(19%)]	Loss: 0.048525	RUL_Loss: 0.029585	mmd_Loss: 0.016030	l1_Loss: 0.009677
Train source2 iter: 20 [(19%)]	Loss: 0.085907	RUL_Loss: 0.070128	mmd_Loss: 0.013147	l1_Loss: 0.008268
Train source3 iter: 20 [(19%)]	Loss: 0.140382	RUL_Loss: 0.117076	mmd_Loss: 0.020635	l1_Loss: 0.010996


Train source1 iter: 30 [(28%)]	Loss: 0.061014	RUL_Loss: 0.034651	mmd_Loss: 0.019960	l1_Loss: 0.009709
Train source2 iter: 30 [(28%)]	Loss: 0.090944	RUL_Loss: 0.070007	mmd_Loss: 0.014996	l1_Loss: 0.008566
Train source3 iter: 30 [(28%)]	Loss: 0.141987	RUL_Loss: 0.113941	mmd_Loss: 0.019950	l1_Loss: 0.011613


Train source1 iter: 40 [(38%)]	Loss: 0.051800	RUL_Loss: 0.031310	mmd_Loss: 0.012325	l1_Loss: 0.009129
Train source2 iter: 40 [(38%)]	Loss: 0.094755	RUL_Loss: 0.069591	mmd_Loss: 0.018394	l1_Loss: 0.007952
Train source3 iter: 40 [(38%)]	Loss: 0.146039	RUL_Loss: 0.116741	mmd_Loss: 0.020509	l1_Loss: 0.010166


Train source1 iter: 50 [(47%)]	Loss: 0.059675	RUL_Loss: 0.031594	mmd_Loss: 0.018838	l1_Loss: 0.009750
Train source2 iter: 50 [(47%)]	Loss: 0.094175	RUL_Loss: 0.073578	mmd_Loss: 0.012343	l1_Loss: 0.008626
Train source3 iter: 50 [(47%)]	Loss: 0.142309	RUL_Loss: 0.113402	mmd_Loss: 0.018499	l1_Loss: 0.010929


Train source1 iter: 60 [(57%)]	Loss: 0.053928	RUL_Loss: 0.031722	mmd_Loss: 0.012786	l1_Loss: 0.009576
Train source2 iter: 60 [(57%)]	Loss: 0.098599	RUL_Loss: 0.075618	mmd_Loss: 0.014768	l1_Loss: 0.008374
Train source3 iter: 60 [(57%)]	Loss: 0.138189	RUL_Loss: 0.109759	mmd_Loss: 0.018522	l1_Loss: 0.010107


Train source1 iter: 70 [(66%)]	Loss: 0.059712	RUL_Loss: 0.030463	mmd_Loss: 0.020149	l1_Loss: 0.009180
Train source2 iter: 70 [(66%)]	Loss: 0.090996	RUL_Loss: 0.070280	mmd_Loss: 0.012712	l1_Loss: 0.008060
Train source3 iter: 70 [(66%)]	Loss: 0.147397	RUL_Loss: 0.115129	mmd_Loss: 0.021789	l1_Loss: 0.010566


Train source1 iter: 80 [(75%)]	Loss: 0.060769	RUL_Loss: 0.031851	mmd_Loss: 0.019032	l1_Loss: 0.009917
Train source2 iter: 80 [(75%)]	Loss: 0.092783	RUL_Loss: 0.069642	mmd_Loss: 0.014875	l1_Loss: 0.008291
Train source3 iter: 80 [(75%)]	Loss: 0.140808	RUL_Loss: 0.110721	mmd_Loss: 0.019076	l1_Loss: 0.011043


Train source1 iter: 90 [(85%)]	Loss: 0.058903	RUL_Loss: 0.033161	mmd_Loss: 0.016927	l1_Loss: 0.008825
Train source2 iter: 90 [(85%)]	Loss: 0.095491	RUL_Loss: 0.075310	mmd_Loss: 0.012370	l1_Loss: 0.007820
Train source3 iter: 90 [(85%)]	Loss: 0.150048	RUL_Loss: 0.120335	mmd_Loss: 0.019415	l1_Loss: 0.010310


Train source1 iter: 100 [(94%)]	Loss: 0.054499	RUL_Loss: 0.029075	mmd_Loss: 0.016373	l1_Loss: 0.009054
Train source2 iter: 100 [(94%)]	Loss: 0.097724	RUL_Loss: 0.074138	mmd_Loss: 0.015823	l1_Loss: 0.007767
Train source3 iter: 100 [(94%)]	Loss: 0.148510	RUL_Loss: 0.119924	mmd_Loss: 0.018559	l1_Loss: 0.010031


Train epochs:9.000000	
Train source1 iter: 10 [(9%)]	Loss: 0.040953	RUL_Loss: 0.028435	mmd_Loss: 0.020120	l1_Loss: 0.008359
Train source2 iter: 10 [(9%)]	Loss: 0.073943	RUL_Loss: 0.063545	mmd_Loss: 0.015717	l1_Loss: 0.007938
Train source3 iter: 10 [(9%)]	Loss: 0.121758	RUL_Loss: 0.108570	mmd_Loss: 0.020987	l1_Loss: 0.009015


Train source1 iter: 20 [(19%)]	Loss: 0.049681	RUL_Loss: 0.031848	mmd_Loss: 0.015745	l1_Loss: 0.008460
Train source2 iter: 20 [(19%)]	Loss: 0.084565	RUL_Loss: 0.065604	mmd_Loss: 0.018639	l1_Loss: 0.007097
Train source3 iter: 20 [(19%)]	Loss: 0.123276	RUL_Loss: 0.099434	mmd_Loss: 0.022179	l1_Loss: 0.010181


Train source1 iter: 30 [(28%)]	Loss: 0.044077	RUL_Loss: 0.026531	mmd_Loss: 0.011875	l1_Loss: 0.007871
Train source2 iter: 30 [(28%)]	Loss: 0.095598	RUL_Loss: 0.070211	mmd_Loss: 0.021324	l1_Loss: 0.007246
Train source3 iter: 30 [(28%)]	Loss: 0.126928	RUL_Loss: 0.101197	mmd_Loss: 0.020517	l1_Loss: 0.008440


Train source1 iter: 40 [(38%)]	Loss: 0.050239	RUL_Loss: 0.030383	mmd_Loss: 0.012635	l1_Loss: 0.008154
Train source2 iter: 40 [(38%)]	Loss: 0.090410	RUL_Loss: 0.066321	mmd_Loss: 0.017969	l1_Loss: 0.007253
Train source3 iter: 40 [(38%)]	Loss: 0.137657	RUL_Loss: 0.109251	mmd_Loss: 0.020995	l1_Loss: 0.008747


Train source1 iter: 50 [(47%)]	Loss: 0.049670	RUL_Loss: 0.030760	mmd_Loss: 0.011281	l1_Loss: 0.007970
Train source2 iter: 50 [(47%)]	Loss: 0.090974	RUL_Loss: 0.064427	mmd_Loss: 0.019823	l1_Loss: 0.007202
Train source3 iter: 50 [(47%)]	Loss: 0.140038	RUL_Loss: 0.112753	mmd_Loss: 0.018836	l1_Loss: 0.008941


Train source1 iter: 60 [(57%)]	Loss: 0.052506	RUL_Loss: 0.032111	mmd_Loss: 0.013054	l1_Loss: 0.007484
Train source2 iter: 60 [(57%)]	Loss: 0.091479	RUL_Loss: 0.070924	mmd_Loss: 0.013507	l1_Loss: 0.007191
Train source3 iter: 60 [(57%)]	Loss: 0.141172	RUL_Loss: 0.112110	mmd_Loss: 0.020900	l1_Loss: 0.008366


Train source1 iter: 70 [(66%)]	Loss: 0.058809	RUL_Loss: 0.030780	mmd_Loss: 0.019787	l1_Loss: 0.008318
Train source2 iter: 70 [(66%)]	Loss: 0.090048	RUL_Loss: 0.066326	mmd_Loss: 0.016305	l1_Loss: 0.007482
Train source3 iter: 70 [(66%)]	Loss: 0.143491	RUL_Loss: 0.114589	mmd_Loss: 0.019796	l1_Loss: 0.009184


Train source1 iter: 80 [(75%)]	Loss: 0.053447	RUL_Loss: 0.031270	mmd_Loss: 0.014644	l1_Loss: 0.007556
Train source2 iter: 80 [(75%)]	Loss: 0.089919	RUL_Loss: 0.063173	mmd_Loss: 0.019858	l1_Loss: 0.006915
Train source3 iter: 80 [(75%)]	Loss: 0.139135	RUL_Loss: 0.109795	mmd_Loss: 0.020803	l1_Loss: 0.008568


Train source1 iter: 90 [(85%)]	Loss: 0.052425	RUL_Loss: 0.030964	mmd_Loss: 0.013696	l1_Loss: 0.007774
Train source2 iter: 90 [(85%)]	Loss: 0.086285	RUL_Loss: 0.066027	mmd_Loss: 0.013537	l1_Loss: 0.006729
Train source3 iter: 90 [(85%)]	Loss: 0.136007	RUL_Loss: 0.107319	mmd_Loss: 0.019516	l1_Loss: 0.009184


Train source1 iter: 100 [(94%)]	Loss: 0.056404	RUL_Loss: 0.031898	mmd_Loss: 0.016521	l1_Loss: 0.007989
Train source2 iter: 100 [(94%)]	Loss: 0.086001	RUL_Loss: 0.063237	mmd_Loss: 0.015436	l1_Loss: 0.007331
Train source3 iter: 100 [(94%)]	Loss: 0.135557	RUL_Loss: 0.107159	mmd_Loss: 0.019786	l1_Loss: 0.008616


Train epochs:10.000000	
Train source1 iter: 10 [(9%)]	Loss: 0.043891	RUL_Loss: 0.032212	mmd_Loss: 0.018381	l1_Loss: 0.008187
Train source2 iter: 10 [(9%)]	Loss: 0.068813	RUL_Loss: 0.058880	mmd_Loss: 0.016206	l1_Loss: 0.006390
Train source3 iter: 10 [(9%)]	Loss: 0.124652	RUL_Loss: 0.111249	mmd_Loss: 0.020760	l1_Loss: 0.009733


Train source1 iter: 20 [(19%)]	Loss: 0.042876	RUL_Loss: 0.027814	mmd_Loss: 0.013355	l1_Loss: 0.007089
Train source2 iter: 20 [(19%)]	Loss: 0.072671	RUL_Loss: 0.056491	mmd_Loss: 0.015210	l1_Loss: 0.006750
Train source3 iter: 20 [(19%)]	Loss: 0.133520	RUL_Loss: 0.110204	mmd_Loss: 0.022401	l1_Loss: 0.009245


Train source1 iter: 30 [(28%)]	Loss: 0.046625	RUL_Loss: 0.027908	mmd_Loss: 0.013961	l1_Loss: 0.007104
Train source2 iter: 30 [(28%)]	Loss: 0.077207	RUL_Loss: 0.058110	mmd_Loss: 0.014879	l1_Loss: 0.006613
Train source3 iter: 30 [(28%)]	Loss: 0.131857	RUL_Loss: 0.104346	mmd_Loss: 0.021488	l1_Loss: 0.009472


Train source1 iter: 40 [(38%)]	Loss: 0.049328	RUL_Loss: 0.029154	mmd_Loss: 0.013727	l1_Loss: 0.007396
Train source2 iter: 40 [(38%)]	Loss: 0.085134	RUL_Loss: 0.060975	mmd_Loss: 0.018297	l1_Loss: 0.006998
Train source3 iter: 40 [(38%)]	Loss: 0.144796	RUL_Loss: 0.116892	mmd_Loss: 0.019564	l1_Loss: 0.009651


Train source1 iter: 50 [(47%)]	Loss: 0.051023	RUL_Loss: 0.029904	mmd_Loss: 0.014484	l1_Loss: 0.007016
Train source2 iter: 50 [(47%)]	Loss: 0.076647	RUL_Loss: 0.054889	mmd_Loss: 0.015203	l1_Loss: 0.006947
Train source3 iter: 50 [(47%)]	Loss: 0.140931	RUL_Loss: 0.110422	mmd_Loss: 0.021471	l1_Loss: 0.009589


Train source1 iter: 60 [(57%)]	Loss: 0.053380	RUL_Loss: 0.028070	mmd_Loss: 0.018463	l1_Loss: 0.007024
Train source2 iter: 60 [(57%)]	Loss: 0.077370	RUL_Loss: 0.058395	mmd_Loss: 0.012149	l1_Loss: 0.006959
Train source3 iter: 60 [(57%)]	Loss: 0.141266	RUL_Loss: 0.110965	mmd_Loss: 0.021241	l1_Loss: 0.009271


Train source1 iter: 70 [(66%)]	Loss: 0.052097	RUL_Loss: 0.029444	mmd_Loss: 0.015371	l1_Loss: 0.007343
Train source2 iter: 70 [(66%)]	Loss: 0.079970	RUL_Loss: 0.058960	mmd_Loss: 0.014027	l1_Loss: 0.007040
Train source3 iter: 70 [(66%)]	Loss: 0.139343	RUL_Loss: 0.109146	mmd_Loss: 0.020371	l1_Loss: 0.009908


Train source1 iter: 80 [(75%)]	Loss: 0.058000	RUL_Loss: 0.032561	mmd_Loss: 0.018158	l1_Loss: 0.007308
Train source2 iter: 80 [(75%)]	Loss: 0.081355	RUL_Loss: 0.057924	mmd_Loss: 0.016704	l1_Loss: 0.006751
Train source3 iter: 80 [(75%)]	Loss: 0.144758	RUL_Loss: 0.111409	mmd_Loss: 0.023498	l1_Loss: 0.009886


Train source1 iter: 90 [(85%)]	Loss: 0.050645	RUL_Loss: 0.028563	mmd_Loss: 0.014935	l1_Loss: 0.007155
Train source2 iter: 90 [(85%)]	Loss: 0.080991	RUL_Loss: 0.060009	mmd_Loss: 0.014370	l1_Loss: 0.006619
Train source3 iter: 90 [(85%)]	Loss: 0.136166	RUL_Loss: 0.105788	mmd_Loss: 0.020909	l1_Loss: 0.009482


Train source1 iter: 100 [(94%)]	Loss: 0.056562	RUL_Loss: 0.031003	mmd_Loss: 0.018342	l1_Loss: 0.007222
Train source2 iter: 100 [(94%)]	Loss: 0.075740	RUL_Loss: 0.055819	mmd_Loss: 0.013028	l1_Loss: 0.006896
Train source3 iter: 100 [(94%)]	Loss: 0.137570	RUL_Loss: 0.109077	mmd_Loss: 0.019397	l1_Loss: 0.009101


Train epochs:11.000000	
Train source1 iter: 10 [(9%)]	Loss: 0.041300	RUL_Loss: 0.032340	mmd_Loss: 0.013914	l1_Loss: 0.006469
Train source2 iter: 10 [(9%)]	Loss: 0.064829	RUL_Loss: 0.056504	mmd_Loss: 0.011876	l1_Loss: 0.007064
Train source3 iter: 10 [(9%)]	Loss: 0.114369	RUL_Loss: 0.100759	mmd_Loss: 0.021978	l1_Loss: 0.008983


Train source1 iter: 20 [(19%)]	Loss: 0.047267	RUL_Loss: 0.031406	mmd_Loss: 0.015588	l1_Loss: 0.005940
Train source2 iter: 20 [(19%)]	Loss: 0.064743	RUL_Loss: 0.051326	mmd_Loss: 0.011599	l1_Loss: 0.006611
Train source3 iter: 20 [(19%)]	Loss: 0.127176	RUL_Loss: 0.106159	mmd_Loss: 0.019754	l1_Loss: 0.008771


Train source1 iter: 30 [(28%)]	Loss: 0.048132	RUL_Loss: 0.030762	mmd_Loss: 0.013158	l1_Loss: 0.006389
Train source2 iter: 30 [(28%)]	Loss: 0.073570	RUL_Loss: 0.055003	mmd_Loss: 0.013516	l1_Loss: 0.007380
Train source3 iter: 30 [(28%)]	Loss: 0.130290	RUL_Loss: 0.104704	mmd_Loss: 0.019188	l1_Loss: 0.009607


Train source1 iter: 40 [(38%)]	Loss: 0.050717	RUL_Loss: 0.032380	mmd_Loss: 0.012925	l1_Loss: 0.006274
Train source2 iter: 40 [(38%)]	Loss: 0.067843	RUL_Loss: 0.049348	mmd_Loss: 0.012460	l1_Loss: 0.006905
Train source3 iter: 40 [(38%)]	Loss: 0.133760	RUL_Loss: 0.107131	mmd_Loss: 0.018898	l1_Loss: 0.008983


Train source1 iter: 50 [(47%)]	Loss: 0.053515	RUL_Loss: 0.031876	mmd_Loss: 0.015238	l1_Loss: 0.006791
Train source2 iter: 50 [(47%)]	Loss: 0.068920	RUL_Loss: 0.048974	mmd_Loss: 0.013160	l1_Loss: 0.007146
Train source3 iter: 50 [(47%)]	Loss: 0.126507	RUL_Loss: 0.098729	mmd_Loss: 0.019134	l1_Loss: 0.009145


Train source1 iter: 60 [(57%)]	Loss: 0.050948	RUL_Loss: 0.031082	mmd_Loss: 0.013525	l1_Loss: 0.006480
Train source2 iter: 60 [(57%)]	Loss: 0.072564	RUL_Loss: 0.050361	mmd_Loss: 0.015141	l1_Loss: 0.007218
Train source3 iter: 60 [(57%)]	Loss: 0.125262	RUL_Loss: 0.098553	mmd_Loss: 0.018210	l1_Loss: 0.008685


Train source1 iter: 70 [(66%)]	Loss: 0.045184	RUL_Loss: 0.028941	mmd_Loss: 0.010355	l1_Loss: 0.005932
Train source2 iter: 70 [(66%)]	Loss: 0.071072	RUL_Loss: 0.049618	mmd_Loss: 0.014911	l1_Loss: 0.006601
Train source3 iter: 70 [(66%)]	Loss: 0.138510	RUL_Loss: 0.107765	mmd_Loss: 0.021916	l1_Loss: 0.008914


Train source1 iter: 80 [(75%)]	Loss: 0.057040	RUL_Loss: 0.032138	mmd_Loss: 0.018457	l1_Loss: 0.006470
Train source2 iter: 80 [(75%)]	Loss: 0.072510	RUL_Loss: 0.053472	mmd_Loss: 0.012408	l1_Loss: 0.006650
Train source3 iter: 80 [(75%)]	Loss: 0.136527	RUL_Loss: 0.108404	mmd_Loss: 0.019167	l1_Loss: 0.008986


Train source1 iter: 90 [(85%)]	Loss: 0.050482	RUL_Loss: 0.033597	mmd_Loss: 0.010992	l1_Loss: 0.005900
Train source2 iter: 90 [(85%)]	Loss: 0.072929	RUL_Loss: 0.049150	mmd_Loss: 0.016682	l1_Loss: 0.007107
Train source3 iter: 90 [(85%)]	Loss: 0.129004	RUL_Loss: 0.100925	mmd_Loss: 0.019645	l1_Loss: 0.008445


Train source1 iter: 100 [(94%)]	Loss: 0.054255	RUL_Loss: 0.027994	mmd_Loss: 0.020617	l1_Loss: 0.005647
Train source2 iter: 100 [(94%)]	Loss: 0.068076	RUL_Loss: 0.049925	mmd_Loss: 0.011391	l1_Loss: 0.006762
Train source3 iter: 100 [(94%)]	Loss: 0.134709	RUL_Loss: 0.107614	mmd_Loss: 0.018346	l1_Loss: 0.008754


Train epochs:12.000000	
Train source1 iter: 10 [(9%)]	Loss: 0.038277	RUL_Loss: 0.029916	mmd_Loss: 0.011991	l1_Loss: 0.007029
Train source2 iter: 10 [(9%)]	Loss: 0.057639	RUL_Loss: 0.049386	mmd_Loss: 0.011743	l1_Loss: 0.007033
Train source3 iter: 10 [(9%)]	Loss: 0.120068	RUL_Loss: 0.106504	mmd_Loss: 0.021507	l1_Loss: 0.009351


Train source1 iter: 20 [(19%)]	Loss: 0.048056	RUL_Loss: 0.030619	mmd_Loss: 0.016447	l1_Loss: 0.007220
Train source2 iter: 20 [(19%)]	Loss: 0.066835	RUL_Loss: 0.051004	mmd_Loss: 0.013962	l1_Loss: 0.007525
Train source3 iter: 20 [(19%)]	Loss: 0.127170	RUL_Loss: 0.105151	mmd_Loss: 0.020435	l1_Loss: 0.009450


Train source1 iter: 30 [(28%)]	Loss: 0.045927	RUL_Loss: 0.029719	mmd_Loss: 0.011554	l1_Loss: 0.006686
Train source2 iter: 30 [(28%)]	Loss: 0.067610	RUL_Loss: 0.050133	mmd_Loss: 0.012837	l1_Loss: 0.006831
Train source3 iter: 30 [(28%)]	Loss: 0.142061	RUL_Loss: 0.116797	mmd_Loss: 0.018935	l1_Loss: 0.009498


Train source1 iter: 40 [(38%)]	Loss: 0.052631	RUL_Loss: 0.032298	mmd_Loss: 0.015042	l1_Loss: 0.006247
Train source2 iter: 40 [(38%)]	Loss: 0.066929	RUL_Loss: 0.048706	mmd_Loss: 0.012150	l1_Loss: 0.006930
Train source3 iter: 40 [(38%)]	Loss: 0.136496	RUL_Loss: 0.107797	mmd_Loss: 0.020936	l1_Loss: 0.009112


Train source1 iter: 50 [(47%)]	Loss: 0.050346	RUL_Loss: 0.031181	mmd_Loss: 0.013093	l1_Loss: 0.006417
Train source2 iter: 50 [(47%)]	Loss: 0.067561	RUL_Loss: 0.049712	mmd_Loss: 0.011072	l1_Loss: 0.007099
Train source3 iter: 50 [(47%)]	Loss: 0.135259	RUL_Loss: 0.106096	mmd_Loss: 0.020684	l1_Loss: 0.009005


Train source1 iter: 60 [(57%)]	Loss: 0.048259	RUL_Loss: 0.028276	mmd_Loss: 0.013695	l1_Loss: 0.006427
Train source2 iter: 60 [(57%)]	Loss: 0.063412	RUL_Loss: 0.044386	mmd_Loss: 0.012056	l1_Loss: 0.007103
Train source3 iter: 60 [(57%)]	Loss: 0.138627	RUL_Loss: 0.109999	mmd_Loss: 0.019223	l1_Loss: 0.009605


Train source1 iter: 70 [(66%)]	Loss: 0.056236	RUL_Loss: 0.035237	mmd_Loss: 0.014277	l1_Loss: 0.006780
Train source2 iter: 70 [(66%)]	Loss: 0.063848	RUL_Loss: 0.045047	mmd_Loss: 0.012342	l1_Loss: 0.006510
Train source3 iter: 70 [(66%)]	Loss: 0.135777	RUL_Loss: 0.105848	mmd_Loss: 0.020758	l1_Loss: 0.009252


Train source1 iter: 80 [(75%)]	Loss: 0.050864	RUL_Loss: 0.028912	mmd_Loss: 0.014970	l1_Loss: 0.007004
Train source2 iter: 80 [(75%)]	Loss: 0.062706	RUL_Loss: 0.045234	mmd_Loss: 0.010330	l1_Loss: 0.007161
Train source3 iter: 80 [(75%)]	Loss: 0.130847	RUL_Loss: 0.101512	mmd_Loss: 0.020104	l1_Loss: 0.009262


Train source1 iter: 90 [(85%)]	Loss: 0.050504	RUL_Loss: 0.030376	mmd_Loss: 0.013780	l1_Loss: 0.006355
Train source2 iter: 90 [(85%)]	Loss: 0.065715	RUL_Loss: 0.048431	mmd_Loss: 0.010739	l1_Loss: 0.006552
Train source3 iter: 90 [(85%)]	Loss: 0.136095	RUL_Loss: 0.106466	mmd_Loss: 0.020066	l1_Loss: 0.009576


Train source1 iter: 100 [(94%)]	Loss: 0.056034	RUL_Loss: 0.030892	mmd_Loss: 0.018652	l1_Loss: 0.006495
Train source2 iter: 100 [(94%)]	Loss: 0.062301	RUL_Loss: 0.044137	mmd_Loss: 0.011015	l1_Loss: 0.007152
Train source3 iter: 100 [(94%)]	Loss: 0.142747	RUL_Loss: 0.110551	mmd_Loss: 0.022045	l1_Loss: 0.010157


Train epochs:13.000000	
Train source1 iter: 10 [(9%)]	Loss: 0.037314	RUL_Loss: 0.027682	mmd_Loss: 0.015515	l1_Loss: 0.006397
Train source2 iter: 10 [(9%)]	Loss: 0.052794	RUL_Loss: 0.044596	mmd_Loss: 0.011836	l1_Loss: 0.006814
Train source3 iter: 10 [(9%)]	Loss: 0.117353	RUL_Loss: 0.103790	mmd_Loss: 0.020788	l1_Loss: 0.010066


Train source1 iter: 20 [(19%)]	Loss: 0.040512	RUL_Loss: 0.028319	mmd_Loss: 0.010422	l1_Loss: 0.006127
Train source2 iter: 20 [(19%)]	Loss: 0.057208	RUL_Loss: 0.042643	mmd_Loss: 0.012642	l1_Loss: 0.007126
Train source3 iter: 20 [(19%)]	Loss: 0.126122	RUL_Loss: 0.102905	mmd_Loss: 0.021695	l1_Loss: 0.009817


Train source1 iter: 30 [(28%)]	Loss: 0.049631	RUL_Loss: 0.030242	mmd_Loss: 0.016117	l1_Loss: 0.005703
Train source2 iter: 30 [(28%)]	Loss: 0.064665	RUL_Loss: 0.048574	mmd_Loss: 0.011224	l1_Loss: 0.006885
Train source3 iter: 30 [(28%)]	Loss: 0.125361	RUL_Loss: 0.099670	mmd_Loss: 0.019695	l1_Loss: 0.009218


Train source1 iter: 40 [(38%)]	Loss: 0.042776	RUL_Loss: 0.028174	mmd_Loss: 0.009177	l1_Loss: 0.006112
Train source2 iter: 40 [(38%)]	Loss: 0.060417	RUL_Loss: 0.042552	mmd_Loss: 0.011885	l1_Loss: 0.006820
Train source3 iter: 40 [(38%)]	Loss: 0.128146	RUL_Loss: 0.100301	mmd_Loss: 0.020302	l1_Loss: 0.008852


Train source1 iter: 50 [(47%)]	Loss: 0.044941	RUL_Loss: 0.028810	mmd_Loss: 0.010508	l1_Loss: 0.005913
Train source2 iter: 50 [(47%)]	Loss: 0.063109	RUL_Loss: 0.043782	mmd_Loss: 0.012977	l1_Loss: 0.006699
Train source3 iter: 50 [(47%)]	Loss: 0.134903	RUL_Loss: 0.104928	mmd_Loss: 0.021202	l1_Loss: 0.009314


Train source1 iter: 60 [(57%)]	Loss: 0.046623	RUL_Loss: 0.028550	mmd_Loss: 0.012352	l1_Loss: 0.005847
Train source2 iter: 60 [(57%)]	Loss: 0.061532	RUL_Loss: 0.044749	mmd_Loss: 0.009902	l1_Loss: 0.006999
Train source3 iter: 60 [(57%)]	Loss: 0.132677	RUL_Loss: 0.102817	mmd_Loss: 0.020800	l1_Loss: 0.009268


Train source1 iter: 70 [(66%)]	Loss: 0.049090	RUL_Loss: 0.031482	mmd_Loss: 0.011568	l1_Loss: 0.006087
Train source2 iter: 70 [(66%)]	Loss: 0.064623	RUL_Loss: 0.046028	mmd_Loss: 0.012168	l1_Loss: 0.006478
Train source3 iter: 70 [(66%)]	Loss: 0.134191	RUL_Loss: 0.105064	mmd_Loss: 0.019179	l1_Loss: 0.010027


Train source1 iter: 80 [(75%)]	Loss: 0.044498	RUL_Loss: 0.027273	mmd_Loss: 0.011394	l1_Loss: 0.005849
Train source2 iter: 80 [(75%)]	Loss: 0.067364	RUL_Loss: 0.048033	mmd_Loss: 0.012495	l1_Loss: 0.006857
Train source3 iter: 80 [(75%)]	Loss: 0.138677	RUL_Loss: 0.107978	mmd_Loss: 0.022039	l1_Loss: 0.008693


Train source1 iter: 90 [(85%)]	Loss: 0.047960	RUL_Loss: 0.028151	mmd_Loss: 0.013946	l1_Loss: 0.005871
Train source2 iter: 90 [(85%)]	Loss: 0.063967	RUL_Loss: 0.044108	mmd_Loss: 0.012174	l1_Loss: 0.007693
Train source3 iter: 90 [(85%)]	Loss: 0.129162	RUL_Loss: 0.101115	mmd_Loss: 0.018876	l1_Loss: 0.009182


Train source1 iter: 100 [(94%)]	Loss: 0.046256	RUL_Loss: 0.028126	mmd_Loss: 0.012039	l1_Loss: 0.006094
Train source2 iter: 100 [(94%)]	Loss: 0.060995	RUL_Loss: 0.042765	mmd_Loss: 0.011343	l1_Loss: 0.006889
Train source3 iter: 100 [(94%)]	Loss: 0.134568	RUL_Loss: 0.104395	mmd_Loss: 0.020576	l1_Loss: 0.009601


Train epochs:14.000000	
Train source1 iter: 10 [(9%)]	Loss: 0.038940	RUL_Loss: 0.030289	mmd_Loss: 0.013527	l1_Loss: 0.006155
Train source2 iter: 10 [(9%)]	Loss: 0.049628	RUL_Loss: 0.041876	mmd_Loss: 0.011207	l1_Loss: 0.006429
Train source3 iter: 10 [(9%)]	Loss: 0.118629	RUL_Loss: 0.105201	mmd_Loss: 0.020828	l1_Loss: 0.009720


Train source1 iter: 20 [(19%)]	Loss: 0.044029	RUL_Loss: 0.030073	mmd_Loss: 0.013420	l1_Loss: 0.005522
Train source2 iter: 20 [(19%)]	Loss: 0.056895	RUL_Loss: 0.042213	mmd_Loss: 0.013599	l1_Loss: 0.006328
Train source3 iter: 20 [(19%)]	Loss: 0.125975	RUL_Loss: 0.103827	mmd_Loss: 0.020881	l1_Loss: 0.009180


Train source1 iter: 30 [(28%)]	Loss: 0.048229	RUL_Loss: 0.030015	mmd_Loss: 0.014021	l1_Loss: 0.006477
Train source2 iter: 30 [(28%)]	Loss: 0.062915	RUL_Loss: 0.044536	mmd_Loss: 0.014036	l1_Loss: 0.006647
Train source3 iter: 30 [(28%)]	Loss: 0.123764	RUL_Loss: 0.100183	mmd_Loss: 0.017647	l1_Loss: 0.008890


Train source1 iter: 40 [(38%)]	Loss: 0.048381	RUL_Loss: 0.030163	mmd_Loss: 0.012827	l1_Loss: 0.006248
Train source2 iter: 40 [(38%)]	Loss: 0.060707	RUL_Loss: 0.044268	mmd_Loss: 0.010808	l1_Loss: 0.006404
Train source3 iter: 40 [(38%)]	Loss: 0.132576	RUL_Loss: 0.106020	mmd_Loss: 0.018807	l1_Loss: 0.008998


Train source1 iter: 50 [(47%)]	Loss: 0.049845	RUL_Loss: 0.030875	mmd_Loss: 0.013873	l1_Loss: 0.005439
Train source2 iter: 50 [(47%)]	Loss: 0.072406	RUL_Loss: 0.052989	mmd_Loss: 0.013530	l1_Loss: 0.006237
Train source3 iter: 50 [(47%)]	Loss: 0.140954	RUL_Loss: 0.110079	mmd_Loss: 0.022559	l1_Loss: 0.008873


Train source1 iter: 60 [(57%)]	Loss: 0.043609	RUL_Loss: 0.026555	mmd_Loss: 0.011351	l1_Loss: 0.005822
Train source2 iter: 60 [(57%)]	Loss: 0.067358	RUL_Loss: 0.047487	mmd_Loss: 0.013528	l1_Loss: 0.006482
Train source3 iter: 60 [(57%)]	Loss: 0.134668	RUL_Loss: 0.105828	mmd_Loss: 0.020169	l1_Loss: 0.008873


Train source1 iter: 70 [(66%)]	Loss: 0.054262	RUL_Loss: 0.032493	mmd_Loss: 0.016132	l1_Loss: 0.005696
Train source2 iter: 70 [(66%)]	Loss: 0.066298	RUL_Loss: 0.044436	mmd_Loss: 0.015599	l1_Loss: 0.006322
Train source3 iter: 70 [(66%)]	Loss: 0.142341	RUL_Loss: 0.112856	mmd_Loss: 0.021067	l1_Loss: 0.008498


Train source1 iter: 80 [(75%)]	Loss: 0.047869	RUL_Loss: 0.029450	mmd_Loss: 0.012679	l1_Loss: 0.005760
Train source2 iter: 80 [(75%)]	Loss: 0.059338	RUL_Loss: 0.042886	mmd_Loss: 0.009729	l1_Loss: 0.006741
Train source3 iter: 80 [(75%)]	Loss: 0.135505	RUL_Loss: 0.107931	mmd_Loss: 0.018821	l1_Loss: 0.008781


Train source1 iter: 90 [(85%)]	Loss: 0.043448	RUL_Loss: 0.027487	mmd_Loss: 0.010288	l1_Loss: 0.005679
Train source2 iter: 90 [(85%)]	Loss: 0.063300	RUL_Loss: 0.043971	mmd_Loss: 0.012848	l1_Loss: 0.006488
Train source3 iter: 90 [(85%)]	Loss: 0.132814	RUL_Loss: 0.104830	mmd_Loss: 0.019046	l1_Loss: 0.008949


Train source1 iter: 100 [(94%)]	Loss: 0.050378	RUL_Loss: 0.033634	mmd_Loss: 0.011101	l1_Loss: 0.005645
Train source2 iter: 100 [(94%)]	Loss: 0.064467	RUL_Loss: 0.047347	mmd_Loss: 0.011077	l1_Loss: 0.006046
Train source3 iter: 100 [(94%)]	Loss: 0.128131	RUL_Loss: 0.099881	mmd_Loss: 0.019361	l1_Loss: 0.008893


Train epochs:15.000000	
Train source1 iter: 10 [(9%)]	Loss: 0.036091	RUL_Loss: 0.028805	mmd_Loss: 0.009719	l1_Loss: 0.006856
Train source2 iter: 10 [(9%)]	Loss: 0.054319	RUL_Loss: 0.045813	mmd_Loss: 0.012910	l1_Loss: 0.006439
Train source3 iter: 10 [(9%)]	Loss: 0.120230	RUL_Loss: 0.107004	mmd_Loss: 0.019165	l1_Loss: 0.010923


Train source1 iter: 20 [(19%)]	Loss: 0.044024	RUL_Loss: 0.027686	mmd_Loss: 0.016411	l1_Loss: 0.005764
Train source2 iter: 20 [(19%)]	Loss: 0.052340	RUL_Loss: 0.040086	mmd_Loss: 0.010112	l1_Loss: 0.006519
Train source3 iter: 20 [(19%)]	Loss: 0.121207	RUL_Loss: 0.101104	mmd_Loss: 0.017519	l1_Loss: 0.009766


Train source1 iter: 30 [(28%)]	Loss: 0.047977	RUL_Loss: 0.030484	mmd_Loss: 0.014087	l1_Loss: 0.005599
Train source2 iter: 30 [(28%)]	Loss: 0.059798	RUL_Loss: 0.043740	mmd_Loss: 0.012242	l1_Loss: 0.005830
Train source3 iter: 30 [(28%)]	Loss: 0.129050	RUL_Loss: 0.101939	mmd_Loss: 0.020823	l1_Loss: 0.009687


Train source1 iter: 40 [(38%)]	Loss: 0.046558	RUL_Loss: 0.030392	mmd_Loss: 0.010999	l1_Loss: 0.005927
Train source2 iter: 40 [(38%)]	Loss: 0.057465	RUL_Loss: 0.041907	mmd_Loss: 0.010872	l1_Loss: 0.005417
Train source3 iter: 40 [(38%)]	Loss: 0.133362	RUL_Loss: 0.106928	mmd_Loss: 0.018943	l1_Loss: 0.008733


Train source1 iter: 50 [(47%)]	Loss: 0.047373	RUL_Loss: 0.028599	mmd_Loss: 0.013290	l1_Loss: 0.005823
Train source2 iter: 50 [(47%)]	Loss: 0.060469	RUL_Loss: 0.042459	mmd_Loss: 0.012399	l1_Loss: 0.005936
Train source3 iter: 50 [(47%)]	Loss: 0.129610	RUL_Loss: 0.103158	mmd_Loss: 0.017669	l1_Loss: 0.009260


Train source1 iter: 60 [(57%)]	Loss: 0.045797	RUL_Loss: 0.027402	mmd_Loss: 0.012405	l1_Loss: 0.006118
Train source2 iter: 60 [(57%)]	Loss: 0.060192	RUL_Loss: 0.040357	mmd_Loss: 0.014104	l1_Loss: 0.005870
Train source3 iter: 60 [(57%)]	Loss: 0.131051	RUL_Loss: 0.104492	mmd_Loss: 0.017697	l1_Loss: 0.009048


Train source1 iter: 70 [(66%)]	Loss: 0.045071	RUL_Loss: 0.026786	mmd_Loss: 0.012673	l1_Loss: 0.005661
Train source2 iter: 70 [(66%)]	Loss: 0.059949	RUL_Loss: 0.043990	mmd_Loss: 0.010158	l1_Loss: 0.005845
Train source3 iter: 70 [(66%)]	Loss: 0.135169	RUL_Loss: 0.106112	mmd_Loss: 0.019875	l1_Loss: 0.009260


Train source1 iter: 80 [(75%)]	Loss: 0.046189	RUL_Loss: 0.028692	mmd_Loss: 0.011587	l1_Loss: 0.005929
Train source2 iter: 80 [(75%)]	Loss: 0.060800	RUL_Loss: 0.043151	mmd_Loss: 0.011937	l1_Loss: 0.005731
Train source3 iter: 80 [(75%)]	Loss: 0.137178	RUL_Loss: 0.110265	mmd_Loss: 0.017859	l1_Loss: 0.009083


Train source1 iter: 90 [(85%)]	Loss: 0.051196	RUL_Loss: 0.027080	mmd_Loss: 0.018366	l1_Loss: 0.005760
Train source2 iter: 90 [(85%)]	Loss: 0.058090	RUL_Loss: 0.040005	mmd_Loss: 0.012518	l1_Loss: 0.005575
Train source3 iter: 90 [(85%)]	Loss: 0.126255	RUL_Loss: 0.098255	mmd_Loss: 0.018436	l1_Loss: 0.009575


Train source1 iter: 100 [(94%)]	Loss: 0.053188	RUL_Loss: 0.028062	mmd_Loss: 0.019076	l1_Loss: 0.006054
Train source2 iter: 100 [(94%)]	Loss: 0.060202	RUL_Loss: 0.040508	mmd_Loss: 0.013804	l1_Loss: 0.005892
Train source3 iter: 100 [(94%)]	Loss: 0.138504	RUL_Loss: 0.110174	mmd_Loss: 0.017964	l1_Loss: 0.010370


Train epochs:16.000000	
Train source1 iter: 10 [(9%)]	Loss: 0.043862	RUL_Loss: 0.034372	mmd_Loss: 0.015617	l1_Loss: 0.005970
Train source2 iter: 10 [(9%)]	Loss: 0.052653	RUL_Loss: 0.042247	mmd_Loss: 0.014850	l1_Loss: 0.008825
Train source3 iter: 10 [(9%)]	Loss: 0.121642	RUL_Loss: 0.109009	mmd_Loss: 0.019357	l1_Loss: 0.009382


Train source1 iter: 20 [(19%)]	Loss: 0.044350	RUL_Loss: 0.032680	mmd_Loss: 0.010766	l1_Loss: 0.005073
Train source2 iter: 20 [(19%)]	Loss: 0.055441	RUL_Loss: 0.042716	mmd_Loss: 0.009492	l1_Loss: 0.007779
Train source3 iter: 20 [(19%)]	Loss: 0.140173	RUL_Loss: 0.120076	mmd_Loss: 0.018104	l1_Loss: 0.009173


Train source1 iter: 30 [(28%)]	Loss: 0.049639	RUL_Loss: 0.035311	mmd_Loss: 0.010584	l1_Loss: 0.005541
Train source2 iter: 30 [(28%)]	Loss: 0.056815	RUL_Loss: 0.041274	mmd_Loss: 0.010572	l1_Loss: 0.006918
Train source3 iter: 30 [(28%)]	Loss: 0.131417	RUL_Loss: 0.106895	mmd_Loss: 0.018650	l1_Loss: 0.008948


Train source1 iter: 40 [(38%)]	Loss: 0.048375	RUL_Loss: 0.032085	mmd_Loss: 0.012076	l1_Loss: 0.004980
Train source2 iter: 40 [(38%)]	Loss: 0.057697	RUL_Loss: 0.039286	mmd_Loss: 0.012703	l1_Loss: 0.006573
Train source3 iter: 40 [(38%)]	Loss: 0.123346	RUL_Loss: 0.096048	mmd_Loss: 0.020155	l1_Loss: 0.008427


Train source1 iter: 50 [(47%)]	Loss: 0.046055	RUL_Loss: 0.028726	mmd_Loss: 0.012275	l1_Loss: 0.005366
Train source2 iter: 50 [(47%)]	Loss: 0.062998	RUL_Loss: 0.043514	mmd_Loss: 0.012757	l1_Loss: 0.007079
Train source3 iter: 50 [(47%)]	Loss: 0.124420	RUL_Loss: 0.098903	mmd_Loss: 0.016921	l1_Loss: 0.009056


Train source1 iter: 60 [(57%)]	Loss: 0.049718	RUL_Loss: 0.031987	mmd_Loss: 0.012392	l1_Loss: 0.005463
Train source2 iter: 60 [(57%)]	Loss: 0.062142	RUL_Loss: 0.042664	mmd_Loss: 0.011952	l1_Loss: 0.007662
Train source3 iter: 60 [(57%)]	Loss: 0.132920	RUL_Loss: 0.105089	mmd_Loss: 0.018934	l1_Loss: 0.009092


Train source1 iter: 70 [(66%)]	Loss: 0.048535	RUL_Loss: 0.033183	mmd_Loss: 0.009980	l1_Loss: 0.005414
Train source2 iter: 70 [(66%)]	Loss: 0.063018	RUL_Loss: 0.042733	mmd_Loss: 0.013235	l1_Loss: 0.007104
Train source3 iter: 70 [(66%)]	Loss: 0.130789	RUL_Loss: 0.104879	mmd_Loss: 0.017723	l1_Loss: 0.008258


Train source1 iter: 80 [(75%)]	Loss: 0.054221	RUL_Loss: 0.030125	mmd_Loss: 0.018647	l1_Loss: 0.005474
Train source2 iter: 80 [(75%)]	Loss: 0.058615	RUL_Loss: 0.041314	mmd_Loss: 0.009903	l1_Loss: 0.007416
Train source3 iter: 80 [(75%)]	Loss: 0.131316	RUL_Loss: 0.106001	mmd_Loss: 0.016008	l1_Loss: 0.009334


Train source1 iter: 90 [(85%)]	Loss: 0.048395	RUL_Loss: 0.029807	mmd_Loss: 0.013273	l1_Loss: 0.005322
Train source2 iter: 90 [(85%)]	Loss: 0.055697	RUL_Loss: 0.037700	mmd_Loss: 0.010735	l1_Loss: 0.007269
Train source3 iter: 90 [(85%)]	Loss: 0.137942	RUL_Loss: 0.112096	mmd_Loss: 0.016895	l1_Loss: 0.008961


Train source1 iter: 100 [(94%)]	Loss: 0.046486	RUL_Loss: 0.031831	mmd_Loss: 0.009190	l1_Loss: 0.005467
Train source2 iter: 100 [(94%)]	Loss: 0.065605	RUL_Loss: 0.043333	mmd_Loss: 0.015002	l1_Loss: 0.007274
Train source3 iter: 100 [(94%)]	Loss: 0.123351	RUL_Loss: 0.094136	mmd_Loss: 0.020813	l1_Loss: 0.008406


Train epochs:17.000000	
Train source1 iter: 10 [(9%)]	Loss: 0.045792	RUL_Loss: 0.038869	mmd_Loss: 0.010552	l1_Loss: 0.005198
Train source2 iter: 10 [(9%)]	Loss: 0.051613	RUL_Loss: 0.041917	mmd_Loss: 0.014550	l1_Loss: 0.007509
Train source3 iter: 10 [(9%)]	Loss: 0.127459	RUL_Loss: 0.114346	mmd_Loss: 0.021127	l1_Loss: 0.008705


Train source1 iter: 20 [(19%)]	Loss: 0.048530	RUL_Loss: 0.036069	mmd_Loss: 0.012020	l1_Loss: 0.004892
Train source2 iter: 20 [(19%)]	Loss: 0.057656	RUL_Loss: 0.044283	mmd_Loss: 0.010742	l1_Loss: 0.007408
Train source3 iter: 20 [(19%)]	Loss: 0.131764	RUL_Loss: 0.111283	mmd_Loss: 0.019285	l1_Loss: 0.008513


Train source1 iter: 30 [(28%)]	Loss: 0.058746	RUL_Loss: 0.040476	mmd_Loss: 0.014990	l1_Loss: 0.005570
Train source2 iter: 30 [(28%)]	Loss: 0.058057	RUL_Loss: 0.042015	mmd_Loss: 0.010352	l1_Loss: 0.007702
Train source3 iter: 30 [(28%)]	Loss: 0.135725	RUL_Loss: 0.111157	mmd_Loss: 0.019104	l1_Loss: 0.008545


Train source1 iter: 40 [(38%)]	Loss: 0.059614	RUL_Loss: 0.039470	mmd_Loss: 0.015933	l1_Loss: 0.005159
Train source2 iter: 40 [(38%)]	Loss: 0.056554	RUL_Loss: 0.040753	mmd_Loss: 0.008858	l1_Loss: 0.007686
Train source3 iter: 40 [(38%)]	Loss: 0.135810	RUL_Loss: 0.110784	mmd_Loss: 0.018260	l1_Loss: 0.007943


Train source1 iter: 50 [(47%)]	Loss: 0.053371	RUL_Loss: 0.036388	mmd_Loss: 0.012161	l1_Loss: 0.005128
Train source2 iter: 50 [(47%)]	Loss: 0.056051	RUL_Loss: 0.037955	mmd_Loss: 0.011299	l1_Loss: 0.007123
Train source3 iter: 50 [(47%)]	Loss: 0.136770	RUL_Loss: 0.108477	mmd_Loss: 0.020942	l1_Loss: 0.007863


Train source1 iter: 60 [(57%)]	Loss: 0.056009	RUL_Loss: 0.040476	mmd_Loss: 0.010332	l1_Loss: 0.005309
Train source2 iter: 60 [(57%)]	Loss: 0.065749	RUL_Loss: 0.044919	mmd_Loss: 0.013771	l1_Loss: 0.007204
Train source3 iter: 60 [(57%)]	Loss: 0.131259	RUL_Loss: 0.103453	mmd_Loss: 0.018909	l1_Loss: 0.009090


Train source1 iter: 70 [(66%)]	Loss: 0.057277	RUL_Loss: 0.036120	mmd_Loss: 0.016233	l1_Loss: 0.004981
Train source2 iter: 70 [(66%)]	Loss: 0.059960	RUL_Loss: 0.041705	mmd_Loss: 0.011136	l1_Loss: 0.007168
Train source3 iter: 70 [(66%)]	Loss: 0.133183	RUL_Loss: 0.105316	mmd_Loss: 0.019119	l1_Loss: 0.008823


Train source1 iter: 80 [(75%)]	Loss: 0.051850	RUL_Loss: 0.036464	mmd_Loss: 0.010260	l1_Loss: 0.005142
Train source2 iter: 80 [(75%)]	Loss: 0.057412	RUL_Loss: 0.039346	mmd_Loss: 0.010969	l1_Loss: 0.007115
Train source3 iter: 80 [(75%)]	Loss: 0.138932	RUL_Loss: 0.110787	mmd_Loss: 0.019518	l1_Loss: 0.008657


Train source1 iter: 90 [(85%)]	Loss: 0.061490	RUL_Loss: 0.035676	mmd_Loss: 0.020815	l1_Loss: 0.005010
Train source2 iter: 90 [(85%)]	Loss: 0.055174	RUL_Loss: 0.035783	mmd_Loss: 0.012276	l1_Loss: 0.007123
Train source3 iter: 90 [(85%)]	Loss: 0.148596	RUL_Loss: 0.121557	mmd_Loss: 0.018855	l1_Loss: 0.008195


Train source1 iter: 100 [(94%)]	Loss: 0.058037	RUL_Loss: 0.034092	mmd_Loss: 0.019000	l1_Loss: 0.004949
Train source2 iter: 100 [(94%)]	Loss: 0.055863	RUL_Loss: 0.039355	mmd_Loss: 0.009418	l1_Loss: 0.007093
Train source3 iter: 100 [(94%)]	Loss: 0.141955	RUL_Loss: 0.113217	mmd_Loss: 0.020158	l1_Loss: 0.008586


Train epochs:18.000000	
Train source1 iter: 10 [(9%)]	Loss: 0.036985	RUL_Loss: 0.030344	mmd_Loss: 0.008602	l1_Loss: 0.006506
Train source2 iter: 10 [(9%)]	Loss: 0.050454	RUL_Loss: 0.040687	mmd_Loss: 0.015116	l1_Loss: 0.007104
Train source3 iter: 10 [(9%)]	Loss: 0.123466	RUL_Loss: 0.108834	mmd_Loss: 0.022824	l1_Loss: 0.010462


Train source1 iter: 20 [(19%)]	Loss: 0.042086	RUL_Loss: 0.031181	mmd_Loss: 0.008745	l1_Loss: 0.006055
Train source2 iter: 20 [(19%)]	Loss: 0.050288	RUL_Loss: 0.036417	mmd_Loss: 0.012400	l1_Loss: 0.006426
Train source3 iter: 20 [(19%)]	Loss: 0.125648	RUL_Loss: 0.104486	mmd_Loss: 0.018636	l1_Loss: 0.010086


Train source1 iter: 30 [(28%)]	Loss: 0.047796	RUL_Loss: 0.030266	mmd_Loss: 0.013139	l1_Loss: 0.006590
Train source2 iter: 30 [(28%)]	Loss: 0.049988	RUL_Loss: 0.034966	mmd_Loss: 0.010607	l1_Loss: 0.006298
Train source3 iter: 30 [(28%)]	Loss: 0.137237	RUL_Loss: 0.109521	mmd_Loss: 0.021019	l1_Loss: 0.010173


Train source1 iter: 40 [(38%)]	Loss: 0.046970	RUL_Loss: 0.028949	mmd_Loss: 0.011975	l1_Loss: 0.006893
Train source2 iter: 40 [(38%)]	Loss: 0.055758	RUL_Loss: 0.038257	mmd_Loss: 0.011548	l1_Loss: 0.006776
Train source3 iter: 40 [(38%)]	Loss: 0.143097	RUL_Loss: 0.115047	mmd_Loss: 0.018617	l1_Loss: 0.010752


Train source1 iter: 50 [(47%)]	Loss: 0.043121	RUL_Loss: 0.027975	mmd_Loss: 0.008994	l1_Loss: 0.006426
Train source2 iter: 50 [(47%)]	Loss: 0.048662	RUL_Loss: 0.035391	mmd_Loss: 0.007199	l1_Loss: 0.006312
Train source3 iter: 50 [(47%)]	Loss: 0.135594	RUL_Loss: 0.106292	mmd_Loss: 0.019638	l1_Loss: 0.010193


Train source1 iter: 60 [(57%)]	Loss: 0.044431	RUL_Loss: 0.027037	mmd_Loss: 0.011326	l1_Loss: 0.006189
Train source2 iter: 60 [(57%)]	Loss: 0.055722	RUL_Loss: 0.040165	mmd_Loss: 0.009509	l1_Loss: 0.006158
Train source3 iter: 60 [(57%)]	Loss: 0.133276	RUL_Loss: 0.103968	mmd_Loss: 0.019490	l1_Loss: 0.010023


Train source1 iter: 70 [(66%)]	Loss: 0.042566	RUL_Loss: 0.026574	mmd_Loss: 0.010009	l1_Loss: 0.006026
Train source2 iter: 70 [(66%)]	Loss: 0.054760	RUL_Loss: 0.037091	mmd_Loss: 0.011832	l1_Loss: 0.005885
Train source3 iter: 70 [(66%)]	Loss: 0.143736	RUL_Loss: 0.115001	mmd_Loss: 0.018608	l1_Loss: 0.010204


Train source1 iter: 80 [(75%)]	Loss: 0.050001	RUL_Loss: 0.027411	mmd_Loss: 0.016272	l1_Loss: 0.006342
Train source2 iter: 80 [(75%)]	Loss: 0.061087	RUL_Loss: 0.040515	mmd_Loss: 0.014197	l1_Loss: 0.006397
Train source3 iter: 80 [(75%)]	Loss: 0.128939	RUL_Loss: 0.102945	mmd_Loss: 0.015995	l1_Loss: 0.010026


Train source1 iter: 90 [(85%)]	Loss: 0.044420	RUL_Loss: 0.028128	mmd_Loss: 0.009921	l1_Loss: 0.006377
Train source2 iter: 90 [(85%)]	Loss: 0.052478	RUL_Loss: 0.036223	mmd_Loss: 0.010437	l1_Loss: 0.005825
Train source3 iter: 90 [(85%)]	Loss: 0.148374	RUL_Loss: 0.119349	mmd_Loss: 0.018639	l1_Loss: 0.010399


Train source1 iter: 100 [(94%)]	Loss: 0.053094	RUL_Loss: 0.031592	mmd_Loss: 0.014786	l1_Loss: 0.006720
Train source2 iter: 100 [(94%)]	Loss: 0.057322	RUL_Loss: 0.040587	mmd_Loss: 0.009710	l1_Loss: 0.007028
Train source3 iter: 100 [(94%)]	Loss: 0.148897	RUL_Loss: 0.119845	mmd_Loss: 0.018171	l1_Loss: 0.010885


Train epochs:19.000000	
Train source1 iter: 10 [(9%)]	Loss: 0.040031	RUL_Loss: 0.032152	mmd_Loss: 0.010461	l1_Loss: 0.007463
Train source2 iter: 10 [(9%)]	Loss: 0.054838	RUL_Loss: 0.045211	mmd_Loss: 0.014195	l1_Loss: 0.007707
Train source3 iter: 10 [(9%)]	Loss: 0.124796	RUL_Loss: 0.111859	mmd_Loss: 0.018324	l1_Loss: 0.011105


Train source1 iter: 20 [(19%)]	Loss: 0.040793	RUL_Loss: 0.026115	mmd_Loss: 0.013321	l1_Loss: 0.006600
Train source2 iter: 20 [(19%)]	Loss: 0.055931	RUL_Loss: 0.041442	mmd_Loss: 0.012967	l1_Loss: 0.006698
Train source3 iter: 20 [(19%)]	Loss: 0.129188	RUL_Loss: 0.108911	mmd_Loss: 0.017679	l1_Loss: 0.009842


Train source1 iter: 30 [(28%)]	Loss: 0.043527	RUL_Loss: 0.029143	mmd_Loss: 0.009609	l1_Loss: 0.006579
Train source2 iter: 30 [(28%)]	Loss: 0.056654	RUL_Loss: 0.037028	mmd_Loss: 0.015667	l1_Loss: 0.006420
Train source3 iter: 30 [(28%)]	Loss: 0.132161	RUL_Loss: 0.106441	mmd_Loss: 0.019612	l1_Loss: 0.009332


Train source1 iter: 40 [(38%)]	Loss: 0.043675	RUL_Loss: 0.029463	mmd_Loss: 0.008605	l1_Loss: 0.006275
Train source2 iter: 40 [(38%)]	Loss: 0.054761	RUL_Loss: 0.039112	mmd_Loss: 0.009910	l1_Loss: 0.006474
Train source3 iter: 40 [(38%)]	Loss: 0.144039	RUL_Loss: 0.118172	mmd_Loss: 0.017501	l1_Loss: 0.009582


Train source1 iter: 50 [(47%)]	Loss: 0.047331	RUL_Loss: 0.027930	mmd_Loss: 0.013903	l1_Loss: 0.005848
Train source2 iter: 50 [(47%)]	Loss: 0.053951	RUL_Loss: 0.037992	mmd_Loss: 0.010004	l1_Loss: 0.006242
Train source3 iter: 50 [(47%)]	Loss: 0.134585	RUL_Loss: 0.107962	mmd_Loss: 0.017011	l1_Loss: 0.010092


Train source1 iter: 60 [(57%)]	Loss: 0.045361	RUL_Loss: 0.028141	mmd_Loss: 0.011078	l1_Loss: 0.006263
Train source2 iter: 60 [(57%)]	Loss: 0.055550	RUL_Loss: 0.037324	mmd_Loss: 0.011304	l1_Loss: 0.007049
Train source3 iter: 60 [(57%)]	Loss: 0.141321	RUL_Loss: 0.115644	mmd_Loss: 0.015617	l1_Loss: 0.010239


Train source1 iter: 70 [(66%)]	Loss: 0.047813	RUL_Loss: 0.029110	mmd_Loss: 0.012307	l1_Loss: 0.006447
Train source2 iter: 70 [(66%)]	Loss: 0.057304	RUL_Loss: 0.037506	mmd_Loss: 0.012902	l1_Loss: 0.006950
Train source3 iter: 70 [(66%)]	Loss: 0.137763	RUL_Loss: 0.110598	mmd_Loss: 0.017074	l1_Loss: 0.010166


Train source1 iter: 80 [(75%)]	Loss: 0.047892	RUL_Loss: 0.028628	mmd_Loss: 0.012689	l1_Loss: 0.006596
Train source2 iter: 80 [(75%)]	Loss: 0.059465	RUL_Loss: 0.039596	mmd_Loss: 0.012470	l1_Loss: 0.007420
Train source3 iter: 80 [(75%)]	Loss: 0.128280	RUL_Loss: 0.100716	mmd_Loss: 0.017217	l1_Loss: 0.010376


Train source1 iter: 90 [(85%)]	Loss: 0.041458	RUL_Loss: 0.027034	mmd_Loss: 0.008309	l1_Loss: 0.006121
Train source2 iter: 90 [(85%)]	Loss: 0.054263	RUL_Loss: 0.037474	mmd_Loss: 0.010552	l1_Loss: 0.006244
Train source3 iter: 90 [(85%)]	Loss: 0.144207	RUL_Loss: 0.114915	mmd_Loss: 0.018824	l1_Loss: 0.010481


Train source1 iter: 100 [(94%)]	Loss: 0.044349	RUL_Loss: 0.027558	mmd_Loss: 0.010677	l1_Loss: 0.006117
Train source2 iter: 100 [(94%)]	Loss: 0.055057	RUL_Loss: 0.038161	mmd_Loss: 0.010458	l1_Loss: 0.006441
Train source3 iter: 100 [(94%)]	Loss: 0.134564	RUL_Loss: 0.108421	mmd_Loss: 0.015932	l1_Loss: 0.010215


Train epochs:20.000000	
Train source1 iter: 10 [(9%)]	Loss: 0.032033	RUL_Loss: 0.023790	mmd_Loss: 0.012225	l1_Loss: 0.006527
Train source2 iter: 10 [(9%)]	Loss: 0.047081	RUL_Loss: 0.040065	mmd_Loss: 0.009697	l1_Loss: 0.006264
Train source3 iter: 10 [(9%)]	Loss: 0.117475	RUL_Loss: 0.104879	mmd_Loss: 0.018635	l1_Loss: 0.010020


Train source1 iter: 20 [(19%)]	Loss: 0.042537	RUL_Loss: 0.028687	mmd_Loss: 0.012894	l1_Loss: 0.005904
Train source2 iter: 20 [(19%)]	Loss: 0.050875	RUL_Loss: 0.038989	mmd_Loss: 0.009983	l1_Loss: 0.006150
Train source3 iter: 20 [(19%)]	Loss: 0.125075	RUL_Loss: 0.105083	mmd_Loss: 0.016791	l1_Loss: 0.010343


Train source1 iter: 30 [(28%)]	Loss: 0.048335	RUL_Loss: 0.029298	mmd_Loss: 0.015290	l1_Loss: 0.006134
Train source2 iter: 30 [(28%)]	Loss: 0.053220	RUL_Loss: 0.038279	mmd_Loss: 0.010564	l1_Loss: 0.006251
Train source3 iter: 30 [(28%)]	Loss: 0.143295	RUL_Loss: 0.119008	mmd_Loss: 0.016630	l1_Loss: 0.010703


Train source1 iter: 40 [(38%)]	Loss: 0.044592	RUL_Loss: 0.026909	mmd_Loss: 0.012573	l1_Loss: 0.005940
Train source2 iter: 40 [(38%)]	Loss: 0.050701	RUL_Loss: 0.036520	mmd_Loss: 0.008739	l1_Loss: 0.006109
Train source3 iter: 40 [(38%)]	Loss: 0.134785	RUL_Loss: 0.108583	mmd_Loss: 0.017040	l1_Loss: 0.010394


Train source1 iter: 50 [(47%)]	Loss: 0.044614	RUL_Loss: 0.027492	mmd_Loss: 0.011344	l1_Loss: 0.006087
Train source2 iter: 50 [(47%)]	Loss: 0.055427	RUL_Loss: 0.037553	mmd_Loss: 0.012041	l1_Loss: 0.006155
Train source3 iter: 50 [(47%)]	Loss: 0.137128	RUL_Loss: 0.111274	mmd_Loss: 0.016498	l1_Loss: 0.009823


Train source1 iter: 60 [(57%)]	Loss: 0.055803	RUL_Loss: 0.027889	mmd_Loss: 0.021468	l1_Loss: 0.006642
Train source2 iter: 60 [(57%)]	Loss: 0.057545	RUL_Loss: 0.039954	mmd_Loss: 0.011223	l1_Loss: 0.006491
Train source3 iter: 60 [(57%)]	Loss: 0.132852	RUL_Loss: 0.106942	mmd_Loss: 0.015528	l1_Loss: 0.010562


Train source1 iter: 70 [(66%)]	Loss: 0.048467	RUL_Loss: 0.028839	mmd_Loss: 0.013578	l1_Loss: 0.006103
Train source2 iter: 70 [(66%)]	Loss: 0.057515	RUL_Loss: 0.040122	mmd_Loss: 0.011745	l1_Loss: 0.005695
Train source3 iter: 70 [(66%)]	Loss: 0.138428	RUL_Loss: 0.113432	mmd_Loss: 0.014544	l1_Loss: 0.010519


Train source1 iter: 80 [(75%)]	Loss: 0.045334	RUL_Loss: 0.030537	mmd_Loss: 0.009169	l1_Loss: 0.005643
Train source2 iter: 80 [(75%)]	Loss: 0.055209	RUL_Loss: 0.039562	mmd_Loss: 0.009289	l1_Loss: 0.006374
Train source3 iter: 80 [(75%)]	Loss: 0.148753	RUL_Loss: 0.119447	mmd_Loss: 0.018814	l1_Loss: 0.010523


Train source1 iter: 90 [(85%)]	Loss: 0.047449	RUL_Loss: 0.030155	mmd_Loss: 0.011146	l1_Loss: 0.006155
Train source2 iter: 90 [(85%)]	Loss: 0.053798	RUL_Loss: 0.036522	mmd_Loss: 0.011373	l1_Loss: 0.005910
Train source3 iter: 90 [(85%)]	Loss: 0.146145	RUL_Loss: 0.119489	mmd_Loss: 0.016755	l1_Loss: 0.009912


Train source1 iter: 100 [(94%)]	Loss: 0.049108	RUL_Loss: 0.026716	mmd_Loss: 0.016257	l1_Loss: 0.006139
Train source2 iter: 100 [(94%)]	Loss: 0.056902	RUL_Loss: 0.037980	mmd_Loss: 0.012503	l1_Loss: 0.006422
Train source3 iter: 100 [(94%)]	Loss: 0.142952	RUL_Loss: 0.115784	mmd_Loss: 0.016424	l1_Loss: 0.010748


Train epochs:21.000000	
Train source1 iter: 10 [(9%)]	Loss: 0.035706	RUL_Loss: 0.027483	mmd_Loss: 0.011393	l1_Loss: 0.007313
Train source2 iter: 10 [(9%)]	Loss: 0.042112	RUL_Loss: 0.034141	mmd_Loss: 0.010582	l1_Loss: 0.007550
Train source3 iter: 10 [(9%)]	Loss: 0.121263	RUL_Loss: 0.109733	mmd_Loss: 0.016044	l1_Loss: 0.010187


Train source1 iter: 20 [(19%)]	Loss: 0.046245	RUL_Loss: 0.028188	mmd_Loss: 0.018473	l1_Loss: 0.006036
Train source2 iter: 20 [(19%)]	Loss: 0.050777	RUL_Loss: 0.037844	mmd_Loss: 0.010929	l1_Loss: 0.006623
Train source3 iter: 20 [(19%)]	Loss: 0.136761	RUL_Loss: 0.116175	mmd_Loss: 0.016994	l1_Loss: 0.010946


Train source1 iter: 30 [(28%)]	Loss: 0.044214	RUL_Loss: 0.029490	mmd_Loss: 0.010134	l1_Loss: 0.006437
Train source2 iter: 30 [(28%)]	Loss: 0.052998	RUL_Loss: 0.038072	mmd_Loss: 0.009862	l1_Loss: 0.006936
Train source3 iter: 30 [(28%)]	Loss: 0.142505	RUL_Loss: 0.117305	mmd_Loss: 0.018274	l1_Loss: 0.010087


Train source1 iter: 40 [(38%)]	Loss: 0.047306	RUL_Loss: 0.029066	mmd_Loss: 0.012395	l1_Loss: 0.006702
Train source2 iter: 40 [(38%)]	Loss: 0.054428	RUL_Loss: 0.037890	mmd_Loss: 0.010039	l1_Loss: 0.007277
Train source3 iter: 40 [(38%)]	Loss: 0.150113	RUL_Loss: 0.123492	mmd_Loss: 0.016568	l1_Loss: 0.011305


Train source1 iter: 50 [(47%)]	Loss: 0.044458	RUL_Loss: 0.026944	mmd_Loss: 0.011231	l1_Loss: 0.006599
Train source2 iter: 50 [(47%)]	Loss: 0.058001	RUL_Loss: 0.040793	mmd_Loss: 0.010980	l1_Loss: 0.006539
Train source3 iter: 50 [(47%)]	Loss: 0.136196	RUL_Loss: 0.107360	mmd_Loss: 0.018909	l1_Loss: 0.010446


Train source1 iter: 60 [(57%)]	Loss: 0.049909	RUL_Loss: 0.027469	mmd_Loss: 0.016235	l1_Loss: 0.006362
Train source2 iter: 60 [(57%)]	Loss: 0.056114	RUL_Loss: 0.038799	mmd_Loss: 0.010412	l1_Loss: 0.007024
Train source3 iter: 60 [(57%)]	Loss: 0.133796	RUL_Loss: 0.108666	mmd_Loss: 0.014979	l1_Loss: 0.010326


Train source1 iter: 70 [(66%)]	Loss: 0.050588	RUL_Loss: 0.026299	mmd_Loss: 0.017832	l1_Loss: 0.006524
Train source2 iter: 70 [(66%)]	Loss: 0.057798	RUL_Loss: 0.039370	mmd_Loss: 0.011823	l1_Loss: 0.006655
Train source3 iter: 70 [(66%)]	Loss: 0.145313	RUL_Loss: 0.117398	mmd_Loss: 0.017279	l1_Loss: 0.010711


Train source1 iter: 80 [(75%)]	Loss: 0.046513	RUL_Loss: 0.030231	mmd_Loss: 0.009949	l1_Loss: 0.006350
Train source2 iter: 80 [(75%)]	Loss: 0.059840	RUL_Loss: 0.042816	mmd_Loss: 0.009996	l1_Loss: 0.007047
Train source3 iter: 80 [(75%)]	Loss: 0.142674	RUL_Loss: 0.116614	mmd_Loss: 0.015829	l1_Loss: 0.010258


Train source1 iter: 90 [(85%)]	Loss: 0.051912	RUL_Loss: 0.025566	mmd_Loss: 0.019707	l1_Loss: 0.006651
Train source2 iter: 90 [(85%)]	Loss: 0.052008	RUL_Loss: 0.035214	mmd_Loss: 0.009941	l1_Loss: 0.006860
Train source3 iter: 90 [(85%)]	Loss: 0.144068	RUL_Loss: 0.117584	mmd_Loss: 0.016078	l1_Loss: 0.010417


Train source1 iter: 100 [(94%)]	Loss: 0.046339	RUL_Loss: 0.026908	mmd_Loss: 0.012864	l1_Loss: 0.006570
Train source2 iter: 100 [(94%)]	Loss: 0.053764	RUL_Loss: 0.037030	mmd_Loss: 0.009851	l1_Loss: 0.006885
Train source3 iter: 100 [(94%)]	Loss: 0.140515	RUL_Loss: 0.114011	mmd_Loss: 0.015979	l1_Loss: 0.010529


Train epochs:22.000000	
Train source1 iter: 10 [(9%)]	Loss: 0.036378	RUL_Loss: 0.028774	mmd_Loss: 0.011166	l1_Loss: 0.006133
Train source2 iter: 10 [(9%)]	Loss: 0.047073	RUL_Loss: 0.039026	mmd_Loss: 0.011260	l1_Loss: 0.007045
Train source3 iter: 10 [(9%)]	Loss: 0.136691	RUL_Loss: 0.123432	mmd_Loss: 0.019198	l1_Loss: 0.010966


Train source1 iter: 20 [(19%)]	Loss: 0.041821	RUL_Loss: 0.029728	mmd_Loss: 0.009973	l1_Loss: 0.006440
Train source2 iter: 20 [(19%)]	Loss: 0.055489	RUL_Loss: 0.036295	mmd_Loss: 0.019858	l1_Loss: 0.006194
Train source3 iter: 20 [(19%)]	Loss: 0.138506	RUL_Loss: 0.118187	mmd_Loss: 0.017896	l1_Loss: 0.009682


Train source1 iter: 30 [(28%)]	Loss: 0.048385	RUL_Loss: 0.032156	mmd_Loss: 0.011653	l1_Loss: 0.006611
Train source2 iter: 30 [(28%)]	Loss: 0.050680	RUL_Loss: 0.035702	mmd_Loss: 0.009897	l1_Loss: 0.006959
Train source3 iter: 30 [(28%)]	Loss: 0.136874	RUL_Loss: 0.110991	mmd_Loss: 0.018086	l1_Loss: 0.011043


Train source1 iter: 40 [(38%)]	Loss: 0.043993	RUL_Loss: 0.029011	mmd_Loss: 0.009112	l1_Loss: 0.006575
Train source2 iter: 40 [(38%)]	Loss: 0.051009	RUL_Loss: 0.034559	mmd_Loss: 0.011198	l1_Loss: 0.006024
Train source3 iter: 40 [(38%)]	Loss: 0.138641	RUL_Loss: 0.111998	mmd_Loss: 0.016854	l1_Loss: 0.011042


Train source1 iter: 50 [(47%)]	Loss: 0.045926	RUL_Loss: 0.029140	mmd_Loss: 0.010837	l1_Loss: 0.006251
Train source2 iter: 50 [(47%)]	Loss: 0.055455	RUL_Loss: 0.037852	mmd_Loss: 0.011105	l1_Loss: 0.006816
Train source3 iter: 50 [(47%)]	Loss: 0.151065	RUL_Loss: 0.122395	mmd_Loss: 0.018331	l1_Loss: 0.010857


Train source1 iter: 60 [(57%)]	Loss: 0.047576	RUL_Loss: 0.028883	mmd_Loss: 0.012561	l1_Loss: 0.006262
Train source2 iter: 60 [(57%)]	Loss: 0.053057	RUL_Loss: 0.033843	mmd_Loss: 0.012873	l1_Loss: 0.006475
Train source3 iter: 60 [(57%)]	Loss: 0.134944	RUL_Loss: 0.107939	mmd_Loss: 0.015913	l1_Loss: 0.011281


Train source1 iter: 70 [(66%)]	Loss: 0.046260	RUL_Loss: 0.030070	mmd_Loss: 0.009634	l1_Loss: 0.006600
Train source2 iter: 70 [(66%)]	Loss: 0.050629	RUL_Loss: 0.033367	mmd_Loss: 0.010884	l1_Loss: 0.006425
Train source3 iter: 70 [(66%)]	Loss: 0.142968	RUL_Loss: 0.116953	mmd_Loss: 0.015697	l1_Loss: 0.010389


Train source1 iter: 80 [(75%)]	Loss: 0.049080	RUL_Loss: 0.029711	mmd_Loss: 0.012947	l1_Loss: 0.006442
Train source2 iter: 80 [(75%)]	Loss: 0.058433	RUL_Loss: 0.041593	mmd_Loss: 0.010223	l1_Loss: 0.006635
Train source3 iter: 80 [(75%)]	Loss: 0.167797	RUL_Loss: 0.137998	mmd_Loss: 0.018755	l1_Loss: 0.011076


Train source1 iter: 90 [(85%)]	Loss: 0.044891	RUL_Loss: 0.027672	mmd_Loss: 0.010653	l1_Loss: 0.006573
Train source2 iter: 90 [(85%)]	Loss: 0.053917	RUL_Loss: 0.037481	mmd_Loss: 0.009541	l1_Loss: 0.006903
Train source3 iter: 90 [(85%)]	Loss: 0.133318	RUL_Loss: 0.105462	mmd_Loss: 0.016848	l1_Loss: 0.011020


Train source1 iter: 100 [(94%)]	Loss: 0.047927	RUL_Loss: 0.031855	mmd_Loss: 0.009848	l1_Loss: 0.006227
Train source2 iter: 100 [(94%)]	Loss: 0.054668	RUL_Loss: 0.036966	mmd_Loss: 0.010701	l1_Loss: 0.007003
Train source3 iter: 100 [(94%)]	Loss: 0.137115	RUL_Loss: 0.109953	mmd_Loss: 0.016430	l1_Loss: 0.010737


Train epochs:23.000000	
Train source1 iter: 10 [(9%)]	Loss: 0.038043	RUL_Loss: 0.030614	mmd_Loss: 0.010055	l1_Loss: 0.006845
Train source2 iter: 10 [(9%)]	Loss: 0.043478	RUL_Loss: 0.036854	mmd_Loss: 0.007419	l1_Loss: 0.007650
Train source3 iter: 10 [(9%)]	Loss: 0.141046	RUL_Loss: 0.127536	mmd_Loss: 0.018414	l1_Loss: 0.012319


Train source1 iter: 20 [(19%)]	Loss: 0.042418	RUL_Loss: 0.028767	mmd_Loss: 0.011447	l1_Loss: 0.007082
Train source2 iter: 20 [(19%)]	Loss: 0.053203	RUL_Loss: 0.040372	mmd_Loss: 0.010407	l1_Loss: 0.007009
Train source3 iter: 20 [(19%)]	Loss: 0.140326	RUL_Loss: 0.120006	mmd_Loss: 0.015513	l1_Loss: 0.012067


Train source1 iter: 30 [(28%)]	Loss: 0.049162	RUL_Loss: 0.028367	mmd_Loss: 0.016126	l1_Loss: 0.007278
Train source2 iter: 30 [(28%)]	Loss: 0.057093	RUL_Loss: 0.041325	mmd_Loss: 0.010036	l1_Loss: 0.007710
Train source3 iter: 30 [(28%)]	Loss: 0.133484	RUL_Loss: 0.110529	mmd_Loss: 0.014721	l1_Loss: 0.011113


Train source1 iter: 40 [(38%)]	Loss: 0.044621	RUL_Loss: 0.027476	mmd_Loss: 0.011142	l1_Loss: 0.006809
Train source2 iter: 40 [(38%)]	Loss: 0.051888	RUL_Loss: 0.035655	mmd_Loss: 0.009830	l1_Loss: 0.007166
Train source3 iter: 40 [(38%)]	Loss: 0.147198	RUL_Loss: 0.120136	mmd_Loss: 0.016496	l1_Loss: 0.011838


Train source1 iter: 50 [(47%)]	Loss: 0.043656	RUL_Loss: 0.026875	mmd_Loss: 0.010327	l1_Loss: 0.006757
Train source2 iter: 50 [(47%)]	Loss: 0.056946	RUL_Loss: 0.038763	mmd_Loss: 0.011004	l1_Loss: 0.007507
Train source3 iter: 50 [(47%)]	Loss: 0.150787	RUL_Loss: 0.124075	mmd_Loss: 0.016199	l1_Loss: 0.010994


Train source1 iter: 60 [(57%)]	Loss: 0.046473	RUL_Loss: 0.030957	mmd_Loss: 0.009151	l1_Loss: 0.006473
Train source2 iter: 60 [(57%)]	Loss: 0.057212	RUL_Loss: 0.037347	mmd_Loss: 0.013317	l1_Loss: 0.006687
Train source3 iter: 60 [(57%)]	Loss: 0.151017	RUL_Loss: 0.118607	mmd_Loss: 0.020595	l1_Loss: 0.012041


Train source1 iter: 70 [(66%)]	Loss: 0.042951	RUL_Loss: 0.026833	mmd_Loss: 0.009392	l1_Loss: 0.006770
Train source2 iter: 70 [(66%)]	Loss: 0.055388	RUL_Loss: 0.037508	mmd_Loss: 0.011002	l1_Loss: 0.006926
Train source3 iter: 70 [(66%)]	Loss: 0.150136	RUL_Loss: 0.124022	mmd_Loss: 0.014725	l1_Loss: 0.011460


Train source1 iter: 80 [(75%)]	Loss: 0.046090	RUL_Loss: 0.028787	mmd_Loss: 0.010398	l1_Loss: 0.006923
Train source2 iter: 80 [(75%)]	Loss: 0.055100	RUL_Loss: 0.036956	mmd_Loss: 0.010837	l1_Loss: 0.007326
Train source3 iter: 80 [(75%)]	Loss: 0.149545	RUL_Loss: 0.122681	mmd_Loss: 0.016188	l1_Loss: 0.010705


Train source1 iter: 90 [(85%)]	Loss: 0.050357	RUL_Loss: 0.028131	mmd_Loss: 0.015822	l1_Loss: 0.006413
Train source2 iter: 90 [(85%)]	Loss: 0.058622	RUL_Loss: 0.037957	mmd_Loss: 0.014130	l1_Loss: 0.006544
Train source3 iter: 90 [(85%)]	Loss: 0.149691	RUL_Loss: 0.122507	mmd_Loss: 0.015972	l1_Loss: 0.011223


Train source1 iter: 100 [(94%)]	Loss: 0.048877	RUL_Loss: 0.029855	mmd_Loss: 0.012305	l1_Loss: 0.006720
Train source2 iter: 100 [(94%)]	Loss: 0.057235	RUL_Loss: 0.038155	mmd_Loss: 0.011966	l1_Loss: 0.007117
Train source3 iter: 100 [(94%)]	Loss: 0.144397	RUL_Loss: 0.116629	mmd_Loss: 0.015978	l1_Loss: 0.011794


Train epochs:24.000000	
