当前日期和时间： 2023-03-15_19_47_06
training settings:	 lr: 0.001 momentum: 0.9 l2_decay: 0.001 optimizer: Adam seed: 6
model architecture:
 MFSAN(
  (sharedNet): CFE(
    (conv1): Conv1d(14, 32, kernel_size=(3,), stride=(1,), padding=(1,), bias=False)
    (bn1): BatchNorm1d(32, eps=1e-05, momentum=0.1, affine=True, track_running_stats=True)
    (conv2): Conv1d(32, 64, kernel_size=(2,), stride=(1,), padding=(1,), bias=False)
    (bn2): BatchNorm1d(64, eps=1e-05, momentum=0.1, affine=True, track_running_stats=True)
    (conv3): Conv1d(64, 128, kernel_size=(2,), stride=(1,), bias=False)
    (bn3): BatchNorm1d(128, eps=1e-05, momentum=0.1, affine=True, track_running_stats=True)
    (relu): ReLU(inplace=True)
    (flatten): Flatten(start_dim=1, end_dim=-1)
  )
  (sonnet1): DFE(
    (rnn): LSTM(128, 100, num_layers=2, batch_first=True, dropout=0.2, bidirectional=True)
  )
  (sonnet2): DFE(
    (rnn): LSTM(128, 100, num_layers=2, batch_first=True, dropout=0.2, bidirectional=True)
  )
  (rul_fc_son1): Linear(in_features=199, out_features=1, bias=True)
  (rul_fc_son2): Linear(in_features=199, out_features=1, bias=True)
  (avgpool): AvgPool1d(kernel_size=(2,), stride=(1,), padding=(0,))
)
FD003 FD004 to FD001
Train source1 iter: 10 [(9%)]	Loss: 0.067843	RUL_Loss: 0.036669	mmd_Loss: 0.037041	l1_Loss: 0.033880
Train source2 iter: 10 [(9%)]	Loss: 0.157970	RUL_Loss: 0.130796	mmd_Loss: 0.031197	l1_Loss: 0.030623
Train source1 iter: 20 [(19%)]	Loss: 0.076651	RUL_Loss: 0.035228	mmd_Loss: 0.034515	l1_Loss: 0.021707
Train source2 iter: 20 [(19%)]	Loss: 0.163748	RUL_Loss: 0.126838	mmd_Loss: 0.030153	l1_Loss: 0.019944
Train source1 iter: 30 [(28%)]	Loss: 0.092979	RUL_Loss: 0.038561	mmd_Loss: 0.040844	l1_Loss: 0.020397
Train source2 iter: 30 [(28%)]	Loss: 0.170151	RUL_Loss: 0.124409	mmd_Loss: 0.031491	l1_Loss: 0.019987
Train source1 iter: 40 [(38%)]	Loss: 0.089442	RUL_Loss: 0.034936	mmd_Loss: 0.037480	l1_Loss: 0.019588
Train source2 iter: 40 [(38%)]	Loss: 0.184762	RUL_Loss: 0.135140	mmd_Loss: 0.033116	l1_Loss: 0.018840
Train source1 iter: 50 [(47%)]	Loss: 0.088980	RUL_Loss: 0.034008	mmd_Loss: 0.035046	l1_Loss: 0.020918
Train source2 iter: 50 [(47%)]	Loss: 0.175851	RUL_Loss: 0.126296	mmd_Loss: 0.030211	l1_Loss: 0.020239
Train source1 iter: 60 [(57%)]	Loss: 0.094737	RUL_Loss: 0.040602	mmd_Loss: 0.035420	l1_Loss: 0.019094
Train source2 iter: 60 [(57%)]	Loss: 0.178987	RUL_Loss: 0.126322	mmd_Loss: 0.031281	l1_Loss: 0.021752
Train source1 iter: 70 [(66%)]	Loss: 0.086346	RUL_Loss: 0.032216	mmd_Loss: 0.035053	l1_Loss: 0.019224
Train source2 iter: 70 [(66%)]	Loss: 0.165306	RUL_Loss: 0.113645	mmd_Loss: 0.031947	l1_Loss: 0.019853
Train source1 iter: 80 [(75%)]	Loss: 0.083637	RUL_Loss: 0.031583	mmd_Loss: 0.031429	l1_Loss: 0.020680
Train source2 iter: 80 [(75%)]	Loss: 0.168105	RUL_Loss: 0.114654	mmd_Loss: 0.032342	l1_Loss: 0.021166
Train source1 iter: 90 [(85%)]	Loss: 0.093560	RUL_Loss: 0.037077	mmd_Loss: 0.035640	l1_Loss: 0.020867
Train source2 iter: 90 [(85%)]	Loss: 0.174654	RUL_Loss: 0.125591	mmd_Loss: 0.029428	l1_Loss: 0.019655
Train source1 iter: 100 [(94%)]	Loss: 0.094448	RUL_Loss: 0.035125	mmd_Loss: 0.037574	l1_Loss: 0.021759
Train source2 iter: 100 [(94%)]	Loss: 0.183239	RUL_Loss: 0.130503	mmd_Loss: 0.032020	l1_Loss: 0.020725
Train epochs:1.000000	
Train source1 iter: 10 [(9%)]	Loss: 0.047797	RUL_Loss: 0.035181	mmd_Loss: 0.022670	l1_Loss: 0.006031
Train source2 iter: 10 [(9%)]	Loss: 0.126256	RUL_Loss: 0.114197	mmd_Loss: 0.020753	l1_Loss: 0.006679
Train source1 iter: 20 [(19%)]	Loss: 0.055300	RUL_Loss: 0.034359	mmd_Loss: 0.023230	l1_Loss: 0.005191
Train source2 iter: 20 [(19%)]	Loss: 0.122536	RUL_Loss: 0.104031	mmd_Loss: 0.019881	l1_Loss: 0.005235
Train source1 iter: 30 [(28%)]	Loss: 0.059506	RUL_Loss: 0.033466	mmd_Loss: 0.024345	l1_Loss: 0.004961
Train source2 iter: 30 [(28%)]	Loss: 0.126107	RUL_Loss: 0.107096	mmd_Loss: 0.016317	l1_Loss: 0.005079
Train source1 iter: 40 [(38%)]	Loss: 0.062655	RUL_Loss: 0.034619	mmd_Loss: 0.023055	l1_Loss: 0.006299
Train source2 iter: 40 [(38%)]	Loss: 0.123518	RUL_Loss: 0.102103	mmd_Loss: 0.016761	l1_Loss: 0.005661
Train source1 iter: 50 [(47%)]	Loss: 0.061717	RUL_Loss: 0.034784	mmd_Loss: 0.022067	l1_Loss: 0.005352
Train source2 iter: 50 [(47%)]	Loss: 0.131990	RUL_Loss: 0.108763	mmd_Loss: 0.018282	l1_Loss: 0.005365
Train source1 iter: 60 [(57%)]	Loss: 0.067345	RUL_Loss: 0.034054	mmd_Loss: 0.028243	l1_Loss: 0.005280
Train source2 iter: 60 [(57%)]	Loss: 0.127986	RUL_Loss: 0.105388	mmd_Loss: 0.017265	l1_Loss: 0.005491
Train source1 iter: 70 [(66%)]	Loss: 0.059845	RUL_Loss: 0.031092	mmd_Loss: 0.024120	l1_Loss: 0.004711
Train source2 iter: 70 [(66%)]	Loss: 0.131583	RUL_Loss: 0.107821	mmd_Loss: 0.018238	l1_Loss: 0.005589
Train source1 iter: 80 [(75%)]	Loss: 0.061472	RUL_Loss: 0.034605	mmd_Loss: 0.021694	l1_Loss: 0.005201
Train source2 iter: 80 [(75%)]	Loss: 0.126426	RUL_Loss: 0.103564	mmd_Loss: 0.017653	l1_Loss: 0.005234
Train source1 iter: 90 [(85%)]	Loss: 0.057237	RUL_Loss: 0.031398	mmd_Loss: 0.020353	l1_Loss: 0.005496
Train source2 iter: 90 [(85%)]	Loss: 0.130305	RUL_Loss: 0.105581	mmd_Loss: 0.019697	l1_Loss: 0.005037
Train source1 iter: 100 [(94%)]	Loss: 0.060008	RUL_Loss: 0.033283	mmd_Loss: 0.021840	l1_Loss: 0.004889
Train source2 iter: 100 [(94%)]	Loss: 0.132848	RUL_Loss: 0.109391	mmd_Loss: 0.018140	l1_Loss: 0.005321
Train epochs:2.000000	
Train source1 iter: 10 [(9%)]	Loss: 0.047569	RUL_Loss: 0.035394	mmd_Loss: 0.023303	l1_Loss: 0.004394
Train source2 iter: 10 [(9%)]	Loss: 0.119035	RUL_Loss: 0.109173	mmd_Loss: 0.017786	l1_Loss: 0.004650
Train source1 iter: 20 [(19%)]	Loss: 0.045722	RUL_Loss: 0.027774	mmd_Loss: 0.019554	l1_Loss: 0.004806
Train source2 iter: 20 [(19%)]	Loss: 0.111778	RUL_Loss: 0.097278	mmd_Loss: 0.014557	l1_Loss: 0.005124
Train source1 iter: 30 [(28%)]	Loss: 0.055573	RUL_Loss: 0.034415	mmd_Loss: 0.018879	l1_Loss: 0.004932
Train source2 iter: 30 [(28%)]	Loss: 0.120636	RUL_Loss: 0.103353	mmd_Loss: 0.014882	l1_Loss: 0.004568
Train source1 iter: 40 [(38%)]	Loss: 0.060720	RUL_Loss: 0.033776	mmd_Loss: 0.023866	l1_Loss: 0.004345
Train source2 iter: 40 [(38%)]	Loss: 0.124471	RUL_Loss: 0.105711	mmd_Loss: 0.015346	l1_Loss: 0.004296
Train source1 iter: 50 [(47%)]	Loss: 0.059383	RUL_Loss: 0.034492	mmd_Loss: 0.021182	l1_Loss: 0.004158
Train source2 iter: 50 [(47%)]	Loss: 0.116697	RUL_Loss: 0.097964	mmd_Loss: 0.014273	l1_Loss: 0.004798
Train source1 iter: 60 [(57%)]	Loss: 0.059828	RUL_Loss: 0.033020	mmd_Loss: 0.022114	l1_Loss: 0.004880
Train source2 iter: 60 [(57%)]	Loss: 0.117734	RUL_Loss: 0.097460	mmd_Loss: 0.015612	l1_Loss: 0.004804
Train source1 iter: 70 [(66%)]	Loss: 0.059613	RUL_Loss: 0.031185	mmd_Loss: 0.023579	l1_Loss: 0.004927
Train source2 iter: 70 [(66%)]	Loss: 0.120092	RUL_Loss: 0.101188	mmd_Loss: 0.014346	l1_Loss: 0.004609
Train source1 iter: 80 [(75%)]	Loss: 0.060035	RUL_Loss: 0.033956	mmd_Loss: 0.022005	l1_Loss: 0.004102
Train source2 iter: 80 [(75%)]	Loss: 0.120548	RUL_Loss: 0.099053	mmd_Loss: 0.016415	l1_Loss: 0.005102
Train source1 iter: 90 [(85%)]	Loss: 0.053913	RUL_Loss: 0.026252	mmd_Loss: 0.022960	l1_Loss: 0.004713
Train source2 iter: 90 [(85%)]	Loss: 0.113088	RUL_Loss: 0.093573	mmd_Loss: 0.014371	l1_Loss: 0.005152
Train source1 iter: 100 [(94%)]	Loss: 0.058892	RUL_Loss: 0.033341	mmd_Loss: 0.021030	l1_Loss: 0.004525
Train source2 iter: 100 [(94%)]	Loss: 0.122142	RUL_Loss: 0.102185	mmd_Loss: 0.015683	l1_Loss: 0.004278
Train epochs:3.000000	
Train source1 iter: 10 [(9%)]	Loss: 0.038621	RUL_Loss: 0.026295	mmd_Loss: 0.022390	l1_Loss: 0.005649
Train source2 iter: 10 [(9%)]	Loss: 0.088089	RUL_Loss: 0.078040	mmd_Loss: 0.017112	l1_Loss: 0.005749
Train source1 iter: 20 [(19%)]	Loss: 0.047705	RUL_Loss: 0.025730	mmd_Loss: 0.024466	l1_Loss: 0.005360
Train source2 iter: 20 [(19%)]	Loss: 0.091834	RUL_Loss: 0.074201	mmd_Loss: 0.018600	l1_Loss: 0.005333
Train source1 iter: 30 [(28%)]	Loss: 0.045566	RUL_Loss: 0.024121	mmd_Loss: 0.019183	l1_Loss: 0.004952
Train source2 iter: 30 [(28%)]	Loss: 0.099339	RUL_Loss: 0.080605	mmd_Loss: 0.015800	l1_Loss: 0.005283
Train source1 iter: 40 [(38%)]	Loss: 0.051604	RUL_Loss: 0.026602	mmd_Loss: 0.021147	l1_Loss: 0.005032
Train source2 iter: 40 [(38%)]	Loss: 0.100972	RUL_Loss: 0.078846	mmd_Loss: 0.017793	l1_Loss: 0.005373
Train source1 iter: 50 [(47%)]	Loss: 0.047747	RUL_Loss: 0.022741	mmd_Loss: 0.020475	l1_Loss: 0.004982
Train source2 iter: 50 [(47%)]	Loss: 0.099578	RUL_Loss: 0.076741	mmd_Loss: 0.017911	l1_Loss: 0.005339
Train source1 iter: 60 [(57%)]	Loss: 0.054264	RUL_Loss: 0.027215	mmd_Loss: 0.022432	l1_Loss: 0.004806
Train source2 iter: 60 [(57%)]	Loss: 0.100285	RUL_Loss: 0.080368	mmd_Loss: 0.015704	l1_Loss: 0.004352
Train source1 iter: 70 [(66%)]	Loss: 0.053040	RUL_Loss: 0.025209	mmd_Loss: 0.022677	l1_Loss: 0.005230
Train source2 iter: 70 [(66%)]	Loss: 0.098889	RUL_Loss: 0.077253	mmd_Loss: 0.016667	l1_Loss: 0.005027
Train source1 iter: 80 [(75%)]	Loss: 0.053576	RUL_Loss: 0.027917	mmd_Loss: 0.020521	l1_Loss: 0.005166
Train source2 iter: 80 [(75%)]	Loss: 0.100288	RUL_Loss: 0.077392	mmd_Loss: 0.017853	l1_Loss: 0.005066
Train source1 iter: 90 [(85%)]	Loss: 0.053594	RUL_Loss: 0.026354	mmd_Loss: 0.021709	l1_Loss: 0.005542
Train source2 iter: 90 [(85%)]	Loss: 0.091367	RUL_Loss: 0.070718	mmd_Loss: 0.015517	l1_Loss: 0.005140
Train source1 iter: 100 [(94%)]	Loss: 0.048146	RUL_Loss: 0.025008	mmd_Loss: 0.017869	l1_Loss: 0.005273
Train source2 iter: 100 [(94%)]	Loss: 0.102335	RUL_Loss: 0.082075	mmd_Loss: 0.014871	l1_Loss: 0.005392
Train epochs:4.000000	
Train source1 iter: 10 [(9%)]	Loss: 0.042043	RUL_Loss: 0.030038	mmd_Loss: 0.020536	l1_Loss: 0.006774
Train source2 iter: 10 [(9%)]	Loss: 0.063848	RUL_Loss: 0.054979	mmd_Loss: 0.014202	l1_Loss: 0.005974
Train source1 iter: 20 [(19%)]	Loss: 0.043437	RUL_Loss: 0.023809	mmd_Loss: 0.020384	l1_Loss: 0.006258
Train source2 iter: 20 [(19%)]	Loss: 0.065577	RUL_Loss: 0.049868	mmd_Loss: 0.014938	l1_Loss: 0.006384
Train source1 iter: 30 [(28%)]	Loss: 0.051165	RUL_Loss: 0.027681	mmd_Loss: 0.020350	l1_Loss: 0.006079
Train source2 iter: 30 [(28%)]	Loss: 0.070346	RUL_Loss: 0.051013	mmd_Loss: 0.015415	l1_Loss: 0.006343
Train source1 iter: 40 [(38%)]	Loss: 0.051927	RUL_Loss: 0.026009	mmd_Loss: 0.021120	l1_Loss: 0.006017
Train source2 iter: 40 [(38%)]	Loss: 0.070671	RUL_Loss: 0.050602	mmd_Loss: 0.014851	l1_Loss: 0.006162
Train source1 iter: 50 [(47%)]	Loss: 0.050951	RUL_Loss: 0.026677	mmd_Loss: 0.018541	l1_Loss: 0.006171
Train source2 iter: 50 [(47%)]	Loss: 0.073912	RUL_Loss: 0.053889	mmd_Loss: 0.014215	l1_Loss: 0.006169
Train source1 iter: 60 [(57%)]	Loss: 0.050535	RUL_Loss: 0.025959	mmd_Loss: 0.018626	l1_Loss: 0.006121
Train source2 iter: 60 [(57%)]	Loss: 0.069732	RUL_Loss: 0.050448	mmd_Loss: 0.013203	l1_Loss: 0.006215
Train source1 iter: 70 [(66%)]	Loss: 0.052264	RUL_Loss: 0.029225	mmd_Loss: 0.017342	l1_Loss: 0.005759
Train source2 iter: 70 [(66%)]	Loss: 0.071074	RUL_Loss: 0.051640	mmd_Loss: 0.013447	l1_Loss: 0.006039
Train source1 iter: 80 [(75%)]	Loss: 0.052583	RUL_Loss: 0.025418	mmd_Loss: 0.020580	l1_Loss: 0.006613
Train source2 iter: 80 [(75%)]	Loss: 0.072625	RUL_Loss: 0.053345	mmd_Loss: 0.013024	l1_Loss: 0.006277
Train source1 iter: 90 [(85%)]	Loss: 0.050879	RUL_Loss: 0.025927	mmd_Loss: 0.018824	l1_Loss: 0.006138
Train source2 iter: 90 [(85%)]	Loss: 0.072643	RUL_Loss: 0.051980	mmd_Loss: 0.014532	l1_Loss: 0.006140
Train source1 iter: 100 [(94%)]	Loss: 0.051820	RUL_Loss: 0.024868	mmd_Loss: 0.020809	l1_Loss: 0.006147
Train source2 iter: 100 [(94%)]	Loss: 0.077302	RUL_Loss: 0.057193	mmd_Loss: 0.014393	l1_Loss: 0.005719
Train epochs:5.000000	
Train source1 iter: 10 [(9%)]	Loss: 0.039976	RUL_Loss: 0.028140	mmd_Loss: 0.021311	l1_Loss: 0.005615
Train source2 iter: 10 [(9%)]	Loss: 0.061288	RUL_Loss: 0.050017	mmd_Loss: 0.020423	l1_Loss: 0.005218
Train source1 iter: 20 [(19%)]	Loss: 0.049303	RUL_Loss: 0.029378	mmd_Loss: 0.022058	l1_Loss: 0.004985
Train source2 iter: 20 [(19%)]	Loss: 0.066708	RUL_Loss: 0.050673	mmd_Loss: 0.017052	l1_Loss: 0.004711
Train source1 iter: 30 [(28%)]	Loss: 0.047006	RUL_Loss: 0.024497	mmd_Loss: 0.020201	l1_Loss: 0.005131
Train source2 iter: 30 [(28%)]	Loss: 0.065412	RUL_Loss: 0.047097	mmd_Loss: 0.015582	l1_Loss: 0.005030
Train source1 iter: 40 [(38%)]	Loss: 0.050534	RUL_Loss: 0.029177	mmd_Loss: 0.017412	l1_Loss: 0.004950
Train source2 iter: 40 [(38%)]	Loss: 0.068857	RUL_Loss: 0.051288	mmd_Loss: 0.013455	l1_Loss: 0.004940
Train source1 iter: 50 [(47%)]	Loss: 0.053592	RUL_Loss: 0.027177	mmd_Loss: 0.022026	l1_Loss: 0.004866
Train source2 iter: 50 [(47%)]	Loss: 0.072495	RUL_Loss: 0.050841	mmd_Loss: 0.016437	l1_Loss: 0.005608
Train source1 iter: 60 [(57%)]	Loss: 0.052235	RUL_Loss: 0.026990	mmd_Loss: 0.020626	l1_Loss: 0.004796
Train source2 iter: 60 [(57%)]	Loss: 0.069693	RUL_Loss: 0.051006	mmd_Loss: 0.014040	l1_Loss: 0.004777
Train source1 iter: 70 [(66%)]	Loss: 0.053573	RUL_Loss: 0.026438	mmd_Loss: 0.021838	l1_Loss: 0.005370
Train source2 iter: 70 [(66%)]	Loss: 0.072886	RUL_Loss: 0.049565	mmd_Loss: 0.017824	l1_Loss: 0.005560
Train source1 iter: 80 [(75%)]	Loss: 0.053162	RUL_Loss: 0.025318	mmd_Loss: 0.022136	l1_Loss: 0.005738
Train source2 iter: 80 [(75%)]	Loss: 0.071474	RUL_Loss: 0.050789	mmd_Loss: 0.015924	l1_Loss: 0.004783
Train source1 iter: 90 [(85%)]	Loss: 0.052201	RUL_Loss: 0.030114	mmd_Loss: 0.016904	l1_Loss: 0.005193
Train source2 iter: 90 [(85%)]	Loss: 0.072598	RUL_Loss: 0.053485	mmd_Loss: 0.013984	l1_Loss: 0.005137
Train source1 iter: 100 [(94%)]	Loss: 0.055929	RUL_Loss: 0.029632	mmd_Loss: 0.021096	l1_Loss: 0.005205
Train source2 iter: 100 [(94%)]	Loss: 0.074250	RUL_Loss: 0.048917	mmd_Loss: 0.020342	l1_Loss: 0.004995
Train epochs:6.000000	
Train source1 iter: 10 [(9%)]	Loss: 0.034801	RUL_Loss: 0.024540	mmd_Loss: 0.017774	l1_Loss: 0.005568
Train source2 iter: 10 [(9%)]	Loss: 0.058563	RUL_Loss: 0.049341	mmd_Loss: 0.015384	l1_Loss: 0.005595
Train source1 iter: 20 [(19%)]	Loss: 0.039279	RUL_Loss: 0.023617	mmd_Loss: 0.016209	l1_Loss: 0.005049
Train source2 iter: 20 [(19%)]	Loss: 0.059676	RUL_Loss: 0.043746	mmd_Loss: 0.016257	l1_Loss: 0.005364
Train source1 iter: 30 [(28%)]	Loss: 0.042858	RUL_Loss: 0.023521	mmd_Loss: 0.016732	l1_Loss: 0.005029
Train source2 iter: 30 [(28%)]	Loss: 0.065145	RUL_Loss: 0.047723	mmd_Loss: 0.014669	l1_Loss: 0.004937
Train source1 iter: 40 [(38%)]	Loss: 0.047259	RUL_Loss: 0.027578	mmd_Loss: 0.015382	l1_Loss: 0.005225
Train source2 iter: 40 [(38%)]	Loss: 0.069092	RUL_Loss: 0.051371	mmd_Loss: 0.013567	l1_Loss: 0.004987
Train source1 iter: 50 [(47%)]	Loss: 0.046431	RUL_Loss: 0.026092	mmd_Loss: 0.015872	l1_Loss: 0.004834
Train source2 iter: 50 [(47%)]	Loss: 0.065638	RUL_Loss: 0.049578	mmd_Loss: 0.011809	l1_Loss: 0.004541
Train source1 iter: 60 [(57%)]	Loss: 0.046955	RUL_Loss: 0.024971	mmd_Loss: 0.017245	l1_Loss: 0.004893
Train source2 iter: 60 [(57%)]	Loss: 0.065138	RUL_Loss: 0.045786	mmd_Loss: 0.015058	l1_Loss: 0.004429
Train source1 iter: 70 [(66%)]	Loss: 0.046198	RUL_Loss: 0.025746	mmd_Loss: 0.016049	l1_Loss: 0.004458
Train source2 iter: 70 [(66%)]	Loss: 0.070432	RUL_Loss: 0.052243	mmd_Loss: 0.013487	l1_Loss: 0.004751
Train source1 iter: 80 [(75%)]	Loss: 0.047899	RUL_Loss: 0.025566	mmd_Loss: 0.017509	l1_Loss: 0.004848
Train source2 iter: 80 [(75%)]	Loss: 0.069799	RUL_Loss: 0.051357	mmd_Loss: 0.013975	l1_Loss: 0.004486
Train source1 iter: 90 [(85%)]	Loss: 0.049177	RUL_Loss: 0.025051	mmd_Loss: 0.019079	l1_Loss: 0.005057
Train source2 iter: 90 [(85%)]	Loss: 0.070196	RUL_Loss: 0.050638	mmd_Loss: 0.014607	l1_Loss: 0.004959
Train source1 iter: 100 [(94%)]	Loss: 0.048928	RUL_Loss: 0.025562	mmd_Loss: 0.018260	l1_Loss: 0.005109
Train source2 iter: 100 [(94%)]	Loss: 0.069894	RUL_Loss: 0.050952	mmd_Loss: 0.014024	l1_Loss: 0.004921
Train epochs:7.000000	
Train source1 iter: 10 [(9%)]	Loss: 0.031736	RUL_Loss: 0.023044	mmd_Loss: 0.015325	l1_Loss: 0.004450
Train source2 iter: 10 [(9%)]	Loss: 0.058380	RUL_Loss: 0.051801	mmd_Loss: 0.011193	l1_Loss: 0.003773
Train source1 iter: 20 [(19%)]	Loss: 0.040213	RUL_Loss: 0.024205	mmd_Loss: 0.017512	l1_Loss: 0.004214
Train source2 iter: 20 [(19%)]	Loss: 0.057511	RUL_Loss: 0.044166	mmd_Loss: 0.014065	l1_Loss: 0.004047
Train source1 iter: 30 [(28%)]	Loss: 0.039374	RUL_Loss: 0.023949	mmd_Loss: 0.012953	l1_Loss: 0.004407
Train source2 iter: 30 [(28%)]	Loss: 0.060330	RUL_Loss: 0.046877	mmd_Loss: 0.011099	l1_Loss: 0.004041
Train source1 iter: 40 [(38%)]	Loss: 0.042482	RUL_Loss: 0.026033	mmd_Loss: 0.013496	l1_Loss: 0.003726
Train source2 iter: 40 [(38%)]	Loss: 0.060216	RUL_Loss: 0.044596	mmd_Loss: 0.012498	l1_Loss: 0.003857
Train source1 iter: 50 [(47%)]	Loss: 0.044442	RUL_Loss: 0.025672	mmd_Loss: 0.014561	l1_Loss: 0.004547
Train source2 iter: 50 [(47%)]	Loss: 0.058021	RUL_Loss: 0.041957	mmd_Loss: 0.011815	l1_Loss: 0.004539
Train source1 iter: 60 [(57%)]	Loss: 0.042282	RUL_Loss: 0.023589	mmd_Loss: 0.014223	l1_Loss: 0.004600
Train source2 iter: 60 [(57%)]	Loss: 0.059477	RUL_Loss: 0.043790	mmd_Loss: 0.011970	l1_Loss: 0.003827
Train source1 iter: 70 [(66%)]	Loss: 0.045150	RUL_Loss: 0.025172	mmd_Loss: 0.015436	l1_Loss: 0.004596
Train source2 iter: 70 [(66%)]	Loss: 0.064473	RUL_Loss: 0.046344	mmd_Loss: 0.014489	l1_Loss: 0.003688
Train source1 iter: 80 [(75%)]	Loss: 0.042398	RUL_Loss: 0.023416	mmd_Loss: 0.014780	l1_Loss: 0.004222
Train source2 iter: 80 [(75%)]	Loss: 0.060121	RUL_Loss: 0.043933	mmd_Loss: 0.011747	l1_Loss: 0.004458
Train source1 iter: 90 [(85%)]	Loss: 0.042696	RUL_Loss: 0.023118	mmd_Loss: 0.015768	l1_Loss: 0.003819
Train source2 iter: 90 [(85%)]	Loss: 0.067876	RUL_Loss: 0.049010	mmd_Loss: 0.014669	l1_Loss: 0.004204
Train source1 iter: 100 [(94%)]	Loss: 0.042879	RUL_Loss: 0.023227	mmd_Loss: 0.015396	l1_Loss: 0.004259
Train source2 iter: 100 [(94%)]	Loss: 0.059071	RUL_Loss: 0.042601	mmd_Loss: 0.012364	l1_Loss: 0.004108
Train epochs:8.000000	
Train source1 iter: 10 [(9%)]	Loss: 0.035959	RUL_Loss: 0.026118	mmd_Loss: 0.018257	l1_Loss: 0.004131
Train source2 iter: 10 [(9%)]	Loss: 0.052899	RUL_Loss: 0.043727	mmd_Loss: 0.017184	l1_Loss: 0.003681
Train source1 iter: 20 [(19%)]	Loss: 0.042806	RUL_Loss: 0.026960	mmd_Loss: 0.017579	l1_Loss: 0.003928
Train source2 iter: 20 [(19%)]	Loss: 0.059532	RUL_Loss: 0.047362	mmd_Loss: 0.012597	l1_Loss: 0.003921
Train source1 iter: 30 [(28%)]	Loss: 0.040896	RUL_Loss: 0.024022	mmd_Loss: 0.014976	l1_Loss: 0.004013
Train source2 iter: 30 [(28%)]	Loss: 0.056445	RUL_Loss: 0.042088	mmd_Loss: 0.011385	l1_Loss: 0.004773
Train source1 iter: 40 [(38%)]	Loss: 0.042491	RUL_Loss: 0.025712	mmd_Loss: 0.013402	l1_Loss: 0.004166
Train source2 iter: 40 [(38%)]	Loss: 0.060596	RUL_Loss: 0.045604	mmd_Loss: 0.011480	l1_Loss: 0.004218
Train source1 iter: 50 [(47%)]	Loss: 0.042300	RUL_Loss: 0.024376	mmd_Loss: 0.014219	l1_Loss: 0.004029
Train source2 iter: 50 [(47%)]	Loss: 0.060289	RUL_Loss: 0.042159	mmd_Loss: 0.014095	l1_Loss: 0.004363
Train source1 iter: 60 [(57%)]	Loss: 0.042143	RUL_Loss: 0.022294	mmd_Loss: 0.016049	l1_Loss: 0.003939
Train source2 iter: 60 [(57%)]	Loss: 0.063643	RUL_Loss: 0.045669	mmd_Loss: 0.014051	l1_Loss: 0.004049
Train source1 iter: 70 [(66%)]	Loss: 0.046894	RUL_Loss: 0.026482	mmd_Loss: 0.016662	l1_Loss: 0.003805
Train source2 iter: 70 [(66%)]	Loss: 0.059076	RUL_Loss: 0.042075	mmd_Loss: 0.013156	l1_Loss: 0.003891
Train source1 iter: 80 [(75%)]	Loss: 0.044408	RUL_Loss: 0.023277	mmd_Loss: 0.017053	l1_Loss: 0.004100
Train source2 iter: 80 [(75%)]	Loss: 0.066089	RUL_Loss: 0.048663	mmd_Loss: 0.013583	l1_Loss: 0.003862
Train source1 iter: 90 [(85%)]	Loss: 0.048617	RUL_Loss: 0.026935	mmd_Loss: 0.017714	l1_Loss: 0.003977
Train source2 iter: 90 [(85%)]	Loss: 0.063605	RUL_Loss: 0.048806	mmd_Loss: 0.010925	l1_Loss: 0.003879
Train source1 iter: 100 [(94%)]	Loss: 0.048211	RUL_Loss: 0.025953	mmd_Loss: 0.018004	l1_Loss: 0.004258
Train source2 iter: 100 [(94%)]	Loss: 0.056587	RUL_Loss: 0.041277	mmd_Loss: 0.011738	l1_Loss: 0.003574
Train epochs:9.000000	
Train source1 iter: 10 [(9%)]	Loss: 0.035552	RUL_Loss: 0.028100	mmd_Loss: 0.013062	l1_Loss: 0.003891
Train source2 iter: 10 [(9%)]	Loss: 0.050071	RUL_Loss: 0.042725	mmd_Loss: 0.012852	l1_Loss: 0.003859
Train source1 iter: 20 [(19%)]	Loss: 0.038583	RUL_Loss: 0.025166	mmd_Loss: 0.013754	l1_Loss: 0.004457
Train source2 iter: 20 [(19%)]	Loss: 0.051862	RUL_Loss: 0.039644	mmd_Loss: 0.012446	l1_Loss: 0.004138
Train source1 iter: 30 [(28%)]	Loss: 0.043783	RUL_Loss: 0.026068	mmd_Loss: 0.015719	l1_Loss: 0.004218
Train source2 iter: 30 [(28%)]	Loss: 0.054883	RUL_Loss: 0.040566	mmd_Loss: 0.012009	l1_Loss: 0.004103
Train source1 iter: 40 [(38%)]	Loss: 0.041738	RUL_Loss: 0.024597	mmd_Loss: 0.013584	l1_Loss: 0.004363
Train source2 iter: 40 [(38%)]	Loss: 0.054731	RUL_Loss: 0.040395	mmd_Loss: 0.011194	l1_Loss: 0.003816
Train source1 iter: 50 [(47%)]	Loss: 0.043196	RUL_Loss: 0.025290	mmd_Loss: 0.014838	l1_Loss: 0.003391
Train source2 iter: 50 [(47%)]	Loss: 0.056652	RUL_Loss: 0.040945	mmd_Loss: 0.011800	l1_Loss: 0.004191
Train source1 iter: 60 [(57%)]	Loss: 0.039996	RUL_Loss: 0.021876	mmd_Loss: 0.014107	l1_Loss: 0.004139
Train source2 iter: 60 [(57%)]	Loss: 0.057997	RUL_Loss: 0.042069	mmd_Loss: 0.012240	l1_Loss: 0.003799
Train source1 iter: 70 [(66%)]	Loss: 0.043806	RUL_Loss: 0.022471	mmd_Loss: 0.017020	l1_Loss: 0.004373
Train source2 iter: 70 [(66%)]	Loss: 0.056542	RUL_Loss: 0.040280	mmd_Loss: 0.012300	l1_Loss: 0.004006
Train source1 iter: 80 [(75%)]	Loss: 0.044581	RUL_Loss: 0.025248	mmd_Loss: 0.015297	l1_Loss: 0.004057
Train source2 iter: 80 [(75%)]	Loss: 0.057338	RUL_Loss: 0.041685	mmd_Loss: 0.011460	l1_Loss: 0.004210
Train source1 iter: 90 [(85%)]	Loss: 0.040488	RUL_Loss: 0.023896	mmd_Loss: 0.013058	l1_Loss: 0.003540
Train source2 iter: 90 [(85%)]	Loss: 0.055057	RUL_Loss: 0.039509	mmd_Loss: 0.011720	l1_Loss: 0.003835
Train source1 iter: 100 [(94%)]	Loss: 0.042387	RUL_Loss: 0.023796	mmd_Loss: 0.014635	l1_Loss: 0.003959
Train source2 iter: 100 [(94%)]	Loss: 0.056084	RUL_Loss: 0.039131	mmd_Loss: 0.012643	l1_Loss: 0.004313
Train epochs:10.000000	
Train source1 iter: 10 [(9%)]	Loss: 0.038290	RUL_Loss: 0.030833	mmd_Loss: 0.012141	l1_Loss: 0.004825
Train source2 iter: 10 [(9%)]	Loss: 0.050013	RUL_Loss: 0.041988	mmd_Loss: 0.013145	l1_Loss: 0.005110
Train source1 iter: 20 [(19%)]	Loss: 0.041732	RUL_Loss: 0.026202	mmd_Loss: 0.017056	l1_Loss: 0.004022
Train source2 iter: 20 [(19%)]	Loss: 0.050261	RUL_Loss: 0.038927	mmd_Loss: 0.010892	l1_Loss: 0.004492
Train source1 iter: 30 [(28%)]	Loss: 0.042929	RUL_Loss: 0.028048	mmd_Loss: 0.012454	l1_Loss: 0.004293
Train source2 iter: 30 [(28%)]	Loss: 0.053069	RUL_Loss: 0.038133	mmd_Loss: 0.012031	l1_Loss: 0.004779
Train source1 iter: 40 [(38%)]	Loss: 0.044775	RUL_Loss: 0.027610	mmd_Loss: 0.013251	l1_Loss: 0.004721
Train source2 iter: 40 [(38%)]	Loss: 0.060504	RUL_Loss: 0.044934	mmd_Loss: 0.011753	l1_Loss: 0.004549
Train source1 iter: 50 [(47%)]	Loss: 0.045670	RUL_Loss: 0.025816	mmd_Loss: 0.016200	l1_Loss: 0.004012
Train source2 iter: 50 [(47%)]	Loss: 0.055596	RUL_Loss: 0.038228	mmd_Loss: 0.013251	l1_Loss: 0.004431
Train source1 iter: 60 [(57%)]	Loss: 0.047497	RUL_Loss: 0.028928	mmd_Loss: 0.014364	l1_Loss: 0.004336
Train source2 iter: 60 [(57%)]	Loss: 0.054071	RUL_Loss: 0.038544	mmd_Loss: 0.011427	l1_Loss: 0.004209
Train source1 iter: 70 [(66%)]	Loss: 0.049320	RUL_Loss: 0.026516	mmd_Loss: 0.018482	l1_Loss: 0.004385
Train source2 iter: 70 [(66%)]	Loss: 0.054038	RUL_Loss: 0.038390	mmd_Loss: 0.011707	l1_Loss: 0.003983
Train source1 iter: 80 [(75%)]	Loss: 0.047316	RUL_Loss: 0.029382	mmd_Loss: 0.013760	l1_Loss: 0.004193
Train source2 iter: 80 [(75%)]	Loss: 0.062035	RUL_Loss: 0.039084	mmd_Loss: 0.018521	l1_Loss: 0.004454
Train source1 iter: 90 [(85%)]	Loss: 0.048044	RUL_Loss: 0.030347	mmd_Loss: 0.013923	l1_Loss: 0.003781
Train source2 iter: 90 [(85%)]	Loss: 0.059663	RUL_Loss: 0.042086	mmd_Loss: 0.013705	l1_Loss: 0.003880
Train source1 iter: 100 [(94%)]	Loss: 0.047159	RUL_Loss: 0.026748	mmd_Loss: 0.015870	l1_Loss: 0.004544
Train source2 iter: 100 [(94%)]	Loss: 0.058063	RUL_Loss: 0.041120	mmd_Loss: 0.012909	l1_Loss: 0.004037
Train epochs:11.000000	
Train source1 iter: 10 [(9%)]	Loss: 0.036326	RUL_Loss: 0.028682	mmd_Loss: 0.012756	l1_Loss: 0.004634
Train source2 iter: 10 [(9%)]	Loss: 0.051058	RUL_Loss: 0.042935	mmd_Loss: 0.014007	l1_Loss: 0.004473
Train source1 iter: 20 [(19%)]	Loss: 0.039067	RUL_Loss: 0.024977	mmd_Loss: 0.015127	l1_Loss: 0.003997
Train source2 iter: 20 [(19%)]	Loss: 0.052905	RUL_Loss: 0.038767	mmd_Loss: 0.014724	l1_Loss: 0.004465
Train source1 iter: 30 [(28%)]	Loss: 0.042769	RUL_Loss: 0.023976	mmd_Loss: 0.016834	l1_Loss: 0.004316
Train source2 iter: 30 [(28%)]	Loss: 0.053989	RUL_Loss: 0.039675	mmd_Loss: 0.011187	l1_Loss: 0.004922
Train source1 iter: 40 [(38%)]	Loss: 0.041782	RUL_Loss: 0.025187	mmd_Loss: 0.013138	l1_Loss: 0.004237
Train source2 iter: 40 [(38%)]	Loss: 0.063443	RUL_Loss: 0.042395	mmd_Loss: 0.017335	l1_Loss: 0.004703
Train source1 iter: 50 [(47%)]	Loss: 0.044848	RUL_Loss: 0.027985	mmd_Loss: 0.012984	l1_Loss: 0.004182
Train source2 iter: 50 [(47%)]	Loss: 0.053759	RUL_Loss: 0.039407	mmd_Loss: 0.010423	l1_Loss: 0.004188
Train source1 iter: 60 [(57%)]	Loss: 0.045404	RUL_Loss: 0.027165	mmd_Loss: 0.013812	l1_Loss: 0.004554
Train source2 iter: 60 [(57%)]	Loss: 0.057877	RUL_Loss: 0.039580	mmd_Loss: 0.014258	l1_Loss: 0.004167
Train source1 iter: 70 [(66%)]	Loss: 0.044510	RUL_Loss: 0.027473	mmd_Loss: 0.013155	l1_Loss: 0.003928
Train source2 iter: 70 [(66%)]	Loss: 0.054355	RUL_Loss: 0.037975	mmd_Loss: 0.012139	l1_Loss: 0.004285
Train source1 iter: 80 [(75%)]	Loss: 0.044004	RUL_Loss: 0.026112	mmd_Loss: 0.013620	l1_Loss: 0.004290
Train source2 iter: 80 [(75%)]	Loss: 0.052965	RUL_Loss: 0.037046	mmd_Loss: 0.012042	l1_Loss: 0.003893
Train source1 iter: 90 [(85%)]	Loss: 0.040547	RUL_Loss: 0.024485	mmd_Loss: 0.012024	l1_Loss: 0.004045
Train source2 iter: 90 [(85%)]	Loss: 0.053937	RUL_Loss: 0.037747	mmd_Loss: 0.011849	l1_Loss: 0.004348
Train source1 iter: 100 [(94%)]	Loss: 0.045100	RUL_Loss: 0.025799	mmd_Loss: 0.014757	l1_Loss: 0.004548
Train source2 iter: 100 [(94%)]	Loss: 0.062164	RUL_Loss: 0.042430	mmd_Loss: 0.015524	l1_Loss: 0.004214
Train epochs:12.000000	
Train source1 iter: 10 [(9%)]	Loss: 0.036789	RUL_Loss: 0.029718	mmd_Loss: 0.011447	l1_Loss: 0.004639
Train source2 iter: 10 [(9%)]	Loss: 0.047460	RUL_Loss: 0.040505	mmd_Loss: 0.010847	l1_Loss: 0.004975
Train source1 iter: 20 [(19%)]	Loss: 0.041825	RUL_Loss: 0.028156	mmd_Loss: 0.014181	l1_Loss: 0.004372
Train source2 iter: 20 [(19%)]	Loss: 0.056125	RUL_Loss: 0.043958	mmd_Loss: 0.012218	l1_Loss: 0.004295
Train source1 iter: 30 [(28%)]	Loss: 0.040174	RUL_Loss: 0.023579	mmd_Loss: 0.014557	l1_Loss: 0.004119
Train source2 iter: 30 [(28%)]	Loss: 0.057389	RUL_Loss: 0.042820	mmd_Loss: 0.011930	l1_Loss: 0.004465
Train source1 iter: 40 [(38%)]	Loss: 0.044626	RUL_Loss: 0.029054	mmd_Loss: 0.012250	l1_Loss: 0.004055
Train source2 iter: 40 [(38%)]	Loss: 0.059959	RUL_Loss: 0.043293	mmd_Loss: 0.013740	l1_Loss: 0.003710
Train source1 iter: 50 [(47%)]	Loss: 0.040611	RUL_Loss: 0.024680	mmd_Loss: 0.012270	l1_Loss: 0.003948
Train source2 iter: 50 [(47%)]	Loss: 0.059996	RUL_Loss: 0.041735	mmd_Loss: 0.014586	l1_Loss: 0.004005
Train source1 iter: 60 [(57%)]	Loss: 0.040634	RUL_Loss: 0.023260	mmd_Loss: 0.012941	l1_Loss: 0.004555
Train source2 iter: 60 [(57%)]	Loss: 0.058842	RUL_Loss: 0.039201	mmd_Loss: 0.015619	l1_Loss: 0.004159
Train source1 iter: 70 [(66%)]	Loss: 0.042749	RUL_Loss: 0.026626	mmd_Loss: 0.012230	l1_Loss: 0.003938
Train source2 iter: 70 [(66%)]	Loss: 0.059391	RUL_Loss: 0.042824	mmd_Loss: 0.012226	l1_Loss: 0.004386
Train source1 iter: 80 [(75%)]	Loss: 0.043780	RUL_Loss: 0.027460	mmd_Loss: 0.012417	l1_Loss: 0.003920
Train source2 iter: 80 [(75%)]	Loss: 0.055794	RUL_Loss: 0.040958	mmd_Loss: 0.011045	l1_Loss: 0.003807
Train source1 iter: 90 [(85%)]	Loss: 0.043794	RUL_Loss: 0.026641	mmd_Loss: 0.013195	l1_Loss: 0.003965
Train source2 iter: 90 [(85%)]	Loss: 0.059891	RUL_Loss: 0.040576	mmd_Loss: 0.014939	l1_Loss: 0.004385
Train source1 iter: 100 [(94%)]	Loss: 0.041738	RUL_Loss: 0.025731	mmd_Loss: 0.011821	l1_Loss: 0.004189
Train source2 iter: 100 [(94%)]	Loss: 0.062220	RUL_Loss: 0.043964	mmd_Loss: 0.013951	l1_Loss: 0.004308
Train epochs:13.000000	
Train source1 iter: 10 [(9%)]	Loss: 0.037567	RUL_Loss: 0.030128	mmd_Loss: 0.012150	l1_Loss: 0.004775
Train source2 iter: 10 [(9%)]	Loss: 0.050773	RUL_Loss: 0.043781	mmd_Loss: 0.011085	l1_Loss: 0.004820
Train source1 iter: 20 [(19%)]	Loss: 0.036184	RUL_Loss: 0.022898	mmd_Loss: 0.013474	l1_Loss: 0.004559
Train source2 iter: 20 [(19%)]	Loss: 0.053847	RUL_Loss: 0.040883	mmd_Loss: 0.013836	l1_Loss: 0.003758
Train source1 iter: 30 [(28%)]	Loss: 0.042451	RUL_Loss: 0.027410	mmd_Loss: 0.012793	l1_Loss: 0.004135
Train source2 iter: 30 [(28%)]	Loss: 0.050627	RUL_Loss: 0.035433	mmd_Loss: 0.012709	l1_Loss: 0.004390
Train source1 iter: 40 [(38%)]	Loss: 0.038703	RUL_Loss: 0.025108	mmd_Loss: 0.010248	l1_Loss: 0.003987
Train source2 iter: 40 [(38%)]	Loss: 0.060522	RUL_Loss: 0.042218	mmd_Loss: 0.014956	l1_Loss: 0.004208
Train source1 iter: 50 [(47%)]	Loss: 0.043574	RUL_Loss: 0.028240	mmd_Loss: 0.011466	l1_Loss: 0.004145
Train source2 iter: 50 [(47%)]	Loss: 0.052742	RUL_Loss: 0.038642	mmd_Loss: 0.010394	l1_Loss: 0.003961
Train source1 iter: 60 [(57%)]	Loss: 0.043064	RUL_Loss: 0.025270	mmd_Loss: 0.013829	l1_Loss: 0.004089
Train source2 iter: 60 [(57%)]	Loss: 0.055343	RUL_Loss: 0.040318	mmd_Loss: 0.010709	l1_Loss: 0.004421
Train source1 iter: 70 [(66%)]	Loss: 0.044382	RUL_Loss: 0.026510	mmd_Loss: 0.013646	l1_Loss: 0.004274
Train source2 iter: 70 [(66%)]	Loss: 0.054782	RUL_Loss: 0.038072	mmd_Loss: 0.012360	l1_Loss: 0.004395
Train source1 iter: 80 [(75%)]	Loss: 0.038870	RUL_Loss: 0.023197	mmd_Loss: 0.011325	l1_Loss: 0.004365
Train source2 iter: 80 [(75%)]	Loss: 0.052378	RUL_Loss: 0.038785	mmd_Loss: 0.009409	l1_Loss: 0.004198
Train source1 iter: 90 [(85%)]	Loss: 0.047198	RUL_Loss: 0.029166	mmd_Loss: 0.013668	l1_Loss: 0.004372
Train source2 iter: 90 [(85%)]	Loss: 0.050507	RUL_Loss: 0.036056	mmd_Loss: 0.010106	l1_Loss: 0.004351
Train source1 iter: 100 [(94%)]	Loss: 0.040459	RUL_Loss: 0.025068	mmd_Loss: 0.011040	l1_Loss: 0.004355
Train source2 iter: 100 [(94%)]	Loss: 0.050684	RUL_Loss: 0.035489	mmd_Loss: 0.011275	l1_Loss: 0.003922
Train epochs:14.000000	
Train source1 iter: 10 [(9%)]	Loss: 0.035253	RUL_Loss: 0.026894	mmd_Loss: 0.013654	l1_Loss: 0.005361
Train source2 iter: 10 [(9%)]	Loss: 0.051361	RUL_Loss: 0.044738	mmd_Loss: 0.010181	l1_Loss: 0.004886
Train source1 iter: 20 [(19%)]	Loss: 0.037984	RUL_Loss: 0.026233	mmd_Loss: 0.011923	l1_Loss: 0.004026
Train source2 iter: 20 [(19%)]	Loss: 0.054001	RUL_Loss: 0.044172	mmd_Loss: 0.009800	l1_Loss: 0.003540
Train source1 iter: 30 [(28%)]	Loss: 0.040343	RUL_Loss: 0.025603	mmd_Loss: 0.012022	l1_Loss: 0.004567
Train source2 iter: 30 [(28%)]	Loss: 0.053056	RUL_Loss: 0.040996	mmd_Loss: 0.009297	l1_Loss: 0.004276
Train source1 iter: 40 [(38%)]	Loss: 0.041989	RUL_Loss: 0.027355	mmd_Loss: 0.011216	l1_Loss: 0.004106
Train source2 iter: 40 [(38%)]	Loss: 0.050780	RUL_Loss: 0.037173	mmd_Loss: 0.010217	l1_Loss: 0.004029
Train source1 iter: 50 [(47%)]	Loss: 0.038759	RUL_Loss: 0.022011	mmd_Loss: 0.012724	l1_Loss: 0.004326
Train source2 iter: 50 [(47%)]	Loss: 0.059009	RUL_Loss: 0.043201	mmd_Loss: 0.011648	l1_Loss: 0.004446
Train source1 iter: 60 [(57%)]	Loss: 0.040957	RUL_Loss: 0.024565	mmd_Loss: 0.012082	l1_Loss: 0.004425
Train source2 iter: 60 [(57%)]	Loss: 0.060075	RUL_Loss: 0.042977	mmd_Loss: 0.012659	l1_Loss: 0.004559
Train source1 iter: 70 [(66%)]	Loss: 0.038286	RUL_Loss: 0.022554	mmd_Loss: 0.011728	l1_Loss: 0.004047
Train source2 iter: 70 [(66%)]	Loss: 0.051543	RUL_Loss: 0.036549	mmd_Loss: 0.010847	l1_Loss: 0.004187
Train source1 iter: 80 [(75%)]	Loss: 0.041620	RUL_Loss: 0.026342	mmd_Loss: 0.010473	l1_Loss: 0.004821
Train source2 iter: 80 [(75%)]	Loss: 0.058001	RUL_Loss: 0.042605	mmd_Loss: 0.011080	l1_Loss: 0.004332
Train source1 iter: 90 [(85%)]	Loss: 0.038168	RUL_Loss: 0.021920	mmd_Loss: 0.011984	l1_Loss: 0.004271
Train source2 iter: 90 [(85%)]	Loss: 0.061630	RUL_Loss: 0.044822	mmd_Loss: 0.012827	l1_Loss: 0.003988
Train source1 iter: 100 [(94%)]	Loss: 0.039954	RUL_Loss: 0.024237	mmd_Loss: 0.011780	l1_Loss: 0.003939
Train source2 iter: 100 [(94%)]	Loss: 0.057601	RUL_Loss: 0.042068	mmd_Loss: 0.010829	l1_Loss: 0.004707
Train epochs:15.000000	
Train source1 iter: 10 [(9%)]	Loss: 0.033749	RUL_Loss: 0.025101	mmd_Loss: 0.015713	l1_Loss: 0.003961
Train source2 iter: 10 [(9%)]	Loss: 0.044296	RUL_Loss: 0.036769	mmd_Loss: 0.013450	l1_Loss: 0.003674
Train source1 iter: 20 [(19%)]	Loss: 0.036696	RUL_Loss: 0.022988	mmd_Loss: 0.014633	l1_Loss: 0.003972
Train source2 iter: 20 [(19%)]	Loss: 0.048697	RUL_Loss: 0.035844	mmd_Loss: 0.013263	l1_Loss: 0.004182
Train source1 iter: 30 [(28%)]	Loss: 0.039969	RUL_Loss: 0.024737	mmd_Loss: 0.013637	l1_Loss: 0.003504
Train source2 iter: 30 [(28%)]	Loss: 0.053744	RUL_Loss: 0.038555	mmd_Loss: 0.013251	l1_Loss: 0.003842
Train source1 iter: 40 [(38%)]	Loss: 0.040963	RUL_Loss: 0.022828	mmd_Loss: 0.014693	l1_Loss: 0.004294
Train source2 iter: 40 [(38%)]	Loss: 0.051144	RUL_Loss: 0.036787	mmd_Loss: 0.011150	l1_Loss: 0.003881
Train source1 iter: 50 [(47%)]	Loss: 0.045250	RUL_Loss: 0.025552	mmd_Loss: 0.016285	l1_Loss: 0.003768
Train source2 iter: 50 [(47%)]	Loss: 0.050608	RUL_Loss: 0.035502	mmd_Loss: 0.011661	l1_Loss: 0.003717
Train source1 iter: 60 [(57%)]	Loss: 0.039820	RUL_Loss: 0.024194	mmd_Loss: 0.011792	l1_Loss: 0.003943
Train source2 iter: 60 [(57%)]	Loss: 0.052942	RUL_Loss: 0.038396	mmd_Loss: 0.010867	l1_Loss: 0.003781
Train source1 iter: 70 [(66%)]	Loss: 0.038128	RUL_Loss: 0.023044	mmd_Loss: 0.011460	l1_Loss: 0.003665
Train source2 iter: 70 [(66%)]	Loss: 0.056688	RUL_Loss: 0.042032	mmd_Loss: 0.010868	l1_Loss: 0.003828
Train source1 iter: 80 [(75%)]	Loss: 0.042067	RUL_Loss: 0.025000	mmd_Loss: 0.013304	l1_Loss: 0.003781
Train source2 iter: 80 [(75%)]	Loss: 0.052378	RUL_Loss: 0.035833	mmd_Loss: 0.012555	l1_Loss: 0.004007
Train source1 iter: 90 [(85%)]	Loss: 0.042418	RUL_Loss: 0.025611	mmd_Loss: 0.012784	l1_Loss: 0.004031
Train source2 iter: 90 [(85%)]	Loss: 0.054066	RUL_Loss: 0.038504	mmd_Loss: 0.010977	l1_Loss: 0.004591
Train source1 iter: 100 [(94%)]	Loss: 0.040970	RUL_Loss: 0.022487	mmd_Loss: 0.014717	l1_Loss: 0.003769
Train source2 iter: 100 [(94%)]	Loss: 0.053517	RUL_Loss: 0.037115	mmd_Loss: 0.012682	l1_Loss: 0.003723
Train epochs:16.000000	
Train source1 iter: 10 [(9%)]	Loss: 0.031800	RUL_Loss: 0.023983	mmd_Loss: 0.014303	l1_Loss: 0.003481
Train source2 iter: 10 [(9%)]	Loss: 0.044370	RUL_Loss: 0.037132	mmd_Loss: 0.012356	l1_Loss: 0.004110
Train source1 iter: 20 [(19%)]	Loss: 0.037944	RUL_Loss: 0.025069	mmd_Loss: 0.013602	l1_Loss: 0.003873
Train source2 iter: 20 [(19%)]	Loss: 0.048196	RUL_Loss: 0.035482	mmd_Loss: 0.013582	l1_Loss: 0.003674
Train source1 iter: 30 [(28%)]	Loss: 0.039626	RUL_Loss: 0.026137	mmd_Loss: 0.011313	l1_Loss: 0.003868
Train source2 iter: 30 [(28%)]	Loss: 0.048495	RUL_Loss: 0.035635	mmd_Loss: 0.010749	l1_Loss: 0.003725
Train source1 iter: 40 [(38%)]	Loss: 0.038021	RUL_Loss: 0.023333	mmd_Loss: 0.011643	l1_Loss: 0.003736
Train source2 iter: 40 [(38%)]	Loss: 0.054428	RUL_Loss: 0.040104	mmd_Loss: 0.011134	l1_Loss: 0.003863
Train source1 iter: 50 [(47%)]	Loss: 0.041200	RUL_Loss: 0.023962	mmd_Loss: 0.013433	l1_Loss: 0.004115
Train source2 iter: 50 [(47%)]	Loss: 0.054687	RUL_Loss: 0.038146	mmd_Loss: 0.013207	l1_Loss: 0.003633
Train source1 iter: 60 [(57%)]	Loss: 0.042962	RUL_Loss: 0.023608	mmd_Loss: 0.015369	l1_Loss: 0.004120
Train source2 iter: 60 [(57%)]	Loss: 0.060900	RUL_Loss: 0.041714	mmd_Loss: 0.015958	l1_Loss: 0.003363
Train source1 iter: 70 [(66%)]	Loss: 0.038437	RUL_Loss: 0.023213	mmd_Loss: 0.011285	l1_Loss: 0.003980
Train source2 iter: 70 [(66%)]	Loss: 0.050932	RUL_Loss: 0.036403	mmd_Loss: 0.010681	l1_Loss: 0.003887
Train source1 iter: 80 [(75%)]	Loss: 0.041200	RUL_Loss: 0.023078	mmd_Loss: 0.014102	l1_Loss: 0.004038
Train source2 iter: 80 [(75%)]	Loss: 0.047110	RUL_Loss: 0.033044	mmd_Loss: 0.010365	l1_Loss: 0.003716
Train source1 iter: 90 [(85%)]	Loss: 0.038967	RUL_Loss: 0.022701	mmd_Loss: 0.012873	l1_Loss: 0.003400
Train source2 iter: 90 [(85%)]	Loss: 0.054953	RUL_Loss: 0.039218	mmd_Loss: 0.012087	l1_Loss: 0.003654
Train source1 iter: 100 [(94%)]	Loss: 0.045818	RUL_Loss: 0.028879	mmd_Loss: 0.012945	l1_Loss: 0.003997
Train source2 iter: 100 [(94%)]	Loss: 0.053793	RUL_Loss: 0.037595	mmd_Loss: 0.012092	l1_Loss: 0.004109
Train epochs:17.000000	
Train source1 iter: 10 [(9%)]	Loss: 0.029915	RUL_Loss: 0.023520	mmd_Loss: 0.010217	l1_Loss: 0.004331
Train source2 iter: 10 [(9%)]	Loss: 0.042372	RUL_Loss: 0.035187	mmd_Loss: 0.011629	l1_Loss: 0.004717
Train source1 iter: 20 [(19%)]	Loss: 0.034211	RUL_Loss: 0.024649	mmd_Loss: 0.009156	l1_Loss: 0.003822
Train source2 iter: 20 [(19%)]	Loss: 0.047534	RUL_Loss: 0.037393	mmd_Loss: 0.009873	l1_Loss: 0.003891
Train source1 iter: 30 [(28%)]	Loss: 0.035572	RUL_Loss: 0.021162	mmd_Loss: 0.012160	l1_Loss: 0.004057
Train source2 iter: 30 [(28%)]	Loss: 0.057767	RUL_Loss: 0.043879	mmd_Loss: 0.011567	l1_Loss: 0.004062
Train source1 iter: 40 [(38%)]	Loss: 0.043255	RUL_Loss: 0.025781	mmd_Loss: 0.013729	l1_Loss: 0.004566
Train source2 iter: 40 [(38%)]	Loss: 0.047864	RUL_Loss: 0.033690	mmd_Loss: 0.010841	l1_Loss: 0.004000
Train source1 iter: 50 [(47%)]	Loss: 0.041359	RUL_Loss: 0.025323	mmd_Loss: 0.012752	l1_Loss: 0.003573
Train source2 iter: 50 [(47%)]	Loss: 0.051710	RUL_Loss: 0.034794	mmd_Loss: 0.013272	l1_Loss: 0.003949
Train source1 iter: 60 [(57%)]	Loss: 0.039355	RUL_Loss: 0.023652	mmd_Loss: 0.011615	l1_Loss: 0.004198
Train source2 iter: 60 [(57%)]	Loss: 0.052264	RUL_Loss: 0.038003	mmd_Loss: 0.010412	l1_Loss: 0.003948
Train source1 iter: 70 [(66%)]	Loss: 0.036531	RUL_Loss: 0.022525	mmd_Loss: 0.010428	l1_Loss: 0.003616
Train source2 iter: 70 [(66%)]	Loss: 0.052710	RUL_Loss: 0.038482	mmd_Loss: 0.010071	l1_Loss: 0.004195
Train source1 iter: 80 [(75%)]	Loss: 0.039128	RUL_Loss: 0.022749	mmd_Loss: 0.012081	l1_Loss: 0.004315
Train source2 iter: 80 [(75%)]	Loss: 0.046863	RUL_Loss: 0.031236	mmd_Loss: 0.011370	l1_Loss: 0.004273
Train source1 iter: 90 [(85%)]	Loss: 0.038907	RUL_Loss: 0.023704	mmd_Loss: 0.011223	l1_Loss: 0.003985
Train source2 iter: 90 [(85%)]	Loss: 0.052803	RUL_Loss: 0.036664	mmd_Loss: 0.012265	l1_Loss: 0.003880
Train source1 iter: 100 [(94%)]	Loss: 0.035610	RUL_Loss: 0.021608	mmd_Loss: 0.009887	l1_Loss: 0.004116
Train source2 iter: 100 [(94%)]	Loss: 0.046511	RUL_Loss: 0.031938	mmd_Loss: 0.010693	l1_Loss: 0.003882
Train epochs:18.000000	
Train source1 iter: 10 [(9%)]	Loss: 0.030651	RUL_Loss: 0.024424	mmd_Loss: 0.010026	l1_Loss: 0.004142
Train source2 iter: 10 [(9%)]	Loss: 0.046108	RUL_Loss: 0.039282	mmd_Loss: 0.011510	l1_Loss: 0.004020
Train source1 iter: 20 [(19%)]	Loss: 0.033043	RUL_Loss: 0.022223	mmd_Loss: 0.010865	l1_Loss: 0.003821
Train source2 iter: 20 [(19%)]	Loss: 0.050068	RUL_Loss: 0.038982	mmd_Loss: 0.011292	l1_Loss: 0.003755
Train source1 iter: 30 [(28%)]	Loss: 0.036941	RUL_Loss: 0.021635	mmd_Loss: 0.013245	l1_Loss: 0.003980
Train source2 iter: 30 [(28%)]	Loss: 0.054529	RUL_Loss: 0.041063	mmd_Loss: 0.011625	l1_Loss: 0.003530
Train source1 iter: 40 [(38%)]	Loss: 0.036676	RUL_Loss: 0.020688	mmd_Loss: 0.012956	l1_Loss: 0.003783
Train source2 iter: 40 [(38%)]	Loss: 0.050541	RUL_Loss: 0.036648	mmd_Loss: 0.010505	l1_Loss: 0.004041
Train source1 iter: 50 [(47%)]	Loss: 0.038597	RUL_Loss: 0.024144	mmd_Loss: 0.010757	l1_Loss: 0.003957
Train source2 iter: 50 [(47%)]	Loss: 0.049030	RUL_Loss: 0.032988	mmd_Loss: 0.012537	l1_Loss: 0.003794
Train source1 iter: 60 [(57%)]	Loss: 0.036573	RUL_Loss: 0.022777	mmd_Loss: 0.010483	l1_Loss: 0.003410
Train source2 iter: 60 [(57%)]	Loss: 0.052355	RUL_Loss: 0.037677	mmd_Loss: 0.010753	l1_Loss: 0.004028
Train source1 iter: 70 [(66%)]	Loss: 0.037722	RUL_Loss: 0.022369	mmd_Loss: 0.011621	l1_Loss: 0.003773
Train source2 iter: 70 [(66%)]	Loss: 0.047101	RUL_Loss: 0.031707	mmd_Loss: 0.011721	l1_Loss: 0.003715
Train source1 iter: 80 [(75%)]	Loss: 0.038508	RUL_Loss: 0.020708	mmd_Loss: 0.014143	l1_Loss: 0.003676
Train source2 iter: 80 [(75%)]	Loss: 0.052884	RUL_Loss: 0.036389	mmd_Loss: 0.012987	l1_Loss: 0.003526
Train source1 iter: 90 [(85%)]	Loss: 0.039988	RUL_Loss: 0.024201	mmd_Loss: 0.012019	l1_Loss: 0.003774
Train source2 iter: 90 [(85%)]	Loss: 0.048272	RUL_Loss: 0.035302	mmd_Loss: 0.009549	l1_Loss: 0.003426
Train source1 iter: 100 [(94%)]	Loss: 0.038059	RUL_Loss: 0.021592	mmd_Loss: 0.012513	l1_Loss: 0.003956
Train source2 iter: 100 [(94%)]	Loss: 0.051718	RUL_Loss: 0.036965	mmd_Loss: 0.011263	l1_Loss: 0.003493
Train epochs:19.000000	
Train source1 iter: 10 [(9%)]	Loss: 0.028286	RUL_Loss: 0.021263	mmd_Loss: 0.011452	l1_Loss: 0.004525
Train source2 iter: 10 [(9%)]	Loss: 0.044469	RUL_Loss: 0.037292	mmd_Loss: 0.012153	l1_Loss: 0.004173
Train source1 iter: 20 [(19%)]	Loss: 0.034027	RUL_Loss: 0.024067	mmd_Loss: 0.009988	l1_Loss: 0.003531
Train source2 iter: 20 [(19%)]	Loss: 0.045600	RUL_Loss: 0.034111	mmd_Loss: 0.011830	l1_Loss: 0.003763
Train source1 iter: 30 [(28%)]	Loss: 0.034798	RUL_Loss: 0.022497	mmd_Loss: 0.010059	l1_Loss: 0.003785
Train source2 iter: 30 [(28%)]	Loss: 0.048832	RUL_Loss: 0.034308	mmd_Loss: 0.012775	l1_Loss: 0.003571
Train source1 iter: 40 [(38%)]	Loss: 0.035167	RUL_Loss: 0.019050	mmd_Loss: 0.012827	l1_Loss: 0.004047
Train source2 iter: 40 [(38%)]	Loss: 0.048440	RUL_Loss: 0.034386	mmd_Loss: 0.010966	l1_Loss: 0.003748
Train source1 iter: 50 [(47%)]	Loss: 0.038066	RUL_Loss: 0.024464	mmd_Loss: 0.009600	l1_Loss: 0.004247
Train source2 iter: 50 [(47%)]	Loss: 0.047100	RUL_Loss: 0.033026	mmd_Loss: 0.010707	l1_Loss: 0.003622
Train source1 iter: 60 [(57%)]	Loss: 0.035354	RUL_Loss: 0.021432	mmd_Loss: 0.010513	l1_Loss: 0.003506
Train source2 iter: 60 [(57%)]	Loss: 0.048831	RUL_Loss: 0.034617	mmd_Loss: 0.010125	l1_Loss: 0.004188
Train source1 iter: 70 [(66%)]	Loss: 0.036573	RUL_Loss: 0.022933	mmd_Loss: 0.010116	l1_Loss: 0.003562
Train source2 iter: 70 [(66%)]	Loss: 0.047903	RUL_Loss: 0.032370	mmd_Loss: 0.012135	l1_Loss: 0.003440
Train source1 iter: 80 [(75%)]	Loss: 0.035107	RUL_Loss: 0.020637	mmd_Loss: 0.010924	l1_Loss: 0.003562
Train source2 iter: 80 [(75%)]	Loss: 0.051696	RUL_Loss: 0.033181	mmd_Loss: 0.015110	l1_Loss: 0.003425
Train source1 iter: 90 [(85%)]	Loss: 0.036755	RUL_Loss: 0.021122	mmd_Loss: 0.011498	l1_Loss: 0.004141
Train source2 iter: 90 [(85%)]	Loss: 0.051132	RUL_Loss: 0.035454	mmd_Loss: 0.011908	l1_Loss: 0.003777
Train source1 iter: 100 [(94%)]	Loss: 0.038040	RUL_Loss: 0.022577	mmd_Loss: 0.011776	l1_Loss: 0.003690
Train source2 iter: 100 [(94%)]	Loss: 0.046490	RUL_Loss: 0.031767	mmd_Loss: 0.010444	l1_Loss: 0.004281
Train epochs:20.000000	
Train source1 iter: 10 [(9%)]	Loss: 0.025597	RUL_Loss: 0.019125	mmd_Loss: 0.010839	l1_Loss: 0.003884
Train source2 iter: 10 [(9%)]	Loss: 0.040047	RUL_Loss: 0.033635	mmd_Loss: 0.010833	l1_Loss: 0.003754
Train source1 iter: 20 [(19%)]	Loss: 0.033318	RUL_Loss: 0.023184	mmd_Loss: 0.009787	l1_Loss: 0.003968
Train source2 iter: 20 [(19%)]	Loss: 0.048698	RUL_Loss: 0.038565	mmd_Loss: 0.009957	l1_Loss: 0.003796
Train source1 iter: 30 [(28%)]	Loss: 0.033893	RUL_Loss: 0.020782	mmd_Loss: 0.010955	l1_Loss: 0.003800
Train source2 iter: 30 [(28%)]	Loss: 0.043087	RUL_Loss: 0.029920	mmd_Loss: 0.010711	l1_Loss: 0.004107
Train source1 iter: 40 [(38%)]	Loss: 0.036944	RUL_Loss: 0.023830	mmd_Loss: 0.009244	l1_Loss: 0.004486
Train source2 iter: 40 [(38%)]	Loss: 0.043867	RUL_Loss: 0.032108	mmd_Loss: 0.008325	l1_Loss: 0.003987
Train source1 iter: 50 [(47%)]	Loss: 0.035980	RUL_Loss: 0.021764	mmd_Loss: 0.010573	l1_Loss: 0.003899
Train source2 iter: 50 [(47%)]	Loss: 0.047372	RUL_Loss: 0.035042	mmd_Loss: 0.008664	l1_Loss: 0.003889
Train source1 iter: 60 [(57%)]	Loss: 0.035649	RUL_Loss: 0.022126	mmd_Loss: 0.010046	l1_Loss: 0.003572
Train source2 iter: 60 [(57%)]	Loss: 0.045794	RUL_Loss: 0.032740	mmd_Loss: 0.008999	l1_Loss: 0.004146
Train source1 iter: 70 [(66%)]	Loss: 0.035085	RUL_Loss: 0.020939	mmd_Loss: 0.010410	l1_Loss: 0.003774
Train source2 iter: 70 [(66%)]	Loss: 0.052674	RUL_Loss: 0.036981	mmd_Loss: 0.011493	l1_Loss: 0.004243
Train source1 iter: 80 [(75%)]	Loss: 0.037913	RUL_Loss: 0.023677	mmd_Loss: 0.010625	l1_Loss: 0.003625
Train source2 iter: 80 [(75%)]	Loss: 0.052187	RUL_Loss: 0.039220	mmd_Loss: 0.009293	l1_Loss: 0.003687
Train source1 iter: 90 [(85%)]	Loss: 0.035064	RUL_Loss: 0.021271	mmd_Loss: 0.009807	l1_Loss: 0.003991
Train source2 iter: 90 [(85%)]	Loss: 0.047026	RUL_Loss: 0.034912	mmd_Loss: 0.008411	l1_Loss: 0.003707
Train source1 iter: 100 [(94%)]	Loss: 0.037833	RUL_Loss: 0.022814	mmd_Loss: 0.011277	l1_Loss: 0.003745
Train source2 iter: 100 [(94%)]	Loss: 0.051226	RUL_Loss: 0.035864	mmd_Loss: 0.011874	l1_Loss: 0.003490
Train epochs:21.000000	
Train source1 iter: 10 [(9%)]	Loss: 0.030618	RUL_Loss: 0.022125	mmd_Loss: 0.014750	l1_Loss: 0.004570
Train source2 iter: 10 [(9%)]	Loss: 0.044369	RUL_Loss: 0.037752	mmd_Loss: 0.010089	l1_Loss: 0.004964
Train source1 iter: 20 [(19%)]	Loss: 0.034294	RUL_Loss: 0.023583	mmd_Loss: 0.010449	l1_Loss: 0.004090
Train source2 iter: 20 [(19%)]	Loss: 0.046245	RUL_Loss: 0.034830	mmd_Loss: 0.010937	l1_Loss: 0.004555
Train source1 iter: 30 [(28%)]	Loss: 0.033947	RUL_Loss: 0.022051	mmd_Loss: 0.009238	l1_Loss: 0.004151
Train source2 iter: 30 [(28%)]	Loss: 0.047164	RUL_Loss: 0.034710	mmd_Loss: 0.010085	l1_Loss: 0.003931
Train source1 iter: 40 [(38%)]	Loss: 0.040439	RUL_Loss: 0.026689	mmd_Loss: 0.010072	l1_Loss: 0.004324
Train source2 iter: 40 [(38%)]	Loss: 0.045782	RUL_Loss: 0.033457	mmd_Loss: 0.008851	l1_Loss: 0.004054
Train source1 iter: 50 [(47%)]	Loss: 0.038417	RUL_Loss: 0.024029	mmd_Loss: 0.010744	l1_Loss: 0.003904
Train source2 iter: 50 [(47%)]	Loss: 0.046531	RUL_Loss: 0.033617	mmd_Loss: 0.009333	l1_Loss: 0.003814
Train source1 iter: 60 [(57%)]	Loss: 0.041675	RUL_Loss: 0.024059	mmd_Loss: 0.013454	l1_Loss: 0.004286
Train source2 iter: 60 [(57%)]	Loss: 0.046587	RUL_Loss: 0.030228	mmd_Loss: 0.012080	l1_Loss: 0.004393
Train source1 iter: 70 [(66%)]	Loss: 0.038647	RUL_Loss: 0.024259	mmd_Loss: 0.010157	l1_Loss: 0.004271
Train source2 iter: 70 [(66%)]	Loss: 0.046675	RUL_Loss: 0.033425	mmd_Loss: 0.009123	l1_Loss: 0.004163
Train source1 iter: 80 [(75%)]	Loss: 0.034668	RUL_Loss: 0.019994	mmd_Loss: 0.010237	l1_Loss: 0.004452
Train source2 iter: 80 [(75%)]	Loss: 0.048581	RUL_Loss: 0.034926	mmd_Loss: 0.009613	l1_Loss: 0.004057
Train source1 iter: 90 [(85%)]	Loss: 0.037212	RUL_Loss: 0.022386	mmd_Loss: 0.010732	l1_Loss: 0.004099
Train source2 iter: 90 [(85%)]	Loss: 0.047640	RUL_Loss: 0.034428	mmd_Loss: 0.009012	l1_Loss: 0.004206
Train source1 iter: 100 [(94%)]	Loss: 0.037830	RUL_Loss: 0.022060	mmd_Loss: 0.011890	l1_Loss: 0.003882
Train source2 iter: 100 [(94%)]	Loss: 0.049177	RUL_Loss: 0.035317	mmd_Loss: 0.009463	l1_Loss: 0.004400
Train epochs:22.000000	
Train source1 iter: 10 [(9%)]	Loss: 0.027862	RUL_Loss: 0.020690	mmd_Loss: 0.011914	l1_Loss: 0.004403
Train source2 iter: 10 [(9%)]	Loss: 0.039544	RUL_Loss: 0.033153	mmd_Loss: 0.010103	l1_Loss: 0.004438
Train source1 iter: 20 [(19%)]	Loss: 0.033504	RUL_Loss: 0.023670	mmd_Loss: 0.009887	l1_Loss: 0.003461
Train source2 iter: 20 [(19%)]	Loss: 0.045179	RUL_Loss: 0.034718	mmd_Loss: 0.010582	l1_Loss: 0.003617
Train source1 iter: 30 [(28%)]	Loss: 0.033579	RUL_Loss: 0.021040	mmd_Loss: 0.010441	l1_Loss: 0.003672
Train source2 iter: 30 [(28%)]	Loss: 0.045472	RUL_Loss: 0.034049	mmd_Loss: 0.009840	l1_Loss: 0.003016
Train source1 iter: 40 [(38%)]	Loss: 0.034986	RUL_Loss: 0.021910	mmd_Loss: 0.010294	l1_Loss: 0.003397
Train source2 iter: 40 [(38%)]	Loss: 0.052115	RUL_Loss: 0.040159	mmd_Loss: 0.009155	l1_Loss: 0.003363
Train source1 iter: 50 [(47%)]	Loss: 0.038290	RUL_Loss: 0.024047	mmd_Loss: 0.010812	l1_Loss: 0.003689
Train source2 iter: 50 [(47%)]	Loss: 0.049692	RUL_Loss: 0.035079	mmd_Loss: 0.010931	l1_Loss: 0.003946
Train source1 iter: 60 [(57%)]	Loss: 0.035635	RUL_Loss: 0.022227	mmd_Loss: 0.009910	l1_Loss: 0.003592
Train source2 iter: 60 [(57%)]	Loss: 0.047053	RUL_Loss: 0.032736	mmd_Loss: 0.010904	l1_Loss: 0.003513
Train source1 iter: 70 [(66%)]	Loss: 0.036295	RUL_Loss: 0.021642	mmd_Loss: 0.011492	l1_Loss: 0.003201
Train source2 iter: 70 [(66%)]	Loss: 0.048115	RUL_Loss: 0.033137	mmd_Loss: 0.011657	l1_Loss: 0.003362
Train source1 iter: 80 [(75%)]	Loss: 0.036613	RUL_Loss: 0.022044	mmd_Loss: 0.010921	l1_Loss: 0.003663
Train source2 iter: 80 [(75%)]	Loss: 0.047399	RUL_Loss: 0.031763	mmd_Loss: 0.011985	l1_Loss: 0.003667
Train source1 iter: 90 [(85%)]	Loss: 0.037412	RUL_Loss: 0.024422	mmd_Loss: 0.009503	l1_Loss: 0.003492
Train source2 iter: 90 [(85%)]	Loss: 0.050316	RUL_Loss: 0.036855	mmd_Loss: 0.010375	l1_Loss: 0.003092
Train source1 iter: 100 [(94%)]	Loss: 0.041160	RUL_Loss: 0.027302	mmd_Loss: 0.009837	l1_Loss: 0.004024
Train source2 iter: 100 [(94%)]	Loss: 0.050356	RUL_Loss: 0.034909	mmd_Loss: 0.011298	l1_Loss: 0.004152
Train epochs:23.000000	
Train source1 iter: 10 [(9%)]	Loss: 0.027670	RUL_Loss: 0.021185	mmd_Loss: 0.009692	l1_Loss: 0.005062
Train source2 iter: 10 [(9%)]	Loss: 0.041072	RUL_Loss: 0.033686	mmd_Loss: 0.011300	l1_Loss: 0.005502
Train source1 iter: 20 [(19%)]	Loss: 0.030367	RUL_Loss: 0.020358	mmd_Loss: 0.009869	l1_Loss: 0.003716
Train source2 iter: 20 [(19%)]	Loss: 0.042198	RUL_Loss: 0.032086	mmd_Loss: 0.010050	l1_Loss: 0.003674
Train source1 iter: 30 [(28%)]	Loss: 0.035097	RUL_Loss: 0.021359	mmd_Loss: 0.011615	l1_Loss: 0.003845
Train source2 iter: 30 [(28%)]	Loss: 0.052056	RUL_Loss: 0.040027	mmd_Loss: 0.009877	l1_Loss: 0.003660
Train source1 iter: 40 [(38%)]	Loss: 0.037996	RUL_Loss: 0.024177	mmd_Loss: 0.010691	l1_Loss: 0.003777
Train source2 iter: 40 [(38%)]	Loss: 0.054762	RUL_Loss: 0.041516	mmd_Loss: 0.010182	l1_Loss: 0.003687
Train source1 iter: 50 [(47%)]	Loss: 0.035756	RUL_Loss: 0.020992	mmd_Loss: 0.011039	l1_Loss: 0.003992
Train source2 iter: 50 [(47%)]	Loss: 0.046967	RUL_Loss: 0.031151	mmd_Loss: 0.012479	l1_Loss: 0.003622
Train source1 iter: 60 [(57%)]	Loss: 0.038194	RUL_Loss: 0.022309	mmd_Loss: 0.012105	l1_Loss: 0.003890
Train source2 iter: 60 [(57%)]	Loss: 0.049795	RUL_Loss: 0.034884	mmd_Loss: 0.011216	l1_Loss: 0.003798
Train source1 iter: 70 [(66%)]	Loss: 0.036339	RUL_Loss: 0.021623	mmd_Loss: 0.010727	l1_Loss: 0.004028
Train source2 iter: 70 [(66%)]	Loss: 0.051911	RUL_Loss: 0.035240	mmd_Loss: 0.012806	l1_Loss: 0.003910
Train source1 iter: 80 [(75%)]	Loss: 0.033830	RUL_Loss: 0.020464	mmd_Loss: 0.009370	l1_Loss: 0.004010
Train source2 iter: 80 [(75%)]	Loss: 0.058438	RUL_Loss: 0.042666	mmd_Loss: 0.011801	l1_Loss: 0.003987
Train source1 iter: 90 [(85%)]	Loss: 0.037811	RUL_Loss: 0.022956	mmd_Loss: 0.011080	l1_Loss: 0.003781
Train source2 iter: 90 [(85%)]	Loss: 0.051888	RUL_Loss: 0.036319	mmd_Loss: 0.011500	l1_Loss: 0.004075
Train source1 iter: 100 [(94%)]	Loss: 0.034480	RUL_Loss: 0.021314	mmd_Loss: 0.009262	l1_Loss: 0.003906
Train source2 iter: 100 [(94%)]	Loss: 0.053584	RUL_Loss: 0.036109	mmd_Loss: 0.013301	l1_Loss: 0.004177
Train epochs:24.000000	
Train source1 iter: 10 [(9%)]	Loss: 0.030358	RUL_Loss: 0.022665	mmd_Loss: 0.013123	l1_Loss: 0.004378
Train source2 iter: 10 [(9%)]	Loss: 0.041592	RUL_Loss: 0.034816	mmd_Loss: 0.011323	l1_Loss: 0.004093
Train source1 iter: 20 [(19%)]	Loss: 0.033663	RUL_Loss: 0.020236	mmd_Loss: 0.014144	l1_Loss: 0.004080
Train source2 iter: 20 [(19%)]	Loss: 0.042983	RUL_Loss: 0.031490	mmd_Loss: 0.012402	l1_Loss: 0.003197
Train source1 iter: 30 [(28%)]	Loss: 0.037080	RUL_Loss: 0.024303	mmd_Loss: 0.011162	l1_Loss: 0.003218
Train source2 iter: 30 [(28%)]	Loss: 0.043525	RUL_Loss: 0.031179	mmd_Loss: 0.010207	l1_Loss: 0.003687
Train source1 iter: 40 [(38%)]	Loss: 0.036087	RUL_Loss: 0.023523	mmd_Loss: 0.009640	l1_Loss: 0.003514
Train source2 iter: 40 [(38%)]	Loss: 0.048398	RUL_Loss: 0.034676	mmd_Loss: 0.011155	l1_Loss: 0.003212
Train source1 iter: 50 [(47%)]	Loss: 0.034771	RUL_Loss: 0.020838	mmd_Loss: 0.010820	l1_Loss: 0.003365
Train source2 iter: 50 [(47%)]	Loss: 0.047036	RUL_Loss: 0.032607	mmd_Loss: 0.011850	l1_Loss: 0.002839
Train source1 iter: 60 [(57%)]	Loss: 0.035674	RUL_Loss: 0.020272	mmd_Loss: 0.011682	l1_Loss: 0.003827
Train source2 iter: 60 [(57%)]	Loss: 0.049287	RUL_Loss: 0.035321	mmd_Loss: 0.010461	l1_Loss: 0.003603
Train source1 iter: 70 [(66%)]	Loss: 0.036942	RUL_Loss: 0.021000	mmd_Loss: 0.012610	l1_Loss: 0.003375
Train source2 iter: 70 [(66%)]	Loss: 0.044593	RUL_Loss: 0.031227	mmd_Loss: 0.010388	l1_Loss: 0.003014
Train source1 iter: 80 [(75%)]	Loss: 0.036380	RUL_Loss: 0.022542	mmd_Loss: 0.010300	l1_Loss: 0.003552
Train source2 iter: 80 [(75%)]	Loss: 0.049993	RUL_Loss: 0.034549	mmd_Loss: 0.012030	l1_Loss: 0.003430
Train source1 iter: 90 [(85%)]	Loss: 0.037364	RUL_Loss: 0.020018	mmd_Loss: 0.013987	l1_Loss: 0.003366
Train source2 iter: 90 [(85%)]	Loss: 0.045684	RUL_Loss: 0.030925	mmd_Loss: 0.011309	l1_Loss: 0.003456
Train source1 iter: 100 [(94%)]	Loss: 0.034799	RUL_Loss: 0.020211	mmd_Loss: 0.011285	l1_Loss: 0.003305
Train source2 iter: 100 [(94%)]	Loss: 0.046864	RUL_Loss: 0.032389	mmd_Loss: 0.010880	l1_Loss: 0.003596
Train epochs:25.000000	
Train source1 iter: 10 [(9%)]	Loss: 0.032581	RUL_Loss: 0.026531	mmd_Loss: 0.010032	l1_Loss: 0.003732
Train source2 iter: 10 [(9%)]	Loss: 0.038783	RUL_Loss: 0.031820	mmd_Loss: 0.012337	l1_Loss: 0.003502
Train source1 iter: 20 [(19%)]	Loss: 0.032535	RUL_Loss: 0.021994	mmd_Loss: 0.010671	l1_Loss: 0.003636
Train source2 iter: 20 [(19%)]	Loss: 0.049897	RUL_Loss: 0.037204	mmd_Loss: 0.013438	l1_Loss: 0.003791
Train source1 iter: 30 [(28%)]	Loss: 0.033094	RUL_Loss: 0.021774	mmd_Loss: 0.009399	l1_Loss: 0.003341
Train source2 iter: 30 [(28%)]	Loss: 0.043412	RUL_Loss: 0.032118	mmd_Loss: 0.009259	l1_Loss: 0.003452
Train source1 iter: 40 [(38%)]	Loss: 0.037170	RUL_Loss: 0.023873	mmd_Loss: 0.010579	l1_Loss: 0.003343
Train source2 iter: 40 [(38%)]	Loss: 0.044155	RUL_Loss: 0.031041	mmd_Loss: 0.010228	l1_Loss: 0.003503
Train source1 iter: 50 [(47%)]	Loss: 0.034406	RUL_Loss: 0.021115	mmd_Loss: 0.010024	l1_Loss: 0.003507
Train source2 iter: 50 [(47%)]	Loss: 0.047238	RUL_Loss: 0.032172	mmd_Loss: 0.011421	l1_Loss: 0.003917
Train source1 iter: 60 [(57%)]	Loss: 0.036848	RUL_Loss: 0.023840	mmd_Loss: 0.009716	l1_Loss: 0.003383
Train source2 iter: 60 [(57%)]	Loss: 0.051677	RUL_Loss: 0.036327	mmd_Loss: 0.011916	l1_Loss: 0.003542
Train source1 iter: 70 [(66%)]	Loss: 0.039060	RUL_Loss: 0.026030	mmd_Loss: 0.009716	l1_Loss: 0.003348
Train source2 iter: 70 [(66%)]	Loss: 0.045382	RUL_Loss: 0.032739	mmd_Loss: 0.009768	l1_Loss: 0.002909
Train source1 iter: 80 [(75%)]	Loss: 0.036081	RUL_Loss: 0.021978	mmd_Loss: 0.010584	l1_Loss: 0.003534
Train source2 iter: 80 [(75%)]	Loss: 0.049521	RUL_Loss: 0.035753	mmd_Loss: 0.010315	l1_Loss: 0.003467
Train source1 iter: 90 [(85%)]	Loss: 0.037022	RUL_Loss: 0.024247	mmd_Loss: 0.009438	l1_Loss: 0.003343
Train source2 iter: 90 [(85%)]	Loss: 0.045781	RUL_Loss: 0.031483	mmd_Loss: 0.010939	l1_Loss: 0.003365
Train source1 iter: 100 [(94%)]	Loss: 0.034596	RUL_Loss: 0.020458	mmd_Loss: 0.010727	l1_Loss: 0.003412
Train source2 iter: 100 [(94%)]	Loss: 0.048217	RUL_Loss: 0.033053	mmd_Loss: 0.011639	l1_Loss: 0.003528
Train epochs:26.000000	
Train source1 iter: 10 [(9%)]	Loss: 0.029330	RUL_Loss: 0.022921	mmd_Loss: 0.011298	l1_Loss: 0.003281
Train source2 iter: 10 [(9%)]	Loss: 0.040372	RUL_Loss: 0.034427	mmd_Loss: 0.009755	l1_Loss: 0.003770
Train source1 iter: 20 [(19%)]	Loss: 0.033371	RUL_Loss: 0.022566	mmd_Loss: 0.011070	l1_Loss: 0.003596
Train source2 iter: 20 [(19%)]	Loss: 0.043698	RUL_Loss: 0.032977	mmd_Loss: 0.011224	l1_Loss: 0.003327
Train source1 iter: 30 [(28%)]	Loss: 0.030475	RUL_Loss: 0.018437	mmd_Loss: 0.010210	l1_Loss: 0.003337
Train source2 iter: 30 [(28%)]	Loss: 0.042476	RUL_Loss: 0.030777	mmd_Loss: 0.009627	l1_Loss: 0.003539
Train source1 iter: 40 [(38%)]	Loss: 0.035016	RUL_Loss: 0.023188	mmd_Loss: 0.009105	l1_Loss: 0.003280
Train source2 iter: 40 [(38%)]	Loss: 0.046420	RUL_Loss: 0.034381	mmd_Loss: 0.009593	l1_Loss: 0.003012
Train source1 iter: 50 [(47%)]	Loss: 0.037228	RUL_Loss: 0.023714	mmd_Loss: 0.010399	l1_Loss: 0.003359
Train source2 iter: 50 [(47%)]	Loss: 0.049403	RUL_Loss: 0.033082	mmd_Loss: 0.013007	l1_Loss: 0.003609
Train source1 iter: 60 [(57%)]	Loss: 0.036634	RUL_Loss: 0.022537	mmd_Loss: 0.010554	l1_Loss: 0.003642
Train source2 iter: 60 [(57%)]	Loss: 0.047635	RUL_Loss: 0.033479	mmd_Loss: 0.010935	l1_Loss: 0.003320
Train source1 iter: 70 [(66%)]	Loss: 0.033197	RUL_Loss: 0.019267	mmd_Loss: 0.010693	l1_Loss: 0.003275
Train source2 iter: 70 [(66%)]	Loss: 0.044397	RUL_Loss: 0.030588	mmd_Loss: 0.010007	l1_Loss: 0.003839
Train source1 iter: 80 [(75%)]	Loss: 0.033696	RUL_Loss: 0.021688	mmd_Loss: 0.008639	l1_Loss: 0.003382
Train source2 iter: 80 [(75%)]	Loss: 0.049563	RUL_Loss: 0.034967	mmd_Loss: 0.011214	l1_Loss: 0.003398
Train source1 iter: 90 [(85%)]	Loss: 0.032636	RUL_Loss: 0.020696	mmd_Loss: 0.008406	l1_Loss: 0.003538
Train source2 iter: 90 [(85%)]	Loss: 0.051494	RUL_Loss: 0.036869	mmd_Loss: 0.010863	l1_Loss: 0.003768
Train source1 iter: 100 [(94%)]	Loss: 0.035342	RUL_Loss: 0.022187	mmd_Loss: 0.009689	l1_Loss: 0.003468
Train source2 iter: 100 [(94%)]	Loss: 0.049203	RUL_Loss: 0.030664	mmd_Loss: 0.014715	l1_Loss: 0.003827
Train epochs:27.000000	
Train source1 iter: 10 [(9%)]	Loss: 0.027249	RUL_Loss: 0.021267	mmd_Loss: 0.010107	l1_Loss: 0.003502
Train source2 iter: 10 [(9%)]	Loss: 0.036754	RUL_Loss: 0.029628	mmd_Loss: 0.012499	l1_Loss: 0.003711
Train source1 iter: 20 [(19%)]	Loss: 0.029504	RUL_Loss: 0.020491	mmd_Loss: 0.008918	l1_Loss: 0.003314
Train source2 iter: 20 [(19%)]	Loss: 0.045428	RUL_Loss: 0.033159	mmd_Loss: 0.013255	l1_Loss: 0.003398
Train source1 iter: 30 [(28%)]	Loss: 0.035572	RUL_Loss: 0.023723	mmd_Loss: 0.009562	l1_Loss: 0.003773
Train source2 iter: 30 [(28%)]	Loss: 0.051102	RUL_Loss: 0.036928	mmd_Loss: 0.012425	l1_Loss: 0.003527
Train source1 iter: 40 [(38%)]	Loss: 0.037158	RUL_Loss: 0.023715	mmd_Loss: 0.010407	l1_Loss: 0.003668
Train source2 iter: 40 [(38%)]	Loss: 0.046163	RUL_Loss: 0.032976	mmd_Loss: 0.009879	l1_Loss: 0.003927
Train source1 iter: 50 [(47%)]	Loss: 0.036830	RUL_Loss: 0.023369	mmd_Loss: 0.010235	l1_Loss: 0.003469
Train source2 iter: 50 [(47%)]	Loss: 0.047948	RUL_Loss: 0.032927	mmd_Loss: 0.011579	l1_Loss: 0.003713
Train source1 iter: 60 [(57%)]	Loss: 0.039502	RUL_Loss: 0.024365	mmd_Loss: 0.011849	l1_Loss: 0.003394
Train source2 iter: 60 [(57%)]	Loss: 0.044518	RUL_Loss: 0.030892	mmd_Loss: 0.010550	l1_Loss: 0.003171
Train source1 iter: 70 [(66%)]	Loss: 0.039110	RUL_Loss: 0.024561	mmd_Loss: 0.011236	l1_Loss: 0.003353
Train source2 iter: 70 [(66%)]	Loss: 0.047204	RUL_Loss: 0.032806	mmd_Loss: 0.010828	l1_Loss: 0.003609
Train source1 iter: 80 [(75%)]	Loss: 0.036111	RUL_Loss: 0.022764	mmd_Loss: 0.010099	l1_Loss: 0.003262
Train source2 iter: 80 [(75%)]	Loss: 0.047603	RUL_Loss: 0.033822	mmd_Loss: 0.010099	l1_Loss: 0.003697
Train source1 iter: 90 [(85%)]	Loss: 0.039643	RUL_Loss: 0.025816	mmd_Loss: 0.010302	l1_Loss: 0.003531
Train source2 iter: 90 [(85%)]	Loss: 0.049429	RUL_Loss: 0.034177	mmd_Loss: 0.011556	l1_Loss: 0.003702
Train source1 iter: 100 [(94%)]	Loss: 0.034529	RUL_Loss: 0.020380	mmd_Loss: 0.010814	l1_Loss: 0.003337
Train source2 iter: 100 [(94%)]	Loss: 0.050685	RUL_Loss: 0.036814	mmd_Loss: 0.010398	l1_Loss: 0.003476
Train epochs:28.000000	
Train source1 iter: 10 [(9%)]	Loss: 0.027796	RUL_Loss: 0.021555	mmd_Loss: 0.009960	l1_Loss: 0.004237
Train source2 iter: 10 [(9%)]	Loss: 0.038723	RUL_Loss: 0.032441	mmd_Loss: 0.010224	l1_Loss: 0.004068
Train source1 iter: 20 [(19%)]	Loss: 0.030738	RUL_Loss: 0.020980	mmd_Loss: 0.009882	l1_Loss: 0.003362
Train source2 iter: 20 [(19%)]	Loss: 0.043621	RUL_Loss: 0.034051	mmd_Loss: 0.009186	l1_Loss: 0.003802
Train source1 iter: 30 [(28%)]	Loss: 0.035760	RUL_Loss: 0.023340	mmd_Loss: 0.010184	l1_Loss: 0.003794
Train source2 iter: 30 [(28%)]	Loss: 0.042627	RUL_Loss: 0.030024	mmd_Loss: 0.010879	l1_Loss: 0.003304
Train source1 iter: 40 [(38%)]	Loss: 0.033697	RUL_Loss: 0.020882	mmd_Loss: 0.009764	l1_Loss: 0.003653
Train source2 iter: 40 [(38%)]	Loss: 0.044417	RUL_Loss: 0.032154	mmd_Loss: 0.008950	l1_Loss: 0.003890
Train source1 iter: 50 [(47%)]	Loss: 0.038126	RUL_Loss: 0.023945	mmd_Loss: 0.010992	l1_Loss: 0.003446
Train source2 iter: 50 [(47%)]	Loss: 0.048210	RUL_Loss: 0.032375	mmd_Loss: 0.012358	l1_Loss: 0.003763
Train source1 iter: 60 [(57%)]	Loss: 0.037216	RUL_Loss: 0.023389	mmd_Loss: 0.010633	l1_Loss: 0.003291
Train source2 iter: 60 [(57%)]	Loss: 0.050062	RUL_Loss: 0.034908	mmd_Loss: 0.011283	l1_Loss: 0.003976
Train source1 iter: 70 [(66%)]	Loss: 0.037193	RUL_Loss: 0.022844	mmd_Loss: 0.010780	l1_Loss: 0.003608
Train source2 iter: 70 [(66%)]	Loss: 0.048118	RUL_Loss: 0.034727	mmd_Loss: 0.009826	l1_Loss: 0.003601
Train source1 iter: 80 [(75%)]	Loss: 0.037152	RUL_Loss: 0.023532	mmd_Loss: 0.010014	l1_Loss: 0.003621
Train source2 iter: 80 [(75%)]	Loss: 0.046680	RUL_Loss: 0.032909	mmd_Loss: 0.010527	l1_Loss: 0.003259
Train source1 iter: 90 [(85%)]	Loss: 0.036758	RUL_Loss: 0.023152	mmd_Loss: 0.010063	l1_Loss: 0.003549
Train source2 iter: 90 [(85%)]	Loss: 0.046899	RUL_Loss: 0.033253	mmd_Loss: 0.009599	l1_Loss: 0.004053
Train source1 iter: 100 [(94%)]	Loss: 0.035620	RUL_Loss: 0.021923	mmd_Loss: 0.009762	l1_Loss: 0.003937
Train source2 iter: 100 [(94%)]	Loss: 0.044245	RUL_Loss: 0.030549	mmd_Loss: 0.009577	l1_Loss: 0.004122
Train epochs:29.000000	
