当前日期和时间： 2023-03-15_21_23_39
training settings:	 lr: 0.001 momentum: 0.9 l2_decay: 0.001 optimizer: Adam seed: 6
model architecture:
 MFSAN(
  (sharedNet): CFE(
    (conv1): Conv1d(14, 32, kernel_size=(3,), stride=(1,), padding=(1,), bias=False)
    (bn1): BatchNorm1d(32, eps=1e-05, momentum=0.1, affine=True, track_running_stats=True)
    (conv2): Conv1d(32, 64, kernel_size=(2,), stride=(1,), padding=(1,), bias=False)
    (bn2): BatchNorm1d(64, eps=1e-05, momentum=0.1, affine=True, track_running_stats=True)
    (conv3): Conv1d(64, 128, kernel_size=(2,), stride=(1,), bias=False)
    (bn3): BatchNorm1d(128, eps=1e-05, momentum=0.1, affine=True, track_running_stats=True)
    (relu): ReLU(inplace=True)
    (flatten): Flatten(start_dim=1, end_dim=-1)
  )
  (sonnet1): DFE(
    (rnn): LSTM(128, 100, num_layers=2, batch_first=True, dropout=0.2, bidirectional=True)
  )
  (sonnet2): DFE(
    (rnn): LSTM(128, 100, num_layers=2, batch_first=True, dropout=0.2, bidirectional=True)
  )
  (rul_fc_son1): Linear(in_features=199, out_features=1, bias=True)
  (rul_fc_son2): Linear(in_features=199, out_features=1, bias=True)
  (avgpool): AvgPool1d(kernel_size=(2,), stride=(1,), padding=(0,))
)
FD001 FD003 to FD002
Train source1 iter: 10 [(6%)]	Loss: 0.068716	RUL_Loss: 0.039376	mmd_Loss: 0.101338	l1_Loss: 0.006990
Train source2 iter: 10 [(6%)]	Loss: 0.068319	RUL_Loss: 0.039276	mmd_Loss: 0.100584	l1_Loss: 0.006648
Train source1 iter: 20 [(11%)]	Loss: 0.080386	RUL_Loss: 0.040831	mmd_Loss: 0.071573	l1_Loss: 0.006803
Train source2 iter: 20 [(11%)]	Loss: 0.078531	RUL_Loss: 0.033874	mmd_Loss: 0.082446	l1_Loss: 0.006041
Train source1 iter: 30 [(17%)]	Loss: 0.086041	RUL_Loss: 0.036748	mmd_Loss: 0.066503	l1_Loss: 0.005747
Train source2 iter: 30 [(17%)]	Loss: 0.092263	RUL_Loss: 0.030331	mmd_Loss: 0.084825	l1_Loss: 0.005949
Train source1 iter: 40 [(22%)]	Loss: 0.089621	RUL_Loss: 0.033373	mmd_Loss: 0.063972	l1_Loss: 0.005948
Train source2 iter: 40 [(22%)]	Loss: 0.101548	RUL_Loss: 0.031332	mmd_Loss: 0.081418	l1_Loss: 0.005866
Train source1 iter: 50 [(28%)]	Loss: 0.091272	RUL_Loss: 0.034638	mmd_Loss: 0.057849	l1_Loss: 0.006294
Train source2 iter: 50 [(28%)]	Loss: 0.111442	RUL_Loss: 0.034126	mmd_Loss: 0.081736	l1_Loss: 0.005832
Train source1 iter: 60 [(33%)]	Loss: 0.091497	RUL_Loss: 0.030682	mmd_Loss: 0.059966	l1_Loss: 0.005349
Train source2 iter: 60 [(33%)]	Loss: 0.110221	RUL_Loss: 0.030095	mmd_Loss: 0.080262	l1_Loss: 0.005791
Train source1 iter: 70 [(39%)]	Loss: 0.112262	RUL_Loss: 0.035933	mmd_Loss: 0.073717	l1_Loss: 0.005801
Train source2 iter: 70 [(39%)]	Loss: 0.129375	RUL_Loss: 0.029732	mmd_Loss: 0.097658	l1_Loss: 0.006148
Train source1 iter: 80 [(44%)]	Loss: 0.112709	RUL_Loss: 0.038073	mmd_Loss: 0.070432	l1_Loss: 0.005977
Train source2 iter: 80 [(44%)]	Loss: 0.118796	RUL_Loss: 0.031510	mmd_Loss: 0.083204	l1_Loss: 0.006157
Train source1 iter: 90 [(50%)]	Loss: 0.116788	RUL_Loss: 0.029820	mmd_Loss: 0.082490	l1_Loss: 0.005658
Train source2 iter: 90 [(50%)]	Loss: 0.127458	RUL_Loss: 0.026755	mmd_Loss: 0.095848	l1_Loss: 0.006221
Train source1 iter: 100 [(56%)]	Loss: 0.111058	RUL_Loss: 0.040569	mmd_Loss: 0.064953	l1_Loss: 0.006083
Train source2 iter: 100 [(56%)]	Loss: 0.125577	RUL_Loss: 0.032544	mmd_Loss: 0.087718	l1_Loss: 0.006037
Train source1 iter: 110 [(61%)]	Loss: 0.112024	RUL_Loss: 0.036700	mmd_Loss: 0.070111	l1_Loss: 0.005548
Train source2 iter: 110 [(61%)]	Loss: 0.128948	RUL_Loss: 0.035552	mmd_Loss: 0.087688	l1_Loss: 0.006124
Train source1 iter: 120 [(67%)]	Loss: 0.108021	RUL_Loss: 0.040688	mmd_Loss: 0.061382	l1_Loss: 0.006122
Train source2 iter: 120 [(67%)]	Loss: 0.128596	RUL_Loss: 0.035981	mmd_Loss: 0.086719	l1_Loss: 0.006133
Train source1 iter: 130 [(72%)]	Loss: 0.103599	RUL_Loss: 0.037356	mmd_Loss: 0.060332	l1_Loss: 0.006008
Train source2 iter: 130 [(72%)]	Loss: 0.112160	RUL_Loss: 0.033765	mmd_Loss: 0.072212	l1_Loss: 0.006297
Train source1 iter: 140 [(78%)]	Loss: 0.111666	RUL_Loss: 0.037054	mmd_Loss: 0.069226	l1_Loss: 0.005449
Train source2 iter: 140 [(78%)]	Loss: 0.117610	RUL_Loss: 0.033596	mmd_Loss: 0.078209	l1_Loss: 0.005875
Train source1 iter: 150 [(83%)]	Loss: 0.108035	RUL_Loss: 0.035207	mmd_Loss: 0.067415	l1_Loss: 0.005448
Train source2 iter: 150 [(83%)]	Loss: 0.115774	RUL_Loss: 0.029257	mmd_Loss: 0.080396	l1_Loss: 0.006162
Train source1 iter: 160 [(89%)]	Loss: 0.122189	RUL_Loss: 0.041469	mmd_Loss: 0.074487	l1_Loss: 0.006256
Train source2 iter: 160 [(89%)]	Loss: 0.128383	RUL_Loss: 0.036767	mmd_Loss: 0.085386	l1_Loss: 0.006256
Train source1 iter: 170 [(94%)]	Loss: 0.107597	RUL_Loss: 0.035238	mmd_Loss: 0.066255	l1_Loss: 0.006115
Train source2 iter: 170 [(94%)]	Loss: 0.116476	RUL_Loss: 0.032854	mmd_Loss: 0.077522	l1_Loss: 0.006114
Train epochs:1.000000	
Train source1 iter: 10 [(6%)]	Loss: 0.058720	RUL_Loss: 0.040327	mmd_Loss: 0.047850	l1_Loss: 0.020059
Train source2 iter: 10 [(6%)]	Loss: 0.045794	RUL_Loss: 0.027091	mmd_Loss: 0.052158	l1_Loss: 0.016897
Train source1 iter: 20 [(11%)]	Loss: 0.057844	RUL_Loss: 0.029136	mmd_Loss: 0.051107	l1_Loss: 0.005776
Train source2 iter: 20 [(11%)]	Loss: 0.055681	RUL_Loss: 0.028289	mmd_Loss: 0.049281	l1_Loss: 0.004997
Train source1 iter: 30 [(17%)]	Loss: 0.069957	RUL_Loss: 0.033434	mmd_Loss: 0.048584	l1_Loss: 0.004948
Train source2 iter: 30 [(17%)]	Loss: 0.067506	RUL_Loss: 0.025270	mmd_Loss: 0.056633	l1_Loss: 0.005273
Train source1 iter: 40 [(22%)]	Loss: 0.072993	RUL_Loss: 0.028401	mmd_Loss: 0.050057	l1_Loss: 0.005374
Train source2 iter: 40 [(22%)]	Loss: 0.067977	RUL_Loss: 0.028883	mmd_Loss: 0.044050	l1_Loss: 0.004548
Train source1 iter: 50 [(28%)]	Loss: 0.080047	RUL_Loss: 0.036256	mmd_Loss: 0.044329	l1_Loss: 0.005269
Train source2 iter: 50 [(28%)]	Loss: 0.070246	RUL_Loss: 0.027331	mmd_Loss: 0.043075	l1_Loss: 0.005529
Train source1 iter: 60 [(33%)]	Loss: 0.081310	RUL_Loss: 0.035618	mmd_Loss: 0.042814	l1_Loss: 0.006259
Train source2 iter: 60 [(33%)]	Loss: 0.074377	RUL_Loss: 0.023380	mmd_Loss: 0.049377	l1_Loss: 0.005394
Train source1 iter: 70 [(39%)]	Loss: 0.088910	RUL_Loss: 0.037196	mmd_Loss: 0.047774	l1_Loss: 0.006102
Train source2 iter: 70 [(39%)]	Loss: 0.078271	RUL_Loss: 0.026301	mmd_Loss: 0.049094	l1_Loss: 0.005047
Train source1 iter: 80 [(44%)]	Loss: 0.079085	RUL_Loss: 0.030778	mmd_Loss: 0.043720	l1_Loss: 0.005735
Train source2 iter: 80 [(44%)]	Loss: 0.085494	RUL_Loss: 0.023445	mmd_Loss: 0.057506	l1_Loss: 0.006018
Train source1 iter: 90 [(50%)]	Loss: 0.078688	RUL_Loss: 0.029927	mmd_Loss: 0.044267	l1_Loss: 0.005156
Train source2 iter: 90 [(50%)]	Loss: 0.075422	RUL_Loss: 0.024521	mmd_Loss: 0.045627	l1_Loss: 0.005965
Train source1 iter: 100 [(56%)]	Loss: 0.078182	RUL_Loss: 0.032139	mmd_Loss: 0.042073	l1_Loss: 0.004327
Train source2 iter: 100 [(56%)]	Loss: 0.071044	RUL_Loss: 0.020540	mmd_Loss: 0.044953	l1_Loss: 0.005944
Train source1 iter: 110 [(61%)]	Loss: 0.080619	RUL_Loss: 0.030789	mmd_Loss: 0.045160	l1_Loss: 0.004891
Train source2 iter: 110 [(61%)]	Loss: 0.078310	RUL_Loss: 0.027399	mmd_Loss: 0.045622	l1_Loss: 0.005515
Train source1 iter: 120 [(67%)]	Loss: 0.092524	RUL_Loss: 0.034311	mmd_Loss: 0.053501	l1_Loss: 0.004861
Train source2 iter: 120 [(67%)]	Loss: 0.084929	RUL_Loss: 0.025075	mmd_Loss: 0.054646	l1_Loss: 0.005360
Train source1 iter: 130 [(72%)]	Loss: 0.091020	RUL_Loss: 0.035097	mmd_Loss: 0.050383	l1_Loss: 0.005622
Train source2 iter: 130 [(72%)]	Loss: 0.080552	RUL_Loss: 0.027083	mmd_Loss: 0.047844	l1_Loss: 0.005702
Train source1 iter: 140 [(78%)]	Loss: 0.081725	RUL_Loss: 0.029858	mmd_Loss: 0.046107	l1_Loss: 0.005804
Train source2 iter: 140 [(78%)]	Loss: 0.079565	RUL_Loss: 0.023632	mmd_Loss: 0.049634	l1_Loss: 0.006346
Train source1 iter: 150 [(83%)]	Loss: 0.077332	RUL_Loss: 0.029986	mmd_Loss: 0.041646	l1_Loss: 0.005723
Train source2 iter: 150 [(83%)]	Loss: 0.082022	RUL_Loss: 0.029796	mmd_Loss: 0.047554	l1_Loss: 0.004697
Train source1 iter: 160 [(89%)]	Loss: 0.088512	RUL_Loss: 0.035724	mmd_Loss: 0.047837	l1_Loss: 0.004965
Train source2 iter: 160 [(89%)]	Loss: 0.083325	RUL_Loss: 0.029401	mmd_Loss: 0.048472	l1_Loss: 0.005467
Train source1 iter: 170 [(94%)]	Loss: 0.084431	RUL_Loss: 0.028158	mmd_Loss: 0.051390	l1_Loss: 0.004891
Train source2 iter: 170 [(94%)]	Loss: 0.071607	RUL_Loss: 0.025551	mmd_Loss: 0.040918	l1_Loss: 0.005145
Train epochs:2.000000	
Train source1 iter: 10 [(6%)]	Loss: 0.043649	RUL_Loss: 0.032076	mmd_Loss: 0.036644	l1_Loss: 0.006086
Train source2 iter: 10 [(6%)]	Loss: 0.044364	RUL_Loss: 0.029290	mmd_Loss: 0.048065	l1_Loss: 0.007592
Train source1 iter: 20 [(11%)]	Loss: 0.059591	RUL_Loss: 0.037845	mmd_Loss: 0.035774	l1_Loss: 0.007315
Train source2 iter: 20 [(11%)]	Loss: 0.048560	RUL_Loss: 0.025889	mmd_Loss: 0.038661	l1_Loss: 0.006261
Train source1 iter: 30 [(17%)]	Loss: 0.061174	RUL_Loss: 0.034519	mmd_Loss: 0.033328	l1_Loss: 0.005741
Train source2 iter: 30 [(17%)]	Loss: 0.058879	RUL_Loss: 0.026991	mmd_Loss: 0.039890	l1_Loss: 0.006849
Train source1 iter: 40 [(22%)]	Loss: 0.060114	RUL_Loss: 0.028574	mmd_Loss: 0.032892	l1_Loss: 0.006314
Train source2 iter: 40 [(22%)]	Loss: 0.066643	RUL_Loss: 0.026299	mmd_Loss: 0.043398	l1_Loss: 0.006753
Train source1 iter: 50 [(28%)]	Loss: 0.064531	RUL_Loss: 0.027220	mmd_Loss: 0.035744	l1_Loss: 0.006515
Train source2 iter: 50 [(28%)]	Loss: 0.064280	RUL_Loss: 0.022793	mmd_Loss: 0.040896	l1_Loss: 0.006092
Train source1 iter: 60 [(33%)]	Loss: 0.070913	RUL_Loss: 0.029539	mmd_Loss: 0.038082	l1_Loss: 0.006354
Train source2 iter: 60 [(33%)]	Loss: 0.064407	RUL_Loss: 0.024664	mmd_Loss: 0.037337	l1_Loss: 0.005346
Train source1 iter: 70 [(39%)]	Loss: 0.070871	RUL_Loss: 0.035678	mmd_Loss: 0.029571	l1_Loss: 0.007092
Train source2 iter: 70 [(39%)]	Loss: 0.065686	RUL_Loss: 0.025934	mmd_Loss: 0.035251	l1_Loss: 0.006162
Train source1 iter: 80 [(44%)]	Loss: 0.067851	RUL_Loss: 0.030712	mmd_Loss: 0.031144	l1_Loss: 0.006877
Train source2 iter: 80 [(44%)]	Loss: 0.071465	RUL_Loss: 0.027339	mmd_Loss: 0.038276	l1_Loss: 0.006899
Train source1 iter: 90 [(50%)]	Loss: 0.069325	RUL_Loss: 0.030914	mmd_Loss: 0.032709	l1_Loss: 0.006223
Train source2 iter: 90 [(50%)]	Loss: 0.060922	RUL_Loss: 0.021276	mmd_Loss: 0.033842	l1_Loss: 0.006343
Train source1 iter: 100 [(56%)]	Loss: 0.067968	RUL_Loss: 0.028590	mmd_Loss: 0.033793	l1_Loss: 0.005891
Train source2 iter: 100 [(56%)]	Loss: 0.075017	RUL_Loss: 0.025623	mmd_Loss: 0.043177	l1_Loss: 0.006601
Train source1 iter: 110 [(61%)]	Loss: 0.072781	RUL_Loss: 0.027514	mmd_Loss: 0.039264	l1_Loss: 0.006204
Train source2 iter: 110 [(61%)]	Loss: 0.063704	RUL_Loss: 0.020547	mmd_Loss: 0.036271	l1_Loss: 0.007078
Train source1 iter: 120 [(67%)]	Loss: 0.069186	RUL_Loss: 0.027845	mmd_Loss: 0.034554	l1_Loss: 0.006893
Train source2 iter: 120 [(67%)]	Loss: 0.070075	RUL_Loss: 0.021451	mmd_Loss: 0.041249	l1_Loss: 0.007499
Train source1 iter: 130 [(72%)]	Loss: 0.072072	RUL_Loss: 0.028902	mmd_Loss: 0.036146	l1_Loss: 0.007087
Train source2 iter: 130 [(72%)]	Loss: 0.065791	RUL_Loss: 0.018631	mmd_Loss: 0.040653	l1_Loss: 0.006576
Train source1 iter: 140 [(78%)]	Loss: 0.075700	RUL_Loss: 0.032620	mmd_Loss: 0.036039	l1_Loss: 0.007077
Train source2 iter: 140 [(78%)]	Loss: 0.065288	RUL_Loss: 0.025579	mmd_Loss: 0.033182	l1_Loss: 0.006559
Train source1 iter: 150 [(83%)]	Loss: 0.067710	RUL_Loss: 0.029467	mmd_Loss: 0.032245	l1_Loss: 0.006016
Train source2 iter: 150 [(83%)]	Loss: 0.075409	RUL_Loss: 0.028315	mmd_Loss: 0.040761	l1_Loss: 0.006355
Train source1 iter: 160 [(89%)]	Loss: 0.063531	RUL_Loss: 0.029413	mmd_Loss: 0.028157	l1_Loss: 0.005970
Train source2 iter: 160 [(89%)]	Loss: 0.069504	RUL_Loss: 0.029996	mmd_Loss: 0.033409	l1_Loss: 0.006110
Train source1 iter: 170 [(94%)]	Loss: 0.068264	RUL_Loss: 0.025379	mmd_Loss: 0.035525	l1_Loss: 0.007367
Train source2 iter: 170 [(94%)]	Loss: 0.073030	RUL_Loss: 0.024922	mmd_Loss: 0.040907	l1_Loss: 0.007208
Train epochs:3.000000	
Train source1 iter: 10 [(6%)]	Loss: 0.040552	RUL_Loss: 0.028281	mmd_Loss: 0.036887	l1_Loss: 0.008419
Train source2 iter: 10 [(6%)]	Loss: 0.041684	RUL_Loss: 0.029707	mmd_Loss: 0.035844	l1_Loss: 0.008378
Train source1 iter: 20 [(11%)]	Loss: 0.056860	RUL_Loss: 0.034206	mmd_Loss: 0.040880	l1_Loss: 0.004009
Train source2 iter: 20 [(11%)]	Loss: 0.053110	RUL_Loss: 0.029570	mmd_Loss: 0.042534	l1_Loss: 0.004110
Train source1 iter: 30 [(17%)]	Loss: 0.053928	RUL_Loss: 0.027516	mmd_Loss: 0.034533	l1_Loss: 0.004180
Train source2 iter: 30 [(17%)]	Loss: 0.046102	RUL_Loss: 0.021759	mmd_Loss: 0.031157	l1_Loss: 0.004523
Train source1 iter: 40 [(22%)]	Loss: 0.061990	RUL_Loss: 0.029218	mmd_Loss: 0.036783	l1_Loss: 0.003956
Train source2 iter: 40 [(22%)]	Loss: 0.065488	RUL_Loss: 0.029508	mmd_Loss: 0.040838	l1_Loss: 0.003887
Train source1 iter: 50 [(28%)]	Loss: 0.056333	RUL_Loss: 0.025296	mmd_Loss: 0.031285	l1_Loss: 0.003868
Train source2 iter: 50 [(28%)]	Loss: 0.068001	RUL_Loss: 0.029419	mmd_Loss: 0.039551	l1_Loss: 0.004147
Train source1 iter: 60 [(33%)]	Loss: 0.057085	RUL_Loss: 0.026579	mmd_Loss: 0.028476	l1_Loss: 0.004288
Train source2 iter: 60 [(33%)]	Loss: 0.061632	RUL_Loss: 0.023821	mmd_Loss: 0.036442	l1_Loss: 0.004166
Train source1 iter: 70 [(39%)]	Loss: 0.062206	RUL_Loss: 0.028628	mmd_Loss: 0.030982	l1_Loss: 0.003999
Train source2 iter: 70 [(39%)]	Loss: 0.063427	RUL_Loss: 0.022053	mmd_Loss: 0.038552	l1_Loss: 0.004552
Train source1 iter: 80 [(44%)]	Loss: 0.061475	RUL_Loss: 0.026278	mmd_Loss: 0.031624	l1_Loss: 0.004409
Train source2 iter: 80 [(44%)]	Loss: 0.061263	RUL_Loss: 0.018900	mmd_Loss: 0.039264	l1_Loss: 0.004105
Train source1 iter: 90 [(50%)]	Loss: 0.064399	RUL_Loss: 0.025287	mmd_Loss: 0.035162	l1_Loss: 0.004480
Train source2 iter: 90 [(50%)]	Loss: 0.056514	RUL_Loss: 0.021369	mmd_Loss: 0.031204	l1_Loss: 0.004418
Train source1 iter: 100 [(56%)]	Loss: 0.073676	RUL_Loss: 0.031502	mmd_Loss: 0.038346	l1_Loss: 0.004156
Train source2 iter: 100 [(56%)]	Loss: 0.065535	RUL_Loss: 0.025181	mmd_Loss: 0.036011	l1_Loss: 0.004657
Train source1 iter: 110 [(61%)]	Loss: 0.065297	RUL_Loss: 0.028461	mmd_Loss: 0.032482	l1_Loss: 0.004518
Train source2 iter: 110 [(61%)]	Loss: 0.062181	RUL_Loss: 0.022597	mmd_Loss: 0.035545	l1_Loss: 0.004214
Train source1 iter: 120 [(67%)]	Loss: 0.069055	RUL_Loss: 0.030716	mmd_Loss: 0.034982	l1_Loss: 0.003455
Train source2 iter: 120 [(67%)]	Loss: 0.066287	RUL_Loss: 0.025647	mmd_Loss: 0.036283	l1_Loss: 0.004461
Train source1 iter: 130 [(72%)]	Loss: 0.063868	RUL_Loss: 0.026673	mmd_Loss: 0.032375	l1_Loss: 0.004874
Train source2 iter: 130 [(72%)]	Loss: 0.065243	RUL_Loss: 0.024758	mmd_Loss: 0.036491	l1_Loss: 0.004053
Train source1 iter: 140 [(78%)]	Loss: 0.063800	RUL_Loss: 0.024782	mmd_Loss: 0.034375	l1_Loss: 0.004675
Train source2 iter: 140 [(78%)]	Loss: 0.066646	RUL_Loss: 0.024812	mmd_Loss: 0.037697	l1_Loss: 0.004173
Train source1 iter: 150 [(83%)]	Loss: 0.065548	RUL_Loss: 0.029089	mmd_Loss: 0.032536	l1_Loss: 0.003940
Train source2 iter: 150 [(83%)]	Loss: 0.061377	RUL_Loss: 0.021836	mmd_Loss: 0.034831	l1_Loss: 0.004728
Train source1 iter: 160 [(89%)]	Loss: 0.061424	RUL_Loss: 0.026286	mmd_Loss: 0.031079	l1_Loss: 0.004068
Train source2 iter: 160 [(89%)]	Loss: 0.057073	RUL_Loss: 0.019432	mmd_Loss: 0.033657	l1_Loss: 0.003995
Train source1 iter: 170 [(94%)]	Loss: 0.068096	RUL_Loss: 0.027951	mmd_Loss: 0.035412	l1_Loss: 0.004740
Train source2 iter: 170 [(94%)]	Loss: 0.070432	RUL_Loss: 0.022118	mmd_Loss: 0.044109	l1_Loss: 0.004212
Train epochs:4.000000	
Train source1 iter: 10 [(6%)]	Loss: 0.041375	RUL_Loss: 0.027310	mmd_Loss: 0.038715	l1_Loss: 0.013214
Train source2 iter: 10 [(6%)]	Loss: 0.033084	RUL_Loss: 0.021033	mmd_Loss: 0.028758	l1_Loss: 0.015739
Train source1 iter: 20 [(11%)]	Loss: 0.042628	RUL_Loss: 0.027955	mmd_Loss: 0.024870	l1_Loss: 0.004205
Train source2 iter: 20 [(11%)]	Loss: 0.040096	RUL_Loss: 0.023561	mmd_Loss: 0.028050	l1_Loss: 0.004713
Train source1 iter: 30 [(17%)]	Loss: 0.055264	RUL_Loss: 0.031073	mmd_Loss: 0.030690	l1_Loss: 0.004768
Train source2 iter: 30 [(17%)]	Loss: 0.044195	RUL_Loss: 0.021401	mmd_Loss: 0.028641	l1_Loss: 0.004768
Train source1 iter: 40 [(22%)]	Loss: 0.052582	RUL_Loss: 0.027446	mmd_Loss: 0.026515	l1_Loss: 0.004731
Train source2 iter: 40 [(22%)]	Loss: 0.053409	RUL_Loss: 0.023186	mmd_Loss: 0.032859	l1_Loss: 0.004710
Train source1 iter: 50 [(28%)]	Loss: 0.055367	RUL_Loss: 0.025557	mmd_Loss: 0.028632	l1_Loss: 0.005131
Train source2 iter: 50 [(28%)]	Loss: 0.054177	RUL_Loss: 0.024325	mmd_Loss: 0.029057	l1_Loss: 0.004752
Train source1 iter: 60 [(33%)]	Loss: 0.059491	RUL_Loss: 0.025402	mmd_Loss: 0.031607	l1_Loss: 0.005005
Train source2 iter: 60 [(33%)]	Loss: 0.053299	RUL_Loss: 0.020444	mmd_Loss: 0.030528	l1_Loss: 0.004758
Train source1 iter: 70 [(39%)]	Loss: 0.058638	RUL_Loss: 0.027579	mmd_Loss: 0.028170	l1_Loss: 0.004187
Train source2 iter: 70 [(39%)]	Loss: 0.053761	RUL_Loss: 0.020694	mmd_Loss: 0.030476	l1_Loss: 0.003973
Train source1 iter: 80 [(44%)]	Loss: 0.058749	RUL_Loss: 0.026943	mmd_Loss: 0.028134	l1_Loss: 0.004428
Train source2 iter: 80 [(44%)]	Loss: 0.051216	RUL_Loss: 0.019252	mmd_Loss: 0.028189	l1_Loss: 0.004536
Train source1 iter: 90 [(50%)]	Loss: 0.059553	RUL_Loss: 0.022846	mmd_Loss: 0.032650	l1_Loss: 0.004554
Train source2 iter: 90 [(50%)]	Loss: 0.059155	RUL_Loss: 0.023267	mmd_Loss: 0.031632	l1_Loss: 0.004743
Train source1 iter: 100 [(56%)]	Loss: 0.067045	RUL_Loss: 0.029069	mmd_Loss: 0.032825	l1_Loss: 0.005445
Train source2 iter: 100 [(56%)]	Loss: 0.056973	RUL_Loss: 0.024582	mmd_Loss: 0.028317	l1_Loss: 0.004325
Train source1 iter: 110 [(61%)]	Loss: 0.069826	RUL_Loss: 0.032793	mmd_Loss: 0.032670	l1_Loss: 0.004527
Train source2 iter: 110 [(61%)]	Loss: 0.054287	RUL_Loss: 0.021288	mmd_Loss: 0.028954	l1_Loss: 0.004191
Train source1 iter: 120 [(67%)]	Loss: 0.062627	RUL_Loss: 0.027584	mmd_Loss: 0.030655	l1_Loss: 0.004478
Train source2 iter: 120 [(67%)]	Loss: 0.058662	RUL_Loss: 0.024761	mmd_Loss: 0.029113	l1_Loss: 0.004874
Train source1 iter: 130 [(72%)]	Loss: 0.063710	RUL_Loss: 0.026832	mmd_Loss: 0.032424	l1_Loss: 0.004507
Train source2 iter: 130 [(72%)]	Loss: 0.057475	RUL_Loss: 0.023914	mmd_Loss: 0.028600	l1_Loss: 0.005010
Train source1 iter: 140 [(78%)]	Loss: 0.061388	RUL_Loss: 0.023830	mmd_Loss: 0.032783	l1_Loss: 0.004807
Train source2 iter: 140 [(78%)]	Loss: 0.056217	RUL_Loss: 0.025664	mmd_Loss: 0.026096	l1_Loss: 0.004483
Train source1 iter: 150 [(83%)]	Loss: 0.061898	RUL_Loss: 0.025093	mmd_Loss: 0.031567	l1_Loss: 0.005256
Train source2 iter: 150 [(83%)]	Loss: 0.055401	RUL_Loss: 0.022098	mmd_Loss: 0.028618	l1_Loss: 0.004701
Train source1 iter: 160 [(89%)]	Loss: 0.069679	RUL_Loss: 0.028272	mmd_Loss: 0.036938	l1_Loss: 0.004480
Train source2 iter: 160 [(89%)]	Loss: 0.058091	RUL_Loss: 0.021536	mmd_Loss: 0.032162	l1_Loss: 0.004402
Train source1 iter: 170 [(94%)]	Loss: 0.062606	RUL_Loss: 0.027827	mmd_Loss: 0.029953	l1_Loss: 0.004831
Train source2 iter: 170 [(94%)]	Loss: 0.052444	RUL_Loss: 0.020010	mmd_Loss: 0.027566	l1_Loss: 0.004873
Train epochs:5.000000	
Train source1 iter: 10 [(6%)]	Loss: 0.036649	RUL_Loss: 0.027087	mmd_Loss: 0.028083	l1_Loss: 0.007221
Train source2 iter: 10 [(6%)]	Loss: 0.033622	RUL_Loss: 0.023833	mmd_Loss: 0.027733	l1_Loss: 0.008408
Train source1 iter: 20 [(11%)]	Loss: 0.043422	RUL_Loss: 0.025955	mmd_Loss: 0.029898	l1_Loss: 0.004711
Train source2 iter: 20 [(11%)]	Loss: 0.042419	RUL_Loss: 0.023760	mmd_Loss: 0.032485	l1_Loss: 0.004487
Train source1 iter: 30 [(17%)]	Loss: 0.049053	RUL_Loss: 0.027493	mmd_Loss: 0.027215	l1_Loss: 0.004386
Train source2 iter: 30 [(17%)]	Loss: 0.048895	RUL_Loss: 0.020655	mmd_Loss: 0.036498	l1_Loss: 0.004894
Train source1 iter: 40 [(22%)]	Loss: 0.058215	RUL_Loss: 0.031825	mmd_Loss: 0.027564	l1_Loss: 0.005241
Train source2 iter: 40 [(22%)]	Loss: 0.045301	RUL_Loss: 0.020139	mmd_Loss: 0.026577	l1_Loss: 0.004700
Train source1 iter: 50 [(28%)]	Loss: 0.061259	RUL_Loss: 0.028056	mmd_Loss: 0.033131	l1_Loss: 0.004475
Train source2 iter: 50 [(28%)]	Loss: 0.055154	RUL_Loss: 0.022780	mmd_Loss: 0.031987	l1_Loss: 0.004680
Train source1 iter: 60 [(33%)]	Loss: 0.054851	RUL_Loss: 0.023602	mmd_Loss: 0.029572	l1_Loss: 0.003989
Train source2 iter: 60 [(33%)]	Loss: 0.052569	RUL_Loss: 0.022184	mmd_Loss: 0.029030	l1_Loss: 0.003603
Train source1 iter: 70 [(39%)]	Loss: 0.051069	RUL_Loss: 0.022420	mmd_Loss: 0.026078	l1_Loss: 0.003768
Train source2 iter: 70 [(39%)]	Loss: 0.057581	RUL_Loss: 0.026369	mmd_Loss: 0.028108	l1_Loss: 0.004409
Train source1 iter: 80 [(44%)]	Loss: 0.055490	RUL_Loss: 0.026223	mmd_Loss: 0.025283	l1_Loss: 0.004680
Train source2 iter: 80 [(44%)]	Loss: 0.050735	RUL_Loss: 0.023586	mmd_Loss: 0.023335	l1_Loss: 0.004460
Train source1 iter: 90 [(50%)]	Loss: 0.062887	RUL_Loss: 0.028504	mmd_Loss: 0.031118	l1_Loss: 0.003732
Train source2 iter: 90 [(50%)]	Loss: 0.053468	RUL_Loss: 0.021543	mmd_Loss: 0.028315	l1_Loss: 0.004043
Train source1 iter: 100 [(56%)]	Loss: 0.063303	RUL_Loss: 0.026985	mmd_Loss: 0.032332	l1_Loss: 0.004268
Train source2 iter: 100 [(56%)]	Loss: 0.060486	RUL_Loss: 0.025243	mmd_Loss: 0.031639	l1_Loss: 0.003877
Train source1 iter: 110 [(61%)]	Loss: 0.063355	RUL_Loss: 0.028736	mmd_Loss: 0.030534	l1_Loss: 0.004238
Train source2 iter: 110 [(61%)]	Loss: 0.062767	RUL_Loss: 0.025740	mmd_Loss: 0.031827	l1_Loss: 0.005365
Train source1 iter: 120 [(67%)]	Loss: 0.057117	RUL_Loss: 0.024516	mmd_Loss: 0.029012	l1_Loss: 0.003672
Train source2 iter: 120 [(67%)]	Loss: 0.059668	RUL_Loss: 0.026203	mmd_Loss: 0.029367	l1_Loss: 0.004184
Train source1 iter: 130 [(72%)]	Loss: 0.060900	RUL_Loss: 0.023183	mmd_Loss: 0.033774	l1_Loss: 0.003997
Train source2 iter: 130 [(72%)]	Loss: 0.050510	RUL_Loss: 0.018417	mmd_Loss: 0.027005	l1_Loss: 0.005135
Train source1 iter: 140 [(78%)]	Loss: 0.056886	RUL_Loss: 0.024838	mmd_Loss: 0.027921	l1_Loss: 0.004154
Train source2 iter: 140 [(78%)]	Loss: 0.056466	RUL_Loss: 0.019806	mmd_Loss: 0.032827	l1_Loss: 0.003863
Train source1 iter: 150 [(83%)]	Loss: 0.059335	RUL_Loss: 0.022139	mmd_Loss: 0.032625	l1_Loss: 0.004589
Train source2 iter: 150 [(83%)]	Loss: 0.064604	RUL_Loss: 0.023474	mmd_Loss: 0.036867	l1_Loss: 0.004283
Train source1 iter: 160 [(89%)]	Loss: 0.057321	RUL_Loss: 0.021888	mmd_Loss: 0.030934	l1_Loss: 0.004508
Train source2 iter: 160 [(89%)]	Loss: 0.050109	RUL_Loss: 0.020175	mmd_Loss: 0.025883	l1_Loss: 0.004059
Train source1 iter: 170 [(94%)]	Loss: 0.061863	RUL_Loss: 0.028221	mmd_Loss: 0.028925	l1_Loss: 0.004722
Train source2 iter: 170 [(94%)]	Loss: 0.054522	RUL_Loss: 0.018963	mmd_Loss: 0.031023	l1_Loss: 0.004542
Train epochs:6.000000	
Train source1 iter: 10 [(6%)]	Loss: 0.035747	RUL_Loss: 0.025493	mmd_Loss: 0.025248	l1_Loss: 0.012613
Train source2 iter: 10 [(6%)]	Loss: 0.032533	RUL_Loss: 0.022519	mmd_Loss: 0.027466	l1_Loss: 0.009508
Train source1 iter: 20 [(11%)]	Loss: 0.042063	RUL_Loss: 0.028221	mmd_Loss: 0.024055	l1_Loss: 0.003373
Train source2 iter: 20 [(11%)]	Loss: 0.035759	RUL_Loss: 0.020567	mmd_Loss: 0.026242	l1_Loss: 0.003859
Train source1 iter: 30 [(17%)]	Loss: 0.048615	RUL_Loss: 0.028141	mmd_Loss: 0.026097	l1_Loss: 0.003913
Train source2 iter: 30 [(17%)]	Loss: 0.039698	RUL_Loss: 0.019481	mmd_Loss: 0.025772	l1_Loss: 0.003860
Train source1 iter: 40 [(22%)]	Loss: 0.046744	RUL_Loss: 0.024378	mmd_Loss: 0.024717	l1_Loss: 0.003085
Train source2 iter: 40 [(22%)]	Loss: 0.045072	RUL_Loss: 0.020515	mmd_Loss: 0.026626	l1_Loss: 0.003901
Train source1 iter: 50 [(28%)]	Loss: 0.051104	RUL_Loss: 0.027395	mmd_Loss: 0.023464	l1_Loss: 0.003389
Train source2 iter: 50 [(28%)]	Loss: 0.042534	RUL_Loss: 0.018755	mmd_Loss: 0.022759	l1_Loss: 0.004174
Train source1 iter: 60 [(33%)]	Loss: 0.055528	RUL_Loss: 0.026442	mmd_Loss: 0.027209	l1_Loss: 0.004029
Train source2 iter: 60 [(33%)]	Loss: 0.044860	RUL_Loss: 0.019497	mmd_Loss: 0.023530	l1_Loss: 0.003710
Train source1 iter: 70 [(39%)]	Loss: 0.050477	RUL_Loss: 0.025380	mmd_Loss: 0.022442	l1_Loss: 0.003703
Train source2 iter: 70 [(39%)]	Loss: 0.049166	RUL_Loss: 0.021498	mmd_Loss: 0.024958	l1_Loss: 0.003867
Train source1 iter: 80 [(44%)]	Loss: 0.060318	RUL_Loss: 0.024737	mmd_Loss: 0.032406	l1_Loss: 0.004021
Train source2 iter: 80 [(44%)]	Loss: 0.051662	RUL_Loss: 0.022708	mmd_Loss: 0.025471	l1_Loss: 0.004171
Train source1 iter: 90 [(50%)]	Loss: 0.052242	RUL_Loss: 0.025805	mmd_Loss: 0.022662	l1_Loss: 0.004134
Train source2 iter: 90 [(50%)]	Loss: 0.053271	RUL_Loss: 0.023287	mmd_Loss: 0.027069	l1_Loss: 0.003322
Train source1 iter: 100 [(56%)]	Loss: 0.052743	RUL_Loss: 0.025030	mmd_Loss: 0.024028	l1_Loss: 0.003900
Train source2 iter: 100 [(56%)]	Loss: 0.046299	RUL_Loss: 0.017422	mmd_Loss: 0.025204	l1_Loss: 0.003897
Train source1 iter: 110 [(61%)]	Loss: 0.052358	RUL_Loss: 0.024252	mmd_Loss: 0.024375	l1_Loss: 0.003855
Train source2 iter: 110 [(61%)]	Loss: 0.059450	RUL_Loss: 0.026484	mmd_Loss: 0.028963	l1_Loss: 0.004149
Train source1 iter: 120 [(67%)]	Loss: 0.052359	RUL_Loss: 0.021883	mmd_Loss: 0.027118	l1_Loss: 0.003436
Train source2 iter: 120 [(67%)]	Loss: 0.051769	RUL_Loss: 0.023732	mmd_Loss: 0.024501	l1_Loss: 0.003607
Train source1 iter: 130 [(72%)]	Loss: 0.061208	RUL_Loss: 0.030349	mmd_Loss: 0.026723	l1_Loss: 0.004181
Train source2 iter: 130 [(72%)]	Loss: 0.051349	RUL_Loss: 0.023338	mmd_Loss: 0.024139	l1_Loss: 0.003913
Train source1 iter: 140 [(78%)]	Loss: 0.053798	RUL_Loss: 0.026580	mmd_Loss: 0.023647	l1_Loss: 0.003594
Train source2 iter: 140 [(78%)]	Loss: 0.048924	RUL_Loss: 0.020366	mmd_Loss: 0.024748	l1_Loss: 0.003834
Train source1 iter: 150 [(83%)]	Loss: 0.052202	RUL_Loss: 0.023295	mmd_Loss: 0.024612	l1_Loss: 0.004309
Train source2 iter: 150 [(83%)]	Loss: 0.046207	RUL_Loss: 0.021175	mmd_Loss: 0.021731	l1_Loss: 0.003314
Train source1 iter: 160 [(89%)]	Loss: 0.054823	RUL_Loss: 0.027227	mmd_Loss: 0.023988	l1_Loss: 0.003615
Train source2 iter: 160 [(89%)]	Loss: 0.047973	RUL_Loss: 0.018902	mmd_Loss: 0.025339	l1_Loss: 0.003740
Train source1 iter: 170 [(94%)]	Loss: 0.061470	RUL_Loss: 0.032165	mmd_Loss: 0.025605	l1_Loss: 0.003705
Train source2 iter: 170 [(94%)]	Loss: 0.052662	RUL_Loss: 0.024500	mmd_Loss: 0.024440	l1_Loss: 0.003727
Train epochs:7.000000	
Train source1 iter: 10 [(6%)]	Loss: 0.040024	RUL_Loss: 0.030342	mmd_Loss: 0.024390	l1_Loss: 0.011356
Train source2 iter: 10 [(6%)]	Loss: 0.036869	RUL_Loss: 0.025791	mmd_Loss: 0.030798	l1_Loss: 0.010107
Train source1 iter: 20 [(11%)]	Loss: 0.042842	RUL_Loss: 0.027407	mmd_Loss: 0.026495	l1_Loss: 0.004088
Train source2 iter: 20 [(11%)]	Loss: 0.039335	RUL_Loss: 0.024981	mmd_Loss: 0.024718	l1_Loss: 0.003724
Train source1 iter: 30 [(17%)]	Loss: 0.043879	RUL_Loss: 0.024787	mmd_Loss: 0.024591	l1_Loss: 0.003393
Train source2 iter: 30 [(17%)]	Loss: 0.036172	RUL_Loss: 0.018194	mmd_Loss: 0.022432	l1_Loss: 0.003918
Train source1 iter: 40 [(22%)]	Loss: 0.049511	RUL_Loss: 0.026420	mmd_Loss: 0.025337	l1_Loss: 0.003367
Train source2 iter: 40 [(22%)]	Loss: 0.042433	RUL_Loss: 0.020494	mmd_Loss: 0.023319	l1_Loss: 0.003952
Train source1 iter: 50 [(28%)]	Loss: 0.049141	RUL_Loss: 0.026495	mmd_Loss: 0.022080	l1_Loss: 0.003569
Train source2 iter: 50 [(28%)]	Loss: 0.045048	RUL_Loss: 0.019407	mmd_Loss: 0.025376	l1_Loss: 0.003666
Train source1 iter: 60 [(33%)]	Loss: 0.052117	RUL_Loss: 0.026281	mmd_Loss: 0.024222	l1_Loss: 0.003526
Train source2 iter: 60 [(33%)]	Loss: 0.048270	RUL_Loss: 0.023304	mmd_Loss: 0.022910	l1_Loss: 0.003904
Train source1 iter: 70 [(39%)]	Loss: 0.056589	RUL_Loss: 0.029941	mmd_Loss: 0.024098	l1_Loss: 0.003665
Train source2 iter: 70 [(39%)]	Loss: 0.046387	RUL_Loss: 0.019994	mmd_Loss: 0.024518	l1_Loss: 0.002978
Train source1 iter: 80 [(44%)]	Loss: 0.053281	RUL_Loss: 0.027465	mmd_Loss: 0.023364	l1_Loss: 0.003065
Train source2 iter: 80 [(44%)]	Loss: 0.057140	RUL_Loss: 0.026662	mmd_Loss: 0.027201	l1_Loss: 0.004001
Train source1 iter: 90 [(50%)]	Loss: 0.053201	RUL_Loss: 0.025644	mmd_Loss: 0.024287	l1_Loss: 0.003644
Train source2 iter: 90 [(50%)]	Loss: 0.048658	RUL_Loss: 0.022429	mmd_Loss: 0.023546	l1_Loss: 0.003038
Train source1 iter: 100 [(56%)]	Loss: 0.051988	RUL_Loss: 0.025424	mmd_Loss: 0.022557	l1_Loss: 0.004214
Train source2 iter: 100 [(56%)]	Loss: 0.051790	RUL_Loss: 0.024232	mmd_Loss: 0.024352	l1_Loss: 0.003420
Train source1 iter: 110 [(61%)]	Loss: 0.053021	RUL_Loss: 0.027037	mmd_Loss: 0.023249	l1_Loss: 0.002850
Train source2 iter: 110 [(61%)]	Loss: 0.053485	RUL_Loss: 0.021945	mmd_Loss: 0.028119	l1_Loss: 0.003561
Train source1 iter: 120 [(67%)]	Loss: 0.051328	RUL_Loss: 0.025609	mmd_Loss: 0.022211	l1_Loss: 0.003574
Train source2 iter: 120 [(67%)]	Loss: 0.049406	RUL_Loss: 0.023835	mmd_Loss: 0.022292	l1_Loss: 0.003345
Train source1 iter: 130 [(72%)]	Loss: 0.052652	RUL_Loss: 0.025424	mmd_Loss: 0.024480	l1_Loss: 0.002788
Train source2 iter: 130 [(72%)]	Loss: 0.053128	RUL_Loss: 0.024780	mmd_Loss: 0.025033	l1_Loss: 0.003358
Train source1 iter: 140 [(78%)]	Loss: 0.055352	RUL_Loss: 0.026362	mmd_Loss: 0.025141	l1_Loss: 0.003872
Train source2 iter: 140 [(78%)]	Loss: 0.052195	RUL_Loss: 0.025726	mmd_Loss: 0.022631	l1_Loss: 0.003860
Train source1 iter: 150 [(83%)]	Loss: 0.051931	RUL_Loss: 0.027027	mmd_Loss: 0.020930	l1_Loss: 0.003986
Train source2 iter: 150 [(83%)]	Loss: 0.050025	RUL_Loss: 0.021681	mmd_Loss: 0.024656	l1_Loss: 0.003701
Train source1 iter: 160 [(89%)]	Loss: 0.056495	RUL_Loss: 0.028633	mmd_Loss: 0.024698	l1_Loss: 0.003172
Train source2 iter: 160 [(89%)]	Loss: 0.046065	RUL_Loss: 0.020074	mmd_Loss: 0.021840	l1_Loss: 0.004159
Train source1 iter: 170 [(94%)]	Loss: 0.054005	RUL_Loss: 0.026193	mmd_Loss: 0.024102	l1_Loss: 0.003715
Train source2 iter: 170 [(94%)]	Loss: 0.055987	RUL_Loss: 0.023815	mmd_Loss: 0.028298	l1_Loss: 0.003880
Train epochs:8.000000	
Train source1 iter: 10 [(6%)]	Loss: 0.034154	RUL_Loss: 0.025849	mmd_Loss: 0.025692	l1_Loss: 0.004972
Train source2 iter: 10 [(6%)]	Loss: 0.030855	RUL_Loss: 0.022784	mmd_Loss: 0.024855	l1_Loss: 0.004944
Train source1 iter: 20 [(11%)]	Loss: 0.039997	RUL_Loss: 0.026439	mmd_Loss: 0.022509	l1_Loss: 0.004356
Train source2 iter: 20 [(11%)]	Loss: 0.033952	RUL_Loss: 0.020590	mmd_Loss: 0.022182	l1_Loss: 0.004294
Train source1 iter: 30 [(17%)]	Loss: 0.041306	RUL_Loss: 0.022899	mmd_Loss: 0.023159	l1_Loss: 0.003820
Train source2 iter: 30 [(17%)]	Loss: 0.045454	RUL_Loss: 0.025222	mmd_Loss: 0.024265	l1_Loss: 0.005389
Train source1 iter: 40 [(22%)]	Loss: 0.047198	RUL_Loss: 0.023918	mmd_Loss: 0.024661	l1_Loss: 0.004278
Train source2 iter: 40 [(22%)]	Loss: 0.046484	RUL_Loss: 0.022540	mmd_Loss: 0.025464	l1_Loss: 0.004301
Train source1 iter: 50 [(28%)]	Loss: 0.049581	RUL_Loss: 0.023473	mmd_Loss: 0.025233	l1_Loss: 0.004338
Train source2 iter: 50 [(28%)]	Loss: 0.048263	RUL_Loss: 0.025093	mmd_Loss: 0.022001	l1_Loss: 0.004242
Train source1 iter: 60 [(33%)]	Loss: 0.052596	RUL_Loss: 0.027447	mmd_Loss: 0.022909	l1_Loss: 0.004101
Train source2 iter: 60 [(33%)]	Loss: 0.047964	RUL_Loss: 0.018797	mmd_Loss: 0.027068	l1_Loss: 0.004257
Train source1 iter: 70 [(39%)]	Loss: 0.053057	RUL_Loss: 0.027433	mmd_Loss: 0.022553	l1_Loss: 0.004141
Train source2 iter: 70 [(39%)]	Loss: 0.050707	RUL_Loss: 0.017032	mmd_Loss: 0.030508	l1_Loss: 0.004574
Train source1 iter: 80 [(44%)]	Loss: 0.051022	RUL_Loss: 0.021790	mmd_Loss: 0.025331	l1_Loss: 0.004595
Train source2 iter: 80 [(44%)]	Loss: 0.045112	RUL_Loss: 0.017915	mmd_Loss: 0.023692	l1_Loss: 0.004151
Train source1 iter: 90 [(50%)]	Loss: 0.051417	RUL_Loss: 0.025869	mmd_Loss: 0.021672	l1_Loss: 0.004222
Train source2 iter: 90 [(50%)]	Loss: 0.053252	RUL_Loss: 0.022376	mmd_Loss: 0.027122	l1_Loss: 0.004173
Train source1 iter: 100 [(56%)]	Loss: 0.055066	RUL_Loss: 0.029320	mmd_Loss: 0.021833	l1_Loss: 0.004113
Train source2 iter: 100 [(56%)]	Loss: 0.051414	RUL_Loss: 0.022048	mmd_Loss: 0.024758	l1_Loss: 0.004837
Train source1 iter: 110 [(61%)]	Loss: 0.055757	RUL_Loss: 0.026383	mmd_Loss: 0.024614	l1_Loss: 0.004892
Train source2 iter: 110 [(61%)]	Loss: 0.055252	RUL_Loss: 0.021553	mmd_Loss: 0.029215	l1_Loss: 0.004634
Train source1 iter: 120 [(67%)]	Loss: 0.050797	RUL_Loss: 0.025065	mmd_Loss: 0.021465	l1_Loss: 0.004333
Train source2 iter: 120 [(67%)]	Loss: 0.055857	RUL_Loss: 0.024799	mmd_Loss: 0.026715	l1_Loss: 0.004422
Train source1 iter: 130 [(72%)]	Loss: 0.053619	RUL_Loss: 0.027910	mmd_Loss: 0.020892	l1_Loss: 0.004855
Train source2 iter: 130 [(72%)]	Loss: 0.048297	RUL_Loss: 0.019368	mmd_Loss: 0.024397	l1_Loss: 0.004574
Train source1 iter: 140 [(78%)]	Loss: 0.051221	RUL_Loss: 0.021584	mmd_Loss: 0.025845	l1_Loss: 0.003817
Train source2 iter: 140 [(78%)]	Loss: 0.049395	RUL_Loss: 0.020462	mmd_Loss: 0.024910	l1_Loss: 0.004047
Train source1 iter: 150 [(83%)]	Loss: 0.059340	RUL_Loss: 0.025547	mmd_Loss: 0.029839	l1_Loss: 0.003970
Train source2 iter: 150 [(83%)]	Loss: 0.052550	RUL_Loss: 0.025127	mmd_Loss: 0.022496	l1_Loss: 0.004940
Train source1 iter: 160 [(89%)]	Loss: 0.055610	RUL_Loss: 0.027999	mmd_Loss: 0.023779	l1_Loss: 0.003840
Train source2 iter: 160 [(89%)]	Loss: 0.050630	RUL_Loss: 0.021521	mmd_Loss: 0.024631	l1_Loss: 0.004486
Train source1 iter: 170 [(94%)]	Loss: 0.053520	RUL_Loss: 0.027267	mmd_Loss: 0.022265	l1_Loss: 0.003992
Train source2 iter: 170 [(94%)]	Loss: 0.054438	RUL_Loss: 0.021084	mmd_Loss: 0.028600	l1_Loss: 0.004759
Train epochs:9.000000	
Train source1 iter: 10 [(6%)]	Loss: 0.036793	RUL_Loss: 0.027699	mmd_Loss: 0.027979	l1_Loss: 0.005596
Train source2 iter: 10 [(6%)]	Loss: 0.034194	RUL_Loss: 0.025762	mmd_Loss: 0.026958	l1_Loss: 0.004172
Train source1 iter: 20 [(11%)]	Loss: 0.038304	RUL_Loss: 0.023817	mmd_Loss: 0.025797	l1_Loss: 0.002910
Train source2 iter: 20 [(11%)]	Loss: 0.033223	RUL_Loss: 0.021089	mmd_Loss: 0.021112	l1_Loss: 0.002931
Train source1 iter: 30 [(17%)]	Loss: 0.046199	RUL_Loss: 0.029456	mmd_Loss: 0.021024	l1_Loss: 0.003516
Train source2 iter: 30 [(17%)]	Loss: 0.038744	RUL_Loss: 0.021328	mmd_Loss: 0.022347	l1_Loss: 0.003179
Train source1 iter: 40 [(22%)]	Loss: 0.050428	RUL_Loss: 0.026628	mmd_Loss: 0.026382	l1_Loss: 0.003203
Train source2 iter: 40 [(22%)]	Loss: 0.042789	RUL_Loss: 0.021041	mmd_Loss: 0.023617	l1_Loss: 0.003419
Train source1 iter: 50 [(28%)]	Loss: 0.049899	RUL_Loss: 0.027324	mmd_Loss: 0.022404	l1_Loss: 0.003165
Train source2 iter: 50 [(28%)]	Loss: 0.052224	RUL_Loss: 0.030032	mmd_Loss: 0.022052	l1_Loss: 0.003083
Train source1 iter: 60 [(33%)]	Loss: 0.058297	RUL_Loss: 0.031717	mmd_Loss: 0.025615	l1_Loss: 0.002931
Train source2 iter: 60 [(33%)]	Loss: 0.049597	RUL_Loss: 0.024496	mmd_Loss: 0.023939	l1_Loss: 0.003019
Train source1 iter: 70 [(39%)]	Loss: 0.056670	RUL_Loss: 0.027956	mmd_Loss: 0.025995	l1_Loss: 0.003919
Train source2 iter: 70 [(39%)]	Loss: 0.044924	RUL_Loss: 0.020699	mmd_Loss: 0.022045	l1_Loss: 0.003193
Train source1 iter: 80 [(44%)]	Loss: 0.049970	RUL_Loss: 0.025151	mmd_Loss: 0.022420	l1_Loss: 0.002988
Train source2 iter: 80 [(44%)]	Loss: 0.056926	RUL_Loss: 0.030910	mmd_Loss: 0.023354	l1_Loss: 0.003280
Train source1 iter: 90 [(50%)]	Loss: 0.049886	RUL_Loss: 0.024332	mmd_Loss: 0.022737	l1_Loss: 0.003164
Train source2 iter: 90 [(50%)]	Loss: 0.048016	RUL_Loss: 0.023888	mmd_Loss: 0.021243	l1_Loss: 0.003213
Train source1 iter: 100 [(56%)]	Loss: 0.060594	RUL_Loss: 0.031254	mmd_Loss: 0.025869	l1_Loss: 0.003698
Train source2 iter: 100 [(56%)]	Loss: 0.047224	RUL_Loss: 0.020651	mmd_Loss: 0.023233	l1_Loss: 0.003546
Train source1 iter: 110 [(61%)]	Loss: 0.049722	RUL_Loss: 0.024277	mmd_Loss: 0.022453	l1_Loss: 0.003106
Train source2 iter: 110 [(61%)]	Loss: 0.047025	RUL_Loss: 0.023188	mmd_Loss: 0.021688	l1_Loss: 0.002255
Train source1 iter: 120 [(67%)]	Loss: 0.052983	RUL_Loss: 0.024525	mmd_Loss: 0.025295	l1_Loss: 0.003235
Train source2 iter: 120 [(67%)]	Loss: 0.046269	RUL_Loss: 0.021553	mmd_Loss: 0.021397	l1_Loss: 0.003382
Train source1 iter: 130 [(72%)]	Loss: 0.057998	RUL_Loss: 0.027355	mmd_Loss: 0.027499	l1_Loss: 0.003189
Train source2 iter: 130 [(72%)]	Loss: 0.046409	RUL_Loss: 0.021106	mmd_Loss: 0.022366	l1_Loss: 0.002974
Train source1 iter: 140 [(78%)]	Loss: 0.058587	RUL_Loss: 0.030516	mmd_Loss: 0.024843	l1_Loss: 0.003252
Train source2 iter: 140 [(78%)]	Loss: 0.054268	RUL_Loss: 0.022251	mmd_Loss: 0.028435	l1_Loss: 0.003609
Train source1 iter: 150 [(83%)]	Loss: 0.055640	RUL_Loss: 0.028819	mmd_Loss: 0.023814	l1_Loss: 0.003020
Train source2 iter: 150 [(83%)]	Loss: 0.052495	RUL_Loss: 0.024674	mmd_Loss: 0.024169	l1_Loss: 0.003666
Train source1 iter: 160 [(89%)]	Loss: 0.056438	RUL_Loss: 0.027507	mmd_Loss: 0.025731	l1_Loss: 0.003208
Train source2 iter: 160 [(89%)]	Loss: 0.050165	RUL_Loss: 0.023633	mmd_Loss: 0.023125	l1_Loss: 0.003414
Train source1 iter: 170 [(94%)]	Loss: 0.056452	RUL_Loss: 0.026602	mmd_Loss: 0.026901	l1_Loss: 0.002954
Train source2 iter: 170 [(94%)]	Loss: 0.047868	RUL_Loss: 0.022078	mmd_Loss: 0.021897	l1_Loss: 0.003897
Train epochs:10.000000	
Train source1 iter: 10 [(6%)]	Loss: 0.040030	RUL_Loss: 0.029677	mmd_Loss: 0.022531	l1_Loss: 0.015694
Train source2 iter: 10 [(6%)]	Loss: 0.033266	RUL_Loss: 0.024173	mmd_Loss: 0.020512	l1_Loss: 0.013062
Train source1 iter: 20 [(11%)]	Loss: 0.037621	RUL_Loss: 0.024710	mmd_Loss: 0.021862	l1_Loss: 0.003722
Train source2 iter: 20 [(11%)]	Loss: 0.037229	RUL_Loss: 0.024254	mmd_Loss: 0.022491	l1_Loss: 0.003219
Train source1 iter: 30 [(17%)]	Loss: 0.049169	RUL_Loss: 0.032858	mmd_Loss: 0.020278	l1_Loss: 0.003628
Train source2 iter: 30 [(17%)]	Loss: 0.039929	RUL_Loss: 0.022942	mmd_Loss: 0.021403	l1_Loss: 0.003495
Train source1 iter: 40 [(22%)]	Loss: 0.042666	RUL_Loss: 0.024265	mmd_Loss: 0.019627	l1_Loss: 0.003246
Train source2 iter: 40 [(22%)]	Loss: 0.040579	RUL_Loss: 0.020536	mmd_Loss: 0.021752	l1_Loss: 0.003163
Train source1 iter: 50 [(28%)]	Loss: 0.053039	RUL_Loss: 0.030829	mmd_Loss: 0.021815	l1_Loss: 0.003340
Train source2 iter: 50 [(28%)]	Loss: 0.045401	RUL_Loss: 0.021749	mmd_Loss: 0.023134	l1_Loss: 0.003654
Train source1 iter: 60 [(33%)]	Loss: 0.051370	RUL_Loss: 0.027958	mmd_Loss: 0.021513	l1_Loss: 0.003631
Train source2 iter: 60 [(33%)]	Loss: 0.048454	RUL_Loss: 0.022908	mmd_Loss: 0.023837	l1_Loss: 0.003599
Train source1 iter: 70 [(39%)]	Loss: 0.051291	RUL_Loss: 0.027465	mmd_Loss: 0.021701	l1_Loss: 0.003121
Train source2 iter: 70 [(39%)]	Loss: 0.051766	RUL_Loss: 0.023070	mmd_Loss: 0.026532	l1_Loss: 0.003364
Train source1 iter: 80 [(44%)]	Loss: 0.049487	RUL_Loss: 0.025455	mmd_Loss: 0.020525	l1_Loss: 0.004079
Train source2 iter: 80 [(44%)]	Loss: 0.044472	RUL_Loss: 0.021241	mmd_Loss: 0.020944	l1_Loss: 0.002840
Train source1 iter: 90 [(50%)]	Loss: 0.050442	RUL_Loss: 0.026309	mmd_Loss: 0.021148	l1_Loss: 0.003313
Train source2 iter: 90 [(50%)]	Loss: 0.046744	RUL_Loss: 0.022628	mmd_Loss: 0.020752	l1_Loss: 0.003690
Train source1 iter: 100 [(56%)]	Loss: 0.048945	RUL_Loss: 0.023405	mmd_Loss: 0.021789	l1_Loss: 0.003949
Train source2 iter: 100 [(56%)]	Loss: 0.044634	RUL_Loss: 0.020319	mmd_Loss: 0.020794	l1_Loss: 0.003710
Train source1 iter: 110 [(61%)]	Loss: 0.052494	RUL_Loss: 0.026741	mmd_Loss: 0.022035	l1_Loss: 0.003832
Train source2 iter: 110 [(61%)]	Loss: 0.047108	RUL_Loss: 0.021961	mmd_Loss: 0.021664	l1_Loss: 0.003595
Train source1 iter: 120 [(67%)]	Loss: 0.049603	RUL_Loss: 0.024836	mmd_Loss: 0.021583	l1_Loss: 0.003248
Train source2 iter: 120 [(67%)]	Loss: 0.048101	RUL_Loss: 0.024211	mmd_Loss: 0.020481	l1_Loss: 0.003470
Train source1 iter: 130 [(72%)]	Loss: 0.052813	RUL_Loss: 0.026018	mmd_Loss: 0.022919	l1_Loss: 0.003916
Train source2 iter: 130 [(72%)]	Loss: 0.047421	RUL_Loss: 0.021897	mmd_Loss: 0.021793	l1_Loss: 0.003767
Train source1 iter: 140 [(78%)]	Loss: 0.049874	RUL_Loss: 0.021916	mmd_Loss: 0.024325	l1_Loss: 0.003656
Train source2 iter: 140 [(78%)]	Loss: 0.055518	RUL_Loss: 0.027851	mmd_Loss: 0.024185	l1_Loss: 0.003505
Train source1 iter: 150 [(83%)]	Loss: 0.052946	RUL_Loss: 0.027580	mmd_Loss: 0.021626	l1_Loss: 0.003752
Train source2 iter: 150 [(83%)]	Loss: 0.050300	RUL_Loss: 0.020572	mmd_Loss: 0.026581	l1_Loss: 0.003161
Train source1 iter: 160 [(89%)]	Loss: 0.054142	RUL_Loss: 0.026378	mmd_Loss: 0.024773	l1_Loss: 0.002998
Train source2 iter: 160 [(89%)]	Loss: 0.044641	RUL_Loss: 0.020328	mmd_Loss: 0.020977	l1_Loss: 0.003343
Train source1 iter: 170 [(94%)]	Loss: 0.050399	RUL_Loss: 0.026215	mmd_Loss: 0.020116	l1_Loss: 0.004072
Train source2 iter: 170 [(94%)]	Loss: 0.046346	RUL_Loss: 0.020401	mmd_Loss: 0.022000	l1_Loss: 0.003949
Train epochs:11.000000	
Train source1 iter: 10 [(6%)]	Loss: 0.034155	RUL_Loss: 0.026594	mmd_Loss: 0.020305	l1_Loss: 0.007609
Train source2 iter: 10 [(6%)]	Loss: 0.031795	RUL_Loss: 0.022907	mmd_Loss: 0.025192	l1_Loss: 0.007625
Train source1 iter: 20 [(11%)]	Loss: 0.038412	RUL_Loss: 0.027309	mmd_Loss: 0.017829	l1_Loss: 0.004173
Train source2 iter: 20 [(11%)]	Loss: 0.036721	RUL_Loss: 0.024887	mmd_Loss: 0.019770	l1_Loss: 0.003678
Train source1 iter: 30 [(17%)]	Loss: 0.043522	RUL_Loss: 0.026179	mmd_Loss: 0.021546	l1_Loss: 0.003874
Train source2 iter: 30 [(17%)]	Loss: 0.043979	RUL_Loss: 0.027375	mmd_Loss: 0.020632	l1_Loss: 0.003705
Train source1 iter: 40 [(22%)]	Loss: 0.050397	RUL_Loss: 0.031002	mmd_Loss: 0.020589	l1_Loss: 0.003521
Train source2 iter: 40 [(22%)]	Loss: 0.042042	RUL_Loss: 0.024461	mmd_Loss: 0.017628	l1_Loss: 0.004227
Train source1 iter: 50 [(28%)]	Loss: 0.042067	RUL_Loss: 0.021972	mmd_Loss: 0.019040	l1_Loss: 0.003719
Train source2 iter: 50 [(28%)]	Loss: 0.057737	RUL_Loss: 0.033513	mmd_Loss: 0.023686	l1_Loss: 0.003750
Train source1 iter: 60 [(33%)]	Loss: 0.048218	RUL_Loss: 0.026085	mmd_Loss: 0.020065	l1_Loss: 0.003706
Train source2 iter: 60 [(33%)]	Loss: 0.044079	RUL_Loss: 0.020249	mmd_Loss: 0.021913	l1_Loss: 0.003680
Train source1 iter: 70 [(39%)]	Loss: 0.048530	RUL_Loss: 0.023820	mmd_Loss: 0.021955	l1_Loss: 0.003787
Train source2 iter: 70 [(39%)]	Loss: 0.048030	RUL_Loss: 0.022876	mmd_Loss: 0.022833	l1_Loss: 0.003372
Train source1 iter: 80 [(44%)]	Loss: 0.052541	RUL_Loss: 0.028065	mmd_Loss: 0.021574	l1_Loss: 0.003484
Train source2 iter: 80 [(44%)]	Loss: 0.046331	RUL_Loss: 0.022214	mmd_Loss: 0.021638	l1_Loss: 0.003052
Train source1 iter: 90 [(50%)]	Loss: 0.052182	RUL_Loss: 0.026839	mmd_Loss: 0.021767	l1_Loss: 0.003919
Train source2 iter: 90 [(50%)]	Loss: 0.045510	RUL_Loss: 0.020583	mmd_Loss: 0.021416	l1_Loss: 0.003849
Train source1 iter: 100 [(56%)]	Loss: 0.046014	RUL_Loss: 0.021066	mmd_Loss: 0.021593	l1_Loss: 0.003548
Train source2 iter: 100 [(56%)]	Loss: 0.045618	RUL_Loss: 0.019388	mmd_Loss: 0.023128	l1_Loss: 0.003305
Train source1 iter: 110 [(61%)]	Loss: 0.050446	RUL_Loss: 0.025073	mmd_Loss: 0.021521	l1_Loss: 0.003965
Train source2 iter: 110 [(61%)]	Loss: 0.043570	RUL_Loss: 0.020423	mmd_Loss: 0.019677	l1_Loss: 0.003572
Train source1 iter: 120 [(67%)]	Loss: 0.048734	RUL_Loss: 0.024499	mmd_Loss: 0.020948	l1_Loss: 0.003349
Train source2 iter: 120 [(67%)]	Loss: 0.048855	RUL_Loss: 0.023296	mmd_Loss: 0.021613	l1_Loss: 0.004011
Train source1 iter: 130 [(72%)]	Loss: 0.050687	RUL_Loss: 0.025790	mmd_Loss: 0.021040	l1_Loss: 0.003893
Train source2 iter: 130 [(72%)]	Loss: 0.046518	RUL_Loss: 0.022634	mmd_Loss: 0.020107	l1_Loss: 0.003813
Train source1 iter: 140 [(78%)]	Loss: 0.049571	RUL_Loss: 0.024590	mmd_Loss: 0.021103	l1_Loss: 0.003899
Train source2 iter: 140 [(78%)]	Loss: 0.052090	RUL_Loss: 0.026623	mmd_Loss: 0.021364	l1_Loss: 0.004124
Train source1 iter: 150 [(83%)]	Loss: 0.046388	RUL_Loss: 0.024773	mmd_Loss: 0.017968	l1_Loss: 0.003658
Train source2 iter: 150 [(83%)]	Loss: 0.041751	RUL_Loss: 0.017219	mmd_Loss: 0.020780	l1_Loss: 0.003764
Train source1 iter: 160 [(89%)]	Loss: 0.048980	RUL_Loss: 0.024345	mmd_Loss: 0.020636	l1_Loss: 0.004006
Train source2 iter: 160 [(89%)]	Loss: 0.042562	RUL_Loss: 0.020427	mmd_Loss: 0.018391	l1_Loss: 0.003750
Train source1 iter: 170 [(94%)]	Loss: 0.047741	RUL_Loss: 0.023077	mmd_Loss: 0.020792	l1_Loss: 0.003876
Train source2 iter: 170 [(94%)]	Loss: 0.046504	RUL_Loss: 0.020374	mmd_Loss: 0.021703	l1_Loss: 0.004431
Train epochs:12.000000	
Train source1 iter: 10 [(6%)]	Loss: 0.028590	RUL_Loss: 0.022395	mmd_Loss: 0.018599	l1_Loss: 0.004273
Train source2 iter: 10 [(6%)]	Loss: 0.032339	RUL_Loss: 0.024840	mmd_Loss: 0.023660	l1_Loss: 0.004027
Train source1 iter: 20 [(11%)]	Loss: 0.039020	RUL_Loss: 0.026266	mmd_Loss: 0.022647	l1_Loss: 0.002624
Train source2 iter: 20 [(11%)]	Loss: 0.040920	RUL_Loss: 0.029012	mmd_Loss: 0.020188	l1_Loss: 0.003407
Train source1 iter: 30 [(17%)]	Loss: 0.042007	RUL_Loss: 0.026125	mmd_Loss: 0.020418	l1_Loss: 0.002859
Train source2 iter: 30 [(17%)]	Loss: 0.044135	RUL_Loss: 0.026595	mmd_Loss: 0.023131	l1_Loss: 0.002577
Train source1 iter: 40 [(22%)]	Loss: 0.049544	RUL_Loss: 0.029544	mmd_Loss: 0.022089	l1_Loss: 0.002772
Train source2 iter: 40 [(22%)]	Loss: 0.041610	RUL_Loss: 0.023477	mmd_Loss: 0.019327	l1_Loss: 0.003214
Train source1 iter: 50 [(28%)]	Loss: 0.048324	RUL_Loss: 0.025651	mmd_Loss: 0.022339	l1_Loss: 0.003340
Train source2 iter: 50 [(28%)]	Loss: 0.042925	RUL_Loss: 0.022198	mmd_Loss: 0.020331	l1_Loss: 0.003144
Train source1 iter: 60 [(33%)]	Loss: 0.044619	RUL_Loss: 0.024835	mmd_Loss: 0.018127	l1_Loss: 0.003120
Train source2 iter: 60 [(33%)]	Loss: 0.043677	RUL_Loss: 0.021046	mmd_Loss: 0.021276	l1_Loss: 0.003030
Train source1 iter: 70 [(39%)]	Loss: 0.042803	RUL_Loss: 0.021501	mmd_Loss: 0.019309	l1_Loss: 0.002883
Train source2 iter: 70 [(39%)]	Loss: 0.048171	RUL_Loss: 0.024058	mmd_Loss: 0.021859	l1_Loss: 0.003262
Train source1 iter: 80 [(44%)]	Loss: 0.049817	RUL_Loss: 0.025279	mmd_Loss: 0.022282	l1_Loss: 0.002839
Train source2 iter: 80 [(44%)]	Loss: 0.051020	RUL_Loss: 0.025229	mmd_Loss: 0.023674	l1_Loss: 0.002729
Train source1 iter: 90 [(50%)]	Loss: 0.042560	RUL_Loss: 0.020333	mmd_Loss: 0.019669	l1_Loss: 0.002861
Train source2 iter: 90 [(50%)]	Loss: 0.045616	RUL_Loss: 0.024072	mmd_Loss: 0.018539	l1_Loss: 0.003297
Train source1 iter: 100 [(56%)]	Loss: 0.049937	RUL_Loss: 0.026706	mmd_Loss: 0.019947	l1_Loss: 0.003464
Train source2 iter: 100 [(56%)]	Loss: 0.046195	RUL_Loss: 0.025774	mmd_Loss: 0.017859	l1_Loss: 0.002721
Train source1 iter: 110 [(61%)]	Loss: 0.045242	RUL_Loss: 0.022421	mmd_Loss: 0.020116	l1_Loss: 0.002806
Train source2 iter: 110 [(61%)]	Loss: 0.039153	RUL_Loss: 0.016589	mmd_Loss: 0.019451	l1_Loss: 0.003213
Train source1 iter: 120 [(67%)]	Loss: 0.049791	RUL_Loss: 0.028872	mmd_Loss: 0.017857	l1_Loss: 0.003116
Train source2 iter: 120 [(67%)]	Loss: 0.038937	RUL_Loss: 0.014927	mmd_Loss: 0.021492	l1_Loss: 0.002579
Train source1 iter: 130 [(72%)]	Loss: 0.047939	RUL_Loss: 0.024564	mmd_Loss: 0.020294	l1_Loss: 0.003115
Train source2 iter: 130 [(72%)]	Loss: 0.051305	RUL_Loss: 0.026704	mmd_Loss: 0.021785	l1_Loss: 0.002852
Train source1 iter: 140 [(78%)]	Loss: 0.048398	RUL_Loss: 0.026025	mmd_Loss: 0.019255	l1_Loss: 0.003137
Train source2 iter: 140 [(78%)]	Loss: 0.041124	RUL_Loss: 0.017324	mmd_Loss: 0.020890	l1_Loss: 0.002930
Train source1 iter: 150 [(83%)]	Loss: 0.053735	RUL_Loss: 0.028589	mmd_Loss: 0.022546	l1_Loss: 0.002611
Train source2 iter: 150 [(83%)]	Loss: 0.039508	RUL_Loss: 0.017548	mmd_Loss: 0.018969	l1_Loss: 0.003001
Train source1 iter: 160 [(89%)]	Loss: 0.050407	RUL_Loss: 0.027922	mmd_Loss: 0.019827	l1_Loss: 0.002665
Train source2 iter: 160 [(89%)]	Loss: 0.042401	RUL_Loss: 0.019450	mmd_Loss: 0.020035	l1_Loss: 0.002922
Train source1 iter: 170 [(94%)]	Loss: 0.048176	RUL_Loss: 0.025287	mmd_Loss: 0.019748	l1_Loss: 0.003145
Train source2 iter: 170 [(94%)]	Loss: 0.048209	RUL_Loss: 0.023595	mmd_Loss: 0.021911	l1_Loss: 0.002707
Train epochs:13.000000	
Train source1 iter: 10 [(6%)]	Loss: 0.038260	RUL_Loss: 0.029403	mmd_Loss: 0.023502	l1_Loss: 0.009198
Train source2 iter: 10 [(6%)]	Loss: 0.034788	RUL_Loss: 0.026020	mmd_Loss: 0.025854	l1_Loss: 0.006517
Train source1 iter: 20 [(11%)]	Loss: 0.037455	RUL_Loss: 0.024853	mmd_Loss: 0.021892	l1_Loss: 0.003078
Train source2 iter: 20 [(11%)]	Loss: 0.032645	RUL_Loss: 0.020474	mmd_Loss: 0.021354	l1_Loss: 0.002764
Train source1 iter: 30 [(17%)]	Loss: 0.042165	RUL_Loss: 0.027635	mmd_Loss: 0.018845	l1_Loss: 0.002452
Train source2 iter: 30 [(17%)]	Loss: 0.035334	RUL_Loss: 0.020969	mmd_Loss: 0.018294	l1_Loss: 0.002760
Train source1 iter: 40 [(22%)]	Loss: 0.042781	RUL_Loss: 0.023959	mmd_Loss: 0.020321	l1_Loss: 0.003076
Train source2 iter: 40 [(22%)]	Loss: 0.043404	RUL_Loss: 0.022726	mmd_Loss: 0.023056	l1_Loss: 0.002649
Train source1 iter: 50 [(28%)]	Loss: 0.046097	RUL_Loss: 0.022837	mmd_Loss: 0.023219	l1_Loss: 0.003125
Train source2 iter: 50 [(28%)]	Loss: 0.049615	RUL_Loss: 0.025393	mmd_Loss: 0.024907	l1_Loss: 0.002526
Train source1 iter: 60 [(33%)]	Loss: 0.050819	RUL_Loss: 0.026773	mmd_Loss: 0.022702	l1_Loss: 0.003123
Train source2 iter: 60 [(33%)]	Loss: 0.052582	RUL_Loss: 0.025391	mmd_Loss: 0.026055	l1_Loss: 0.003147
Train source1 iter: 70 [(39%)]	Loss: 0.046876	RUL_Loss: 0.026065	mmd_Loss: 0.018791	l1_Loss: 0.002890
Train source2 iter: 70 [(39%)]	Loss: 0.041913	RUL_Loss: 0.021498	mmd_Loss: 0.018649	l1_Loss: 0.002619
Train source1 iter: 80 [(44%)]	Loss: 0.047980	RUL_Loss: 0.025205	mmd_Loss: 0.020884	l1_Loss: 0.002432
Train source2 iter: 80 [(44%)]	Loss: 0.046227	RUL_Loss: 0.021873	mmd_Loss: 0.021882	l1_Loss: 0.003050
Train source1 iter: 90 [(50%)]	Loss: 0.051033	RUL_Loss: 0.027924	mmd_Loss: 0.020384	l1_Loss: 0.003037
Train source2 iter: 90 [(50%)]	Loss: 0.047605	RUL_Loss: 0.020879	mmd_Loss: 0.023580	l1_Loss: 0.003510
Train source1 iter: 100 [(56%)]	Loss: 0.049446	RUL_Loss: 0.026009	mmd_Loss: 0.021048	l1_Loss: 0.002572
Train source2 iter: 100 [(56%)]	Loss: 0.045594	RUL_Loss: 0.020727	mmd_Loss: 0.022094	l1_Loss: 0.002966
Train source1 iter: 110 [(61%)]	Loss: 0.052828	RUL_Loss: 0.028403	mmd_Loss: 0.022278	l1_Loss: 0.002255
Train source2 iter: 110 [(61%)]	Loss: 0.047683	RUL_Loss: 0.024884	mmd_Loss: 0.020106	l1_Loss: 0.002795
Train source1 iter: 120 [(67%)]	Loss: 0.052117	RUL_Loss: 0.025242	mmd_Loss: 0.024066	l1_Loss: 0.002877
Train source2 iter: 120 [(67%)]	Loss: 0.050262	RUL_Loss: 0.026452	mmd_Loss: 0.020977	l1_Loss: 0.002894
Train source1 iter: 130 [(72%)]	Loss: 0.050478	RUL_Loss: 0.023430	mmd_Loss: 0.024189	l1_Loss: 0.002899
Train source2 iter: 130 [(72%)]	Loss: 0.049493	RUL_Loss: 0.022895	mmd_Loss: 0.023314	l1_Loss: 0.003323
Train source1 iter: 140 [(78%)]	Loss: 0.051559	RUL_Loss: 0.023807	mmd_Loss: 0.025097	l1_Loss: 0.002678
Train source2 iter: 140 [(78%)]	Loss: 0.045748	RUL_Loss: 0.023467	mmd_Loss: 0.019460	l1_Loss: 0.002840
Train source1 iter: 150 [(83%)]	Loss: 0.047563	RUL_Loss: 0.024238	mmd_Loss: 0.020795	l1_Loss: 0.002542
Train source2 iter: 150 [(83%)]	Loss: 0.045148	RUL_Loss: 0.019283	mmd_Loss: 0.022751	l1_Loss: 0.003127
Train source1 iter: 160 [(89%)]	Loss: 0.048058	RUL_Loss: 0.023073	mmd_Loss: 0.022312	l1_Loss: 0.002680
Train source2 iter: 160 [(89%)]	Loss: 0.045884	RUL_Loss: 0.020762	mmd_Loss: 0.022005	l1_Loss: 0.003124
Train source1 iter: 170 [(94%)]	Loss: 0.053907	RUL_Loss: 0.027782	mmd_Loss: 0.023377	l1_Loss: 0.002752
Train source2 iter: 170 [(94%)]	Loss: 0.047774	RUL_Loss: 0.022099	mmd_Loss: 0.022995	l1_Loss: 0.002684
Train epochs:14.000000	
Train source1 iter: 10 [(6%)]	Loss: 0.031763	RUL_Loss: 0.024260	mmd_Loss: 0.023740	l1_Loss: 0.003964
Train source2 iter: 10 [(6%)]	Loss: 0.029561	RUL_Loss: 0.021858	mmd_Loss: 0.024828	l1_Loss: 0.003611
Train source1 iter: 20 [(11%)]	Loss: 0.035723	RUL_Loss: 0.023746	mmd_Loss: 0.020632	l1_Loss: 0.003099
Train source2 iter: 20 [(11%)]	Loss: 0.035480	RUL_Loss: 0.023502	mmd_Loss: 0.020222	l1_Loss: 0.003512
Train source1 iter: 30 [(17%)]	Loss: 0.040102	RUL_Loss: 0.024099	mmd_Loss: 0.019699	l1_Loss: 0.003757
Train source2 iter: 30 [(17%)]	Loss: 0.037374	RUL_Loss: 0.020339	mmd_Loss: 0.020924	l1_Loss: 0.004044
Train source1 iter: 40 [(22%)]	Loss: 0.043856	RUL_Loss: 0.025756	mmd_Loss: 0.018724	l1_Loss: 0.003775
Train source2 iter: 40 [(22%)]	Loss: 0.041694	RUL_Loss: 0.019079	mmd_Loss: 0.024318	l1_Loss: 0.003794
Train source1 iter: 50 [(28%)]	Loss: 0.047004	RUL_Loss: 0.026957	mmd_Loss: 0.019574	l1_Loss: 0.003132
Train source2 iter: 50 [(28%)]	Loss: 0.043467	RUL_Loss: 0.020713	mmd_Loss: 0.022254	l1_Loss: 0.003516
Train source1 iter: 60 [(33%)]	Loss: 0.050996	RUL_Loss: 0.027886	mmd_Loss: 0.020992	l1_Loss: 0.003828
Train source2 iter: 60 [(33%)]	Loss: 0.046867	RUL_Loss: 0.026595	mmd_Loss: 0.018515	l1_Loss: 0.003257
Train source1 iter: 70 [(39%)]	Loss: 0.051866	RUL_Loss: 0.026642	mmd_Loss: 0.022577	l1_Loss: 0.003700
Train source2 iter: 70 [(39%)]	Loss: 0.044861	RUL_Loss: 0.017802	mmd_Loss: 0.024617	l1_Loss: 0.003572
Train source1 iter: 80 [(44%)]	Loss: 0.053842	RUL_Loss: 0.027977	mmd_Loss: 0.022467	l1_Loss: 0.004012
Train source2 iter: 80 [(44%)]	Loss: 0.043552	RUL_Loss: 0.022086	mmd_Loss: 0.018460	l1_Loss: 0.003517
Train source1 iter: 90 [(50%)]	Loss: 0.051636	RUL_Loss: 0.026816	mmd_Loss: 0.020861	l1_Loss: 0.004296
Train source2 iter: 90 [(50%)]	Loss: 0.040105	RUL_Loss: 0.019417	mmd_Loss: 0.017363	l1_Loss: 0.003606
Train source1 iter: 100 [(56%)]	Loss: 0.042233	RUL_Loss: 0.021305	mmd_Loss: 0.017660	l1_Loss: 0.003431
Train source2 iter: 100 [(56%)]	Loss: 0.045768	RUL_Loss: 0.022379	mmd_Loss: 0.019898	l1_Loss: 0.003673
Train source1 iter: 110 [(61%)]	Loss: 0.049494	RUL_Loss: 0.023604	mmd_Loss: 0.022678	l1_Loss: 0.003326
Train source2 iter: 110 [(61%)]	Loss: 0.046375	RUL_Loss: 0.022009	mmd_Loss: 0.021532	l1_Loss: 0.002943
Train source1 iter: 120 [(67%)]	Loss: 0.044725	RUL_Loss: 0.022697	mmd_Loss: 0.018061	l1_Loss: 0.004023
Train source2 iter: 120 [(67%)]	Loss: 0.046590	RUL_Loss: 0.021180	mmd_Loss: 0.022036	l1_Loss: 0.003439
Train source1 iter: 130 [(72%)]	Loss: 0.049757	RUL_Loss: 0.027368	mmd_Loss: 0.019149	l1_Loss: 0.003272
Train source2 iter: 130 [(72%)]	Loss: 0.047736	RUL_Loss: 0.021462	mmd_Loss: 0.022573	l1_Loss: 0.003739
Train source1 iter: 140 [(78%)]	Loss: 0.049964	RUL_Loss: 0.024122	mmd_Loss: 0.022210	l1_Loss: 0.003653
Train source2 iter: 140 [(78%)]	Loss: 0.045460	RUL_Loss: 0.018939	mmd_Loss: 0.022935	l1_Loss: 0.003608
Train source1 iter: 150 [(83%)]	Loss: 0.056949	RUL_Loss: 0.025761	mmd_Loss: 0.027368	l1_Loss: 0.003835
Train source2 iter: 150 [(83%)]	Loss: 0.046881	RUL_Loss: 0.022762	mmd_Loss: 0.020567	l1_Loss: 0.003563
Train source1 iter: 160 [(89%)]	Loss: 0.047429	RUL_Loss: 0.026112	mmd_Loss: 0.017468	l1_Loss: 0.003855
Train source2 iter: 160 [(89%)]	Loss: 0.042171	RUL_Loss: 0.018488	mmd_Loss: 0.020257	l1_Loss: 0.003432
Train source1 iter: 170 [(94%)]	Loss: 0.050049	RUL_Loss: 0.024207	mmd_Loss: 0.022304	l1_Loss: 0.003542
Train source2 iter: 170 [(94%)]	Loss: 0.054039	RUL_Loss: 0.030386	mmd_Loss: 0.019529	l1_Loss: 0.004127
Train epochs:15.000000	
Train source1 iter: 10 [(6%)]	Loss: 0.031496	RUL_Loss: 0.024391	mmd_Loss: 0.023128	l1_Loss: 0.003107
Train source2 iter: 10 [(6%)]	Loss: 0.025461	RUL_Loss: 0.018618	mmd_Loss: 0.021746	l1_Loss: 0.003519
Train source1 iter: 20 [(11%)]	Loss: 0.041435	RUL_Loss: 0.026226	mmd_Loss: 0.026813	l1_Loss: 0.003323
Train source2 iter: 20 [(11%)]	Loss: 0.037414	RUL_Loss: 0.024476	mmd_Loss: 0.022732	l1_Loss: 0.002904
Train source1 iter: 30 [(17%)]	Loss: 0.041171	RUL_Loss: 0.025592	mmd_Loss: 0.019648	l1_Loss: 0.003186
Train source2 iter: 30 [(17%)]	Loss: 0.038508	RUL_Loss: 0.021020	mmd_Loss: 0.022610	l1_Loss: 0.003023
Train source1 iter: 40 [(22%)]	Loss: 0.042508	RUL_Loss: 0.024284	mmd_Loss: 0.020141	l1_Loss: 0.002512
Train source2 iter: 40 [(22%)]	Loss: 0.043880	RUL_Loss: 0.025744	mmd_Loss: 0.019837	l1_Loss: 0.002707
Train source1 iter: 50 [(28%)]	Loss: 0.050502	RUL_Loss: 0.028433	mmd_Loss: 0.021999	l1_Loss: 0.002995
Train source2 iter: 50 [(28%)]	Loss: 0.049683	RUL_Loss: 0.023050	mmd_Loss: 0.027336	l1_Loss: 0.002829
Train source1 iter: 60 [(33%)]	Loss: 0.051736	RUL_Loss: 0.029327	mmd_Loss: 0.020698	l1_Loss: 0.003369
Train source2 iter: 60 [(33%)]	Loss: 0.051592	RUL_Loss: 0.023610	mmd_Loss: 0.026982	l1_Loss: 0.003070
Train source1 iter: 70 [(39%)]	Loss: 0.046477	RUL_Loss: 0.023160	mmd_Loss: 0.020859	l1_Loss: 0.003432
Train source2 iter: 70 [(39%)]	Loss: 0.045734	RUL_Loss: 0.019541	mmd_Loss: 0.024412	l1_Loss: 0.002875
Train source1 iter: 80 [(44%)]	Loss: 0.047807	RUL_Loss: 0.024421	mmd_Loss: 0.021246	l1_Loss: 0.002697
Train source2 iter: 80 [(44%)]	Loss: 0.050664	RUL_Loss: 0.021831	mmd_Loss: 0.026995	l1_Loss: 0.002523
Train source1 iter: 90 [(50%)]	Loss: 0.053405	RUL_Loss: 0.030717	mmd_Loss: 0.020363	l1_Loss: 0.002633
Train source2 iter: 90 [(50%)]	Loss: 0.051792	RUL_Loss: 0.026734	mmd_Loss: 0.022426	l1_Loss: 0.002973
Train source1 iter: 100 [(56%)]	Loss: 0.048474	RUL_Loss: 0.025481	mmd_Loss: 0.019992	l1_Loss: 0.003179
Train source2 iter: 100 [(56%)]	Loss: 0.043502	RUL_Loss: 0.020657	mmd_Loss: 0.019804	l1_Loss: 0.003218
Train source1 iter: 110 [(61%)]	Loss: 0.053960	RUL_Loss: 0.030008	mmd_Loss: 0.021283	l1_Loss: 0.002775
Train source2 iter: 110 [(61%)]	Loss: 0.050474	RUL_Loss: 0.022287	mmd_Loss: 0.025782	l1_Loss: 0.002530
Train source1 iter: 120 [(67%)]	Loss: 0.055289	RUL_Loss: 0.031937	mmd_Loss: 0.021008	l1_Loss: 0.002404
Train source2 iter: 120 [(67%)]	Loss: 0.047145	RUL_Loss: 0.022409	mmd_Loss: 0.021758	l1_Loss: 0.003041
Train source1 iter: 130 [(72%)]	Loss: 0.050848	RUL_Loss: 0.027203	mmd_Loss: 0.020656	l1_Loss: 0.003024
Train source2 iter: 130 [(72%)]	Loss: 0.047243	RUL_Loss: 0.022721	mmd_Loss: 0.021628	l1_Loss: 0.002930
Train source1 iter: 140 [(78%)]	Loss: 0.052348	RUL_Loss: 0.030320	mmd_Loss: 0.019251	l1_Loss: 0.002795
Train source2 iter: 140 [(78%)]	Loss: 0.053047	RUL_Loss: 0.023862	mmd_Loss: 0.026055	l1_Loss: 0.003154
Train source1 iter: 150 [(83%)]	Loss: 0.046452	RUL_Loss: 0.023446	mmd_Loss: 0.020226	l1_Loss: 0.002791
Train source2 iter: 150 [(83%)]	Loss: 0.049035	RUL_Loss: 0.022227	mmd_Loss: 0.023956	l1_Loss: 0.002865
Train source1 iter: 160 [(89%)]	Loss: 0.047437	RUL_Loss: 0.025223	mmd_Loss: 0.019448	l1_Loss: 0.002772
Train source2 iter: 160 [(89%)]	Loss: 0.056907	RUL_Loss: 0.026564	mmd_Loss: 0.027488	l1_Loss: 0.002864
Train source1 iter: 170 [(94%)]	Loss: 0.046527	RUL_Loss: 0.025426	mmd_Loss: 0.017969	l1_Loss: 0.003136
Train source2 iter: 170 [(94%)]	Loss: 0.049753	RUL_Loss: 0.023160	mmd_Loss: 0.023153	l1_Loss: 0.003445
Train epochs:16.000000	
Train source1 iter: 10 [(6%)]	Loss: 0.035091	RUL_Loss: 0.027577	mmd_Loss: 0.019165	l1_Loss: 0.008578
Train source2 iter: 10 [(6%)]	Loss: 0.030031	RUL_Loss: 0.022610	mmd_Loss: 0.020441	l1_Loss: 0.006957
Train source1 iter: 20 [(11%)]	Loss: 0.034807	RUL_Loss: 0.022573	mmd_Loss: 0.020935	l1_Loss: 0.003306
Train source2 iter: 20 [(11%)]	Loss: 0.035364	RUL_Loss: 0.024526	mmd_Loss: 0.018733	l1_Loss: 0.002742
Train source1 iter: 30 [(17%)]	Loss: 0.038308	RUL_Loss: 0.023877	mmd_Loss: 0.018117	l1_Loss: 0.003035
Train source2 iter: 30 [(17%)]	Loss: 0.041063	RUL_Loss: 0.024149	mmd_Loss: 0.021289	l1_Loss: 0.003502
Train source1 iter: 40 [(22%)]	Loss: 0.040471	RUL_Loss: 0.021752	mmd_Loss: 0.020439	l1_Loss: 0.002831
Train source2 iter: 40 [(22%)]	Loss: 0.037900	RUL_Loss: 0.020802	mmd_Loss: 0.018004	l1_Loss: 0.003250
Train source1 iter: 50 [(28%)]	Loss: 0.045584	RUL_Loss: 0.024978	mmd_Loss: 0.020296	l1_Loss: 0.003042
Train source2 iter: 50 [(28%)]	Loss: 0.043574	RUL_Loss: 0.022308	mmd_Loss: 0.020748	l1_Loss: 0.003338
Train source1 iter: 60 [(33%)]	Loss: 0.045884	RUL_Loss: 0.021231	mmd_Loss: 0.023205	l1_Loss: 0.003273
Train source2 iter: 60 [(33%)]	Loss: 0.050299	RUL_Loss: 0.026151	mmd_Loss: 0.022972	l1_Loss: 0.002962
Train source1 iter: 70 [(39%)]	Loss: 0.048578	RUL_Loss: 0.025575	mmd_Loss: 0.020958	l1_Loss: 0.003005
Train source2 iter: 70 [(39%)]	Loss: 0.046340	RUL_Loss: 0.023798	mmd_Loss: 0.020102	l1_Loss: 0.003383
Train source1 iter: 80 [(44%)]	Loss: 0.046667	RUL_Loss: 0.024681	mmd_Loss: 0.019560	l1_Loss: 0.002949
Train source2 iter: 80 [(44%)]	Loss: 0.045548	RUL_Loss: 0.024758	mmd_Loss: 0.018214	l1_Loss: 0.003070
Train source1 iter: 90 [(50%)]	Loss: 0.043992	RUL_Loss: 0.022678	mmd_Loss: 0.018769	l1_Loss: 0.002834
Train source2 iter: 90 [(50%)]	Loss: 0.042841	RUL_Loss: 0.019629	mmd_Loss: 0.020844	l1_Loss: 0.002683
Train source1 iter: 100 [(56%)]	Loss: 0.051863	RUL_Loss: 0.026368	mmd_Loss: 0.022913	l1_Loss: 0.002779
Train source2 iter: 100 [(56%)]	Loss: 0.047357	RUL_Loss: 0.022788	mmd_Loss: 0.021909	l1_Loss: 0.002850
Train source1 iter: 110 [(61%)]	Loss: 0.052600	RUL_Loss: 0.028331	mmd_Loss: 0.020982	l1_Loss: 0.003396
Train source2 iter: 110 [(61%)]	Loss: 0.042447	RUL_Loss: 0.018802	mmd_Loss: 0.020671	l1_Loss: 0.003079
Train source1 iter: 120 [(67%)]	Loss: 0.046623	RUL_Loss: 0.025056	mmd_Loss: 0.018794	l1_Loss: 0.002828
Train source2 iter: 120 [(67%)]	Loss: 0.043355	RUL_Loss: 0.021112	mmd_Loss: 0.019446	l1_Loss: 0.002853
Train source1 iter: 130 [(72%)]	Loss: 0.051548	RUL_Loss: 0.026593	mmd_Loss: 0.021993	l1_Loss: 0.002998
Train source2 iter: 130 [(72%)]	Loss: 0.044974	RUL_Loss: 0.020447	mmd_Loss: 0.021141	l1_Loss: 0.003421
Train source1 iter: 140 [(78%)]	Loss: 0.046152	RUL_Loss: 0.024629	mmd_Loss: 0.018600	l1_Loss: 0.002941
Train source2 iter: 140 [(78%)]	Loss: 0.043653	RUL_Loss: 0.023120	mmd_Loss: 0.017736	l1_Loss: 0.002814
Train source1 iter: 150 [(83%)]	Loss: 0.048459	RUL_Loss: 0.021572	mmd_Loss: 0.023469	l1_Loss: 0.003430
Train source2 iter: 150 [(83%)]	Loss: 0.047099	RUL_Loss: 0.022337	mmd_Loss: 0.021296	l1_Loss: 0.003478
Train source1 iter: 160 [(89%)]	Loss: 0.047605	RUL_Loss: 0.024657	mmd_Loss: 0.019465	l1_Loss: 0.003489
Train source2 iter: 160 [(89%)]	Loss: 0.047310	RUL_Loss: 0.024101	mmd_Loss: 0.020349	l1_Loss: 0.002867
Train source1 iter: 170 [(94%)]	Loss: 0.047432	RUL_Loss: 0.021274	mmd_Loss: 0.022903	l1_Loss: 0.003259
Train source2 iter: 170 [(94%)]	Loss: 0.044345	RUL_Loss: 0.022507	mmd_Loss: 0.018901	l1_Loss: 0.002940
Train epochs:17.000000	
Train source1 iter: 10 [(6%)]	Loss: 0.035596	RUL_Loss: 0.027258	mmd_Loss: 0.021798	l1_Loss: 0.008986
Train source2 iter: 10 [(6%)]	Loss: 0.029480	RUL_Loss: 0.022253	mmd_Loss: 0.019387	l1_Loss: 0.007295
Train source1 iter: 20 [(11%)]	Loss: 0.040545	RUL_Loss: 0.028985	mmd_Loss: 0.019571	l1_Loss: 0.003335
Train source2 iter: 20 [(11%)]	Loss: 0.036187	RUL_Loss: 0.025006	mmd_Loss: 0.018619	l1_Loss: 0.003535
Train source1 iter: 30 [(17%)]	Loss: 0.043021	RUL_Loss: 0.026738	mmd_Loss: 0.020914	l1_Loss: 0.002952
Train source2 iter: 30 [(17%)]	Loss: 0.033603	RUL_Loss: 0.018145	mmd_Loss: 0.018639	l1_Loss: 0.004017
Train source1 iter: 40 [(22%)]	Loss: 0.044924	RUL_Loss: 0.026633	mmd_Loss: 0.019384	l1_Loss: 0.003353
Train source2 iter: 40 [(22%)]	Loss: 0.043343	RUL_Loss: 0.026079	mmd_Loss: 0.018248	l1_Loss: 0.003212
Train source1 iter: 50 [(28%)]	Loss: 0.045081	RUL_Loss: 0.026038	mmd_Loss: 0.017873	l1_Loss: 0.003695
Train source2 iter: 50 [(28%)]	Loss: 0.044452	RUL_Loss: 0.026460	mmd_Loss: 0.016572	l1_Loss: 0.003806
Train source1 iter: 60 [(33%)]	Loss: 0.046375	RUL_Loss: 0.022826	mmd_Loss: 0.022161	l1_Loss: 0.003131
Train source2 iter: 60 [(33%)]	Loss: 0.051082	RUL_Loss: 0.024971	mmd_Loss: 0.024653	l1_Loss: 0.003390
Train source1 iter: 70 [(39%)]	Loss: 0.045714	RUL_Loss: 0.024555	mmd_Loss: 0.018581	l1_Loss: 0.003462
Train source2 iter: 70 [(39%)]	Loss: 0.044708	RUL_Loss: 0.023595	mmd_Loss: 0.018308	l1_Loss: 0.003687
Train source1 iter: 80 [(44%)]	Loss: 0.047280	RUL_Loss: 0.023891	mmd_Loss: 0.020518	l1_Loss: 0.003427
Train source2 iter: 80 [(44%)]	Loss: 0.039129	RUL_Loss: 0.017391	mmd_Loss: 0.019444	l1_Loss: 0.002811
Train source1 iter: 90 [(50%)]	Loss: 0.045095	RUL_Loss: 0.024290	mmd_Loss: 0.017947	l1_Loss: 0.003140
Train source2 iter: 90 [(50%)]	Loss: 0.040238	RUL_Loss: 0.019180	mmd_Loss: 0.017936	l1_Loss: 0.003408
Train source1 iter: 100 [(56%)]	Loss: 0.046365	RUL_Loss: 0.023431	mmd_Loss: 0.019764	l1_Loss: 0.003348
Train source2 iter: 100 [(56%)]	Loss: 0.040682	RUL_Loss: 0.019520	mmd_Loss: 0.018007	l1_Loss: 0.003320
Train source1 iter: 110 [(61%)]	Loss: 0.053262	RUL_Loss: 0.026112	mmd_Loss: 0.024129	l1_Loss: 0.003142
Train source2 iter: 110 [(61%)]	Loss: 0.045355	RUL_Loss: 0.021993	mmd_Loss: 0.020359	l1_Loss: 0.003106
Train source1 iter: 120 [(67%)]	Loss: 0.053513	RUL_Loss: 0.030423	mmd_Loss: 0.020441	l1_Loss: 0.002708
Train source2 iter: 120 [(67%)]	Loss: 0.048261	RUL_Loss: 0.024247	mmd_Loss: 0.020971	l1_Loss: 0.003104
Train source1 iter: 130 [(72%)]	Loss: 0.047808	RUL_Loss: 0.025157	mmd_Loss: 0.019945	l1_Loss: 0.002739
Train source2 iter: 130 [(72%)]	Loss: 0.044414	RUL_Loss: 0.023722	mmd_Loss: 0.017605	l1_Loss: 0.003118
Train source1 iter: 140 [(78%)]	Loss: 0.048855	RUL_Loss: 0.027208	mmd_Loss: 0.018323	l1_Loss: 0.003342
Train source2 iter: 140 [(78%)]	Loss: 0.041725	RUL_Loss: 0.019164	mmd_Loss: 0.019700	l1_Loss: 0.002879
Train source1 iter: 150 [(83%)]	Loss: 0.044850	RUL_Loss: 0.022091	mmd_Loss: 0.019763	l1_Loss: 0.003007
Train source2 iter: 150 [(83%)]	Loss: 0.049498	RUL_Loss: 0.024582	mmd_Loss: 0.021622	l1_Loss: 0.003306
Train source1 iter: 160 [(89%)]	Loss: 0.045634	RUL_Loss: 0.023123	mmd_Loss: 0.019459	l1_Loss: 0.003058
Train source2 iter: 160 [(89%)]	Loss: 0.040478	RUL_Loss: 0.019865	mmd_Loss: 0.017819	l1_Loss: 0.002800
Train source1 iter: 170 [(94%)]	Loss: 0.048835	RUL_Loss: 0.025632	mmd_Loss: 0.019659	l1_Loss: 0.003548
Train source2 iter: 170 [(94%)]	Loss: 0.042884	RUL_Loss: 0.021219	mmd_Loss: 0.018309	l1_Loss: 0.003360
Train epochs:18.000000	
Train source1 iter: 10 [(6%)]	Loss: 0.027997	RUL_Loss: 0.020987	mmd_Loss: 0.019514	l1_Loss: 0.006370
Train source2 iter: 10 [(6%)]	Loss: 0.028648	RUL_Loss: 0.021267	mmd_Loss: 0.020589	l1_Loss: 0.006663
Train source1 iter: 20 [(11%)]	Loss: 0.036492	RUL_Loss: 0.025063	mmd_Loss: 0.018992	l1_Loss: 0.003655
Train source2 iter: 20 [(11%)]	Loss: 0.032294	RUL_Loss: 0.020526	mmd_Loss: 0.019981	l1_Loss: 0.003337
Train source1 iter: 30 [(17%)]	Loss: 0.042098	RUL_Loss: 0.026611	mmd_Loss: 0.018751	l1_Loss: 0.003948
Train source2 iter: 30 [(17%)]	Loss: 0.038571	RUL_Loss: 0.023394	mmd_Loss: 0.017954	l1_Loss: 0.004292
Train source1 iter: 40 [(22%)]	Loss: 0.042763	RUL_Loss: 0.024043	mmd_Loss: 0.019816	l1_Loss: 0.003455
Train source2 iter: 40 [(22%)]	Loss: 0.036839	RUL_Loss: 0.019104	mmd_Loss: 0.018264	l1_Loss: 0.003782
Train source1 iter: 50 [(28%)]	Loss: 0.048793	RUL_Loss: 0.026039	mmd_Loss: 0.022443	l1_Loss: 0.003327
Train source2 iter: 50 [(28%)]	Loss: 0.034779	RUL_Loss: 0.016409	mmd_Loss: 0.017123	l1_Loss: 0.003683
Train source1 iter: 60 [(33%)]	Loss: 0.049436	RUL_Loss: 0.029170	mmd_Loss: 0.018077	l1_Loss: 0.003688
Train source2 iter: 60 [(33%)]	Loss: 0.038963	RUL_Loss: 0.018699	mmd_Loss: 0.018519	l1_Loss: 0.003243
Train source1 iter: 70 [(39%)]	Loss: 0.041197	RUL_Loss: 0.021424	mmd_Loss: 0.016655	l1_Loss: 0.003944
Train source2 iter: 70 [(39%)]	Loss: 0.047496	RUL_Loss: 0.021564	mmd_Loss: 0.023421	l1_Loss: 0.003596
Train source1 iter: 80 [(44%)]	Loss: 0.047874	RUL_Loss: 0.026887	mmd_Loss: 0.017831	l1_Loss: 0.003654
Train source2 iter: 80 [(44%)]	Loss: 0.044881	RUL_Loss: 0.020103	mmd_Loss: 0.020563	l1_Loss: 0.004804
Train source1 iter: 90 [(50%)]	Loss: 0.044843	RUL_Loss: 0.023873	mmd_Loss: 0.017677	l1_Loss: 0.003578
Train source2 iter: 90 [(50%)]	Loss: 0.047262	RUL_Loss: 0.022987	mmd_Loss: 0.020428	l1_Loss: 0.004176
Train source1 iter: 100 [(56%)]	Loss: 0.044479	RUL_Loss: 0.022618	mmd_Loss: 0.018602	l1_Loss: 0.003428
Train source2 iter: 100 [(56%)]	Loss: 0.047694	RUL_Loss: 0.025170	mmd_Loss: 0.019360	l1_Loss: 0.003339
Train source1 iter: 110 [(61%)]	Loss: 0.042357	RUL_Loss: 0.021677	mmd_Loss: 0.016743	l1_Loss: 0.004029
Train source2 iter: 110 [(61%)]	Loss: 0.050695	RUL_Loss: 0.025821	mmd_Loss: 0.021413	l1_Loss: 0.003572
Train source1 iter: 120 [(67%)]	Loss: 0.047837	RUL_Loss: 0.024407	mmd_Loss: 0.019529	l1_Loss: 0.003961
Train source2 iter: 120 [(67%)]	Loss: 0.043094	RUL_Loss: 0.021564	mmd_Loss: 0.018188	l1_Loss: 0.003397
Train source1 iter: 130 [(72%)]	Loss: 0.054981	RUL_Loss: 0.028569	mmd_Loss: 0.023215	l1_Loss: 0.003235
Train source2 iter: 130 [(72%)]	Loss: 0.041217	RUL_Loss: 0.019866	mmd_Loss: 0.018098	l1_Loss: 0.003284
Train source1 iter: 140 [(78%)]	Loss: 0.046927	RUL_Loss: 0.025405	mmd_Loss: 0.017472	l1_Loss: 0.004068
Train source2 iter: 140 [(78%)]	Loss: 0.042824	RUL_Loss: 0.022453	mmd_Loss: 0.017130	l1_Loss: 0.003259
Train source1 iter: 150 [(83%)]	Loss: 0.051032	RUL_Loss: 0.026908	mmd_Loss: 0.020371	l1_Loss: 0.003764
Train source2 iter: 150 [(83%)]	Loss: 0.042325	RUL_Loss: 0.020150	mmd_Loss: 0.018411	l1_Loss: 0.003775
Train source1 iter: 160 [(89%)]	Loss: 0.046890	RUL_Loss: 0.024486	mmd_Loss: 0.018394	l1_Loss: 0.004016
Train source2 iter: 160 [(89%)]	Loss: 0.048676	RUL_Loss: 0.024576	mmd_Loss: 0.020581	l1_Loss: 0.003527
Train source1 iter: 170 [(94%)]	Loss: 0.041381	RUL_Loss: 0.020368	mmd_Loss: 0.016818	l1_Loss: 0.004199
Train source2 iter: 170 [(94%)]	Loss: 0.040166	RUL_Loss: 0.019761	mmd_Loss: 0.016868	l1_Loss: 0.003540
Train epochs:19.000000	
Train source1 iter: 10 [(6%)]	Loss: 0.034047	RUL_Loss: 0.027157	mmd_Loss: 0.022157	l1_Loss: 0.003280
Train source2 iter: 10 [(6%)]	Loss: 0.027305	RUL_Loss: 0.020614	mmd_Loss: 0.021934	l1_Loss: 0.002772
Train source1 iter: 20 [(11%)]	Loss: 0.039598	RUL_Loss: 0.027392	mmd_Loss: 0.020799	l1_Loss: 0.003388
Train source2 iter: 20 [(11%)]	Loss: 0.032079	RUL_Loss: 0.020427	mmd_Loss: 0.019889	l1_Loss: 0.003200
Train source1 iter: 30 [(17%)]	Loss: 0.038006	RUL_Loss: 0.022820	mmd_Loss: 0.019373	l1_Loss: 0.002886
Train source2 iter: 30 [(17%)]	Loss: 0.039562	RUL_Loss: 0.023773	mmd_Loss: 0.019805	l1_Loss: 0.003337
Train source1 iter: 40 [(22%)]	Loss: 0.044065	RUL_Loss: 0.025181	mmd_Loss: 0.020293	l1_Loss: 0.003181
Train source2 iter: 40 [(22%)]	Loss: 0.038204	RUL_Loss: 0.017895	mmd_Loss: 0.022165	l1_Loss: 0.003081
Train source1 iter: 50 [(28%)]	Loss: 0.043476	RUL_Loss: 0.023490	mmd_Loss: 0.019632	l1_Loss: 0.003004
Train source2 iter: 50 [(28%)]	Loss: 0.040315	RUL_Loss: 0.020418	mmd_Loss: 0.019795	l1_Loss: 0.002740
Train source1 iter: 60 [(33%)]	Loss: 0.048765	RUL_Loss: 0.027965	mmd_Loss: 0.019314	l1_Loss: 0.003025
Train source2 iter: 60 [(33%)]	Loss: 0.048769	RUL_Loss: 0.023123	mmd_Loss: 0.024721	l1_Loss: 0.002822
Train source1 iter: 70 [(39%)]	Loss: 0.048324	RUL_Loss: 0.025846	mmd_Loss: 0.020404	l1_Loss: 0.003014
Train source2 iter: 70 [(39%)]	Loss: 0.047181	RUL_Loss: 0.023037	mmd_Loss: 0.022033	l1_Loss: 0.003119
Train source1 iter: 80 [(44%)]	Loss: 0.044610	RUL_Loss: 0.022993	mmd_Loss: 0.018835	l1_Loss: 0.003296
Train source2 iter: 80 [(44%)]	Loss: 0.044293	RUL_Loss: 0.019653	mmd_Loss: 0.022137	l1_Loss: 0.003088
Train source1 iter: 90 [(50%)]	Loss: 0.046353	RUL_Loss: 0.026087	mmd_Loss: 0.017505	l1_Loss: 0.003035
Train source2 iter: 90 [(50%)]	Loss: 0.045628	RUL_Loss: 0.023032	mmd_Loss: 0.019564	l1_Loss: 0.003338
Train source1 iter: 100 [(56%)]	Loss: 0.043678	RUL_Loss: 0.022564	mmd_Loss: 0.017784	l1_Loss: 0.003495
Train source2 iter: 100 [(56%)]	Loss: 0.040761	RUL_Loss: 0.020069	mmd_Loss: 0.017949	l1_Loss: 0.002904
Train source1 iter: 110 [(61%)]	Loss: 0.047982	RUL_Loss: 0.024977	mmd_Loss: 0.019640	l1_Loss: 0.003467
Train source2 iter: 110 [(61%)]	Loss: 0.041252	RUL_Loss: 0.021002	mmd_Loss: 0.017117	l1_Loss: 0.003224
Train source1 iter: 120 [(67%)]	Loss: 0.045943	RUL_Loss: 0.022884	mmd_Loss: 0.019664	l1_Loss: 0.003454
Train source2 iter: 120 [(67%)]	Loss: 0.044541	RUL_Loss: 0.021185	mmd_Loss: 0.020544	l1_Loss: 0.002871
Train source1 iter: 130 [(72%)]	Loss: 0.046210	RUL_Loss: 0.024378	mmd_Loss: 0.018395	l1_Loss: 0.003469
Train source2 iter: 130 [(72%)]	Loss: 0.042472	RUL_Loss: 0.018022	mmd_Loss: 0.021682	l1_Loss: 0.002804
Train source1 iter: 140 [(78%)]	Loss: 0.045854	RUL_Loss: 0.022258	mmd_Loss: 0.020538	l1_Loss: 0.003077
Train source2 iter: 140 [(78%)]	Loss: 0.044613	RUL_Loss: 0.022513	mmd_Loss: 0.019217	l1_Loss: 0.002901
Train source1 iter: 150 [(83%)]	Loss: 0.052090	RUL_Loss: 0.025897	mmd_Loss: 0.022858	l1_Loss: 0.003348
Train source2 iter: 150 [(83%)]	Loss: 0.040231	RUL_Loss: 0.018956	mmd_Loss: 0.018264	l1_Loss: 0.003021
Train source1 iter: 160 [(89%)]	Loss: 0.044211	RUL_Loss: 0.022993	mmd_Loss: 0.018038	l1_Loss: 0.003185
Train source2 iter: 160 [(89%)]	Loss: 0.045362	RUL_Loss: 0.022098	mmd_Loss: 0.020419	l1_Loss: 0.002851
Train source1 iter: 170 [(94%)]	Loss: 0.043784	RUL_Loss: 0.021101	mmd_Loss: 0.019756	l1_Loss: 0.002930
Train source2 iter: 170 [(94%)]	Loss: 0.040042	RUL_Loss: 0.019709	mmd_Loss: 0.017488	l1_Loss: 0.002847
Train epochs:20.000000	
Train source1 iter: 10 [(6%)]	Loss: 0.037033	RUL_Loss: 0.029794	mmd_Loss: 0.019603	l1_Loss: 0.007126
Train source2 iter: 10 [(6%)]	Loss: 0.026162	RUL_Loss: 0.018879	mmd_Loss: 0.021392	l1_Loss: 0.005498
Train source1 iter: 20 [(11%)]	Loss: 0.035327	RUL_Loss: 0.025262	mmd_Loss: 0.017288	l1_Loss: 0.002655
Train source2 iter: 20 [(11%)]	Loss: 0.036346	RUL_Loss: 0.025494	mmd_Loss: 0.018594	l1_Loss: 0.002908
Train source1 iter: 30 [(17%)]	Loss: 0.036109	RUL_Loss: 0.021359	mmd_Loss: 0.018938	l1_Loss: 0.002680
Train source2 iter: 30 [(17%)]	Loss: 0.036066	RUL_Loss: 0.019335	mmd_Loss: 0.021405	l1_Loss: 0.003117
Train source1 iter: 40 [(22%)]	Loss: 0.040376	RUL_Loss: 0.022501	mmd_Loss: 0.019523	l1_Loss: 0.002697
Train source2 iter: 40 [(22%)]	Loss: 0.041002	RUL_Loss: 0.023277	mmd_Loss: 0.018937	l1_Loss: 0.003096
Train source1 iter: 50 [(28%)]	Loss: 0.040648	RUL_Loss: 0.021976	mmd_Loss: 0.018678	l1_Loss: 0.002469
Train source2 iter: 50 [(28%)]	Loss: 0.037991	RUL_Loss: 0.019904	mmd_Loss: 0.017262	l1_Loss: 0.003223
Train source1 iter: 60 [(33%)]	Loss: 0.045349	RUL_Loss: 0.024990	mmd_Loss: 0.019202	l1_Loss: 0.002664
Train source2 iter: 60 [(33%)]	Loss: 0.046238	RUL_Loss: 0.024460	mmd_Loss: 0.020624	l1_Loss: 0.002766
Train source1 iter: 70 [(39%)]	Loss: 0.044654	RUL_Loss: 0.022096	mmd_Loss: 0.020569	l1_Loss: 0.002931
Train source2 iter: 70 [(39%)]	Loss: 0.047140	RUL_Loss: 0.025152	mmd_Loss: 0.020158	l1_Loss: 0.002749
Train source1 iter: 80 [(44%)]	Loss: 0.047553	RUL_Loss: 0.028218	mmd_Loss: 0.016677	l1_Loss: 0.003117
Train source2 iter: 80 [(44%)]	Loss: 0.043004	RUL_Loss: 0.018990	mmd_Loss: 0.021620	l1_Loss: 0.002965
Train source1 iter: 90 [(50%)]	Loss: 0.051451	RUL_Loss: 0.029790	mmd_Loss: 0.018986	l1_Loss: 0.002968
Train source2 iter: 90 [(50%)]	Loss: 0.044566	RUL_Loss: 0.021638	mmd_Loss: 0.020301	l1_Loss: 0.002938
Train source1 iter: 100 [(56%)]	Loss: 0.042726	RUL_Loss: 0.020635	mmd_Loss: 0.018614	l1_Loss: 0.003649
Train source2 iter: 100 [(56%)]	Loss: 0.039735	RUL_Loss: 0.019901	mmd_Loss: 0.017440	l1_Loss: 0.002548
Train source1 iter: 110 [(61%)]	Loss: 0.047141	RUL_Loss: 0.025704	mmd_Loss: 0.018734	l1_Loss: 0.002798
Train source2 iter: 110 [(61%)]	Loss: 0.050439	RUL_Loss: 0.026689	mmd_Loss: 0.021427	l1_Loss: 0.002428
Train source1 iter: 120 [(67%)]	Loss: 0.047526	RUL_Loss: 0.024555	mmd_Loss: 0.020388	l1_Loss: 0.002642
Train source2 iter: 120 [(67%)]	Loss: 0.046149	RUL_Loss: 0.018520	mmd_Loss: 0.024591	l1_Loss: 0.003109
Train source1 iter: 130 [(72%)]	Loss: 0.046039	RUL_Loss: 0.023510	mmd_Loss: 0.019185	l1_Loss: 0.003377
Train source2 iter: 130 [(72%)]	Loss: 0.043632	RUL_Loss: 0.023087	mmd_Loss: 0.017544	l1_Loss: 0.003031
Train source1 iter: 140 [(78%)]	Loss: 0.043981	RUL_Loss: 0.024233	mmd_Loss: 0.016879	l1_Loss: 0.002885
Train source2 iter: 140 [(78%)]	Loss: 0.043295	RUL_Loss: 0.022229	mmd_Loss: 0.018598	l1_Loss: 0.002485
Train source1 iter: 150 [(83%)]	Loss: 0.048654	RUL_Loss: 0.024537	mmd_Loss: 0.020810	l1_Loss: 0.003319
Train source2 iter: 150 [(83%)]	Loss: 0.040013	RUL_Loss: 0.020351	mmd_Loss: 0.017076	l1_Loss: 0.002596
Train source1 iter: 160 [(89%)]	Loss: 0.041726	RUL_Loss: 0.021029	mmd_Loss: 0.017767	l1_Loss: 0.002936
Train source2 iter: 160 [(89%)]	Loss: 0.046334	RUL_Loss: 0.024230	mmd_Loss: 0.019104	l1_Loss: 0.003006
Train source1 iter: 170 [(94%)]	Loss: 0.048697	RUL_Loss: 0.028453	mmd_Loss: 0.017092	l1_Loss: 0.003155
Train source2 iter: 170 [(94%)]	Loss: 0.045631	RUL_Loss: 0.021243	mmd_Loss: 0.021770	l1_Loss: 0.002622
Train epochs:21.000000	
