当前日期和时间： 2023-03-15_18_15_45
training settings:	 lr: 0.001 momentum: 0.9 l2_decay: 0.001 optimizer: Adam seed: 6
model architecture:
 MFSAN(
  (sharedNet): CFE(
    (conv1): Conv1d(14, 32, kernel_size=(3,), stride=(1,), padding=(1,), bias=False)
    (bn1): BatchNorm1d(32, eps=1e-05, momentum=0.1, affine=True, track_running_stats=True)
    (conv2): Conv1d(32, 64, kernel_size=(2,), stride=(1,), padding=(1,), bias=False)
    (bn2): BatchNorm1d(64, eps=1e-05, momentum=0.1, affine=True, track_running_stats=True)
    (conv3): Conv1d(64, 128, kernel_size=(2,), stride=(1,), bias=False)
    (bn3): BatchNorm1d(128, eps=1e-05, momentum=0.1, affine=True, track_running_stats=True)
    (relu): ReLU(inplace=True)
    (flatten): Flatten(start_dim=1, end_dim=-1)
  )
  (sonnet1): DFE(
    (rnn): LSTM(128, 100, num_layers=2, batch_first=True, dropout=0.2, bidirectional=True)
  )
  (sonnet2): DFE(
    (rnn): LSTM(128, 100, num_layers=2, batch_first=True, dropout=0.2, bidirectional=True)
  )
  (rul_fc_son1): Linear(in_features=199, out_features=1, bias=True)
  (rul_fc_son2): Linear(in_features=199, out_features=1, bias=True)
  (avgpool): AvgPool1d(kernel_size=(2,), stride=(1,), padding=(0,))
)
FD003 FD004 to FD002
Train source1 iter: 10 [(9%)]	Loss: 0.073999	RUL_Loss: 0.037707	mmd_Loss: 0.065576	l1_Loss: 0.016985
Train source2 iter: 10 [(9%)]	Loss: 0.137507	RUL_Loss: 0.124413	mmd_Loss: 0.012623	l1_Loss: 0.017165
Train source1 iter: 20 [(19%)]	Loss: 0.088218	RUL_Loss: 0.035767	mmd_Loss: 0.061071	l1_Loss: 0.010118
Train source2 iter: 20 [(19%)]	Loss: 0.140870	RUL_Loss: 0.125609	mmd_Loss: 0.010982	l1_Loss: 0.009731
Train source1 iter: 30 [(28%)]	Loss: 0.108472	RUL_Loss: 0.039305	mmd_Loss: 0.066956	l1_Loss: 0.010885
Train source2 iter: 30 [(28%)]	Loss: 0.140990	RUL_Loss: 0.120313	mmd_Loss: 0.013199	l1_Loss: 0.010071
Train source1 iter: 40 [(38%)]	Loss: 0.105421	RUL_Loss: 0.035322	mmd_Loss: 0.063015	l1_Loss: 0.010379
Train source2 iter: 40 [(38%)]	Loss: 0.152324	RUL_Loss: 0.131439	mmd_Loss: 0.012576	l1_Loss: 0.009290
Train source1 iter: 50 [(47%)]	Loss: 0.101272	RUL_Loss: 0.034948	mmd_Loss: 0.057310	l1_Loss: 0.010212
Train source2 iter: 50 [(47%)]	Loss: 0.145734	RUL_Loss: 0.124540	mmd_Loss: 0.010958	l1_Loss: 0.010618
Train source1 iter: 60 [(57%)]	Loss: 0.111757	RUL_Loss: 0.040730	mmd_Loss: 0.061325	l1_Loss: 0.010198
Train source2 iter: 60 [(57%)]	Loss: 0.146853	RUL_Loss: 0.123027	mmd_Loss: 0.013740	l1_Loss: 0.010252
Train source1 iter: 70 [(66%)]	Loss: 0.099527	RUL_Loss: 0.033480	mmd_Loss: 0.055971	l1_Loss: 0.010256
Train source2 iter: 70 [(66%)]	Loss: 0.135263	RUL_Loss: 0.112768	mmd_Loss: 0.012465	l1_Loss: 0.010090
Train source1 iter: 80 [(75%)]	Loss: 0.102122	RUL_Loss: 0.031333	mmd_Loss: 0.061055	l1_Loss: 0.009809
Train source2 iter: 80 [(75%)]	Loss: 0.132706	RUL_Loss: 0.109696	mmd_Loss: 0.012305	l1_Loss: 0.010729
Train source1 iter: 90 [(85%)]	Loss: 0.107266	RUL_Loss: 0.038027	mmd_Loss: 0.059410	l1_Loss: 0.009857
Train source2 iter: 90 [(85%)]	Loss: 0.146084	RUL_Loss: 0.124471	mmd_Loss: 0.010323	l1_Loss: 0.011298
Train source1 iter: 100 [(94%)]	Loss: 0.111452	RUL_Loss: 0.034954	mmd_Loss: 0.065302	l1_Loss: 0.011208
Train source2 iter: 100 [(94%)]	Loss: 0.147022	RUL_Loss: 0.126595	mmd_Loss: 0.010586	l1_Loss: 0.009844
Train epochs:1.000000	
Train source1 iter: 10 [(9%)]	Loss: 0.048147	RUL_Loss: 0.033651	mmd_Loss: 0.024448	l1_Loss: 0.008530
Train source2 iter: 10 [(9%)]	Loss: 0.121902	RUL_Loss: 0.113021	mmd_Loss: 0.012084	l1_Loss: 0.008117
Train source1 iter: 20 [(19%)]	Loss: 0.057164	RUL_Loss: 0.034555	mmd_Loss: 0.024108	l1_Loss: 0.006578
Train source2 iter: 20 [(19%)]	Loss: 0.117916	RUL_Loss: 0.105928	mmd_Loss: 0.009795	l1_Loss: 0.006475
Train source1 iter: 30 [(28%)]	Loss: 0.060219	RUL_Loss: 0.031037	mmd_Loss: 0.026565	l1_Loss: 0.006276
Train source2 iter: 30 [(28%)]	Loss: 0.127739	RUL_Loss: 0.110708	mmd_Loss: 0.012576	l1_Loss: 0.006591
Train source1 iter: 40 [(38%)]	Loss: 0.063021	RUL_Loss: 0.032256	mmd_Loss: 0.026315	l1_Loss: 0.005897
Train source2 iter: 40 [(38%)]	Loss: 0.117681	RUL_Loss: 0.097710	mmd_Loss: 0.013773	l1_Loss: 0.007136
Train source1 iter: 50 [(47%)]	Loss: 0.065586	RUL_Loss: 0.036340	mmd_Loss: 0.022936	l1_Loss: 0.006838
Train source2 iter: 50 [(47%)]	Loss: 0.128346	RUL_Loss: 0.109976	mmd_Loss: 0.011684	l1_Loss: 0.007017
Train source1 iter: 60 [(57%)]	Loss: 0.070240	RUL_Loss: 0.034392	mmd_Loss: 0.030044	l1_Loss: 0.006054
Train source2 iter: 60 [(57%)]	Loss: 0.122802	RUL_Loss: 0.104742	mmd_Loss: 0.011646	l1_Loss: 0.006540
Train source1 iter: 70 [(66%)]	Loss: 0.066295	RUL_Loss: 0.032044	mmd_Loss: 0.027668	l1_Loss: 0.006676
Train source2 iter: 70 [(66%)]	Loss: 0.121255	RUL_Loss: 0.103567	mmd_Loss: 0.011048	l1_Loss: 0.006688
Train source1 iter: 80 [(75%)]	Loss: 0.063157	RUL_Loss: 0.031068	mmd_Loss: 0.025616	l1_Loss: 0.006506
Train source2 iter: 80 [(75%)]	Loss: 0.125640	RUL_Loss: 0.102439	mmd_Loss: 0.016244	l1_Loss: 0.006980
Train source1 iter: 90 [(85%)]	Loss: 0.064015	RUL_Loss: 0.029363	mmd_Loss: 0.027965	l1_Loss: 0.006701
Train source2 iter: 90 [(85%)]	Loss: 0.126433	RUL_Loss: 0.107388	mmd_Loss: 0.012829	l1_Loss: 0.006223
Train source1 iter: 100 [(94%)]	Loss: 0.066513	RUL_Loss: 0.033270	mmd_Loss: 0.026685	l1_Loss: 0.006564
Train source2 iter: 100 [(94%)]	Loss: 0.124786	RUL_Loss: 0.105701	mmd_Loss: 0.011888	l1_Loss: 0.007201
Train epochs:2.000000	
Train source1 iter: 10 [(9%)]	Loss: 0.046306	RUL_Loss: 0.031708	mmd_Loss: 0.027781	l1_Loss: 0.005429
Train source2 iter: 10 [(9%)]	Loss: 0.117009	RUL_Loss: 0.108967	mmd_Loss: 0.012730	l1_Loss: 0.005564
Train source1 iter: 20 [(19%)]	Loss: 0.050324	RUL_Loss: 0.028513	mmd_Loss: 0.023138	l1_Loss: 0.006466
Train source2 iter: 20 [(19%)]	Loss: 0.113409	RUL_Loss: 0.099673	mmd_Loss: 0.012552	l1_Loss: 0.006092
Train source1 iter: 30 [(28%)]	Loss: 0.058176	RUL_Loss: 0.033336	mmd_Loss: 0.021909	l1_Loss: 0.006047
Train source2 iter: 30 [(28%)]	Loss: 0.123157	RUL_Loss: 0.107021	mmd_Loss: 0.012482	l1_Loss: 0.005678
Train source1 iter: 40 [(38%)]	Loss: 0.058592	RUL_Loss: 0.031959	mmd_Loss: 0.021995	l1_Loss: 0.005889
Train source2 iter: 40 [(38%)]	Loss: 0.123948	RUL_Loss: 0.107214	mmd_Loss: 0.011803	l1_Loss: 0.005718
Train source1 iter: 50 [(47%)]	Loss: 0.061339	RUL_Loss: 0.030393	mmd_Loss: 0.025292	l1_Loss: 0.006212
Train source2 iter: 50 [(47%)]	Loss: 0.119754	RUL_Loss: 0.103738	mmd_Loss: 0.010661	l1_Loss: 0.005644
Train source1 iter: 60 [(57%)]	Loss: 0.061145	RUL_Loss: 0.031806	mmd_Loss: 0.023697	l1_Loss: 0.005847
Train source2 iter: 60 [(57%)]	Loss: 0.117466	RUL_Loss: 0.100566	mmd_Loss: 0.011026	l1_Loss: 0.005991
Train source1 iter: 70 [(66%)]	Loss: 0.060184	RUL_Loss: 0.030485	mmd_Loss: 0.024060	l1_Loss: 0.005719
Train source2 iter: 70 [(66%)]	Loss: 0.119832	RUL_Loss: 0.101429	mmd_Loss: 0.012933	l1_Loss: 0.005520
Train source1 iter: 80 [(75%)]	Loss: 0.068095	RUL_Loss: 0.033862	mmd_Loss: 0.028563	l1_Loss: 0.005706
Train source2 iter: 80 [(75%)]	Loss: 0.116778	RUL_Loss: 0.099521	mmd_Loss: 0.011641	l1_Loss: 0.005634
Train source1 iter: 90 [(85%)]	Loss: 0.057212	RUL_Loss: 0.028071	mmd_Loss: 0.023416	l1_Loss: 0.005736
Train source2 iter: 90 [(85%)]	Loss: 0.113985	RUL_Loss: 0.095634	mmd_Loss: 0.011862	l1_Loss: 0.006496
Train source1 iter: 100 [(94%)]	Loss: 0.065942	RUL_Loss: 0.033572	mmd_Loss: 0.026580	l1_Loss: 0.005796
Train source2 iter: 100 [(94%)]	Loss: 0.119937	RUL_Loss: 0.104053	mmd_Loss: 0.010375	l1_Loss: 0.005511
Train epochs:3.000000	
Train source1 iter: 10 [(9%)]	Loss: 0.046075	RUL_Loss: 0.030474	mmd_Loss: 0.026439	l1_Loss: 0.009052
Train source2 iter: 10 [(9%)]	Loss: 0.096356	RUL_Loss: 0.086494	mmd_Loss: 0.014203	l1_Loss: 0.008232
Train source1 iter: 20 [(19%)]	Loss: 0.057605	RUL_Loss: 0.031675	mmd_Loss: 0.028491	l1_Loss: 0.006703
Train source2 iter: 20 [(19%)]	Loss: 0.095079	RUL_Loss: 0.081155	mmd_Loss: 0.011930	l1_Loss: 0.006968
Train source1 iter: 30 [(28%)]	Loss: 0.053713	RUL_Loss: 0.026964	mmd_Loss: 0.022638	l1_Loss: 0.007467
Train source2 iter: 30 [(28%)]	Loss: 0.105386	RUL_Loss: 0.088356	mmd_Loss: 0.011808	l1_Loss: 0.007358
Train source1 iter: 40 [(38%)]	Loss: 0.062425	RUL_Loss: 0.029820	mmd_Loss: 0.026647	l1_Loss: 0.007491
Train source2 iter: 40 [(38%)]	Loss: 0.104359	RUL_Loss: 0.085671	mmd_Loss: 0.012620	l1_Loss: 0.006947
Train source1 iter: 50 [(47%)]	Loss: 0.059422	RUL_Loss: 0.026951	mmd_Loss: 0.026347	l1_Loss: 0.006709
Train source2 iter: 50 [(47%)]	Loss: 0.106345	RUL_Loss: 0.086316	mmd_Loss: 0.012773	l1_Loss: 0.007617
Train source1 iter: 60 [(57%)]	Loss: 0.062469	RUL_Loss: 0.031202	mmd_Loss: 0.024474	l1_Loss: 0.007012
Train source2 iter: 60 [(57%)]	Loss: 0.108893	RUL_Loss: 0.089054	mmd_Loss: 0.013000	l1_Loss: 0.006976
Train source1 iter: 70 [(66%)]	Loss: 0.060500	RUL_Loss: 0.028400	mmd_Loss: 0.025158	l1_Loss: 0.007030
Train source2 iter: 70 [(66%)]	Loss: 0.104098	RUL_Loss: 0.085355	mmd_Loss: 0.011306	l1_Loss: 0.007489
Train source1 iter: 80 [(75%)]	Loss: 0.062606	RUL_Loss: 0.030146	mmd_Loss: 0.024813	l1_Loss: 0.007682
Train source2 iter: 80 [(75%)]	Loss: 0.101752	RUL_Loss: 0.084683	mmd_Loss: 0.009822	l1_Loss: 0.007265
Train source1 iter: 90 [(85%)]	Loss: 0.062460	RUL_Loss: 0.027099	mmd_Loss: 0.028910	l1_Loss: 0.006466
Train source2 iter: 90 [(85%)]	Loss: 0.092910	RUL_Loss: 0.073487	mmd_Loss: 0.011856	l1_Loss: 0.007575
Train source1 iter: 100 [(94%)]	Loss: 0.055780	RUL_Loss: 0.026663	mmd_Loss: 0.022094	l1_Loss: 0.007028
Train source2 iter: 100 [(94%)]	Loss: 0.114177	RUL_Loss: 0.091571	mmd_Loss: 0.015257	l1_Loss: 0.007353
Train epochs:4.000000	
Train source1 iter: 10 [(9%)]	Loss: 0.045033	RUL_Loss: 0.029184	mmd_Loss: 0.021275	l1_Loss: 0.014780
Train source2 iter: 10 [(9%)]	Loss: 0.070474	RUL_Loss: 0.057506	mmd_Loss: 0.013925	l1_Loss: 0.015578
Train source1 iter: 20 [(19%)]	Loss: 0.053532	RUL_Loss: 0.026603	mmd_Loss: 0.021866	l1_Loss: 0.014684
Train source2 iter: 20 [(19%)]	Loss: 0.076399	RUL_Loss: 0.055851	mmd_Loss: 0.014124	l1_Loss: 0.013765
Train source1 iter: 30 [(28%)]	Loss: 0.062375	RUL_Loss: 0.030954	mmd_Loss: 0.021905	l1_Loss: 0.013456
Train source2 iter: 30 [(28%)]	Loss: 0.078623	RUL_Loss: 0.053798	mmd_Loss: 0.013396	l1_Loss: 0.014542
Train source1 iter: 40 [(38%)]	Loss: 0.062884	RUL_Loss: 0.028266	mmd_Loss: 0.022002	l1_Loss: 0.014243
Train source2 iter: 40 [(38%)]	Loss: 0.076611	RUL_Loss: 0.051518	mmd_Loss: 0.011977	l1_Loss: 0.014297
Train source1 iter: 50 [(47%)]	Loss: 0.061035	RUL_Loss: 0.028359	mmd_Loss: 0.018991	l1_Loss: 0.014274
Train source2 iter: 50 [(47%)]	Loss: 0.095342	RUL_Loss: 0.065153	mmd_Loss: 0.016777	l1_Loss: 0.013957
Train source1 iter: 60 [(57%)]	Loss: 0.064693	RUL_Loss: 0.028416	mmd_Loss: 0.022315	l1_Loss: 0.014215
Train source2 iter: 60 [(57%)]	Loss: 0.082946	RUL_Loss: 0.056612	mmd_Loss: 0.012822	l1_Loss: 0.013696
Train source1 iter: 70 [(66%)]	Loss: 0.065721	RUL_Loss: 0.031256	mmd_Loss: 0.020200	l1_Loss: 0.014359
Train source2 iter: 70 [(66%)]	Loss: 0.084622	RUL_Loss: 0.057963	mmd_Loss: 0.012372	l1_Loss: 0.014359
Train source1 iter: 80 [(75%)]	Loss: 0.072664	RUL_Loss: 0.033546	mmd_Loss: 0.024311	l1_Loss: 0.014849
Train source2 iter: 80 [(75%)]	Loss: 0.086443	RUL_Loss: 0.059810	mmd_Loss: 0.012721	l1_Loss: 0.013940
Train source1 iter: 90 [(85%)]	Loss: 0.067187	RUL_Loss: 0.030283	mmd_Loss: 0.023105	l1_Loss: 0.013815
Train source2 iter: 90 [(85%)]	Loss: 0.082984	RUL_Loss: 0.058298	mmd_Loss: 0.010868	l1_Loss: 0.013829
Train source1 iter: 100 [(94%)]	Loss: 0.066013	RUL_Loss: 0.029419	mmd_Loss: 0.022986	l1_Loss: 0.013613
Train source2 iter: 100 [(94%)]	Loss: 0.090209	RUL_Loss: 0.060558	mmd_Loss: 0.015433	l1_Loss: 0.014223
Train epochs:5.000000	
Train source1 iter: 10 [(9%)]	Loss: 0.044577	RUL_Loss: 0.027393	mmd_Loss: 0.022655	l1_Loss: 0.016437
Train source2 iter: 10 [(9%)]	Loss: 0.070262	RUL_Loss: 0.055466	mmd_Loss: 0.017215	l1_Loss: 0.016445
Train source1 iter: 20 [(19%)]	Loss: 0.057892	RUL_Loss: 0.030482	mmd_Loss: 0.021833	l1_Loss: 0.015369
Train source2 iter: 20 [(19%)]	Loss: 0.078990	RUL_Loss: 0.057247	mmd_Loss: 0.014219	l1_Loss: 0.015293
Train source1 iter: 30 [(28%)]	Loss: 0.058196	RUL_Loss: 0.025549	mmd_Loss: 0.021258	l1_Loss: 0.015483
Train source2 iter: 30 [(28%)]	Loss: 0.077782	RUL_Loss: 0.053122	mmd_Loss: 0.012722	l1_Loss: 0.015031
Train source1 iter: 40 [(38%)]	Loss: 0.063680	RUL_Loss: 0.030544	mmd_Loss: 0.019713	l1_Loss: 0.014981
Train source2 iter: 40 [(38%)]	Loss: 0.082619	RUL_Loss: 0.057800	mmd_Loss: 0.011056	l1_Loss: 0.014929
Train source1 iter: 50 [(47%)]	Loss: 0.063956	RUL_Loss: 0.027968	mmd_Loss: 0.021770	l1_Loss: 0.014867
Train source2 iter: 50 [(47%)]	Loss: 0.086878	RUL_Loss: 0.058572	mmd_Loss: 0.013612	l1_Loss: 0.015204
Train source1 iter: 60 [(57%)]	Loss: 0.061726	RUL_Loss: 0.026284	mmd_Loss: 0.021772	l1_Loss: 0.013918
Train source2 iter: 60 [(57%)]	Loss: 0.083656	RUL_Loss: 0.056447	mmd_Loss: 0.012225	l1_Loss: 0.015175
Train source1 iter: 70 [(66%)]	Loss: 0.065447	RUL_Loss: 0.026425	mmd_Loss: 0.024571	l1_Loss: 0.014557
Train source2 iter: 70 [(66%)]	Loss: 0.084474	RUL_Loss: 0.055738	mmd_Loss: 0.013657	l1_Loss: 0.015157
Train source1 iter: 80 [(75%)]	Loss: 0.063962	RUL_Loss: 0.026490	mmd_Loss: 0.022332	l1_Loss: 0.015179
Train source2 iter: 80 [(75%)]	Loss: 0.088669	RUL_Loss: 0.058340	mmd_Loss: 0.015329	l1_Loss: 0.015032
Train source1 iter: 90 [(85%)]	Loss: 0.065677	RUL_Loss: 0.030732	mmd_Loss: 0.019406	l1_Loss: 0.015553
Train source2 iter: 90 [(85%)]	Loss: 0.085524	RUL_Loss: 0.059091	mmd_Loss: 0.010401	l1_Loss: 0.016042
Train source1 iter: 100 [(94%)]	Loss: 0.064757	RUL_Loss: 0.028158	mmd_Loss: 0.021646	l1_Loss: 0.014959
Train source2 iter: 100 [(94%)]	Loss: 0.088599	RUL_Loss: 0.057429	mmd_Loss: 0.016103	l1_Loss: 0.015072
Train epochs:6.000000	
Train source1 iter: 10 [(9%)]	Loss: 0.047285	RUL_Loss: 0.029897	mmd_Loss: 0.022933	l1_Loss: 0.016623
Train source2 iter: 10 [(9%)]	Loss: 0.062985	RUL_Loss: 0.050779	mmd_Loss: 0.011902	l1_Loss: 0.015867
Train source1 iter: 20 [(19%)]	Loss: 0.050170	RUL_Loss: 0.024686	mmd_Loss: 0.019239	l1_Loss: 0.015349
Train source2 iter: 20 [(19%)]	Loss: 0.067061	RUL_Loss: 0.047011	mmd_Loss: 0.012852	l1_Loss: 0.014360
Train source1 iter: 30 [(28%)]	Loss: 0.061092	RUL_Loss: 0.026980	mmd_Loss: 0.023883	l1_Loss: 0.014507
Train source2 iter: 30 [(28%)]	Loss: 0.072670	RUL_Loss: 0.049195	mmd_Loss: 0.011000	l1_Loss: 0.015419
Train source1 iter: 40 [(38%)]	Loss: 0.063685	RUL_Loss: 0.030257	mmd_Loss: 0.020521	l1_Loss: 0.014478
Train source2 iter: 40 [(38%)]	Loss: 0.078373	RUL_Loss: 0.052964	mmd_Loss: 0.012120	l1_Loss: 0.014483
Train source1 iter: 50 [(47%)]	Loss: 0.065168	RUL_Loss: 0.030238	mmd_Loss: 0.021356	l1_Loss: 0.014204
Train source2 iter: 50 [(47%)]	Loss: 0.074605	RUL_Loss: 0.050772	mmd_Loss: 0.009290	l1_Loss: 0.014974
Train source1 iter: 60 [(57%)]	Loss: 0.066562	RUL_Loss: 0.029838	mmd_Loss: 0.021994	l1_Loss: 0.014987
Train source2 iter: 60 [(57%)]	Loss: 0.078787	RUL_Loss: 0.050251	mmd_Loss: 0.013284	l1_Loss: 0.015451
Train source1 iter: 70 [(66%)]	Loss: 0.063616	RUL_Loss: 0.028125	mmd_Loss: 0.020542	l1_Loss: 0.015045
Train source2 iter: 70 [(66%)]	Loss: 0.078042	RUL_Loss: 0.052316	mmd_Loss: 0.010533	l1_Loss: 0.015263
Train source1 iter: 80 [(75%)]	Loss: 0.065510	RUL_Loss: 0.028555	mmd_Loss: 0.022473	l1_Loss: 0.014521
Train source2 iter: 80 [(75%)]	Loss: 0.082462	RUL_Loss: 0.055249	mmd_Loss: 0.011965	l1_Loss: 0.015276
Train source1 iter: 90 [(85%)]	Loss: 0.065522	RUL_Loss: 0.028833	mmd_Loss: 0.021805	l1_Loss: 0.014899
Train source2 iter: 90 [(85%)]	Loss: 0.080415	RUL_Loss: 0.053946	mmd_Loss: 0.012028	l1_Loss: 0.014452
Train source1 iter: 100 [(94%)]	Loss: 0.066133	RUL_Loss: 0.027434	mmd_Loss: 0.023406	l1_Loss: 0.015300
Train source2 iter: 100 [(94%)]	Loss: 0.082671	RUL_Loss: 0.055592	mmd_Loss: 0.012192	l1_Loss: 0.014891
Train epochs:7.000000	
Train source1 iter: 10 [(9%)]	Loss: 0.045285	RUL_Loss: 0.027044	mmd_Loss: 0.023177	l1_Loss: 0.018321
Train source2 iter: 10 [(9%)]	Loss: 0.069188	RUL_Loss: 0.052752	mmd_Loss: 0.019684	l1_Loss: 0.017708
Train source1 iter: 20 [(19%)]	Loss: 0.056880	RUL_Loss: 0.027412	mmd_Loss: 0.024739	l1_Loss: 0.015256
Train source2 iter: 20 [(19%)]	Loss: 0.074378	RUL_Loss: 0.047973	mmd_Loss: 0.020356	l1_Loss: 0.015483
Train source1 iter: 30 [(28%)]	Loss: 0.059564	RUL_Loss: 0.027549	mmd_Loss: 0.020379	l1_Loss: 0.015650
Train source2 iter: 30 [(28%)]	Loss: 0.080989	RUL_Loss: 0.051678	mmd_Loss: 0.018085	l1_Loss: 0.014902
Train source1 iter: 40 [(38%)]	Loss: 0.063994	RUL_Loss: 0.028008	mmd_Loss: 0.022534	l1_Loss: 0.015144
Train source2 iter: 40 [(38%)]	Loss: 0.082166	RUL_Loss: 0.049622	mmd_Loss: 0.017536	l1_Loss: 0.016539
Train source1 iter: 50 [(47%)]	Loss: 0.066772	RUL_Loss: 0.028323	mmd_Loss: 0.024065	l1_Loss: 0.015078
Train source2 iter: 50 [(47%)]	Loss: 0.082284	RUL_Loss: 0.050095	mmd_Loss: 0.016019	l1_Loss: 0.016751
Train source1 iter: 60 [(57%)]	Loss: 0.064688	RUL_Loss: 0.026593	mmd_Loss: 0.022518	l1_Loss: 0.015844
Train source2 iter: 60 [(57%)]	Loss: 0.077400	RUL_Loss: 0.049693	mmd_Loss: 0.011700	l1_Loss: 0.016202
Train source1 iter: 70 [(66%)]	Loss: 0.066852	RUL_Loss: 0.025960	mmd_Loss: 0.026098	l1_Loss: 0.014904
Train source2 iter: 70 [(66%)]	Loss: 0.082093	RUL_Loss: 0.053341	mmd_Loss: 0.012856	l1_Loss: 0.015974
Train source1 iter: 80 [(75%)]	Loss: 0.065222	RUL_Loss: 0.027208	mmd_Loss: 0.022819	l1_Loss: 0.015236
Train source2 iter: 80 [(75%)]	Loss: 0.086397	RUL_Loss: 0.050736	mmd_Loss: 0.018530	l1_Loss: 0.017169
Train source1 iter: 90 [(85%)]	Loss: 0.063519	RUL_Loss: 0.026390	mmd_Loss: 0.021814	l1_Loss: 0.015330
Train source2 iter: 90 [(85%)]	Loss: 0.083972	RUL_Loss: 0.053747	mmd_Loss: 0.015371	l1_Loss: 0.014867
Train source1 iter: 100 [(94%)]	Loss: 0.065381	RUL_Loss: 0.024867	mmd_Loss: 0.024780	l1_Loss: 0.015740
Train source2 iter: 100 [(94%)]	Loss: 0.081434	RUL_Loss: 0.047874	mmd_Loss: 0.017133	l1_Loss: 0.016432
Train epochs:8.000000	
Train source1 iter: 10 [(9%)]	Loss: 0.046228	RUL_Loss: 0.029821	mmd_Loss: 0.021448	l1_Loss: 0.015876
Train source2 iter: 10 [(9%)]	Loss: 0.056026	RUL_Loss: 0.044521	mmd_Loss: 0.010944	l1_Loss: 0.015231
Train source1 iter: 20 [(19%)]	Loss: 0.056838	RUL_Loss: 0.029020	mmd_Loss: 0.023550	l1_Loss: 0.014206
Train source2 iter: 20 [(19%)]	Loss: 0.072343	RUL_Loss: 0.049733	mmd_Loss: 0.016980	l1_Loss: 0.013708
Train source1 iter: 30 [(28%)]	Loss: 0.057404	RUL_Loss: 0.026976	mmd_Loss: 0.020437	l1_Loss: 0.013807
Train source2 iter: 30 [(28%)]	Loss: 0.070622	RUL_Loss: 0.045746	mmd_Loss: 0.014456	l1_Loss: 0.013540
Train source1 iter: 40 [(38%)]	Loss: 0.062785	RUL_Loss: 0.029754	mmd_Loss: 0.020793	l1_Loss: 0.013792
Train source2 iter: 40 [(38%)]	Loss: 0.078421	RUL_Loss: 0.050695	mmd_Loss: 0.014514	l1_Loss: 0.014515
Train source1 iter: 50 [(47%)]	Loss: 0.059952	RUL_Loss: 0.026678	mmd_Loss: 0.020415	l1_Loss: 0.013460
Train source2 iter: 50 [(47%)]	Loss: 0.071156	RUL_Loss: 0.045701	mmd_Loss: 0.012072	l1_Loss: 0.013842
Train source1 iter: 60 [(57%)]	Loss: 0.057120	RUL_Loss: 0.024604	mmd_Loss: 0.017964	l1_Loss: 0.014779
Train source2 iter: 60 [(57%)]	Loss: 0.074930	RUL_Loss: 0.047320	mmd_Loss: 0.013730	l1_Loss: 0.014072
Train source1 iter: 70 [(66%)]	Loss: 0.063927	RUL_Loss: 0.028022	mmd_Loss: 0.022304	l1_Loss: 0.013699
Train source2 iter: 70 [(66%)]	Loss: 0.070746	RUL_Loss: 0.041634	mmd_Loss: 0.015387	l1_Loss: 0.013804
Train source1 iter: 80 [(75%)]	Loss: 0.066341	RUL_Loss: 0.026481	mmd_Loss: 0.025216	l1_Loss: 0.014686
Train source2 iter: 80 [(75%)]	Loss: 0.079415	RUL_Loss: 0.049525	mmd_Loss: 0.016457	l1_Loss: 0.013465
Train source1 iter: 90 [(85%)]	Loss: 0.066704	RUL_Loss: 0.028724	mmd_Loss: 0.023995	l1_Loss: 0.014001
Train source2 iter: 90 [(85%)]	Loss: 0.079609	RUL_Loss: 0.052394	mmd_Loss: 0.013811	l1_Loss: 0.013415
Train source1 iter: 100 [(94%)]	Loss: 0.065142	RUL_Loss: 0.030257	mmd_Loss: 0.021051	l1_Loss: 0.013840
Train source2 iter: 100 [(94%)]	Loss: 0.071916	RUL_Loss: 0.044183	mmd_Loss: 0.014885	l1_Loss: 0.012852
Train epochs:9.000000	
Train source1 iter: 10 [(9%)]	Loss: 0.046543	RUL_Loss: 0.030911	mmd_Loss: 0.021527	l1_Loss: 0.014036
Train source2 iter: 10 [(9%)]	Loss: 0.059257	RUL_Loss: 0.047872	mmd_Loss: 0.013301	l1_Loss: 0.012600
Train source1 iter: 20 [(19%)]	Loss: 0.052822	RUL_Loss: 0.028972	mmd_Loss: 0.020038	l1_Loss: 0.012332
Train source2 iter: 20 [(19%)]	Loss: 0.062449	RUL_Loss: 0.043726	mmd_Loss: 0.012506	l1_Loss: 0.012906
Train source1 iter: 30 [(28%)]	Loss: 0.057984	RUL_Loss: 0.028159	mmd_Loss: 0.021735	l1_Loss: 0.011830
Train source2 iter: 30 [(28%)]	Loss: 0.064853	RUL_Loss: 0.041836	mmd_Loss: 0.013218	l1_Loss: 0.012684
Train source1 iter: 40 [(38%)]	Loss: 0.056657	RUL_Loss: 0.025326	mmd_Loss: 0.019529	l1_Loss: 0.013274
Train source2 iter: 40 [(38%)]	Loss: 0.069488	RUL_Loss: 0.043041	mmd_Loss: 0.015380	l1_Loss: 0.012311
Train source1 iter: 50 [(47%)]	Loss: 0.062634	RUL_Loss: 0.028292	mmd_Loss: 0.021725	l1_Loss: 0.013236
Train source2 iter: 50 [(47%)]	Loss: 0.074181	RUL_Loss: 0.046129	mmd_Loss: 0.015610	l1_Loss: 0.012948
Train source1 iter: 60 [(57%)]	Loss: 0.060189	RUL_Loss: 0.026514	mmd_Loss: 0.022182	l1_Loss: 0.011728
Train source2 iter: 60 [(57%)]	Loss: 0.073996	RUL_Loss: 0.045274	mmd_Loss: 0.015717	l1_Loss: 0.013205
Train source1 iter: 70 [(66%)]	Loss: 0.059044	RUL_Loss: 0.024710	mmd_Loss: 0.021579	l1_Loss: 0.012847
Train source2 iter: 70 [(66%)]	Loss: 0.070814	RUL_Loss: 0.043865	mmd_Loss: 0.014534	l1_Loss: 0.012488
Train source1 iter: 80 [(75%)]	Loss: 0.066514	RUL_Loss: 0.030464	mmd_Loss: 0.023632	l1_Loss: 0.012456
Train source2 iter: 80 [(75%)]	Loss: 0.073919	RUL_Loss: 0.045108	mmd_Loss: 0.017117	l1_Loss: 0.011725
Train source1 iter: 90 [(85%)]	Loss: 0.058824	RUL_Loss: 0.027549	mmd_Loss: 0.019163	l1_Loss: 0.012124
Train source2 iter: 90 [(85%)]	Loss: 0.072015	RUL_Loss: 0.045392	mmd_Loss: 0.013694	l1_Loss: 0.012940
Train source1 iter: 100 [(94%)]	Loss: 0.059812	RUL_Loss: 0.027421	mmd_Loss: 0.020129	l1_Loss: 0.012267
Train source2 iter: 100 [(94%)]	Loss: 0.071410	RUL_Loss: 0.043855	mmd_Loss: 0.014908	l1_Loss: 0.012651
Train epochs:10.000000	
Train source1 iter: 10 [(9%)]	Loss: 0.037408	RUL_Loss: 0.024114	mmd_Loss: 0.017210	l1_Loss: 0.013034
Train source2 iter: 10 [(9%)]	Loss: 0.054308	RUL_Loss: 0.044521	mmd_Loss: 0.009932	l1_Loss: 0.012334
Train source1 iter: 20 [(19%)]	Loss: 0.046946	RUL_Loss: 0.024449	mmd_Loss: 0.019531	l1_Loss: 0.011003
Train source2 iter: 20 [(19%)]	Loss: 0.058564	RUL_Loss: 0.041735	mmd_Loss: 0.011600	l1_Loss: 0.011242
Train source1 iter: 30 [(28%)]	Loss: 0.051718	RUL_Loss: 0.025940	mmd_Loss: 0.017451	l1_Loss: 0.011559
Train source2 iter: 30 [(28%)]	Loss: 0.061732	RUL_Loss: 0.040935	mmd_Loss: 0.011654	l1_Loss: 0.011750
Train source1 iter: 40 [(38%)]	Loss: 0.052777	RUL_Loss: 0.025385	mmd_Loss: 0.017201	l1_Loss: 0.011479
Train source2 iter: 40 [(38%)]	Loss: 0.067165	RUL_Loss: 0.046504	mmd_Loss: 0.009958	l1_Loss: 0.011675
Train source1 iter: 50 [(47%)]	Loss: 0.053993	RUL_Loss: 0.024065	mmd_Loss: 0.019188	l1_Loss: 0.011281
Train source2 iter: 50 [(47%)]	Loss: 0.062244	RUL_Loss: 0.040736	mmd_Loss: 0.009980	l1_Loss: 0.011916
Train source1 iter: 60 [(57%)]	Loss: 0.056640	RUL_Loss: 0.026229	mmd_Loss: 0.019226	l1_Loss: 0.011397
Train source2 iter: 60 [(57%)]	Loss: 0.066509	RUL_Loss: 0.044889	mmd_Loss: 0.010319	l1_Loss: 0.011452
Train source1 iter: 70 [(66%)]	Loss: 0.056196	RUL_Loss: 0.024964	mmd_Loss: 0.019801	l1_Loss: 0.011515
Train source2 iter: 70 [(66%)]	Loss: 0.062548	RUL_Loss: 0.040739	mmd_Loss: 0.011174	l1_Loss: 0.010694
Train source1 iter: 80 [(75%)]	Loss: 0.054271	RUL_Loss: 0.027201	mmd_Loss: 0.015369	l1_Loss: 0.011729
Train source2 iter: 80 [(75%)]	Loss: 0.065696	RUL_Loss: 0.043164	mmd_Loss: 0.011569	l1_Loss: 0.010986
Train source1 iter: 90 [(85%)]	Loss: 0.057746	RUL_Loss: 0.028443	mmd_Loss: 0.018135	l1_Loss: 0.011181
Train source2 iter: 90 [(85%)]	Loss: 0.067813	RUL_Loss: 0.043052	mmd_Loss: 0.012590	l1_Loss: 0.012182
Train source1 iter: 100 [(94%)]	Loss: 0.057360	RUL_Loss: 0.027062	mmd_Loss: 0.018616	l1_Loss: 0.011687
Train source2 iter: 100 [(94%)]	Loss: 0.064699	RUL_Loss: 0.045148	mmd_Loss: 0.008625	l1_Loss: 0.010929
Train epochs:11.000000	
Train source1 iter: 10 [(9%)]	Loss: 0.039338	RUL_Loss: 0.026475	mmd_Loss: 0.019878	l1_Loss: 0.009384
Train source2 iter: 10 [(9%)]	Loss: 0.057414	RUL_Loss: 0.048320	mmd_Loss: 0.012004	l1_Loss: 0.008686
Train source1 iter: 20 [(19%)]	Loss: 0.045663	RUL_Loss: 0.024297	mmd_Loss: 0.020359	l1_Loss: 0.008641
Train source2 iter: 20 [(19%)]	Loss: 0.055475	RUL_Loss: 0.041349	mmd_Loss: 0.010173	l1_Loss: 0.009000
Train source1 iter: 30 [(28%)]	Loss: 0.049577	RUL_Loss: 0.023810	mmd_Loss: 0.020426	l1_Loss: 0.008572
Train source2 iter: 30 [(28%)]	Loss: 0.064370	RUL_Loss: 0.043821	mmd_Loss: 0.014560	l1_Loss: 0.008566
Train source1 iter: 40 [(38%)]	Loss: 0.051563	RUL_Loss: 0.023991	mmd_Loss: 0.019662	l1_Loss: 0.009206
Train source2 iter: 40 [(38%)]	Loss: 0.066378	RUL_Loss: 0.048072	mmd_Loss: 0.010943	l1_Loss: 0.008224
Train source1 iter: 50 [(47%)]	Loss: 0.049301	RUL_Loss: 0.024293	mmd_Loss: 0.016823	l1_Loss: 0.008637
Train source2 iter: 50 [(47%)]	Loss: 0.063282	RUL_Loss: 0.041909	mmd_Loss: 0.012978	l1_Loss: 0.008780
Train source1 iter: 60 [(57%)]	Loss: 0.053591	RUL_Loss: 0.027449	mmd_Loss: 0.017727	l1_Loss: 0.008598
Train source2 iter: 60 [(57%)]	Loss: 0.062963	RUL_Loss: 0.042879	mmd_Loss: 0.011668	l1_Loss: 0.008557
Train source1 iter: 70 [(66%)]	Loss: 0.052799	RUL_Loss: 0.027008	mmd_Loss: 0.017331	l1_Loss: 0.008531
Train source2 iter: 70 [(66%)]	Loss: 0.063100	RUL_Loss: 0.043737	mmd_Loss: 0.010578	l1_Loss: 0.008837
Train source1 iter: 80 [(75%)]	Loss: 0.054180	RUL_Loss: 0.026003	mmd_Loss: 0.019443	l1_Loss: 0.008763
Train source2 iter: 80 [(75%)]	Loss: 0.059205	RUL_Loss: 0.040636	mmd_Loss: 0.010121	l1_Loss: 0.008468
Train source1 iter: 90 [(85%)]	Loss: 0.052404	RUL_Loss: 0.027517	mmd_Loss: 0.016564	l1_Loss: 0.008333
Train source2 iter: 90 [(85%)]	Loss: 0.061624	RUL_Loss: 0.039710	mmd_Loss: 0.012747	l1_Loss: 0.009175
Train source1 iter: 100 [(94%)]	Loss: 0.051674	RUL_Loss: 0.023809	mmd_Loss: 0.019223	l1_Loss: 0.008647
Train source2 iter: 100 [(94%)]	Loss: 0.069213	RUL_Loss: 0.047488	mmd_Loss: 0.013090	l1_Loss: 0.008639
Train epochs:12.000000	
Train source1 iter: 10 [(9%)]	Loss: 0.036185	RUL_Loss: 0.025855	mmd_Loss: 0.013982	l1_Loss: 0.009518
Train source2 iter: 10 [(9%)]	Loss: 0.052662	RUL_Loss: 0.042491	mmd_Loss: 0.012812	l1_Loss: 0.010326
Train source1 iter: 20 [(19%)]	Loss: 0.043411	RUL_Loss: 0.024887	mmd_Loss: 0.016310	l1_Loss: 0.008831
Train source2 iter: 20 [(19%)]	Loss: 0.060001	RUL_Loss: 0.044765	mmd_Loss: 0.012301	l1_Loss: 0.008378
Train source1 iter: 30 [(28%)]	Loss: 0.051695	RUL_Loss: 0.027007	mmd_Loss: 0.018643	l1_Loss: 0.009141
Train source2 iter: 30 [(28%)]	Loss: 0.060986	RUL_Loss: 0.042126	mmd_Loss: 0.012083	l1_Loss: 0.009143
Train source1 iter: 40 [(38%)]	Loss: 0.049517	RUL_Loss: 0.025886	mmd_Loss: 0.015963	l1_Loss: 0.008779
Train source2 iter: 40 [(38%)]	Loss: 0.065872	RUL_Loss: 0.042032	mmd_Loss: 0.015557	l1_Loss: 0.009403
Train source1 iter: 50 [(47%)]	Loss: 0.050891	RUL_Loss: 0.023105	mmd_Loss: 0.019415	l1_Loss: 0.008872
Train source2 iter: 50 [(47%)]	Loss: 0.061478	RUL_Loss: 0.042069	mmd_Loss: 0.010633	l1_Loss: 0.009127
Train source1 iter: 60 [(57%)]	Loss: 0.049584	RUL_Loss: 0.024069	mmd_Loss: 0.016129	l1_Loss: 0.009565
Train source2 iter: 60 [(57%)]	Loss: 0.059000	RUL_Loss: 0.038479	mmd_Loss: 0.011797	l1_Loss: 0.008867
Train source1 iter: 70 [(66%)]	Loss: 0.051551	RUL_Loss: 0.025793	mmd_Loss: 0.016663	l1_Loss: 0.009164
Train source2 iter: 70 [(66%)]	Loss: 0.063329	RUL_Loss: 0.040183	mmd_Loss: 0.013355	l1_Loss: 0.009853
Train source1 iter: 80 [(75%)]	Loss: 0.051461	RUL_Loss: 0.026563	mmd_Loss: 0.016227	l1_Loss: 0.008697
Train source2 iter: 80 [(75%)]	Loss: 0.066703	RUL_Loss: 0.040803	mmd_Loss: 0.016930	l1_Loss: 0.008997
Train source1 iter: 90 [(85%)]	Loss: 0.051706	RUL_Loss: 0.026113	mmd_Loss: 0.016380	l1_Loss: 0.009224
Train source2 iter: 90 [(85%)]	Loss: 0.065664	RUL_Loss: 0.043071	mmd_Loss: 0.013222	l1_Loss: 0.009380
Train source1 iter: 100 [(94%)]	Loss: 0.052385	RUL_Loss: 0.026182	mmd_Loss: 0.017742	l1_Loss: 0.008466
Train source2 iter: 100 [(94%)]	Loss: 0.063345	RUL_Loss: 0.042795	mmd_Loss: 0.010895	l1_Loss: 0.009658
Train epochs:13.000000	
Train source1 iter: 10 [(9%)]	Loss: 0.037590	RUL_Loss: 0.026109	mmd_Loss: 0.015022	l1_Loss: 0.011096
Train source2 iter: 10 [(9%)]	Loss: 0.055911	RUL_Loss: 0.045685	mmd_Loss: 0.012923	l1_Loss: 0.010341
Train source1 iter: 20 [(19%)]	Loss: 0.044704	RUL_Loss: 0.024223	mmd_Loss: 0.019424	l1_Loss: 0.008373
Train source2 iter: 20 [(19%)]	Loss: 0.055775	RUL_Loss: 0.040838	mmd_Loss: 0.010639	l1_Loss: 0.009634
Train source1 iter: 30 [(28%)]	Loss: 0.048751	RUL_Loss: 0.025559	mmd_Loss: 0.016745	l1_Loss: 0.009355
Train source2 iter: 30 [(28%)]	Loss: 0.057594	RUL_Loss: 0.038442	mmd_Loss: 0.013154	l1_Loss: 0.008400
Train source1 iter: 40 [(38%)]	Loss: 0.047715	RUL_Loss: 0.024924	mmd_Loss: 0.015433	l1_Loss: 0.008429
Train source2 iter: 40 [(38%)]	Loss: 0.061355	RUL_Loss: 0.043049	mmd_Loss: 0.009936	l1_Loss: 0.009231
Train source1 iter: 50 [(47%)]	Loss: 0.050188	RUL_Loss: 0.027140	mmd_Loss: 0.014956	l1_Loss: 0.008508
Train source2 iter: 50 [(47%)]	Loss: 0.063079	RUL_Loss: 0.039376	mmd_Loss: 0.015471	l1_Loss: 0.008661
Train source1 iter: 60 [(57%)]	Loss: 0.053267	RUL_Loss: 0.025480	mmd_Loss: 0.018305	l1_Loss: 0.009676
Train source2 iter: 60 [(57%)]	Loss: 0.071555	RUL_Loss: 0.041431	mmd_Loss: 0.020987	l1_Loss: 0.009348
Train source1 iter: 70 [(66%)]	Loss: 0.050443	RUL_Loss: 0.025246	mmd_Loss: 0.016600	l1_Loss: 0.008665
Train source2 iter: 70 [(66%)]	Loss: 0.062171	RUL_Loss: 0.041058	mmd_Loss: 0.011788	l1_Loss: 0.009382
Train source1 iter: 80 [(75%)]	Loss: 0.047909	RUL_Loss: 0.024611	mmd_Loss: 0.015384	l1_Loss: 0.007938
Train source2 iter: 80 [(75%)]	Loss: 0.062441	RUL_Loss: 0.042181	mmd_Loss: 0.012178	l1_Loss: 0.008103
Train source1 iter: 90 [(85%)]	Loss: 0.050361	RUL_Loss: 0.024129	mmd_Loss: 0.017532	l1_Loss: 0.008711
Train source2 iter: 90 [(85%)]	Loss: 0.069857	RUL_Loss: 0.040428	mmd_Loss: 0.020550	l1_Loss: 0.008891
Train source1 iter: 100 [(94%)]	Loss: 0.047216	RUL_Loss: 0.021944	mmd_Loss: 0.016407	l1_Loss: 0.008869
Train source2 iter: 100 [(94%)]	Loss: 0.061095	RUL_Loss: 0.037950	mmd_Loss: 0.014437	l1_Loss: 0.008712
Train epochs:14.000000	
Train source1 iter: 10 [(9%)]	Loss: 0.034994	RUL_Loss: 0.024205	mmd_Loss: 0.018062	l1_Loss: 0.006481
Train source2 iter: 10 [(9%)]	Loss: 0.047684	RUL_Loss: 0.038630	mmd_Loss: 0.014365	l1_Loss: 0.006232
Train source1 iter: 20 [(19%)]	Loss: 0.043604	RUL_Loss: 0.027656	mmd_Loss: 0.015758	l1_Loss: 0.005888
Train source2 iter: 20 [(19%)]	Loss: 0.059153	RUL_Loss: 0.042824	mmd_Loss: 0.015409	l1_Loss: 0.006753
Train source1 iter: 30 [(28%)]	Loss: 0.046329	RUL_Loss: 0.023909	mmd_Loss: 0.018914	l1_Loss: 0.006317
Train source2 iter: 30 [(28%)]	Loss: 0.061016	RUL_Loss: 0.039107	mmd_Loss: 0.018061	l1_Loss: 0.006596
Train source1 iter: 40 [(38%)]	Loss: 0.046662	RUL_Loss: 0.025733	mmd_Loss: 0.015555	l1_Loss: 0.006358
Train source2 iter: 40 [(38%)]	Loss: 0.063778	RUL_Loss: 0.038535	mmd_Loss: 0.019861	l1_Loss: 0.006569
Train source1 iter: 50 [(47%)]	Loss: 0.046613	RUL_Loss: 0.022784	mmd_Loss: 0.017188	l1_Loss: 0.007071
Train source2 iter: 50 [(47%)]	Loss: 0.056981	RUL_Loss: 0.038305	mmd_Loss: 0.012586	l1_Loss: 0.006428
Train source1 iter: 60 [(57%)]	Loss: 0.050397	RUL_Loss: 0.026155	mmd_Loss: 0.017937	l1_Loss: 0.006474
Train source2 iter: 60 [(57%)]	Loss: 0.062667	RUL_Loss: 0.042706	mmd_Loss: 0.013445	l1_Loss: 0.006655
Train source1 iter: 70 [(66%)]	Loss: 0.044324	RUL_Loss: 0.021993	mmd_Loss: 0.016038	l1_Loss: 0.006354
Train source2 iter: 70 [(66%)]	Loss: 0.060387	RUL_Loss: 0.036578	mmd_Loss: 0.017310	l1_Loss: 0.006563
Train source1 iter: 80 [(75%)]	Loss: 0.048234	RUL_Loss: 0.026224	mmd_Loss: 0.015718	l1_Loss: 0.006316
Train source2 iter: 80 [(75%)]	Loss: 0.061056	RUL_Loss: 0.040270	mmd_Loss: 0.014574	l1_Loss: 0.006234
Train source1 iter: 90 [(85%)]	Loss: 0.046803	RUL_Loss: 0.025554	mmd_Loss: 0.015249	l1_Loss: 0.006009
Train source2 iter: 90 [(85%)]	Loss: 0.059073	RUL_Loss: 0.040124	mmd_Loss: 0.011959	l1_Loss: 0.006998
Train source1 iter: 100 [(94%)]	Loss: 0.043147	RUL_Loss: 0.023071	mmd_Loss: 0.014092	l1_Loss: 0.005988
Train source2 iter: 100 [(94%)]	Loss: 0.059323	RUL_Loss: 0.040027	mmd_Loss: 0.012912	l1_Loss: 0.006387
Train epochs:15.000000	
Train source1 iter: 10 [(9%)]	Loss: 0.033551	RUL_Loss: 0.023143	mmd_Loss: 0.017393	l1_Loss: 0.006283
Train source2 iter: 10 [(9%)]	Loss: 0.049871	RUL_Loss: 0.040416	mmd_Loss: 0.014890	l1_Loss: 0.006617
Train source1 iter: 20 [(19%)]	Loss: 0.038067	RUL_Loss: 0.022311	mmd_Loss: 0.015188	l1_Loss: 0.006198
Train source2 iter: 20 [(19%)]	Loss: 0.051862	RUL_Loss: 0.037376	mmd_Loss: 0.013443	l1_Loss: 0.006218
Train source1 iter: 30 [(28%)]	Loss: 0.044694	RUL_Loss: 0.025015	mmd_Loss: 0.015771	l1_Loss: 0.006375
Train source2 iter: 30 [(28%)]	Loss: 0.058074	RUL_Loss: 0.041229	mmd_Loss: 0.013069	l1_Loss: 0.005889
Train source1 iter: 40 [(38%)]	Loss: 0.044998	RUL_Loss: 0.023379	mmd_Loss: 0.016391	l1_Loss: 0.006245
Train source2 iter: 40 [(38%)]	Loss: 0.060184	RUL_Loss: 0.040464	mmd_Loss: 0.014315	l1_Loss: 0.006334
Train source1 iter: 50 [(47%)]	Loss: 0.047411	RUL_Loss: 0.025580	mmd_Loss: 0.015796	l1_Loss: 0.006429
Train source2 iter: 50 [(47%)]	Loss: 0.053655	RUL_Loss: 0.037366	mmd_Loss: 0.010965	l1_Loss: 0.005618
Train source1 iter: 60 [(57%)]	Loss: 0.044987	RUL_Loss: 0.023503	mmd_Loss: 0.015732	l1_Loss: 0.005901
Train source2 iter: 60 [(57%)]	Loss: 0.058386	RUL_Loss: 0.042409	mmd_Loss: 0.009730	l1_Loss: 0.006358
Train source1 iter: 70 [(66%)]	Loss: 0.044369	RUL_Loss: 0.024242	mmd_Loss: 0.014289	l1_Loss: 0.005893
Train source2 iter: 70 [(66%)]	Loss: 0.060872	RUL_Loss: 0.041134	mmd_Loss: 0.013754	l1_Loss: 0.006037
Train source1 iter: 80 [(75%)]	Loss: 0.044563	RUL_Loss: 0.024726	mmd_Loss: 0.013473	l1_Loss: 0.006386
Train source2 iter: 80 [(75%)]	Loss: 0.061068	RUL_Loss: 0.037780	mmd_Loss: 0.017778	l1_Loss: 0.005535
Train source1 iter: 90 [(85%)]	Loss: 0.048780	RUL_Loss: 0.025962	mmd_Loss: 0.016398	l1_Loss: 0.006429
Train source2 iter: 90 [(85%)]	Loss: 0.061085	RUL_Loss: 0.042008	mmd_Loss: 0.012841	l1_Loss: 0.006244
Train source1 iter: 100 [(94%)]	Loss: 0.050225	RUL_Loss: 0.025461	mmd_Loss: 0.018084	l1_Loss: 0.006684
Train source2 iter: 100 [(94%)]	Loss: 0.058416	RUL_Loss: 0.038738	mmd_Loss: 0.013558	l1_Loss: 0.006124
Train epochs:16.000000	
Train source1 iter: 10 [(9%)]	Loss: 0.034302	RUL_Loss: 0.024536	mmd_Loss: 0.016920	l1_Loss: 0.005297
Train source2 iter: 10 [(9%)]	Loss: 0.046171	RUL_Loss: 0.038450	mmd_Loss: 0.011782	l1_Loss: 0.005784
Train source1 iter: 20 [(19%)]	Loss: 0.042844	RUL_Loss: 0.026720	mmd_Loss: 0.016468	l1_Loss: 0.005417
Train source2 iter: 20 [(19%)]	Loss: 0.050318	RUL_Loss: 0.038561	mmd_Loss: 0.010572	l1_Loss: 0.005386
Train source1 iter: 30 [(28%)]	Loss: 0.046406	RUL_Loss: 0.028152	mmd_Loss: 0.015424	l1_Loss: 0.005119
Train source2 iter: 30 [(28%)]	Loss: 0.054522	RUL_Loss: 0.038199	mmd_Loss: 0.013154	l1_Loss: 0.005216
Train source1 iter: 40 [(38%)]	Loss: 0.043109	RUL_Loss: 0.023327	mmd_Loss: 0.015690	l1_Loss: 0.005022
Train source2 iter: 40 [(38%)]	Loss: 0.059860	RUL_Loss: 0.040686	mmd_Loss: 0.014897	l1_Loss: 0.005179
Train source1 iter: 50 [(47%)]	Loss: 0.045950	RUL_Loss: 0.023392	mmd_Loss: 0.018160	l1_Loss: 0.004805
Train source2 iter: 50 [(47%)]	Loss: 0.057393	RUL_Loss: 0.040303	mmd_Loss: 0.012516	l1_Loss: 0.004882
Train source1 iter: 60 [(57%)]	Loss: 0.048711	RUL_Loss: 0.026418	mmd_Loss: 0.017275	l1_Loss: 0.005173
Train source2 iter: 60 [(57%)]	Loss: 0.058740	RUL_Loss: 0.044600	mmd_Loss: 0.008838	l1_Loss: 0.005401
Train source1 iter: 70 [(66%)]	Loss: 0.043605	RUL_Loss: 0.024872	mmd_Loss: 0.013128	l1_Loss: 0.005655
Train source2 iter: 70 [(66%)]	Loss: 0.057576	RUL_Loss: 0.036960	mmd_Loss: 0.015381	l1_Loss: 0.005291
Train source1 iter: 80 [(75%)]	Loss: 0.047922	RUL_Loss: 0.023467	mmd_Loss: 0.019376	l1_Loss: 0.005105
Train source2 iter: 80 [(75%)]	Loss: 0.056228	RUL_Loss: 0.037757	mmd_Loss: 0.013056	l1_Loss: 0.005434
Train source1 iter: 90 [(85%)]	Loss: 0.047973	RUL_Loss: 0.023861	mmd_Loss: 0.018861	l1_Loss: 0.005261
Train source2 iter: 90 [(85%)]	Loss: 0.061277	RUL_Loss: 0.040156	mmd_Loss: 0.016020	l1_Loss: 0.005109
Train source1 iter: 100 [(94%)]	Loss: 0.048485	RUL_Loss: 0.027757	mmd_Loss: 0.015789	l1_Loss: 0.004942
Train source2 iter: 100 [(94%)]	Loss: 0.054030	RUL_Loss: 0.038827	mmd_Loss: 0.010333	l1_Loss: 0.004872
Train epochs:17.000000	
Train source1 iter: 10 [(9%)]	Loss: 0.035548	RUL_Loss: 0.026350	mmd_Loss: 0.015635	l1_Loss: 0.005291
Train source2 iter: 10 [(9%)]	Loss: 0.046012	RUL_Loss: 0.037332	mmd_Loss: 0.014796	l1_Loss: 0.004949
Train source1 iter: 20 [(19%)]	Loss: 0.042272	RUL_Loss: 0.025578	mmd_Loss: 0.017799	l1_Loss: 0.004858
Train source2 iter: 20 [(19%)]	Loss: 0.055561	RUL_Loss: 0.041469	mmd_Loss: 0.014345	l1_Loss: 0.004782
Train source1 iter: 30 [(28%)]	Loss: 0.041569	RUL_Loss: 0.022300	mmd_Loss: 0.016567	l1_Loss: 0.005118
Train source2 iter: 30 [(28%)]	Loss: 0.070763	RUL_Loss: 0.047831	mmd_Loss: 0.022004	l1_Loss: 0.003803
Train source1 iter: 40 [(38%)]	Loss: 0.048150	RUL_Loss: 0.027693	mmd_Loss: 0.016700	l1_Loss: 0.004718
Train source2 iter: 40 [(38%)]	Loss: 0.056454	RUL_Loss: 0.038052	mmd_Loss: 0.014404	l1_Loss: 0.004864
Train source1 iter: 50 [(47%)]	Loss: 0.045812	RUL_Loss: 0.026158	mmd_Loss: 0.015641	l1_Loss: 0.004367
Train source2 iter: 50 [(47%)]	Loss: 0.054786	RUL_Loss: 0.038548	mmd_Loss: 0.012613	l1_Loss: 0.003918
Train source1 iter: 60 [(57%)]	Loss: 0.043735	RUL_Loss: 0.025515	mmd_Loss: 0.013723	l1_Loss: 0.004625
Train source2 iter: 60 [(57%)]	Loss: 0.061672	RUL_Loss: 0.041052	mmd_Loss: 0.015953	l1_Loss: 0.004811
Train source1 iter: 70 [(66%)]	Loss: 0.042359	RUL_Loss: 0.023565	mmd_Loss: 0.014393	l1_Loss: 0.004451
Train source2 iter: 70 [(66%)]	Loss: 0.059980	RUL_Loss: 0.041970	mmd_Loss: 0.013361	l1_Loss: 0.004698
Train source1 iter: 80 [(75%)]	Loss: 0.043817	RUL_Loss: 0.022267	mmd_Loss: 0.017234	l1_Loss: 0.004339
Train source2 iter: 80 [(75%)]	Loss: 0.056079	RUL_Loss: 0.035710	mmd_Loss: 0.016047	l1_Loss: 0.004343
Train source1 iter: 90 [(85%)]	Loss: 0.044128	RUL_Loss: 0.023732	mmd_Loss: 0.015733	l1_Loss: 0.004672
Train source2 iter: 90 [(85%)]	Loss: 0.062560	RUL_Loss: 0.039567	mmd_Loss: 0.018383	l1_Loss: 0.004619
Train source1 iter: 100 [(94%)]	Loss: 0.041523	RUL_Loss: 0.022306	mmd_Loss: 0.014349	l1_Loss: 0.004871
Train source2 iter: 100 [(94%)]	Loss: 0.057602	RUL_Loss: 0.036811	mmd_Loss: 0.015780	l1_Loss: 0.005013
Train epochs:18.000000	
Train source1 iter: 10 [(9%)]	Loss: 0.037280	RUL_Loss: 0.028454	mmd_Loss: 0.013251	l1_Loss: 0.006828
Train source2 iter: 10 [(9%)]	Loss: 0.051988	RUL_Loss: 0.041308	mmd_Loss: 0.018251	l1_Loss: 0.006045
Train source1 iter: 20 [(19%)]	Loss: 0.039878	RUL_Loss: 0.024806	mmd_Loss: 0.015445	l1_Loss: 0.005012
Train source2 iter: 20 [(19%)]	Loss: 0.063213	RUL_Loss: 0.040299	mmd_Loss: 0.026353	l1_Loss: 0.004748
Train source1 iter: 30 [(28%)]	Loss: 0.039709	RUL_Loss: 0.023006	mmd_Loss: 0.013761	l1_Loss: 0.005036
Train source2 iter: 30 [(28%)]	Loss: 0.062500	RUL_Loss: 0.045128	mmd_Loss: 0.014711	l1_Loss: 0.004839
Train source1 iter: 40 [(38%)]	Loss: 0.043290	RUL_Loss: 0.023972	mmd_Loss: 0.015345	l1_Loss: 0.004882
Train source2 iter: 40 [(38%)]	Loss: 0.058454	RUL_Loss: 0.039062	mmd_Loss: 0.015383	l1_Loss: 0.004920
Train source1 iter: 50 [(47%)]	Loss: 0.043789	RUL_Loss: 0.025413	mmd_Loss: 0.013915	l1_Loss: 0.004793
Train source2 iter: 50 [(47%)]	Loss: 0.053900	RUL_Loss: 0.035345	mmd_Loss: 0.013849	l1_Loss: 0.005041
Train source1 iter: 60 [(57%)]	Loss: 0.042539	RUL_Loss: 0.025092	mmd_Loss: 0.012818	l1_Loss: 0.004750
Train source2 iter: 60 [(57%)]	Loss: 0.065197	RUL_Loss: 0.040688	mmd_Loss: 0.020292	l1_Loss: 0.004388
Train source1 iter: 70 [(66%)]	Loss: 0.043363	RUL_Loss: 0.022090	mmd_Loss: 0.016427	l1_Loss: 0.004904
Train source2 iter: 70 [(66%)]	Loss: 0.053259	RUL_Loss: 0.034739	mmd_Loss: 0.013896	l1_Loss: 0.004674
Train source1 iter: 80 [(75%)]	Loss: 0.044149	RUL_Loss: 0.022838	mmd_Loss: 0.016637	l1_Loss: 0.004696
Train source2 iter: 80 [(75%)]	Loss: 0.060459	RUL_Loss: 0.040191	mmd_Loss: 0.015193	l1_Loss: 0.005097
Train source1 iter: 90 [(85%)]	Loss: 0.042926	RUL_Loss: 0.025640	mmd_Loss: 0.012564	l1_Loss: 0.004729
Train source2 iter: 90 [(85%)]	Loss: 0.061263	RUL_Loss: 0.036654	mmd_Loss: 0.019756	l1_Loss: 0.004864
Train source1 iter: 100 [(94%)]	Loss: 0.043592	RUL_Loss: 0.023497	mmd_Loss: 0.015671	l1_Loss: 0.004427
Train source2 iter: 100 [(94%)]	Loss: 0.058592	RUL_Loss: 0.036283	mmd_Loss: 0.017187	l1_Loss: 0.005126
Train epochs:19.000000	
Train source1 iter: 10 [(9%)]	Loss: 0.035854	RUL_Loss: 0.025429	mmd_Loss: 0.018317	l1_Loss: 0.005399
Train source2 iter: 10 [(9%)]	Loss: 0.048698	RUL_Loss: 0.038768	mmd_Loss: 0.017613	l1_Loss: 0.004977
Train source1 iter: 20 [(19%)]	Loss: 0.043241	RUL_Loss: 0.027895	mmd_Loss: 0.015848	l1_Loss: 0.004980
Train source2 iter: 20 [(19%)]	Loss: 0.051759	RUL_Loss: 0.038179	mmd_Loss: 0.013903	l1_Loss: 0.004529
Train source1 iter: 30 [(28%)]	Loss: 0.042197	RUL_Loss: 0.024335	mmd_Loss: 0.015238	l1_Loss: 0.004864
Train source2 iter: 30 [(28%)]	Loss: 0.053405	RUL_Loss: 0.036773	mmd_Loss: 0.013809	l1_Loss: 0.004909
Train source1 iter: 40 [(38%)]	Loss: 0.042663	RUL_Loss: 0.023797	mmd_Loss: 0.014611	l1_Loss: 0.005142
Train source2 iter: 40 [(38%)]	Loss: 0.054702	RUL_Loss: 0.039174	mmd_Loss: 0.011398	l1_Loss: 0.004860
Train source1 iter: 50 [(47%)]	Loss: 0.046693	RUL_Loss: 0.026933	mmd_Loss: 0.015512	l1_Loss: 0.004605
Train source2 iter: 50 [(47%)]	Loss: 0.050944	RUL_Loss: 0.036126	mmd_Loss: 0.010477	l1_Loss: 0.004609
Train source1 iter: 60 [(57%)]	Loss: 0.044592	RUL_Loss: 0.025985	mmd_Loss: 0.013718	l1_Loss: 0.005019
Train source2 iter: 60 [(57%)]	Loss: 0.055151	RUL_Loss: 0.037771	mmd_Loss: 0.012478	l1_Loss: 0.005023
Train source1 iter: 70 [(66%)]	Loss: 0.044616	RUL_Loss: 0.025469	mmd_Loss: 0.013977	l1_Loss: 0.005222
Train source2 iter: 70 [(66%)]	Loss: 0.054406	RUL_Loss: 0.035034	mmd_Loss: 0.014618	l1_Loss: 0.004806
Train source1 iter: 80 [(75%)]	Loss: 0.046465	RUL_Loss: 0.025805	mmd_Loss: 0.015584	l1_Loss: 0.005098
Train source2 iter: 80 [(75%)]	Loss: 0.060863	RUL_Loss: 0.038172	mmd_Loss: 0.018205	l1_Loss: 0.004509
Train source1 iter: 90 [(85%)]	Loss: 0.043819	RUL_Loss: 0.024404	mmd_Loss: 0.014211	l1_Loss: 0.005212
Train source2 iter: 90 [(85%)]	Loss: 0.053524	RUL_Loss: 0.037950	mmd_Loss: 0.011069	l1_Loss: 0.004512
Train source1 iter: 100 [(94%)]	Loss: 0.048600	RUL_Loss: 0.025160	mmd_Loss: 0.017743	l1_Loss: 0.005700
Train source2 iter: 100 [(94%)]	Loss: 0.056873	RUL_Loss: 0.036511	mmd_Loss: 0.015609	l1_Loss: 0.004756
Train epochs:20.000000	
Train source1 iter: 10 [(9%)]	Loss: 0.036283	RUL_Loss: 0.025359	mmd_Loss: 0.019014	l1_Loss: 0.005838
Train source2 iter: 10 [(9%)]	Loss: 0.046899	RUL_Loss: 0.038250	mmd_Loss: 0.013961	l1_Loss: 0.005714
Train source1 iter: 20 [(19%)]	Loss: 0.040152	RUL_Loss: 0.025608	mmd_Loss: 0.014351	l1_Loss: 0.005388
Train source2 iter: 20 [(19%)]	Loss: 0.051882	RUL_Loss: 0.039512	mmd_Loss: 0.011291	l1_Loss: 0.005499
Train source1 iter: 30 [(28%)]	Loss: 0.042845	RUL_Loss: 0.025562	mmd_Loss: 0.013878	l1_Loss: 0.005572
Train source2 iter: 30 [(28%)]	Loss: 0.050915	RUL_Loss: 0.035821	mmd_Loss: 0.011700	l1_Loss: 0.005286
Train source1 iter: 40 [(38%)]	Loss: 0.045162	RUL_Loss: 0.028177	mmd_Loss: 0.012700	l1_Loss: 0.005084
Train source2 iter: 40 [(38%)]	Loss: 0.049350	RUL_Loss: 0.034655	mmd_Loss: 0.010376	l1_Loss: 0.005011
Train source1 iter: 50 [(47%)]	Loss: 0.044029	RUL_Loss: 0.024359	mmd_Loss: 0.014183	l1_Loss: 0.005842
Train source2 iter: 50 [(47%)]	Loss: 0.057036	RUL_Loss: 0.038860	mmd_Loss: 0.012833	l1_Loss: 0.005672
Train source1 iter: 60 [(57%)]	Loss: 0.047958	RUL_Loss: 0.027130	mmd_Loss: 0.015402	l1_Loss: 0.005571
Train source2 iter: 60 [(57%)]	Loss: 0.054506	RUL_Loss: 0.036634	mmd_Loss: 0.012248	l1_Loss: 0.005748
Train source1 iter: 70 [(66%)]	Loss: 0.044597	RUL_Loss: 0.026004	mmd_Loss: 0.013036	l1_Loss: 0.005607
Train source2 iter: 70 [(66%)]	Loss: 0.059003	RUL_Loss: 0.041706	mmd_Loss: 0.012698	l1_Loss: 0.004647
Train source1 iter: 80 [(75%)]	Loss: 0.044253	RUL_Loss: 0.025324	mmd_Loss: 0.013715	l1_Loss: 0.005234
Train source2 iter: 80 [(75%)]	Loss: 0.057342	RUL_Loss: 0.041810	mmd_Loss: 0.009548	l1_Loss: 0.006001
Train source1 iter: 90 [(85%)]	Loss: 0.045793	RUL_Loss: 0.026220	mmd_Loss: 0.014080	l1_Loss: 0.005501
Train source2 iter: 90 [(85%)]	Loss: 0.056966	RUL_Loss: 0.035912	mmd_Loss: 0.015279	l1_Loss: 0.005784
Train source1 iter: 100 [(94%)]	Loss: 0.043010	RUL_Loss: 0.025324	mmd_Loss: 0.012687	l1_Loss: 0.005003
Train source2 iter: 100 [(94%)]	Loss: 0.053980	RUL_Loss: 0.039643	mmd_Loss: 0.009220	l1_Loss: 0.005120
Train epochs:21.000000	
Train source1 iter: 10 [(9%)]	Loss: 0.037408	RUL_Loss: 0.027407	mmd_Loss: 0.017934	l1_Loss: 0.004817
Train source2 iter: 10 [(9%)]	Loss: 0.047169	RUL_Loss: 0.039300	mmd_Loss: 0.012992	l1_Loss: 0.004908
Train source1 iter: 20 [(19%)]	Loss: 0.037721	RUL_Loss: 0.024672	mmd_Loss: 0.013294	l1_Loss: 0.004417
Train source2 iter: 20 [(19%)]	Loss: 0.058336	RUL_Loss: 0.039545	mmd_Loss: 0.020876	l1_Loss: 0.004629
Train source1 iter: 30 [(28%)]	Loss: 0.041209	RUL_Loss: 0.023878	mmd_Loss: 0.015013	l1_Loss: 0.004491
Train source2 iter: 30 [(28%)]	Loss: 0.052463	RUL_Loss: 0.037347	mmd_Loss: 0.012478	l1_Loss: 0.004535
Train source1 iter: 40 [(38%)]	Loss: 0.044032	RUL_Loss: 0.028578	mmd_Loss: 0.011946	l1_Loss: 0.004234
Train source2 iter: 40 [(38%)]	Loss: 0.056292	RUL_Loss: 0.035685	mmd_Loss: 0.016783	l1_Loss: 0.004793
Train source1 iter: 50 [(47%)]	Loss: 0.046921	RUL_Loss: 0.026951	mmd_Loss: 0.015588	l1_Loss: 0.004743
Train source2 iter: 50 [(47%)]	Loss: 0.054100	RUL_Loss: 0.035701	mmd_Loss: 0.014128	l1_Loss: 0.004603
Train source1 iter: 60 [(57%)]	Loss: 0.046206	RUL_Loss: 0.028200	mmd_Loss: 0.013718	l1_Loss: 0.004413
Train source2 iter: 60 [(57%)]	Loss: 0.058743	RUL_Loss: 0.037293	mmd_Loss: 0.017312	l1_Loss: 0.004288
Train source1 iter: 70 [(66%)]	Loss: 0.044291	RUL_Loss: 0.025067	mmd_Loss: 0.014543	l1_Loss: 0.004734
Train source2 iter: 70 [(66%)]	Loss: 0.054032	RUL_Loss: 0.037134	mmd_Loss: 0.012855	l1_Loss: 0.004089
Train source1 iter: 80 [(75%)]	Loss: 0.043690	RUL_Loss: 0.024844	mmd_Loss: 0.014187	l1_Loss: 0.004679
Train source2 iter: 80 [(75%)]	Loss: 0.062532	RUL_Loss: 0.039893	mmd_Loss: 0.017460	l1_Loss: 0.005204
Train source1 iter: 90 [(85%)]	Loss: 0.049995	RUL_Loss: 0.027203	mmd_Loss: 0.018902	l1_Loss: 0.003900
Train source2 iter: 90 [(85%)]	Loss: 0.059044	RUL_Loss: 0.037950	mmd_Loss: 0.016218	l1_Loss: 0.004885
Train source1 iter: 100 [(94%)]	Loss: 0.047854	RUL_Loss: 0.025820	mmd_Loss: 0.017358	l1_Loss: 0.004678
Train source2 iter: 100 [(94%)]	Loss: 0.060583	RUL_Loss: 0.037769	mmd_Loss: 0.018556	l1_Loss: 0.004262
Train epochs:22.000000	
Train source1 iter: 10 [(9%)]	Loss: 0.032008	RUL_Loss: 0.023406	mmd_Loss: 0.014617	l1_Loss: 0.004952
Train source2 iter: 10 [(9%)]	Loss: 0.044178	RUL_Loss: 0.036896	mmd_Loss: 0.011626	l1_Loss: 0.004942
Train source1 iter: 20 [(19%)]	Loss: 0.035462	RUL_Loss: 0.022772	mmd_Loss: 0.013410	l1_Loss: 0.003814
Train source2 iter: 20 [(19%)]	Loss: 0.049454	RUL_Loss: 0.038401	mmd_Loss: 0.010843	l1_Loss: 0.004159
Train source1 iter: 30 [(28%)]	Loss: 0.036824	RUL_Loss: 0.022692	mmd_Loss: 0.011608	l1_Loss: 0.004297
Train source2 iter: 30 [(28%)]	Loss: 0.056235	RUL_Loss: 0.039050	mmd_Loss: 0.014951	l1_Loss: 0.004389
Train source1 iter: 40 [(38%)]	Loss: 0.039308	RUL_Loss: 0.023372	mmd_Loss: 0.012476	l1_Loss: 0.004209
Train source2 iter: 40 [(38%)]	Loss: 0.063137	RUL_Loss: 0.044578	mmd_Loss: 0.015345	l1_Loss: 0.004087
Train source1 iter: 50 [(47%)]	Loss: 0.039828	RUL_Loss: 0.024700	mmd_Loss: 0.011359	l1_Loss: 0.004042
Train source2 iter: 50 [(47%)]	Loss: 0.053940	RUL_Loss: 0.037740	mmd_Loss: 0.012141	l1_Loss: 0.004352
Train source1 iter: 60 [(57%)]	Loss: 0.040225	RUL_Loss: 0.023358	mmd_Loss: 0.012536	l1_Loss: 0.004449
Train source2 iter: 60 [(57%)]	Loss: 0.048559	RUL_Loss: 0.033831	mmd_Loss: 0.010369	l1_Loss: 0.004462
Train source1 iter: 70 [(66%)]	Loss: 0.039090	RUL_Loss: 0.023315	mmd_Loss: 0.011742	l1_Loss: 0.004076
Train source2 iter: 70 [(66%)]	Loss: 0.051724	RUL_Loss: 0.038049	mmd_Loss: 0.008919	l1_Loss: 0.004794
Train source1 iter: 80 [(75%)]	Loss: 0.039702	RUL_Loss: 0.023013	mmd_Loss: 0.012499	l1_Loss: 0.004207
Train source2 iter: 80 [(75%)]	Loss: 0.051588	RUL_Loss: 0.036808	mmd_Loss: 0.010389	l1_Loss: 0.004406
Train source1 iter: 90 [(85%)]	Loss: 0.043509	RUL_Loss: 0.026437	mmd_Loss: 0.012928	l1_Loss: 0.004151
Train source2 iter: 90 [(85%)]	Loss: 0.061733	RUL_Loss: 0.040455	mmd_Loss: 0.016789	l1_Loss: 0.004497
Train source1 iter: 100 [(94%)]	Loss: 0.043649	RUL_Loss: 0.028895	mmd_Loss: 0.010635	l1_Loss: 0.004122
Train source2 iter: 100 [(94%)]	Loss: 0.052625	RUL_Loss: 0.037386	mmd_Loss: 0.011219	l1_Loss: 0.004022
Train epochs:23.000000	
Train source1 iter: 10 [(9%)]	Loss: 0.032713	RUL_Loss: 0.025229	mmd_Loss: 0.013114	l1_Loss: 0.003913
Train source2 iter: 10 [(9%)]	Loss: 0.044273	RUL_Loss: 0.036041	mmd_Loss: 0.014793	l1_Loss: 0.003935
Train source1 iter: 20 [(19%)]	Loss: 0.033828	RUL_Loss: 0.022551	mmd_Loss: 0.011231	l1_Loss: 0.004075
Train source2 iter: 20 [(19%)]	Loss: 0.046151	RUL_Loss: 0.034761	mmd_Loss: 0.011266	l1_Loss: 0.004192
Train source1 iter: 30 [(28%)]	Loss: 0.037062	RUL_Loss: 0.023422	mmd_Loss: 0.011037	l1_Loss: 0.004313
Train source2 iter: 30 [(28%)]	Loss: 0.058081	RUL_Loss: 0.042235	mmd_Loss: 0.013579	l1_Loss: 0.004254
Train source1 iter: 40 [(38%)]	Loss: 0.042031	RUL_Loss: 0.025957	mmd_Loss: 0.012768	l1_Loss: 0.004062
Train source2 iter: 40 [(38%)]	Loss: 0.059583	RUL_Loss: 0.041708	mmd_Loss: 0.014588	l1_Loss: 0.004128
Train source1 iter: 50 [(47%)]	Loss: 0.040757	RUL_Loss: 0.024491	mmd_Loss: 0.012225	l1_Loss: 0.004334
Train source2 iter: 50 [(47%)]	Loss: 0.052837	RUL_Loss: 0.032692	mmd_Loss: 0.016096	l1_Loss: 0.004412
Train source1 iter: 60 [(57%)]	Loss: 0.046448	RUL_Loss: 0.028462	mmd_Loss: 0.014243	l1_Loss: 0.003868
Train source2 iter: 60 [(57%)]	Loss: 0.051685	RUL_Loss: 0.037343	mmd_Loss: 0.010252	l1_Loss: 0.004191
Train source1 iter: 70 [(66%)]	Loss: 0.038154	RUL_Loss: 0.023474	mmd_Loss: 0.010823	l1_Loss: 0.003897
Train source2 iter: 70 [(66%)]	Loss: 0.058082	RUL_Loss: 0.038552	mmd_Loss: 0.015438	l1_Loss: 0.004144
Train source1 iter: 80 [(75%)]	Loss: 0.038074	RUL_Loss: 0.022705	mmd_Loss: 0.010820	l1_Loss: 0.004565
Train source2 iter: 80 [(75%)]	Loss: 0.060277	RUL_Loss: 0.042356	mmd_Loss: 0.013983	l1_Loss: 0.003957
Train source1 iter: 90 [(85%)]	Loss: 0.044250	RUL_Loss: 0.027436	mmd_Loss: 0.012700	l1_Loss: 0.004120
Train source2 iter: 90 [(85%)]	Loss: 0.055326	RUL_Loss: 0.040033	mmd_Loss: 0.011302	l1_Loss: 0.003997
Train source1 iter: 100 [(94%)]	Loss: 0.038325	RUL_Loss: 0.023091	mmd_Loss: 0.011123	l1_Loss: 0.004112
Train source2 iter: 100 [(94%)]	Loss: 0.055335	RUL_Loss: 0.039373	mmd_Loss: 0.011833	l1_Loss: 0.004132
Train epochs:24.000000	
Train source1 iter: 10 [(9%)]	Loss: 0.030965	RUL_Loss: 0.023193	mmd_Loss: 0.012307	l1_Loss: 0.005375
Train source2 iter: 10 [(9%)]	Loss: 0.044676	RUL_Loss: 0.037409	mmd_Loss: 0.010900	l1_Loss: 0.005633
Train source1 iter: 20 [(19%)]	Loss: 0.036397	RUL_Loss: 0.022408	mmd_Loss: 0.014609	l1_Loss: 0.004378
Train source2 iter: 20 [(19%)]	Loss: 0.049166	RUL_Loss: 0.034735	mmd_Loss: 0.015366	l1_Loss: 0.004220
Train source1 iter: 30 [(28%)]	Loss: 0.040230	RUL_Loss: 0.025626	mmd_Loss: 0.012391	l1_Loss: 0.004044
Train source2 iter: 30 [(28%)]	Loss: 0.052024	RUL_Loss: 0.034691	mmd_Loss: 0.015435	l1_Loss: 0.004071
Train source1 iter: 40 [(38%)]	Loss: 0.039939	RUL_Loss: 0.024210	mmd_Loss: 0.012229	l1_Loss: 0.004239
Train source2 iter: 40 [(38%)]	Loss: 0.052140	RUL_Loss: 0.037945	mmd_Loss: 0.011023	l1_Loss: 0.003840
Train source1 iter: 50 [(47%)]	Loss: 0.039311	RUL_Loss: 0.021371	mmd_Loss: 0.013566	l1_Loss: 0.004698
Train source2 iter: 50 [(47%)]	Loss: 0.058430	RUL_Loss: 0.037694	mmd_Loss: 0.017130	l1_Loss: 0.003981
Train source1 iter: 60 [(57%)]	Loss: 0.037899	RUL_Loss: 0.022318	mmd_Loss: 0.011522	l1_Loss: 0.004168
Train source2 iter: 60 [(57%)]	Loss: 0.054613	RUL_Loss: 0.038597	mmd_Loss: 0.011855	l1_Loss: 0.004272
Train source1 iter: 70 [(66%)]	Loss: 0.040843	RUL_Loss: 0.022984	mmd_Loss: 0.014074	l1_Loss: 0.003833
Train source2 iter: 70 [(66%)]	Loss: 0.057300	RUL_Loss: 0.033073	mmd_Loss: 0.019793	l1_Loss: 0.004500
Train source1 iter: 80 [(75%)]	Loss: 0.039677	RUL_Loss: 0.023339	mmd_Loss: 0.012072	l1_Loss: 0.004283
Train source2 iter: 80 [(75%)]	Loss: 0.055048	RUL_Loss: 0.037416	mmd_Loss: 0.013768	l1_Loss: 0.003883
Train source1 iter: 90 [(85%)]	Loss: 0.039963	RUL_Loss: 0.019825	mmd_Loss: 0.015712	l1_Loss: 0.004433
Train source2 iter: 90 [(85%)]	Loss: 0.047898	RUL_Loss: 0.032871	mmd_Loss: 0.010572	l1_Loss: 0.004462
Train source1 iter: 100 [(94%)]	Loss: 0.037632	RUL_Loss: 0.020916	mmd_Loss: 0.012715	l1_Loss: 0.004003
Train source2 iter: 100 [(94%)]	Loss: 0.052267	RUL_Loss: 0.036612	mmd_Loss: 0.011481	l1_Loss: 0.004177
Train epochs:25.000000	
Train source1 iter: 10 [(9%)]	Loss: 0.033376	RUL_Loss: 0.025445	mmd_Loss: 0.013892	l1_Loss: 0.004151
Train source2 iter: 10 [(9%)]	Loss: 0.041544	RUL_Loss: 0.035835	mmd_Loss: 0.009064	l1_Loss: 0.003924
Train source1 iter: 20 [(19%)]	Loss: 0.036246	RUL_Loss: 0.022655	mmd_Loss: 0.014767	l1_Loss: 0.003679
Train source2 iter: 20 [(19%)]	Loss: 0.049178	RUL_Loss: 0.039480	mmd_Loss: 0.009224	l1_Loss: 0.003939
Train source1 iter: 30 [(28%)]	Loss: 0.037224	RUL_Loss: 0.023383	mmd_Loss: 0.011732	l1_Loss: 0.003844
Train source2 iter: 30 [(28%)]	Loss: 0.048277	RUL_Loss: 0.034923	mmd_Loss: 0.010885	l1_Loss: 0.004143
Train source1 iter: 40 [(38%)]	Loss: 0.040971	RUL_Loss: 0.025590	mmd_Loss: 0.011849	l1_Loss: 0.004255
Train source2 iter: 40 [(38%)]	Loss: 0.051171	RUL_Loss: 0.033020	mmd_Loss: 0.014714	l1_Loss: 0.004290
Train source1 iter: 50 [(47%)]	Loss: 0.036798	RUL_Loss: 0.021755	mmd_Loss: 0.011403	l1_Loss: 0.003911
Train source2 iter: 50 [(47%)]	Loss: 0.049129	RUL_Loss: 0.034515	mmd_Loss: 0.011153	l1_Loss: 0.003725
Train source1 iter: 60 [(57%)]	Loss: 0.042120	RUL_Loss: 0.023737	mmd_Loss: 0.014073	l1_Loss: 0.004438
Train source2 iter: 60 [(57%)]	Loss: 0.051547	RUL_Loss: 0.037341	mmd_Loss: 0.010794	l1_Loss: 0.003511
Train source1 iter: 70 [(66%)]	Loss: 0.042787	RUL_Loss: 0.027201	mmd_Loss: 0.011893	l1_Loss: 0.003735
Train source2 iter: 70 [(66%)]	Loss: 0.051549	RUL_Loss: 0.035147	mmd_Loss: 0.012489	l1_Loss: 0.003957
Train source1 iter: 80 [(75%)]	Loss: 0.045000	RUL_Loss: 0.022934	mmd_Loss: 0.017711	l1_Loss: 0.004378
Train source2 iter: 80 [(75%)]	Loss: 0.055403	RUL_Loss: 0.040057	mmd_Loss: 0.011313	l1_Loss: 0.004050
Train source1 iter: 90 [(85%)]	Loss: 0.041436	RUL_Loss: 0.025121	mmd_Loss: 0.012029	l1_Loss: 0.004292
Train source2 iter: 90 [(85%)]	Loss: 0.049667	RUL_Loss: 0.035178	mmd_Loss: 0.010056	l1_Loss: 0.004439
Train source1 iter: 100 [(94%)]	Loss: 0.039354	RUL_Loss: 0.022785	mmd_Loss: 0.012980	l1_Loss: 0.003591
Train source2 iter: 100 [(94%)]	Loss: 0.053450	RUL_Loss: 0.036257	mmd_Loss: 0.012476	l1_Loss: 0.004719
Train epochs:26.000000	
Train source1 iter: 10 [(9%)]	Loss: 0.029945	RUL_Loss: 0.021993	mmd_Loss: 0.012615	l1_Loss: 0.005475
Train source2 iter: 10 [(9%)]	Loss: 0.044010	RUL_Loss: 0.036810	mmd_Loss: 0.011957	l1_Loss: 0.004423
Train source1 iter: 20 [(19%)]	Loss: 0.038135	RUL_Loss: 0.024313	mmd_Loss: 0.014779	l1_Loss: 0.003981
Train source2 iter: 20 [(19%)]	Loss: 0.045473	RUL_Loss: 0.035367	mmd_Loss: 0.009778	l1_Loss: 0.003939
Train source1 iter: 30 [(28%)]	Loss: 0.033084	RUL_Loss: 0.018877	mmd_Loss: 0.011997	l1_Loss: 0.003992
Train source2 iter: 30 [(28%)]	Loss: 0.044112	RUL_Loss: 0.032141	mmd_Loss: 0.009480	l1_Loss: 0.003992
Train source1 iter: 40 [(38%)]	Loss: 0.039096	RUL_Loss: 0.024743	mmd_Loss: 0.010223	l1_Loss: 0.004805
Train source2 iter: 40 [(38%)]	Loss: 0.049519	RUL_Loss: 0.035299	mmd_Loss: 0.010908	l1_Loss: 0.003980
Train source1 iter: 50 [(47%)]	Loss: 0.038258	RUL_Loss: 0.023019	mmd_Loss: 0.010907	l1_Loss: 0.004607
Train source2 iter: 50 [(47%)]	Loss: 0.048036	RUL_Loss: 0.034926	mmd_Loss: 0.009133	l1_Loss: 0.004213
Train source1 iter: 60 [(57%)]	Loss: 0.040323	RUL_Loss: 0.022983	mmd_Loss: 0.013508	l1_Loss: 0.003953
Train source2 iter: 60 [(57%)]	Loss: 0.049966	RUL_Loss: 0.033463	mmd_Loss: 0.012343	l1_Loss: 0.004275
Train source1 iter: 70 [(66%)]	Loss: 0.036078	RUL_Loss: 0.019565	mmd_Loss: 0.012361	l1_Loss: 0.004197
Train source2 iter: 70 [(66%)]	Loss: 0.047520	RUL_Loss: 0.033512	mmd_Loss: 0.010025	l1_Loss: 0.004021
Train source1 iter: 80 [(75%)]	Loss: 0.038306	RUL_Loss: 0.022637	mmd_Loss: 0.010885	l1_Loss: 0.004801
Train source2 iter: 80 [(75%)]	Loss: 0.052039	RUL_Loss: 0.036669	mmd_Loss: 0.011295	l1_Loss: 0.004092
Train source1 iter: 90 [(85%)]	Loss: 0.036504	RUL_Loss: 0.020959	mmd_Loss: 0.011462	l1_Loss: 0.004090
Train source2 iter: 90 [(85%)]	Loss: 0.052718	RUL_Loss: 0.038804	mmd_Loss: 0.009445	l1_Loss: 0.004474
Train source1 iter: 100 [(94%)]	Loss: 0.039761	RUL_Loss: 0.021935	mmd_Loss: 0.013551	l1_Loss: 0.004279
Train source2 iter: 100 [(94%)]	Loss: 0.045203	RUL_Loss: 0.033183	mmd_Loss: 0.007913	l1_Loss: 0.004109
Train epochs:27.000000	
Train source1 iter: 10 [(9%)]	Loss: 0.028665	RUL_Loss: 0.021917	mmd_Loss: 0.010884	l1_Loss: 0.004468
Train source2 iter: 10 [(9%)]	Loss: 0.042141	RUL_Loss: 0.032985	mmd_Loss: 0.016319	l1_Loss: 0.004511
Train source1 iter: 20 [(19%)]	Loss: 0.033356	RUL_Loss: 0.021526	mmd_Loss: 0.011461	l1_Loss: 0.004595
Train source2 iter: 20 [(19%)]	Loss: 0.045679	RUL_Loss: 0.034710	mmd_Loss: 0.010792	l1_Loss: 0.004094
Train source1 iter: 30 [(28%)]	Loss: 0.038122	RUL_Loss: 0.025060	mmd_Loss: 0.010573	l1_Loss: 0.004128
Train source2 iter: 30 [(28%)]	Loss: 0.051733	RUL_Loss: 0.037595	mmd_Loss: 0.011351	l1_Loss: 0.004559
Train source1 iter: 40 [(38%)]	Loss: 0.039367	RUL_Loss: 0.023488	mmd_Loss: 0.011266	l1_Loss: 0.005359
Train source2 iter: 40 [(38%)]	Loss: 0.051716	RUL_Loss: 0.036367	mmd_Loss: 0.012046	l1_Loss: 0.004025
Train source1 iter: 50 [(47%)]	Loss: 0.040153	RUL_Loss: 0.024261	mmd_Loss: 0.012231	l1_Loss: 0.003948
Train source2 iter: 50 [(47%)]	Loss: 0.056631	RUL_Loss: 0.034858	mmd_Loss: 0.017861	l1_Loss: 0.004305
Train source1 iter: 60 [(57%)]	Loss: 0.043075	RUL_Loss: 0.025193	mmd_Loss: 0.013884	l1_Loss: 0.004123
Train source2 iter: 60 [(57%)]	Loss: 0.050700	RUL_Loss: 0.032679	mmd_Loss: 0.013826	l1_Loss: 0.004321
Train source1 iter: 70 [(66%)]	Loss: 0.040686	RUL_Loss: 0.024874	mmd_Loss: 0.012141	l1_Loss: 0.003714
Train source2 iter: 70 [(66%)]	Loss: 0.055332	RUL_Loss: 0.035102	mmd_Loss: 0.016272	l1_Loss: 0.004013
Train source1 iter: 80 [(75%)]	Loss: 0.038472	RUL_Loss: 0.023140	mmd_Loss: 0.010926	l1_Loss: 0.004423
Train source2 iter: 80 [(75%)]	Loss: 0.055526	RUL_Loss: 0.037190	mmd_Loss: 0.013883	l1_Loss: 0.004472
Train source1 iter: 90 [(85%)]	Loss: 0.040864	RUL_Loss: 0.025369	mmd_Loss: 0.011215	l1_Loss: 0.004286
Train source2 iter: 90 [(85%)]	Loss: 0.050951	RUL_Loss: 0.034934	mmd_Loss: 0.011974	l1_Loss: 0.004049
Train source1 iter: 100 [(94%)]	Loss: 0.040112	RUL_Loss: 0.022104	mmd_Loss: 0.013292	l1_Loss: 0.004719
Train source2 iter: 100 [(94%)]	Loss: 0.059521	RUL_Loss: 0.038906	mmd_Loss: 0.016178	l1_Loss: 0.004440
Train epochs:28.000000	
Train source1 iter: 10 [(9%)]	Loss: 0.029709	RUL_Loss: 0.021591	mmd_Loss: 0.012320	l1_Loss: 0.006148
Train source2 iter: 10 [(9%)]	Loss: 0.044854	RUL_Loss: 0.035253	mmd_Loss: 0.015642	l1_Loss: 0.006201
Train source1 iter: 20 [(19%)]	Loss: 0.033805	RUL_Loss: 0.020988	mmd_Loss: 0.013009	l1_Loss: 0.004388
Train source2 iter: 20 [(19%)]	Loss: 0.049981	RUL_Loss: 0.037006	mmd_Loss: 0.012605	l1_Loss: 0.005006
Train source1 iter: 30 [(28%)]	Loss: 0.039552	RUL_Loss: 0.024333	mmd_Loss: 0.012442	l1_Loss: 0.004686
Train source2 iter: 30 [(28%)]	Loss: 0.051665	RUL_Loss: 0.031531	mmd_Loss: 0.017683	l1_Loss: 0.004975
Train source1 iter: 40 [(38%)]	Loss: 0.039379	RUL_Loss: 0.023187	mmd_Loss: 0.012053	l1_Loss: 0.004900
Train source2 iter: 40 [(38%)]	Loss: 0.052321	RUL_Loss: 0.033120	mmd_Loss: 0.015116	l1_Loss: 0.004988
Train source1 iter: 50 [(47%)]	Loss: 0.040233	RUL_Loss: 0.024737	mmd_Loss: 0.011096	l1_Loss: 0.004680
Train source2 iter: 50 [(47%)]	Loss: 0.054727	RUL_Loss: 0.037092	mmd_Loss: 0.013176	l1_Loss: 0.004777
Train source1 iter: 60 [(57%)]	Loss: 0.039370	RUL_Loss: 0.024021	mmd_Loss: 0.010853	l1_Loss: 0.004603
Train source2 iter: 60 [(57%)]	Loss: 0.057218	RUL_Loss: 0.035283	mmd_Loss: 0.016583	l1_Loss: 0.005506
Train source1 iter: 70 [(66%)]	Loss: 0.040780	RUL_Loss: 0.021965	mmd_Loss: 0.013707	l1_Loss: 0.005159
Train source2 iter: 70 [(66%)]	Loss: 0.056211	RUL_Loss: 0.035921	mmd_Loss: 0.016145	l1_Loss: 0.004200
Train source1 iter: 80 [(75%)]	Loss: 0.040093	RUL_Loss: 0.024348	mmd_Loss: 0.011471	l1_Loss: 0.004291
Train source2 iter: 80 [(75%)]	Loss: 0.051136	RUL_Loss: 0.032579	mmd_Loss: 0.014051	l1_Loss: 0.004526
Train source1 iter: 90 [(85%)]	Loss: 0.043411	RUL_Loss: 0.024824	mmd_Loss: 0.013790	l1_Loss: 0.004804
Train source2 iter: 90 [(85%)]	Loss: 0.053107	RUL_Loss: 0.035376	mmd_Loss: 0.013442	l1_Loss: 0.004296
Train source1 iter: 100 [(94%)]	Loss: 0.040414	RUL_Loss: 0.023653	mmd_Loss: 0.011619	l1_Loss: 0.005145
Train source2 iter: 100 [(94%)]	Loss: 0.053231	RUL_Loss: 0.031372	mmd_Loss: 0.017286	l1_Loss: 0.004576
Train epochs:29.000000	
Train source1 iter: 10 [(9%)]	Loss: 0.028683	RUL_Loss: 0.022571	mmd_Loss: 0.009448	l1_Loss: 0.004457
Train source2 iter: 10 [(9%)]	Loss: 0.038956	RUL_Loss: 0.032589	mmd_Loss: 0.009471	l1_Loss: 0.005015
Train source1 iter: 20 [(19%)]	Loss: 0.032845	RUL_Loss: 0.022163	mmd_Loss: 0.009600	l1_Loss: 0.004900
Train source2 iter: 20 [(19%)]	Loss: 0.046234	RUL_Loss: 0.034972	mmd_Loss: 0.011182	l1_Loss: 0.004102
Train source1 iter: 30 [(28%)]	Loss: 0.035958	RUL_Loss: 0.022293	mmd_Loss: 0.011184	l1_Loss: 0.004195
Train source2 iter: 30 [(28%)]	Loss: 0.049830	RUL_Loss: 0.038775	mmd_Loss: 0.008674	l1_Loss: 0.003767
Train source1 iter: 40 [(38%)]	Loss: 0.036809	RUL_Loss: 0.021480	mmd_Loss: 0.012021	l1_Loss: 0.004030
Train source2 iter: 40 [(38%)]	Loss: 0.053095	RUL_Loss: 0.038575	mmd_Loss: 0.010716	l1_Loss: 0.004487
Train source1 iter: 50 [(47%)]	Loss: 0.037098	RUL_Loss: 0.022515	mmd_Loss: 0.010214	l1_Loss: 0.004633
Train source2 iter: 50 [(47%)]	Loss: 0.046504	RUL_Loss: 0.032772	mmd_Loss: 0.010021	l1_Loss: 0.003959
Train source1 iter: 60 [(57%)]	Loss: 0.040403	RUL_Loss: 0.026041	mmd_Loss: 0.010127	l1_Loss: 0.004335
Train source2 iter: 60 [(57%)]	Loss: 0.049710	RUL_Loss: 0.035804	mmd_Loss: 0.010044	l1_Loss: 0.003959
Train source1 iter: 70 [(66%)]	Loss: 0.038645	RUL_Loss: 0.024347	mmd_Loss: 0.009642	l1_Loss: 0.004695
Train source2 iter: 70 [(66%)]	Loss: 0.045486	RUL_Loss: 0.031456	mmd_Loss: 0.009917	l1_Loss: 0.004151
Train source1 iter: 80 [(75%)]	Loss: 0.034158	RUL_Loss: 0.019790	mmd_Loss: 0.010325	l1_Loss: 0.004058
Train source2 iter: 80 [(75%)]	Loss: 0.051781	RUL_Loss: 0.032334	mmd_Loss: 0.015245	l1_Loss: 0.004222
Train source1 iter: 90 [(85%)]	Loss: 0.034346	RUL_Loss: 0.020225	mmd_Loss: 0.009893	l1_Loss: 0.004233
Train source2 iter: 90 [(85%)]	Loss: 0.046701	RUL_Loss: 0.030542	mmd_Loss: 0.012226	l1_Loss: 0.003940
Train source1 iter: 100 [(94%)]	Loss: 0.041284	RUL_Loss: 0.027551	mmd_Loss: 0.009579	l1_Loss: 0.004156
Train source2 iter: 100 [(94%)]	Loss: 0.048782	RUL_Loss: 0.032846	mmd_Loss: 0.011985	l1_Loss: 0.003954
Train epochs:30.000000	
Train source1 iter: 10 [(9%)]	Loss: 0.031213	RUL_Loss: 0.023525	mmd_Loss: 0.012492	l1_Loss: 0.004998
Train source2 iter: 10 [(9%)]	Loss: 0.037974	RUL_Loss: 0.030887	mmd_Loss: 0.011082	l1_Loss: 0.005040
Train source1 iter: 20 [(19%)]	Loss: 0.033792	RUL_Loss: 0.022448	mmd_Loss: 0.010802	l1_Loss: 0.004594
Train source2 iter: 20 [(19%)]	Loss: 0.040059	RUL_Loss: 0.029865	mmd_Loss: 0.009502	l1_Loss: 0.004333
Train source1 iter: 30 [(28%)]	Loss: 0.038595	RUL_Loss: 0.022174	mmd_Loss: 0.014430	l1_Loss: 0.004050
Train source2 iter: 30 [(28%)]	Loss: 0.052472	RUL_Loss: 0.036332	mmd_Loss: 0.013755	l1_Loss: 0.004408
Train source1 iter: 40 [(38%)]	Loss: 0.038362	RUL_Loss: 0.022832	mmd_Loss: 0.011626	l1_Loss: 0.004634
Train source2 iter: 40 [(38%)]	Loss: 0.046804	RUL_Loss: 0.030609	mmd_Loss: 0.012736	l1_Loss: 0.004220
Train source1 iter: 50 [(47%)]	Loss: 0.041284	RUL_Loss: 0.025218	mmd_Loss: 0.011688	l1_Loss: 0.004667
Train source2 iter: 50 [(47%)]	Loss: 0.050114	RUL_Loss: 0.034005	mmd_Loss: 0.011846	l1_Loss: 0.004554
Train source1 iter: 60 [(57%)]	Loss: 0.035104	RUL_Loss: 0.021214	mmd_Loss: 0.009882	l1_Loss: 0.004105
Train source2 iter: 60 [(57%)]	Loss: 0.049125	RUL_Loss: 0.035092	mmd_Loss: 0.009840	l1_Loss: 0.004291
Train source1 iter: 70 [(66%)]	Loss: 0.036408	RUL_Loss: 0.020919	mmd_Loss: 0.010902	l1_Loss: 0.004629
Train source2 iter: 70 [(66%)]	Loss: 0.052209	RUL_Loss: 0.036539	mmd_Loss: 0.011226	l1_Loss: 0.004486
Train source1 iter: 80 [(75%)]	Loss: 0.038496	RUL_Loss: 0.024004	mmd_Loss: 0.009717	l1_Loss: 0.004791
Train source2 iter: 80 [(75%)]	Loss: 0.050427	RUL_Loss: 0.033543	mmd_Loss: 0.012576	l1_Loss: 0.004326
Train source1 iter: 90 [(85%)]	Loss: 0.043577	RUL_Loss: 0.025731	mmd_Loss: 0.013620	l1_Loss: 0.004234
Train source2 iter: 90 [(85%)]	Loss: 0.045614	RUL_Loss: 0.032081	mmd_Loss: 0.009097	l1_Loss: 0.004442
Train source1 iter: 100 [(94%)]	Loss: 0.037021	RUL_Loss: 0.022094	mmd_Loss: 0.010341	l1_Loss: 0.004589
Train source2 iter: 100 [(94%)]	Loss: 0.045359	RUL_Loss: 0.031220	mmd_Loss: 0.010169	l1_Loss: 0.003972
Train epochs:31.000000	
Train source1 iter: 10 [(9%)]	Loss: 0.029908	RUL_Loss: 0.022399	mmd_Loss: 0.012614	l1_Loss: 0.004468
Train source2 iter: 10 [(9%)]	Loss: 0.045664	RUL_Loss: 0.037046	mmd_Loss: 0.015102	l1_Loss: 0.004503
Train source1 iter: 20 [(19%)]	Loss: 0.035191	RUL_Loss: 0.021832	mmd_Loss: 0.013510	l1_Loss: 0.004622
Train source2 iter: 20 [(19%)]	Loss: 0.043060	RUL_Loss: 0.033007	mmd_Loss: 0.009293	l1_Loss: 0.004351
Train source1 iter: 30 [(28%)]	Loss: 0.038326	RUL_Loss: 0.024710	mmd_Loss: 0.011272	l1_Loss: 0.004052
Train source2 iter: 30 [(28%)]	Loss: 0.045212	RUL_Loss: 0.031998	mmd_Loss: 0.010701	l1_Loss: 0.004171
Train source1 iter: 40 [(38%)]	Loss: 0.040601	RUL_Loss: 0.023975	mmd_Loss: 0.012957	l1_Loss: 0.004450
Train source2 iter: 40 [(38%)]	Loss: 0.051353	RUL_Loss: 0.034837	mmd_Loss: 0.012535	l1_Loss: 0.004757
Train source1 iter: 50 [(47%)]	Loss: 0.037507	RUL_Loss: 0.023246	mmd_Loss: 0.010630	l1_Loss: 0.003888
Train source2 iter: 50 [(47%)]	Loss: 0.046513	RUL_Loss: 0.030380	mmd_Loss: 0.012112	l1_Loss: 0.004312
Train source1 iter: 60 [(57%)]	Loss: 0.037845	RUL_Loss: 0.022392	mmd_Loss: 0.011177	l1_Loss: 0.004383
Train source2 iter: 60 [(57%)]	Loss: 0.052013	RUL_Loss: 0.031327	mmd_Loss: 0.016464	l1_Loss: 0.004367
Train source1 iter: 70 [(66%)]	Loss: 0.033988	RUL_Loss: 0.020489	mmd_Loss: 0.008632	l1_Loss: 0.004904
Train source2 iter: 70 [(66%)]	Loss: 0.048289	RUL_Loss: 0.035385	mmd_Loss: 0.008773	l1_Loss: 0.004167
Train source1 iter: 80 [(75%)]	Loss: 0.039772	RUL_Loss: 0.023122	mmd_Loss: 0.012053	l1_Loss: 0.004615
Train source2 iter: 80 [(75%)]	Loss: 0.046201	RUL_Loss: 0.031861	mmd_Loss: 0.009724	l1_Loss: 0.004631
Train source1 iter: 90 [(85%)]	Loss: 0.044201	RUL_Loss: 0.023833	mmd_Loss: 0.016058	l1_Loss: 0.004319
Train source2 iter: 90 [(85%)]	Loss: 0.049677	RUL_Loss: 0.031152	mmd_Loss: 0.013353	l1_Loss: 0.005179
Train source1 iter: 100 [(94%)]	Loss: 0.039560	RUL_Loss: 0.024045	mmd_Loss: 0.011426	l1_Loss: 0.004091
Train source2 iter: 100 [(94%)]	Loss: 0.052207	RUL_Loss: 0.034254	mmd_Loss: 0.013438	l1_Loss: 0.004518
Train epochs:32.000000	
Train source1 iter: 10 [(9%)]	Loss: 0.031014	RUL_Loss: 0.023922	mmd_Loss: 0.010541	l1_Loss: 0.005594
Train source2 iter: 10 [(9%)]	Loss: 0.043598	RUL_Loss: 0.036036	mmd_Loss: 0.012241	l1_Loss: 0.004962
Train source1 iter: 20 [(19%)]	Loss: 0.034517	RUL_Loss: 0.024080	mmd_Loss: 0.010094	l1_Loss: 0.004072
Train source2 iter: 20 [(19%)]	Loss: 0.043360	RUL_Loss: 0.032656	mmd_Loss: 0.010332	l1_Loss: 0.004195
Train source1 iter: 30 [(28%)]	Loss: 0.037873	RUL_Loss: 0.023850	mmd_Loss: 0.011528	l1_Loss: 0.004253
Train source2 iter: 30 [(28%)]	Loss: 0.055237	RUL_Loss: 0.041102	mmd_Loss: 0.011835	l1_Loss: 0.004072
Train source1 iter: 40 [(38%)]	Loss: 0.037344	RUL_Loss: 0.023517	mmd_Loss: 0.010311	l1_Loss: 0.004167
Train source2 iter: 40 [(38%)]	Loss: 0.052472	RUL_Loss: 0.036734	mmd_Loss: 0.012728	l1_Loss: 0.003750
Train source1 iter: 50 [(47%)]	Loss: 0.038160	RUL_Loss: 0.022615	mmd_Loss: 0.011981	l1_Loss: 0.003845
Train source2 iter: 50 [(47%)]	Loss: 0.051282	RUL_Loss: 0.034175	mmd_Loss: 0.013194	l1_Loss: 0.004222
Train source1 iter: 60 [(57%)]	Loss: 0.036845	RUL_Loss: 0.023107	mmd_Loss: 0.009727	l1_Loss: 0.004107
Train source2 iter: 60 [(57%)]	Loss: 0.052970	RUL_Loss: 0.033265	mmd_Loss: 0.015652	l1_Loss: 0.004191
Train source1 iter: 70 [(66%)]	Loss: 0.037754	RUL_Loss: 0.021932	mmd_Loss: 0.011910	l1_Loss: 0.003955
Train source2 iter: 70 [(66%)]	Loss: 0.050053	RUL_Loss: 0.032105	mmd_Loss: 0.013662	l1_Loss: 0.004334
Train source1 iter: 80 [(75%)]	Loss: 0.039224	RUL_Loss: 0.021499	mmd_Loss: 0.013657	l1_Loss: 0.004087
Train source2 iter: 80 [(75%)]	Loss: 0.052381	RUL_Loss: 0.034372	mmd_Loss: 0.014243	l1_Loss: 0.003785
Train source1 iter: 90 [(85%)]	Loss: 0.038983	RUL_Loss: 0.024420	mmd_Loss: 0.010654	l1_Loss: 0.003914
Train source2 iter: 90 [(85%)]	Loss: 0.056235	RUL_Loss: 0.034152	mmd_Loss: 0.018158	l1_Loss: 0.003934
Train source1 iter: 100 [(94%)]	Loss: 0.038930	RUL_Loss: 0.024047	mmd_Loss: 0.010630	l1_Loss: 0.004256
Train source2 iter: 100 [(94%)]	Loss: 0.053973	RUL_Loss: 0.031194	mmd_Loss: 0.018472	l1_Loss: 0.004309
Train epochs:33.000000	
Train source1 iter: 10 [(9%)]	Loss: 0.030169	RUL_Loss: 0.023837	mmd_Loss: 0.010437	l1_Loss: 0.003967
Train source2 iter: 10 [(9%)]	Loss: 0.040943	RUL_Loss: 0.033705	mmd_Loss: 0.012660	l1_Loss: 0.003808
Train source1 iter: 20 [(19%)]	Loss: 0.034295	RUL_Loss: 0.023362	mmd_Loss: 0.010855	l1_Loss: 0.003983
Train source2 iter: 20 [(19%)]	Loss: 0.044724	RUL_Loss: 0.034381	mmd_Loss: 0.009706	l1_Loss: 0.004333
Train source1 iter: 30 [(28%)]	Loss: 0.036421	RUL_Loss: 0.022729	mmd_Loss: 0.010652	l1_Loss: 0.004757
Train source2 iter: 30 [(28%)]	Loss: 0.053684	RUL_Loss: 0.036959	mmd_Loss: 0.015194	l1_Loss: 0.003629
Train source1 iter: 40 [(38%)]	Loss: 0.036415	RUL_Loss: 0.021269	mmd_Loss: 0.011701	l1_Loss: 0.004157
Train source2 iter: 40 [(38%)]	Loss: 0.052785	RUL_Loss: 0.032512	mmd_Loss: 0.017274	l1_Loss: 0.003952
Train source1 iter: 50 [(47%)]	Loss: 0.039880	RUL_Loss: 0.025583	mmd_Loss: 0.010387	l1_Loss: 0.004168
Train source2 iter: 50 [(47%)]	Loss: 0.053197	RUL_Loss: 0.031491	mmd_Loss: 0.018049	l1_Loss: 0.004048
Train source1 iter: 60 [(57%)]	Loss: 0.036360	RUL_Loss: 0.022546	mmd_Loss: 0.009791	l1_Loss: 0.004120
Train source2 iter: 60 [(57%)]	Loss: 0.049916	RUL_Loss: 0.032488	mmd_Loss: 0.013782	l1_Loss: 0.003767
Train source1 iter: 70 [(66%)]	Loss: 0.037063	RUL_Loss: 0.022292	mmd_Loss: 0.010531	l1_Loss: 0.004280
Train source2 iter: 70 [(66%)]	Loss: 0.046960	RUL_Loss: 0.028794	mmd_Loss: 0.014180	l1_Loss: 0.004036
Train source1 iter: 80 [(75%)]	Loss: 0.034312	RUL_Loss: 0.019102	mmd_Loss: 0.011250	l1_Loss: 0.003976
Train source2 iter: 80 [(75%)]	Loss: 0.052033	RUL_Loss: 0.032291	mmd_Loss: 0.016088	l1_Loss: 0.003675
Train source1 iter: 90 [(85%)]	Loss: 0.037784	RUL_Loss: 0.023534	mmd_Loss: 0.010635	l1_Loss: 0.003620
Train source2 iter: 90 [(85%)]	Loss: 0.049267	RUL_Loss: 0.033006	mmd_Loss: 0.013064	l1_Loss: 0.003205
Train source1 iter: 100 [(94%)]	Loss: 0.036157	RUL_Loss: 0.023178	mmd_Loss: 0.009274	l1_Loss: 0.003708
Train source2 iter: 100 [(94%)]	Loss: 0.056356	RUL_Loss: 0.032757	mmd_Loss: 0.019325	l1_Loss: 0.004278
Train epochs:34.000000	
Train source1 iter: 10 [(9%)]	Loss: 0.031032	RUL_Loss: 0.024341	mmd_Loss: 0.009952	l1_Loss: 0.005272
Train source2 iter: 10 [(9%)]	Loss: 0.042241	RUL_Loss: 0.034354	mmd_Loss: 0.012924	l1_Loss: 0.005017
Train source1 iter: 20 [(19%)]	Loss: 0.033957	RUL_Loss: 0.023850	mmd_Loss: 0.009694	l1_Loss: 0.004024
Train source2 iter: 20 [(19%)]	Loss: 0.047348	RUL_Loss: 0.034835	mmd_Loss: 0.012605	l1_Loss: 0.004377
Train source1 iter: 30 [(28%)]	Loss: 0.035939	RUL_Loss: 0.024605	mmd_Loss: 0.009584	l1_Loss: 0.003171
Train source2 iter: 30 [(28%)]	Loss: 0.046715	RUL_Loss: 0.030200	mmd_Loss: 0.014771	l1_Loss: 0.003816
Train source1 iter: 40 [(38%)]	Loss: 0.038151	RUL_Loss: 0.022877	mmd_Loss: 0.010604	l1_Loss: 0.005387
Train source2 iter: 40 [(38%)]	Loss: 0.052139	RUL_Loss: 0.032064	mmd_Loss: 0.016165	l1_Loss: 0.004854
Train source1 iter: 50 [(47%)]	Loss: 0.037044	RUL_Loss: 0.024162	mmd_Loss: 0.008875	l1_Loss: 0.004240
Train source2 iter: 50 [(47%)]	Loss: 0.047093	RUL_Loss: 0.031184	mmd_Loss: 0.012430	l1_Loss: 0.003766
Train source1 iter: 60 [(57%)]	Loss: 0.037097	RUL_Loss: 0.022388	mmd_Loss: 0.010873	l1_Loss: 0.003938
Train source2 iter: 60 [(57%)]	Loss: 0.045151	RUL_Loss: 0.030893	mmd_Loss: 0.010429	l1_Loss: 0.003928
Train source1 iter: 70 [(66%)]	Loss: 0.039829	RUL_Loss: 0.024077	mmd_Loss: 0.011620	l1_Loss: 0.004174
Train source2 iter: 70 [(66%)]	Loss: 0.045673	RUL_Loss: 0.029030	mmd_Loss: 0.012916	l1_Loss: 0.003772
Train source1 iter: 80 [(75%)]	Loss: 0.038785	RUL_Loss: 0.024522	mmd_Loss: 0.010046	l1_Loss: 0.004233
Train source2 iter: 80 [(75%)]	Loss: 0.048967	RUL_Loss: 0.035071	mmd_Loss: 0.010269	l1_Loss: 0.003642
Train source1 iter: 90 [(85%)]	Loss: 0.036148	RUL_Loss: 0.021208	mmd_Loss: 0.010781	l1_Loss: 0.004165
Train source2 iter: 90 [(85%)]	Loss: 0.047245	RUL_Loss: 0.029168	mmd_Loss: 0.014778	l1_Loss: 0.003307
Train source1 iter: 100 [(94%)]	Loss: 0.038591	RUL_Loss: 0.023966	mmd_Loss: 0.010556	l1_Loss: 0.004072
Train source2 iter: 100 [(94%)]	Loss: 0.044354	RUL_Loss: 0.029879	mmd_Loss: 0.010433	l1_Loss: 0.004044
Train epochs:35.000000	
Train source1 iter: 10 [(9%)]	Loss: 0.034461	RUL_Loss: 0.026439	mmd_Loss: 0.012874	l1_Loss: 0.005377
Train source2 iter: 10 [(9%)]	Loss: 0.037201	RUL_Loss: 0.030085	mmd_Loss: 0.011229	l1_Loss: 0.004958
Train source1 iter: 20 [(19%)]	Loss: 0.038077	RUL_Loss: 0.024674	mmd_Loss: 0.013120	l1_Loss: 0.005072
Train source2 iter: 20 [(19%)]	Loss: 0.044427	RUL_Loss: 0.031784	mmd_Loss: 0.012205	l1_Loss: 0.004955
Train source1 iter: 30 [(28%)]	Loss: 0.039500	RUL_Loss: 0.026186	mmd_Loss: 0.010377	l1_Loss: 0.004607
Train source2 iter: 30 [(28%)]	Loss: 0.048940	RUL_Loss: 0.033298	mmd_Loss: 0.012759	l1_Loss: 0.004845
Train source1 iter: 40 [(38%)]	Loss: 0.043660	RUL_Loss: 0.027035	mmd_Loss: 0.012712	l1_Loss: 0.004694
Train source2 iter: 40 [(38%)]	Loss: 0.048386	RUL_Loss: 0.032361	mmd_Loss: 0.011767	l1_Loss: 0.005012
Train source1 iter: 50 [(47%)]	Loss: 0.039996	RUL_Loss: 0.025793	mmd_Loss: 0.009754	l1_Loss: 0.004705
Train source2 iter: 50 [(47%)]	Loss: 0.045091	RUL_Loss: 0.030447	mmd_Loss: 0.009846	l1_Loss: 0.005062
Train source1 iter: 60 [(57%)]	Loss: 0.043672	RUL_Loss: 0.025326	mmd_Loss: 0.013680	l1_Loss: 0.004795
Train source2 iter: 60 [(57%)]	Loss: 0.051814	RUL_Loss: 0.029167	mmd_Loss: 0.018025	l1_Loss: 0.004781
Train source1 iter: 70 [(66%)]	Loss: 0.042013	RUL_Loss: 0.025644	mmd_Loss: 0.011435	l1_Loss: 0.004978
Train source2 iter: 70 [(66%)]	Loss: 0.047272	RUL_Loss: 0.029936	mmd_Loss: 0.012011	l1_Loss: 0.005372
Train source1 iter: 80 [(75%)]	Loss: 0.040628	RUL_Loss: 0.024484	mmd_Loss: 0.011847	l1_Loss: 0.004314
Train source2 iter: 80 [(75%)]	Loss: 0.048892	RUL_Loss: 0.034282	mmd_Loss: 0.009745	l1_Loss: 0.004881
Train source1 iter: 90 [(85%)]	Loss: 0.039420	RUL_Loss: 0.023682	mmd_Loss: 0.010620	l1_Loss: 0.005125
Train source2 iter: 90 [(85%)]	Loss: 0.043782	RUL_Loss: 0.029085	mmd_Loss: 0.009876	l1_Loss: 0.004826
Train source1 iter: 100 [(94%)]	Loss: 0.043524	RUL_Loss: 0.027419	mmd_Loss: 0.011373	l1_Loss: 0.004735
Train source2 iter: 100 [(94%)]	Loss: 0.042760	RUL_Loss: 0.027415	mmd_Loss: 0.010587	l1_Loss: 0.004761
Train epochs:36.000000	
Train source1 iter: 10 [(9%)]	Loss: 0.031984	RUL_Loss: 0.024877	mmd_Loss: 0.011193	l1_Loss: 0.004974
Train source2 iter: 10 [(9%)]	Loss: 0.041514	RUL_Loss: 0.034067	mmd_Loss: 0.011805	l1_Loss: 0.005136
Train source1 iter: 20 [(19%)]	Loss: 0.033185	RUL_Loss: 0.022891	mmd_Loss: 0.009667	l1_Loss: 0.004304
Train source2 iter: 20 [(19%)]	Loss: 0.043110	RUL_Loss: 0.031570	mmd_Loss: 0.010564	l1_Loss: 0.005098
Train source1 iter: 30 [(28%)]	Loss: 0.037811	RUL_Loss: 0.024034	mmd_Loss: 0.011638	l1_Loss: 0.003867
Train source2 iter: 30 [(28%)]	Loss: 0.042298	RUL_Loss: 0.030238	mmd_Loss: 0.009683	l1_Loss: 0.003890
Train source1 iter: 40 [(38%)]	Loss: 0.036732	RUL_Loss: 0.021692	mmd_Loss: 0.011346	l1_Loss: 0.004402
Train source2 iter: 40 [(38%)]	Loss: 0.048010	RUL_Loss: 0.032277	mmd_Loss: 0.010963	l1_Loss: 0.005509
Train source1 iter: 50 [(47%)]	Loss: 0.040296	RUL_Loss: 0.023342	mmd_Loss: 0.013115	l1_Loss: 0.004145
Train source2 iter: 50 [(47%)]	Loss: 0.054793	RUL_Loss: 0.030784	mmd_Loss: 0.020056	l1_Loss: 0.004386
Train source1 iter: 60 [(57%)]	Loss: 0.040288	RUL_Loss: 0.023859	mmd_Loss: 0.012500	l1_Loss: 0.004044
Train source2 iter: 60 [(57%)]	Loss: 0.045650	RUL_Loss: 0.031052	mmd_Loss: 0.009929	l1_Loss: 0.004770
Train source1 iter: 70 [(66%)]	Loss: 0.038517	RUL_Loss: 0.022768	mmd_Loss: 0.011202	l1_Loss: 0.004589
Train source2 iter: 70 [(66%)]	Loss: 0.046689	RUL_Loss: 0.027831	mmd_Loss: 0.014431	l1_Loss: 0.004478
Train source1 iter: 80 [(75%)]	Loss: 0.039358	RUL_Loss: 0.021916	mmd_Loss: 0.012493	l1_Loss: 0.004967
Train source2 iter: 80 [(75%)]	Loss: 0.051868	RUL_Loss: 0.031034	mmd_Loss: 0.016833	l1_Loss: 0.004022
Train source1 iter: 90 [(85%)]	Loss: 0.042392	RUL_Loss: 0.023976	mmd_Loss: 0.012624	l1_Loss: 0.005800
Train source2 iter: 90 [(85%)]	Loss: 0.043206	RUL_Loss: 0.028629	mmd_Loss: 0.010053	l1_Loss: 0.004531
Train source1 iter: 100 [(94%)]	Loss: 0.035391	RUL_Loss: 0.020897	mmd_Loss: 0.010721	l1_Loss: 0.003774
Train source2 iter: 100 [(94%)]	Loss: 0.049082	RUL_Loss: 0.031836	mmd_Loss: 0.012727	l1_Loss: 0.004523
Train epochs:37.000000	
Train source1 iter: 10 [(9%)]	Loss: 0.031119	RUL_Loss: 0.024057	mmd_Loss: 0.011313	l1_Loss: 0.004752
Train source2 iter: 10 [(9%)]	Loss: 0.036505	RUL_Loss: 0.030704	mmd_Loss: 0.008760	l1_Loss: 0.004437
Train source1 iter: 20 [(19%)]	Loss: 0.035966	RUL_Loss: 0.024411	mmd_Loss: 0.011804	l1_Loss: 0.003880
Train source2 iter: 20 [(19%)]	Loss: 0.045011	RUL_Loss: 0.035340	mmd_Loss: 0.008471	l1_Loss: 0.004656
Train source1 iter: 30 [(28%)]	Loss: 0.035685	RUL_Loss: 0.023203	mmd_Loss: 0.009548	l1_Loss: 0.004499
Train source2 iter: 30 [(28%)]	Loss: 0.045857	RUL_Loss: 0.033852	mmd_Loss: 0.009506	l1_Loss: 0.004004
Train source1 iter: 40 [(38%)]	Loss: 0.034462	RUL_Loss: 0.021695	mmd_Loss: 0.009365	l1_Loss: 0.004002
Train source2 iter: 40 [(38%)]	Loss: 0.044278	RUL_Loss: 0.031343	mmd_Loss: 0.009362	l1_Loss: 0.004181
Train source1 iter: 50 [(47%)]	Loss: 0.036646	RUL_Loss: 0.022805	mmd_Loss: 0.009812	l1_Loss: 0.004279
Train source2 iter: 50 [(47%)]	Loss: 0.049207	RUL_Loss: 0.035997	mmd_Loss: 0.009140	l1_Loss: 0.004308
Train source1 iter: 60 [(57%)]	Loss: 0.040485	RUL_Loss: 0.025586	mmd_Loss: 0.010684	l1_Loss: 0.004319
Train source2 iter: 60 [(57%)]	Loss: 0.045466	RUL_Loss: 0.032602	mmd_Loss: 0.008625	l1_Loss: 0.004329
Train source1 iter: 70 [(66%)]	Loss: 0.034449	RUL_Loss: 0.019773	mmd_Loss: 0.010589	l1_Loss: 0.004127
Train source2 iter: 70 [(66%)]	Loss: 0.048413	RUL_Loss: 0.033653	mmd_Loss: 0.009797	l1_Loss: 0.005004
Train source1 iter: 80 [(75%)]	Loss: 0.035691	RUL_Loss: 0.022347	mmd_Loss: 0.009204	l1_Loss: 0.004154
Train source2 iter: 80 [(75%)]	Loss: 0.045832	RUL_Loss: 0.030746	mmd_Loss: 0.010572	l1_Loss: 0.004529
Train source1 iter: 90 [(85%)]	Loss: 0.036622	RUL_Loss: 0.022349	mmd_Loss: 0.010093	l1_Loss: 0.004186
Train source2 iter: 90 [(85%)]	Loss: 0.041652	RUL_Loss: 0.028954	mmd_Loss: 0.008594	l1_Loss: 0.004109
Train source1 iter: 100 [(94%)]	Loss: 0.037368	RUL_Loss: 0.021986	mmd_Loss: 0.011046	l1_Loss: 0.004339
Train source2 iter: 100 [(94%)]	Loss: 0.043338	RUL_Loss: 0.029169	mmd_Loss: 0.010083	l1_Loss: 0.004088
Train epochs:38.000000	
Train source1 iter: 10 [(9%)]	Loss: 0.030517	RUL_Loss: 0.023583	mmd_Loss: 0.011235	l1_Loss: 0.004541
Train source2 iter: 10 [(9%)]	Loss: 0.036290	RUL_Loss: 0.028588	mmd_Loss: 0.012780	l1_Loss: 0.004742
Train source1 iter: 20 [(19%)]	Loss: 0.034329	RUL_Loss: 0.022964	mmd_Loss: 0.011005	l1_Loss: 0.004420
Train source2 iter: 20 [(19%)]	Loss: 0.045769	RUL_Loss: 0.029484	mmd_Loss: 0.017267	l1_Loss: 0.004836
Train source1 iter: 30 [(28%)]	Loss: 0.036550	RUL_Loss: 0.022224	mmd_Loss: 0.011860	l1_Loss: 0.004263
Train source2 iter: 30 [(28%)]	Loss: 0.044152	RUL_Loss: 0.030164	mmd_Loss: 0.011559	l1_Loss: 0.004183
Train source1 iter: 40 [(38%)]	Loss: 0.041597	RUL_Loss: 0.024701	mmd_Loss: 0.013473	l1_Loss: 0.004217
Train source2 iter: 40 [(38%)]	Loss: 0.050082	RUL_Loss: 0.032529	mmd_Loss: 0.014343	l1_Loss: 0.004037
Train source1 iter: 50 [(47%)]	Loss: 0.039443	RUL_Loss: 0.021169	mmd_Loss: 0.014325	l1_Loss: 0.004279
Train source2 iter: 50 [(47%)]	Loss: 0.051401	RUL_Loss: 0.030295	mmd_Loss: 0.016976	l1_Loss: 0.004511
Train source1 iter: 60 [(57%)]	Loss: 0.038721	RUL_Loss: 0.023599	mmd_Loss: 0.010688	l1_Loss: 0.004540
Train source2 iter: 60 [(57%)]	Loss: 0.047916	RUL_Loss: 0.029725	mmd_Loss: 0.014026	l1_Loss: 0.004293
Train source1 iter: 70 [(66%)]	Loss: 0.040521	RUL_Loss: 0.025978	mmd_Loss: 0.010229	l1_Loss: 0.004353
Train source2 iter: 70 [(66%)]	Loss: 0.052898	RUL_Loss: 0.034147	mmd_Loss: 0.014418	l1_Loss: 0.004383
Train source1 iter: 80 [(75%)]	Loss: 0.038931	RUL_Loss: 0.023621	mmd_Loss: 0.010994	l1_Loss: 0.004331
Train source2 iter: 80 [(75%)]	Loss: 0.043318	RUL_Loss: 0.027619	mmd_Loss: 0.011241	l1_Loss: 0.004475
Train source1 iter: 90 [(85%)]	Loss: 0.037706	RUL_Loss: 0.022457	mmd_Loss: 0.010998	l1_Loss: 0.004257
Train source2 iter: 90 [(85%)]	Loss: 0.044521	RUL_Loss: 0.030002	mmd_Loss: 0.010180	l1_Loss: 0.004346
Train source1 iter: 100 [(94%)]	Loss: 0.037688	RUL_Loss: 0.021375	mmd_Loss: 0.012036	l1_Loss: 0.004280
Train source2 iter: 100 [(94%)]	Loss: 0.051178	RUL_Loss: 0.031935	mmd_Loss: 0.014656	l1_Loss: 0.004590
Train epochs:39.000000	
Train source1 iter: 10 [(9%)]	Loss: 0.030579	RUL_Loss: 0.024307	mmd_Loss: 0.009496	l1_Loss: 0.004772
Train source2 iter: 10 [(9%)]	Loss: 0.040148	RUL_Loss: 0.033032	mmd_Loss: 0.011555	l1_Loss: 0.004634
Train source1 iter: 20 [(19%)]	Loss: 0.031938	RUL_Loss: 0.021876	mmd_Loss: 0.009448	l1_Loss: 0.004208
Train source2 iter: 20 [(19%)]	Loss: 0.042980	RUL_Loss: 0.031462	mmd_Loss: 0.010688	l1_Loss: 0.004945
Train source1 iter: 30 [(28%)]	Loss: 0.037413	RUL_Loss: 0.024728	mmd_Loss: 0.009890	l1_Loss: 0.004386
Train source2 iter: 30 [(28%)]	Loss: 0.039792	RUL_Loss: 0.028861	mmd_Loss: 0.007846	l1_Loss: 0.004457
Train source1 iter: 40 [(38%)]	Loss: 0.034526	RUL_Loss: 0.021018	mmd_Loss: 0.009324	l1_Loss: 0.004819
Train source2 iter: 40 [(38%)]	Loss: 0.045407	RUL_Loss: 0.032044	mmd_Loss: 0.009467	l1_Loss: 0.004524
Train source1 iter: 50 [(47%)]	Loss: 0.037789	RUL_Loss: 0.021793	mmd_Loss: 0.011401	l1_Loss: 0.004884
Train source2 iter: 50 [(47%)]	Loss: 0.043922	RUL_Loss: 0.030255	mmd_Loss: 0.009808	l1_Loss: 0.004106
Train source1 iter: 60 [(57%)]	Loss: 0.041170	RUL_Loss: 0.027029	mmd_Loss: 0.009676	l1_Loss: 0.004564
Train source2 iter: 60 [(57%)]	Loss: 0.047319	RUL_Loss: 0.033168	mmd_Loss: 0.010042	l1_Loss: 0.004208
Train source1 iter: 70 [(66%)]	Loss: 0.036918	RUL_Loss: 0.023671	mmd_Loss: 0.009158	l1_Loss: 0.004125
Train source2 iter: 70 [(66%)]	Loss: 0.044196	RUL_Loss: 0.030722	mmd_Loss: 0.009200	l1_Loss: 0.004310
Train source1 iter: 80 [(75%)]	Loss: 0.036356	RUL_Loss: 0.022440	mmd_Loss: 0.009016	l1_Loss: 0.004914
Train source2 iter: 80 [(75%)]	Loss: 0.043865	RUL_Loss: 0.030247	mmd_Loss: 0.009210	l1_Loss: 0.004422
Train source1 iter: 90 [(85%)]	Loss: 0.037323	RUL_Loss: 0.022916	mmd_Loss: 0.010188	l1_Loss: 0.004225
Train source2 iter: 90 [(85%)]	Loss: 0.046191	RUL_Loss: 0.030481	mmd_Loss: 0.011813	l1_Loss: 0.003904
Train source1 iter: 100 [(94%)]	Loss: 0.035580	RUL_Loss: 0.021871	mmd_Loss: 0.009096	l1_Loss: 0.004614
Train source2 iter: 100 [(94%)]	Loss: 0.041480	RUL_Loss: 0.028440	mmd_Loss: 0.008767	l1_Loss: 0.004275
Train epochs:40.000000	
Train source1 iter: 10 [(9%)]	Loss: 0.028931	RUL_Loss: 0.022017	mmd_Loss: 0.011339	l1_Loss: 0.004389
Train source2 iter: 10 [(9%)]	Loss: 0.035674	RUL_Loss: 0.029793	mmd_Loss: 0.009192	l1_Loss: 0.004189
Train source1 iter: 20 [(19%)]	Loss: 0.030731	RUL_Loss: 0.020989	mmd_Loss: 0.009353	l1_Loss: 0.003870
Train source2 iter: 20 [(19%)]	Loss: 0.041983	RUL_Loss: 0.029746	mmd_Loss: 0.012248	l1_Loss: 0.004360
Train source1 iter: 30 [(28%)]	Loss: 0.033648	RUL_Loss: 0.021845	mmd_Loss: 0.009476	l1_Loss: 0.003807
Train source2 iter: 30 [(28%)]	Loss: 0.042946	RUL_Loss: 0.032191	mmd_Loss: 0.008175	l1_Loss: 0.003929
Train source1 iter: 40 [(38%)]	Loss: 0.033260	RUL_Loss: 0.019511	mmd_Loss: 0.010814	l1_Loss: 0.003581
Train source2 iter: 40 [(38%)]	Loss: 0.045291	RUL_Loss: 0.030485	mmd_Loss: 0.011455	l1_Loss: 0.004046
Train source1 iter: 50 [(47%)]	Loss: 0.034653	RUL_Loss: 0.019832	mmd_Loss: 0.011305	l1_Loss: 0.003783
Train source2 iter: 50 [(47%)]	Loss: 0.042859	RUL_Loss: 0.029194	mmd_Loss: 0.009934	l1_Loss: 0.003977
Train source1 iter: 60 [(57%)]	Loss: 0.037173	RUL_Loss: 0.020232	mmd_Loss: 0.013115	l1_Loss: 0.003945
Train source2 iter: 60 [(57%)]	Loss: 0.048900	RUL_Loss: 0.032622	mmd_Loss: 0.012653	l1_Loss: 0.003739
Train source1 iter: 70 [(66%)]	Loss: 0.037099	RUL_Loss: 0.021820	mmd_Loss: 0.010959	l1_Loss: 0.004362
Train source2 iter: 70 [(66%)]	Loss: 0.046403	RUL_Loss: 0.029535	mmd_Loss: 0.013027	l1_Loss: 0.003887
Train source1 iter: 80 [(75%)]	Loss: 0.036478	RUL_Loss: 0.023228	mmd_Loss: 0.009565	l1_Loss: 0.003700
Train source2 iter: 80 [(75%)]	Loss: 0.046249	RUL_Loss: 0.032101	mmd_Loss: 0.010789	l1_Loss: 0.003374
Train source1 iter: 90 [(85%)]	Loss: 0.035680	RUL_Loss: 0.021509	mmd_Loss: 0.009916	l1_Loss: 0.004261
Train source2 iter: 90 [(85%)]	Loss: 0.045392	RUL_Loss: 0.031215	mmd_Loss: 0.010338	l1_Loss: 0.003844
Train source1 iter: 100 [(94%)]	Loss: 0.032798	RUL_Loss: 0.020198	mmd_Loss: 0.008867	l1_Loss: 0.003735
Train source2 iter: 100 [(94%)]	Loss: 0.046294	RUL_Loss: 0.030282	mmd_Loss: 0.011434	l1_Loss: 0.004580
Train epochs:41.000000	
Train source1 iter: 10 [(9%)]	Loss: 0.026756	RUL_Loss: 0.020715	mmd_Loss: 0.009650	l1_Loss: 0.004092
Train source2 iter: 10 [(9%)]	Loss: 0.036399	RUL_Loss: 0.029088	mmd_Loss: 0.012289	l1_Loss: 0.004343
Train source1 iter: 20 [(19%)]	Loss: 0.036035	RUL_Loss: 0.025219	mmd_Loss: 0.010612	l1_Loss: 0.004068
Train source2 iter: 20 [(19%)]	Loss: 0.046354	RUL_Loss: 0.035746	mmd_Loss: 0.010228	l1_Loss: 0.004170
Train source1 iter: 30 [(28%)]	Loss: 0.035649	RUL_Loss: 0.021163	mmd_Loss: 0.012532	l1_Loss: 0.003769
Train source2 iter: 30 [(28%)]	Loss: 0.041363	RUL_Loss: 0.030415	mmd_Loss: 0.008000	l1_Loss: 0.004320
Train source1 iter: 40 [(38%)]	Loss: 0.032869	RUL_Loss: 0.019899	mmd_Loss: 0.009676	l1_Loss: 0.003903
Train source2 iter: 40 [(38%)]	Loss: 0.043635	RUL_Loss: 0.031507	mmd_Loss: 0.008823	l1_Loss: 0.003876
Train source1 iter: 50 [(47%)]	Loss: 0.033914	RUL_Loss: 0.020786	mmd_Loss: 0.009030	l1_Loss: 0.004334
Train source2 iter: 50 [(47%)]	Loss: 0.043094	RUL_Loss: 0.029672	mmd_Loss: 0.009412	l1_Loss: 0.004252
Train source1 iter: 60 [(57%)]	Loss: 0.035547	RUL_Loss: 0.022439	mmd_Loss: 0.009426	l1_Loss: 0.003774
Train source2 iter: 60 [(57%)]	Loss: 0.051664	RUL_Loss: 0.035502	mmd_Loss: 0.012158	l1_Loss: 0.004117
Train source1 iter: 70 [(66%)]	Loss: 0.034224	RUL_Loss: 0.019043	mmd_Loss: 0.009607	l1_Loss: 0.005616
Train source2 iter: 70 [(66%)]	Loss: 0.043747	RUL_Loss: 0.029723	mmd_Loss: 0.010456	l1_Loss: 0.003607
Train source1 iter: 80 [(75%)]	Loss: 0.036019	RUL_Loss: 0.022136	mmd_Loss: 0.008954	l1_Loss: 0.004944
Train source2 iter: 80 [(75%)]	Loss: 0.043664	RUL_Loss: 0.030077	mmd_Loss: 0.009221	l1_Loss: 0.004380
Train source1 iter: 90 [(85%)]	Loss: 0.035065	RUL_Loss: 0.021755	mmd_Loss: 0.009630	l1_Loss: 0.003685
Train source2 iter: 90 [(85%)]	Loss: 0.043052	RUL_Loss: 0.029640	mmd_Loss: 0.009319	l1_Loss: 0.004099
Train source1 iter: 100 [(94%)]	Loss: 0.034396	RUL_Loss: 0.019334	mmd_Loss: 0.010526	l1_Loss: 0.004538
Train source2 iter: 100 [(94%)]	Loss: 0.045292	RUL_Loss: 0.031099	mmd_Loss: 0.010454	l1_Loss: 0.003742
Train epochs:42.000000	
Train source1 iter: 10 [(9%)]	Loss: 0.029610	RUL_Loss: 0.022680	mmd_Loss: 0.010803	l1_Loss: 0.004960
Train source2 iter: 10 [(9%)]	Loss: 0.038507	RUL_Loss: 0.032446	mmd_Loss: 0.009326	l1_Loss: 0.004464
Train source1 iter: 20 [(19%)]	Loss: 0.028120	RUL_Loss: 0.017802	mmd_Loss: 0.009949	l1_Loss: 0.004056
Train source2 iter: 20 [(19%)]	Loss: 0.039160	RUL_Loss: 0.029862	mmd_Loss: 0.008623	l1_Loss: 0.003997
Train source1 iter: 30 [(28%)]	Loss: 0.036333	RUL_Loss: 0.024086	mmd_Loss: 0.009881	l1_Loss: 0.003901
Train source2 iter: 30 [(28%)]	Loss: 0.045549	RUL_Loss: 0.032195	mmd_Loss: 0.010558	l1_Loss: 0.004470
Train source1 iter: 40 [(38%)]	Loss: 0.034972	RUL_Loss: 0.019259	mmd_Loss: 0.012426	l1_Loss: 0.004026
Train source2 iter: 40 [(38%)]	Loss: 0.044404	RUL_Loss: 0.030896	mmd_Loss: 0.010099	l1_Loss: 0.004043
Train source1 iter: 50 [(47%)]	Loss: 0.033463	RUL_Loss: 0.018226	mmd_Loss: 0.011357	l1_Loss: 0.004155
Train source2 iter: 50 [(47%)]	Loss: 0.044783	RUL_Loss: 0.031047	mmd_Loss: 0.009809	l1_Loss: 0.004175
Train source1 iter: 60 [(57%)]	Loss: 0.036838	RUL_Loss: 0.021408	mmd_Loss: 0.011622	l1_Loss: 0.003915
Train source2 iter: 60 [(57%)]	Loss: 0.047496	RUL_Loss: 0.031959	mmd_Loss: 0.011923	l1_Loss: 0.003722
Train source1 iter: 70 [(66%)]	Loss: 0.035097	RUL_Loss: 0.021430	mmd_Loss: 0.009207	l1_Loss: 0.004497
Train source2 iter: 70 [(66%)]	Loss: 0.049462	RUL_Loss: 0.035742	mmd_Loss: 0.009588	l1_Loss: 0.004169
Train source1 iter: 80 [(75%)]	Loss: 0.034373	RUL_Loss: 0.020415	mmd_Loss: 0.009795	l1_Loss: 0.004178
Train source2 iter: 80 [(75%)]	Loss: 0.044045	RUL_Loss: 0.030054	mmd_Loss: 0.009880	l1_Loss: 0.004125
Train source1 iter: 90 [(85%)]	Loss: 0.034193	RUL_Loss: 0.020238	mmd_Loss: 0.010144	l1_Loss: 0.003817
Train source2 iter: 90 [(85%)]	Loss: 0.041062	RUL_Loss: 0.028465	mmd_Loss: 0.008728	l1_Loss: 0.003875
Train source1 iter: 100 [(94%)]	Loss: 0.037140	RUL_Loss: 0.023212	mmd_Loss: 0.009735	l1_Loss: 0.004195
Train source2 iter: 100 [(94%)]	Loss: 0.045019	RUL_Loss: 0.032812	mmd_Loss: 0.008397	l1_Loss: 0.003812
Train epochs:43.000000	
Train source1 iter: 10 [(9%)]	Loss: 0.032504	RUL_Loss: 0.024376	mmd_Loss: 0.014824	l1_Loss: 0.003667
Train source2 iter: 10 [(9%)]	Loss: 0.039565	RUL_Loss: 0.032391	mmd_Loss: 0.012803	l1_Loss: 0.003518
Train source1 iter: 20 [(19%)]	Loss: 0.036089	RUL_Loss: 0.023973	mmd_Loss: 0.012630	l1_Loss: 0.003815
Train source2 iter: 20 [(19%)]	Loss: 0.047131	RUL_Loss: 0.034370	mmd_Loss: 0.013989	l1_Loss: 0.003331
Train source1 iter: 30 [(28%)]	Loss: 0.035492	RUL_Loss: 0.021911	mmd_Loss: 0.011576	l1_Loss: 0.003709
Train source2 iter: 30 [(28%)]	Loss: 0.044513	RUL_Loss: 0.030062	mmd_Loss: 0.012494	l1_Loss: 0.003770
Train source1 iter: 40 [(38%)]	Loss: 0.037629	RUL_Loss: 0.022183	mmd_Loss: 0.012051	l1_Loss: 0.004121
Train source2 iter: 40 [(38%)]	Loss: 0.047716	RUL_Loss: 0.030994	mmd_Loss: 0.013755	l1_Loss: 0.003753
Train source1 iter: 50 [(47%)]	Loss: 0.038358	RUL_Loss: 0.022436	mmd_Loss: 0.012614	l1_Loss: 0.003595
Train source2 iter: 50 [(47%)]	Loss: 0.045222	RUL_Loss: 0.031779	mmd_Loss: 0.010026	l1_Loss: 0.003659
Train source1 iter: 60 [(57%)]	Loss: 0.035817	RUL_Loss: 0.021966	mmd_Loss: 0.009906	l1_Loss: 0.004042
Train source2 iter: 60 [(57%)]	Loss: 0.046488	RUL_Loss: 0.030159	mmd_Loss: 0.012701	l1_Loss: 0.003742
Train source1 iter: 70 [(66%)]	Loss: 0.037005	RUL_Loss: 0.021680	mmd_Loss: 0.011858	l1_Loss: 0.003508
Train source2 iter: 70 [(66%)]	Loss: 0.045892	RUL_Loss: 0.030503	mmd_Loss: 0.011726	l1_Loss: 0.003705
Train source1 iter: 80 [(75%)]	Loss: 0.038285	RUL_Loss: 0.022492	mmd_Loss: 0.011954	l1_Loss: 0.003856
Train source2 iter: 80 [(75%)]	Loss: 0.050255	RUL_Loss: 0.030583	mmd_Loss: 0.016153	l1_Loss: 0.003539
Train source1 iter: 90 [(85%)]	Loss: 0.037675	RUL_Loss: 0.021068	mmd_Loss: 0.012760	l1_Loss: 0.003853
Train source2 iter: 90 [(85%)]	Loss: 0.048409	RUL_Loss: 0.030450	mmd_Loss: 0.014670	l1_Loss: 0.003297
Train source1 iter: 100 [(94%)]	Loss: 0.033720	RUL_Loss: 0.019412	mmd_Loss: 0.010560	l1_Loss: 0.003750
Train source2 iter: 100 [(94%)]	Loss: 0.045970	RUL_Loss: 0.031608	mmd_Loss: 0.010861	l1_Loss: 0.003503
Train epochs:44.000000	
