当前日期和时间： 2023-03-15_17_15_59
training settings:	 lr: 0.001 momentum: 0.9 l2_decay: 0.001 optimizer: Adam seed: 6
model architecture:
 MFSAN(
  (sharedNet): CFE(
    (conv1): Conv1d(14, 32, kernel_size=(3,), stride=(1,), padding=(1,), bias=False)
    (bn1): BatchNorm1d(32, eps=1e-05, momentum=0.1, affine=True, track_running_stats=True)
    (conv2): Conv1d(32, 64, kernel_size=(2,), stride=(1,), padding=(1,), bias=False)
    (bn2): BatchNorm1d(64, eps=1e-05, momentum=0.1, affine=True, track_running_stats=True)
    (conv3): Conv1d(64, 128, kernel_size=(2,), stride=(1,), bias=False)
    (bn3): BatchNorm1d(128, eps=1e-05, momentum=0.1, affine=True, track_running_stats=True)
    (relu): ReLU(inplace=True)
    (flatten): Flatten(start_dim=1, end_dim=-1)
  )
  (sonnet1): DFE(
    (rnn): LSTM(128, 100, num_layers=2, batch_first=True, dropout=0.2, bidirectional=True)
  )
  (sonnet2): DFE(
    (rnn): LSTM(128, 100, num_layers=2, batch_first=True, dropout=0.2, bidirectional=True)
  )
  (rul_fc_son1): Linear(in_features=199, out_features=1, bias=True)
  (rul_fc_son2): Linear(in_features=199, out_features=1, bias=True)
  (avgpool): AvgPool1d(kernel_size=(2,), stride=(1,), padding=(0,))
)
FD001 FD002 to FD004
Train source1 iter: 10 [(9%)]	Loss: 0.076375	RUL_Loss: 0.039879	mmd_Loss: 0.067773	l1_Loss: 0.015254
Train source2 iter: 10 [(9%)]	Loss: 0.132078	RUL_Loss: 0.119940	mmd_Loss: 0.012675	l1_Loss: 0.014939
Train source1 iter: 20 [(19%)]	Loss: 0.091299	RUL_Loss: 0.039963	mmd_Loss: 0.061706	l1_Loss: 0.007970
Train source2 iter: 20 [(19%)]	Loss: 0.134190	RUL_Loss: 0.119958	mmd_Loss: 0.011430	l1_Loss: 0.007887
Train source1 iter: 30 [(28%)]	Loss: 0.101082	RUL_Loss: 0.041341	mmd_Loss: 0.058242	l1_Loss: 0.008991
Train source2 iter: 30 [(28%)]	Loss: 0.135760	RUL_Loss: 0.116481	mmd_Loss: 0.013153	l1_Loss: 0.008544
Train source1 iter: 40 [(38%)]	Loss: 0.108633	RUL_Loss: 0.041051	mmd_Loss: 0.062229	l1_Loss: 0.008531
Train source2 iter: 40 [(38%)]	Loss: 0.146635	RUL_Loss: 0.127792	mmd_Loss: 0.012271	l1_Loss: 0.007458
Train source1 iter: 50 [(47%)]	Loss: 0.105278	RUL_Loss: 0.045181	mmd_Loss: 0.052419	l1_Loss: 0.008762
Train source2 iter: 50 [(47%)]	Loss: 0.138615	RUL_Loss: 0.118330	mmd_Loss: 0.011638	l1_Loss: 0.009013
Train source1 iter: 60 [(57%)]	Loss: 0.110509	RUL_Loss: 0.043659	mmd_Loss: 0.059087	l1_Loss: 0.008230
Train source2 iter: 60 [(57%)]	Loss: 0.141419	RUL_Loss: 0.119746	mmd_Loss: 0.013724	l1_Loss: 0.008101
Train source1 iter: 70 [(66%)]	Loss: 0.107558	RUL_Loss: 0.043950	mmd_Loss: 0.054851	l1_Loss: 0.008929
Train source2 iter: 70 [(66%)]	Loss: 0.130938	RUL_Loss: 0.109253	mmd_Loss: 0.013003	l1_Loss: 0.008741
Train source1 iter: 80 [(75%)]	Loss: 0.105687	RUL_Loss: 0.042173	mmd_Loss: 0.055417	l1_Loss: 0.008164
Train source2 iter: 80 [(75%)]	Loss: 0.128731	RUL_Loss: 0.108057	mmd_Loss: 0.011732	l1_Loss: 0.008964
Train source1 iter: 90 [(85%)]	Loss: 0.108844	RUL_Loss: 0.041608	mmd_Loss: 0.059409	l1_Loss: 0.007854
Train source2 iter: 90 [(85%)]	Loss: 0.138101	RUL_Loss: 0.118884	mmd_Loss: 0.010214	l1_Loss: 0.009010
Train source1 iter: 100 [(94%)]	Loss: 0.113420	RUL_Loss: 0.043805	mmd_Loss: 0.060114	l1_Loss: 0.009513
Train source2 iter: 100 [(94%)]	Loss: 0.140163	RUL_Loss: 0.120912	mmd_Loss: 0.010602	l1_Loss: 0.008652
Train epochs:1.000000	
Train source1 iter: 10 [(9%)]	Loss: 0.058347	RUL_Loss: 0.038756	mmd_Loss: 0.035985	l1_Loss: 0.008583
Train source2 iter: 10 [(9%)]	Loss: 0.116056	RUL_Loss: 0.107425	mmd_Loss: 0.012329	l1_Loss: 0.007306
Train source1 iter: 20 [(19%)]	Loss: 0.064777	RUL_Loss: 0.033948	mmd_Loss: 0.035968	l1_Loss: 0.005875
Train source2 iter: 20 [(19%)]	Loss: 0.112281	RUL_Loss: 0.101274	mmd_Loss: 0.009716	l1_Loss: 0.005223
Train source1 iter: 30 [(28%)]	Loss: 0.073455	RUL_Loss: 0.039018	mmd_Loss: 0.033167	l1_Loss: 0.005588
Train source2 iter: 30 [(28%)]	Loss: 0.121151	RUL_Loss: 0.105415	mmd_Loss: 0.012279	l1_Loss: 0.005430
Train source1 iter: 40 [(38%)]	Loss: 0.072385	RUL_Loss: 0.035094	mmd_Loss: 0.033719	l1_Loss: 0.005324
Train source2 iter: 40 [(38%)]	Loss: 0.111054	RUL_Loss: 0.093104	mmd_Loss: 0.012702	l1_Loss: 0.006092
Train source1 iter: 50 [(47%)]	Loss: 0.073312	RUL_Loss: 0.037808	mmd_Loss: 0.030370	l1_Loss: 0.005775
Train source2 iter: 50 [(47%)]	Loss: 0.121008	RUL_Loss: 0.104691	mmd_Loss: 0.011018	l1_Loss: 0.005594
Train source1 iter: 60 [(57%)]	Loss: 0.077136	RUL_Loss: 0.037084	mmd_Loss: 0.034602	l1_Loss: 0.005730
Train source2 iter: 60 [(57%)]	Loss: 0.117476	RUL_Loss: 0.100918	mmd_Loss: 0.011501	l1_Loss: 0.005172
Train source1 iter: 70 [(66%)]	Loss: 0.075023	RUL_Loss: 0.035563	mmd_Loss: 0.034077	l1_Loss: 0.005491
Train source2 iter: 70 [(66%)]	Loss: 0.116619	RUL_Loss: 0.099755	mmd_Loss: 0.011487	l1_Loss: 0.005423
Train source1 iter: 80 [(75%)]	Loss: 0.077764	RUL_Loss: 0.038761	mmd_Loss: 0.033462	l1_Loss: 0.005582
Train source2 iter: 80 [(75%)]	Loss: 0.116912	RUL_Loss: 0.096250	mmd_Loss: 0.015570	l1_Loss: 0.005114
Train source1 iter: 90 [(85%)]	Loss: 0.079282	RUL_Loss: 0.034755	mmd_Loss: 0.038822	l1_Loss: 0.005724
Train source2 iter: 90 [(85%)]	Loss: 0.119778	RUL_Loss: 0.101818	mmd_Loss: 0.011778	l1_Loss: 0.006189
Train source1 iter: 100 [(94%)]	Loss: 0.079851	RUL_Loss: 0.036102	mmd_Loss: 0.038799	l1_Loss: 0.004957
Train source2 iter: 100 [(94%)]	Loss: 0.119328	RUL_Loss: 0.102004	mmd_Loss: 0.011833	l1_Loss: 0.005494
Train epochs:2.000000	
Train source1 iter: 10 [(9%)]	Loss: 0.058534	RUL_Loss: 0.045948	mmd_Loss: 0.024115	l1_Loss: 0.004517
Train source2 iter: 10 [(9%)]	Loss: 0.113771	RUL_Loss: 0.106570	mmd_Loss: 0.012412	l1_Loss: 0.003972
Train source1 iter: 20 [(19%)]	Loss: 0.059539	RUL_Loss: 0.039377	mmd_Loss: 0.022883	l1_Loss: 0.004482
Train source2 iter: 20 [(19%)]	Loss: 0.107764	RUL_Loss: 0.095308	mmd_Loss: 0.012400	l1_Loss: 0.004506
Train source1 iter: 30 [(28%)]	Loss: 0.067561	RUL_Loss: 0.041696	mmd_Loss: 0.024596	l1_Loss: 0.004513
Train source2 iter: 30 [(28%)]	Loss: 0.115941	RUL_Loss: 0.101425	mmd_Loss: 0.012237	l1_Loss: 0.004100
Train source1 iter: 40 [(38%)]	Loss: 0.064485	RUL_Loss: 0.039420	mmd_Loss: 0.022494	l1_Loss: 0.003751
Train source2 iter: 40 [(38%)]	Loss: 0.116509	RUL_Loss: 0.100698	mmd_Loss: 0.012026	l1_Loss: 0.004528
Train source1 iter: 50 [(47%)]	Loss: 0.064950	RUL_Loss: 0.037365	mmd_Loss: 0.023582	l1_Loss: 0.004501
Train source2 iter: 50 [(47%)]	Loss: 0.111614	RUL_Loss: 0.097162	mmd_Loss: 0.010803	l1_Loss: 0.003910
Train source1 iter: 60 [(57%)]	Loss: 0.065289	RUL_Loss: 0.036643	mmd_Loss: 0.024369	l1_Loss: 0.004477
Train source2 iter: 60 [(57%)]	Loss: 0.113703	RUL_Loss: 0.098833	mmd_Loss: 0.010790	l1_Loss: 0.004183
Train source1 iter: 70 [(66%)]	Loss: 0.066722	RUL_Loss: 0.040232	mmd_Loss: 0.022760	l1_Loss: 0.003802
Train source2 iter: 70 [(66%)]	Loss: 0.113755	RUL_Loss: 0.097191	mmd_Loss: 0.012432	l1_Loss: 0.004178
Train source1 iter: 80 [(75%)]	Loss: 0.067297	RUL_Loss: 0.038672	mmd_Loss: 0.024835	l1_Loss: 0.003821
Train source2 iter: 80 [(75%)]	Loss: 0.111576	RUL_Loss: 0.095703	mmd_Loss: 0.012120	l1_Loss: 0.003769
Train source1 iter: 90 [(85%)]	Loss: 0.064921	RUL_Loss: 0.039364	mmd_Loss: 0.021671	l1_Loss: 0.003897
Train source2 iter: 90 [(85%)]	Loss: 0.110147	RUL_Loss: 0.092539	mmd_Loss: 0.012961	l1_Loss: 0.004654
Train source1 iter: 100 [(94%)]	Loss: 0.064072	RUL_Loss: 0.037133	mmd_Loss: 0.022999	l1_Loss: 0.003943
Train source2 iter: 100 [(94%)]	Loss: 0.112261	RUL_Loss: 0.097071	mmd_Loss: 0.011235	l1_Loss: 0.003957
Train epochs:3.000000	
Train source1 iter: 10 [(9%)]	Loss: 0.050592	RUL_Loss: 0.035893	mmd_Loss: 0.026362	l1_Loss: 0.007078
Train source2 iter: 10 [(9%)]	Loss: 0.086167	RUL_Loss: 0.077263	mmd_Loss: 0.013191	l1_Loss: 0.007066
Train source1 iter: 20 [(19%)]	Loss: 0.055065	RUL_Loss: 0.031656	mmd_Loss: 0.025077	l1_Loss: 0.006695
Train source2 iter: 20 [(19%)]	Loss: 0.089192	RUL_Loss: 0.075008	mmd_Loss: 0.011831	l1_Loss: 0.007421
Train source1 iter: 30 [(28%)]	Loss: 0.057807	RUL_Loss: 0.033181	mmd_Loss: 0.020512	l1_Loss: 0.007202
Train source2 iter: 30 [(28%)]	Loss: 0.097597	RUL_Loss: 0.080733	mmd_Loss: 0.011856	l1_Loss: 0.007123
Train source1 iter: 40 [(38%)]	Loss: 0.062229	RUL_Loss: 0.032524	mmd_Loss: 0.023938	l1_Loss: 0.007164
Train source2 iter: 40 [(38%)]	Loss: 0.099242	RUL_Loss: 0.079538	mmd_Loss: 0.013607	l1_Loss: 0.007024
Train source1 iter: 50 [(47%)]	Loss: 0.067905	RUL_Loss: 0.034682	mmd_Loss: 0.027162	l1_Loss: 0.006660
Train source2 iter: 50 [(47%)]	Loss: 0.097717	RUL_Loss: 0.077840	mmd_Loss: 0.012864	l1_Loss: 0.007372
Train source1 iter: 60 [(57%)]	Loss: 0.063018	RUL_Loss: 0.033239	mmd_Loss: 0.023020	l1_Loss: 0.006968
Train source2 iter: 60 [(57%)]	Loss: 0.099928	RUL_Loss: 0.079686	mmd_Loss: 0.013740	l1_Loss: 0.006643
Train source1 iter: 70 [(66%)]	Loss: 0.061744	RUL_Loss: 0.033078	mmd_Loss: 0.021730	l1_Loss: 0.007014
Train source2 iter: 70 [(66%)]	Loss: 0.096137	RUL_Loss: 0.076663	mmd_Loss: 0.011978	l1_Loss: 0.007548
Train source1 iter: 80 [(75%)]	Loss: 0.064746	RUL_Loss: 0.032677	mmd_Loss: 0.024710	l1_Loss: 0.007392
Train source2 iter: 80 [(75%)]	Loss: 0.096197	RUL_Loss: 0.079394	mmd_Loss: 0.009954	l1_Loss: 0.006866
Train source1 iter: 90 [(85%)]	Loss: 0.063670	RUL_Loss: 0.032917	mmd_Loss: 0.024378	l1_Loss: 0.006389
Train source2 iter: 90 [(85%)]	Loss: 0.086454	RUL_Loss: 0.067811	mmd_Loss: 0.011396	l1_Loss: 0.007255
Train source1 iter: 100 [(94%)]	Loss: 0.060100	RUL_Loss: 0.031689	mmd_Loss: 0.021526	l1_Loss: 0.006889
Train source2 iter: 100 [(94%)]	Loss: 0.105294	RUL_Loss: 0.083050	mmd_Loss: 0.014896	l1_Loss: 0.007351
Train epochs:4.000000	
Train source1 iter: 10 [(9%)]	Loss: 0.044471	RUL_Loss: 0.031277	mmd_Loss: 0.021116	l1_Loss: 0.008899
Train source2 iter: 10 [(9%)]	Loss: 0.070204	RUL_Loss: 0.059567	mmd_Loss: 0.013154	l1_Loss: 0.011046
Train source1 iter: 20 [(19%)]	Loss: 0.053773	RUL_Loss: 0.030364	mmd_Loss: 0.021635	l1_Loss: 0.010138
Train source2 iter: 20 [(19%)]	Loss: 0.072522	RUL_Loss: 0.055867	mmd_Loss: 0.013223	l1_Loss: 0.009382
Train source1 iter: 30 [(28%)]	Loss: 0.057455	RUL_Loss: 0.029284	mmd_Loss: 0.022591	l1_Loss: 0.009112
Train source2 iter: 30 [(28%)]	Loss: 0.075076	RUL_Loss: 0.055781	mmd_Loss: 0.011984	l1_Loss: 0.009731
Train source1 iter: 40 [(38%)]	Loss: 0.058544	RUL_Loss: 0.028526	mmd_Loss: 0.021939	l1_Loss: 0.009491
Train source2 iter: 40 [(38%)]	Loss: 0.069527	RUL_Loss: 0.050716	mmd_Loss: 0.010699	l1_Loss: 0.008996
Train source1 iter: 50 [(47%)]	Loss: 0.058658	RUL_Loss: 0.028159	mmd_Loss: 0.021120	l1_Loss: 0.009930
Train source2 iter: 50 [(47%)]	Loss: 0.090526	RUL_Loss: 0.066140	mmd_Loss: 0.015334	l1_Loss: 0.009493
Train source1 iter: 60 [(57%)]	Loss: 0.063876	RUL_Loss: 0.031773	mmd_Loss: 0.022789	l1_Loss: 0.009538
Train source2 iter: 60 [(57%)]	Loss: 0.075060	RUL_Loss: 0.055402	mmd_Loss: 0.010767	l1_Loss: 0.009028
Train source1 iter: 70 [(66%)]	Loss: 0.064197	RUL_Loss: 0.029123	mmd_Loss: 0.025126	l1_Loss: 0.010043
Train source2 iter: 70 [(66%)]	Loss: 0.080249	RUL_Loss: 0.058753	mmd_Loss: 0.012012	l1_Loss: 0.009543
Train source1 iter: 80 [(75%)]	Loss: 0.063532	RUL_Loss: 0.028515	mmd_Loss: 0.024945	l1_Loss: 0.010109
Train source2 iter: 80 [(75%)]	Loss: 0.082271	RUL_Loss: 0.060968	mmd_Loss: 0.011678	l1_Loss: 0.009648
Train source1 iter: 90 [(85%)]	Loss: 0.063963	RUL_Loss: 0.031345	mmd_Loss: 0.022617	l1_Loss: 0.010014
Train source2 iter: 90 [(85%)]	Loss: 0.079847	RUL_Loss: 0.060136	mmd_Loss: 0.010038	l1_Loss: 0.009682
Train source1 iter: 100 [(94%)]	Loss: 0.062700	RUL_Loss: 0.028310	mmd_Loss: 0.024864	l1_Loss: 0.009532
Train source2 iter: 100 [(94%)]	Loss: 0.084747	RUL_Loss: 0.061933	mmd_Loss: 0.012724	l1_Loss: 0.010093
Train epochs:5.000000	
Train source1 iter: 10 [(9%)]	Loss: 0.046633	RUL_Loss: 0.033145	mmd_Loss: 0.022389	l1_Loss: 0.008294
Train source2 iter: 10 [(9%)]	Loss: 0.066741	RUL_Loss: 0.056874	mmd_Loss: 0.014959	l1_Loss: 0.007488
Train source1 iter: 20 [(19%)]	Loss: 0.054040	RUL_Loss: 0.032989	mmd_Loss: 0.020874	l1_Loss: 0.007699
Train source2 iter: 20 [(19%)]	Loss: 0.071267	RUL_Loss: 0.056743	mmd_Loss: 0.011998	l1_Loss: 0.007715
Train source1 iter: 30 [(28%)]	Loss: 0.056889	RUL_Loss: 0.029876	mmd_Loss: 0.023195	l1_Loss: 0.007205
Train source2 iter: 30 [(28%)]	Loss: 0.067587	RUL_Loss: 0.049384	mmd_Loss: 0.013151	l1_Loss: 0.007334
Train source1 iter: 40 [(38%)]	Loss: 0.055719	RUL_Loss: 0.030408	mmd_Loss: 0.019347	l1_Loss: 0.007154
Train source2 iter: 40 [(38%)]	Loss: 0.073574	RUL_Loss: 0.056108	mmd_Loss: 0.010585	l1_Loss: 0.007703
Train source1 iter: 50 [(47%)]	Loss: 0.057266	RUL_Loss: 0.030095	mmd_Loss: 0.020578	l1_Loss: 0.007083
Train source2 iter: 50 [(47%)]	Loss: 0.076158	RUL_Loss: 0.056602	mmd_Loss: 0.012209	l1_Loss: 0.007699
Train source1 iter: 60 [(57%)]	Loss: 0.056250	RUL_Loss: 0.028247	mmd_Loss: 0.021227	l1_Loss: 0.006972
Train source2 iter: 60 [(57%)]	Loss: 0.072548	RUL_Loss: 0.053453	mmd_Loss: 0.011818	l1_Loss: 0.007410
Train source1 iter: 70 [(66%)]	Loss: 0.060469	RUL_Loss: 0.029315	mmd_Loss: 0.023439	l1_Loss: 0.007799
Train source2 iter: 70 [(66%)]	Loss: 0.074275	RUL_Loss: 0.054992	mmd_Loss: 0.011733	l1_Loss: 0.007602
Train source1 iter: 80 [(75%)]	Loss: 0.059115	RUL_Loss: 0.030172	mmd_Loss: 0.021603	l1_Loss: 0.007370
Train source2 iter: 80 [(75%)]	Loss: 0.076536	RUL_Loss: 0.055617	mmd_Loss: 0.013576	l1_Loss: 0.007365
Train source1 iter: 90 [(85%)]	Loss: 0.059550	RUL_Loss: 0.029878	mmd_Loss: 0.021821	l1_Loss: 0.007863
Train source2 iter: 90 [(85%)]	Loss: 0.075606	RUL_Loss: 0.057675	mmd_Loss: 0.010445	l1_Loss: 0.007493
Train source1 iter: 100 [(94%)]	Loss: 0.057501	RUL_Loss: 0.030572	mmd_Loss: 0.019276	l1_Loss: 0.007658
Train source2 iter: 100 [(94%)]	Loss: 0.078294	RUL_Loss: 0.056389	mmd_Loss: 0.014739	l1_Loss: 0.007170
Train epochs:6.000000	
Train source1 iter: 10 [(9%)]	Loss: 0.044632	RUL_Loss: 0.030638	mmd_Loss: 0.021717	l1_Loss: 0.010118
Train source2 iter: 10 [(9%)]	Loss: 0.061532	RUL_Loss: 0.052359	mmd_Loss: 0.012353	l1_Loss: 0.008514
Train source1 iter: 20 [(19%)]	Loss: 0.052898	RUL_Loss: 0.029151	mmd_Loss: 0.025047	l1_Loss: 0.007183
Train source2 iter: 20 [(19%)]	Loss: 0.060118	RUL_Loss: 0.047325	mmd_Loss: 0.010411	l1_Loss: 0.006953
Train source1 iter: 30 [(28%)]	Loss: 0.054509	RUL_Loss: 0.028855	mmd_Loss: 0.021851	l1_Loss: 0.007021
Train source2 iter: 30 [(28%)]	Loss: 0.063714	RUL_Loss: 0.048820	mmd_Loss: 0.009908	l1_Loss: 0.006854
Train source1 iter: 40 [(38%)]	Loss: 0.058766	RUL_Loss: 0.028388	mmd_Loss: 0.024895	l1_Loss: 0.006911
Train source2 iter: 40 [(38%)]	Loss: 0.068769	RUL_Loss: 0.051792	mmd_Loss: 0.010656	l1_Loss: 0.007119
Train source1 iter: 50 [(47%)]	Loss: 0.054930	RUL_Loss: 0.026665	mmd_Loss: 0.021831	l1_Loss: 0.006944
Train source2 iter: 50 [(47%)]	Loss: 0.066372	RUL_Loss: 0.050395	mmd_Loss: 0.009203	l1_Loss: 0.007062
Train source1 iter: 60 [(57%)]	Loss: 0.055642	RUL_Loss: 0.026060	mmd_Loss: 0.023000	l1_Loss: 0.006789
Train source2 iter: 60 [(57%)]	Loss: 0.069346	RUL_Loss: 0.050061	mmd_Loss: 0.011975	l1_Loss: 0.007445
Train source1 iter: 70 [(66%)]	Loss: 0.056235	RUL_Loss: 0.027975	mmd_Loss: 0.021140	l1_Loss: 0.007196
Train source2 iter: 70 [(66%)]	Loss: 0.068251	RUL_Loss: 0.050171	mmd_Loss: 0.010473	l1_Loss: 0.007656
Train source1 iter: 80 [(75%)]	Loss: 0.056383	RUL_Loss: 0.026860	mmd_Loss: 0.022407	l1_Loss: 0.007147
Train source2 iter: 80 [(75%)]	Loss: 0.072547	RUL_Loss: 0.054280	mmd_Loss: 0.010790	l1_Loss: 0.007497
Train source1 iter: 90 [(85%)]	Loss: 0.057087	RUL_Loss: 0.029130	mmd_Loss: 0.020960	l1_Loss: 0.007008
Train source2 iter: 90 [(85%)]	Loss: 0.069899	RUL_Loss: 0.052366	mmd_Loss: 0.010717	l1_Loss: 0.006824
Train source1 iter: 100 [(94%)]	Loss: 0.060211	RUL_Loss: 0.030947	mmd_Loss: 0.021894	l1_Loss: 0.007374
Train source2 iter: 100 [(94%)]	Loss: 0.073473	RUL_Loss: 0.055773	mmd_Loss: 0.010193	l1_Loss: 0.007509
Train epochs:7.000000	
Train source1 iter: 10 [(9%)]	Loss: 0.045708	RUL_Loss: 0.033340	mmd_Loss: 0.022987	l1_Loss: 0.005149
Train source2 iter: 10 [(9%)]	Loss: 0.064228	RUL_Loss: 0.054806	mmd_Loss: 0.016590	l1_Loss: 0.004847
Train source1 iter: 20 [(19%)]	Loss: 0.044566	RUL_Loss: 0.026818	mmd_Loss: 0.019222	l1_Loss: 0.004867
Train source2 iter: 20 [(19%)]	Loss: 0.066119	RUL_Loss: 0.048703	mmd_Loss: 0.018439	l1_Loss: 0.005198
Train source1 iter: 30 [(28%)]	Loss: 0.051987	RUL_Loss: 0.029497	mmd_Loss: 0.020500	l1_Loss: 0.004810
Train source2 iter: 30 [(28%)]	Loss: 0.068002	RUL_Loss: 0.050810	mmd_Loss: 0.014860	l1_Loss: 0.004488
Train source1 iter: 40 [(38%)]	Loss: 0.053591	RUL_Loss: 0.029628	mmd_Loss: 0.020433	l1_Loss: 0.004657
Train source2 iter: 40 [(38%)]	Loss: 0.071668	RUL_Loss: 0.052776	mmd_Loss: 0.014565	l1_Loss: 0.005216
Train source1 iter: 50 [(47%)]	Loss: 0.056322	RUL_Loss: 0.029367	mmd_Loss: 0.022139	l1_Loss: 0.005302
Train source2 iter: 50 [(47%)]	Loss: 0.068949	RUL_Loss: 0.049870	mmd_Loss: 0.014043	l1_Loss: 0.005380
Train source1 iter: 60 [(57%)]	Loss: 0.059452	RUL_Loss: 0.032009	mmd_Loss: 0.022694	l1_Loss: 0.004941
Train source2 iter: 60 [(57%)]	Loss: 0.067287	RUL_Loss: 0.051462	mmd_Loss: 0.010937	l1_Loss: 0.004999
Train source1 iter: 70 [(66%)]	Loss: 0.057389	RUL_Loss: 0.030288	mmd_Loss: 0.021911	l1_Loss: 0.005265
Train source2 iter: 70 [(66%)]	Loss: 0.067926	RUL_Loss: 0.051493	mmd_Loss: 0.011469	l1_Loss: 0.005009
Train source1 iter: 80 [(75%)]	Loss: 0.054698	RUL_Loss: 0.030519	mmd_Loss: 0.019241	l1_Loss: 0.004963
Train source2 iter: 80 [(75%)]	Loss: 0.070645	RUL_Loss: 0.050286	mmd_Loss: 0.015406	l1_Loss: 0.004975
Train source1 iter: 90 [(85%)]	Loss: 0.061342	RUL_Loss: 0.033287	mmd_Loss: 0.023233	l1_Loss: 0.004833
Train source2 iter: 90 [(85%)]	Loss: 0.069365	RUL_Loss: 0.051593	mmd_Loss: 0.013046	l1_Loss: 0.004733
Train source1 iter: 100 [(94%)]	Loss: 0.055044	RUL_Loss: 0.027950	mmd_Loss: 0.022487	l1_Loss: 0.004612
Train source2 iter: 100 [(94%)]	Loss: 0.068890	RUL_Loss: 0.048238	mmd_Loss: 0.015604	l1_Loss: 0.005051
Train epochs:8.000000	
Train source1 iter: 10 [(9%)]	Loss: 0.043698	RUL_Loss: 0.028466	mmd_Loss: 0.023813	l1_Loss: 0.010838
Train source2 iter: 10 [(9%)]	Loss: 0.053499	RUL_Loss: 0.044572	mmd_Loss: 0.010135	l1_Loss: 0.010172
Train source1 iter: 20 [(19%)]	Loss: 0.052969	RUL_Loss: 0.030893	mmd_Loss: 0.022979	l1_Loss: 0.006984
Train source2 iter: 20 [(19%)]	Loss: 0.062364	RUL_Loss: 0.048517	mmd_Loss: 0.011791	l1_Loss: 0.007003
Train source1 iter: 30 [(28%)]	Loss: 0.055110	RUL_Loss: 0.030319	mmd_Loss: 0.021088	l1_Loss: 0.006812
Train source2 iter: 30 [(28%)]	Loss: 0.061487	RUL_Loss: 0.045661	mmd_Loss: 0.010785	l1_Loss: 0.007026
Train source1 iter: 40 [(38%)]	Loss: 0.056277	RUL_Loss: 0.026583	mmd_Loss: 0.024010	l1_Loss: 0.007081
Train source2 iter: 40 [(38%)]	Loss: 0.067458	RUL_Loss: 0.050437	mmd_Loss: 0.010835	l1_Loss: 0.006986
Train source1 iter: 50 [(47%)]	Loss: 0.055854	RUL_Loss: 0.028671	mmd_Loss: 0.021025	l1_Loss: 0.006648
Train source2 iter: 50 [(47%)]	Loss: 0.063075	RUL_Loss: 0.046221	mmd_Loss: 0.010216	l1_Loss: 0.006943
Train source1 iter: 60 [(57%)]	Loss: 0.053046	RUL_Loss: 0.026360	mmd_Loss: 0.019996	l1_Loss: 0.006876
Train source2 iter: 60 [(57%)]	Loss: 0.065888	RUL_Loss: 0.047704	mmd_Loss: 0.010974	l1_Loss: 0.007338
Train source1 iter: 70 [(66%)]	Loss: 0.054135	RUL_Loss: 0.025985	mmd_Loss: 0.021223	l1_Loss: 0.007003
Train source2 iter: 70 [(66%)]	Loss: 0.062938	RUL_Loss: 0.043750	mmd_Loss: 0.012024	l1_Loss: 0.007217
Train source1 iter: 80 [(75%)]	Loss: 0.054218	RUL_Loss: 0.026244	mmd_Loss: 0.021243	l1_Loss: 0.006761
Train source2 iter: 80 [(75%)]	Loss: 0.068350	RUL_Loss: 0.048306	mmd_Loss: 0.013203	l1_Loss: 0.006861
Train source1 iter: 90 [(85%)]	Loss: 0.056933	RUL_Loss: 0.028163	mmd_Loss: 0.021966	l1_Loss: 0.006815
Train source2 iter: 90 [(85%)]	Loss: 0.066437	RUL_Loss: 0.049000	mmd_Loss: 0.010665	l1_Loss: 0.006778
Train source1 iter: 100 [(94%)]	Loss: 0.054833	RUL_Loss: 0.027631	mmd_Loss: 0.019773	l1_Loss: 0.007433
Train source2 iter: 100 [(94%)]	Loss: 0.063055	RUL_Loss: 0.043856	mmd_Loss: 0.012416	l1_Loss: 0.006786
Train epochs:9.000000	
Train source1 iter: 10 [(9%)]	Loss: 0.047802	RUL_Loss: 0.032554	mmd_Loss: 0.026164	l1_Loss: 0.008524
Train source2 iter: 10 [(9%)]	Loss: 0.052925	RUL_Loss: 0.044935	mmd_Loss: 0.010555	l1_Loss: 0.007622
Train source1 iter: 20 [(19%)]	Loss: 0.053052	RUL_Loss: 0.030409	mmd_Loss: 0.023434	l1_Loss: 0.007299
Train source2 iter: 20 [(19%)]	Loss: 0.056314	RUL_Loss: 0.042353	mmd_Loss: 0.011611	l1_Loss: 0.007337
Train source1 iter: 30 [(28%)]	Loss: 0.058567	RUL_Loss: 0.032051	mmd_Loss: 0.023500	l1_Loss: 0.006341
Train source2 iter: 30 [(28%)]	Loss: 0.056795	RUL_Loss: 0.040400	mmd_Loss: 0.011152	l1_Loss: 0.007299
Train source1 iter: 40 [(38%)]	Loss: 0.059937	RUL_Loss: 0.030160	mmd_Loss: 0.023833	l1_Loss: 0.007344
Train source2 iter: 40 [(38%)]	Loss: 0.060282	RUL_Loss: 0.041474	mmd_Loss: 0.012971	l1_Loss: 0.006721
Train source1 iter: 50 [(47%)]	Loss: 0.063237	RUL_Loss: 0.032201	mmd_Loss: 0.024111	l1_Loss: 0.007485
Train source2 iter: 50 [(47%)]	Loss: 0.067015	RUL_Loss: 0.047214	mmd_Loss: 0.012656	l1_Loss: 0.007502
Train source1 iter: 60 [(57%)]	Loss: 0.062849	RUL_Loss: 0.029634	mmd_Loss: 0.026852	l1_Loss: 0.006595
Train source2 iter: 60 [(57%)]	Loss: 0.065247	RUL_Loss: 0.045227	mmd_Loss: 0.012889	l1_Loss: 0.007271
Train source1 iter: 70 [(66%)]	Loss: 0.062932	RUL_Loss: 0.033150	mmd_Loss: 0.022719	l1_Loss: 0.007144
Train source2 iter: 70 [(66%)]	Loss: 0.062168	RUL_Loss: 0.042964	mmd_Loss: 0.012211	l1_Loss: 0.007045
Train source1 iter: 80 [(75%)]	Loss: 0.064087	RUL_Loss: 0.034131	mmd_Loss: 0.022972	l1_Loss: 0.007016
Train source2 iter: 80 [(75%)]	Loss: 0.064159	RUL_Loss: 0.044216	mmd_Loss: 0.013217	l1_Loss: 0.006747
Train source1 iter: 90 [(85%)]	Loss: 0.059502	RUL_Loss: 0.028525	mmd_Loss: 0.024016	l1_Loss: 0.006974
Train source2 iter: 90 [(85%)]	Loss: 0.062133	RUL_Loss: 0.044745	mmd_Loss: 0.010758	l1_Loss: 0.006636
Train source1 iter: 100 [(94%)]	Loss: 0.062510	RUL_Loss: 0.032423	mmd_Loss: 0.023514	l1_Loss: 0.006577
Train source2 iter: 100 [(94%)]	Loss: 0.062219	RUL_Loss: 0.042991	mmd_Loss: 0.011888	l1_Loss: 0.007343
Train epochs:10.000000	
Train source1 iter: 10 [(9%)]	Loss: 0.037152	RUL_Loss: 0.028144	mmd_Loss: 0.017074	l1_Loss: 0.003418
Train source2 iter: 10 [(9%)]	Loss: 0.050361	RUL_Loss: 0.044913	mmd_Loss: 0.008812	l1_Loss: 0.003582
Train source1 iter: 20 [(19%)]	Loss: 0.046075	RUL_Loss: 0.028214	mmd_Loss: 0.020408	l1_Loss: 0.003834
Train source2 iter: 20 [(19%)]	Loss: 0.055015	RUL_Loss: 0.043852	mmd_Loss: 0.011236	l1_Loss: 0.003916
Train source1 iter: 30 [(28%)]	Loss: 0.048168	RUL_Loss: 0.031024	mmd_Loss: 0.015716	l1_Loss: 0.003577
Train source2 iter: 30 [(28%)]	Loss: 0.054975	RUL_Loss: 0.043063	mmd_Loss: 0.009527	l1_Loss: 0.003879
Train source1 iter: 40 [(38%)]	Loss: 0.050620	RUL_Loss: 0.028937	mmd_Loss: 0.018708	l1_Loss: 0.003994
Train source2 iter: 40 [(38%)]	Loss: 0.062854	RUL_Loss: 0.049729	mmd_Loss: 0.009965	l1_Loss: 0.003777
Train source1 iter: 50 [(47%)]	Loss: 0.048560	RUL_Loss: 0.027042	mmd_Loss: 0.018142	l1_Loss: 0.003764
Train source2 iter: 50 [(47%)]	Loss: 0.056030	RUL_Loss: 0.043069	mmd_Loss: 0.009226	l1_Loss: 0.003969
Train source1 iter: 60 [(57%)]	Loss: 0.049747	RUL_Loss: 0.027883	mmd_Loss: 0.018056	l1_Loss: 0.003961
Train source2 iter: 60 [(57%)]	Loss: 0.061515	RUL_Loss: 0.048224	mmd_Loss: 0.009265	l1_Loss: 0.004119
Train source1 iter: 70 [(66%)]	Loss: 0.051819	RUL_Loss: 0.027804	mmd_Loss: 0.020091	l1_Loss: 0.003990
Train source2 iter: 70 [(66%)]	Loss: 0.056568	RUL_Loss: 0.042305	mmd_Loss: 0.010827	l1_Loss: 0.003475
Train source1 iter: 80 [(75%)]	Loss: 0.044527	RUL_Loss: 0.025361	mmd_Loss: 0.015545	l1_Loss: 0.003641
Train source2 iter: 80 [(75%)]	Loss: 0.059657	RUL_Loss: 0.044658	mmd_Loss: 0.011573	l1_Loss: 0.003443
Train source1 iter: 90 [(85%)]	Loss: 0.049504	RUL_Loss: 0.027380	mmd_Loss: 0.018292	l1_Loss: 0.003841
Train source2 iter: 90 [(85%)]	Loss: 0.062194	RUL_Loss: 0.047689	mmd_Loss: 0.010772	l1_Loss: 0.003740
Train source1 iter: 100 [(94%)]	Loss: 0.054193	RUL_Loss: 0.027394	mmd_Loss: 0.023168	l1_Loss: 0.003634
Train source2 iter: 100 [(94%)]	Loss: 0.060290	RUL_Loss: 0.048020	mmd_Loss: 0.008608	l1_Loss: 0.003664
Train epochs:11.000000	
Train source1 iter: 10 [(9%)]	Loss: 0.037385	RUL_Loss: 0.026713	mmd_Loss: 0.018902	l1_Loss: 0.005376
Train source2 iter: 10 [(9%)]	Loss: 0.057795	RUL_Loss: 0.050845	mmd_Loss: 0.010511	l1_Loss: 0.005299
Train source1 iter: 20 [(19%)]	Loss: 0.046824	RUL_Loss: 0.029971	mmd_Loss: 0.018941	l1_Loss: 0.003932
Train source2 iter: 20 [(19%)]	Loss: 0.053076	RUL_Loss: 0.042434	mmd_Loss: 0.010163	l1_Loss: 0.004282
Train source1 iter: 30 [(28%)]	Loss: 0.047152	RUL_Loss: 0.026486	mmd_Loss: 0.019279	l1_Loss: 0.003979
Train source2 iter: 30 [(28%)]	Loss: 0.060204	RUL_Loss: 0.045901	mmd_Loss: 0.011902	l1_Loss: 0.004195
Train source1 iter: 40 [(38%)]	Loss: 0.051373	RUL_Loss: 0.031451	mmd_Loss: 0.016739	l1_Loss: 0.004121
Train source2 iter: 40 [(38%)]	Loss: 0.062458	RUL_Loss: 0.048000	mmd_Loss: 0.010896	l1_Loss: 0.004243
Train source1 iter: 50 [(47%)]	Loss: 0.048113	RUL_Loss: 0.025929	mmd_Loss: 0.018306	l1_Loss: 0.004278
Train source2 iter: 50 [(47%)]	Loss: 0.058469	RUL_Loss: 0.043263	mmd_Loss: 0.011310	l1_Loss: 0.004170
Train source1 iter: 60 [(57%)]	Loss: 0.049422	RUL_Loss: 0.026427	mmd_Loss: 0.018899	l1_Loss: 0.004256
Train source2 iter: 60 [(57%)]	Loss: 0.059303	RUL_Loss: 0.045229	mmd_Loss: 0.010525	l1_Loss: 0.003647
Train source1 iter: 70 [(66%)]	Loss: 0.048460	RUL_Loss: 0.025785	mmd_Loss: 0.018441	l1_Loss: 0.004296
Train source2 iter: 70 [(66%)]	Loss: 0.059922	RUL_Loss: 0.046121	mmd_Loss: 0.010035	l1_Loss: 0.003804
Train source1 iter: 80 [(75%)]	Loss: 0.051750	RUL_Loss: 0.027964	mmd_Loss: 0.019951	l1_Loss: 0.003860
Train source2 iter: 80 [(75%)]	Loss: 0.054183	RUL_Loss: 0.040402	mmd_Loss: 0.009439	l1_Loss: 0.004357
Train source1 iter: 90 [(85%)]	Loss: 0.047996	RUL_Loss: 0.026783	mmd_Loss: 0.017655	l1_Loss: 0.003567
Train source2 iter: 90 [(85%)]	Loss: 0.056347	RUL_Loss: 0.041717	mmd_Loss: 0.010733	l1_Loss: 0.003903
Train source1 iter: 100 [(94%)]	Loss: 0.048254	RUL_Loss: 0.026579	mmd_Loss: 0.017535	l1_Loss: 0.004144
Train source2 iter: 100 [(94%)]	Loss: 0.063699	RUL_Loss: 0.047900	mmd_Loss: 0.011527	l1_Loss: 0.004274
Train epochs:12.000000	
Train source1 iter: 10 [(9%)]	Loss: 0.036712	RUL_Loss: 0.027327	mmd_Loss: 0.017140	l1_Loss: 0.004210
Train source2 iter: 10 [(9%)]	Loss: 0.052342	RUL_Loss: 0.046203	mmd_Loss: 0.010017	l1_Loss: 0.003949
Train source1 iter: 20 [(19%)]	Loss: 0.044967	RUL_Loss: 0.029326	mmd_Loss: 0.017214	l1_Loss: 0.004014
Train source2 iter: 20 [(19%)]	Loss: 0.058181	RUL_Loss: 0.047789	mmd_Loss: 0.009727	l1_Loss: 0.004379
Train source1 iter: 30 [(28%)]	Loss: 0.051058	RUL_Loss: 0.027985	mmd_Loss: 0.021757	l1_Loss: 0.004209
Train source2 iter: 30 [(28%)]	Loss: 0.057284	RUL_Loss: 0.044502	mmd_Loss: 0.010202	l1_Loss: 0.004182
Train source1 iter: 40 [(38%)]	Loss: 0.045954	RUL_Loss: 0.026199	mmd_Loss: 0.016428	l1_Loss: 0.004257
Train source2 iter: 40 [(38%)]	Loss: 0.060280	RUL_Loss: 0.044332	mmd_Loss: 0.012380	l1_Loss: 0.004319
Train source1 iter: 50 [(47%)]	Loss: 0.049558	RUL_Loss: 0.027879	mmd_Loss: 0.018030	l1_Loss: 0.004040
Train source2 iter: 50 [(47%)]	Loss: 0.058176	RUL_Loss: 0.044189	mmd_Loss: 0.010559	l1_Loss: 0.003680
Train source1 iter: 60 [(57%)]	Loss: 0.054895	RUL_Loss: 0.032705	mmd_Loss: 0.018102	l1_Loss: 0.004243
Train source2 iter: 60 [(57%)]	Loss: 0.054489	RUL_Loss: 0.041058	mmd_Loss: 0.009433	l1_Loss: 0.004091
Train source1 iter: 70 [(66%)]	Loss: 0.049717	RUL_Loss: 0.028303	mmd_Loss: 0.017434	l1_Loss: 0.004038
Train source2 iter: 70 [(66%)]	Loss: 0.058533	RUL_Loss: 0.042859	mmd_Loss: 0.011039	l1_Loss: 0.004678
Train source1 iter: 80 [(75%)]	Loss: 0.051108	RUL_Loss: 0.030783	mmd_Loss: 0.015849	l1_Loss: 0.004498
Train source2 iter: 80 [(75%)]	Loss: 0.059213	RUL_Loss: 0.041995	mmd_Loss: 0.013185	l1_Loss: 0.004051
Train source1 iter: 90 [(85%)]	Loss: 0.048820	RUL_Loss: 0.027179	mmd_Loss: 0.017866	l1_Loss: 0.003784
Train source2 iter: 90 [(85%)]	Loss: 0.061534	RUL_Loss: 0.046250	mmd_Loss: 0.011026	l1_Loss: 0.004265
Train source1 iter: 100 [(94%)]	Loss: 0.052125	RUL_Loss: 0.030118	mmd_Loss: 0.017839	l1_Loss: 0.004171
Train source2 iter: 100 [(94%)]	Loss: 0.061189	RUL_Loss: 0.046889	mmd_Loss: 0.009962	l1_Loss: 0.004340
Train epochs:13.000000	
Train source1 iter: 10 [(9%)]	Loss: 0.035963	RUL_Loss: 0.027771	mmd_Loss: 0.014991	l1_Loss: 0.003645
Train source2 iter: 10 [(9%)]	Loss: 0.054603	RUL_Loss: 0.047828	mmd_Loss: 0.012012	l1_Loss: 0.003401
Train source1 iter: 20 [(19%)]	Loss: 0.041913	RUL_Loss: 0.025709	mmd_Loss: 0.018495	l1_Loss: 0.003499
Train source2 iter: 20 [(19%)]	Loss: 0.051804	RUL_Loss: 0.041729	mmd_Loss: 0.010064	l1_Loss: 0.003610
Train source1 iter: 30 [(28%)]	Loss: 0.047105	RUL_Loss: 0.029173	mmd_Loss: 0.016518	l1_Loss: 0.003663
Train source2 iter: 30 [(28%)]	Loss: 0.054369	RUL_Loss: 0.040898	mmd_Loss: 0.011517	l1_Loss: 0.003643
Train source1 iter: 40 [(38%)]	Loss: 0.044502	RUL_Loss: 0.027511	mmd_Loss: 0.014414	l1_Loss: 0.003377
Train source2 iter: 40 [(38%)]	Loss: 0.055143	RUL_Loss: 0.042754	mmd_Loss: 0.009139	l1_Loss: 0.003833
Train source1 iter: 50 [(47%)]	Loss: 0.047661	RUL_Loss: 0.028449	mmd_Loss: 0.015580	l1_Loss: 0.003978
Train source2 iter: 50 [(47%)]	Loss: 0.055285	RUL_Loss: 0.042402	mmd_Loss: 0.010014	l1_Loss: 0.003102
Train source1 iter: 60 [(57%)]	Loss: 0.048642	RUL_Loss: 0.028809	mmd_Loss: 0.015605	l1_Loss: 0.004367
Train source2 iter: 60 [(57%)]	Loss: 0.061591	RUL_Loss: 0.042395	mmd_Loss: 0.015662	l1_Loss: 0.003668
Train source1 iter: 70 [(66%)]	Loss: 0.049588	RUL_Loss: 0.027650	mmd_Loss: 0.017995	l1_Loss: 0.004003
Train source2 iter: 70 [(66%)]	Loss: 0.054854	RUL_Loss: 0.040539	mmd_Loss: 0.010469	l1_Loss: 0.003884
Train source1 iter: 80 [(75%)]	Loss: 0.046669	RUL_Loss: 0.027298	mmd_Loss: 0.016271	l1_Loss: 0.003120
Train source2 iter: 80 [(75%)]	Loss: 0.058189	RUL_Loss: 0.043950	mmd_Loss: 0.010669	l1_Loss: 0.003585
Train source1 iter: 90 [(85%)]	Loss: 0.048153	RUL_Loss: 0.025736	mmd_Loss: 0.018884	l1_Loss: 0.003543
Train source2 iter: 90 [(85%)]	Loss: 0.059419	RUL_Loss: 0.041841	mmd_Loss: 0.014119	l1_Loss: 0.003466
Train source1 iter: 100 [(94%)]	Loss: 0.047580	RUL_Loss: 0.027075	mmd_Loss: 0.016975	l1_Loss: 0.003534
Train source2 iter: 100 [(94%)]	Loss: 0.053150	RUL_Loss: 0.037125	mmd_Loss: 0.012700	l1_Loss: 0.003328
Train epochs:14.000000	
Train source1 iter: 10 [(9%)]	Loss: 0.037051	RUL_Loss: 0.025073	mmd_Loss: 0.019063	l1_Loss: 0.008186
Train source2 iter: 10 [(9%)]	Loss: 0.052266	RUL_Loss: 0.043738	mmd_Loss: 0.011716	l1_Loss: 0.007684
Train source1 iter: 20 [(19%)]	Loss: 0.043775	RUL_Loss: 0.027462	mmd_Loss: 0.016043	l1_Loss: 0.006098
Train source2 iter: 20 [(19%)]	Loss: 0.060137	RUL_Loss: 0.047311	mmd_Loss: 0.011477	l1_Loss: 0.005932
Train source1 iter: 30 [(28%)]	Loss: 0.048322	RUL_Loss: 0.025238	mmd_Loss: 0.019924	l1_Loss: 0.006054
Train source2 iter: 30 [(28%)]	Loss: 0.060206	RUL_Loss: 0.042592	mmd_Loss: 0.012770	l1_Loss: 0.007053
Train source1 iter: 40 [(38%)]	Loss: 0.050933	RUL_Loss: 0.028592	mmd_Loss: 0.017119	l1_Loss: 0.006273
Train source2 iter: 40 [(38%)]	Loss: 0.060070	RUL_Loss: 0.040913	mmd_Loss: 0.013476	l1_Loss: 0.006582
Train source1 iter: 50 [(47%)]	Loss: 0.049471	RUL_Loss: 0.024816	mmd_Loss: 0.017969	l1_Loss: 0.007130
Train source2 iter: 50 [(47%)]	Loss: 0.063027	RUL_Loss: 0.044514	mmd_Loss: 0.011773	l1_Loss: 0.007074
Train source1 iter: 60 [(57%)]	Loss: 0.048676	RUL_Loss: 0.026622	mmd_Loss: 0.016331	l1_Loss: 0.005877
Train source2 iter: 60 [(57%)]	Loss: 0.059575	RUL_Loss: 0.042781	mmd_Loss: 0.010133	l1_Loss: 0.006778
Train source1 iter: 70 [(66%)]	Loss: 0.049257	RUL_Loss: 0.026538	mmd_Loss: 0.016622	l1_Loss: 0.006158
Train source2 iter: 70 [(66%)]	Loss: 0.059324	RUL_Loss: 0.040426	mmd_Loss: 0.012504	l1_Loss: 0.006446
Train source1 iter: 80 [(75%)]	Loss: 0.050719	RUL_Loss: 0.025417	mmd_Loss: 0.019248	l1_Loss: 0.006081
Train source2 iter: 80 [(75%)]	Loss: 0.058438	RUL_Loss: 0.040432	mmd_Loss: 0.012113	l1_Loss: 0.005912
Train source1 iter: 90 [(85%)]	Loss: 0.049931	RUL_Loss: 0.027054	mmd_Loss: 0.017122	l1_Loss: 0.005764
Train source2 iter: 90 [(85%)]	Loss: 0.060546	RUL_Loss: 0.043217	mmd_Loss: 0.010813	l1_Loss: 0.006522
Train source1 iter: 100 [(94%)]	Loss: 0.051088	RUL_Loss: 0.027369	mmd_Loss: 0.017514	l1_Loss: 0.006209
Train source2 iter: 100 [(94%)]	Loss: 0.058985	RUL_Loss: 0.041065	mmd_Loss: 0.011768	l1_Loss: 0.006154
Train epochs:15.000000	
Train source1 iter: 10 [(9%)]	Loss: 0.039220	RUL_Loss: 0.029213	mmd_Loss: 0.017984	l1_Loss: 0.004780
Train source2 iter: 10 [(9%)]	Loss: 0.048973	RUL_Loss: 0.041757	mmd_Loss: 0.011508	l1_Loss: 0.004909
Train source1 iter: 20 [(19%)]	Loss: 0.044723	RUL_Loss: 0.029105	mmd_Loss: 0.016051	l1_Loss: 0.005146
Train source2 iter: 20 [(19%)]	Loss: 0.050462	RUL_Loss: 0.040365	mmd_Loss: 0.008878	l1_Loss: 0.004827
Train source1 iter: 30 [(28%)]	Loss: 0.050387	RUL_Loss: 0.030093	mmd_Loss: 0.018467	l1_Loss: 0.004372
Train source2 iter: 30 [(28%)]	Loss: 0.057097	RUL_Loss: 0.044265	mmd_Loss: 0.009869	l1_Loss: 0.004571
Train source1 iter: 40 [(38%)]	Loss: 0.047694	RUL_Loss: 0.027932	mmd_Loss: 0.015861	l1_Loss: 0.004829
Train source2 iter: 40 [(38%)]	Loss: 0.057394	RUL_Loss: 0.041699	mmd_Loss: 0.011977	l1_Loss: 0.004457
Train source1 iter: 50 [(47%)]	Loss: 0.046905	RUL_Loss: 0.025533	mmd_Loss: 0.016878	l1_Loss: 0.004880
Train source2 iter: 50 [(47%)]	Loss: 0.055010	RUL_Loss: 0.040823	mmd_Loss: 0.009354	l1_Loss: 0.005089
Train source1 iter: 60 [(57%)]	Loss: 0.051783	RUL_Loss: 0.030026	mmd_Loss: 0.017620	l1_Loss: 0.004290
Train source2 iter: 60 [(57%)]	Loss: 0.055363	RUL_Loss: 0.042439	mmd_Loss: 0.008197	l1_Loss: 0.004817
Train source1 iter: 70 [(66%)]	Loss: 0.051621	RUL_Loss: 0.030706	mmd_Loss: 0.015556	l1_Loss: 0.005416
Train source2 iter: 70 [(66%)]	Loss: 0.060264	RUL_Loss: 0.044532	mmd_Loss: 0.010910	l1_Loss: 0.004865
Train source1 iter: 80 [(75%)]	Loss: 0.047983	RUL_Loss: 0.027334	mmd_Loss: 0.016212	l1_Loss: 0.004459
Train source2 iter: 80 [(75%)]	Loss: 0.055005	RUL_Loss: 0.037769	mmd_Loss: 0.012417	l1_Loss: 0.004837
Train source1 iter: 90 [(85%)]	Loss: 0.047295	RUL_Loss: 0.028264	mmd_Loss: 0.013575	l1_Loss: 0.005464
Train source2 iter: 90 [(85%)]	Loss: 0.058647	RUL_Loss: 0.043676	mmd_Loss: 0.010361	l1_Loss: 0.004616
Train source1 iter: 100 [(94%)]	Loss: 0.050064	RUL_Loss: 0.027038	mmd_Loss: 0.018069	l1_Loss: 0.004961
Train source2 iter: 100 [(94%)]	Loss: 0.056177	RUL_Loss: 0.041082	mmd_Loss: 0.010082	l1_Loss: 0.005016
Train epochs:16.000000	
Train source1 iter: 10 [(9%)]	Loss: 0.039048	RUL_Loss: 0.028733	mmd_Loss: 0.018907	l1_Loss: 0.004558
Train source2 iter: 10 [(9%)]	Loss: 0.049288	RUL_Loss: 0.043130	mmd_Loss: 0.009697	l1_Loss: 0.004313
Train source1 iter: 20 [(19%)]	Loss: 0.044924	RUL_Loss: 0.028390	mmd_Loss: 0.018295	l1_Loss: 0.004146
Train source2 iter: 20 [(19%)]	Loss: 0.050211	RUL_Loss: 0.040506	mmd_Loss: 0.008840	l1_Loss: 0.004332
Train source1 iter: 30 [(28%)]	Loss: 0.049251	RUL_Loss: 0.026627	mmd_Loss: 0.021243	l1_Loss: 0.004218
Train source2 iter: 30 [(28%)]	Loss: 0.054342	RUL_Loss: 0.041013	mmd_Loss: 0.011043	l1_Loss: 0.003957
Train source1 iter: 40 [(38%)]	Loss: 0.047849	RUL_Loss: 0.027641	mmd_Loss: 0.016736	l1_Loss: 0.004422
Train source2 iter: 40 [(38%)]	Loss: 0.058084	RUL_Loss: 0.042056	mmd_Loss: 0.012540	l1_Loss: 0.004242
Train source1 iter: 50 [(47%)]	Loss: 0.051385	RUL_Loss: 0.029955	mmd_Loss: 0.017528	l1_Loss: 0.004289
Train source2 iter: 50 [(47%)]	Loss: 0.057526	RUL_Loss: 0.042904	mmd_Loss: 0.010488	l1_Loss: 0.004398
Train source1 iter: 60 [(57%)]	Loss: 0.050645	RUL_Loss: 0.028832	mmd_Loss: 0.017760	l1_Loss: 0.004206
Train source2 iter: 60 [(57%)]	Loss: 0.062117	RUL_Loss: 0.049489	mmd_Loss: 0.008286	l1_Loss: 0.004430
Train source1 iter: 70 [(66%)]	Loss: 0.048348	RUL_Loss: 0.028528	mmd_Loss: 0.015485	l1_Loss: 0.004389
Train source2 iter: 70 [(66%)]	Loss: 0.055176	RUL_Loss: 0.038465	mmd_Loss: 0.012462	l1_Loss: 0.004294
Train source1 iter: 80 [(75%)]	Loss: 0.051182	RUL_Loss: 0.029435	mmd_Loss: 0.017883	l1_Loss: 0.003887
Train source2 iter: 80 [(75%)]	Loss: 0.054797	RUL_Loss: 0.040030	mmd_Loss: 0.010357	l1_Loss: 0.004425
Train source1 iter: 90 [(85%)]	Loss: 0.051776	RUL_Loss: 0.026843	mmd_Loss: 0.020885	l1_Loss: 0.004058
Train source2 iter: 90 [(85%)]	Loss: 0.058727	RUL_Loss: 0.041314	mmd_Loss: 0.013639	l1_Loss: 0.003781
Train source1 iter: 100 [(94%)]	Loss: 0.051077	RUL_Loss: 0.029456	mmd_Loss: 0.017919	l1_Loss: 0.003706
Train source2 iter: 100 [(94%)]	Loss: 0.055531	RUL_Loss: 0.042204	mmd_Loss: 0.009285	l1_Loss: 0.004044
Train epochs:17.000000	
Train source1 iter: 10 [(9%)]	Loss: 0.040544	RUL_Loss: 0.032233	mmd_Loss: 0.014841	l1_Loss: 0.004067
Train source2 iter: 10 [(9%)]	Loss: 0.044718	RUL_Loss: 0.038208	mmd_Loss: 0.010707	l1_Loss: 0.004102
Train source1 iter: 20 [(19%)]	Loss: 0.043784	RUL_Loss: 0.028125	mmd_Loss: 0.016741	l1_Loss: 0.004511
Train source2 iter: 20 [(19%)]	Loss: 0.056130	RUL_Loss: 0.044528	mmd_Loss: 0.011123	l1_Loss: 0.004623
Train source1 iter: 30 [(28%)]	Loss: 0.043807	RUL_Loss: 0.026663	mmd_Loss: 0.015122	l1_Loss: 0.004172
Train source2 iter: 30 [(28%)]	Loss: 0.069774	RUL_Loss: 0.048300	mmd_Loss: 0.020097	l1_Loss: 0.004071
Train source1 iter: 40 [(38%)]	Loss: 0.047184	RUL_Loss: 0.027669	mmd_Loss: 0.016191	l1_Loss: 0.004242
Train source2 iter: 40 [(38%)]	Loss: 0.054934	RUL_Loss: 0.039474	mmd_Loss: 0.012152	l1_Loss: 0.004035
Train source1 iter: 50 [(47%)]	Loss: 0.047434	RUL_Loss: 0.026463	mmd_Loss: 0.017117	l1_Loss: 0.004233
Train source2 iter: 50 [(47%)]	Loss: 0.055516	RUL_Loss: 0.040875	mmd_Loss: 0.010926	l1_Loss: 0.003979
Train source1 iter: 60 [(57%)]	Loss: 0.047913	RUL_Loss: 0.030950	mmd_Loss: 0.012895	l1_Loss: 0.004187
Train source2 iter: 60 [(57%)]	Loss: 0.061662	RUL_Loss: 0.044071	mmd_Loss: 0.013269	l1_Loss: 0.004445
Train source1 iter: 70 [(66%)]	Loss: 0.048903	RUL_Loss: 0.027675	mmd_Loss: 0.017026	l1_Loss: 0.004260
Train source2 iter: 70 [(66%)]	Loss: 0.059719	RUL_Loss: 0.043918	mmd_Loss: 0.011583	l1_Loss: 0.004261
Train source1 iter: 80 [(75%)]	Loss: 0.046563	RUL_Loss: 0.026372	mmd_Loss: 0.016403	l1_Loss: 0.003810
Train source2 iter: 80 [(75%)]	Loss: 0.052191	RUL_Loss: 0.035353	mmd_Loss: 0.012852	l1_Loss: 0.004003
Train source1 iter: 90 [(85%)]	Loss: 0.046415	RUL_Loss: 0.024589	mmd_Loss: 0.017706	l1_Loss: 0.004129
Train source2 iter: 90 [(85%)]	Loss: 0.062325	RUL_Loss: 0.043026	mmd_Loss: 0.014999	l1_Loss: 0.004308
Train source1 iter: 100 [(94%)]	Loss: 0.049504	RUL_Loss: 0.027168	mmd_Loss: 0.017848	l1_Loss: 0.004491
Train source2 iter: 100 [(94%)]	Loss: 0.056698	RUL_Loss: 0.039519	mmd_Loss: 0.012971	l1_Loss: 0.004212
Train epochs:18.000000	
Train source1 iter: 10 [(9%)]	Loss: 0.037830	RUL_Loss: 0.027692	mmd_Loss: 0.017939	l1_Loss: 0.005126
Train source2 iter: 10 [(9%)]	Loss: 0.051652	RUL_Loss: 0.043421	mmd_Loss: 0.014557	l1_Loss: 0.004167
Train source1 iter: 20 [(19%)]	Loss: 0.039291	RUL_Loss: 0.024618	mmd_Loss: 0.015314	l1_Loss: 0.004601
Train source2 iter: 20 [(19%)]	Loss: 0.058984	RUL_Loss: 0.042185	mmd_Loss: 0.018188	l1_Loss: 0.004613
Train source1 iter: 30 [(28%)]	Loss: 0.047349	RUL_Loss: 0.030996	mmd_Loss: 0.014420	l1_Loss: 0.003984
Train source2 iter: 30 [(28%)]	Loss: 0.060723	RUL_Loss: 0.046820	mmd_Loss: 0.011412	l1_Loss: 0.004235
Train source1 iter: 40 [(38%)]	Loss: 0.046741	RUL_Loss: 0.026997	mmd_Loss: 0.016357	l1_Loss: 0.004315
Train source2 iter: 40 [(38%)]	Loss: 0.055661	RUL_Loss: 0.040076	mmd_Loss: 0.012061	l1_Loss: 0.004257
Train source1 iter: 50 [(47%)]	Loss: 0.044806	RUL_Loss: 0.026601	mmd_Loss: 0.014090	l1_Loss: 0.004443
Train source2 iter: 50 [(47%)]	Loss: 0.051826	RUL_Loss: 0.036233	mmd_Loss: 0.011667	l1_Loss: 0.004208
Train source1 iter: 60 [(57%)]	Loss: 0.049046	RUL_Loss: 0.029502	mmd_Loss: 0.015501	l1_Loss: 0.004179
Train source2 iter: 60 [(57%)]	Loss: 0.060835	RUL_Loss: 0.041985	mmd_Loss: 0.015120	l1_Loss: 0.003862
Train source1 iter: 70 [(66%)]	Loss: 0.046110	RUL_Loss: 0.025269	mmd_Loss: 0.016677	l1_Loss: 0.004220
Train source2 iter: 70 [(66%)]	Loss: 0.052604	RUL_Loss: 0.037021	mmd_Loss: 0.011783	l1_Loss: 0.003843
Train source1 iter: 80 [(75%)]	Loss: 0.043566	RUL_Loss: 0.024955	mmd_Loss: 0.014477	l1_Loss: 0.004155
Train source2 iter: 80 [(75%)]	Loss: 0.059589	RUL_Loss: 0.043112	mmd_Loss: 0.012545	l1_Loss: 0.003949
Train source1 iter: 90 [(85%)]	Loss: 0.045337	RUL_Loss: 0.024914	mmd_Loss: 0.016032	l1_Loss: 0.004400
Train source2 iter: 90 [(85%)]	Loss: 0.059269	RUL_Loss: 0.039115	mmd_Loss: 0.015869	l1_Loss: 0.004294
Train source1 iter: 100 [(94%)]	Loss: 0.047426	RUL_Loss: 0.027314	mmd_Loss: 0.016095	l1_Loss: 0.004019
Train source2 iter: 100 [(94%)]	Loss: 0.057180	RUL_Loss: 0.039184	mmd_Loss: 0.013778	l1_Loss: 0.004220
Train epochs:19.000000	
Train source1 iter: 10 [(9%)]	Loss: 0.035271	RUL_Loss: 0.026331	mmd_Loss: 0.014838	l1_Loss: 0.005501
Train source2 iter: 10 [(9%)]	Loss: 0.047029	RUL_Loss: 0.038818	mmd_Loss: 0.013907	l1_Loss: 0.004773
Train source1 iter: 20 [(19%)]	Loss: 0.038460	RUL_Loss: 0.025819	mmd_Loss: 0.013115	l1_Loss: 0.004042
Train source2 iter: 20 [(19%)]	Loss: 0.050599	RUL_Loss: 0.039255	mmd_Loss: 0.011626	l1_Loss: 0.003771
Train source1 iter: 30 [(28%)]	Loss: 0.045454	RUL_Loss: 0.030504	mmd_Loss: 0.012739	l1_Loss: 0.004086
Train source2 iter: 30 [(28%)]	Loss: 0.053668	RUL_Loss: 0.040447	mmd_Loss: 0.010840	l1_Loss: 0.004039
Train source1 iter: 40 [(38%)]	Loss: 0.042209	RUL_Loss: 0.024863	mmd_Loss: 0.013769	l1_Loss: 0.004393
Train source2 iter: 40 [(38%)]	Loss: 0.055077	RUL_Loss: 0.040876	mmd_Loss: 0.010569	l1_Loss: 0.004299
Train source1 iter: 50 [(47%)]	Loss: 0.041788	RUL_Loss: 0.024141	mmd_Loss: 0.013964	l1_Loss: 0.004000
Train source2 iter: 50 [(47%)]	Loss: 0.049498	RUL_Loss: 0.037067	mmd_Loss: 0.008363	l1_Loss: 0.004292
Train source1 iter: 60 [(57%)]	Loss: 0.047259	RUL_Loss: 0.028140	mmd_Loss: 0.014835	l1_Loss: 0.004417
Train source2 iter: 60 [(57%)]	Loss: 0.053617	RUL_Loss: 0.038229	mmd_Loss: 0.010961	l1_Loss: 0.004534
Train source1 iter: 70 [(66%)]	Loss: 0.043046	RUL_Loss: 0.025646	mmd_Loss: 0.013301	l1_Loss: 0.004146
Train source2 iter: 70 [(66%)]	Loss: 0.052266	RUL_Loss: 0.035322	mmd_Loss: 0.012556	l1_Loss: 0.004435
Train source1 iter: 80 [(75%)]	Loss: 0.042822	RUL_Loss: 0.024724	mmd_Loss: 0.013701	l1_Loss: 0.004416
Train source2 iter: 80 [(75%)]	Loss: 0.057183	RUL_Loss: 0.038103	mmd_Loss: 0.015063	l1_Loss: 0.004037
Train source1 iter: 90 [(85%)]	Loss: 0.048355	RUL_Loss: 0.028986	mmd_Loss: 0.015270	l1_Loss: 0.004107
Train source2 iter: 90 [(85%)]	Loss: 0.054667	RUL_Loss: 0.041315	mmd_Loss: 0.009326	l1_Loss: 0.004032
Train source1 iter: 100 [(94%)]	Loss: 0.042882	RUL_Loss: 0.025144	mmd_Loss: 0.013737	l1_Loss: 0.004003
Train source2 iter: 100 [(94%)]	Loss: 0.054451	RUL_Loss: 0.037082	mmd_Loss: 0.013181	l1_Loss: 0.004191
Train epochs:20.000000	
Train source1 iter: 10 [(9%)]	Loss: 0.034696	RUL_Loss: 0.026380	mmd_Loss: 0.014247	l1_Loss: 0.004672
Train source2 iter: 10 [(9%)]	Loss: 0.045108	RUL_Loss: 0.037705	mmd_Loss: 0.011944	l1_Loss: 0.004898
Train source1 iter: 20 [(19%)]	Loss: 0.040710	RUL_Loss: 0.027628	mmd_Loss: 0.012980	l1_Loss: 0.004776
Train source2 iter: 20 [(19%)]	Loss: 0.050689	RUL_Loss: 0.039758	mmd_Loss: 0.010798	l1_Loss: 0.004039
Train source1 iter: 30 [(28%)]	Loss: 0.041327	RUL_Loss: 0.027163	mmd_Loss: 0.011964	l1_Loss: 0.003976
Train source2 iter: 30 [(28%)]	Loss: 0.048552	RUL_Loss: 0.035783	mmd_Loss: 0.010579	l1_Loss: 0.003792
Train source1 iter: 40 [(38%)]	Loss: 0.045667	RUL_Loss: 0.029644	mmd_Loss: 0.012080	l1_Loss: 0.004697
Train source2 iter: 40 [(38%)]	Loss: 0.047372	RUL_Loss: 0.034801	mmd_Loss: 0.009161	l1_Loss: 0.004001
Train source1 iter: 50 [(47%)]	Loss: 0.042117	RUL_Loss: 0.024685	mmd_Loss: 0.013132	l1_Loss: 0.004615
Train source2 iter: 50 [(47%)]	Loss: 0.052876	RUL_Loss: 0.037611	mmd_Loss: 0.011707	l1_Loss: 0.003835
Train source1 iter: 60 [(57%)]	Loss: 0.047016	RUL_Loss: 0.026745	mmd_Loss: 0.016346	l1_Loss: 0.004067
Train source2 iter: 60 [(57%)]	Loss: 0.048975	RUL_Loss: 0.034317	mmd_Loss: 0.010649	l1_Loss: 0.004111
Train source1 iter: 70 [(66%)]	Loss: 0.041326	RUL_Loss: 0.025200	mmd_Loss: 0.011791	l1_Loss: 0.004379
Train source2 iter: 70 [(66%)]	Loss: 0.057450	RUL_Loss: 0.042588	mmd_Loss: 0.010868	l1_Loss: 0.004035
Train source1 iter: 80 [(75%)]	Loss: 0.039632	RUL_Loss: 0.024903	mmd_Loss: 0.010953	l1_Loss: 0.003791
Train source2 iter: 80 [(75%)]	Loss: 0.055532	RUL_Loss: 0.042490	mmd_Loss: 0.008503	l1_Loss: 0.004553
Train source1 iter: 90 [(85%)]	Loss: 0.043341	RUL_Loss: 0.026545	mmd_Loss: 0.012730	l1_Loss: 0.004072
Train source2 iter: 90 [(85%)]	Loss: 0.053732	RUL_Loss: 0.037164	mmd_Loss: 0.012534	l1_Loss: 0.004041
Train source1 iter: 100 [(94%)]	Loss: 0.042155	RUL_Loss: 0.024691	mmd_Loss: 0.013769	l1_Loss: 0.003697
Train source2 iter: 100 [(94%)]	Loss: 0.054322	RUL_Loss: 0.040223	mmd_Loss: 0.009538	l1_Loss: 0.004563
Train epochs:21.000000	
Train source1 iter: 10 [(9%)]	Loss: 0.036444	RUL_Loss: 0.026651	mmd_Loss: 0.017713	l1_Loss: 0.004565
Train source2 iter: 10 [(9%)]	Loss: 0.048272	RUL_Loss: 0.041149	mmd_Loss: 0.011850	l1_Loss: 0.004354
Train source1 iter: 20 [(19%)]	Loss: 0.044645	RUL_Loss: 0.027931	mmd_Loss: 0.018978	l1_Loss: 0.003708
Train source2 iter: 20 [(19%)]	Loss: 0.058309	RUL_Loss: 0.041839	mmd_Loss: 0.017867	l1_Loss: 0.004487
Train source1 iter: 30 [(28%)]	Loss: 0.045959	RUL_Loss: 0.028583	mmd_Loss: 0.015301	l1_Loss: 0.004254
Train source2 iter: 30 [(28%)]	Loss: 0.054962	RUL_Loss: 0.040680	mmd_Loss: 0.011998	l1_Loss: 0.004075
Train source1 iter: 40 [(38%)]	Loss: 0.043137	RUL_Loss: 0.023431	mmd_Loss: 0.016807	l1_Loss: 0.003825
Train source2 iter: 40 [(38%)]	Loss: 0.054442	RUL_Loss: 0.037060	mmd_Loss: 0.013847	l1_Loss: 0.004353
Train source1 iter: 50 [(47%)]	Loss: 0.051988	RUL_Loss: 0.032089	mmd_Loss: 0.016144	l1_Loss: 0.004114
Train source2 iter: 50 [(47%)]	Loss: 0.052861	RUL_Loss: 0.036790	mmd_Loss: 0.012378	l1_Loss: 0.003983
Train source1 iter: 60 [(57%)]	Loss: 0.040862	RUL_Loss: 0.023653	mmd_Loss: 0.013504	l1_Loss: 0.003825
Train source2 iter: 60 [(57%)]	Loss: 0.058602	RUL_Loss: 0.039379	mmd_Loss: 0.015181	l1_Loss: 0.004177
Train source1 iter: 70 [(66%)]	Loss: 0.042294	RUL_Loss: 0.024540	mmd_Loss: 0.013464	l1_Loss: 0.004338
Train source2 iter: 70 [(66%)]	Loss: 0.052845	RUL_Loss: 0.037694	mmd_Loss: 0.011287	l1_Loss: 0.003905
Train source1 iter: 80 [(75%)]	Loss: 0.047097	RUL_Loss: 0.025650	mmd_Loss: 0.017443	l1_Loss: 0.004026
Train source2 iter: 80 [(75%)]	Loss: 0.060701	RUL_Loss: 0.041019	mmd_Loss: 0.015623	l1_Loss: 0.004080
Train source1 iter: 90 [(85%)]	Loss: 0.048449	RUL_Loss: 0.025986	mmd_Loss: 0.018586	l1_Loss: 0.003887
Train source2 iter: 90 [(85%)]	Loss: 0.057530	RUL_Loss: 0.039152	mmd_Loss: 0.014005	l1_Loss: 0.004381
Train source1 iter: 100 [(94%)]	Loss: 0.046622	RUL_Loss: 0.026048	mmd_Loss: 0.016297	l1_Loss: 0.004281
Train source2 iter: 100 [(94%)]	Loss: 0.058456	RUL_Loss: 0.039433	mmd_Loss: 0.015279	l1_Loss: 0.003747
Train epochs:22.000000	
Train source1 iter: 10 [(9%)]	Loss: 0.033160	RUL_Loss: 0.023603	mmd_Loss: 0.014537	l1_Loss: 0.007205
Train source2 iter: 10 [(9%)]	Loss: 0.045247	RUL_Loss: 0.037660	mmd_Loss: 0.010852	l1_Loss: 0.006408
Train source1 iter: 20 [(19%)]	Loss: 0.041082	RUL_Loss: 0.026902	mmd_Loss: 0.014611	l1_Loss: 0.004634
Train source2 iter: 20 [(19%)]	Loss: 0.048605	RUL_Loss: 0.038042	mmd_Loss: 0.010161	l1_Loss: 0.004176
Train source1 iter: 30 [(28%)]	Loss: 0.044301	RUL_Loss: 0.028138	mmd_Loss: 0.013190	l1_Loss: 0.005000
Train source2 iter: 30 [(28%)]	Loss: 0.055673	RUL_Loss: 0.039189	mmd_Loss: 0.013507	l1_Loss: 0.005044
Train source1 iter: 40 [(38%)]	Loss: 0.042136	RUL_Loss: 0.024194	mmd_Loss: 0.014131	l1_Loss: 0.004655
Train source2 iter: 40 [(38%)]	Loss: 0.059878	RUL_Loss: 0.043620	mmd_Loss: 0.012565	l1_Loss: 0.004457
Train source1 iter: 50 [(47%)]	Loss: 0.040203	RUL_Loss: 0.023484	mmd_Loss: 0.012962	l1_Loss: 0.004058
Train source2 iter: 50 [(47%)]	Loss: 0.051418	RUL_Loss: 0.036610	mmd_Loss: 0.010540	l1_Loss: 0.004535
Train source1 iter: 60 [(57%)]	Loss: 0.044916	RUL_Loss: 0.026175	mmd_Loss: 0.014204	l1_Loss: 0.004668
Train source2 iter: 60 [(57%)]	Loss: 0.047322	RUL_Loss: 0.033822	mmd_Loss: 0.008826	l1_Loss: 0.004769
Train source1 iter: 70 [(66%)]	Loss: 0.042799	RUL_Loss: 0.025495	mmd_Loss: 0.012903	l1_Loss: 0.004448
Train source2 iter: 70 [(66%)]	Loss: 0.050389	RUL_Loss: 0.037929	mmd_Loss: 0.007927	l1_Loss: 0.004566
Train source1 iter: 80 [(75%)]	Loss: 0.042372	RUL_Loss: 0.025953	mmd_Loss: 0.012065	l1_Loss: 0.004372
Train source2 iter: 80 [(75%)]	Loss: 0.051315	RUL_Loss: 0.037085	mmd_Loss: 0.009634	l1_Loss: 0.004611
Train source1 iter: 90 [(85%)]	Loss: 0.047649	RUL_Loss: 0.028171	mmd_Loss: 0.014909	l1_Loss: 0.004577
Train source2 iter: 90 [(85%)]	Loss: 0.057333	RUL_Loss: 0.038910	mmd_Loss: 0.013571	l1_Loss: 0.004860
Train source1 iter: 100 [(94%)]	Loss: 0.046101	RUL_Loss: 0.025160	mmd_Loss: 0.015734	l1_Loss: 0.005210
Train source2 iter: 100 [(94%)]	Loss: 0.051313	RUL_Loss: 0.036836	mmd_Loss: 0.009995	l1_Loss: 0.004485
Train epochs:23.000000	
Train source1 iter: 10 [(9%)]	Loss: 0.034802	RUL_Loss: 0.026977	mmd_Loss: 0.013679	l1_Loss: 0.004124
Train source2 iter: 10 [(9%)]	Loss: 0.043067	RUL_Loss: 0.036289	mmd_Loss: 0.011160	l1_Loss: 0.004261
Train source1 iter: 20 [(19%)]	Loss: 0.042976	RUL_Loss: 0.030243	mmd_Loss: 0.013262	l1_Loss: 0.004020
Train source2 iter: 20 [(19%)]	Loss: 0.044051	RUL_Loss: 0.034115	mmd_Loss: 0.009520	l1_Loss: 0.003966
Train source1 iter: 30 [(28%)]	Loss: 0.040865	RUL_Loss: 0.026718	mmd_Loss: 0.012021	l1_Loss: 0.003901
Train source2 iter: 30 [(28%)]	Loss: 0.055194	RUL_Loss: 0.041796	mmd_Loss: 0.011149	l1_Loss: 0.003929
Train source1 iter: 40 [(38%)]	Loss: 0.043561	RUL_Loss: 0.026264	mmd_Loss: 0.014149	l1_Loss: 0.003961
Train source2 iter: 40 [(38%)]	Loss: 0.056836	RUL_Loss: 0.041243	mmd_Loss: 0.012278	l1_Loss: 0.004048
Train source1 iter: 50 [(47%)]	Loss: 0.045579	RUL_Loss: 0.025716	mmd_Loss: 0.015782	l1_Loss: 0.004439
Train source2 iter: 50 [(47%)]	Loss: 0.051534	RUL_Loss: 0.034247	mmd_Loss: 0.013631	l1_Loss: 0.003967
Train source1 iter: 60 [(57%)]	Loss: 0.046133	RUL_Loss: 0.030031	mmd_Loss: 0.012369	l1_Loss: 0.003846
Train source2 iter: 60 [(57%)]	Loss: 0.051281	RUL_Loss: 0.038446	mmd_Loss: 0.009166	l1_Loss: 0.003759
Train source1 iter: 70 [(66%)]	Loss: 0.045547	RUL_Loss: 0.028418	mmd_Loss: 0.013045	l1_Loss: 0.004131
Train source2 iter: 70 [(66%)]	Loss: 0.054710	RUL_Loss: 0.039120	mmd_Loss: 0.011581	l1_Loss: 0.004051
Train source1 iter: 80 [(75%)]	Loss: 0.048035	RUL_Loss: 0.030203	mmd_Loss: 0.013448	l1_Loss: 0.004402
Train source2 iter: 80 [(75%)]	Loss: 0.056906	RUL_Loss: 0.041565	mmd_Loss: 0.011583	l1_Loss: 0.003773
Train source1 iter: 90 [(85%)]	Loss: 0.044847	RUL_Loss: 0.025984	mmd_Loss: 0.015004	l1_Loss: 0.003867
Train source2 iter: 90 [(85%)]	Loss: 0.053660	RUL_Loss: 0.039231	mmd_Loss: 0.010693	l1_Loss: 0.003742
Train source1 iter: 100 [(94%)]	Loss: 0.043619	RUL_Loss: 0.025214	mmd_Loss: 0.014341	l1_Loss: 0.004068
Train source2 iter: 100 [(94%)]	Loss: 0.053232	RUL_Loss: 0.038817	mmd_Loss: 0.010253	l1_Loss: 0.004164
Train epochs:24.000000	
Train source1 iter: 10 [(9%)]	Loss: 0.033835	RUL_Loss: 0.025249	mmd_Loss: 0.013237	l1_Loss: 0.006298
Train source2 iter: 10 [(9%)]	Loss: 0.044173	RUL_Loss: 0.037132	mmd_Loss: 0.010117	l1_Loss: 0.005901
Train source1 iter: 20 [(19%)]	Loss: 0.037900	RUL_Loss: 0.025023	mmd_Loss: 0.012477	l1_Loss: 0.005002
Train source2 iter: 20 [(19%)]	Loss: 0.046484	RUL_Loss: 0.033824	mmd_Loss: 0.012557	l1_Loss: 0.004625
Train source1 iter: 30 [(28%)]	Loss: 0.041171	RUL_Loss: 0.026005	mmd_Loss: 0.012410	l1_Loss: 0.004657
Train source2 iter: 30 [(28%)]	Loss: 0.048205	RUL_Loss: 0.033892	mmd_Loss: 0.011726	l1_Loss: 0.004382
Train source1 iter: 40 [(38%)]	Loss: 0.039490	RUL_Loss: 0.024009	mmd_Loss: 0.012041	l1_Loss: 0.004168
Train source2 iter: 40 [(38%)]	Loss: 0.051160	RUL_Loss: 0.037111	mmd_Loss: 0.010647	l1_Loss: 0.004063
Train source1 iter: 50 [(47%)]	Loss: 0.042461	RUL_Loss: 0.025457	mmd_Loss: 0.013195	l1_Loss: 0.004115
Train source2 iter: 50 [(47%)]	Loss: 0.053575	RUL_Loss: 0.037006	mmd_Loss: 0.012435	l1_Loss: 0.004433
Train source1 iter: 60 [(57%)]	Loss: 0.042582	RUL_Loss: 0.026164	mmd_Loss: 0.012294	l1_Loss: 0.004238
Train source2 iter: 60 [(57%)]	Loss: 0.054023	RUL_Loss: 0.039847	mmd_Loss: 0.009893	l1_Loss: 0.004382
Train source1 iter: 70 [(66%)]	Loss: 0.041152	RUL_Loss: 0.025056	mmd_Loss: 0.012220	l1_Loss: 0.003919
Train source2 iter: 70 [(66%)]	Loss: 0.054373	RUL_Loss: 0.035912	mmd_Loss: 0.013896	l1_Loss: 0.004616
Train source1 iter: 80 [(75%)]	Loss: 0.044641	RUL_Loss: 0.025935	mmd_Loss: 0.014540	l1_Loss: 0.004185
Train source2 iter: 80 [(75%)]	Loss: 0.053598	RUL_Loss: 0.037765	mmd_Loss: 0.011395	l1_Loss: 0.004454
Train source1 iter: 90 [(85%)]	Loss: 0.039355	RUL_Loss: 0.023474	mmd_Loss: 0.011321	l1_Loss: 0.004567
Train source2 iter: 90 [(85%)]	Loss: 0.046493	RUL_Loss: 0.032491	mmd_Loss: 0.009489	l1_Loss: 0.004520
Train source1 iter: 100 [(94%)]	Loss: 0.042646	RUL_Loss: 0.024367	mmd_Loss: 0.014091	l1_Loss: 0.004191
Train source2 iter: 100 [(94%)]	Loss: 0.052951	RUL_Loss: 0.036913	mmd_Loss: 0.011560	l1_Loss: 0.004480
Train epochs:25.000000	
Train source1 iter: 10 [(9%)]	Loss: 0.033033	RUL_Loss: 0.024774	mmd_Loss: 0.014458	l1_Loss: 0.004332
Train source2 iter: 10 [(9%)]	Loss: 0.041614	RUL_Loss: 0.036106	mmd_Loss: 0.008558	l1_Loss: 0.003972
Train source1 iter: 20 [(19%)]	Loss: 0.036066	RUL_Loss: 0.024507	mmd_Loss: 0.011527	l1_Loss: 0.004161
Train source2 iter: 20 [(19%)]	Loss: 0.050458	RUL_Loss: 0.040171	mmd_Loss: 0.009245	l1_Loss: 0.004717
Train source1 iter: 30 [(28%)]	Loss: 0.038684	RUL_Loss: 0.024253	mmd_Loss: 0.011640	l1_Loss: 0.004602
Train source2 iter: 30 [(28%)]	Loss: 0.047141	RUL_Loss: 0.035412	mmd_Loss: 0.009446	l1_Loss: 0.003754
Train source1 iter: 40 [(38%)]	Loss: 0.043135	RUL_Loss: 0.026543	mmd_Loss: 0.012599	l1_Loss: 0.004774
Train source2 iter: 40 [(38%)]	Loss: 0.047949	RUL_Loss: 0.033337	mmd_Loss: 0.010912	l1_Loss: 0.004387
Train source1 iter: 50 [(47%)]	Loss: 0.040220	RUL_Loss: 0.025470	mmd_Loss: 0.010517	l1_Loss: 0.004500
Train source2 iter: 50 [(47%)]	Loss: 0.047293	RUL_Loss: 0.034942	mmd_Loss: 0.008585	l1_Loss: 0.003989
Train source1 iter: 60 [(57%)]	Loss: 0.041641	RUL_Loss: 0.024722	mmd_Loss: 0.012140	l1_Loss: 0.004898
Train source2 iter: 60 [(57%)]	Loss: 0.047738	RUL_Loss: 0.035131	mmd_Loss: 0.009066	l1_Loss: 0.003629
Train source1 iter: 70 [(66%)]	Loss: 0.044371	RUL_Loss: 0.028615	mmd_Loss: 0.011321	l1_Loss: 0.004478
Train source2 iter: 70 [(66%)]	Loss: 0.047935	RUL_Loss: 0.034249	mmd_Loss: 0.009525	l1_Loss: 0.004198
Train source1 iter: 80 [(75%)]	Loss: 0.045162	RUL_Loss: 0.027824	mmd_Loss: 0.012950	l1_Loss: 0.004406
Train source2 iter: 80 [(75%)]	Loss: 0.054667	RUL_Loss: 0.040804	mmd_Loss: 0.009551	l1_Loss: 0.004327
Train source1 iter: 90 [(85%)]	Loss: 0.044263	RUL_Loss: 0.026820	mmd_Loss: 0.012610	l1_Loss: 0.004840
Train source2 iter: 90 [(85%)]	Loss: 0.050376	RUL_Loss: 0.037195	mmd_Loss: 0.008683	l1_Loss: 0.004504
Train source1 iter: 100 [(94%)]	Loss: 0.040543	RUL_Loss: 0.025180	mmd_Loss: 0.011327	l1_Loss: 0.004038
Train source2 iter: 100 [(94%)]	Loss: 0.052469	RUL_Loss: 0.037473	mmd_Loss: 0.010285	l1_Loss: 0.004714
Train epochs:26.000000	
Train source1 iter: 10 [(9%)]	Loss: 0.031284	RUL_Loss: 0.024677	mmd_Loss: 0.010307	l1_Loss: 0.004725
Train source2 iter: 10 [(9%)]	Loss: 0.043070	RUL_Loss: 0.036806	mmd_Loss: 0.009755	l1_Loss: 0.004496
Train source1 iter: 20 [(19%)]	Loss: 0.035257	RUL_Loss: 0.022895	mmd_Loss: 0.011461	l1_Loss: 0.005317
Train source2 iter: 20 [(19%)]	Loss: 0.045346	RUL_Loss: 0.035466	mmd_Loss: 0.008565	l1_Loss: 0.004845
Train source1 iter: 30 [(28%)]	Loss: 0.041325	RUL_Loss: 0.027002	mmd_Loss: 0.011761	l1_Loss: 0.004358
Train source2 iter: 30 [(28%)]	Loss: 0.046000	RUL_Loss: 0.034068	mmd_Loss: 0.008629	l1_Loss: 0.004799
Train source1 iter: 40 [(38%)]	Loss: 0.037687	RUL_Loss: 0.023008	mmd_Loss: 0.010535	l1_Loss: 0.004834
Train source2 iter: 40 [(38%)]	Loss: 0.048004	RUL_Loss: 0.034796	mmd_Loss: 0.009462	l1_Loss: 0.004367
Train source1 iter: 50 [(47%)]	Loss: 0.042207	RUL_Loss: 0.025018	mmd_Loss: 0.012488	l1_Loss: 0.005011
Train source2 iter: 50 [(47%)]	Loss: 0.048576	RUL_Loss: 0.035698	mmd_Loss: 0.008358	l1_Loss: 0.004752
Train source1 iter: 60 [(57%)]	Loss: 0.043701	RUL_Loss: 0.026194	mmd_Loss: 0.013567	l1_Loss: 0.004062
Train source2 iter: 60 [(57%)]	Loss: 0.048784	RUL_Loss: 0.032830	mmd_Loss: 0.011447	l1_Loss: 0.004618
Train source1 iter: 70 [(66%)]	Loss: 0.039952	RUL_Loss: 0.024849	mmd_Loss: 0.010381	l1_Loss: 0.004762
Train source2 iter: 70 [(66%)]	Loss: 0.047589	RUL_Loss: 0.034495	mmd_Loss: 0.008785	l1_Loss: 0.004344
Train source1 iter: 80 [(75%)]	Loss: 0.040660	RUL_Loss: 0.023645	mmd_Loss: 0.012057	l1_Loss: 0.004975
Train source2 iter: 80 [(75%)]	Loss: 0.054739	RUL_Loss: 0.038074	mmd_Loss: 0.010086	l1_Loss: 0.006597
Train source1 iter: 90 [(85%)]	Loss: 0.042616	RUL_Loss: 0.025980	mmd_Loss: 0.011569	l1_Loss: 0.005074
Train source2 iter: 90 [(85%)]	Loss: 0.053255	RUL_Loss: 0.038975	mmd_Loss: 0.009426	l1_Loss: 0.004860
Train source1 iter: 100 [(94%)]	Loss: 0.044294	RUL_Loss: 0.025364	mmd_Loss: 0.013098	l1_Loss: 0.005836
Train source2 iter: 100 [(94%)]	Loss: 0.047997	RUL_Loss: 0.034942	mmd_Loss: 0.008508	l1_Loss: 0.004550
Train epochs:27.000000	
Train source1 iter: 10 [(9%)]	Loss: 0.035548	RUL_Loss: 0.027580	mmd_Loss: 0.013072	l1_Loss: 0.005056
Train source2 iter: 10 [(9%)]	Loss: 0.041596	RUL_Loss: 0.033189	mmd_Loss: 0.013432	l1_Loss: 0.005693
Train source1 iter: 20 [(19%)]	Loss: 0.040867	RUL_Loss: 0.027041	mmd_Loss: 0.014611	l1_Loss: 0.004155
Train source2 iter: 20 [(19%)]	Loss: 0.046658	RUL_Loss: 0.035890	mmd_Loss: 0.009724	l1_Loss: 0.004891
Train source1 iter: 30 [(28%)]	Loss: 0.036271	RUL_Loss: 0.022435	mmd_Loss: 0.010633	l1_Loss: 0.004937
Train source2 iter: 30 [(28%)]	Loss: 0.051879	RUL_Loss: 0.038463	mmd_Loss: 0.010304	l1_Loss: 0.004794
Train source1 iter: 40 [(38%)]	Loss: 0.038149	RUL_Loss: 0.024067	mmd_Loss: 0.010000	l1_Loss: 0.004744
Train source2 iter: 40 [(38%)]	Loss: 0.052520	RUL_Loss: 0.037007	mmd_Loss: 0.011818	l1_Loss: 0.004425
Train source1 iter: 50 [(47%)]	Loss: 0.044100	RUL_Loss: 0.027711	mmd_Loss: 0.012857	l1_Loss: 0.003828
Train source2 iter: 50 [(47%)]	Loss: 0.052141	RUL_Loss: 0.035039	mmd_Loss: 0.013200	l1_Loss: 0.004211
Train source1 iter: 60 [(57%)]	Loss: 0.045647	RUL_Loss: 0.025248	mmd_Loss: 0.015925	l1_Loss: 0.004616
Train source2 iter: 60 [(57%)]	Loss: 0.050288	RUL_Loss: 0.033706	mmd_Loss: 0.011965	l1_Loss: 0.004732
Train source1 iter: 70 [(66%)]	Loss: 0.043599	RUL_Loss: 0.025900	mmd_Loss: 0.013201	l1_Loss: 0.004547
Train source2 iter: 70 [(66%)]	Loss: 0.054642	RUL_Loss: 0.035230	mmd_Loss: 0.014687	l1_Loss: 0.004778
Train source1 iter: 80 [(75%)]	Loss: 0.039617	RUL_Loss: 0.023762	mmd_Loss: 0.011161	l1_Loss: 0.004711
Train source2 iter: 80 [(75%)]	Loss: 0.053894	RUL_Loss: 0.037905	mmd_Loss: 0.011507	l1_Loss: 0.004498
Train source1 iter: 90 [(85%)]	Loss: 0.043418	RUL_Loss: 0.026900	mmd_Loss: 0.011443	l1_Loss: 0.005081
Train source2 iter: 90 [(85%)]	Loss: 0.051323	RUL_Loss: 0.037018	mmd_Loss: 0.009803	l1_Loss: 0.004508
Train source1 iter: 100 [(94%)]	Loss: 0.042953	RUL_Loss: 0.024118	mmd_Loss: 0.014204	l1_Loss: 0.004635
Train source2 iter: 100 [(94%)]	Loss: 0.057350	RUL_Loss: 0.038813	mmd_Loss: 0.013667	l1_Loss: 0.004873
Train epochs:28.000000	
Train source1 iter: 10 [(9%)]	Loss: 0.033629	RUL_Loss: 0.025360	mmd_Loss: 0.010221	l1_Loss: 0.008591
Train source2 iter: 10 [(9%)]	Loss: 0.043812	RUL_Loss: 0.034711	mmd_Loss: 0.012567	l1_Loss: 0.008138
Train source1 iter: 20 [(19%)]	Loss: 0.036175	RUL_Loss: 0.023534	mmd_Loss: 0.012113	l1_Loss: 0.005044
Train source2 iter: 20 [(19%)]	Loss: 0.050267	RUL_Loss: 0.037290	mmd_Loss: 0.010487	l1_Loss: 0.007127
Train source1 iter: 30 [(28%)]	Loss: 0.040772	RUL_Loss: 0.024559	mmd_Loss: 0.012286	l1_Loss: 0.005960
Train source2 iter: 30 [(28%)]	Loss: 0.051230	RUL_Loss: 0.031243	mmd_Loss: 0.017406	l1_Loss: 0.005087
Train source1 iter: 40 [(38%)]	Loss: 0.040986	RUL_Loss: 0.023380	mmd_Loss: 0.012831	l1_Loss: 0.005603
Train source2 iter: 40 [(38%)]	Loss: 0.051269	RUL_Loss: 0.032669	mmd_Loss: 0.013553	l1_Loss: 0.005922
Train source1 iter: 50 [(47%)]	Loss: 0.045589	RUL_Loss: 0.028067	mmd_Loss: 0.011875	l1_Loss: 0.005963
Train source2 iter: 50 [(47%)]	Loss: 0.054456	RUL_Loss: 0.037723	mmd_Loss: 0.010948	l1_Loss: 0.006087
Train source1 iter: 60 [(57%)]	Loss: 0.045138	RUL_Loss: 0.027873	mmd_Loss: 0.011756	l1_Loss: 0.005631
Train source2 iter: 60 [(57%)]	Loss: 0.056259	RUL_Loss: 0.035349	mmd_Loss: 0.014927	l1_Loss: 0.006130
Train source1 iter: 70 [(66%)]	Loss: 0.041536	RUL_Loss: 0.024783	mmd_Loss: 0.011420	l1_Loss: 0.005378
Train source2 iter: 70 [(66%)]	Loss: 0.055500	RUL_Loss: 0.034984	mmd_Loss: 0.014892	l1_Loss: 0.005679
Train source1 iter: 80 [(75%)]	Loss: 0.043185	RUL_Loss: 0.027485	mmd_Loss: 0.010331	l1_Loss: 0.005385
Train source2 iter: 80 [(75%)]	Loss: 0.051116	RUL_Loss: 0.034219	mmd_Loss: 0.011509	l1_Loss: 0.005406
Train source1 iter: 90 [(85%)]	Loss: 0.042777	RUL_Loss: 0.024948	mmd_Loss: 0.012442	l1_Loss: 0.005395
Train source2 iter: 90 [(85%)]	Loss: 0.052629	RUL_Loss: 0.035959	mmd_Loss: 0.011039	l1_Loss: 0.005638
Train source1 iter: 100 [(94%)]	Loss: 0.042644	RUL_Loss: 0.025820	mmd_Loss: 0.010587	l1_Loss: 0.006240
Train source2 iter: 100 [(94%)]	Loss: 0.051857	RUL_Loss: 0.031313	mmd_Loss: 0.014109	l1_Loss: 0.006438
Train epochs:29.000000	
Train source1 iter: 10 [(9%)]	Loss: 0.033692	RUL_Loss: 0.024678	mmd_Loss: 0.015676	l1_Loss: 0.004832
Train source2 iter: 10 [(9%)]	Loss: 0.039623	RUL_Loss: 0.033782	mmd_Loss: 0.008966	l1_Loss: 0.004321
Train source1 iter: 20 [(19%)]	Loss: 0.037655	RUL_Loss: 0.025633	mmd_Loss: 0.011541	l1_Loss: 0.004775
Train source2 iter: 20 [(19%)]	Loss: 0.044635	RUL_Loss: 0.034200	mmd_Loss: 0.009609	l1_Loss: 0.004554
Train source1 iter: 30 [(28%)]	Loss: 0.041710	RUL_Loss: 0.025250	mmd_Loss: 0.014280	l1_Loss: 0.004244
Train source2 iter: 30 [(28%)]	Loss: 0.049127	RUL_Loss: 0.036961	mmd_Loss: 0.008752	l1_Loss: 0.004939
Train source1 iter: 40 [(38%)]	Loss: 0.042941	RUL_Loss: 0.026726	mmd_Loss: 0.012673	l1_Loss: 0.004304
Train source2 iter: 40 [(38%)]	Loss: 0.054128	RUL_Loss: 0.040939	mmd_Loss: 0.009567	l1_Loss: 0.004242
Train source1 iter: 50 [(47%)]	Loss: 0.045441	RUL_Loss: 0.026391	mmd_Loss: 0.014101	l1_Loss: 0.005294
Train source2 iter: 50 [(47%)]	Loss: 0.047664	RUL_Loss: 0.034032	mmd_Loss: 0.009381	l1_Loss: 0.004497
Train source1 iter: 60 [(57%)]	Loss: 0.042970	RUL_Loss: 0.025816	mmd_Loss: 0.012908	l1_Loss: 0.004366
Train source2 iter: 60 [(57%)]	Loss: 0.050322	RUL_Loss: 0.037135	mmd_Loss: 0.008723	l1_Loss: 0.004557
Train source1 iter: 70 [(66%)]	Loss: 0.041490	RUL_Loss: 0.024143	mmd_Loss: 0.012599	l1_Loss: 0.004795
Train source2 iter: 70 [(66%)]	Loss: 0.047432	RUL_Loss: 0.033575	mmd_Loss: 0.009491	l1_Loss: 0.004404
Train source1 iter: 80 [(75%)]	Loss: 0.045567	RUL_Loss: 0.026440	mmd_Loss: 0.015099	l1_Loss: 0.004048
Train source2 iter: 80 [(75%)]	Loss: 0.048936	RUL_Loss: 0.032882	mmd_Loss: 0.011287	l1_Loss: 0.004784
Train source1 iter: 90 [(85%)]	Loss: 0.040086	RUL_Loss: 0.022568	mmd_Loss: 0.013281	l1_Loss: 0.004244
Train source2 iter: 90 [(85%)]	Loss: 0.046887	RUL_Loss: 0.030988	mmd_Loss: 0.011472	l1_Loss: 0.004433
Train source1 iter: 100 [(94%)]	Loss: 0.042555	RUL_Loss: 0.025669	mmd_Loss: 0.012266	l1_Loss: 0.004623
Train source2 iter: 100 [(94%)]	Loss: 0.049045	RUL_Loss: 0.033017	mmd_Loss: 0.011517	l1_Loss: 0.004514
Train epochs:30.000000	
Train source1 iter: 10 [(9%)]	Loss: 0.029988	RUL_Loss: 0.022656	mmd_Loss: 0.010527	l1_Loss: 0.006151
Train source2 iter: 10 [(9%)]	Loss: 0.041343	RUL_Loss: 0.033615	mmd_Loss: 0.011506	l1_Loss: 0.006075
Train source1 iter: 20 [(19%)]	Loss: 0.036043	RUL_Loss: 0.025020	mmd_Loss: 0.009738	l1_Loss: 0.005223
Train source2 iter: 20 [(19%)]	Loss: 0.041780	RUL_Loss: 0.031060	mmd_Loss: 0.009547	l1_Loss: 0.005002
Train source1 iter: 30 [(28%)]	Loss: 0.038639	RUL_Loss: 0.025052	mmd_Loss: 0.010657	l1_Loss: 0.004634
Train source2 iter: 30 [(28%)]	Loss: 0.052842	RUL_Loss: 0.039307	mmd_Loss: 0.010691	l1_Loss: 0.004541
Train source1 iter: 40 [(38%)]	Loss: 0.045331	RUL_Loss: 0.028643	mmd_Loss: 0.012610	l1_Loss: 0.004863
Train source2 iter: 40 [(38%)]	Loss: 0.047754	RUL_Loss: 0.032683	mmd_Loss: 0.011219	l1_Loss: 0.004562
Train source1 iter: 50 [(47%)]	Loss: 0.043769	RUL_Loss: 0.026830	mmd_Loss: 0.012260	l1_Loss: 0.004985
Train source2 iter: 50 [(47%)]	Loss: 0.050965	RUL_Loss: 0.036154	mmd_Loss: 0.009922	l1_Loss: 0.005156
Train source1 iter: 60 [(57%)]	Loss: 0.037993	RUL_Loss: 0.022126	mmd_Loss: 0.010770	l1_Loss: 0.005208
Train source2 iter: 60 [(57%)]	Loss: 0.052042	RUL_Loss: 0.035943	mmd_Loss: 0.011116	l1_Loss: 0.005095
Train source1 iter: 70 [(66%)]	Loss: 0.039583	RUL_Loss: 0.024562	mmd_Loss: 0.010369	l1_Loss: 0.004692
Train source2 iter: 70 [(66%)]	Loss: 0.053524	RUL_Loss: 0.038802	mmd_Loss: 0.009483	l1_Loss: 0.005279
Train source1 iter: 80 [(75%)]	Loss: 0.040615	RUL_Loss: 0.025325	mmd_Loss: 0.010380	l1_Loss: 0.004926
Train source2 iter: 80 [(75%)]	Loss: 0.051561	RUL_Loss: 0.035092	mmd_Loss: 0.011272	l1_Loss: 0.005214
Train source1 iter: 90 [(85%)]	Loss: 0.043603	RUL_Loss: 0.024546	mmd_Loss: 0.014031	l1_Loss: 0.005034
Train source2 iter: 90 [(85%)]	Loss: 0.047451	RUL_Loss: 0.034311	mmd_Loss: 0.008283	l1_Loss: 0.004862
Train source1 iter: 100 [(94%)]	Loss: 0.042450	RUL_Loss: 0.027571	mmd_Loss: 0.010020	l1_Loss: 0.004861
Train source2 iter: 100 [(94%)]	Loss: 0.047210	RUL_Loss: 0.032825	mmd_Loss: 0.009640	l1_Loss: 0.004747
Train epochs:31.000000	
Train source1 iter: 10 [(9%)]	Loss: 0.033668	RUL_Loss: 0.024767	mmd_Loss: 0.014810	l1_Loss: 0.005439
Train source2 iter: 10 [(9%)]	Loss: 0.044916	RUL_Loss: 0.037040	mmd_Loss: 0.012461	l1_Loss: 0.005458
Train source1 iter: 20 [(19%)]	Loss: 0.036755	RUL_Loss: 0.025013	mmd_Loss: 0.010639	l1_Loss: 0.005298
Train source2 iter: 20 [(19%)]	Loss: 0.045466	RUL_Loss: 0.035271	mmd_Loss: 0.009243	l1_Loss: 0.004594
Train source1 iter: 30 [(28%)]	Loss: 0.041245	RUL_Loss: 0.027383	mmd_Loss: 0.010856	l1_Loss: 0.004743
Train source2 iter: 30 [(28%)]	Loss: 0.048532	RUL_Loss: 0.034744	mmd_Loss: 0.010283	l1_Loss: 0.005233
Train source1 iter: 40 [(38%)]	Loss: 0.039647	RUL_Loss: 0.023600	mmd_Loss: 0.012442	l1_Loss: 0.004360
Train source2 iter: 40 [(38%)]	Loss: 0.052816	RUL_Loss: 0.036454	mmd_Loss: 0.011806	l1_Loss: 0.005324
Train source1 iter: 50 [(47%)]	Loss: 0.038845	RUL_Loss: 0.023937	mmd_Loss: 0.009772	l1_Loss: 0.005405
Train source2 iter: 50 [(47%)]	Loss: 0.044797	RUL_Loss: 0.029546	mmd_Loss: 0.011080	l1_Loss: 0.004447
Train source1 iter: 60 [(57%)]	Loss: 0.041573	RUL_Loss: 0.023629	mmd_Loss: 0.013551	l1_Loss: 0.004518
Train source2 iter: 60 [(57%)]	Loss: 0.049341	RUL_Loss: 0.031804	mmd_Loss: 0.013040	l1_Loss: 0.004620
Train source1 iter: 70 [(66%)]	Loss: 0.039083	RUL_Loss: 0.024141	mmd_Loss: 0.009691	l1_Loss: 0.005291
Train source2 iter: 70 [(66%)]	Loss: 0.050562	RUL_Loss: 0.037092	mmd_Loss: 0.008316	l1_Loss: 0.005191
Train source1 iter: 80 [(75%)]	Loss: 0.042727	RUL_Loss: 0.025856	mmd_Loss: 0.012090	l1_Loss: 0.004799
Train source2 iter: 80 [(75%)]	Loss: 0.047643	RUL_Loss: 0.033417	mmd_Loss: 0.008686	l1_Loss: 0.005555
Train source1 iter: 90 [(85%)]	Loss: 0.041615	RUL_Loss: 0.025049	mmd_Loss: 0.011923	l1_Loss: 0.004650
Train source2 iter: 90 [(85%)]	Loss: 0.052018	RUL_Loss: 0.034193	mmd_Loss: 0.012588	l1_Loss: 0.005245
Train source1 iter: 100 [(94%)]	Loss: 0.042235	RUL_Loss: 0.026148	mmd_Loss: 0.011462	l1_Loss: 0.004628
Train source2 iter: 100 [(94%)]	Loss: 0.052616	RUL_Loss: 0.035915	mmd_Loss: 0.011799	l1_Loss: 0.004905
Train epochs:32.000000	
Train source1 iter: 10 [(9%)]	Loss: 0.030386	RUL_Loss: 0.022475	mmd_Loss: 0.011736	l1_Loss: 0.006262
Train source2 iter: 10 [(9%)]	Loss: 0.045163	RUL_Loss: 0.036854	mmd_Loss: 0.012778	l1_Loss: 0.006125
Train source1 iter: 20 [(19%)]	Loss: 0.037317	RUL_Loss: 0.025155	mmd_Loss: 0.010274	l1_Loss: 0.006234
Train source2 iter: 20 [(19%)]	Loss: 0.044924	RUL_Loss: 0.033703	mmd_Loss: 0.009331	l1_Loss: 0.005898
Train source1 iter: 30 [(28%)]	Loss: 0.041843	RUL_Loss: 0.025325	mmd_Loss: 0.012488	l1_Loss: 0.006101
Train source2 iter: 30 [(28%)]	Loss: 0.055193	RUL_Loss: 0.041147	mmd_Loss: 0.009988	l1_Loss: 0.005820
Train source1 iter: 40 [(38%)]	Loss: 0.043101	RUL_Loss: 0.026791	mmd_Loss: 0.011094	l1_Loss: 0.005982
Train source2 iter: 40 [(38%)]	Loss: 0.052864	RUL_Loss: 0.037739	mmd_Loss: 0.009714	l1_Loss: 0.006122
Train source1 iter: 50 [(47%)]	Loss: 0.042438	RUL_Loss: 0.023384	mmd_Loss: 0.013476	l1_Loss: 0.005923
Train source2 iter: 50 [(47%)]	Loss: 0.054720	RUL_Loss: 0.036742	mmd_Loss: 0.012849	l1_Loss: 0.005454
Train source1 iter: 60 [(57%)]	Loss: 0.041452	RUL_Loss: 0.024262	mmd_Loss: 0.011372	l1_Loss: 0.005937
Train source2 iter: 60 [(57%)]	Loss: 0.052092	RUL_Loss: 0.033519	mmd_Loss: 0.013043	l1_Loss: 0.005660
Train source1 iter: 70 [(66%)]	Loss: 0.044087	RUL_Loss: 0.025172	mmd_Loss: 0.013348	l1_Loss: 0.005618
Train source2 iter: 70 [(66%)]	Loss: 0.049453	RUL_Loss: 0.032765	mmd_Loss: 0.010690	l1_Loss: 0.006044
Train source1 iter: 80 [(75%)]	Loss: 0.040063	RUL_Loss: 0.022765	mmd_Loss: 0.011642	l1_Loss: 0.005674
Train source2 iter: 80 [(75%)]	Loss: 0.056422	RUL_Loss: 0.037155	mmd_Loss: 0.013540	l1_Loss: 0.005748
Train source1 iter: 90 [(85%)]	Loss: 0.042211	RUL_Loss: 0.024340	mmd_Loss: 0.012035	l1_Loss: 0.005844
Train source2 iter: 90 [(85%)]	Loss: 0.053633	RUL_Loss: 0.033707	mmd_Loss: 0.013632	l1_Loss: 0.006303
Train source1 iter: 100 [(94%)]	Loss: 0.040412	RUL_Loss: 0.023947	mmd_Loss: 0.010588	l1_Loss: 0.005879
Train source2 iter: 100 [(94%)]	Loss: 0.055537	RUL_Loss: 0.034065	mmd_Loss: 0.015278	l1_Loss: 0.006197
Train epochs:33.000000	
Train source1 iter: 10 [(9%)]	Loss: 0.031701	RUL_Loss: 0.023035	mmd_Loss: 0.014137	l1_Loss: 0.005578
Train source2 iter: 10 [(9%)]	Loss: 0.041415	RUL_Loss: 0.033906	mmd_Loss: 0.010479	l1_Loss: 0.006605
Train source1 iter: 20 [(19%)]	Loss: 0.038002	RUL_Loss: 0.023926	mmd_Loss: 0.014027	l1_Loss: 0.005078
Train source2 iter: 20 [(19%)]	Loss: 0.047427	RUL_Loss: 0.036690	mmd_Loss: 0.009564	l1_Loss: 0.005010
Train source1 iter: 30 [(28%)]	Loss: 0.040706	RUL_Loss: 0.026365	mmd_Loss: 0.010661	l1_Loss: 0.005478
Train source2 iter: 30 [(28%)]	Loss: 0.052220	RUL_Loss: 0.037987	mmd_Loss: 0.011170	l1_Loss: 0.004849
Train source1 iter: 40 [(38%)]	Loss: 0.044923	RUL_Loss: 0.026121	mmd_Loss: 0.014161	l1_Loss: 0.005524
Train source2 iter: 40 [(38%)]	Loss: 0.052373	RUL_Loss: 0.032812	mmd_Loss: 0.015513	l1_Loss: 0.004967
Train source1 iter: 50 [(47%)]	Loss: 0.038281	RUL_Loss: 0.023780	mmd_Loss: 0.010018	l1_Loss: 0.004745
Train source2 iter: 50 [(47%)]	Loss: 0.050361	RUL_Loss: 0.031103	mmd_Loss: 0.015114	l1_Loss: 0.004492
Train source1 iter: 60 [(57%)]	Loss: 0.037380	RUL_Loss: 0.023201	mmd_Loss: 0.009387	l1_Loss: 0.004892
Train source2 iter: 60 [(57%)]	Loss: 0.049976	RUL_Loss: 0.034038	mmd_Loss: 0.011435	l1_Loss: 0.004615
Train source1 iter: 70 [(66%)]	Loss: 0.040288	RUL_Loss: 0.023850	mmd_Loss: 0.010910	l1_Loss: 0.005573
Train source2 iter: 70 [(66%)]	Loss: 0.047364	RUL_Loss: 0.028999	mmd_Loss: 0.012935	l1_Loss: 0.005479
Train source1 iter: 80 [(75%)]	Loss: 0.043401	RUL_Loss: 0.026391	mmd_Loss: 0.012348	l1_Loss: 0.004679
Train source2 iter: 80 [(75%)]	Loss: 0.052502	RUL_Loss: 0.033745	mmd_Loss: 0.013843	l1_Loss: 0.004934
Train source1 iter: 90 [(85%)]	Loss: 0.043779	RUL_Loss: 0.025326	mmd_Loss: 0.012912	l1_Loss: 0.005549
Train source2 iter: 90 [(85%)]	Loss: 0.053041	RUL_Loss: 0.035857	mmd_Loss: 0.011882	l1_Loss: 0.005309
Train source1 iter: 100 [(94%)]	Loss: 0.041628	RUL_Loss: 0.021008	mmd_Loss: 0.015521	l1_Loss: 0.005102
Train source2 iter: 100 [(94%)]	Loss: 0.054640	RUL_Loss: 0.033005	mmd_Loss: 0.016245	l1_Loss: 0.005393
Train epochs:34.000000	
Train source1 iter: 10 [(9%)]	Loss: 0.036955	RUL_Loss: 0.028462	mmd_Loss: 0.015194	l1_Loss: 0.004126
Train source2 iter: 10 [(9%)]	Loss: 0.042369	RUL_Loss: 0.035455	mmd_Loss: 0.010883	l1_Loss: 0.004846
Train source1 iter: 20 [(19%)]	Loss: 0.031992	RUL_Loss: 0.020738	mmd_Loss: 0.010408	l1_Loss: 0.004867
Train source2 iter: 20 [(19%)]	Loss: 0.048350	RUL_Loss: 0.035659	mmd_Loss: 0.011983	l1_Loss: 0.005242
Train source1 iter: 30 [(28%)]	Loss: 0.036288	RUL_Loss: 0.023529	mmd_Loss: 0.010126	l1_Loss: 0.004232
Train source2 iter: 30 [(28%)]	Loss: 0.049337	RUL_Loss: 0.034057	mmd_Loss: 0.012402	l1_Loss: 0.004794
Train source1 iter: 40 [(38%)]	Loss: 0.036331	RUL_Loss: 0.021870	mmd_Loss: 0.010376	l1_Loss: 0.004764
Train source2 iter: 40 [(38%)]	Loss: 0.051831	RUL_Loss: 0.035253	mmd_Loss: 0.012250	l1_Loss: 0.005106
Train source1 iter: 50 [(47%)]	Loss: 0.042721	RUL_Loss: 0.027759	mmd_Loss: 0.009702	l1_Loss: 0.005530
Train source2 iter: 50 [(47%)]	Loss: 0.047929	RUL_Loss: 0.033161	mmd_Loss: 0.010826	l1_Loss: 0.004208
Train source1 iter: 60 [(57%)]	Loss: 0.041282	RUL_Loss: 0.023873	mmd_Loss: 0.012572	l1_Loss: 0.004958
Train source2 iter: 60 [(57%)]	Loss: 0.046914	RUL_Loss: 0.032857	mmd_Loss: 0.009450	l1_Loss: 0.004705
Train source1 iter: 70 [(66%)]	Loss: 0.041420	RUL_Loss: 0.023702	mmd_Loss: 0.013216	l1_Loss: 0.004551
Train source2 iter: 70 [(66%)]	Loss: 0.047917	RUL_Loss: 0.031434	mmd_Loss: 0.011651	l1_Loss: 0.004877
Train source1 iter: 80 [(75%)]	Loss: 0.040936	RUL_Loss: 0.024012	mmd_Loss: 0.012461	l1_Loss: 0.004481
Train source2 iter: 80 [(75%)]	Loss: 0.049514	RUL_Loss: 0.035822	mmd_Loss: 0.009432	l1_Loss: 0.004275
Train source1 iter: 90 [(85%)]	Loss: 0.040553	RUL_Loss: 0.023559	mmd_Loss: 0.012530	l1_Loss: 0.004471
Train source2 iter: 90 [(85%)]	Loss: 0.048155	RUL_Loss: 0.030791	mmd_Loss: 0.013155	l1_Loss: 0.004216
Train source1 iter: 100 [(94%)]	Loss: 0.041993	RUL_Loss: 0.024836	mmd_Loss: 0.012489	l1_Loss: 0.004671
Train source2 iter: 100 [(94%)]	Loss: 0.045716	RUL_Loss: 0.029993	mmd_Loss: 0.010323	l1_Loss: 0.005403
Train epochs:35.000000	
