当前日期和时间： 2023-03-15_19_00_55
training settings:	 lr: 0.001 momentum: 0.9 l2_decay: 0.001 optimizer: Adam seed: 6
model architecture:
 MFSAN(
  (sharedNet): CFE(
    (conv1): Conv1d(14, 32, kernel_size=(3,), stride=(1,), padding=(1,), bias=False)
    (bn1): BatchNorm1d(32, eps=1e-05, momentum=0.1, affine=True, track_running_stats=True)
    (conv2): Conv1d(32, 64, kernel_size=(2,), stride=(1,), padding=(1,), bias=False)
    (bn2): BatchNorm1d(64, eps=1e-05, momentum=0.1, affine=True, track_running_stats=True)
    (conv3): Conv1d(64, 128, kernel_size=(2,), stride=(1,), bias=False)
    (bn3): BatchNorm1d(128, eps=1e-05, momentum=0.1, affine=True, track_running_stats=True)
    (relu): ReLU(inplace=True)
    (flatten): Flatten(start_dim=1, end_dim=-1)
  )
  (sonnet1): DFE(
    (rnn): LSTM(128, 100, num_layers=2, batch_first=True, dropout=0.2, bidirectional=True)
  )
  (sonnet2): DFE(
    (rnn): LSTM(128, 100, num_layers=2, batch_first=True, dropout=0.2, bidirectional=True)
  )
  (rul_fc_son1): Linear(in_features=199, out_features=1, bias=True)
  (rul_fc_son2): Linear(in_features=199, out_features=1, bias=True)
  (avgpool): AvgPool1d(kernel_size=(2,), stride=(1,), padding=(0,))
)
FD002 FD003 to FD001
Train source1 iter: 10 [(11%)]	Loss: 0.138760	RUL_Loss: 0.116073	mmd_Loss: 0.030677	l1_Loss: 0.014276
Train source2 iter: 10 [(11%)]	Loss: 0.092315	RUL_Loss: 0.070734	mmd_Loss: 0.028498	l1_Loss: 0.014266
Train source1 iter: 20 [(22%)]	Loss: 0.154634	RUL_Loss: 0.122636	mmd_Loss: 0.030331	l1_Loss: 0.009445
Train source2 iter: 20 [(22%)]	Loss: 0.097864	RUL_Loss: 0.065763	mmd_Loss: 0.029558	l1_Loss: 0.010346
Train source1 iter: 30 [(33%)]	Loss: 0.147313	RUL_Loss: 0.109787	mmd_Loss: 0.029316	l1_Loss: 0.010987
Train source2 iter: 30 [(33%)]	Loss: 0.099469	RUL_Loss: 0.061169	mmd_Loss: 0.029881	l1_Loss: 0.011254
Train source1 iter: 40 [(44%)]	Loss: 0.151899	RUL_Loss: 0.115801	mmd_Loss: 0.026281	l1_Loss: 0.010675
Train source2 iter: 40 [(44%)]	Loss: 0.102378	RUL_Loss: 0.065002	mmd_Loss: 0.028102	l1_Loss: 0.010162
Train source1 iter: 50 [(56%)]	Loss: 0.164954	RUL_Loss: 0.125411	mmd_Loss: 0.028866	l1_Loss: 0.010983
Train source2 iter: 50 [(56%)]	Loss: 0.110174	RUL_Loss: 0.070147	mmd_Loss: 0.029614	l1_Loss: 0.010723
Train source1 iter: 60 [(67%)]	Loss: 0.166047	RUL_Loss: 0.126641	mmd_Loss: 0.029347	l1_Loss: 0.010159
Train source2 iter: 60 [(67%)]	Loss: 0.116735	RUL_Loss: 0.075703	mmd_Loss: 0.031428	l1_Loss: 0.009708
Train source1 iter: 70 [(78%)]	Loss: 0.158146	RUL_Loss: 0.116118	mmd_Loss: 0.030327	l1_Loss: 0.011735
Train source2 iter: 70 [(78%)]	Loss: 0.110838	RUL_Loss: 0.070533	mmd_Loss: 0.029441	l1_Loss: 0.010899
Train source1 iter: 80 [(89%)]	Loss: 0.155488	RUL_Loss: 0.118183	mmd_Loss: 0.026764	l1_Loss: 0.010551
Train source2 iter: 80 [(89%)]	Loss: 0.106451	RUL_Loss: 0.062799	mmd_Loss: 0.032740	l1_Loss: 0.010923
Train epochs:1.000000	
Train source1 iter: 10 [(11%)]	Loss: 0.119784	RUL_Loss: 0.104667	mmd_Loss: 0.019519	l1_Loss: 0.010435
Train source2 iter: 10 [(11%)]	Loss: 0.051966	RUL_Loss: 0.033055	mmd_Loss: 0.027277	l1_Loss: 0.010195
Train source1 iter: 20 [(22%)]	Loss: 0.144906	RUL_Loss: 0.123355	mmd_Loss: 0.018704	l1_Loss: 0.008086
Train source2 iter: 20 [(22%)]	Loss: 0.059705	RUL_Loss: 0.033047	mmd_Loss: 0.025391	l1_Loss: 0.007747
Train source1 iter: 30 [(33%)]	Loss: 0.135366	RUL_Loss: 0.110693	mmd_Loss: 0.018195	l1_Loss: 0.008303
Train source2 iter: 30 [(33%)]	Loss: 0.065250	RUL_Loss: 0.030847	mmd_Loss: 0.028749	l1_Loss: 0.008199
Train source1 iter: 40 [(44%)]	Loss: 0.140976	RUL_Loss: 0.116879	mmd_Loss: 0.016814	l1_Loss: 0.007855
Train source2 iter: 40 [(44%)]	Loss: 0.065365	RUL_Loss: 0.029640	mmd_Loss: 0.028050	l1_Loss: 0.008525
Train source1 iter: 50 [(56%)]	Loss: 0.133642	RUL_Loss: 0.109817	mmd_Loss: 0.015955	l1_Loss: 0.008056
Train source2 iter: 50 [(56%)]	Loss: 0.065748	RUL_Loss: 0.031710	mmd_Loss: 0.026015	l1_Loss: 0.008287
Train source1 iter: 60 [(67%)]	Loss: 0.142783	RUL_Loss: 0.117317	mmd_Loss: 0.016944	l1_Loss: 0.008587
Train source2 iter: 60 [(67%)]	Loss: 0.066658	RUL_Loss: 0.031657	mmd_Loss: 0.027176	l1_Loss: 0.007915
Train source1 iter: 70 [(78%)]	Loss: 0.133048	RUL_Loss: 0.106916	mmd_Loss: 0.017859	l1_Loss: 0.008296
Train source2 iter: 70 [(78%)]	Loss: 0.060963	RUL_Loss: 0.028369	mmd_Loss: 0.025098	l1_Loss: 0.007522
Train source1 iter: 80 [(89%)]	Loss: 0.142256	RUL_Loss: 0.116104	mmd_Loss: 0.017273	l1_Loss: 0.008886
Train source2 iter: 80 [(89%)]	Loss: 0.069931	RUL_Loss: 0.032641	mmd_Loss: 0.029020	l1_Loss: 0.008281
Train epochs:2.000000	
Train source1 iter: 10 [(11%)]	Loss: 0.124623	RUL_Loss: 0.110992	mmd_Loss: 0.018296	l1_Loss: 0.008713
Train source2 iter: 10 [(11%)]	Loss: 0.051922	RUL_Loss: 0.034316	mmd_Loss: 0.027006	l1_Loss: 0.007879
Train source1 iter: 20 [(22%)]	Loss: 0.131205	RUL_Loss: 0.110597	mmd_Loss: 0.018031	l1_Loss: 0.007587
Train source2 iter: 20 [(22%)]	Loss: 0.065757	RUL_Loss: 0.034384	mmd_Loss: 0.030589	l1_Loss: 0.008411
Train source1 iter: 30 [(33%)]	Loss: 0.137081	RUL_Loss: 0.113695	mmd_Loss: 0.018058	l1_Loss: 0.007058
Train source2 iter: 30 [(33%)]	Loss: 0.066024	RUL_Loss: 0.033864	mmd_Loss: 0.027215	l1_Loss: 0.007325
Train source1 iter: 40 [(44%)]	Loss: 0.131396	RUL_Loss: 0.106444	mmd_Loss: 0.017179	l1_Loss: 0.008365
Train source2 iter: 40 [(44%)]	Loss: 0.066947	RUL_Loss: 0.033663	mmd_Loss: 0.026799	l1_Loss: 0.007276
Train source1 iter: 50 [(56%)]	Loss: 0.141141	RUL_Loss: 0.114624	mmd_Loss: 0.018564	l1_Loss: 0.008158
Train source2 iter: 50 [(56%)]	Loss: 0.067290	RUL_Loss: 0.031067	mmd_Loss: 0.028434	l1_Loss: 0.008070
Train source1 iter: 60 [(67%)]	Loss: 0.135879	RUL_Loss: 0.110048	mmd_Loss: 0.019139	l1_Loss: 0.006757
Train source2 iter: 60 [(67%)]	Loss: 0.068090	RUL_Loss: 0.033418	mmd_Loss: 0.026457	l1_Loss: 0.008304
Train source1 iter: 70 [(78%)]	Loss: 0.131910	RUL_Loss: 0.106161	mmd_Loss: 0.018088	l1_Loss: 0.007682
Train source2 iter: 70 [(78%)]	Loss: 0.065160	RUL_Loss: 0.032816	mmd_Loss: 0.025114	l1_Loss: 0.007258
Train source1 iter: 80 [(89%)]	Loss: 0.134294	RUL_Loss: 0.109563	mmd_Loss: 0.017951	l1_Loss: 0.006787
Train source2 iter: 80 [(89%)]	Loss: 0.068185	RUL_Loss: 0.032492	mmd_Loss: 0.027954	l1_Loss: 0.007748
Train epochs:3.000000	
Train source1 iter: 10 [(11%)]	Loss: 0.118668	RUL_Loss: 0.105816	mmd_Loss: 0.019247	l1_Loss: 0.006220
Train source2 iter: 10 [(11%)]	Loss: 0.046391	RUL_Loss: 0.030434	mmd_Loss: 0.025925	l1_Loss: 0.005693
Train source1 iter: 20 [(22%)]	Loss: 0.114401	RUL_Loss: 0.096198	mmd_Loss: 0.016891	l1_Loss: 0.005737
Train source2 iter: 20 [(22%)]	Loss: 0.055125	RUL_Loss: 0.031426	mmd_Loss: 0.023860	l1_Loss: 0.005600
Train source1 iter: 30 [(33%)]	Loss: 0.122012	RUL_Loss: 0.098975	mmd_Loss: 0.018740	l1_Loss: 0.006001
Train source2 iter: 30 [(33%)]	Loss: 0.061598	RUL_Loss: 0.034643	mmd_Loss: 0.022955	l1_Loss: 0.005994
Train source1 iter: 40 [(44%)]	Loss: 0.123277	RUL_Loss: 0.099883	mmd_Loss: 0.017602	l1_Loss: 0.006348
Train source2 iter: 40 [(44%)]	Loss: 0.060287	RUL_Loss: 0.028377	mmd_Loss: 0.026546	l1_Loss: 0.006122
Train source1 iter: 50 [(56%)]	Loss: 0.126829	RUL_Loss: 0.103767	mmd_Loss: 0.017141	l1_Loss: 0.006100
Train source2 iter: 50 [(56%)]	Loss: 0.057198	RUL_Loss: 0.028876	mmd_Loss: 0.022760	l1_Loss: 0.005782
Train source1 iter: 60 [(67%)]	Loss: 0.127478	RUL_Loss: 0.103538	mmd_Loss: 0.017910	l1_Loss: 0.006090
Train source2 iter: 60 [(67%)]	Loss: 0.058064	RUL_Loss: 0.030266	mmd_Loss: 0.022343	l1_Loss: 0.005526
Train source1 iter: 70 [(78%)]	Loss: 0.120278	RUL_Loss: 0.096938	mmd_Loss: 0.017640	l1_Loss: 0.005720
Train source2 iter: 70 [(78%)]	Loss: 0.058703	RUL_Loss: 0.029054	mmd_Loss: 0.023968	l1_Loss: 0.005705
Train source1 iter: 80 [(89%)]	Loss: 0.125835	RUL_Loss: 0.101959	mmd_Loss: 0.018167	l1_Loss: 0.005716
Train source2 iter: 80 [(89%)]	Loss: 0.059393	RUL_Loss: 0.029158	mmd_Loss: 0.024055	l1_Loss: 0.006188
Train epochs:4.000000	
Train source1 iter: 10 [(11%)]	Loss: 0.098120	RUL_Loss: 0.086397	mmd_Loss: 0.018600	l1_Loss: 0.004629
Train source2 iter: 10 [(11%)]	Loss: 0.045074	RUL_Loss: 0.030241	mmd_Loss: 0.024876	l1_Loss: 0.004515
Train source1 iter: 20 [(22%)]	Loss: 0.106386	RUL_Loss: 0.088493	mmd_Loss: 0.017288	l1_Loss: 0.004954
Train source2 iter: 20 [(22%)]	Loss: 0.052414	RUL_Loss: 0.026550	mmd_Loss: 0.027462	l1_Loss: 0.004690
Train source1 iter: 30 [(33%)]	Loss: 0.101632	RUL_Loss: 0.081637	mmd_Loss: 0.016659	l1_Loss: 0.004816
Train source2 iter: 30 [(33%)]	Loss: 0.058176	RUL_Loss: 0.030481	mmd_Loss: 0.025003	l1_Loss: 0.004742
Train source1 iter: 40 [(44%)]	Loss: 0.107646	RUL_Loss: 0.085997	mmd_Loss: 0.017464	l1_Loss: 0.004700
Train source2 iter: 40 [(44%)]	Loss: 0.061212	RUL_Loss: 0.029869	mmd_Loss: 0.027163	l1_Loss: 0.004925
Train source1 iter: 50 [(56%)]	Loss: 0.102041	RUL_Loss: 0.081547	mmd_Loss: 0.015969	l1_Loss: 0.004684
Train source2 iter: 50 [(56%)]	Loss: 0.058671	RUL_Loss: 0.028182	mmd_Loss: 0.025734	l1_Loss: 0.004992
Train source1 iter: 60 [(67%)]	Loss: 0.107510	RUL_Loss: 0.086878	mmd_Loss: 0.016030	l1_Loss: 0.004654
Train source2 iter: 60 [(67%)]	Loss: 0.059896	RUL_Loss: 0.031171	mmd_Loss: 0.024002	l1_Loss: 0.004797
Train source1 iter: 70 [(78%)]	Loss: 0.104018	RUL_Loss: 0.084429	mmd_Loss: 0.015095	l1_Loss: 0.004511
Train source2 iter: 70 [(78%)]	Loss: 0.058287	RUL_Loss: 0.029048	mmd_Loss: 0.024407	l1_Loss: 0.004857
Train source1 iter: 80 [(89%)]	Loss: 0.101938	RUL_Loss: 0.081332	mmd_Loss: 0.015858	l1_Loss: 0.004754
Train source2 iter: 80 [(89%)]	Loss: 0.060845	RUL_Loss: 0.026309	mmd_Loss: 0.028978	l1_Loss: 0.005567
Train epochs:5.000000	
Train source1 iter: 10 [(11%)]	Loss: 0.071161	RUL_Loss: 0.059333	mmd_Loss: 0.017526	l1_Loss: 0.005910
Train source2 iter: 10 [(11%)]	Loss: 0.042609	RUL_Loss: 0.027249	mmd_Loss: 0.023847	l1_Loss: 0.006588
Train source1 iter: 20 [(22%)]	Loss: 0.080591	RUL_Loss: 0.060837	mmd_Loss: 0.017826	l1_Loss: 0.006730
Train source2 iter: 20 [(22%)]	Loss: 0.045782	RUL_Loss: 0.027639	mmd_Loss: 0.016900	l1_Loss: 0.005654
Train source1 iter: 30 [(33%)]	Loss: 0.074884	RUL_Loss: 0.052641	mmd_Loss: 0.017685	l1_Loss: 0.006203
Train source2 iter: 30 [(33%)]	Loss: 0.054394	RUL_Loss: 0.026254	mmd_Loss: 0.023734	l1_Loss: 0.006488
Train source1 iter: 40 [(44%)]	Loss: 0.077578	RUL_Loss: 0.055633	mmd_Loss: 0.016297	l1_Loss: 0.006169
Train source2 iter: 40 [(44%)]	Loss: 0.056103	RUL_Loss: 0.028845	mmd_Loss: 0.021423	l1_Loss: 0.006483
Train source1 iter: 50 [(56%)]	Loss: 0.082931	RUL_Loss: 0.060702	mmd_Loss: 0.016533	l1_Loss: 0.005868
Train source2 iter: 50 [(56%)]	Loss: 0.054201	RUL_Loss: 0.029320	mmd_Loss: 0.019596	l1_Loss: 0.005479
Train source1 iter: 60 [(67%)]	Loss: 0.081364	RUL_Loss: 0.058725	mmd_Loss: 0.016593	l1_Loss: 0.006104
Train source2 iter: 60 [(67%)]	Loss: 0.054835	RUL_Loss: 0.028102	mmd_Loss: 0.020855	l1_Loss: 0.005947
Train source1 iter: 70 [(78%)]	Loss: 0.077573	RUL_Loss: 0.056124	mmd_Loss: 0.015235	l1_Loss: 0.006232
Train source2 iter: 70 [(78%)]	Loss: 0.050926	RUL_Loss: 0.024352	mmd_Loss: 0.020209	l1_Loss: 0.006388
Train source1 iter: 80 [(89%)]	Loss: 0.071047	RUL_Loss: 0.050652	mmd_Loss: 0.014657	l1_Loss: 0.005745
Train source2 iter: 80 [(89%)]	Loss: 0.050207	RUL_Loss: 0.025645	mmd_Loss: 0.018523	l1_Loss: 0.006047
Train epochs:6.000000	
Train source1 iter: 10 [(11%)]	Loss: 0.055555	RUL_Loss: 0.043174	mmd_Loss: 0.018424	l1_Loss: 0.006108
Train source2 iter: 10 [(11%)]	Loss: 0.038866	RUL_Loss: 0.026802	mmd_Loss: 0.017900	l1_Loss: 0.006003
Train source1 iter: 20 [(22%)]	Loss: 0.069199	RUL_Loss: 0.048338	mmd_Loss: 0.019914	l1_Loss: 0.006018
Train source2 iter: 20 [(22%)]	Loss: 0.046685	RUL_Loss: 0.026083	mmd_Loss: 0.019702	l1_Loss: 0.005908
Train source1 iter: 30 [(33%)]	Loss: 0.070345	RUL_Loss: 0.050833	mmd_Loss: 0.014578	l1_Loss: 0.006378
Train source2 iter: 30 [(33%)]	Loss: 0.045050	RUL_Loss: 0.024232	mmd_Loss: 0.016823	l1_Loss: 0.005535
Train source1 iter: 40 [(44%)]	Loss: 0.063344	RUL_Loss: 0.043698	mmd_Loss: 0.014241	l1_Loss: 0.005871
Train source2 iter: 40 [(44%)]	Loss: 0.050237	RUL_Loss: 0.028242	mmd_Loss: 0.016289	l1_Loss: 0.006229
Train source1 iter: 50 [(56%)]	Loss: 0.071233	RUL_Loss: 0.049952	mmd_Loss: 0.015660	l1_Loss: 0.005786
Train source2 iter: 50 [(56%)]	Loss: 0.050317	RUL_Loss: 0.025135	mmd_Loss: 0.019094	l1_Loss: 0.006284
Train source1 iter: 60 [(67%)]	Loss: 0.070593	RUL_Loss: 0.044863	mmd_Loss: 0.019930	l1_Loss: 0.005865
Train source2 iter: 60 [(67%)]	Loss: 0.051313	RUL_Loss: 0.026326	mmd_Loss: 0.018996	l1_Loss: 0.006054
Train source1 iter: 70 [(78%)]	Loss: 0.069238	RUL_Loss: 0.047652	mmd_Loss: 0.015920	l1_Loss: 0.005683
Train source2 iter: 70 [(78%)]	Loss: 0.048295	RUL_Loss: 0.026465	mmd_Loss: 0.016246	l1_Loss: 0.005602
Train source1 iter: 80 [(89%)]	Loss: 0.071199	RUL_Loss: 0.048678	mmd_Loss: 0.016404	l1_Loss: 0.006123
Train source2 iter: 80 [(89%)]	Loss: 0.046491	RUL_Loss: 0.022341	mmd_Loss: 0.018108	l1_Loss: 0.006049
Train epochs:7.000000	
Train source1 iter: 10 [(11%)]	Loss: 0.055284	RUL_Loss: 0.043964	mmd_Loss: 0.016974	l1_Loss: 0.005458
Train source2 iter: 10 [(11%)]	Loss: 0.038573	RUL_Loss: 0.027541	mmd_Loss: 0.016634	l1_Loss: 0.005224
Train source1 iter: 20 [(22%)]	Loss: 0.059966	RUL_Loss: 0.043641	mmd_Loss: 0.015883	l1_Loss: 0.004409
Train source2 iter: 20 [(22%)]	Loss: 0.045234	RUL_Loss: 0.027667	mmd_Loss: 0.016619	l1_Loss: 0.005219
Train source1 iter: 30 [(33%)]	Loss: 0.068970	RUL_Loss: 0.050405	mmd_Loss: 0.014774	l1_Loss: 0.005165
Train source2 iter: 30 [(33%)]	Loss: 0.044321	RUL_Loss: 0.025875	mmd_Loss: 0.014701	l1_Loss: 0.005110
Train source1 iter: 40 [(44%)]	Loss: 0.065867	RUL_Loss: 0.048220	mmd_Loss: 0.013259	l1_Loss: 0.004807
Train source2 iter: 40 [(44%)]	Loss: 0.055205	RUL_Loss: 0.031999	mmd_Loss: 0.018830	l1_Loss: 0.004927
Train source1 iter: 50 [(56%)]	Loss: 0.066138	RUL_Loss: 0.047322	mmd_Loss: 0.014269	l1_Loss: 0.004693
Train source2 iter: 50 [(56%)]	Loss: 0.048649	RUL_Loss: 0.027915	mmd_Loss: 0.016616	l1_Loss: 0.004278
Train source1 iter: 60 [(67%)]	Loss: 0.064704	RUL_Loss: 0.043960	mmd_Loss: 0.015718	l1_Loss: 0.005078
Train source2 iter: 60 [(67%)]	Loss: 0.047290	RUL_Loss: 0.026411	mmd_Loss: 0.016401	l1_Loss: 0.004531
Train source1 iter: 70 [(78%)]	Loss: 0.062782	RUL_Loss: 0.043052	mmd_Loss: 0.014848	l1_Loss: 0.004899
Train source2 iter: 70 [(78%)]	Loss: 0.051717	RUL_Loss: 0.030416	mmd_Loss: 0.015914	l1_Loss: 0.005404
Train source1 iter: 80 [(89%)]	Loss: 0.067852	RUL_Loss: 0.045023	mmd_Loss: 0.018113	l1_Loss: 0.004723
Train source2 iter: 80 [(89%)]	Loss: 0.048461	RUL_Loss: 0.026411	mmd_Loss: 0.016966	l1_Loss: 0.005090
Train epochs:8.000000	
Train source1 iter: 10 [(11%)]	Loss: 0.052531	RUL_Loss: 0.040735	mmd_Loss: 0.016485	l1_Loss: 0.006889
Train source2 iter: 10 [(11%)]	Loss: 0.036790	RUL_Loss: 0.025977	mmd_Loss: 0.015444	l1_Loss: 0.005981
Train source1 iter: 20 [(22%)]	Loss: 0.056213	RUL_Loss: 0.040351	mmd_Loss: 0.014826	l1_Loss: 0.004892
Train source2 iter: 20 [(22%)]	Loss: 0.042223	RUL_Loss: 0.026709	mmd_Loss: 0.014356	l1_Loss: 0.004929
Train source1 iter: 30 [(33%)]	Loss: 0.059484	RUL_Loss: 0.040822	mmd_Loss: 0.014557	l1_Loss: 0.005486
Train source2 iter: 30 [(33%)]	Loss: 0.045993	RUL_Loss: 0.026650	mmd_Loss: 0.016009	l1_Loss: 0.004766
Train source1 iter: 40 [(44%)]	Loss: 0.060858	RUL_Loss: 0.041871	mmd_Loss: 0.014293	l1_Loss: 0.005144
Train source2 iter: 40 [(44%)]	Loss: 0.046833	RUL_Loss: 0.024564	mmd_Loss: 0.017716	l1_Loss: 0.005082
Train source1 iter: 50 [(56%)]	Loss: 0.059269	RUL_Loss: 0.041337	mmd_Loss: 0.013211	l1_Loss: 0.004861
Train source2 iter: 50 [(56%)]	Loss: 0.045491	RUL_Loss: 0.025524	mmd_Loss: 0.015195	l1_Loss: 0.004927
Train source1 iter: 60 [(67%)]	Loss: 0.059472	RUL_Loss: 0.039579	mmd_Loss: 0.014426	l1_Loss: 0.005517
Train source2 iter: 60 [(67%)]	Loss: 0.047958	RUL_Loss: 0.028209	mmd_Loss: 0.015105	l1_Loss: 0.004694
Train source1 iter: 70 [(78%)]	Loss: 0.058238	RUL_Loss: 0.040955	mmd_Loss: 0.011981	l1_Loss: 0.005317
Train source2 iter: 70 [(78%)]	Loss: 0.047832	RUL_Loss: 0.028868	mmd_Loss: 0.013922	l1_Loss: 0.005057
Train source1 iter: 80 [(89%)]	Loss: 0.060376	RUL_Loss: 0.042663	mmd_Loss: 0.012873	l1_Loss: 0.004845
Train source2 iter: 80 [(89%)]	Loss: 0.045505	RUL_Loss: 0.026803	mmd_Loss: 0.013369	l1_Loss: 0.005338
Train epochs:9.000000	
Train source1 iter: 10 [(11%)]	Loss: 0.049615	RUL_Loss: 0.039217	mmd_Loss: 0.012210	l1_Loss: 0.008393
Train source2 iter: 10 [(11%)]	Loss: 0.037626	RUL_Loss: 0.027637	mmd_Loss: 0.012693	l1_Loss: 0.007099
Train source1 iter: 20 [(22%)]	Loss: 0.054813	RUL_Loss: 0.039638	mmd_Loss: 0.012463	l1_Loss: 0.006401
Train source2 iter: 20 [(22%)]	Loss: 0.040345	RUL_Loss: 0.025532	mmd_Loss: 0.012366	l1_Loss: 0.006048
Train source1 iter: 30 [(33%)]	Loss: 0.054235	RUL_Loss: 0.035818	mmd_Loss: 0.013262	l1_Loss: 0.006517
Train source2 iter: 30 [(33%)]	Loss: 0.042542	RUL_Loss: 0.022964	mmd_Loss: 0.015123	l1_Loss: 0.005904
Train source1 iter: 40 [(44%)]	Loss: 0.059475	RUL_Loss: 0.040052	mmd_Loss: 0.013550	l1_Loss: 0.006335
Train source2 iter: 40 [(44%)]	Loss: 0.044826	RUL_Loss: 0.025169	mmd_Loss: 0.014392	l1_Loss: 0.005732
Train source1 iter: 50 [(56%)]	Loss: 0.063112	RUL_Loss: 0.041050	mmd_Loss: 0.016097	l1_Loss: 0.006137
Train source2 iter: 50 [(56%)]	Loss: 0.040938	RUL_Loss: 0.021492	mmd_Loss: 0.013091	l1_Loss: 0.006505
Train source1 iter: 60 [(67%)]	Loss: 0.060041	RUL_Loss: 0.039211	mmd_Loss: 0.014701	l1_Loss: 0.006182
Train source2 iter: 60 [(67%)]	Loss: 0.042317	RUL_Loss: 0.022894	mmd_Loss: 0.012803	l1_Loss: 0.006669
Train source1 iter: 70 [(78%)]	Loss: 0.056945	RUL_Loss: 0.037584	mmd_Loss: 0.013449	l1_Loss: 0.005928
Train source2 iter: 70 [(78%)]	Loss: 0.041890	RUL_Loss: 0.022047	mmd_Loss: 0.013383	l1_Loss: 0.006476
Train source1 iter: 80 [(89%)]	Loss: 0.062394	RUL_Loss: 0.043657	mmd_Loss: 0.012600	l1_Loss: 0.006141
Train source2 iter: 80 [(89%)]	Loss: 0.045021	RUL_Loss: 0.025874	mmd_Loss: 0.012824	l1_Loss: 0.006328
Train epochs:10.000000	
Train source1 iter: 10 [(11%)]	Loss: 0.047349	RUL_Loss: 0.038834	mmd_Loss: 0.011955	l1_Loss: 0.004919
Train source2 iter: 10 [(11%)]	Loss: 0.033042	RUL_Loss: 0.022492	mmd_Loss: 0.016532	l1_Loss: 0.004373
Train source1 iter: 20 [(22%)]	Loss: 0.052409	RUL_Loss: 0.038084	mmd_Loss: 0.012893	l1_Loss: 0.004914
Train source2 iter: 20 [(22%)]	Loss: 0.036667	RUL_Loss: 0.023301	mmd_Loss: 0.012070	l1_Loss: 0.004546
Train source1 iter: 30 [(33%)]	Loss: 0.050219	RUL_Loss: 0.036267	mmd_Loss: 0.010717	l1_Loss: 0.004267
Train source2 iter: 30 [(33%)]	Loss: 0.039573	RUL_Loss: 0.023556	mmd_Loss: 0.012664	l1_Loss: 0.004538
Train source1 iter: 40 [(44%)]	Loss: 0.061046	RUL_Loss: 0.043015	mmd_Loss: 0.014021	l1_Loss: 0.004439
Train source2 iter: 40 [(44%)]	Loss: 0.044811	RUL_Loss: 0.025717	mmd_Loss: 0.014933	l1_Loss: 0.004615
Train source1 iter: 50 [(56%)]	Loss: 0.055215	RUL_Loss: 0.038181	mmd_Loss: 0.012556	l1_Loss: 0.004610
Train source2 iter: 50 [(56%)]	Loss: 0.044762	RUL_Loss: 0.025869	mmd_Loss: 0.014578	l1_Loss: 0.004462
Train source1 iter: 60 [(67%)]	Loss: 0.058355	RUL_Loss: 0.040841	mmd_Loss: 0.012919	l1_Loss: 0.004639
Train source2 iter: 60 [(67%)]	Loss: 0.043618	RUL_Loss: 0.026283	mmd_Loss: 0.012865	l1_Loss: 0.004514
Train source1 iter: 70 [(78%)]	Loss: 0.056559	RUL_Loss: 0.038940	mmd_Loss: 0.013427	l1_Loss: 0.004207
Train source2 iter: 70 [(78%)]	Loss: 0.049243	RUL_Loss: 0.029842	mmd_Loss: 0.014602	l1_Loss: 0.004815
Train source1 iter: 80 [(89%)]	Loss: 0.056907	RUL_Loss: 0.037817	mmd_Loss: 0.014461	l1_Loss: 0.004634
Train source2 iter: 80 [(89%)]	Loss: 0.043354	RUL_Loss: 0.025274	mmd_Loss: 0.013763	l1_Loss: 0.004322
Train epochs:11.000000	
Train source1 iter: 10 [(11%)]	Loss: 0.048204	RUL_Loss: 0.039976	mmd_Loss: 0.012308	l1_Loss: 0.003997
Train source2 iter: 10 [(11%)]	Loss: 0.036615	RUL_Loss: 0.027141	mmd_Loss: 0.014841	l1_Loss: 0.003930
Train source1 iter: 20 [(22%)]	Loss: 0.051907	RUL_Loss: 0.039530	mmd_Loss: 0.011796	l1_Loss: 0.003590
Train source2 iter: 20 [(22%)]	Loss: 0.041181	RUL_Loss: 0.027973	mmd_Loss: 0.012011	l1_Loss: 0.004407
Train source1 iter: 30 [(33%)]	Loss: 0.051614	RUL_Loss: 0.036921	mmd_Loss: 0.011961	l1_Loss: 0.003820
Train source2 iter: 30 [(33%)]	Loss: 0.041441	RUL_Loss: 0.025900	mmd_Loss: 0.012815	l1_Loss: 0.003876
Train source1 iter: 40 [(44%)]	Loss: 0.054251	RUL_Loss: 0.038430	mmd_Loss: 0.012116	l1_Loss: 0.004081
Train source2 iter: 40 [(44%)]	Loss: 0.043784	RUL_Loss: 0.027726	mmd_Loss: 0.012454	l1_Loss: 0.003986
Train source1 iter: 50 [(56%)]	Loss: 0.054358	RUL_Loss: 0.037710	mmd_Loss: 0.012814	l1_Loss: 0.003963
Train source2 iter: 50 [(56%)]	Loss: 0.043658	RUL_Loss: 0.027000	mmd_Loss: 0.012639	l1_Loss: 0.004148
Train source1 iter: 60 [(67%)]	Loss: 0.055811	RUL_Loss: 0.037609	mmd_Loss: 0.014353	l1_Loss: 0.003896
Train source2 iter: 60 [(67%)]	Loss: 0.044463	RUL_Loss: 0.026240	mmd_Loss: 0.014398	l1_Loss: 0.003871
Train source1 iter: 70 [(78%)]	Loss: 0.058639	RUL_Loss: 0.042055	mmd_Loss: 0.012242	l1_Loss: 0.004357
Train source2 iter: 70 [(78%)]	Loss: 0.045645	RUL_Loss: 0.029335	mmd_Loss: 0.012136	l1_Loss: 0.004188
Train source1 iter: 80 [(89%)]	Loss: 0.057370	RUL_Loss: 0.042183	mmd_Loss: 0.011737	l1_Loss: 0.003454
Train source2 iter: 80 [(89%)]	Loss: 0.044497	RUL_Loss: 0.027122	mmd_Loss: 0.013662	l1_Loss: 0.003718
Train epochs:12.000000	
Train source1 iter: 10 [(11%)]	Loss: 0.047371	RUL_Loss: 0.036280	mmd_Loss: 0.013110	l1_Loss: 0.008866
Train source2 iter: 10 [(11%)]	Loss: 0.040769	RUL_Loss: 0.030575	mmd_Loss: 0.012496	l1_Loss: 0.007703
Train source1 iter: 20 [(22%)]	Loss: 0.055581	RUL_Loss: 0.038457	mmd_Loss: 0.015790	l1_Loss: 0.005496
Train source2 iter: 20 [(22%)]	Loss: 0.037325	RUL_Loss: 0.023364	mmd_Loss: 0.011598	l1_Loss: 0.005757
Train source1 iter: 30 [(33%)]	Loss: 0.059564	RUL_Loss: 0.038613	mmd_Loss: 0.016530	l1_Loss: 0.005971
Train source2 iter: 30 [(33%)]	Loss: 0.040709	RUL_Loss: 0.024050	mmd_Loss: 0.012249	l1_Loss: 0.005642
Train source1 iter: 40 [(44%)]	Loss: 0.056125	RUL_Loss: 0.038262	mmd_Loss: 0.012672	l1_Loss: 0.005615
Train source2 iter: 40 [(44%)]	Loss: 0.042494	RUL_Loss: 0.024297	mmd_Loss: 0.012630	l1_Loss: 0.006000
Train source1 iter: 50 [(56%)]	Loss: 0.059908	RUL_Loss: 0.038631	mmd_Loss: 0.016063	l1_Loss: 0.005379
Train source2 iter: 50 [(56%)]	Loss: 0.042745	RUL_Loss: 0.025803	mmd_Loss: 0.011079	l1_Loss: 0.005995
Train source1 iter: 60 [(67%)]	Loss: 0.056930	RUL_Loss: 0.037179	mmd_Loss: 0.013991	l1_Loss: 0.005810
Train source2 iter: 60 [(67%)]	Loss: 0.042629	RUL_Loss: 0.022163	mmd_Loss: 0.013924	l1_Loss: 0.006593
Train source1 iter: 70 [(78%)]	Loss: 0.056367	RUL_Loss: 0.036560	mmd_Loss: 0.013666	l1_Loss: 0.006158
Train source2 iter: 70 [(78%)]	Loss: 0.040111	RUL_Loss: 0.022369	mmd_Loss: 0.012150	l1_Loss: 0.005607
Train source1 iter: 80 [(89%)]	Loss: 0.056459	RUL_Loss: 0.036868	mmd_Loss: 0.013968	l1_Loss: 0.005629
Train source2 iter: 80 [(89%)]	Loss: 0.042799	RUL_Loss: 0.023048	mmd_Loss: 0.014175	l1_Loss: 0.005581
Train epochs:13.000000	
Train source1 iter: 10 [(11%)]	Loss: 0.046508	RUL_Loss: 0.038061	mmd_Loss: 0.012646	l1_Loss: 0.004091
Train source2 iter: 10 [(11%)]	Loss: 0.031725	RUL_Loss: 0.024006	mmd_Loss: 0.010768	l1_Loss: 0.004528
Train source1 iter: 20 [(22%)]	Loss: 0.049699	RUL_Loss: 0.036399	mmd_Loss: 0.011967	l1_Loss: 0.004565
Train source2 iter: 20 [(22%)]	Loss: 0.038127	RUL_Loss: 0.025738	mmd_Loss: 0.011234	l1_Loss: 0.004166
Train source1 iter: 30 [(33%)]	Loss: 0.052862	RUL_Loss: 0.037849	mmd_Loss: 0.011839	l1_Loss: 0.004284
Train source2 iter: 30 [(33%)]	Loss: 0.043693	RUL_Loss: 0.027390	mmd_Loss: 0.013268	l1_Loss: 0.004242
Train source1 iter: 40 [(44%)]	Loss: 0.055505	RUL_Loss: 0.040740	mmd_Loss: 0.011191	l1_Loss: 0.003925
Train source2 iter: 40 [(44%)]	Loss: 0.042195	RUL_Loss: 0.025487	mmd_Loss: 0.013040	l1_Loss: 0.004065
Train source1 iter: 50 [(56%)]	Loss: 0.055685	RUL_Loss: 0.039930	mmd_Loss: 0.011639	l1_Loss: 0.004238
Train source2 iter: 50 [(56%)]	Loss: 0.039297	RUL_Loss: 0.023489	mmd_Loss: 0.011663	l1_Loss: 0.004267
Train source1 iter: 60 [(67%)]	Loss: 0.052082	RUL_Loss: 0.035362	mmd_Loss: 0.012624	l1_Loss: 0.004138
Train source2 iter: 60 [(67%)]	Loss: 0.041090	RUL_Loss: 0.025601	mmd_Loss: 0.010843	l1_Loss: 0.004685
Train source1 iter: 70 [(78%)]	Loss: 0.050678	RUL_Loss: 0.035324	mmd_Loss: 0.011067	l1_Loss: 0.004300
Train source2 iter: 70 [(78%)]	Loss: 0.040573	RUL_Loss: 0.024895	mmd_Loss: 0.011689	l1_Loss: 0.004002
Train source1 iter: 80 [(89%)]	Loss: 0.055052	RUL_Loss: 0.040097	mmd_Loss: 0.010720	l1_Loss: 0.004239
Train source2 iter: 80 [(89%)]	Loss: 0.039198	RUL_Loss: 0.024205	mmd_Loss: 0.010992	l1_Loss: 0.004006
Train epochs:14.000000	
Train source1 iter: 10 [(11%)]	Loss: 0.044033	RUL_Loss: 0.034356	mmd_Loss: 0.012867	l1_Loss: 0.006308
Train source2 iter: 10 [(11%)]	Loss: 0.032998	RUL_Loss: 0.024475	mmd_Loss: 0.010865	l1_Loss: 0.006023
Train source1 iter: 20 [(22%)]	Loss: 0.047465	RUL_Loss: 0.033235	mmd_Loss: 0.011854	l1_Loss: 0.005835
Train source2 iter: 20 [(22%)]	Loss: 0.033603	RUL_Loss: 0.021628	mmd_Loss: 0.008984	l1_Loss: 0.005901
Train source1 iter: 30 [(33%)]	Loss: 0.051626	RUL_Loss: 0.034052	mmd_Loss: 0.012962	l1_Loss: 0.005912
Train source2 iter: 30 [(33%)]	Loss: 0.042928	RUL_Loss: 0.026839	mmd_Loss: 0.011472	l1_Loss: 0.005807
Train source1 iter: 40 [(44%)]	Loss: 0.051672	RUL_Loss: 0.033367	mmd_Loss: 0.012335	l1_Loss: 0.006406
Train source2 iter: 40 [(44%)]	Loss: 0.038175	RUL_Loss: 0.023042	mmd_Loss: 0.010251	l1_Loss: 0.005242
Train source1 iter: 50 [(56%)]	Loss: 0.054405	RUL_Loss: 0.036392	mmd_Loss: 0.012812	l1_Loss: 0.005341
Train source2 iter: 50 [(56%)]	Loss: 0.041086	RUL_Loss: 0.023324	mmd_Loss: 0.011953	l1_Loss: 0.005947
Train source1 iter: 60 [(67%)]	Loss: 0.051468	RUL_Loss: 0.033532	mmd_Loss: 0.012603	l1_Loss: 0.005379
Train source2 iter: 60 [(67%)]	Loss: 0.038173	RUL_Loss: 0.023296	mmd_Loss: 0.009493	l1_Loss: 0.005421
Train source1 iter: 70 [(78%)]	Loss: 0.055051	RUL_Loss: 0.036382	mmd_Loss: 0.013437	l1_Loss: 0.005247
Train source2 iter: 70 [(78%)]	Loss: 0.039828	RUL_Loss: 0.022481	mmd_Loss: 0.011239	l1_Loss: 0.006122
Train source1 iter: 80 [(89%)]	Loss: 0.048509	RUL_Loss: 0.030857	mmd_Loss: 0.012341	l1_Loss: 0.005316
Train source2 iter: 80 [(89%)]	Loss: 0.037886	RUL_Loss: 0.021825	mmd_Loss: 0.010588	l1_Loss: 0.005478
Train epochs:15.000000	
Train source1 iter: 10 [(11%)]	Loss: 0.044914	RUL_Loss: 0.035336	mmd_Loss: 0.014783	l1_Loss: 0.004195
Train source2 iter: 10 [(11%)]	Loss: 0.039496	RUL_Loss: 0.031120	mmd_Loss: 0.011824	l1_Loss: 0.004774
Train source1 iter: 20 [(22%)]	Loss: 0.047890	RUL_Loss: 0.034854	mmd_Loss: 0.011723	l1_Loss: 0.004481
Train source2 iter: 20 [(22%)]	Loss: 0.042522	RUL_Loss: 0.029091	mmd_Loss: 0.012464	l1_Loss: 0.004232
Train source1 iter: 30 [(33%)]	Loss: 0.050688	RUL_Loss: 0.033982	mmd_Loss: 0.013761	l1_Loss: 0.004180
Train source2 iter: 30 [(33%)]	Loss: 0.044410	RUL_Loss: 0.029660	mmd_Loss: 0.011346	l1_Loss: 0.004496
Train source1 iter: 40 [(44%)]	Loss: 0.053013	RUL_Loss: 0.035322	mmd_Loss: 0.013763	l1_Loss: 0.004348
Train source2 iter: 40 [(44%)]	Loss: 0.046485	RUL_Loss: 0.029212	mmd_Loss: 0.013227	l1_Loss: 0.004456
Train source1 iter: 50 [(56%)]	Loss: 0.051374	RUL_Loss: 0.035225	mmd_Loss: 0.012071	l1_Loss: 0.004203
Train source2 iter: 50 [(56%)]	Loss: 0.043265	RUL_Loss: 0.025334	mmd_Loss: 0.013228	l1_Loss: 0.004843
Train source1 iter: 60 [(67%)]	Loss: 0.055817	RUL_Loss: 0.037875	mmd_Loss: 0.014135	l1_Loss: 0.003853
Train source2 iter: 60 [(67%)]	Loss: 0.045192	RUL_Loss: 0.029379	mmd_Loss: 0.011408	l1_Loss: 0.004445
Train source1 iter: 70 [(78%)]	Loss: 0.051037	RUL_Loss: 0.035488	mmd_Loss: 0.011296	l1_Loss: 0.004265
Train source2 iter: 70 [(78%)]	Loss: 0.043231	RUL_Loss: 0.027449	mmd_Loss: 0.011421	l1_Loss: 0.004375
Train source1 iter: 80 [(89%)]	Loss: 0.053248	RUL_Loss: 0.034415	mmd_Loss: 0.014528	l1_Loss: 0.004310
Train source2 iter: 80 [(89%)]	Loss: 0.045771	RUL_Loss: 0.029263	mmd_Loss: 0.012051	l1_Loss: 0.004462
Train epochs:16.000000	
Train source1 iter: 10 [(11%)]	Loss: 0.049294	RUL_Loss: 0.041660	mmd_Loss: 0.010743	l1_Loss: 0.004382
Train source2 iter: 10 [(11%)]	Loss: 0.033963	RUL_Loss: 0.026204	mmd_Loss: 0.011117	l1_Loss: 0.004258
Train source1 iter: 20 [(22%)]	Loss: 0.047088	RUL_Loss: 0.035251	mmd_Loss: 0.010675	l1_Loss: 0.004039
Train source2 iter: 20 [(22%)]	Loss: 0.039070	RUL_Loss: 0.026405	mmd_Loss: 0.011225	l1_Loss: 0.004518
Train source1 iter: 30 [(33%)]	Loss: 0.047372	RUL_Loss: 0.032917	mmd_Loss: 0.011649	l1_Loss: 0.003875
Train source2 iter: 30 [(33%)]	Loss: 0.041240	RUL_Loss: 0.026456	mmd_Loss: 0.011684	l1_Loss: 0.004194
Train source1 iter: 40 [(44%)]	Loss: 0.047092	RUL_Loss: 0.031621	mmd_Loss: 0.011397	l1_Loss: 0.004442
Train source2 iter: 40 [(44%)]	Loss: 0.043823	RUL_Loss: 0.028626	mmd_Loss: 0.011664	l1_Loss: 0.003894
Train source1 iter: 50 [(56%)]	Loss: 0.052371	RUL_Loss: 0.037127	mmd_Loss: 0.011265	l1_Loss: 0.004097
Train source2 iter: 50 [(56%)]	Loss: 0.037033	RUL_Loss: 0.023199	mmd_Loss: 0.010038	l1_Loss: 0.003903
Train source1 iter: 60 [(67%)]	Loss: 0.047968	RUL_Loss: 0.032615	mmd_Loss: 0.011000	l1_Loss: 0.004392
Train source2 iter: 60 [(67%)]	Loss: 0.042303	RUL_Loss: 0.025624	mmd_Loss: 0.012110	l1_Loss: 0.004612
Train source1 iter: 70 [(78%)]	Loss: 0.049037	RUL_Loss: 0.032568	mmd_Loss: 0.012334	l1_Loss: 0.004149
Train source2 iter: 70 [(78%)]	Loss: 0.042057	RUL_Loss: 0.026433	mmd_Loss: 0.011529	l1_Loss: 0.004108
Train source1 iter: 80 [(89%)]	Loss: 0.048574	RUL_Loss: 0.035077	mmd_Loss: 0.009556	l1_Loss: 0.003946
Train source2 iter: 80 [(89%)]	Loss: 0.041439	RUL_Loss: 0.026882	mmd_Loss: 0.010330	l1_Loss: 0.004231
Train epochs:17.000000	
Train source1 iter: 10 [(11%)]	Loss: 0.049597	RUL_Loss: 0.040248	mmd_Loss: 0.012357	l1_Loss: 0.006167
Train source2 iter: 10 [(11%)]	Loss: 0.036427	RUL_Loss: 0.027197	mmd_Loss: 0.011816	l1_Loss: 0.006473
Train source1 iter: 20 [(22%)]	Loss: 0.047718	RUL_Loss: 0.034679	mmd_Loss: 0.011069	l1_Loss: 0.005140
Train source2 iter: 20 [(22%)]	Loss: 0.040198	RUL_Loss: 0.026934	mmd_Loss: 0.011691	l1_Loss: 0.004796
Train source1 iter: 30 [(33%)]	Loss: 0.053952	RUL_Loss: 0.037663	mmd_Loss: 0.012227	l1_Loss: 0.005267
Train source2 iter: 30 [(33%)]	Loss: 0.041472	RUL_Loss: 0.027226	mmd_Loss: 0.010434	l1_Loss: 0.004867
Train source1 iter: 40 [(44%)]	Loss: 0.049482	RUL_Loss: 0.032328	mmd_Loss: 0.013103	l1_Loss: 0.004458
Train source2 iter: 40 [(44%)]	Loss: 0.039667	RUL_Loss: 0.020672	mmd_Loss: 0.014318	l1_Loss: 0.005129
Train source1 iter: 50 [(56%)]	Loss: 0.049849	RUL_Loss: 0.031748	mmd_Loss: 0.013230	l1_Loss: 0.005011
Train source2 iter: 50 [(56%)]	Loss: 0.040027	RUL_Loss: 0.022184	mmd_Loss: 0.012244	l1_Loss: 0.005738
Train source1 iter: 60 [(67%)]	Loss: 0.051916	RUL_Loss: 0.036059	mmd_Loss: 0.010576	l1_Loss: 0.005321
Train source2 iter: 60 [(67%)]	Loss: 0.040254	RUL_Loss: 0.024825	mmd_Loss: 0.010273	l1_Loss: 0.005195
Train source1 iter: 70 [(78%)]	Loss: 0.050662	RUL_Loss: 0.034386	mmd_Loss: 0.011476	l1_Loss: 0.004814
Train source2 iter: 70 [(78%)]	Loss: 0.040530	RUL_Loss: 0.024494	mmd_Loss: 0.010711	l1_Loss: 0.005339
Train source1 iter: 80 [(89%)]	Loss: 0.052295	RUL_Loss: 0.034671	mmd_Loss: 0.012597	l1_Loss: 0.005032
Train source2 iter: 80 [(89%)]	Loss: 0.039612	RUL_Loss: 0.023653	mmd_Loss: 0.011060	l1_Loss: 0.004904
Train epochs:18.000000	
Train source1 iter: 10 [(11%)]	Loss: 0.045530	RUL_Loss: 0.037031	mmd_Loss: 0.012013	l1_Loss: 0.004827
Train source2 iter: 10 [(11%)]	Loss: 0.033166	RUL_Loss: 0.023895	mmd_Loss: 0.013401	l1_Loss: 0.004971
Train source1 iter: 20 [(22%)]	Loss: 0.048068	RUL_Loss: 0.034575	mmd_Loss: 0.012123	l1_Loss: 0.004650
Train source2 iter: 20 [(22%)]	Loss: 0.036169	RUL_Loss: 0.022540	mmd_Loss: 0.012621	l1_Loss: 0.004321
Train source1 iter: 30 [(33%)]	Loss: 0.050395	RUL_Loss: 0.034922	mmd_Loss: 0.011597	l1_Loss: 0.005021
Train source2 iter: 30 [(33%)]	Loss: 0.039526	RUL_Loss: 0.025283	mmd_Loss: 0.010327	l1_Loss: 0.004970
Train source1 iter: 40 [(44%)]	Loss: 0.049999	RUL_Loss: 0.032422	mmd_Loss: 0.013306	l1_Loss: 0.004688
Train source2 iter: 40 [(44%)]	Loss: 0.040324	RUL_Loss: 0.025179	mmd_Loss: 0.010995	l1_Loss: 0.004510
Train source1 iter: 50 [(56%)]	Loss: 0.054265	RUL_Loss: 0.038002	mmd_Loss: 0.011534	l1_Loss: 0.004855
Train source2 iter: 50 [(56%)]	Loss: 0.041176	RUL_Loss: 0.025930	mmd_Loss: 0.010750	l1_Loss: 0.004615
Train source1 iter: 60 [(67%)]	Loss: 0.049722	RUL_Loss: 0.034397	mmd_Loss: 0.011111	l1_Loss: 0.004253
Train source2 iter: 60 [(67%)]	Loss: 0.041123	RUL_Loss: 0.025297	mmd_Loss: 0.011424	l1_Loss: 0.004443
Train source1 iter: 70 [(78%)]	Loss: 0.050589	RUL_Loss: 0.033335	mmd_Loss: 0.012591	l1_Loss: 0.004677
Train source2 iter: 70 [(78%)]	Loss: 0.038962	RUL_Loss: 0.023046	mmd_Loss: 0.011006	l1_Loss: 0.004924
Train source1 iter: 80 [(89%)]	Loss: 0.051092	RUL_Loss: 0.035485	mmd_Loss: 0.011123	l1_Loss: 0.004489
Train source2 iter: 80 [(89%)]	Loss: 0.046665	RUL_Loss: 0.030005	mmd_Loss: 0.012027	l1_Loss: 0.004638
Train epochs:19.000000	
Train source1 iter: 10 [(11%)]	Loss: 0.049416	RUL_Loss: 0.038484	mmd_Loss: 0.016764	l1_Loss: 0.004899
Train source2 iter: 10 [(11%)]	Loss: 0.032425	RUL_Loss: 0.023974	mmd_Loss: 0.012262	l1_Loss: 0.004485
Train source1 iter: 20 [(22%)]	Loss: 0.048878	RUL_Loss: 0.034394	mmd_Loss: 0.013432	l1_Loss: 0.004573
Train source2 iter: 20 [(22%)]	Loss: 0.037786	RUL_Loss: 0.023835	mmd_Loss: 0.012088	l1_Loss: 0.005253
Train source1 iter: 30 [(33%)]	Loss: 0.052512	RUL_Loss: 0.035829	mmd_Loss: 0.012946	l1_Loss: 0.004972
Train source2 iter: 30 [(33%)]	Loss: 0.042874	RUL_Loss: 0.026180	mmd_Loss: 0.012983	l1_Loss: 0.004946
Train source1 iter: 40 [(44%)]	Loss: 0.054617	RUL_Loss: 0.037489	mmd_Loss: 0.012768	l1_Loss: 0.004767
Train source2 iter: 40 [(44%)]	Loss: 0.041664	RUL_Loss: 0.025466	mmd_Loss: 0.011818	l1_Loss: 0.004766
Train source1 iter: 50 [(56%)]	Loss: 0.054263	RUL_Loss: 0.033896	mmd_Loss: 0.015882	l1_Loss: 0.004643
Train source2 iter: 50 [(56%)]	Loss: 0.041308	RUL_Loss: 0.025426	mmd_Loss: 0.010888	l1_Loss: 0.005117
Train source1 iter: 60 [(67%)]	Loss: 0.052614	RUL_Loss: 0.036108	mmd_Loss: 0.011336	l1_Loss: 0.005212
Train source2 iter: 60 [(67%)]	Loss: 0.042107	RUL_Loss: 0.026649	mmd_Loss: 0.011206	l1_Loss: 0.004291
Train source1 iter: 70 [(78%)]	Loss: 0.057044	RUL_Loss: 0.037537	mmd_Loss: 0.014705	l1_Loss: 0.004817
Train source2 iter: 70 [(78%)]	Loss: 0.038726	RUL_Loss: 0.023499	mmd_Loss: 0.010850	l1_Loss: 0.004389
Train source1 iter: 80 [(89%)]	Loss: 0.057598	RUL_Loss: 0.039317	mmd_Loss: 0.012987	l1_Loss: 0.005299
Train source2 iter: 80 [(89%)]	Loss: 0.041272	RUL_Loss: 0.027006	mmd_Loss: 0.008991	l1_Loss: 0.005279
Train epochs:20.000000	
Train source1 iter: 10 [(11%)]	Loss: 0.042956	RUL_Loss: 0.036079	mmd_Loss: 0.010160	l1_Loss: 0.003467
Train source2 iter: 10 [(11%)]	Loss: 0.031919	RUL_Loss: 0.023798	mmd_Loss: 0.012360	l1_Loss: 0.003732
Train source1 iter: 20 [(22%)]	Loss: 0.044873	RUL_Loss: 0.034100	mmd_Loss: 0.009624	l1_Loss: 0.003767
Train source2 iter: 20 [(22%)]	Loss: 0.036225	RUL_Loss: 0.024949	mmd_Loss: 0.009900	l1_Loss: 0.004117
Train source1 iter: 30 [(33%)]	Loss: 0.048419	RUL_Loss: 0.036527	mmd_Loss: 0.009132	l1_Loss: 0.003640
Train source2 iter: 30 [(33%)]	Loss: 0.037667	RUL_Loss: 0.023174	mmd_Loss: 0.012013	l1_Loss: 0.003552
Train source1 iter: 40 [(44%)]	Loss: 0.053649	RUL_Loss: 0.037625	mmd_Loss: 0.012495	l1_Loss: 0.003910
Train source2 iter: 40 [(44%)]	Loss: 0.039454	RUL_Loss: 0.024285	mmd_Loss: 0.011550	l1_Loss: 0.003980
Train source1 iter: 50 [(56%)]	Loss: 0.046428	RUL_Loss: 0.032979	mmd_Loss: 0.009814	l1_Loss: 0.003740
Train source2 iter: 50 [(56%)]	Loss: 0.037565	RUL_Loss: 0.023445	mmd_Loss: 0.010231	l1_Loss: 0.003999
Train source1 iter: 60 [(67%)]	Loss: 0.054422	RUL_Loss: 0.038444	mmd_Loss: 0.012352	l1_Loss: 0.003667
Train source2 iter: 60 [(67%)]	Loss: 0.038144	RUL_Loss: 0.022614	mmd_Loss: 0.011252	l1_Loss: 0.004317
Train source1 iter: 70 [(78%)]	Loss: 0.052712	RUL_Loss: 0.037788	mmd_Loss: 0.011360	l1_Loss: 0.003577
Train source2 iter: 70 [(78%)]	Loss: 0.042984	RUL_Loss: 0.024914	mmd_Loss: 0.014010	l1_Loss: 0.004075
Train source1 iter: 80 [(89%)]	Loss: 0.050489	RUL_Loss: 0.034619	mmd_Loss: 0.012070	l1_Loss: 0.003805
Train source2 iter: 80 [(89%)]	Loss: 0.042599	RUL_Loss: 0.027557	mmd_Loss: 0.011031	l1_Loss: 0.004014
Train epochs:21.000000	
Train source1 iter: 10 [(11%)]	Loss: 0.041543	RUL_Loss: 0.034056	mmd_Loss: 0.010565	l1_Loss: 0.004270
Train source2 iter: 10 [(11%)]	Loss: 0.031670	RUL_Loss: 0.023559	mmd_Loss: 0.011618	l1_Loss: 0.004454
Train source1 iter: 20 [(22%)]	Loss: 0.043181	RUL_Loss: 0.030026	mmd_Loss: 0.011598	l1_Loss: 0.004754
Train source2 iter: 20 [(22%)]	Loss: 0.034817	RUL_Loss: 0.021137	mmd_Loss: 0.012018	l1_Loss: 0.004987
Train source1 iter: 30 [(33%)]	Loss: 0.053752	RUL_Loss: 0.038594	mmd_Loss: 0.011696	l1_Loss: 0.004583
Train source2 iter: 30 [(33%)]	Loss: 0.035287	RUL_Loss: 0.021262	mmd_Loss: 0.010654	l1_Loss: 0.004408
Train source1 iter: 40 [(44%)]	Loss: 0.046099	RUL_Loss: 0.031826	mmd_Loss: 0.010164	l1_Loss: 0.004448
Train source2 iter: 40 [(44%)]	Loss: 0.040724	RUL_Loss: 0.024471	mmd_Loss: 0.011991	l1_Loss: 0.004650
Train source1 iter: 50 [(56%)]	Loss: 0.050433	RUL_Loss: 0.033373	mmd_Loss: 0.012856	l1_Loss: 0.004337
Train source2 iter: 50 [(56%)]	Loss: 0.039910	RUL_Loss: 0.024880	mmd_Loss: 0.010439	l1_Loss: 0.004707
Train source1 iter: 60 [(67%)]	Loss: 0.046929	RUL_Loss: 0.033313	mmd_Loss: 0.009053	l1_Loss: 0.004598
Train source2 iter: 60 [(67%)]	Loss: 0.038058	RUL_Loss: 0.023352	mmd_Loss: 0.010512	l1_Loss: 0.004232
Train source1 iter: 70 [(78%)]	Loss: 0.052657	RUL_Loss: 0.036049	mmd_Loss: 0.011866	l1_Loss: 0.004755
Train source2 iter: 70 [(78%)]	Loss: 0.038555	RUL_Loss: 0.022565	mmd_Loss: 0.011084	l1_Loss: 0.004920
Train source1 iter: 80 [(89%)]	Loss: 0.049499	RUL_Loss: 0.033864	mmd_Loss: 0.011280	l1_Loss: 0.004359
Train source2 iter: 80 [(89%)]	Loss: 0.040070	RUL_Loss: 0.024437	mmd_Loss: 0.011419	l1_Loss: 0.004218
Train epochs:22.000000	
Train source1 iter: 10 [(11%)]	Loss: 0.037588	RUL_Loss: 0.030324	mmd_Loss: 0.009667	l1_Loss: 0.004727
Train source2 iter: 10 [(11%)]	Loss: 0.031659	RUL_Loss: 0.024117	mmd_Loss: 0.010445	l1_Loss: 0.004500
Train source1 iter: 20 [(22%)]	Loss: 0.046070	RUL_Loss: 0.034288	mmd_Loss: 0.010469	l1_Loss: 0.004177
Train source2 iter: 20 [(22%)]	Loss: 0.034434	RUL_Loss: 0.023162	mmd_Loss: 0.009990	l1_Loss: 0.004022
Train source1 iter: 30 [(33%)]	Loss: 0.043022	RUL_Loss: 0.028850	mmd_Loss: 0.010867	l1_Loss: 0.004353
Train source2 iter: 30 [(33%)]	Loss: 0.035971	RUL_Loss: 0.022918	mmd_Loss: 0.010041	l1_Loss: 0.003976
Train source1 iter: 40 [(44%)]	Loss: 0.047378	RUL_Loss: 0.031975	mmd_Loss: 0.011776	l1_Loss: 0.003993
Train source2 iter: 40 [(44%)]	Loss: 0.039219	RUL_Loss: 0.021565	mmd_Loss: 0.013814	l1_Loss: 0.004259
Train source1 iter: 50 [(56%)]	Loss: 0.045739	RUL_Loss: 0.031360	mmd_Loss: 0.010190	l1_Loss: 0.004300
Train source2 iter: 50 [(56%)]	Loss: 0.037131	RUL_Loss: 0.022951	mmd_Loss: 0.010144	l1_Loss: 0.004146
Train source1 iter: 60 [(67%)]	Loss: 0.045889	RUL_Loss: 0.031443	mmd_Loss: 0.009827	l1_Loss: 0.004656
Train source2 iter: 60 [(67%)]	Loss: 0.037804	RUL_Loss: 0.021226	mmd_Loss: 0.011936	l1_Loss: 0.004685
Train source1 iter: 70 [(78%)]	Loss: 0.049681	RUL_Loss: 0.035552	mmd_Loss: 0.009867	l1_Loss: 0.004274
Train source2 iter: 70 [(78%)]	Loss: 0.036500	RUL_Loss: 0.022040	mmd_Loss: 0.009516	l1_Loss: 0.004955
Train source1 iter: 80 [(89%)]	Loss: 0.049924	RUL_Loss: 0.035474	mmd_Loss: 0.009775	l1_Loss: 0.004679
Train source2 iter: 80 [(89%)]	Loss: 0.041593	RUL_Loss: 0.026607	mmd_Loss: 0.010422	l1_Loss: 0.004569
Train epochs:23.000000	
Train source1 iter: 10 [(11%)]	Loss: 0.042455	RUL_Loss: 0.034074	mmd_Loss: 0.011965	l1_Loss: 0.004641
Train source2 iter: 10 [(11%)]	Loss: 0.030329	RUL_Loss: 0.022480	mmd_Loss: 0.010811	l1_Loss: 0.004741
Train source1 iter: 20 [(22%)]	Loss: 0.045134	RUL_Loss: 0.032982	mmd_Loss: 0.010794	l1_Loss: 0.004311
Train source2 iter: 20 [(22%)]	Loss: 0.036176	RUL_Loss: 0.023605	mmd_Loss: 0.011704	l1_Loss: 0.003923
Train source1 iter: 30 [(33%)]	Loss: 0.048833	RUL_Loss: 0.033603	mmd_Loss: 0.012032	l1_Loss: 0.004324
Train source2 iter: 30 [(33%)]	Loss: 0.037249	RUL_Loss: 0.023427	mmd_Loss: 0.010661	l1_Loss: 0.004184
Train source1 iter: 40 [(44%)]	Loss: 0.047822	RUL_Loss: 0.032821	mmd_Loss: 0.011094	l1_Loss: 0.004264
Train source2 iter: 40 [(44%)]	Loss: 0.042031	RUL_Loss: 0.027535	mmd_Loss: 0.011261	l1_Loss: 0.003580
Train source1 iter: 50 [(56%)]	Loss: 0.049039	RUL_Loss: 0.035320	mmd_Loss: 0.009997	l1_Loss: 0.003828
Train source2 iter: 50 [(56%)]	Loss: 0.039319	RUL_Loss: 0.023470	mmd_Loss: 0.011761	l1_Loss: 0.004211
Train source1 iter: 60 [(67%)]	Loss: 0.047427	RUL_Loss: 0.033371	mmd_Loss: 0.010444	l1_Loss: 0.003647
Train source2 iter: 60 [(67%)]	Loss: 0.035408	RUL_Loss: 0.020659	mmd_Loss: 0.010406	l1_Loss: 0.004381
Train source1 iter: 70 [(78%)]	Loss: 0.047118	RUL_Loss: 0.032577	mmd_Loss: 0.010266	l1_Loss: 0.004287
Train source2 iter: 70 [(78%)]	Loss: 0.038253	RUL_Loss: 0.024030	mmd_Loss: 0.009670	l1_Loss: 0.004564
Train source1 iter: 80 [(89%)]	Loss: 0.049450	RUL_Loss: 0.033116	mmd_Loss: 0.011821	l1_Loss: 0.004517
Train source2 iter: 80 [(89%)]	Loss: 0.039861	RUL_Loss: 0.025658	mmd_Loss: 0.010164	l1_Loss: 0.004043
Train epochs:24.000000	
Train source1 iter: 10 [(11%)]	Loss: 0.038737	RUL_Loss: 0.031584	mmd_Loss: 0.010062	l1_Loss: 0.004111
Train source2 iter: 10 [(11%)]	Loss: 0.031473	RUL_Loss: 0.024313	mmd_Loss: 0.009777	l1_Loss: 0.004408
Train source1 iter: 20 [(22%)]	Loss: 0.040697	RUL_Loss: 0.029363	mmd_Loss: 0.009933	l1_Loss: 0.004156
Train source2 iter: 20 [(22%)]	Loss: 0.033723	RUL_Loss: 0.023468	mmd_Loss: 0.008355	l1_Loss: 0.004393
Train source1 iter: 30 [(33%)]	Loss: 0.046816	RUL_Loss: 0.034671	mmd_Loss: 0.009292	l1_Loss: 0.003752
Train source2 iter: 30 [(33%)]	Loss: 0.034371	RUL_Loss: 0.021286	mmd_Loss: 0.010082	l1_Loss: 0.003972
Train source1 iter: 40 [(44%)]	Loss: 0.041918	RUL_Loss: 0.028330	mmd_Loss: 0.009836	l1_Loss: 0.004075
Train source2 iter: 40 [(44%)]	Loss: 0.036420	RUL_Loss: 0.022903	mmd_Loss: 0.010222	l1_Loss: 0.003616
Train source1 iter: 50 [(56%)]	Loss: 0.045458	RUL_Loss: 0.031363	mmd_Loss: 0.009724	l1_Loss: 0.004481
Train source2 iter: 50 [(56%)]	Loss: 0.034285	RUL_Loss: 0.020216	mmd_Loss: 0.010135	l1_Loss: 0.004043
Train source1 iter: 60 [(67%)]	Loss: 0.044630	RUL_Loss: 0.030491	mmd_Loss: 0.010320	l1_Loss: 0.003854
Train source2 iter: 60 [(67%)]	Loss: 0.040181	RUL_Loss: 0.024370	mmd_Loss: 0.011829	l1_Loss: 0.004023
Train source1 iter: 70 [(78%)]	Loss: 0.044321	RUL_Loss: 0.029418	mmd_Loss: 0.010621	l1_Loss: 0.004294
Train source2 iter: 70 [(78%)]	Loss: 0.036343	RUL_Loss: 0.022394	mmd_Loss: 0.009807	l1_Loss: 0.004154
Train source1 iter: 80 [(89%)]	Loss: 0.047424	RUL_Loss: 0.031907	mmd_Loss: 0.011137	l1_Loss: 0.004384
Train source2 iter: 80 [(89%)]	Loss: 0.033091	RUL_Loss: 0.020182	mmd_Loss: 0.009238	l1_Loss: 0.003675
Train epochs:25.000000	
Train source1 iter: 10 [(11%)]	Loss: 0.044558	RUL_Loss: 0.036317	mmd_Loss: 0.010272	l1_Loss: 0.006057
Train source2 iter: 10 [(11%)]	Loss: 0.025602	RUL_Loss: 0.018059	mmd_Loss: 0.009060	l1_Loss: 0.005887
Train source1 iter: 20 [(22%)]	Loss: 0.043069	RUL_Loss: 0.030869	mmd_Loss: 0.009687	l1_Loss: 0.005479
Train source2 iter: 20 [(22%)]	Loss: 0.040228	RUL_Loss: 0.026382	mmd_Loss: 0.011673	l1_Loss: 0.005540
Train source1 iter: 30 [(33%)]	Loss: 0.048427	RUL_Loss: 0.034374	mmd_Loss: 0.010299	l1_Loss: 0.004794
Train source2 iter: 30 [(33%)]	Loss: 0.035298	RUL_Loss: 0.021161	mmd_Loss: 0.009681	l1_Loss: 0.005502
Train source1 iter: 40 [(44%)]	Loss: 0.047581	RUL_Loss: 0.029809	mmd_Loss: 0.012387	l1_Loss: 0.005808
Train source2 iter: 40 [(44%)]	Loss: 0.037901	RUL_Loss: 0.023562	mmd_Loss: 0.009321	l1_Loss: 0.005359
Train source1 iter: 50 [(56%)]	Loss: 0.048450	RUL_Loss: 0.033249	mmd_Loss: 0.009367	l1_Loss: 0.005952
Train source2 iter: 50 [(56%)]	Loss: 0.034039	RUL_Loss: 0.020493	mmd_Loss: 0.008549	l1_Loss: 0.005102
Train source1 iter: 60 [(67%)]	Loss: 0.048510	RUL_Loss: 0.033293	mmd_Loss: 0.010166	l1_Loss: 0.005091
Train source2 iter: 60 [(67%)]	Loss: 0.037806	RUL_Loss: 0.021566	mmd_Loss: 0.010347	l1_Loss: 0.005934
Train source1 iter: 70 [(78%)]	Loss: 0.047761	RUL_Loss: 0.031177	mmd_Loss: 0.010899	l1_Loss: 0.005698
Train source2 iter: 70 [(78%)]	Loss: 0.037812	RUL_Loss: 0.022503	mmd_Loss: 0.010068	l1_Loss: 0.005254
Train source1 iter: 80 [(89%)]	Loss: 0.046279	RUL_Loss: 0.030848	mmd_Loss: 0.009708	l1_Loss: 0.005727
Train source2 iter: 80 [(89%)]	Loss: 0.038250	RUL_Loss: 0.021722	mmd_Loss: 0.011011	l1_Loss: 0.005521
Train epochs:26.000000	
Train source1 iter: 10 [(11%)]	Loss: 0.039945	RUL_Loss: 0.032566	mmd_Loss: 0.010150	l1_Loss: 0.004471
Train source2 iter: 10 [(11%)]	Loss: 0.031532	RUL_Loss: 0.023891	mmd_Loss: 0.010595	l1_Loss: 0.004545
Train source1 iter: 20 [(22%)]	Loss: 0.039673	RUL_Loss: 0.027885	mmd_Loss: 0.010124	l1_Loss: 0.004529
Train source2 iter: 20 [(22%)]	Loss: 0.036100	RUL_Loss: 0.025137	mmd_Loss: 0.009498	l1_Loss: 0.004131
Train source1 iter: 30 [(33%)]	Loss: 0.045680	RUL_Loss: 0.030283	mmd_Loss: 0.012049	l1_Loss: 0.004487
Train source2 iter: 30 [(33%)]	Loss: 0.035261	RUL_Loss: 0.022192	mmd_Loss: 0.009442	l1_Loss: 0.004593
Train source1 iter: 40 [(44%)]	Loss: 0.043735	RUL_Loss: 0.029862	mmd_Loss: 0.009674	l1_Loss: 0.004530
Train source2 iter: 40 [(44%)]	Loss: 0.037859	RUL_Loss: 0.023562	mmd_Loss: 0.010413	l1_Loss: 0.004224
Train source1 iter: 50 [(56%)]	Loss: 0.051434	RUL_Loss: 0.034781	mmd_Loss: 0.012030	l1_Loss: 0.004752
Train source2 iter: 50 [(56%)]	Loss: 0.036835	RUL_Loss: 0.022495	mmd_Loss: 0.009738	l1_Loss: 0.004713
Train source1 iter: 60 [(67%)]	Loss: 0.044365	RUL_Loss: 0.029714	mmd_Loss: 0.009688	l1_Loss: 0.005000
Train source2 iter: 60 [(67%)]	Loss: 0.034483	RUL_Loss: 0.021056	mmd_Loss: 0.009260	l1_Loss: 0.004201
Train source1 iter: 70 [(78%)]	Loss: 0.047111	RUL_Loss: 0.032407	mmd_Loss: 0.009741	l1_Loss: 0.004976
Train source2 iter: 70 [(78%)]	Loss: 0.035239	RUL_Loss: 0.019658	mmd_Loss: 0.011178	l1_Loss: 0.004417
Train source1 iter: 80 [(89%)]	Loss: 0.046317	RUL_Loss: 0.031253	mmd_Loss: 0.010574	l1_Loss: 0.004495
Train source2 iter: 80 [(89%)]	Loss: 0.039817	RUL_Loss: 0.025697	mmd_Loss: 0.009820	l1_Loss: 0.004304
Train epochs:27.000000	
Train source1 iter: 10 [(11%)]	Loss: 0.037766	RUL_Loss: 0.030495	mmd_Loss: 0.010492	l1_Loss: 0.003915
Train source2 iter: 10 [(11%)]	Loss: 0.027180	RUL_Loss: 0.019863	mmd_Loss: 0.010205	l1_Loss: 0.004293
Train source1 iter: 20 [(22%)]	Loss: 0.041808	RUL_Loss: 0.032786	mmd_Loss: 0.007618	l1_Loss: 0.003597
Train source2 iter: 20 [(22%)]	Loss: 0.032178	RUL_Loss: 0.019743	mmd_Loss: 0.011661	l1_Loss: 0.003797
Train source1 iter: 30 [(33%)]	Loss: 0.043766	RUL_Loss: 0.030923	mmd_Loss: 0.009867	l1_Loss: 0.003927
Train source2 iter: 30 [(33%)]	Loss: 0.035969	RUL_Loss: 0.021687	mmd_Loss: 0.010976	l1_Loss: 0.004362
Train source1 iter: 40 [(44%)]	Loss: 0.047742	RUL_Loss: 0.034176	mmd_Loss: 0.010090	l1_Loss: 0.003799
Train source2 iter: 40 [(44%)]	Loss: 0.036340	RUL_Loss: 0.023490	mmd_Loss: 0.009827	l1_Loss: 0.003328
Train source1 iter: 50 [(56%)]	Loss: 0.048500	RUL_Loss: 0.034265	mmd_Loss: 0.010412	l1_Loss: 0.003934
Train source2 iter: 50 [(56%)]	Loss: 0.035322	RUL_Loss: 0.021491	mmd_Loss: 0.010164	l1_Loss: 0.003775
Train source1 iter: 60 [(67%)]	Loss: 0.044302	RUL_Loss: 0.031542	mmd_Loss: 0.008972	l1_Loss: 0.003820
Train source2 iter: 60 [(67%)]	Loss: 0.038735	RUL_Loss: 0.022969	mmd_Loss: 0.012235	l1_Loss: 0.003571
Train source1 iter: 70 [(78%)]	Loss: 0.048662	RUL_Loss: 0.034910	mmd_Loss: 0.010008	l1_Loss: 0.003756
Train source2 iter: 70 [(78%)]	Loss: 0.039397	RUL_Loss: 0.025356	mmd_Loss: 0.010234	l1_Loss: 0.003818
Train source1 iter: 80 [(89%)]	Loss: 0.048993	RUL_Loss: 0.034688	mmd_Loss: 0.010767	l1_Loss: 0.003542
Train source2 iter: 80 [(89%)]	Loss: 0.034582	RUL_Loss: 0.022153	mmd_Loss: 0.008479	l1_Loss: 0.003953
Train epochs:28.000000	
Train source1 iter: 10 [(11%)]	Loss: 0.036721	RUL_Loss: 0.028783	mmd_Loss: 0.010117	l1_Loss: 0.005611
Train source2 iter: 10 [(11%)]	Loss: 0.031533	RUL_Loss: 0.023679	mmd_Loss: 0.010087	l1_Loss: 0.005475
Train source1 iter: 20 [(22%)]	Loss: 0.043602	RUL_Loss: 0.029990	mmd_Loss: 0.012385	l1_Loss: 0.004535
Train source2 iter: 20 [(22%)]	Loss: 0.034293	RUL_Loss: 0.022853	mmd_Loss: 0.009289	l1_Loss: 0.004931
Train source1 iter: 30 [(33%)]	Loss: 0.044157	RUL_Loss: 0.030553	mmd_Loss: 0.010431	l1_Loss: 0.004179
Train source2 iter: 30 [(33%)]	Loss: 0.036955	RUL_Loss: 0.023762	mmd_Loss: 0.009371	l1_Loss: 0.004798
Train source1 iter: 40 [(44%)]	Loss: 0.047733	RUL_Loss: 0.032970	mmd_Loss: 0.010317	l1_Loss: 0.004797
Train source2 iter: 40 [(44%)]	Loss: 0.038300	RUL_Loss: 0.022518	mmd_Loss: 0.011767	l1_Loss: 0.004390
Train source1 iter: 50 [(56%)]	Loss: 0.049635	RUL_Loss: 0.034035	mmd_Loss: 0.011275	l1_Loss: 0.004446
Train source2 iter: 50 [(56%)]	Loss: 0.036569	RUL_Loss: 0.022665	mmd_Loss: 0.009117	l1_Loss: 0.004895
Train source1 iter: 60 [(67%)]	Loss: 0.050495	RUL_Loss: 0.034104	mmd_Loss: 0.011346	l1_Loss: 0.005087
Train source2 iter: 60 [(67%)]	Loss: 0.039669	RUL_Loss: 0.023747	mmd_Loss: 0.010878	l1_Loss: 0.005084
Train source1 iter: 70 [(78%)]	Loss: 0.046262	RUL_Loss: 0.032022	mmd_Loss: 0.009448	l1_Loss: 0.004804
Train source2 iter: 70 [(78%)]	Loss: 0.040032	RUL_Loss: 0.026619	mmd_Loss: 0.008784	l1_Loss: 0.004641
Train source1 iter: 80 [(89%)]	Loss: 0.046670	RUL_Loss: 0.031453	mmd_Loss: 0.010557	l1_Loss: 0.004664
Train source2 iter: 80 [(89%)]	Loss: 0.040303	RUL_Loss: 0.024771	mmd_Loss: 0.010933	l1_Loss: 0.004604
Train epochs:29.000000	
Train source1 iter: 10 [(11%)]	Loss: 0.043900	RUL_Loss: 0.033922	mmd_Loss: 0.015572	l1_Loss: 0.004199
Train source2 iter: 10 [(11%)]	Loss: 0.029553	RUL_Loss: 0.022952	mmd_Loss: 0.009298	l1_Loss: 0.003784
Train source1 iter: 20 [(22%)]	Loss: 0.041656	RUL_Loss: 0.030635	mmd_Loss: 0.010075	l1_Loss: 0.003625
Train source2 iter: 20 [(22%)]	Loss: 0.035957	RUL_Loss: 0.023187	mmd_Loss: 0.011545	l1_Loss: 0.004329
Train source1 iter: 30 [(33%)]	Loss: 0.045942	RUL_Loss: 0.033218	mmd_Loss: 0.009833	l1_Loss: 0.003833
Train source2 iter: 30 [(33%)]	Loss: 0.032028	RUL_Loss: 0.020591	mmd_Loss: 0.008219	l1_Loss: 0.004065
Train source1 iter: 40 [(44%)]	Loss: 0.044351	RUL_Loss: 0.030395	mmd_Loss: 0.009983	l1_Loss: 0.004305
Train source2 iter: 40 [(44%)]	Loss: 0.037156	RUL_Loss: 0.024089	mmd_Loss: 0.009517	l1_Loss: 0.003861
Train source1 iter: 50 [(56%)]	Loss: 0.045846	RUL_Loss: 0.031819	mmd_Loss: 0.010375	l1_Loss: 0.003762
Train source2 iter: 50 [(56%)]	Loss: 0.039082	RUL_Loss: 0.023376	mmd_Loss: 0.011775	l1_Loss: 0.004053
Train source1 iter: 60 [(67%)]	Loss: 0.045758	RUL_Loss: 0.030062	mmd_Loss: 0.011414	l1_Loss: 0.004322
Train source2 iter: 60 [(67%)]	Loss: 0.034544	RUL_Loss: 0.021842	mmd_Loss: 0.009003	l1_Loss: 0.003731
Train source1 iter: 70 [(78%)]	Loss: 0.044914	RUL_Loss: 0.030552	mmd_Loss: 0.010123	l1_Loss: 0.004251
Train source2 iter: 70 [(78%)]	Loss: 0.034520	RUL_Loss: 0.020878	mmd_Loss: 0.009995	l1_Loss: 0.003658
Train source1 iter: 80 [(89%)]	Loss: 0.043574	RUL_Loss: 0.029555	mmd_Loss: 0.009773	l1_Loss: 0.004250
Train source2 iter: 80 [(89%)]	Loss: 0.036527	RUL_Loss: 0.022923	mmd_Loss: 0.009085	l1_Loss: 0.004524
Train epochs:30.000000	
Train source1 iter: 10 [(11%)]	Loss: 0.037770	RUL_Loss: 0.031078	mmd_Loss: 0.009515	l1_Loss: 0.003745
Train source2 iter: 10 [(11%)]	Loss: 0.029846	RUL_Loss: 0.023364	mmd_Loss: 0.008985	l1_Loss: 0.003859
Train source1 iter: 20 [(22%)]	Loss: 0.041881	RUL_Loss: 0.030455	mmd_Loss: 0.010575	l1_Loss: 0.003629
Train source2 iter: 20 [(22%)]	Loss: 0.033678	RUL_Loss: 0.023023	mmd_Loss: 0.009732	l1_Loss: 0.003513
Train source1 iter: 30 [(33%)]	Loss: 0.042671	RUL_Loss: 0.028521	mmd_Loss: 0.011321	l1_Loss: 0.003876
Train source2 iter: 30 [(33%)]	Loss: 0.037922	RUL_Loss: 0.024633	mmd_Loss: 0.010256	l1_Loss: 0.004017
Train source1 iter: 40 [(44%)]	Loss: 0.046173	RUL_Loss: 0.030755	mmd_Loss: 0.011817	l1_Loss: 0.003967
Train source2 iter: 40 [(44%)]	Loss: 0.037020	RUL_Loss: 0.022897	mmd_Loss: 0.010840	l1_Loss: 0.003618
Train source1 iter: 50 [(56%)]	Loss: 0.045261	RUL_Loss: 0.029546	mmd_Loss: 0.012071	l1_Loss: 0.003766
Train source2 iter: 50 [(56%)]	Loss: 0.037346	RUL_Loss: 0.023125	mmd_Loss: 0.010453	l1_Loss: 0.003878
Train source1 iter: 60 [(67%)]	Loss: 0.047198	RUL_Loss: 0.032939	mmd_Loss: 0.010158	l1_Loss: 0.004137
Train source2 iter: 60 [(67%)]	Loss: 0.036276	RUL_Loss: 0.021556	mmd_Loss: 0.010635	l1_Loss: 0.004121
Train source1 iter: 70 [(78%)]	Loss: 0.040719	RUL_Loss: 0.026790	mmd_Loss: 0.010274	l1_Loss: 0.003665
Train source2 iter: 70 [(78%)]	Loss: 0.037387	RUL_Loss: 0.020472	mmd_Loss: 0.013083	l1_Loss: 0.003845
Train source1 iter: 80 [(89%)]	Loss: 0.046107	RUL_Loss: 0.031953	mmd_Loss: 0.010414	l1_Loss: 0.003745
Train source2 iter: 80 [(89%)]	Loss: 0.038669	RUL_Loss: 0.024649	mmd_Loss: 0.010198	l1_Loss: 0.003826
Train epochs:31.000000	
Train source1 iter: 10 [(11%)]	Loss: 0.038609	RUL_Loss: 0.030773	mmd_Loss: 0.010423	l1_Loss: 0.005104
Train source2 iter: 10 [(11%)]	Loss: 0.031915	RUL_Loss: 0.024283	mmd_Loss: 0.010441	l1_Loss: 0.004680
Train source1 iter: 20 [(22%)]	Loss: 0.043019	RUL_Loss: 0.031049	mmd_Loss: 0.010127	l1_Loss: 0.004753
Train source2 iter: 20 [(22%)]	Loss: 0.034807	RUL_Loss: 0.023324	mmd_Loss: 0.009824	l1_Loss: 0.004451
Train source1 iter: 30 [(33%)]	Loss: 0.048178	RUL_Loss: 0.033112	mmd_Loss: 0.011939	l1_Loss: 0.004242
Train source2 iter: 30 [(33%)]	Loss: 0.034646	RUL_Loss: 0.021081	mmd_Loss: 0.010365	l1_Loss: 0.004204
Train source1 iter: 40 [(44%)]	Loss: 0.043756	RUL_Loss: 0.029470	mmd_Loss: 0.010596	l1_Loss: 0.004029
Train source2 iter: 40 [(44%)]	Loss: 0.032648	RUL_Loss: 0.019934	mmd_Loss: 0.008218	l1_Loss: 0.004798
Train source1 iter: 50 [(56%)]	Loss: 0.047709	RUL_Loss: 0.032132	mmd_Loss: 0.011218	l1_Loss: 0.004479
Train source2 iter: 50 [(56%)]	Loss: 0.039607	RUL_Loss: 0.025966	mmd_Loss: 0.009289	l1_Loss: 0.004457
Train source1 iter: 60 [(67%)]	Loss: 0.046903	RUL_Loss: 0.032059	mmd_Loss: 0.010636	l1_Loss: 0.004246
Train source2 iter: 60 [(67%)]	Loss: 0.035194	RUL_Loss: 0.020893	mmd_Loss: 0.009998	l1_Loss: 0.004339
Train source1 iter: 70 [(78%)]	Loss: 0.046055	RUL_Loss: 0.032594	mmd_Loss: 0.008842	l1_Loss: 0.004630
Train source2 iter: 70 [(78%)]	Loss: 0.039108	RUL_Loss: 0.025836	mmd_Loss: 0.008668	l1_Loss: 0.004615
Train source1 iter: 80 [(89%)]	Loss: 0.042397	RUL_Loss: 0.029576	mmd_Loss: 0.008461	l1_Loss: 0.004363
Train source2 iter: 80 [(89%)]	Loss: 0.038551	RUL_Loss: 0.024446	mmd_Loss: 0.009995	l1_Loss: 0.004113
Train epochs:32.000000	
Train source1 iter: 10 [(11%)]	Loss: 0.038805	RUL_Loss: 0.032013	mmd_Loss: 0.010218	l1_Loss: 0.003241
Train source2 iter: 10 [(11%)]	Loss: 0.029144	RUL_Loss: 0.022159	mmd_Loss: 0.010321	l1_Loss: 0.003519
Train source1 iter: 20 [(22%)]	Loss: 0.045084	RUL_Loss: 0.035402	mmd_Loss: 0.008462	l1_Loss: 0.003574
Train source2 iter: 20 [(22%)]	Loss: 0.034489	RUL_Loss: 0.022246	mmd_Loss: 0.011464	l1_Loss: 0.003755
Train source1 iter: 30 [(33%)]	Loss: 0.041746	RUL_Loss: 0.028899	mmd_Loss: 0.010373	l1_Loss: 0.003424
Train source2 iter: 30 [(33%)]	Loss: 0.037749	RUL_Loss: 0.023665	mmd_Loss: 0.011756	l1_Loss: 0.003371
Train source1 iter: 40 [(44%)]	Loss: 0.039891	RUL_Loss: 0.027014	mmd_Loss: 0.009714	l1_Loss: 0.003469
Train source2 iter: 40 [(44%)]	Loss: 0.036405	RUL_Loss: 0.022834	mmd_Loss: 0.010853	l1_Loss: 0.003040
Train source1 iter: 50 [(56%)]	Loss: 0.046190	RUL_Loss: 0.032589	mmd_Loss: 0.010231	l1_Loss: 0.003476
Train source2 iter: 50 [(56%)]	Loss: 0.039345	RUL_Loss: 0.024718	mmd_Loss: 0.011463	l1_Loss: 0.003278
Train source1 iter: 60 [(67%)]	Loss: 0.045768	RUL_Loss: 0.031192	mmd_Loss: 0.011424	l1_Loss: 0.003189
Train source2 iter: 60 [(67%)]	Loss: 0.035775	RUL_Loss: 0.022536	mmd_Loss: 0.009870	l1_Loss: 0.003402
Train source1 iter: 70 [(78%)]	Loss: 0.040372	RUL_Loss: 0.025871	mmd_Loss: 0.011255	l1_Loss: 0.003258
Train source2 iter: 70 [(78%)]	Loss: 0.034766	RUL_Loss: 0.021545	mmd_Loss: 0.009940	l1_Loss: 0.003291
Train source1 iter: 80 [(89%)]	Loss: 0.045971	RUL_Loss: 0.032419	mmd_Loss: 0.010482	l1_Loss: 0.003074
Train source2 iter: 80 [(89%)]	Loss: 0.035336	RUL_Loss: 0.021287	mmd_Loss: 0.010869	l1_Loss: 0.003184
Train epochs:33.000000	
Train source1 iter: 10 [(11%)]	Loss: 0.038009	RUL_Loss: 0.029713	mmd_Loss: 0.010891	l1_Loss: 0.005548
Train source2 iter: 10 [(11%)]	Loss: 0.027798	RUL_Loss: 0.020928	mmd_Loss: 0.008724	l1_Loss: 0.004889
Train source1 iter: 20 [(22%)]	Loss: 0.042356	RUL_Loss: 0.029815	mmd_Loss: 0.011154	l1_Loss: 0.004437
Train source2 iter: 20 [(22%)]	Loss: 0.034716	RUL_Loss: 0.024005	mmd_Loss: 0.009208	l1_Loss: 0.004107
Train source1 iter: 30 [(33%)]	Loss: 0.045024	RUL_Loss: 0.031236	mmd_Loss: 0.010593	l1_Loss: 0.004215
Train source2 iter: 30 [(33%)]	Loss: 0.034416	RUL_Loss: 0.021593	mmd_Loss: 0.009578	l1_Loss: 0.004193
Train source1 iter: 40 [(44%)]	Loss: 0.044917	RUL_Loss: 0.029618	mmd_Loss: 0.011358	l1_Loss: 0.004304
Train source2 iter: 40 [(44%)]	Loss: 0.035282	RUL_Loss: 0.022563	mmd_Loss: 0.008602	l1_Loss: 0.004419
Train source1 iter: 50 [(56%)]	Loss: 0.050620	RUL_Loss: 0.032965	mmd_Loss: 0.013269	l1_Loss: 0.004523
Train source2 iter: 50 [(56%)]	Loss: 0.031373	RUL_Loss: 0.017809	mmd_Loss: 0.008873	l1_Loss: 0.004796
Train source1 iter: 60 [(67%)]	Loss: 0.048013	RUL_Loss: 0.032967	mmd_Loss: 0.010896	l1_Loss: 0.004189
Train source2 iter: 60 [(67%)]	Loss: 0.034141	RUL_Loss: 0.020850	mmd_Loss: 0.008923	l1_Loss: 0.004402
Train source1 iter: 70 [(78%)]	Loss: 0.047371	RUL_Loss: 0.030872	mmd_Loss: 0.012092	l1_Loss: 0.004421
Train source2 iter: 70 [(78%)]	Loss: 0.035942	RUL_Loss: 0.023353	mmd_Loss: 0.008191	l1_Loss: 0.004409
Train source1 iter: 80 [(89%)]	Loss: 0.046987	RUL_Loss: 0.032204	mmd_Loss: 0.010270	l1_Loss: 0.004517
Train source2 iter: 80 [(89%)]	Loss: 0.037735	RUL_Loss: 0.023600	mmd_Loss: 0.009943	l1_Loss: 0.004196
Train epochs:34.000000	
Train source1 iter: 10 [(11%)]	Loss: 0.038619	RUL_Loss: 0.031365	mmd_Loss: 0.010380	l1_Loss: 0.003993
Train source2 iter: 10 [(11%)]	Loss: 0.032535	RUL_Loss: 0.025902	mmd_Loss: 0.008582	l1_Loss: 0.004563
Train source1 iter: 20 [(22%)]	Loss: 0.044342	RUL_Loss: 0.033133	mmd_Loss: 0.009847	l1_Loss: 0.004087
Train source2 iter: 20 [(22%)]	Loss: 0.035347	RUL_Loss: 0.022511	mmd_Loss: 0.011389	l1_Loss: 0.004567
Train source1 iter: 30 [(33%)]	Loss: 0.042561	RUL_Loss: 0.030342	mmd_Loss: 0.008739	l1_Loss: 0.004385
Train source2 iter: 30 [(33%)]	Loss: 0.037885	RUL_Loss: 0.024771	mmd_Loss: 0.010106	l1_Loss: 0.003979
Train source1 iter: 40 [(44%)]	Loss: 0.042644	RUL_Loss: 0.029102	mmd_Loss: 0.009923	l1_Loss: 0.003941
Train source2 iter: 40 [(44%)]	Loss: 0.039674	RUL_Loss: 0.023537	mmd_Loss: 0.012226	l1_Loss: 0.004295
Train source1 iter: 50 [(56%)]	Loss: 0.046663	RUL_Loss: 0.032860	mmd_Loss: 0.010231	l1_Loss: 0.003679
Train source2 iter: 50 [(56%)]	Loss: 0.034207	RUL_Loss: 0.020452	mmd_Loss: 0.009669	l1_Loss: 0.004193
Train source1 iter: 60 [(67%)]	Loss: 0.048274	RUL_Loss: 0.032913	mmd_Loss: 0.011003	l1_Loss: 0.004397
Train source2 iter: 60 [(67%)]	Loss: 0.035027	RUL_Loss: 0.021416	mmd_Loss: 0.009335	l1_Loss: 0.004310
Train source1 iter: 70 [(78%)]	Loss: 0.044105	RUL_Loss: 0.030449	mmd_Loss: 0.009654	l1_Loss: 0.004013
Train source2 iter: 70 [(78%)]	Loss: 0.038438	RUL_Loss: 0.022958	mmd_Loss: 0.011697	l1_Loss: 0.003796
Train source1 iter: 80 [(89%)]	Loss: 0.050322	RUL_Loss: 0.037637	mmd_Loss: 0.008073	l1_Loss: 0.004615
Train source2 iter: 80 [(89%)]	Loss: 0.040525	RUL_Loss: 0.025627	mmd_Loss: 0.010530	l1_Loss: 0.004372
Train epochs:35.000000	
Train source1 iter: 10 [(11%)]	Loss: 0.037405	RUL_Loss: 0.030573	mmd_Loss: 0.009719	l1_Loss: 0.003818
Train source2 iter: 10 [(11%)]	Loss: 0.027579	RUL_Loss: 0.021138	mmd_Loss: 0.008748	l1_Loss: 0.004013
Train source1 iter: 20 [(22%)]	Loss: 0.039514	RUL_Loss: 0.027626	mmd_Loss: 0.011029	l1_Loss: 0.003749
Train source2 iter: 20 [(22%)]	Loss: 0.032496	RUL_Loss: 0.022540	mmd_Loss: 0.008708	l1_Loss: 0.003668
Train source1 iter: 30 [(33%)]	Loss: 0.040854	RUL_Loss: 0.028593	mmd_Loss: 0.009248	l1_Loss: 0.003920
Train source2 iter: 30 [(33%)]	Loss: 0.032396	RUL_Loss: 0.019677	mmd_Loss: 0.009774	l1_Loss: 0.003887
Train source1 iter: 40 [(44%)]	Loss: 0.042393	RUL_Loss: 0.030625	mmd_Loss: 0.008377	l1_Loss: 0.003670
Train source2 iter: 40 [(44%)]	Loss: 0.033674	RUL_Loss: 0.021541	mmd_Loss: 0.008846	l1_Loss: 0.003576
Train source1 iter: 50 [(56%)]	Loss: 0.044593	RUL_Loss: 0.030815	mmd_Loss: 0.010120	l1_Loss: 0.003765
Train source2 iter: 50 [(56%)]	Loss: 0.034803	RUL_Loss: 0.022353	mmd_Loss: 0.008594	l1_Loss: 0.003952
Train source1 iter: 60 [(67%)]	Loss: 0.044479	RUL_Loss: 0.031626	mmd_Loss: 0.009325	l1_Loss: 0.003560
Train source2 iter: 60 [(67%)]	Loss: 0.046268	RUL_Loss: 0.028706	mmd_Loss: 0.013663	l1_Loss: 0.003945
Train source1 iter: 70 [(78%)]	Loss: 0.045719	RUL_Loss: 0.030799	mmd_Loss: 0.010865	l1_Loss: 0.004067
Train source2 iter: 70 [(78%)]	Loss: 0.037636	RUL_Loss: 0.025173	mmd_Loss: 0.008751	l1_Loss: 0.003722
Train source1 iter: 80 [(89%)]	Loss: 0.050003	RUL_Loss: 0.032621	mmd_Loss: 0.013031	l1_Loss: 0.004357
Train source2 iter: 80 [(89%)]	Loss: 0.038683	RUL_Loss: 0.025113	mmd_Loss: 0.009705	l1_Loss: 0.003869
Train epochs:36.000000	
Train source1 iter: 10 [(11%)]	Loss: 0.038926	RUL_Loss: 0.031461	mmd_Loss: 0.010716	l1_Loss: 0.004075
Train source2 iter: 10 [(11%)]	Loss: 0.027997	RUL_Loss: 0.021395	mmd_Loss: 0.008947	l1_Loss: 0.004134
Train source1 iter: 20 [(22%)]	Loss: 0.043158	RUL_Loss: 0.031673	mmd_Loss: 0.010586	l1_Loss: 0.003691
Train source2 iter: 20 [(22%)]	Loss: 0.034342	RUL_Loss: 0.022265	mmd_Loss: 0.011070	l1_Loss: 0.003943
Train source1 iter: 30 [(33%)]	Loss: 0.043245	RUL_Loss: 0.031999	mmd_Loss: 0.008144	l1_Loss: 0.003935
Train source2 iter: 30 [(33%)]	Loss: 0.039794	RUL_Loss: 0.024784	mmd_Loss: 0.012107	l1_Loss: 0.004013
Train source1 iter: 40 [(44%)]	Loss: 0.040187	RUL_Loss: 0.028079	mmd_Loss: 0.008860	l1_Loss: 0.003536
Train source2 iter: 40 [(44%)]	Loss: 0.036388	RUL_Loss: 0.022767	mmd_Loss: 0.010125	l1_Loss: 0.003820
Train source1 iter: 50 [(56%)]	Loss: 0.043286	RUL_Loss: 0.029946	mmd_Loss: 0.009361	l1_Loss: 0.004083
Train source2 iter: 50 [(56%)]	Loss: 0.036358	RUL_Loss: 0.021853	mmd_Loss: 0.010612	l1_Loss: 0.004005
Train source1 iter: 60 [(67%)]	Loss: 0.044532	RUL_Loss: 0.031030	mmd_Loss: 0.009901	l1_Loss: 0.003636
Train source2 iter: 60 [(67%)]	Loss: 0.037393	RUL_Loss: 0.023971	mmd_Loss: 0.009633	l1_Loss: 0.003823
Train source1 iter: 70 [(78%)]	Loss: 0.044497	RUL_Loss: 0.029737	mmd_Loss: 0.010874	l1_Loss: 0.003898
Train source2 iter: 70 [(78%)]	Loss: 0.035325	RUL_Loss: 0.023303	mmd_Loss: 0.008021	l1_Loss: 0.004011
Train source1 iter: 80 [(89%)]	Loss: 0.045441	RUL_Loss: 0.030416	mmd_Loss: 0.010722	l1_Loss: 0.004307
Train source2 iter: 80 [(89%)]	Loss: 0.036370	RUL_Loss: 0.022170	mmd_Loss: 0.010118	l1_Loss: 0.004086
Train epochs:37.000000	
Train source1 iter: 10 [(11%)]	Loss: 0.038717	RUL_Loss: 0.031373	mmd_Loss: 0.010280	l1_Loss: 0.004272
Train source2 iter: 10 [(11%)]	Loss: 0.029045	RUL_Loss: 0.021937	mmd_Loss: 0.010621	l1_Loss: 0.003463
Train source1 iter: 20 [(22%)]	Loss: 0.041146	RUL_Loss: 0.031701	mmd_Loss: 0.007954	l1_Loss: 0.003787
Train source2 iter: 20 [(22%)]	Loss: 0.031156	RUL_Loss: 0.021319	mmd_Loss: 0.008505	l1_Loss: 0.003724
Train source1 iter: 30 [(33%)]	Loss: 0.043026	RUL_Loss: 0.029899	mmd_Loss: 0.010342	l1_Loss: 0.003757
Train source2 iter: 30 [(33%)]	Loss: 0.032170	RUL_Loss: 0.020432	mmd_Loss: 0.008774	l1_Loss: 0.003832
Train source1 iter: 40 [(44%)]	Loss: 0.043952	RUL_Loss: 0.032120	mmd_Loss: 0.009012	l1_Loss: 0.003102
Train source2 iter: 40 [(44%)]	Loss: 0.033666	RUL_Loss: 0.020789	mmd_Loss: 0.009626	l1_Loss: 0.003556
Train source1 iter: 50 [(56%)]	Loss: 0.041625	RUL_Loss: 0.027835	mmd_Loss: 0.009893	l1_Loss: 0.004005
Train source2 iter: 50 [(56%)]	Loss: 0.035328	RUL_Loss: 0.021713	mmd_Loss: 0.010146	l1_Loss: 0.003575
Train source1 iter: 60 [(67%)]	Loss: 0.041945	RUL_Loss: 0.029738	mmd_Loss: 0.008695	l1_Loss: 0.003543
Train source2 iter: 60 [(67%)]	Loss: 0.035730	RUL_Loss: 0.022160	mmd_Loss: 0.009686	l1_Loss: 0.003918
Train source1 iter: 70 [(78%)]	Loss: 0.045768	RUL_Loss: 0.030031	mmd_Loss: 0.012037	l1_Loss: 0.003713
Train source2 iter: 70 [(78%)]	Loss: 0.033605	RUL_Loss: 0.020759	mmd_Loss: 0.009041	l1_Loss: 0.003816
Train source1 iter: 80 [(89%)]	Loss: 0.051259	RUL_Loss: 0.033657	mmd_Loss: 0.014165	l1_Loss: 0.003442
Train source2 iter: 80 [(89%)]	Loss: 0.034368	RUL_Loss: 0.020621	mmd_Loss: 0.010227	l1_Loss: 0.003524
Train epochs:38.000000	
Train source1 iter: 10 [(11%)]	Loss: 0.037861	RUL_Loss: 0.030792	mmd_Loss: 0.009629	l1_Loss: 0.004377
Train source2 iter: 10 [(11%)]	Loss: 0.028160	RUL_Loss: 0.021500	mmd_Loss: 0.009444	l1_Loss: 0.003751
Train source1 iter: 20 [(22%)]	Loss: 0.042085	RUL_Loss: 0.029614	mmd_Loss: 0.011983	l1_Loss: 0.003520
Train source2 iter: 20 [(22%)]	Loss: 0.030311	RUL_Loss: 0.020908	mmd_Loss: 0.008367	l1_Loss: 0.003323
Train source1 iter: 30 [(33%)]	Loss: 0.042653	RUL_Loss: 0.029429	mmd_Loss: 0.010682	l1_Loss: 0.003521
Train source2 iter: 30 [(33%)]	Loss: 0.034091	RUL_Loss: 0.021377	mmd_Loss: 0.010139	l1_Loss: 0.003516
Train source1 iter: 40 [(44%)]	Loss: 0.042321	RUL_Loss: 0.030506	mmd_Loss: 0.008992	l1_Loss: 0.003104
Train source2 iter: 40 [(44%)]	Loss: 0.040549	RUL_Loss: 0.023748	mmd_Loss: 0.013494	l1_Loss: 0.003705
Train source1 iter: 50 [(56%)]	Loss: 0.045958	RUL_Loss: 0.031286	mmd_Loss: 0.010961	l1_Loss: 0.003825
Train source2 iter: 50 [(56%)]	Loss: 0.034871	RUL_Loss: 0.022767	mmd_Loss: 0.008849	l1_Loss: 0.003349
Train source1 iter: 60 [(67%)]	Loss: 0.043418	RUL_Loss: 0.029349	mmd_Loss: 0.010487	l1_Loss: 0.003618
Train source2 iter: 60 [(67%)]	Loss: 0.035846	RUL_Loss: 0.023452	mmd_Loss: 0.008818	l1_Loss: 0.003607
Train source1 iter: 70 [(78%)]	Loss: 0.046472	RUL_Loss: 0.032284	mmd_Loss: 0.010920	l1_Loss: 0.003280
Train source2 iter: 70 [(78%)]	Loss: 0.037068	RUL_Loss: 0.023380	mmd_Loss: 0.010161	l1_Loss: 0.003538
Train source1 iter: 80 [(89%)]	Loss: 0.042942	RUL_Loss: 0.030298	mmd_Loss: 0.009119	l1_Loss: 0.003529
Train source2 iter: 80 [(89%)]	Loss: 0.034781	RUL_Loss: 0.022412	mmd_Loss: 0.008895	l1_Loss: 0.003478
Train epochs:39.000000	
Train source1 iter: 10 [(11%)]	Loss: 0.039294	RUL_Loss: 0.030979	mmd_Loss: 0.010783	l1_Loss: 0.005694
Train source2 iter: 10 [(11%)]	Loss: 0.030052	RUL_Loss: 0.022620	mmd_Loss: 0.009397	l1_Loss: 0.005328
Train source1 iter: 20 [(22%)]	Loss: 0.045514	RUL_Loss: 0.030862	mmd_Loss: 0.013700	l1_Loss: 0.004513
Train source2 iter: 20 [(22%)]	Loss: 0.034885	RUL_Loss: 0.024650	mmd_Loss: 0.008707	l1_Loss: 0.004016
Train source1 iter: 30 [(33%)]	Loss: 0.045135	RUL_Loss: 0.032043	mmd_Loss: 0.010042	l1_Loss: 0.004019
Train source2 iter: 30 [(33%)]	Loss: 0.038618	RUL_Loss: 0.026457	mmd_Loss: 0.008905	l1_Loss: 0.004155
Train source1 iter: 40 [(44%)]	Loss: 0.044283	RUL_Loss: 0.029070	mmd_Loss: 0.011697	l1_Loss: 0.003878
Train source2 iter: 40 [(44%)]	Loss: 0.035322	RUL_Loss: 0.023187	mmd_Loss: 0.008068	l1_Loss: 0.004355
Train source1 iter: 50 [(56%)]	Loss: 0.043835	RUL_Loss: 0.029452	mmd_Loss: 0.010164	l1_Loss: 0.004331
Train source2 iter: 50 [(56%)]	Loss: 0.036141	RUL_Loss: 0.022806	mmd_Loss: 0.009568	l1_Loss: 0.003872
Train source1 iter: 60 [(67%)]	Loss: 0.043215	RUL_Loss: 0.029832	mmd_Loss: 0.009179	l1_Loss: 0.004238
Train source2 iter: 60 [(67%)]	Loss: 0.033804	RUL_Loss: 0.020754	mmd_Loss: 0.008966	l1_Loss: 0.004117
Train source1 iter: 70 [(78%)]	Loss: 0.042996	RUL_Loss: 0.028054	mmd_Loss: 0.010530	l1_Loss: 0.004425
Train source2 iter: 70 [(78%)]	Loss: 0.035350	RUL_Loss: 0.021423	mmd_Loss: 0.009572	l1_Loss: 0.004367
Train source1 iter: 80 [(89%)]	Loss: 0.042500	RUL_Loss: 0.029169	mmd_Loss: 0.009206	l1_Loss: 0.004128
Train source2 iter: 80 [(89%)]	Loss: 0.035535	RUL_Loss: 0.022486	mmd_Loss: 0.009244	l1_Loss: 0.003809
Train epochs:40.000000	
Train source1 iter: 10 [(11%)]	Loss: 0.037831	RUL_Loss: 0.030739	mmd_Loss: 0.009355	l1_Loss: 0.004699
Train source2 iter: 10 [(11%)]	Loss: 0.028083	RUL_Loss: 0.020130	mmd_Loss: 0.010837	l1_Loss: 0.004922
Train source1 iter: 20 [(22%)]	Loss: 0.036906	RUL_Loss: 0.026171	mmd_Loss: 0.009418	l1_Loss: 0.003928
Train source2 iter: 20 [(22%)]	Loss: 0.032516	RUL_Loss: 0.022638	mmd_Loss: 0.007697	l1_Loss: 0.004583
Train source1 iter: 30 [(33%)]	Loss: 0.042641	RUL_Loss: 0.028930	mmd_Loss: 0.010772	l1_Loss: 0.003955
Train source2 iter: 30 [(33%)]	Loss: 0.032339	RUL_Loss: 0.021304	mmd_Loss: 0.007736	l1_Loss: 0.004115
Train source1 iter: 40 [(44%)]	Loss: 0.044229	RUL_Loss: 0.029750	mmd_Loss: 0.010433	l1_Loss: 0.004389
Train source2 iter: 40 [(44%)]	Loss: 0.041171	RUL_Loss: 0.028350	mmd_Loss: 0.009235	l1_Loss: 0.003891
Train source1 iter: 50 [(56%)]	Loss: 0.043223	RUL_Loss: 0.030026	mmd_Loss: 0.009116	l1_Loss: 0.004184
Train source2 iter: 50 [(56%)]	Loss: 0.032856	RUL_Loss: 0.020316	mmd_Loss: 0.008715	l1_Loss: 0.003922
Train source1 iter: 60 [(67%)]	Loss: 0.045208	RUL_Loss: 0.031373	mmd_Loss: 0.009723	l1_Loss: 0.004146
Train source2 iter: 60 [(67%)]	Loss: 0.036760	RUL_Loss: 0.024508	mmd_Loss: 0.008312	l1_Loss: 0.003972
Train source1 iter: 70 [(78%)]	Loss: 0.040507	RUL_Loss: 0.026921	mmd_Loss: 0.009395	l1_Loss: 0.004202
Train source2 iter: 70 [(78%)]	Loss: 0.037912	RUL_Loss: 0.024029	mmd_Loss: 0.009789	l1_Loss: 0.004106
Train source1 iter: 80 [(89%)]	Loss: 0.044128	RUL_Loss: 0.030287	mmd_Loss: 0.009712	l1_Loss: 0.004134
Train source2 iter: 80 [(89%)]	Loss: 0.035543	RUL_Loss: 0.022409	mmd_Loss: 0.008966	l1_Loss: 0.004171
Train epochs:41.000000	
Train source1 iter: 10 [(11%)]	Loss: 0.037490	RUL_Loss: 0.030901	mmd_Loss: 0.009514	l1_Loss: 0.003541
Train source2 iter: 10 [(11%)]	Loss: 0.029746	RUL_Loss: 0.023132	mmd_Loss: 0.009238	l1_Loss: 0.003866
Train source1 iter: 20 [(22%)]	Loss: 0.041932	RUL_Loss: 0.032321	mmd_Loss: 0.008253	l1_Loss: 0.003693
Train source2 iter: 20 [(22%)]	Loss: 0.033706	RUL_Loss: 0.022621	mmd_Loss: 0.010096	l1_Loss: 0.003684
Train source1 iter: 30 [(33%)]	Loss: 0.044978	RUL_Loss: 0.032637	mmd_Loss: 0.009747	l1_Loss: 0.003506
Train source2 iter: 30 [(33%)]	Loss: 0.033712	RUL_Loss: 0.021820	mmd_Loss: 0.009153	l1_Loss: 0.003619
Train source1 iter: 40 [(44%)]	Loss: 0.040230	RUL_Loss: 0.026741	mmd_Loss: 0.010329	l1_Loss: 0.003480
Train source2 iter: 40 [(44%)]	Loss: 0.035036	RUL_Loss: 0.022621	mmd_Loss: 0.009303	l1_Loss: 0.003407
Train source1 iter: 50 [(56%)]	Loss: 0.042184	RUL_Loss: 0.029865	mmd_Loss: 0.008685	l1_Loss: 0.003729
Train source2 iter: 50 [(56%)]	Loss: 0.035485	RUL_Loss: 0.022401	mmd_Loss: 0.009302	l1_Loss: 0.003884
Train source1 iter: 60 [(67%)]	Loss: 0.045245	RUL_Loss: 0.031439	mmd_Loss: 0.010268	l1_Loss: 0.003573
Train source2 iter: 60 [(67%)]	Loss: 0.031663	RUL_Loss: 0.020057	mmd_Loss: 0.007857	l1_Loss: 0.003779
Train source1 iter: 70 [(78%)]	Loss: 0.040371	RUL_Loss: 0.028706	mmd_Loss: 0.008220	l1_Loss: 0.003455
Train source2 iter: 70 [(78%)]	Loss: 0.033165	RUL_Loss: 0.021143	mmd_Loss: 0.008431	l1_Loss: 0.003601
Train source1 iter: 80 [(89%)]	Loss: 0.039842	RUL_Loss: 0.025805	mmd_Loss: 0.010134	l1_Loss: 0.003906
Train source2 iter: 80 [(89%)]	Loss: 0.032997	RUL_Loss: 0.019659	mmd_Loss: 0.009581	l1_Loss: 0.003760
Train epochs:42.000000	
Train source1 iter: 10 [(11%)]	Loss: 0.030092	RUL_Loss: 0.023848	mmd_Loss: 0.009294	l1_Loss: 0.003077
Train source2 iter: 10 [(11%)]	Loss: 0.029427	RUL_Loss: 0.022023	mmd_Loss: 0.011037	l1_Loss: 0.003633
Train source1 iter: 20 [(22%)]	Loss: 0.042871	RUL_Loss: 0.032638	mmd_Loss: 0.009077	l1_Loss: 0.003643
Train source2 iter: 20 [(22%)]	Loss: 0.031727	RUL_Loss: 0.021735	mmd_Loss: 0.008984	l1_Loss: 0.003438
Train source1 iter: 30 [(33%)]	Loss: 0.041345	RUL_Loss: 0.028079	mmd_Loss: 0.010283	l1_Loss: 0.003966
Train source2 iter: 30 [(33%)]	Loss: 0.034785	RUL_Loss: 0.023630	mmd_Loss: 0.008506	l1_Loss: 0.003474
Train source1 iter: 40 [(44%)]	Loss: 0.041589	RUL_Loss: 0.027867	mmd_Loss: 0.010469	l1_Loss: 0.003580
Train source2 iter: 40 [(44%)]	Loss: 0.035543	RUL_Loss: 0.022828	mmd_Loss: 0.009343	l1_Loss: 0.003674
Train source1 iter: 50 [(56%)]	Loss: 0.041176	RUL_Loss: 0.028739	mmd_Loss: 0.008804	l1_Loss: 0.003729
Train source2 iter: 50 [(56%)]	Loss: 0.033155	RUL_Loss: 0.021057	mmd_Loss: 0.008612	l1_Loss: 0.003580
Train source1 iter: 60 [(67%)]	Loss: 0.044109	RUL_Loss: 0.032074	mmd_Loss: 0.008294	l1_Loss: 0.003772
Train source2 iter: 60 [(67%)]	Loss: 0.037834	RUL_Loss: 0.023910	mmd_Loss: 0.010029	l1_Loss: 0.003931
Train source1 iter: 70 [(78%)]	Loss: 0.040511	RUL_Loss: 0.029269	mmd_Loss: 0.007478	l1_Loss: 0.003773
Train source2 iter: 70 [(78%)]	Loss: 0.034598	RUL_Loss: 0.021561	mmd_Loss: 0.009145	l1_Loss: 0.003903
Train source1 iter: 80 [(89%)]	Loss: 0.043454	RUL_Loss: 0.030342	mmd_Loss: 0.009529	l1_Loss: 0.003588
Train source2 iter: 80 [(89%)]	Loss: 0.034986	RUL_Loss: 0.022481	mmd_Loss: 0.008683	l1_Loss: 0.003825
Train epochs:43.000000	
Train source1 iter: 10 [(11%)]	Loss: 0.038923	RUL_Loss: 0.032033	mmd_Loss: 0.008929	l1_Loss: 0.004722
Train source2 iter: 10 [(11%)]	Loss: 0.033671	RUL_Loss: 0.026573	mmd_Loss: 0.009005	l1_Loss: 0.005061
Train source1 iter: 20 [(22%)]	Loss: 0.037641	RUL_Loss: 0.027440	mmd_Loss: 0.008580	l1_Loss: 0.004101
Train source2 iter: 20 [(22%)]	Loss: 0.036235	RUL_Loss: 0.024326	mmd_Loss: 0.010511	l1_Loss: 0.004293
Train source1 iter: 30 [(33%)]	Loss: 0.039848	RUL_Loss: 0.025962	mmd_Loss: 0.010306	l1_Loss: 0.004609
Train source2 iter: 30 [(33%)]	Loss: 0.034632	RUL_Loss: 0.021917	mmd_Loss: 0.009568	l1_Loss: 0.004089
Train source1 iter: 40 [(44%)]	Loss: 0.038837	RUL_Loss: 0.026517	mmd_Loss: 0.008575	l1_Loss: 0.004038
Train source2 iter: 40 [(44%)]	Loss: 0.032572	RUL_Loss: 0.018684	mmd_Loss: 0.009874	l1_Loss: 0.004344
Train source1 iter: 50 [(56%)]	Loss: 0.042476	RUL_Loss: 0.028591	mmd_Loss: 0.009543	l1_Loss: 0.004450
Train source2 iter: 50 [(56%)]	Loss: 0.034446	RUL_Loss: 0.021590	mmd_Loss: 0.008747	l1_Loss: 0.004208
Train source1 iter: 60 [(67%)]	Loss: 0.045699	RUL_Loss: 0.030117	mmd_Loss: 0.010385	l1_Loss: 0.005236
Train source2 iter: 60 [(67%)]	Loss: 0.036449	RUL_Loss: 0.022267	mmd_Loss: 0.009909	l1_Loss: 0.004309
Train source1 iter: 70 [(78%)]	Loss: 0.040042	RUL_Loss: 0.025379	mmd_Loss: 0.010603	l1_Loss: 0.004073
Train source2 iter: 70 [(78%)]	Loss: 0.034991	RUL_Loss: 0.021698	mmd_Loss: 0.008872	l1_Loss: 0.004431
Train source1 iter: 80 [(89%)]	Loss: 0.047211	RUL_Loss: 0.032037	mmd_Loss: 0.010750	l1_Loss: 0.004428
Train source2 iter: 80 [(89%)]	Loss: 0.034070	RUL_Loss: 0.019935	mmd_Loss: 0.009737	l1_Loss: 0.004401
Train epochs:44.000000	
Train source1 iter: 10 [(11%)]	Loss: 0.035066	RUL_Loss: 0.027944	mmd_Loss: 0.010195	l1_Loss: 0.003917
Train source2 iter: 10 [(11%)]	Loss: 0.028683	RUL_Loss: 0.022283	mmd_Loss: 0.008589	l1_Loss: 0.004092
Train source1 iter: 20 [(22%)]	Loss: 0.040169	RUL_Loss: 0.029784	mmd_Loss: 0.009605	l1_Loss: 0.003305
Train source2 iter: 20 [(22%)]	Loss: 0.032747	RUL_Loss: 0.021314	mmd_Loss: 0.010667	l1_Loss: 0.003546
Train source1 iter: 30 [(33%)]	Loss: 0.038613	RUL_Loss: 0.026165	mmd_Loss: 0.009719	l1_Loss: 0.003650
Train source2 iter: 30 [(33%)]	Loss: 0.034849	RUL_Loss: 0.021200	mmd_Loss: 0.011184	l1_Loss: 0.003475
Train source1 iter: 40 [(44%)]	Loss: 0.043198	RUL_Loss: 0.029845	mmd_Loss: 0.009669	l1_Loss: 0.004001
Train source2 iter: 40 [(44%)]	Loss: 0.037070	RUL_Loss: 0.023383	mmd_Loss: 0.009983	l1_Loss: 0.004030
Train source1 iter: 50 [(56%)]	Loss: 0.045688	RUL_Loss: 0.033161	mmd_Loss: 0.008664	l1_Loss: 0.003960
Train source2 iter: 50 [(56%)]	Loss: 0.036169	RUL_Loss: 0.022304	mmd_Loss: 0.010616	l1_Loss: 0.003356
Train source1 iter: 60 [(67%)]	Loss: 0.043892	RUL_Loss: 0.031641	mmd_Loss: 0.008649	l1_Loss: 0.003633
Train source2 iter: 60 [(67%)]	Loss: 0.034092	RUL_Loss: 0.022334	mmd_Loss: 0.008214	l1_Loss: 0.003574
Train source1 iter: 70 [(78%)]	Loss: 0.043362	RUL_Loss: 0.030179	mmd_Loss: 0.009600	l1_Loss: 0.003595
Train source2 iter: 70 [(78%)]	Loss: 0.033653	RUL_Loss: 0.020444	mmd_Loss: 0.009615	l1_Loss: 0.003604
Train source1 iter: 80 [(89%)]	Loss: 0.043883	RUL_Loss: 0.030134	mmd_Loss: 0.009800	l1_Loss: 0.003953
Train source2 iter: 80 [(89%)]	Loss: 0.041260	RUL_Loss: 0.027533	mmd_Loss: 0.010056	l1_Loss: 0.003675
Train epochs:45.000000	
Train source1 iter: 10 [(11%)]	Loss: 0.035059	RUL_Loss: 0.027562	mmd_Loss: 0.011609	l1_Loss: 0.003246
Train source2 iter: 10 [(11%)]	Loss: 0.027587	RUL_Loss: 0.020662	mmd_Loss: 0.010132	l1_Loss: 0.003590
Train source1 iter: 20 [(22%)]	Loss: 0.044932	RUL_Loss: 0.034046	mmd_Loss: 0.010042	l1_Loss: 0.003489
Train source2 iter: 20 [(22%)]	Loss: 0.032588	RUL_Loss: 0.022101	mmd_Loss: 0.009862	l1_Loss: 0.003174
Train source1 iter: 30 [(33%)]	Loss: 0.041423	RUL_Loss: 0.026958	mmd_Loss: 0.012070	l1_Loss: 0.003465
Train source2 iter: 30 [(33%)]	Loss: 0.031787	RUL_Loss: 0.020164	mmd_Loss: 0.009095	l1_Loss: 0.003388
Train source1 iter: 40 [(44%)]	Loss: 0.040083	RUL_Loss: 0.027304	mmd_Loss: 0.010008	l1_Loss: 0.003074
Train source2 iter: 40 [(44%)]	Loss: 0.037836	RUL_Loss: 0.023725	mmd_Loss: 0.010893	l1_Loss: 0.003554
Train source1 iter: 50 [(56%)]	Loss: 0.043031	RUL_Loss: 0.030250	mmd_Loss: 0.009529	l1_Loss: 0.003351
Train source2 iter: 50 [(56%)]	Loss: 0.033729	RUL_Loss: 0.020928	mmd_Loss: 0.009136	l1_Loss: 0.003764
Train source1 iter: 60 [(67%)]	Loss: 0.044308	RUL_Loss: 0.029922	mmd_Loss: 0.011068	l1_Loss: 0.003355
Train source2 iter: 60 [(67%)]	Loss: 0.035355	RUL_Loss: 0.021386	mmd_Loss: 0.010580	l1_Loss: 0.003425
Train source1 iter: 70 [(78%)]	Loss: 0.044418	RUL_Loss: 0.032262	mmd_Loss: 0.009185	l1_Loss: 0.002982
Train source2 iter: 70 [(78%)]	Loss: 0.039005	RUL_Loss: 0.026267	mmd_Loss: 0.009178	l1_Loss: 0.003570
Train source1 iter: 80 [(89%)]	Loss: 0.042101	RUL_Loss: 0.028980	mmd_Loss: 0.009952	l1_Loss: 0.003173
Train source2 iter: 80 [(89%)]	Loss: 0.034775	RUL_Loss: 0.021071	mmd_Loss: 0.009944	l1_Loss: 0.003764
Train epochs:46.000000	
Train source1 iter: 10 [(11%)]	Loss: 0.034984	RUL_Loss: 0.028247	mmd_Loss: 0.009428	l1_Loss: 0.003922
Train source2 iter: 10 [(11%)]	Loss: 0.028729	RUL_Loss: 0.022059	mmd_Loss: 0.009058	l1_Loss: 0.004159
Train source1 iter: 20 [(22%)]	Loss: 0.039374	RUL_Loss: 0.029450	mmd_Loss: 0.008704	l1_Loss: 0.003633
Train source2 iter: 20 [(22%)]	Loss: 0.030724	RUL_Loss: 0.020959	mmd_Loss: 0.008617	l1_Loss: 0.003521
Train source1 iter: 30 [(33%)]	Loss: 0.045153	RUL_Loss: 0.031924	mmd_Loss: 0.010669	l1_Loss: 0.003539
Train source2 iter: 30 [(33%)]	Loss: 0.036846	RUL_Loss: 0.023649	mmd_Loss: 0.011035	l1_Loss: 0.003139
Train source1 iter: 40 [(44%)]	Loss: 0.042865	RUL_Loss: 0.029954	mmd_Loss: 0.009865	l1_Loss: 0.003353
Train source2 iter: 40 [(44%)]	Loss: 0.033898	RUL_Loss: 0.021837	mmd_Loss: 0.008626	l1_Loss: 0.003722
Train source1 iter: 50 [(56%)]	Loss: 0.045618	RUL_Loss: 0.031407	mmd_Loss: 0.010668	l1_Loss: 0.003654
Train source2 iter: 50 [(56%)]	Loss: 0.035586	RUL_Loss: 0.022530	mmd_Loss: 0.009548	l1_Loss: 0.003609
Train source1 iter: 60 [(67%)]	Loss: 0.041506	RUL_Loss: 0.029181	mmd_Loss: 0.008661	l1_Loss: 0.003697
Train source2 iter: 60 [(67%)]	Loss: 0.037849	RUL_Loss: 0.023942	mmd_Loss: 0.010187	l1_Loss: 0.003755
Train source1 iter: 70 [(78%)]	Loss: 0.040810	RUL_Loss: 0.027690	mmd_Loss: 0.009861	l1_Loss: 0.003270
Train source2 iter: 70 [(78%)]	Loss: 0.034282	RUL_Loss: 0.021647	mmd_Loss: 0.009142	l1_Loss: 0.003503
Train source1 iter: 80 [(89%)]	Loss: 0.043216	RUL_Loss: 0.030548	mmd_Loss: 0.008921	l1_Loss: 0.003751
Train source2 iter: 80 [(89%)]	Loss: 0.032956	RUL_Loss: 0.020495	mmd_Loss: 0.008890	l1_Loss: 0.003575
Train epochs:47.000000	
Train source1 iter: 10 [(11%)]	Loss: 0.039322	RUL_Loss: 0.030800	mmd_Loss: 0.012048	l1_Loss: 0.004838
Train source2 iter: 10 [(11%)]	Loss: 0.030283	RUL_Loss: 0.022861	mmd_Loss: 0.009648	l1_Loss: 0.005060
Train source1 iter: 20 [(22%)]	Loss: 0.041887	RUL_Loss: 0.030653	mmd_Loss: 0.010079	l1_Loss: 0.003887
Train source2 iter: 20 [(22%)]	Loss: 0.029226	RUL_Loss: 0.019059	mmd_Loss: 0.008187	l1_Loss: 0.004452
Train source1 iter: 30 [(33%)]	Loss: 0.044613	RUL_Loss: 0.030425	mmd_Loss: 0.010794	l1_Loss: 0.004444
Train source2 iter: 30 [(33%)]	Loss: 0.034558	RUL_Loss: 0.019846	mmd_Loss: 0.011720	l1_Loss: 0.004081
Train source1 iter: 40 [(44%)]	Loss: 0.043680	RUL_Loss: 0.029326	mmd_Loss: 0.010180	l1_Loss: 0.004514
Train source2 iter: 40 [(44%)]	Loss: 0.034294	RUL_Loss: 0.021166	mmd_Loss: 0.009395	l1_Loss: 0.004045
Train source1 iter: 50 [(56%)]	Loss: 0.045400	RUL_Loss: 0.031721	mmd_Loss: 0.009520	l1_Loss: 0.004264
Train source2 iter: 50 [(56%)]	Loss: 0.035443	RUL_Loss: 0.021536	mmd_Loss: 0.009742	l1_Loss: 0.004273
Train source1 iter: 60 [(67%)]	Loss: 0.046636	RUL_Loss: 0.033465	mmd_Loss: 0.009195	l1_Loss: 0.004010
Train source2 iter: 60 [(67%)]	Loss: 0.037994	RUL_Loss: 0.022743	mmd_Loss: 0.010471	l1_Loss: 0.004820
Train source1 iter: 70 [(78%)]	Loss: 0.047521	RUL_Loss: 0.032803	mmd_Loss: 0.010341	l1_Loss: 0.004390
Train source2 iter: 70 [(78%)]	Loss: 0.037253	RUL_Loss: 0.023961	mmd_Loss: 0.009570	l1_Loss: 0.003733
Train source1 iter: 80 [(89%)]	Loss: 0.042552	RUL_Loss: 0.029525	mmd_Loss: 0.008707	l1_Loss: 0.004324
Train source2 iter: 80 [(89%)]	Loss: 0.036518	RUL_Loss: 0.022678	mmd_Loss: 0.009930	l1_Loss: 0.003914
Train epochs:48.000000	
