当前日期和时间： 2023-03-05_10_01_52
training settings:	 lr: 0.001 momentum: 0.9 l2_decay: 0.01 optimizer: Adam seed: 6
model architecture:
 MFSAN(
  (sharedNet): CFE(
    (conv1): Conv1d(14, 32, kernel_size=(3,), stride=(1,), padding=(1,), bias=False)
    (bn1): BatchNorm1d(32, eps=1e-05, momentum=0.1, affine=True, track_running_stats=True)
    (conv2): Conv1d(32, 64, kernel_size=(2,), stride=(1,), padding=(1,), bias=False)
    (bn2): BatchNorm1d(64, eps=1e-05, momentum=0.1, affine=True, track_running_stats=True)
    (conv3): Conv1d(64, 128, kernel_size=(2,), stride=(1,), bias=False)
    (bn3): BatchNorm1d(128, eps=1e-05, momentum=0.1, affine=True, track_running_stats=True)
    (relu): ReLU(inplace=True)
    (flatten): Flatten(start_dim=1, end_dim=-1)
  )
  (sonnet1): DFE(
    (rnn): LSTM(128, 100, num_layers=2, batch_first=True, dropout=0.2, bidirectional=True)
  )
  (sonnet2): DFE(
    (rnn): LSTM(128, 100, num_layers=2, batch_first=True, dropout=0.2, bidirectional=True)
  )
  (sonnet3): DFE(
    (rnn): LSTM(128, 100, num_layers=2, batch_first=True, dropout=0.2, bidirectional=True)
  )
  (rul_fc_son1): Linear(in_features=199, out_features=1, bias=True)
  (rul_fc_son2): Linear(in_features=199, out_features=1, bias=True)
  (rul_fc_son3): Linear(in_features=199, out_features=1, bias=True)
  (avgpool): AvgPool1d(kernel_size=(2,), stride=(1,), padding=(0,))
)
FD001 FD002 FD004 to FD003
Train source1 iter: 10 [(9%)]	Loss: 0.047826	RUL_Loss: 0.028908	mmd_Loss: 0.026338	l1_Loss: 0.016700
Train source2 iter: 10 [(9%)]	Loss: 0.085190	RUL_Loss: 0.068566	mmd_Loss: 0.026635	l1_Loss: 0.011185
Train source3 iter: 10 [(9%)]	Loss: 0.137613	RUL_Loss: 0.108044	mmd_Loss: 0.046993	l1_Loss: 0.020275


Train source1 iter: 20 [(19%)]	Loss: 0.062541	RUL_Loss: 0.030782	mmd_Loss: 0.027798	l1_Loss: 0.015308
Train source2 iter: 20 [(19%)]	Loss: 0.089258	RUL_Loss: 0.063533	mmd_Loss: 0.024248	l1_Loss: 0.010668
Train source3 iter: 20 [(19%)]	Loss: 0.154255	RUL_Loss: 0.105836	mmd_Loss: 0.046178	l1_Loss: 0.019539


Train source1 iter: 30 [(28%)]	Loss: 0.065745	RUL_Loss: 0.025486	mmd_Loss: 0.030205	l1_Loss: 0.015103
Train source2 iter: 30 [(28%)]	Loss: 0.098519	RUL_Loss: 0.065062	mmd_Loss: 0.027486	l1_Loss: 0.010167
Train source3 iter: 30 [(28%)]	Loss: 0.162836	RUL_Loss: 0.102842	mmd_Loss: 0.048719	l1_Loss: 0.018799


Train source1 iter: 40 [(38%)]	Loss: 0.068014	RUL_Loss: 0.027852	mmd_Loss: 0.027602	l1_Loss: 0.014449
Train source2 iter: 40 [(38%)]	Loss: 0.105756	RUL_Loss: 0.072034	mmd_Loss: 0.024926	l1_Loss: 0.010381
Train source3 iter: 40 [(38%)]	Loss: 0.163076	RUL_Loss: 0.099779	mmd_Loss: 0.048420	l1_Loss: 0.017854


Train source1 iter: 50 [(47%)]	Loss: 0.076758	RUL_Loss: 0.032611	mmd_Loss: 0.029770	l1_Loss: 0.015174
Train source2 iter: 50 [(47%)]	Loss: 0.092909	RUL_Loss: 0.060033	mmd_Loss: 0.022522	l1_Loss: 0.010947
Train source3 iter: 50 [(47%)]	Loss: 0.166177	RUL_Loss: 0.103772	mmd_Loss: 0.044994	l1_Loss: 0.018537


Train source1 iter: 60 [(57%)]	Loss: 0.074693	RUL_Loss: 0.029585	mmd_Loss: 0.030820	l1_Loss: 0.014603
Train source2 iter: 60 [(57%)]	Loss: 0.102076	RUL_Loss: 0.065389	mmd_Loss: 0.026076	l1_Loss: 0.010867
Train source3 iter: 60 [(57%)]	Loss: 0.162038	RUL_Loss: 0.097407	mmd_Loss: 0.047490	l1_Loss: 0.017593


Train source1 iter: 70 [(66%)]	Loss: 0.073503	RUL_Loss: 0.030102	mmd_Loss: 0.028333	l1_Loss: 0.015186
Train source2 iter: 70 [(66%)]	Loss: 0.101152	RUL_Loss: 0.064852	mmd_Loss: 0.024730	l1_Loss: 0.011668
Train source3 iter: 70 [(66%)]	Loss: 0.183235	RUL_Loss: 0.119700	mmd_Loss: 0.044779	l1_Loss: 0.018929


Train source1 iter: 80 [(75%)]	Loss: 0.073714	RUL_Loss: 0.029755	mmd_Loss: 0.029867	l1_Loss: 0.014139
Train source2 iter: 80 [(75%)]	Loss: 0.102626	RUL_Loss: 0.061983	mmd_Loss: 0.029712	l1_Loss: 0.010974
Train source3 iter: 80 [(75%)]	Loss: 0.174835	RUL_Loss: 0.111768	mmd_Loss: 0.046343	l1_Loss: 0.016790


Train source1 iter: 90 [(85%)]	Loss: 0.069955	RUL_Loss: 0.028816	mmd_Loss: 0.026771	l1_Loss: 0.014385
Train source2 iter: 90 [(85%)]	Loss: 0.095330	RUL_Loss: 0.058092	mmd_Loss: 0.026071	l1_Loss: 0.011183
Train source3 iter: 90 [(85%)]	Loss: 0.156670	RUL_Loss: 0.096322	mmd_Loss: 0.041393	l1_Loss: 0.018980


Train source1 iter: 100 [(94%)]	Loss: 0.071315	RUL_Loss: 0.029944	mmd_Loss: 0.026575	l1_Loss: 0.014803
Train source2 iter: 100 [(94%)]	Loss: 0.101641	RUL_Loss: 0.066369	mmd_Loss: 0.024999	l1_Loss: 0.010279
Train source3 iter: 100 [(94%)]	Loss: 0.169988	RUL_Loss: 0.106801	mmd_Loss: 0.044538	l1_Loss: 0.018660


Train epochs:1.000000	
Train source1 iter: 10 [(9%)]	Loss: 0.037650	RUL_Loss: 0.025264	mmd_Loss: 0.021070	l1_Loss: 0.007107
Train source2 iter: 10 [(9%)]	Loss: 0.067315	RUL_Loss: 0.058091	mmd_Loss: 0.016280	l1_Loss: 0.004704
Train source3 iter: 10 [(9%)]	Loss: 0.083825	RUL_Loss: 0.071658	mmd_Loss: 0.021818	l1_Loss: 0.005861


Train source1 iter: 20 [(19%)]	Loss: 0.043933	RUL_Loss: 0.026451	mmd_Loss: 0.017480	l1_Loss: 0.006248
Train source2 iter: 20 [(19%)]	Loss: 0.073638	RUL_Loss: 0.059544	mmd_Loss: 0.014808	l1_Loss: 0.004322
Train source3 iter: 20 [(19%)]	Loss: 0.090258	RUL_Loss: 0.070020	mmd_Loss: 0.022327	l1_Loss: 0.005141


Train source1 iter: 30 [(28%)]	Loss: 0.050271	RUL_Loss: 0.024733	mmd_Loss: 0.022922	l1_Loss: 0.005818
Train source2 iter: 30 [(28%)]	Loss: 0.073068	RUL_Loss: 0.057216	mmd_Loss: 0.013450	l1_Loss: 0.004391
Train source3 iter: 30 [(28%)]	Loss: 0.087539	RUL_Loss: 0.063377	mmd_Loss: 0.021995	l1_Loss: 0.005197


Train source1 iter: 40 [(38%)]	Loss: 0.049196	RUL_Loss: 0.023142	mmd_Loss: 0.020943	l1_Loss: 0.006337
Train source2 iter: 40 [(38%)]	Loss: 0.079052	RUL_Loss: 0.061262	mmd_Loss: 0.014499	l1_Loss: 0.004128
Train source3 iter: 40 [(38%)]	Loss: 0.091942	RUL_Loss: 0.067834	mmd_Loss: 0.019537	l1_Loss: 0.005705


Train source1 iter: 50 [(47%)]	Loss: 0.052246	RUL_Loss: 0.027527	mmd_Loss: 0.019581	l1_Loss: 0.005584
Train source2 iter: 50 [(47%)]	Loss: 0.083887	RUL_Loss: 0.060800	mmd_Loss: 0.019433	l1_Loss: 0.004071
Train source3 iter: 50 [(47%)]	Loss: 0.094435	RUL_Loss: 0.069999	mmd_Loss: 0.019838	l1_Loss: 0.005039


Train source1 iter: 60 [(57%)]	Loss: 0.050443	RUL_Loss: 0.024165	mmd_Loss: 0.020082	l1_Loss: 0.006380
Train source2 iter: 60 [(57%)]	Loss: 0.084118	RUL_Loss: 0.063460	mmd_Loss: 0.016776	l1_Loss: 0.004026
Train source3 iter: 60 [(57%)]	Loss: 0.093414	RUL_Loss: 0.067348	mmd_Loss: 0.020825	l1_Loss: 0.005424


Train source1 iter: 70 [(66%)]	Loss: 0.053471	RUL_Loss: 0.026443	mmd_Loss: 0.020760	l1_Loss: 0.006341
Train source2 iter: 70 [(66%)]	Loss: 0.080387	RUL_Loss: 0.059641	mmd_Loss: 0.016147	l1_Loss: 0.004655
Train source3 iter: 70 [(66%)]	Loss: 0.098206	RUL_Loss: 0.073106	mmd_Loss: 0.020211	l1_Loss: 0.004956


Train source1 iter: 80 [(75%)]	Loss: 0.052331	RUL_Loss: 0.024302	mmd_Loss: 0.021904	l1_Loss: 0.006155
Train source2 iter: 80 [(75%)]	Loss: 0.080987	RUL_Loss: 0.061960	mmd_Loss: 0.015144	l1_Loss: 0.003903
Train source3 iter: 80 [(75%)]	Loss: 0.100792	RUL_Loss: 0.073618	mmd_Loss: 0.021892	l1_Loss: 0.005311


Train source1 iter: 90 [(85%)]	Loss: 0.052225	RUL_Loss: 0.027194	mmd_Loss: 0.018995	l1_Loss: 0.006047
Train source2 iter: 90 [(85%)]	Loss: 0.081473	RUL_Loss: 0.063374	mmd_Loss: 0.013870	l1_Loss: 0.004236
Train source3 iter: 90 [(85%)]	Loss: 0.093716	RUL_Loss: 0.067682	mmd_Loss: 0.020598	l1_Loss: 0.005446


Train source1 iter: 100 [(94%)]	Loss: 0.049885	RUL_Loss: 0.024665	mmd_Loss: 0.018376	l1_Loss: 0.006848
Train source2 iter: 100 [(94%)]	Loss: 0.080900	RUL_Loss: 0.060776	mmd_Loss: 0.016125	l1_Loss: 0.004003
Train source3 iter: 100 [(94%)]	Loss: 0.092258	RUL_Loss: 0.067802	mmd_Loss: 0.018812	l1_Loss: 0.005648


Train epochs:2.000000	
Train source1 iter: 10 [(9%)]	Loss: 0.033469	RUL_Loss: 0.024039	mmd_Loss: 0.016640	l1_Loss: 0.004814
Train source2 iter: 10 [(9%)]	Loss: 0.064286	RUL_Loss: 0.055691	mmd_Loss: 0.015599	l1_Loss: 0.003955
Train source3 iter: 10 [(9%)]	Loss: 0.074497	RUL_Loss: 0.064310	mmd_Loss: 0.019642	l1_Loss: 0.003532


Train source1 iter: 20 [(19%)]	Loss: 0.040673	RUL_Loss: 0.024768	mmd_Loss: 0.016552	l1_Loss: 0.005035
Train source2 iter: 20 [(19%)]	Loss: 0.069969	RUL_Loss: 0.056460	mmd_Loss: 0.014608	l1_Loss: 0.003727
Train source3 iter: 20 [(19%)]	Loss: 0.076347	RUL_Loss: 0.060966	mmd_Loss: 0.016660	l1_Loss: 0.004217


Train source1 iter: 30 [(28%)]	Loss: 0.040418	RUL_Loss: 0.022223	mmd_Loss: 0.015342	l1_Loss: 0.005134
Train source2 iter: 30 [(28%)]	Loss: 0.079449	RUL_Loss: 0.060806	mmd_Loss: 0.016748	l1_Loss: 0.004233
Train source3 iter: 30 [(28%)]	Loss: 0.083368	RUL_Loss: 0.062416	mmd_Loss: 0.019901	l1_Loss: 0.003679


Train source1 iter: 40 [(38%)]	Loss: 0.045835	RUL_Loss: 0.023595	mmd_Loss: 0.018360	l1_Loss: 0.004925
Train source2 iter: 40 [(38%)]	Loss: 0.070717	RUL_Loss: 0.055146	mmd_Loss: 0.012433	l1_Loss: 0.003870
Train source3 iter: 40 [(38%)]	Loss: 0.081161	RUL_Loss: 0.061675	mmd_Loss: 0.016739	l1_Loss: 0.003663


Train source1 iter: 50 [(47%)]	Loss: 0.042920	RUL_Loss: 0.022303	mmd_Loss: 0.015962	l1_Loss: 0.005026
Train source2 iter: 50 [(47%)]	Loss: 0.075662	RUL_Loss: 0.056987	mmd_Loss: 0.015154	l1_Loss: 0.003857
Train source3 iter: 50 [(47%)]	Loss: 0.084707	RUL_Loss: 0.064099	mmd_Loss: 0.017117	l1_Loss: 0.003862


Train source1 iter: 60 [(57%)]	Loss: 0.046950	RUL_Loss: 0.024036	mmd_Loss: 0.018086	l1_Loss: 0.004988
Train source2 iter: 60 [(57%)]	Loss: 0.077857	RUL_Loss: 0.059479	mmd_Loss: 0.014420	l1_Loss: 0.004086
Train source3 iter: 60 [(57%)]	Loss: 0.083391	RUL_Loss: 0.061409	mmd_Loss: 0.017581	l1_Loss: 0.004555


Train source1 iter: 70 [(66%)]	Loss: 0.044744	RUL_Loss: 0.024252	mmd_Loss: 0.015549	l1_Loss: 0.004998
Train source2 iter: 70 [(66%)]	Loss: 0.073255	RUL_Loss: 0.054879	mmd_Loss: 0.014396	l1_Loss: 0.004029
Train source3 iter: 70 [(66%)]	Loss: 0.079026	RUL_Loss: 0.056623	mmd_Loss: 0.018645	l1_Loss: 0.003818


Train source1 iter: 80 [(75%)]	Loss: 0.046995	RUL_Loss: 0.023676	mmd_Loss: 0.018756	l1_Loss: 0.004587
Train source2 iter: 80 [(75%)]	Loss: 0.076682	RUL_Loss: 0.057177	mmd_Loss: 0.015234	l1_Loss: 0.004292
Train source3 iter: 80 [(75%)]	Loss: 0.078938	RUL_Loss: 0.057537	mmd_Loss: 0.017756	l1_Loss: 0.003668


Train source1 iter: 90 [(85%)]	Loss: 0.044610	RUL_Loss: 0.025989	mmd_Loss: 0.013388	l1_Loss: 0.005240
Train source2 iter: 90 [(85%)]	Loss: 0.077281	RUL_Loss: 0.058338	mmd_Loss: 0.014930	l1_Loss: 0.004022
Train source3 iter: 90 [(85%)]	Loss: 0.078557	RUL_Loss: 0.057806	mmd_Loss: 0.016593	l1_Loss: 0.004167


Train source1 iter: 100 [(94%)]	Loss: 0.047634	RUL_Loss: 0.023696	mmd_Loss: 0.018959	l1_Loss: 0.004983
Train source2 iter: 100 [(94%)]	Loss: 0.082864	RUL_Loss: 0.062827	mmd_Loss: 0.016254	l1_Loss: 0.003786
Train source3 iter: 100 [(94%)]	Loss: 0.082817	RUL_Loss: 0.059552	mmd_Loss: 0.019280	l1_Loss: 0.003990


Train epochs:3.000000	
Train source1 iter: 10 [(9%)]	Loss: 0.028992	RUL_Loss: 0.018014	mmd_Loss: 0.019936	l1_Loss: 0.005039
Train source2 iter: 10 [(9%)]	Loss: 0.058885	RUL_Loss: 0.051391	mmd_Loss: 0.012517	l1_Loss: 0.004532
Train source3 iter: 10 [(9%)]	Loss: 0.053236	RUL_Loss: 0.043631	mmd_Loss: 0.017766	l1_Loss: 0.004083


Train source1 iter: 20 [(19%)]	Loss: 0.032566	RUL_Loss: 0.019080	mmd_Loss: 0.013439	l1_Loss: 0.004865
Train source2 iter: 20 [(19%)]	Loss: 0.059248	RUL_Loss: 0.046648	mmd_Loss: 0.012929	l1_Loss: 0.004173
Train source3 iter: 20 [(19%)]	Loss: 0.063243	RUL_Loss: 0.047189	mmd_Loss: 0.017592	l1_Loss: 0.004198


Train source1 iter: 30 [(28%)]	Loss: 0.034628	RUL_Loss: 0.020430	mmd_Loss: 0.011438	l1_Loss: 0.004541
Train source2 iter: 30 [(28%)]	Loss: 0.061392	RUL_Loss: 0.043566	mmd_Loss: 0.016206	l1_Loss: 0.003855
Train source3 iter: 30 [(28%)]	Loss: 0.063039	RUL_Loss: 0.043180	mmd_Loss: 0.018379	l1_Loss: 0.003970


Train source1 iter: 40 [(38%)]	Loss: 0.037106	RUL_Loss: 0.019136	mmd_Loss: 0.014279	l1_Loss: 0.004536
Train source2 iter: 40 [(38%)]	Loss: 0.061777	RUL_Loss: 0.045344	mmd_Loss: 0.012601	l1_Loss: 0.004605
Train source3 iter: 40 [(38%)]	Loss: 0.066569	RUL_Loss: 0.046227	mmd_Loss: 0.017575	l1_Loss: 0.003723


Train source1 iter: 50 [(47%)]	Loss: 0.036512	RUL_Loss: 0.020542	mmd_Loss: 0.011654	l1_Loss: 0.004604
Train source2 iter: 50 [(47%)]	Loss: 0.065174	RUL_Loss: 0.047714	mmd_Loss: 0.013755	l1_Loss: 0.004019
Train source3 iter: 50 [(47%)]	Loss: 0.067262	RUL_Loss: 0.045576	mmd_Loss: 0.018223	l1_Loss: 0.003854


Train source1 iter: 60 [(57%)]	Loss: 0.039842	RUL_Loss: 0.021557	mmd_Loss: 0.014112	l1_Loss: 0.004300
Train source2 iter: 60 [(57%)]	Loss: 0.061916	RUL_Loss: 0.044395	mmd_Loss: 0.013699	l1_Loss: 0.003944
Train source3 iter: 60 [(57%)]	Loss: 0.064842	RUL_Loss: 0.043415	mmd_Loss: 0.017997	l1_Loss: 0.003579


Train source1 iter: 70 [(66%)]	Loss: 0.037106	RUL_Loss: 0.021754	mmd_Loss: 0.010754	l1_Loss: 0.004639
Train source2 iter: 70 [(66%)]	Loss: 0.069792	RUL_Loss: 0.050489	mmd_Loss: 0.015125	l1_Loss: 0.004231
Train source3 iter: 70 [(66%)]	Loss: 0.064113	RUL_Loss: 0.042225	mmd_Loss: 0.018014	l1_Loss: 0.003933


Train source1 iter: 80 [(75%)]	Loss: 0.044355	RUL_Loss: 0.020183	mmd_Loss: 0.019823	l1_Loss: 0.004374
Train source2 iter: 80 [(75%)]	Loss: 0.060877	RUL_Loss: 0.044101	mmd_Loss: 0.012843	l1_Loss: 0.003951
Train source3 iter: 80 [(75%)]	Loss: 0.065021	RUL_Loss: 0.043679	mmd_Loss: 0.017600	l1_Loss: 0.003765


Train source1 iter: 90 [(85%)]	Loss: 0.038455	RUL_Loss: 0.020182	mmd_Loss: 0.013459	l1_Loss: 0.004821
Train source2 iter: 90 [(85%)]	Loss: 0.064512	RUL_Loss: 0.046197	mmd_Loss: 0.014578	l1_Loss: 0.003744
Train source3 iter: 90 [(85%)]	Loss: 0.066757	RUL_Loss: 0.045279	mmd_Loss: 0.017832	l1_Loss: 0.003655


Train source1 iter: 100 [(94%)]	Loss: 0.036405	RUL_Loss: 0.020456	mmd_Loss: 0.011412	l1_Loss: 0.004540
Train source2 iter: 100 [(94%)]	Loss: 0.065549	RUL_Loss: 0.048192	mmd_Loss: 0.013149	l1_Loss: 0.004210
Train source3 iter: 100 [(94%)]	Loss: 0.064658	RUL_Loss: 0.042712	mmd_Loss: 0.017951	l1_Loss: 0.004000


Train epochs:4.000000	
Train source1 iter: 10 [(9%)]	Loss: 0.029116	RUL_Loss: 0.022477	mmd_Loss: 0.012483	l1_Loss: 0.002619
Train source2 iter: 10 [(9%)]	Loss: 0.049571	RUL_Loss: 0.043579	mmd_Loss: 0.010734	l1_Loss: 0.002897
Train source3 iter: 10 [(9%)]	Loss: 0.050053	RUL_Loss: 0.040388	mmd_Loss: 0.019080	l1_Loss: 0.002906


Train source1 iter: 20 [(19%)]	Loss: 0.033003	RUL_Loss: 0.021184	mmd_Loss: 0.012707	l1_Loss: 0.003335
Train source2 iter: 20 [(19%)]	Loss: 0.051219	RUL_Loss: 0.039839	mmd_Loss: 0.012627	l1_Loss: 0.002818
Train source3 iter: 20 [(19%)]	Loss: 0.055320	RUL_Loss: 0.040597	mmd_Loss: 0.016621	l1_Loss: 0.003361


Train source1 iter: 30 [(28%)]	Loss: 0.033681	RUL_Loss: 0.020054	mmd_Loss: 0.012448	l1_Loss: 0.002887
Train source2 iter: 30 [(28%)]	Loss: 0.050554	RUL_Loss: 0.037996	mmd_Loss: 0.011208	l1_Loss: 0.002925
Train source3 iter: 30 [(28%)]	Loss: 0.056760	RUL_Loss: 0.039141	mmd_Loss: 0.016559	l1_Loss: 0.003270


Train source1 iter: 40 [(38%)]	Loss: 0.037883	RUL_Loss: 0.019489	mmd_Loss: 0.016373	l1_Loss: 0.002886
Train source2 iter: 40 [(38%)]	Loss: 0.052576	RUL_Loss: 0.039308	mmd_Loss: 0.011242	l1_Loss: 0.002650
Train source3 iter: 40 [(38%)]	Loss: 0.058879	RUL_Loss: 0.039273	mmd_Loss: 0.017119	l1_Loss: 0.003409


Train source1 iter: 50 [(47%)]	Loss: 0.041193	RUL_Loss: 0.022616	mmd_Loss: 0.016329	l1_Loss: 0.002584
Train source2 iter: 50 [(47%)]	Loss: 0.052261	RUL_Loss: 0.039382	mmd_Loss: 0.010534	l1_Loss: 0.002577
Train source3 iter: 50 [(47%)]	Loss: 0.058889	RUL_Loss: 0.039710	mmd_Loss: 0.016431	l1_Loss: 0.003095


Train source1 iter: 60 [(57%)]	Loss: 0.039277	RUL_Loss: 0.020410	mmd_Loss: 0.016200	l1_Loss: 0.002799
Train source2 iter: 60 [(57%)]	Loss: 0.053197	RUL_Loss: 0.038495	mmd_Loss: 0.011788	l1_Loss: 0.003017
Train source3 iter: 60 [(57%)]	Loss: 0.061653	RUL_Loss: 0.041826	mmd_Loss: 0.017066	l1_Loss: 0.002898


Train source1 iter: 70 [(66%)]	Loss: 0.038475	RUL_Loss: 0.020213	mmd_Loss: 0.015647	l1_Loss: 0.002665
Train source2 iter: 70 [(66%)]	Loss: 0.054029	RUL_Loss: 0.039426	mmd_Loss: 0.011777	l1_Loss: 0.002866
Train source3 iter: 70 [(66%)]	Loss: 0.062743	RUL_Loss: 0.042491	mmd_Loss: 0.017120	l1_Loss: 0.003187


Train source1 iter: 80 [(75%)]	Loss: 0.038623	RUL_Loss: 0.022722	mmd_Loss: 0.012857	l1_Loss: 0.003061
Train source2 iter: 80 [(75%)]	Loss: 0.052165	RUL_Loss: 0.037809	mmd_Loss: 0.011293	l1_Loss: 0.003078
Train source3 iter: 80 [(75%)]	Loss: 0.060287	RUL_Loss: 0.038184	mmd_Loss: 0.019154	l1_Loss: 0.002973


Train source1 iter: 90 [(85%)]	Loss: 0.035136	RUL_Loss: 0.021552	mmd_Loss: 0.010804	l1_Loss: 0.002785
Train source2 iter: 90 [(85%)]	Loss: 0.053169	RUL_Loss: 0.037781	mmd_Loss: 0.012482	l1_Loss: 0.002913
Train source3 iter: 90 [(85%)]	Loss: 0.062140	RUL_Loss: 0.042007	mmd_Loss: 0.017292	l1_Loss: 0.002849


Train source1 iter: 100 [(94%)]	Loss: 0.038768	RUL_Loss: 0.021903	mmd_Loss: 0.014166	l1_Loss: 0.002702
Train source2 iter: 100 [(94%)]	Loss: 0.054064	RUL_Loss: 0.039967	mmd_Loss: 0.011221	l1_Loss: 0.002879
Train source3 iter: 100 [(94%)]	Loss: 0.056220	RUL_Loss: 0.036137	mmd_Loss: 0.017298	l1_Loss: 0.002788


Train epochs:5.000000	
Train source1 iter: 10 [(9%)]	Loss: 0.026398	RUL_Loss: 0.019370	mmd_Loss: 0.012826	l1_Loss: 0.003162
Train source2 iter: 10 [(9%)]	Loss: 0.041654	RUL_Loss: 0.034684	mmd_Loss: 0.013136	l1_Loss: 0.002720
Train source3 iter: 10 [(9%)]	Loss: 0.046663	RUL_Loss: 0.037603	mmd_Loss: 0.017266	l1_Loss: 0.003346


Train source1 iter: 20 [(19%)]	Loss: 0.030440	RUL_Loss: 0.018246	mmd_Loss: 0.013686	l1_Loss: 0.002864
Train source2 iter: 20 [(19%)]	Loss: 0.045766	RUL_Loss: 0.035141	mmd_Loss: 0.011873	l1_Loss: 0.002548
Train source3 iter: 20 [(19%)]	Loss: 0.055735	RUL_Loss: 0.040912	mmd_Loss: 0.017117	l1_Loss: 0.003001


Train source1 iter: 30 [(28%)]	Loss: 0.031013	RUL_Loss: 0.018223	mmd_Loss: 0.011560	l1_Loss: 0.002835
Train source2 iter: 30 [(28%)]	Loss: 0.052231	RUL_Loss: 0.037280	mmd_Loss: 0.014164	l1_Loss: 0.002662
Train source3 iter: 30 [(28%)]	Loss: 0.057103	RUL_Loss: 0.040917	mmd_Loss: 0.015045	l1_Loss: 0.003171


Train source1 iter: 40 [(38%)]	Loss: 0.032466	RUL_Loss: 0.019809	mmd_Loss: 0.010024	l1_Loss: 0.003228
Train source2 iter: 40 [(38%)]	Loss: 0.048940	RUL_Loss: 0.032834	mmd_Loss: 0.014509	l1_Loss: 0.002354
Train source3 iter: 40 [(38%)]	Loss: 0.056567	RUL_Loss: 0.037865	mmd_Loss: 0.016644	l1_Loss: 0.002938


Train source1 iter: 50 [(47%)]	Loss: 0.034073	RUL_Loss: 0.019748	mmd_Loss: 0.011836	l1_Loss: 0.002748
Train source2 iter: 50 [(47%)]	Loss: 0.045127	RUL_Loss: 0.033195	mmd_Loss: 0.009155	l1_Loss: 0.002992
Train source3 iter: 50 [(47%)]	Loss: 0.053263	RUL_Loss: 0.035407	mmd_Loss: 0.014952	l1_Loss: 0.003226


Train source1 iter: 60 [(57%)]	Loss: 0.033143	RUL_Loss: 0.017119	mmd_Loss: 0.013168	l1_Loss: 0.002968
Train source2 iter: 60 [(57%)]	Loss: 0.053957	RUL_Loss: 0.037097	mmd_Loss: 0.013909	l1_Loss: 0.003068
Train source3 iter: 60 [(57%)]	Loss: 0.056790	RUL_Loss: 0.037944	mmd_Loss: 0.015997	l1_Loss: 0.002981


Train source1 iter: 70 [(66%)]	Loss: 0.035221	RUL_Loss: 0.020103	mmd_Loss: 0.012335	l1_Loss: 0.002824
Train source2 iter: 70 [(66%)]	Loss: 0.050348	RUL_Loss: 0.034320	mmd_Loss: 0.013530	l1_Loss: 0.002541
Train source3 iter: 70 [(66%)]	Loss: 0.059337	RUL_Loss: 0.039978	mmd_Loss: 0.016286	l1_Loss: 0.003125


Train source1 iter: 80 [(75%)]	Loss: 0.032407	RUL_Loss: 0.018723	mmd_Loss: 0.010698	l1_Loss: 0.003000
Train source2 iter: 80 [(75%)]	Loss: 0.051229	RUL_Loss: 0.033717	mmd_Loss: 0.015115	l1_Loss: 0.002416
Train source3 iter: 80 [(75%)]	Loss: 0.060878	RUL_Loss: 0.040135	mmd_Loss: 0.017021	l1_Loss: 0.003744


Train source1 iter: 90 [(85%)]	Loss: 0.032384	RUL_Loss: 0.018046	mmd_Loss: 0.011190	l1_Loss: 0.003153
Train source2 iter: 90 [(85%)]	Loss: 0.054453	RUL_Loss: 0.034372	mmd_Loss: 0.017576	l1_Loss: 0.002513
Train source3 iter: 90 [(85%)]	Loss: 0.057114	RUL_Loss: 0.037753	mmd_Loss: 0.016256	l1_Loss: 0.003113


Train source1 iter: 100 [(94%)]	Loss: 0.030642	RUL_Loss: 0.018648	mmd_Loss: 0.009156	l1_Loss: 0.002840
Train source2 iter: 100 [(94%)]	Loss: 0.048257	RUL_Loss: 0.033320	mmd_Loss: 0.012405	l1_Loss: 0.002534
Train source3 iter: 100 [(94%)]	Loss: 0.056614	RUL_Loss: 0.038302	mmd_Loss: 0.015099	l1_Loss: 0.003216


Train epochs:6.000000	
Train source1 iter: 10 [(9%)]	Loss: 0.027044	RUL_Loss: 0.019461	mmd_Loss: 0.014664	l1_Loss: 0.002589
Train source2 iter: 10 [(9%)]	Loss: 0.041961	RUL_Loss: 0.035422	mmd_Loss: 0.012509	l1_Loss: 0.002367
Train source3 iter: 10 [(9%)]	Loss: 0.047187	RUL_Loss: 0.038237	mmd_Loss: 0.017422	l1_Loss: 0.002938


Train source1 iter: 20 [(19%)]	Loss: 0.032473	RUL_Loss: 0.020383	mmd_Loss: 0.013589	l1_Loss: 0.002819
Train source2 iter: 20 [(19%)]	Loss: 0.044475	RUL_Loss: 0.033575	mmd_Loss: 0.012481	l1_Loss: 0.002314
Train source3 iter: 20 [(19%)]	Loss: 0.052582	RUL_Loss: 0.037977	mmd_Loss: 0.016954	l1_Loss: 0.002869


Train source1 iter: 30 [(28%)]	Loss: 0.037957	RUL_Loss: 0.020722	mmd_Loss: 0.016730	l1_Loss: 0.002666
Train source2 iter: 30 [(28%)]	Loss: 0.043524	RUL_Loss: 0.032100	mmd_Loss: 0.010549	l1_Loss: 0.002306
Train source3 iter: 30 [(28%)]	Loss: 0.053108	RUL_Loss: 0.036321	mmd_Loss: 0.016017	l1_Loss: 0.002875


Train source1 iter: 40 [(38%)]	Loss: 0.033565	RUL_Loss: 0.018845	mmd_Loss: 0.012898	l1_Loss: 0.002514
Train source2 iter: 40 [(38%)]	Loss: 0.042403	RUL_Loss: 0.030229	mmd_Loss: 0.010335	l1_Loss: 0.002412
Train source3 iter: 40 [(38%)]	Loss: 0.055830	RUL_Loss: 0.037501	mmd_Loss: 0.016149	l1_Loss: 0.003042


Train source1 iter: 50 [(47%)]	Loss: 0.032240	RUL_Loss: 0.018926	mmd_Loss: 0.010742	l1_Loss: 0.002812
Train source2 iter: 50 [(47%)]	Loss: 0.045865	RUL_Loss: 0.030828	mmd_Loss: 0.012933	l1_Loss: 0.002375
Train source3 iter: 50 [(47%)]	Loss: 0.056255	RUL_Loss: 0.038098	mmd_Loss: 0.015263	l1_Loss: 0.003221


Train source1 iter: 60 [(57%)]	Loss: 0.032295	RUL_Loss: 0.018310	mmd_Loss: 0.011509	l1_Loss: 0.002574
Train source2 iter: 60 [(57%)]	Loss: 0.045627	RUL_Loss: 0.031386	mmd_Loss: 0.012116	l1_Loss: 0.002223
Train source3 iter: 60 [(57%)]	Loss: 0.056625	RUL_Loss: 0.037334	mmd_Loss: 0.016797	l1_Loss: 0.002630


Train source1 iter: 70 [(66%)]	Loss: 0.031373	RUL_Loss: 0.017194	mmd_Loss: 0.011566	l1_Loss: 0.002651
Train source2 iter: 70 [(66%)]	Loss: 0.049391	RUL_Loss: 0.033480	mmd_Loss: 0.013663	l1_Loss: 0.002292
Train source3 iter: 70 [(66%)]	Loss: 0.053364	RUL_Loss: 0.035395	mmd_Loss: 0.015111	l1_Loss: 0.002907


Train source1 iter: 80 [(75%)]	Loss: 0.036180	RUL_Loss: 0.020468	mmd_Loss: 0.013238	l1_Loss: 0.002489
Train source2 iter: 80 [(75%)]	Loss: 0.044821	RUL_Loss: 0.029381	mmd_Loss: 0.013126	l1_Loss: 0.002330
Train source3 iter: 80 [(75%)]	Loss: 0.056849	RUL_Loss: 0.036759	mmd_Loss: 0.016779	l1_Loss: 0.003333


Train source1 iter: 90 [(85%)]	Loss: 0.037668	RUL_Loss: 0.020385	mmd_Loss: 0.014750	l1_Loss: 0.002541
Train source2 iter: 90 [(85%)]	Loss: 0.046395	RUL_Loss: 0.031449	mmd_Loss: 0.012728	l1_Loss: 0.002223
Train source3 iter: 90 [(85%)]	Loss: 0.059447	RUL_Loss: 0.039734	mmd_Loss: 0.016201	l1_Loss: 0.003520


Train source1 iter: 100 [(94%)]	Loss: 0.036993	RUL_Loss: 0.018735	mmd_Loss: 0.015723	l1_Loss: 0.002538
Train source2 iter: 100 [(94%)]	Loss: 0.044170	RUL_Loss: 0.031277	mmd_Loss: 0.010550	l1_Loss: 0.002346
Train source3 iter: 100 [(94%)]	Loss: 0.058158	RUL_Loss: 0.039600	mmd_Loss: 0.015761	l1_Loss: 0.002800


Train epochs:7.000000	
Train source1 iter: 10 [(9%)]	Loss: 0.025790	RUL_Loss: 0.018175	mmd_Loss: 0.014596	l1_Loss: 0.002728
Train source2 iter: 10 [(9%)]	Loss: 0.037159	RUL_Loss: 0.030579	mmd_Loss: 0.012280	l1_Loss: 0.002689
Train source3 iter: 10 [(9%)]	Loss: 0.049847	RUL_Loss: 0.041683	mmd_Loss: 0.015577	l1_Loss: 0.002995


Train source1 iter: 20 [(19%)]	Loss: 0.028000	RUL_Loss: 0.019177	mmd_Loss: 0.009068	l1_Loss: 0.002908
Train source2 iter: 20 [(19%)]	Loss: 0.044435	RUL_Loss: 0.032779	mmd_Loss: 0.013213	l1_Loss: 0.002607
Train source3 iter: 20 [(19%)]	Loss: 0.054203	RUL_Loss: 0.041214	mmd_Loss: 0.014539	l1_Loss: 0.003090


Train source1 iter: 30 [(28%)]	Loss: 0.032349	RUL_Loss: 0.019170	mmd_Loss: 0.012168	l1_Loss: 0.002663
Train source2 iter: 30 [(28%)]	Loss: 0.044242	RUL_Loss: 0.032779	mmd_Loss: 0.010505	l1_Loss: 0.002396
Train source3 iter: 30 [(28%)]	Loss: 0.053173	RUL_Loss: 0.037201	mmd_Loss: 0.014928	l1_Loss: 0.003048


Train source1 iter: 40 [(38%)]	Loss: 0.035584	RUL_Loss: 0.020172	mmd_Loss: 0.013342	l1_Loss: 0.002795
Train source2 iter: 40 [(38%)]	Loss: 0.045110	RUL_Loss: 0.031196	mmd_Loss: 0.011895	l1_Loss: 0.002673
Train source3 iter: 40 [(38%)]	Loss: 0.056723	RUL_Loss: 0.038496	mmd_Loss: 0.015922	l1_Loss: 0.003163


Train source1 iter: 50 [(47%)]	Loss: 0.032015	RUL_Loss: 0.019041	mmd_Loss: 0.010525	l1_Loss: 0.002684
Train source2 iter: 50 [(47%)]	Loss: 0.046555	RUL_Loss: 0.033297	mmd_Loss: 0.010863	l1_Loss: 0.002635
Train source3 iter: 50 [(47%)]	Loss: 0.057369	RUL_Loss: 0.038477	mmd_Loss: 0.015803	l1_Loss: 0.003430


Train source1 iter: 60 [(57%)]	Loss: 0.031464	RUL_Loss: 0.018798	mmd_Loss: 0.010106	l1_Loss: 0.002649
Train source2 iter: 60 [(57%)]	Loss: 0.046490	RUL_Loss: 0.033480	mmd_Loss: 0.010416	l1_Loss: 0.002685
Train source3 iter: 60 [(57%)]	Loss: 0.053870	RUL_Loss: 0.035323	mmd_Loss: 0.015423	l1_Loss: 0.003254


Train source1 iter: 70 [(66%)]	Loss: 0.034093	RUL_Loss: 0.017859	mmd_Loss: 0.013821	l1_Loss: 0.002458
Train source2 iter: 70 [(66%)]	Loss: 0.046672	RUL_Loss: 0.033042	mmd_Loss: 0.011085	l1_Loss: 0.002582
Train source3 iter: 70 [(66%)]	Loss: 0.053742	RUL_Loss: 0.036382	mmd_Loss: 0.014530	l1_Loss: 0.002878


Train source1 iter: 80 [(75%)]	Loss: 0.035920	RUL_Loss: 0.019997	mmd_Loss: 0.013283	l1_Loss: 0.002656
Train source2 iter: 80 [(75%)]	Loss: 0.042424	RUL_Loss: 0.028135	mmd_Loss: 0.011927	l1_Loss: 0.002377
Train source3 iter: 80 [(75%)]	Loss: 0.055606	RUL_Loss: 0.037574	mmd_Loss: 0.014916	l1_Loss: 0.003135


Train source1 iter: 90 [(85%)]	Loss: 0.033504	RUL_Loss: 0.019830	mmd_Loss: 0.010871	l1_Loss: 0.002809
Train source2 iter: 90 [(85%)]	Loss: 0.043390	RUL_Loss: 0.030447	mmd_Loss: 0.010310	l1_Loss: 0.002638
Train source3 iter: 90 [(85%)]	Loss: 0.056394	RUL_Loss: 0.039012	mmd_Loss: 0.014276	l1_Loss: 0.003113


Train source1 iter: 100 [(94%)]	Loss: 0.035097	RUL_Loss: 0.020466	mmd_Loss: 0.012024	l1_Loss: 0.002609
Train source2 iter: 100 [(94%)]	Loss: 0.046289	RUL_Loss: 0.031553	mmd_Loss: 0.011975	l1_Loss: 0.002764
Train source3 iter: 100 [(94%)]	Loss: 0.054890	RUL_Loss: 0.037309	mmd_Loss: 0.014744	l1_Loss: 0.002840


Train epochs:8.000000	
Train source1 iter: 10 [(9%)]	Loss: 0.024039	RUL_Loss: 0.018177	mmd_Loss: 0.010841	l1_Loss: 0.002494
Train source2 iter: 10 [(9%)]	Loss: 0.035581	RUL_Loss: 0.029010	mmd_Loss: 0.012392	l1_Loss: 0.002557
Train source3 iter: 10 [(9%)]	Loss: 0.043854	RUL_Loss: 0.035480	mmd_Loss: 0.016072	l1_Loss: 0.002978


Train source1 iter: 20 [(19%)]	Loss: 0.027717	RUL_Loss: 0.018041	mmd_Loss: 0.010435	l1_Loss: 0.002698
Train source2 iter: 20 [(19%)]	Loss: 0.041147	RUL_Loss: 0.029743	mmd_Loss: 0.012672	l1_Loss: 0.002807
Train source3 iter: 20 [(19%)]	Loss: 0.049464	RUL_Loss: 0.036582	mmd_Loss: 0.014292	l1_Loss: 0.003192


Train source1 iter: 30 [(28%)]	Loss: 0.029628	RUL_Loss: 0.018203	mmd_Loss: 0.010020	l1_Loss: 0.002838
Train source2 iter: 30 [(28%)]	Loss: 0.041363	RUL_Loss: 0.028524	mmd_Loss: 0.011637	l1_Loss: 0.002811
Train source3 iter: 30 [(28%)]	Loss: 0.054856	RUL_Loss: 0.036416	mmd_Loss: 0.017603	l1_Loss: 0.003150


Train source1 iter: 40 [(38%)]	Loss: 0.029914	RUL_Loss: 0.017385	mmd_Loss: 0.010086	l1_Loss: 0.003033
Train source2 iter: 40 [(38%)]	Loss: 0.043440	RUL_Loss: 0.029497	mmd_Loss: 0.011845	l1_Loss: 0.002753
Train source3 iter: 40 [(38%)]	Loss: 0.055964	RUL_Loss: 0.038395	mmd_Loss: 0.015100	l1_Loss: 0.003294


Train source1 iter: 50 [(47%)]	Loss: 0.028480	RUL_Loss: 0.018274	mmd_Loss: 0.007449	l1_Loss: 0.002941
Train source2 iter: 50 [(47%)]	Loss: 0.043400	RUL_Loss: 0.028774	mmd_Loss: 0.012314	l1_Loss: 0.002576
Train source3 iter: 50 [(47%)]	Loss: 0.051752	RUL_Loss: 0.034242	mmd_Loss: 0.014882	l1_Loss: 0.002944


Train source1 iter: 60 [(57%)]	Loss: 0.035037	RUL_Loss: 0.017756	mmd_Loss: 0.014488	l1_Loss: 0.002913
Train source2 iter: 60 [(57%)]	Loss: 0.044353	RUL_Loss: 0.029511	mmd_Loss: 0.012071	l1_Loss: 0.002874
Train source3 iter: 60 [(57%)]	Loss: 0.056039	RUL_Loss: 0.036631	mmd_Loss: 0.016032	l1_Loss: 0.003512


Train source1 iter: 70 [(66%)]	Loss: 0.033570	RUL_Loss: 0.018408	mmd_Loss: 0.012466	l1_Loss: 0.002737
Train source2 iter: 70 [(66%)]	Loss: 0.037291	RUL_Loss: 0.026136	mmd_Loss: 0.008400	l1_Loss: 0.002784
Train source3 iter: 70 [(66%)]	Loss: 0.056452	RUL_Loss: 0.038354	mmd_Loss: 0.014794	l1_Loss: 0.003354


Train source1 iter: 80 [(75%)]	Loss: 0.035063	RUL_Loss: 0.020795	mmd_Loss: 0.011490	l1_Loss: 0.002793
Train source2 iter: 80 [(75%)]	Loss: 0.046840	RUL_Loss: 0.030288	mmd_Loss: 0.013884	l1_Loss: 0.002685
Train source3 iter: 80 [(75%)]	Loss: 0.053741	RUL_Loss: 0.035503	mmd_Loss: 0.014876	l1_Loss: 0.003382


Train source1 iter: 90 [(85%)]	Loss: 0.033120	RUL_Loss: 0.020591	mmd_Loss: 0.009716	l1_Loss: 0.002818
Train source2 iter: 90 [(85%)]	Loss: 0.043804	RUL_Loss: 0.029615	mmd_Loss: 0.011371	l1_Loss: 0.002824
Train source3 iter: 90 [(85%)]	Loss: 0.053811	RUL_Loss: 0.035315	mmd_Loss: 0.015023	l1_Loss: 0.003480


Train source1 iter: 100 [(94%)]	Loss: 0.032382	RUL_Loss: 0.017265	mmd_Loss: 0.012178	l1_Loss: 0.002942
Train source2 iter: 100 [(94%)]	Loss: 0.048933	RUL_Loss: 0.032006	mmd_Loss: 0.014334	l1_Loss: 0.002596
Train source3 iter: 100 [(94%)]	Loss: 0.056025	RUL_Loss: 0.037594	mmd_Loss: 0.015472	l1_Loss: 0.002962


Train epochs:9.000000	
Train source1 iter: 10 [(9%)]	Loss: 0.026943	RUL_Loss: 0.019491	mmd_Loss: 0.014144	l1_Loss: 0.002809
Train source2 iter: 10 [(9%)]	Loss: 0.035634	RUL_Loss: 0.030213	mmd_Loss: 0.008969	l1_Loss: 0.003364
Train source3 iter: 10 [(9%)]	Loss: 0.040329	RUL_Loss: 0.032712	mmd_Loss: 0.013782	l1_Loss: 0.003547


Train source1 iter: 20 [(19%)]	Loss: 0.024959	RUL_Loss: 0.017463	mmd_Loss: 0.007627	l1_Loss: 0.002547
Train source2 iter: 20 [(19%)]	Loss: 0.046432	RUL_Loss: 0.031480	mmd_Loss: 0.017481	l1_Loss: 0.002813
Train source3 iter: 20 [(19%)]	Loss: 0.053756	RUL_Loss: 0.039439	mmd_Loss: 0.015825	l1_Loss: 0.003606


Train source1 iter: 30 [(28%)]	Loss: 0.031067	RUL_Loss: 0.019872	mmd_Loss: 0.009723	l1_Loss: 0.002876
Train source2 iter: 30 [(28%)]	Loss: 0.045960	RUL_Loss: 0.029223	mmd_Loss: 0.015981	l1_Loss: 0.002855
Train source3 iter: 30 [(28%)]	Loss: 0.052446	RUL_Loss: 0.035743	mmd_Loss: 0.015514	l1_Loss: 0.003283


Train source1 iter: 40 [(38%)]	Loss: 0.030273	RUL_Loss: 0.018005	mmd_Loss: 0.010151	l1_Loss: 0.002693
Train source2 iter: 40 [(38%)]	Loss: 0.039744	RUL_Loss: 0.027680	mmd_Loss: 0.009923	l1_Loss: 0.002708
Train source3 iter: 40 [(38%)]	Loss: 0.054558	RUL_Loss: 0.038648	mmd_Loss: 0.013201	l1_Loss: 0.003456


Train source1 iter: 50 [(47%)]	Loss: 0.034790	RUL_Loss: 0.018270	mmd_Loss: 0.014141	l1_Loss: 0.002678
Train source2 iter: 50 [(47%)]	Loss: 0.043718	RUL_Loss: 0.029581	mmd_Loss: 0.011032	l1_Loss: 0.003360
Train source3 iter: 50 [(47%)]	Loss: 0.056495	RUL_Loss: 0.038831	mmd_Loss: 0.014732	l1_Loss: 0.003252


Train source1 iter: 60 [(57%)]	Loss: 0.033983	RUL_Loss: 0.018985	mmd_Loss: 0.012455	l1_Loss: 0.002648
Train source2 iter: 60 [(57%)]	Loss: 0.044050	RUL_Loss: 0.030495	mmd_Loss: 0.010612	l1_Loss: 0.003037
Train source3 iter: 60 [(57%)]	Loss: 0.057725	RUL_Loss: 0.037993	mmd_Loss: 0.015687	l1_Loss: 0.004183


Train source1 iter: 70 [(66%)]	Loss: 0.031682	RUL_Loss: 0.018839	mmd_Loss: 0.010027	l1_Loss: 0.002851
Train source2 iter: 70 [(66%)]	Loss: 0.041206	RUL_Loss: 0.028182	mmd_Loss: 0.010311	l1_Loss: 0.002748
Train source3 iter: 70 [(66%)]	Loss: 0.053127	RUL_Loss: 0.035480	mmd_Loss: 0.013992	l1_Loss: 0.003702


Train source1 iter: 80 [(75%)]	Loss: 0.032429	RUL_Loss: 0.020009	mmd_Loss: 0.009313	l1_Loss: 0.003119
Train source2 iter: 80 [(75%)]	Loss: 0.043067	RUL_Loss: 0.029444	mmd_Loss: 0.010851	l1_Loss: 0.002787
Train source3 iter: 80 [(75%)]	Loss: 0.054189	RUL_Loss: 0.035910	mmd_Loss: 0.014852	l1_Loss: 0.003446


Train source1 iter: 90 [(85%)]	Loss: 0.034022	RUL_Loss: 0.019883	mmd_Loss: 0.011606	l1_Loss: 0.002540
Train source2 iter: 90 [(85%)]	Loss: 0.045252	RUL_Loss: 0.029001	mmd_Loss: 0.013595	l1_Loss: 0.002662
Train source3 iter: 90 [(85%)]	Loss: 0.058043	RUL_Loss: 0.039591	mmd_Loss: 0.014704	l1_Loss: 0.003755


Train source1 iter: 100 [(94%)]	Loss: 0.031934	RUL_Loss: 0.019325	mmd_Loss: 0.009699	l1_Loss: 0.002912
Train source2 iter: 100 [(94%)]	Loss: 0.043519	RUL_Loss: 0.029021	mmd_Loss: 0.011440	l1_Loss: 0.003060
Train source3 iter: 100 [(94%)]	Loss: 0.057679	RUL_Loss: 0.039322	mmd_Loss: 0.014960	l1_Loss: 0.003400


Train epochs:10.000000	
Train source1 iter: 10 [(9%)]	Loss: 0.025565	RUL_Loss: 0.018920	mmd_Loss: 0.012350	l1_Loss: 0.002768
Train source2 iter: 10 [(9%)]	Loss: 0.033370	RUL_Loss: 0.027793	mmd_Loss: 0.010075	l1_Loss: 0.002612
Train source3 iter: 10 [(9%)]	Loss: 0.044277	RUL_Loss: 0.035838	mmd_Loss: 0.015818	l1_Loss: 0.003381


Train source1 iter: 20 [(19%)]	Loss: 0.031254	RUL_Loss: 0.019306	mmd_Loss: 0.013614	l1_Loss: 0.002602
Train source2 iter: 20 [(19%)]	Loss: 0.039421	RUL_Loss: 0.029204	mmd_Loss: 0.011039	l1_Loss: 0.002829
Train source3 iter: 20 [(19%)]	Loss: 0.049645	RUL_Loss: 0.036561	mmd_Loss: 0.014203	l1_Loss: 0.003555


Train source1 iter: 30 [(28%)]	Loss: 0.036950	RUL_Loss: 0.019638	mmd_Loss: 0.016355	l1_Loss: 0.003128
Train source2 iter: 30 [(28%)]	Loss: 0.039940	RUL_Loss: 0.030040	mmd_Loss: 0.008404	l1_Loss: 0.002738
Train source3 iter: 30 [(28%)]	Loss: 0.050803	RUL_Loss: 0.036002	mmd_Loss: 0.013302	l1_Loss: 0.003355


Train source1 iter: 40 [(38%)]	Loss: 0.033298	RUL_Loss: 0.016316	mmd_Loss: 0.015310	l1_Loss: 0.002470
Train source2 iter: 40 [(38%)]	Loss: 0.038564	RUL_Loss: 0.026179	mmd_Loss: 0.010159	l1_Loss: 0.002808
Train source3 iter: 40 [(38%)]	Loss: 0.050931	RUL_Loss: 0.033934	mmd_Loss: 0.014183	l1_Loss: 0.003613


Train source1 iter: 50 [(47%)]	Loss: 0.031590	RUL_Loss: 0.018394	mmd_Loss: 0.010567	l1_Loss: 0.002867
Train source2 iter: 50 [(47%)]	Loss: 0.041147	RUL_Loss: 0.027669	mmd_Loss: 0.010907	l1_Loss: 0.002814
Train source3 iter: 50 [(47%)]	Loss: 0.054033	RUL_Loss: 0.034911	mmd_Loss: 0.015716	l1_Loss: 0.003752


Train source1 iter: 60 [(57%)]	Loss: 0.032655	RUL_Loss: 0.019242	mmd_Loss: 0.010565	l1_Loss: 0.002942
Train source2 iter: 60 [(57%)]	Loss: 0.040648	RUL_Loss: 0.029235	mmd_Loss: 0.008620	l1_Loss: 0.002872
Train source3 iter: 60 [(57%)]	Loss: 0.056316	RUL_Loss: 0.038478	mmd_Loss: 0.014371	l1_Loss: 0.003591


Train source1 iter: 70 [(66%)]	Loss: 0.035069	RUL_Loss: 0.018283	mmd_Loss: 0.014142	l1_Loss: 0.002690
Train source2 iter: 70 [(66%)]	Loss: 0.042374	RUL_Loss: 0.029723	mmd_Loss: 0.010080	l1_Loss: 0.002605
Train source3 iter: 70 [(66%)]	Loss: 0.053587	RUL_Loss: 0.036403	mmd_Loss: 0.013707	l1_Loss: 0.003524


Train source1 iter: 80 [(75%)]	Loss: 0.034012	RUL_Loss: 0.016325	mmd_Loss: 0.014958	l1_Loss: 0.002748
Train source2 iter: 80 [(75%)]	Loss: 0.043746	RUL_Loss: 0.030883	mmd_Loss: 0.010152	l1_Loss: 0.002724
Train source3 iter: 80 [(75%)]	Loss: 0.052947	RUL_Loss: 0.034779	mmd_Loss: 0.014980	l1_Loss: 0.003208


Train source1 iter: 90 [(85%)]	Loss: 0.032874	RUL_Loss: 0.020626	mmd_Loss: 0.009670	l1_Loss: 0.002583
Train source2 iter: 90 [(85%)]	Loss: 0.039778	RUL_Loss: 0.027910	mmd_Loss: 0.009256	l1_Loss: 0.002617
Train source3 iter: 90 [(85%)]	Loss: 0.055137	RUL_Loss: 0.036978	mmd_Loss: 0.014377	l1_Loss: 0.003790


Train source1 iter: 100 [(94%)]	Loss: 0.033538	RUL_Loss: 0.020031	mmd_Loss: 0.010788	l1_Loss: 0.002721
Train source2 iter: 100 [(94%)]	Loss: 0.040787	RUL_Loss: 0.027694	mmd_Loss: 0.010722	l1_Loss: 0.002373
Train source3 iter: 100 [(94%)]	Loss: 0.054124	RUL_Loss: 0.035430	mmd_Loss: 0.015364	l1_Loss: 0.003333


Train epochs:11.000000	
Train source1 iter: 10 [(9%)]	Loss: 0.025009	RUL_Loss: 0.019296	mmd_Loss: 0.010414	l1_Loss: 0.002583
Train source2 iter: 10 [(9%)]	Loss: 0.035217	RUL_Loss: 0.027995	mmd_Loss: 0.013572	l1_Loss: 0.002859
Train source3 iter: 10 [(9%)]	Loss: 0.047218	RUL_Loss: 0.037942	mmd_Loss: 0.017446	l1_Loss: 0.003655


Train source1 iter: 20 [(19%)]	Loss: 0.026965	RUL_Loss: 0.018695	mmd_Loss: 0.008267	l1_Loss: 0.002958
Train source2 iter: 20 [(19%)]	Loss: 0.034535	RUL_Loss: 0.025331	mmd_Loss: 0.010097	l1_Loss: 0.002396
Train source3 iter: 20 [(19%)]	Loss: 0.048513	RUL_Loss: 0.035744	mmd_Loss: 0.013772	l1_Loss: 0.003559


Train source1 iter: 30 [(28%)]	Loss: 0.028299	RUL_Loss: 0.017974	mmd_Loss: 0.009022	l1_Loss: 0.002598
Train source2 iter: 30 [(28%)]	Loss: 0.042751	RUL_Loss: 0.028317	mmd_Loss: 0.013380	l1_Loss: 0.002864
Train source3 iter: 30 [(28%)]	Loss: 0.049753	RUL_Loss: 0.035131	mmd_Loss: 0.012887	l1_Loss: 0.003569


Train source1 iter: 40 [(38%)]	Loss: 0.031056	RUL_Loss: 0.018190	mmd_Loss: 0.010757	l1_Loss: 0.002713
Train source2 iter: 40 [(38%)]	Loss: 0.037700	RUL_Loss: 0.025206	mmd_Loss: 0.009948	l1_Loss: 0.003133
Train source3 iter: 40 [(38%)]	Loss: 0.053126	RUL_Loss: 0.035867	mmd_Loss: 0.014662	l1_Loss: 0.003408


Train source1 iter: 50 [(47%)]	Loss: 0.032171	RUL_Loss: 0.021324	mmd_Loss: 0.008184	l1_Loss: 0.002859
Train source2 iter: 50 [(47%)]	Loss: 0.040901	RUL_Loss: 0.027436	mmd_Loss: 0.011157	l1_Loss: 0.002551
Train source3 iter: 50 [(47%)]	Loss: 0.052719	RUL_Loss: 0.035824	mmd_Loss: 0.013698	l1_Loss: 0.003501


Train source1 iter: 60 [(57%)]	Loss: 0.031270	RUL_Loss: 0.019440	mmd_Loss: 0.009259	l1_Loss: 0.002654
Train source2 iter: 60 [(57%)]	Loss: 0.042663	RUL_Loss: 0.029257	mmd_Loss: 0.010983	l1_Loss: 0.002517
Train source3 iter: 60 [(57%)]	Loss: 0.054115	RUL_Loss: 0.037722	mmd_Loss: 0.013079	l1_Loss: 0.003428


Train source1 iter: 70 [(66%)]	Loss: 0.034812	RUL_Loss: 0.020171	mmd_Loss: 0.012252	l1_Loss: 0.002429
Train source2 iter: 70 [(66%)]	Loss: 0.039165	RUL_Loss: 0.025900	mmd_Loss: 0.010507	l1_Loss: 0.002794
Train source3 iter: 70 [(66%)]	Loss: 0.053448	RUL_Loss: 0.035947	mmd_Loss: 0.014175	l1_Loss: 0.003374


Train source1 iter: 80 [(75%)]	Loss: 0.027454	RUL_Loss: 0.016952	mmd_Loss: 0.008027	l1_Loss: 0.002487
Train source2 iter: 80 [(75%)]	Loss: 0.044624	RUL_Loss: 0.028828	mmd_Loss: 0.013163	l1_Loss: 0.002649
Train source3 iter: 80 [(75%)]	Loss: 0.053339	RUL_Loss: 0.034838	mmd_Loss: 0.015108	l1_Loss: 0.003413


Train source1 iter: 90 [(85%)]	Loss: 0.031812	RUL_Loss: 0.018509	mmd_Loss: 0.010727	l1_Loss: 0.002581
Train source2 iter: 90 [(85%)]	Loss: 0.041157	RUL_Loss: 0.027775	mmd_Loss: 0.010970	l1_Loss: 0.002417
Train source3 iter: 90 [(85%)]	Loss: 0.052197	RUL_Loss: 0.035409	mmd_Loss: 0.013526	l1_Loss: 0.003269


Train source1 iter: 100 [(94%)]	Loss: 0.030264	RUL_Loss: 0.018987	mmd_Loss: 0.008609	l1_Loss: 0.002670
Train source2 iter: 100 [(94%)]	Loss: 0.039392	RUL_Loss: 0.027616	mmd_Loss: 0.009129	l1_Loss: 0.002649
Train source3 iter: 100 [(94%)]	Loss: 0.050881	RUL_Loss: 0.033370	mmd_Loss: 0.013949	l1_Loss: 0.003564


Train epochs:12.000000	
Train source1 iter: 10 [(9%)]	Loss: 0.022983	RUL_Loss: 0.017301	mmd_Loss: 0.010089	l1_Loss: 0.002838
Train source2 iter: 10 [(9%)]	Loss: 0.033447	RUL_Loss: 0.026514	mmd_Loss: 0.012573	l1_Loss: 0.003201
Train source3 iter: 10 [(9%)]	Loss: 0.046337	RUL_Loss: 0.038515	mmd_Loss: 0.013874	l1_Loss: 0.003921


Train source1 iter: 20 [(19%)]	Loss: 0.023213	RUL_Loss: 0.015679	mmd_Loss: 0.007199	l1_Loss: 0.003025
Train source2 iter: 20 [(19%)]	Loss: 0.037544	RUL_Loss: 0.025889	mmd_Loss: 0.013087	l1_Loss: 0.002732
Train source3 iter: 20 [(19%)]	Loss: 0.047278	RUL_Loss: 0.034706	mmd_Loss: 0.013151	l1_Loss: 0.003913


Train source1 iter: 30 [(28%)]	Loss: 0.030335	RUL_Loss: 0.018287	mmd_Loss: 0.010778	l1_Loss: 0.002781
Train source2 iter: 30 [(28%)]	Loss: 0.040390	RUL_Loss: 0.025306	mmd_Loss: 0.014327	l1_Loss: 0.002648
Train source3 iter: 30 [(28%)]	Loss: 0.052395	RUL_Loss: 0.037048	mmd_Loss: 0.013871	l1_Loss: 0.003400


Train source1 iter: 40 [(38%)]	Loss: 0.033362	RUL_Loss: 0.019023	mmd_Loss: 0.011261	l1_Loss: 0.003752
Train source2 iter: 40 [(38%)]	Loss: 0.040822	RUL_Loss: 0.026682	mmd_Loss: 0.011667	l1_Loss: 0.003138
Train source3 iter: 40 [(38%)]	Loss: 0.048658	RUL_Loss: 0.033248	mmd_Loss: 0.012380	l1_Loss: 0.003755


Train source1 iter: 50 [(47%)]	Loss: 0.029093	RUL_Loss: 0.018439	mmd_Loss: 0.007774	l1_Loss: 0.003071
Train source2 iter: 50 [(47%)]	Loss: 0.037383	RUL_Loss: 0.025552	mmd_Loss: 0.009104	l1_Loss: 0.002941
Train source3 iter: 50 [(47%)]	Loss: 0.053627	RUL_Loss: 0.036036	mmd_Loss: 0.014178	l1_Loss: 0.003730


Train source1 iter: 60 [(57%)]	Loss: 0.033268	RUL_Loss: 0.018998	mmd_Loss: 0.011473	l1_Loss: 0.002897
Train source2 iter: 60 [(57%)]	Loss: 0.037558	RUL_Loss: 0.025834	mmd_Loss: 0.009051	l1_Loss: 0.002755
Train source3 iter: 60 [(57%)]	Loss: 0.053677	RUL_Loss: 0.035658	mmd_Loss: 0.014220	l1_Loss: 0.003925


Train source1 iter: 70 [(66%)]	Loss: 0.030645	RUL_Loss: 0.016757	mmd_Loss: 0.011009	l1_Loss: 0.002917
Train source2 iter: 70 [(66%)]	Loss: 0.043235	RUL_Loss: 0.028050	mmd_Loss: 0.012096	l1_Loss: 0.003130
Train source3 iter: 70 [(66%)]	Loss: 0.056187	RUL_Loss: 0.036950	mmd_Loss: 0.015772	l1_Loss: 0.003517


Train source1 iter: 80 [(75%)]	Loss: 0.027623	RUL_Loss: 0.016517	mmd_Loss: 0.008361	l1_Loss: 0.002756
Train source2 iter: 80 [(75%)]	Loss: 0.043487	RUL_Loss: 0.029292	mmd_Loss: 0.011319	l1_Loss: 0.002891
Train source3 iter: 80 [(75%)]	Loss: 0.055283	RUL_Loss: 0.038121	mmd_Loss: 0.013029	l1_Loss: 0.004151


Train source1 iter: 90 [(85%)]	Loss: 0.027115	RUL_Loss: 0.016861	mmd_Loss: 0.007226	l1_Loss: 0.003032
Train source2 iter: 90 [(85%)]	Loss: 0.040695	RUL_Loss: 0.028067	mmd_Loss: 0.009939	l1_Loss: 0.002695
Train source3 iter: 90 [(85%)]	Loss: 0.054481	RUL_Loss: 0.034684	mmd_Loss: 0.015678	l1_Loss: 0.004127


Train source1 iter: 100 [(94%)]	Loss: 0.030869	RUL_Loss: 0.018625	mmd_Loss: 0.009463	l1_Loss: 0.002783
Train source2 iter: 100 [(94%)]	Loss: 0.038996	RUL_Loss: 0.026921	mmd_Loss: 0.008541	l1_Loss: 0.003536
Train source3 iter: 100 [(94%)]	Loss: 0.052947	RUL_Loss: 0.035948	mmd_Loss: 0.013698	l1_Loss: 0.003303


Train epochs:13.000000	
Train source1 iter: 10 [(9%)]	Loss: 0.022305	RUL_Loss: 0.017609	mmd_Loss: 0.007893	l1_Loss: 0.002792
Train source2 iter: 10 [(9%)]	Loss: 0.036607	RUL_Loss: 0.028530	mmd_Loss: 0.015325	l1_Loss: 0.003051
Train source3 iter: 10 [(9%)]	Loss: 0.045212	RUL_Loss: 0.037432	mmd_Loss: 0.013845	l1_Loss: 0.003853


Train source1 iter: 20 [(19%)]	Loss: 0.028200	RUL_Loss: 0.018465	mmd_Loss: 0.010515	l1_Loss: 0.002699
Train source2 iter: 20 [(19%)]	Loss: 0.033753	RUL_Loss: 0.024850	mmd_Loss: 0.008817	l1_Loss: 0.003267
Train source3 iter: 20 [(19%)]	Loss: 0.044376	RUL_Loss: 0.032544	mmd_Loss: 0.012068	l1_Loss: 0.003991


Train source1 iter: 30 [(28%)]	Loss: 0.028629	RUL_Loss: 0.017105	mmd_Loss: 0.010133	l1_Loss: 0.002836
Train source2 iter: 30 [(28%)]	Loss: 0.037489	RUL_Loss: 0.027027	mmd_Loss: 0.009029	l1_Loss: 0.002745
Train source3 iter: 30 [(28%)]	Loss: 0.051498	RUL_Loss: 0.036406	mmd_Loss: 0.012691	l1_Loss: 0.004294


Train source1 iter: 40 [(38%)]	Loss: 0.031624	RUL_Loss: 0.017693	mmd_Loss: 0.011653	l1_Loss: 0.002933
Train source2 iter: 40 [(38%)]	Loss: 0.041077	RUL_Loss: 0.027265	mmd_Loss: 0.011892	l1_Loss: 0.002570
Train source3 iter: 40 [(38%)]	Loss: 0.051364	RUL_Loss: 0.036597	mmd_Loss: 0.011902	l1_Loss: 0.003559


Train source1 iter: 50 [(47%)]	Loss: 0.029452	RUL_Loss: 0.017028	mmd_Loss: 0.009969	l1_Loss: 0.002678
Train source2 iter: 50 [(47%)]	Loss: 0.039430	RUL_Loss: 0.026910	mmd_Loss: 0.009950	l1_Loss: 0.002796
Train source3 iter: 50 [(47%)]	Loss: 0.052053	RUL_Loss: 0.036903	mmd_Loss: 0.012138	l1_Loss: 0.003285


Train source1 iter: 60 [(57%)]	Loss: 0.030454	RUL_Loss: 0.018117	mmd_Loss: 0.009692	l1_Loss: 0.002732
Train source2 iter: 60 [(57%)]	Loss: 0.037826	RUL_Loss: 0.027225	mmd_Loss: 0.008118	l1_Loss: 0.002558
Train source3 iter: 60 [(57%)]	Loss: 0.052891	RUL_Loss: 0.037812	mmd_Loss: 0.011305	l1_Loss: 0.003880


Train source1 iter: 70 [(66%)]	Loss: 0.028949	RUL_Loss: 0.016750	mmd_Loss: 0.009228	l1_Loss: 0.003004
Train source2 iter: 70 [(66%)]	Loss: 0.039510	RUL_Loss: 0.027714	mmd_Loss: 0.008960	l1_Loss: 0.002867
Train source3 iter: 70 [(66%)]	Loss: 0.054288	RUL_Loss: 0.038955	mmd_Loss: 0.011595	l1_Loss: 0.003779


Train source1 iter: 80 [(75%)]	Loss: 0.029076	RUL_Loss: 0.017392	mmd_Loss: 0.008845	l1_Loss: 0.002853
Train source2 iter: 80 [(75%)]	Loss: 0.039477	RUL_Loss: 0.026483	mmd_Loss: 0.010114	l1_Loss: 0.002894
Train source3 iter: 80 [(75%)]	Loss: 0.053715	RUL_Loss: 0.037388	mmd_Loss: 0.013213	l1_Loss: 0.003132


Train source1 iter: 90 [(85%)]	Loss: 0.030434	RUL_Loss: 0.018331	mmd_Loss: 0.009378	l1_Loss: 0.002731
Train source2 iter: 90 [(85%)]	Loss: 0.038417	RUL_Loss: 0.024893	mmd_Loss: 0.010815	l1_Loss: 0.002714
Train source3 iter: 90 [(85%)]	Loss: 0.056171	RUL_Loss: 0.040543	mmd_Loss: 0.012508	l1_Loss: 0.003126


Train source1 iter: 100 [(94%)]	Loss: 0.035347	RUL_Loss: 0.019657	mmd_Loss: 0.012385	l1_Loss: 0.003308
Train source2 iter: 100 [(94%)]	Loss: 0.037036	RUL_Loss: 0.025492	mmd_Loss: 0.008871	l1_Loss: 0.002675
Train source3 iter: 100 [(94%)]	Loss: 0.057097	RUL_Loss: 0.041035	mmd_Loss: 0.012271	l1_Loss: 0.003794


Train epochs:14.000000	
Train source1 iter: 10 [(9%)]	Loss: 0.027203	RUL_Loss: 0.021487	mmd_Loss: 0.009066	l1_Loss: 0.003937
Train source2 iter: 10 [(9%)]	Loss: 0.035008	RUL_Loss: 0.026547	mmd_Loss: 0.016205	l1_Loss: 0.003044
Train source3 iter: 10 [(9%)]	Loss: 0.038562	RUL_Loss: 0.031192	mmd_Loss: 0.013164	l1_Loss: 0.003604


Train source1 iter: 20 [(19%)]	Loss: 0.026236	RUL_Loss: 0.016639	mmd_Loss: 0.009963	l1_Loss: 0.003063
Train source2 iter: 20 [(19%)]	Loss: 0.037973	RUL_Loss: 0.027249	mmd_Loss: 0.012001	l1_Loss: 0.002554
Train source3 iter: 20 [(19%)]	Loss: 0.050504	RUL_Loss: 0.038628	mmd_Loss: 0.012732	l1_Loss: 0.003386


Train source1 iter: 30 [(28%)]	Loss: 0.031523	RUL_Loss: 0.017356	mmd_Loss: 0.012646	l1_Loss: 0.003297
Train source2 iter: 30 [(28%)]	Loss: 0.035509	RUL_Loss: 0.023683	mmd_Loss: 0.010789	l1_Loss: 0.002520
Train source3 iter: 30 [(28%)]	Loss: 0.048341	RUL_Loss: 0.034123	mmd_Loss: 0.012325	l1_Loss: 0.003675


Train source1 iter: 40 [(38%)]	Loss: 0.033239	RUL_Loss: 0.015494	mmd_Loss: 0.015517	l1_Loss: 0.003062
Train source2 iter: 40 [(38%)]	Loss: 0.037637	RUL_Loss: 0.024208	mmd_Loss: 0.011294	l1_Loss: 0.002765
Train source3 iter: 40 [(38%)]	Loss: 0.057906	RUL_Loss: 0.039745	mmd_Loss: 0.014984	l1_Loss: 0.004030


Train source1 iter: 50 [(47%)]	Loss: 0.035870	RUL_Loss: 0.018470	mmd_Loss: 0.014583	l1_Loss: 0.003131
Train source2 iter: 50 [(47%)]	Loss: 0.040657	RUL_Loss: 0.027202	mmd_Loss: 0.010781	l1_Loss: 0.002917
Train source3 iter: 50 [(47%)]	Loss: 0.050906	RUL_Loss: 0.033070	mmd_Loss: 0.014699	l1_Loss: 0.003459


Train source1 iter: 60 [(57%)]	Loss: 0.031622	RUL_Loss: 0.017612	mmd_Loss: 0.011353	l1_Loss: 0.002754
Train source2 iter: 60 [(57%)]	Loss: 0.038630	RUL_Loss: 0.023448	mmd_Loss: 0.012393	l1_Loss: 0.002896
Train source3 iter: 60 [(57%)]	Loss: 0.052453	RUL_Loss: 0.035500	mmd_Loss: 0.013572	l1_Loss: 0.003500


Train source1 iter: 70 [(66%)]	Loss: 0.030076	RUL_Loss: 0.017223	mmd_Loss: 0.009972	l1_Loss: 0.002916
Train source2 iter: 70 [(66%)]	Loss: 0.038447	RUL_Loss: 0.026497	mmd_Loss: 0.009427	l1_Loss: 0.002556
Train source3 iter: 70 [(66%)]	Loss: 0.057107	RUL_Loss: 0.039244	mmd_Loss: 0.014719	l1_Loss: 0.003192


Train source1 iter: 80 [(75%)]	Loss: 0.027643	RUL_Loss: 0.016707	mmd_Loss: 0.008112	l1_Loss: 0.002836
Train source2 iter: 80 [(75%)]	Loss: 0.038926	RUL_Loss: 0.026389	mmd_Loss: 0.009953	l1_Loss: 0.002597
Train source3 iter: 80 [(75%)]	Loss: 0.049697	RUL_Loss: 0.033528	mmd_Loss: 0.012128	l1_Loss: 0.004058


Train source1 iter: 90 [(85%)]	Loss: 0.032765	RUL_Loss: 0.018123	mmd_Loss: 0.011704	l1_Loss: 0.002945
Train source2 iter: 90 [(85%)]	Loss: 0.036387	RUL_Loss: 0.024753	mmd_Loss: 0.009035	l1_Loss: 0.002604
Train source3 iter: 90 [(85%)]	Loss: 0.056166	RUL_Loss: 0.039212	mmd_Loss: 0.013332	l1_Loss: 0.003629


Train source1 iter: 100 [(94%)]	Loss: 0.031362	RUL_Loss: 0.017153	mmd_Loss: 0.011252	l1_Loss: 0.002959
Train source2 iter: 100 [(94%)]	Loss: 0.042828	RUL_Loss: 0.028294	mmd_Loss: 0.012130	l1_Loss: 0.002406
Train source3 iter: 100 [(94%)]	Loss: 0.051992	RUL_Loss: 0.034852	mmd_Loss: 0.013591	l1_Loss: 0.003552


Train epochs:15.000000	
Train source1 iter: 10 [(9%)]	Loss: 0.022784	RUL_Loss: 0.017033	mmd_Loss: 0.010604	l1_Loss: 0.002480
Train source2 iter: 10 [(9%)]	Loss: 0.033555	RUL_Loss: 0.027534	mmd_Loss: 0.011025	l1_Loss: 0.002674
Train source3 iter: 10 [(9%)]	Loss: 0.041521	RUL_Loss: 0.033861	mmd_Loss: 0.014166	l1_Loss: 0.003259


Train source1 iter: 20 [(19%)]	Loss: 0.025362	RUL_Loss: 0.017074	mmd_Loss: 0.008611	l1_Loss: 0.002637
Train source2 iter: 20 [(19%)]	Loss: 0.036882	RUL_Loss: 0.028135	mmd_Loss: 0.009003	l1_Loss: 0.002868
Train source3 iter: 20 [(19%)]	Loss: 0.045886	RUL_Loss: 0.033968	mmd_Loss: 0.012545	l1_Loss: 0.003631


Train source1 iter: 30 [(28%)]	Loss: 0.025535	RUL_Loss: 0.016127	mmd_Loss: 0.008011	l1_Loss: 0.002577
Train source2 iter: 30 [(28%)]	Loss: 0.038922	RUL_Loss: 0.027366	mmd_Loss: 0.010609	l1_Loss: 0.002395
Train source3 iter: 30 [(28%)]	Loss: 0.049667	RUL_Loss: 0.035025	mmd_Loss: 0.013124	l1_Loss: 0.003354


Train source1 iter: 40 [(38%)]	Loss: 0.034120	RUL_Loss: 0.019613	mmd_Loss: 0.012962	l1_Loss: 0.002227
Train source2 iter: 40 [(38%)]	Loss: 0.039441	RUL_Loss: 0.026554	mmd_Loss: 0.010872	l1_Loss: 0.002621
Train source3 iter: 40 [(38%)]	Loss: 0.052351	RUL_Loss: 0.036604	mmd_Loss: 0.012848	l1_Loss: 0.003640


Train source1 iter: 50 [(47%)]	Loss: 0.032960	RUL_Loss: 0.019931	mmd_Loss: 0.010596	l1_Loss: 0.002667
Train source2 iter: 50 [(47%)]	Loss: 0.038117	RUL_Loss: 0.024058	mmd_Loss: 0.011968	l1_Loss: 0.002345
Train source3 iter: 50 [(47%)]	Loss: 0.050867	RUL_Loss: 0.035390	mmd_Loss: 0.012465	l1_Loss: 0.003291


Train source1 iter: 60 [(57%)]	Loss: 0.031049	RUL_Loss: 0.018152	mmd_Loss: 0.010667	l1_Loss: 0.002321
Train source2 iter: 60 [(57%)]	Loss: 0.039177	RUL_Loss: 0.025049	mmd_Loss: 0.011842	l1_Loss: 0.002385
Train source3 iter: 60 [(57%)]	Loss: 0.053051	RUL_Loss: 0.036500	mmd_Loss: 0.013616	l1_Loss: 0.003051


Train source1 iter: 70 [(66%)]	Loss: 0.033259	RUL_Loss: 0.018700	mmd_Loss: 0.012149	l1_Loss: 0.002450
Train source2 iter: 70 [(66%)]	Loss: 0.045904	RUL_Loss: 0.029118	mmd_Loss: 0.014197	l1_Loss: 0.002634
Train source3 iter: 70 [(66%)]	Loss: 0.052425	RUL_Loss: 0.034113	mmd_Loss: 0.015053	l1_Loss: 0.003308


Train source1 iter: 80 [(75%)]	Loss: 0.037459	RUL_Loss: 0.018976	mmd_Loss: 0.015753	l1_Loss: 0.002749
Train source2 iter: 80 [(75%)]	Loss: 0.039451	RUL_Loss: 0.025918	mmd_Loss: 0.011033	l1_Loss: 0.002514
Train source3 iter: 80 [(75%)]	Loss: 0.050936	RUL_Loss: 0.033805	mmd_Loss: 0.013711	l1_Loss: 0.003438


Train source1 iter: 90 [(85%)]	Loss: 0.029508	RUL_Loss: 0.016545	mmd_Loss: 0.010331	l1_Loss: 0.002638
Train source2 iter: 90 [(85%)]	Loss: 0.037326	RUL_Loss: 0.026238	mmd_Loss: 0.008639	l1_Loss: 0.002454
Train source3 iter: 90 [(85%)]	Loss: 0.051642	RUL_Loss: 0.035544	mmd_Loss: 0.012596	l1_Loss: 0.003508


Train source1 iter: 100 [(94%)]	Loss: 0.027609	RUL_Loss: 0.016713	mmd_Loss: 0.008619	l1_Loss: 0.002278
Train source2 iter: 100 [(94%)]	Loss: 0.039980	RUL_Loss: 0.025484	mmd_Loss: 0.012064	l1_Loss: 0.002435
Train source3 iter: 100 [(94%)]	Loss: 0.053356	RUL_Loss: 0.037688	mmd_Loss: 0.012564	l1_Loss: 0.003107


Train epochs:16.000000	
Train source1 iter: 10 [(9%)]	Loss: 0.022704	RUL_Loss: 0.017331	mmd_Loss: 0.009595	l1_Loss: 0.002628
Train source2 iter: 10 [(9%)]	Loss: 0.031495	RUL_Loss: 0.025115	mmd_Loss: 0.011726	l1_Loss: 0.002786
Train source3 iter: 10 [(9%)]	Loss: 0.041057	RUL_Loss: 0.033615	mmd_Loss: 0.013349	l1_Loss: 0.003582


Train source1 iter: 20 [(19%)]	Loss: 0.027541	RUL_Loss: 0.017848	mmd_Loss: 0.010605	l1_Loss: 0.002550
Train source2 iter: 20 [(19%)]	Loss: 0.038122	RUL_Loss: 0.028475	mmd_Loss: 0.010746	l1_Loss: 0.002348
Train source3 iter: 20 [(19%)]	Loss: 0.045337	RUL_Loss: 0.034146	mmd_Loss: 0.012060	l1_Loss: 0.003128


Train source1 iter: 30 [(28%)]	Loss: 0.029184	RUL_Loss: 0.017943	mmd_Loss: 0.009823	l1_Loss: 0.002827
Train source2 iter: 30 [(28%)]	Loss: 0.037997	RUL_Loss: 0.025483	mmd_Loss: 0.011289	l1_Loss: 0.002794
Train source3 iter: 30 [(28%)]	Loss: 0.049595	RUL_Loss: 0.036288	mmd_Loss: 0.011431	l1_Loss: 0.003545


Train source1 iter: 40 [(38%)]	Loss: 0.031635	RUL_Loss: 0.018324	mmd_Loss: 0.011306	l1_Loss: 0.002631
Train source2 iter: 40 [(38%)]	Loss: 0.040285	RUL_Loss: 0.029539	mmd_Loss: 0.008547	l1_Loss: 0.002705
Train source3 iter: 40 [(38%)]	Loss: 0.052738	RUL_Loss: 0.038132	mmd_Loss: 0.011923	l1_Loss: 0.003371


Train source1 iter: 50 [(47%)]	Loss: 0.028262	RUL_Loss: 0.017262	mmd_Loss: 0.008466	l1_Loss: 0.002732
Train source2 iter: 50 [(47%)]	Loss: 0.039469	RUL_Loss: 0.026225	mmd_Loss: 0.011089	l1_Loss: 0.002394
Train source3 iter: 50 [(47%)]	Loss: 0.054781	RUL_Loss: 0.036363	mmd_Loss: 0.014833	l1_Loss: 0.003918


Train source1 iter: 60 [(57%)]	Loss: 0.033226	RUL_Loss: 0.019427	mmd_Loss: 0.011325	l1_Loss: 0.002571
Train source2 iter: 60 [(57%)]	Loss: 0.038006	RUL_Loss: 0.025765	mmd_Loss: 0.009695	l1_Loss: 0.002632
Train source3 iter: 60 [(57%)]	Loss: 0.051820	RUL_Loss: 0.036131	mmd_Loss: 0.012242	l1_Loss: 0.003557


Train source1 iter: 70 [(66%)]	Loss: 0.024868	RUL_Loss: 0.015314	mmd_Loss: 0.006974	l1_Loss: 0.002605
Train source2 iter: 70 [(66%)]	Loss: 0.039661	RUL_Loss: 0.025614	mmd_Loss: 0.011556	l1_Loss: 0.002529
Train source3 iter: 70 [(66%)]	Loss: 0.049166	RUL_Loss: 0.033301	mmd_Loss: 0.012139	l1_Loss: 0.003768


Train source1 iter: 80 [(75%)]	Loss: 0.029358	RUL_Loss: 0.017269	mmd_Loss: 0.009787	l1_Loss: 0.002314
Train source2 iter: 80 [(75%)]	Loss: 0.044431	RUL_Loss: 0.026725	mmd_Loss: 0.015295	l1_Loss: 0.002430
Train source3 iter: 80 [(75%)]	Loss: 0.057811	RUL_Loss: 0.040059	mmd_Loss: 0.014364	l1_Loss: 0.003406


Train source1 iter: 90 [(85%)]	Loss: 0.027029	RUL_Loss: 0.016069	mmd_Loss: 0.008263	l1_Loss: 0.002702
Train source2 iter: 90 [(85%)]	Loss: 0.041474	RUL_Loss: 0.026485	mmd_Loss: 0.012502	l1_Loss: 0.002493
Train source3 iter: 90 [(85%)]	Loss: 0.051103	RUL_Loss: 0.034814	mmd_Loss: 0.012807	l1_Loss: 0.003488


Train source1 iter: 100 [(94%)]	Loss: 0.027109	RUL_Loss: 0.016104	mmd_Loss: 0.008418	l1_Loss: 0.002589
Train source2 iter: 100 [(94%)]	Loss: 0.040327	RUL_Loss: 0.027091	mmd_Loss: 0.010689	l1_Loss: 0.002548
Train source3 iter: 100 [(94%)]	Loss: 0.050302	RUL_Loss: 0.035401	mmd_Loss: 0.011269	l1_Loss: 0.003634


Train epochs:17.000000	
Train source1 iter: 10 [(9%)]	Loss: 0.022882	RUL_Loss: 0.017482	mmd_Loss: 0.009424	l1_Loss: 0.002860
Train source2 iter: 10 [(9%)]	Loss: 0.032472	RUL_Loss: 0.026622	mmd_Loss: 0.010543	l1_Loss: 0.002766
Train source3 iter: 10 [(9%)]	Loss: 0.039738	RUL_Loss: 0.032222	mmd_Loss: 0.013891	l1_Loss: 0.003207


Train source1 iter: 20 [(19%)]	Loss: 0.023473	RUL_Loss: 0.015712	mmd_Loss: 0.007890	l1_Loss: 0.002643
Train source2 iter: 20 [(19%)]	Loss: 0.035770	RUL_Loss: 0.025491	mmd_Loss: 0.011283	l1_Loss: 0.002668
Train source3 iter: 20 [(19%)]	Loss: 0.044406	RUL_Loss: 0.031282	mmd_Loss: 0.013885	l1_Loss: 0.003928


Train source1 iter: 30 [(28%)]	Loss: 0.027371	RUL_Loss: 0.017061	mmd_Loss: 0.008661	l1_Loss: 0.002942
Train source2 iter: 30 [(28%)]	Loss: 0.036098	RUL_Loss: 0.024572	mmd_Loss: 0.010311	l1_Loss: 0.002660
Train source3 iter: 30 [(28%)]	Loss: 0.045905	RUL_Loss: 0.030758	mmd_Loss: 0.013802	l1_Loss: 0.003245


Train source1 iter: 40 [(38%)]	Loss: 0.026536	RUL_Loss: 0.015935	mmd_Loss: 0.008472	l1_Loss: 0.002628
Train source2 iter: 40 [(38%)]	Loss: 0.039743	RUL_Loss: 0.028523	mmd_Loss: 0.009334	l1_Loss: 0.002415
Train source3 iter: 40 [(38%)]	Loss: 0.050196	RUL_Loss: 0.034868	mmd_Loss: 0.012613	l1_Loss: 0.003436


Train source1 iter: 50 [(47%)]	Loss: 0.028067	RUL_Loss: 0.017184	mmd_Loss: 0.008538	l1_Loss: 0.002541
Train source2 iter: 50 [(47%)]	Loss: 0.040135	RUL_Loss: 0.027835	mmd_Loss: 0.009880	l1_Loss: 0.002642
Train source3 iter: 50 [(47%)]	Loss: 0.051572	RUL_Loss: 0.036425	mmd_Loss: 0.011999	l1_Loss: 0.003422


Train source1 iter: 60 [(57%)]	Loss: 0.027459	RUL_Loss: 0.016753	mmd_Loss: 0.008206	l1_Loss: 0.002575
Train source2 iter: 60 [(57%)]	Loss: 0.037394	RUL_Loss: 0.025164	mmd_Loss: 0.009748	l1_Loss: 0.002568
Train source3 iter: 60 [(57%)]	Loss: 0.049902	RUL_Loss: 0.033039	mmd_Loss: 0.013773	l1_Loss: 0.003208


Train source1 iter: 70 [(66%)]	Loss: 0.032252	RUL_Loss: 0.016981	mmd_Loss: 0.012579	l1_Loss: 0.002733
Train source2 iter: 70 [(66%)]	Loss: 0.045698	RUL_Loss: 0.028184	mmd_Loss: 0.014800	l1_Loss: 0.002762
Train source3 iter: 70 [(66%)]	Loss: 0.051889	RUL_Loss: 0.034433	mmd_Loss: 0.013769	l1_Loss: 0.003734


Train source1 iter: 80 [(75%)]	Loss: 0.027976	RUL_Loss: 0.016281	mmd_Loss: 0.008908	l1_Loss: 0.002799
Train source2 iter: 80 [(75%)]	Loss: 0.040281	RUL_Loss: 0.025643	mmd_Loss: 0.012114	l1_Loss: 0.002539
Train source3 iter: 80 [(75%)]	Loss: 0.052405	RUL_Loss: 0.034518	mmd_Loss: 0.014553	l1_Loss: 0.003353


Train source1 iter: 90 [(85%)]	Loss: 0.028101	RUL_Loss: 0.016563	mmd_Loss: 0.008651	l1_Loss: 0.002893
Train source2 iter: 90 [(85%)]	Loss: 0.038079	RUL_Loss: 0.026414	mmd_Loss: 0.008843	l1_Loss: 0.002827
Train source3 iter: 90 [(85%)]	Loss: 0.054173	RUL_Loss: 0.037333	mmd_Loss: 0.013107	l1_Loss: 0.003740


Train source1 iter: 100 [(94%)]	Loss: 0.025389	RUL_Loss: 0.014886	mmd_Loss: 0.007959	l1_Loss: 0.002546
Train source2 iter: 100 [(94%)]	Loss: 0.036868	RUL_Loss: 0.023722	mmd_Loss: 0.010544	l1_Loss: 0.002604
Train source3 iter: 100 [(94%)]	Loss: 0.051429	RUL_Loss: 0.034834	mmd_Loss: 0.012662	l1_Loss: 0.003936


Train epochs:18.000000	
Train source1 iter: 10 [(9%)]	Loss: 0.022979	RUL_Loss: 0.017033	mmd_Loss: 0.010422	l1_Loss: 0.003105
Train source2 iter: 10 [(9%)]	Loss: 0.031286	RUL_Loss: 0.025745	mmd_Loss: 0.009301	l1_Loss: 0.003306
Train source3 iter: 10 [(9%)]	Loss: 0.039147	RUL_Loss: 0.031190	mmd_Loss: 0.013890	l1_Loss: 0.004212


Train source1 iter: 20 [(19%)]	Loss: 0.026786	RUL_Loss: 0.016899	mmd_Loss: 0.010775	l1_Loss: 0.002644
Train source2 iter: 20 [(19%)]	Loss: 0.033745	RUL_Loss: 0.025340	mmd_Loss: 0.008677	l1_Loss: 0.002731
Train source3 iter: 20 [(19%)]	Loss: 0.043393	RUL_Loss: 0.031845	mmd_Loss: 0.011486	l1_Loss: 0.004188


Train source1 iter: 30 [(28%)]	Loss: 0.030400	RUL_Loss: 0.018147	mmd_Loss: 0.011106	l1_Loss: 0.002683
Train source2 iter: 30 [(28%)]	Loss: 0.036656	RUL_Loss: 0.026780	mmd_Loss: 0.008411	l1_Loss: 0.002703
Train source3 iter: 30 [(28%)]	Loss: 0.049734	RUL_Loss: 0.035944	mmd_Loss: 0.012017	l1_Loss: 0.003503


Train source1 iter: 40 [(38%)]	Loss: 0.027205	RUL_Loss: 0.016503	mmd_Loss: 0.008553	l1_Loss: 0.002652
Train source2 iter: 40 [(38%)]	Loss: 0.035937	RUL_Loss: 0.025385	mmd_Loss: 0.008492	l1_Loss: 0.002556
Train source3 iter: 40 [(38%)]	Loss: 0.045851	RUL_Loss: 0.031512	mmd_Loss: 0.011123	l1_Loss: 0.003890


Train source1 iter: 50 [(47%)]	Loss: 0.029280	RUL_Loss: 0.017202	mmd_Loss: 0.009809	l1_Loss: 0.002487
Train source2 iter: 50 [(47%)]	Loss: 0.041839	RUL_Loss: 0.027042	mmd_Loss: 0.012413	l1_Loss: 0.002652
Train source3 iter: 50 [(47%)]	Loss: 0.048971	RUL_Loss: 0.033043	mmd_Loss: 0.012218	l1_Loss: 0.003998


Train source1 iter: 60 [(57%)]	Loss: 0.031340	RUL_Loss: 0.019207	mmd_Loss: 0.009616	l1_Loss: 0.002601
Train source2 iter: 60 [(57%)]	Loss: 0.035155	RUL_Loss: 0.023597	mmd_Loss: 0.009012	l1_Loss: 0.002627
Train source3 iter: 60 [(57%)]	Loss: 0.049781	RUL_Loss: 0.033975	mmd_Loss: 0.012236	l1_Loss: 0.003681


Train source1 iter: 70 [(66%)]	Loss: 0.025150	RUL_Loss: 0.016097	mmd_Loss: 0.006392	l1_Loss: 0.002686
Train source2 iter: 70 [(66%)]	Loss: 0.041999	RUL_Loss: 0.026212	mmd_Loss: 0.013186	l1_Loss: 0.002644
Train source3 iter: 70 [(66%)]	Loss: 0.044832	RUL_Loss: 0.028903	mmd_Loss: 0.011969	l1_Loss: 0.004003


Train source1 iter: 80 [(75%)]	Loss: 0.030486	RUL_Loss: 0.019503	mmd_Loss: 0.008550	l1_Loss: 0.002444
Train source2 iter: 80 [(75%)]	Loss: 0.037980	RUL_Loss: 0.025107	mmd_Loss: 0.009984	l1_Loss: 0.002903
Train source3 iter: 80 [(75%)]	Loss: 0.050670	RUL_Loss: 0.034932	mmd_Loss: 0.011994	l1_Loss: 0.003761


Train source1 iter: 90 [(85%)]	Loss: 0.028823	RUL_Loss: 0.017366	mmd_Loss: 0.008782	l1_Loss: 0.002680
Train source2 iter: 90 [(85%)]	Loss: 0.038165	RUL_Loss: 0.024854	mmd_Loss: 0.010489	l1_Loss: 0.002828
Train source3 iter: 90 [(85%)]	Loss: 0.049152	RUL_Loss: 0.032705	mmd_Loss: 0.012577	l1_Loss: 0.003876


Train source1 iter: 100 [(94%)]	Loss: 0.025446	RUL_Loss: 0.015772	mmd_Loss: 0.006929	l1_Loss: 0.002746
Train source2 iter: 100 [(94%)]	Loss: 0.038396	RUL_Loss: 0.025997	mmd_Loss: 0.009880	l1_Loss: 0.002521
Train source3 iter: 100 [(94%)]	Loss: 0.048577	RUL_Loss: 0.032683	mmd_Loss: 0.012542	l1_Loss: 0.003354


Train epochs:19.000000	
Train source1 iter: 10 [(9%)]	Loss: 0.021563	RUL_Loss: 0.016358	mmd_Loss: 0.009516	l1_Loss: 0.002325
Train source2 iter: 10 [(9%)]	Loss: 0.034766	RUL_Loss: 0.027625	mmd_Loss: 0.013772	l1_Loss: 0.002473
Train source3 iter: 10 [(9%)]	Loss: 0.039702	RUL_Loss: 0.032544	mmd_Loss: 0.012855	l1_Loss: 0.003427


Train source1 iter: 20 [(19%)]	Loss: 0.025271	RUL_Loss: 0.016955	mmd_Loss: 0.008976	l1_Loss: 0.002311
Train source2 iter: 20 [(19%)]	Loss: 0.032258	RUL_Loss: 0.024464	mmd_Loss: 0.008184	l1_Loss: 0.002395
Train source3 iter: 20 [(19%)]	Loss: 0.046209	RUL_Loss: 0.034474	mmd_Loss: 0.012158	l1_Loss: 0.003769


Train source1 iter: 30 [(28%)]	Loss: 0.026238	RUL_Loss: 0.016815	mmd_Loss: 0.008072	l1_Loss: 0.002533
Train source2 iter: 30 [(28%)]	Loss: 0.036397	RUL_Loss: 0.024191	mmd_Loss: 0.011110	l1_Loss: 0.002626
Train source3 iter: 30 [(28%)]	Loss: 0.044849	RUL_Loss: 0.031833	mmd_Loss: 0.011497	l1_Loss: 0.003151


Train source1 iter: 40 [(38%)]	Loss: 0.028753	RUL_Loss: 0.015680	mmd_Loss: 0.011060	l1_Loss: 0.002627
Train source2 iter: 40 [(38%)]	Loss: 0.035695	RUL_Loss: 0.024191	mmd_Loss: 0.009558	l1_Loss: 0.002486
Train source3 iter: 40 [(38%)]	Loss: 0.052746	RUL_Loss: 0.036152	mmd_Loss: 0.013522	l1_Loss: 0.003852


Train source1 iter: 50 [(47%)]	Loss: 0.026373	RUL_Loss: 0.016230	mmd_Loss: 0.008085	l1_Loss: 0.002242
Train source2 iter: 50 [(47%)]	Loss: 0.037860	RUL_Loss: 0.024014	mmd_Loss: 0.011257	l1_Loss: 0.002839
Train source3 iter: 50 [(47%)]	Loss: 0.047070	RUL_Loss: 0.033206	mmd_Loss: 0.010648	l1_Loss: 0.003466


Train source1 iter: 60 [(57%)]	Loss: 0.026071	RUL_Loss: 0.015707	mmd_Loss: 0.008053	l1_Loss: 0.002383
Train source2 iter: 60 [(57%)]	Loss: 0.037265	RUL_Loss: 0.023344	mmd_Loss: 0.011474	l1_Loss: 0.002545
Train source3 iter: 60 [(57%)]	Loss: 0.049534	RUL_Loss: 0.034889	mmd_Loss: 0.011117	l1_Loss: 0.003630


Train source1 iter: 70 [(66%)]	Loss: 0.027551	RUL_Loss: 0.015744	mmd_Loss: 0.009338	l1_Loss: 0.002502
Train source2 iter: 70 [(66%)]	Loss: 0.035651	RUL_Loss: 0.023601	mmd_Loss: 0.009436	l1_Loss: 0.002647
Train source3 iter: 70 [(66%)]	Loss: 0.047378	RUL_Loss: 0.031969	mmd_Loss: 0.011685	l1_Loss: 0.003766


Train source1 iter: 80 [(75%)]	Loss: 0.027855	RUL_Loss: 0.016695	mmd_Loss: 0.008652	l1_Loss: 0.002520
Train source2 iter: 80 [(75%)]	Loss: 0.036199	RUL_Loss: 0.023152	mmd_Loss: 0.010272	l1_Loss: 0.002789
Train source3 iter: 80 [(75%)]	Loss: 0.048584	RUL_Loss: 0.034262	mmd_Loss: 0.011080	l1_Loss: 0.003257


Train source1 iter: 90 [(85%)]	Loss: 0.026305	RUL_Loss: 0.017614	mmd_Loss: 0.006455	l1_Loss: 0.002239
Train source2 iter: 90 [(85%)]	Loss: 0.036315	RUL_Loss: 0.024027	mmd_Loss: 0.009680	l1_Loss: 0.002613
Train source3 iter: 90 [(85%)]	Loss: 0.050314	RUL_Loss: 0.033355	mmd_Loss: 0.013730	l1_Loss: 0.003237


Train source1 iter: 100 [(94%)]	Loss: 0.027053	RUL_Loss: 0.015446	mmd_Loss: 0.009065	l1_Loss: 0.002543
Train source2 iter: 100 [(94%)]	Loss: 0.038097	RUL_Loss: 0.025716	mmd_Loss: 0.009786	l1_Loss: 0.002597
Train source3 iter: 100 [(94%)]	Loss: 0.045873	RUL_Loss: 0.031747	mmd_Loss: 0.011013	l1_Loss: 0.003116


Train epochs:20.000000	
Train source1 iter: 10 [(9%)]	Loss: 0.028370	RUL_Loss: 0.023307	mmd_Loss: 0.008306	l1_Loss: 0.003213
Train source2 iter: 10 [(9%)]	Loss: 0.029083	RUL_Loss: 0.024160	mmd_Loss: 0.008364	l1_Loss: 0.002835
Train source3 iter: 10 [(9%)]	Loss: 0.042456	RUL_Loss: 0.035746	mmd_Loss: 0.011321	l1_Loss: 0.003943


Train source1 iter: 20 [(19%)]	Loss: 0.028664	RUL_Loss: 0.019283	mmd_Loss: 0.010126	l1_Loss: 0.002606
Train source2 iter: 20 [(19%)]	Loss: 0.032157	RUL_Loss: 0.023733	mmd_Loss: 0.008927	l1_Loss: 0.002506
Train source3 iter: 20 [(19%)]	Loss: 0.048158	RUL_Loss: 0.036591	mmd_Loss: 0.011897	l1_Loss: 0.003802


Train source1 iter: 30 [(28%)]	Loss: 0.026364	RUL_Loss: 0.017925	mmd_Loss: 0.007011	l1_Loss: 0.002486
Train source2 iter: 30 [(28%)]	Loss: 0.045492	RUL_Loss: 0.027448	mmd_Loss: 0.017826	l1_Loss: 0.002481
Train source3 iter: 30 [(28%)]	Loss: 0.048825	RUL_Loss: 0.033186	mmd_Loss: 0.014269	l1_Loss: 0.003332


Train source1 iter: 40 [(38%)]	Loss: 0.032330	RUL_Loss: 0.020033	mmd_Loss: 0.010330	l1_Loss: 0.002545
Train source2 iter: 40 [(38%)]	Loss: 0.035532	RUL_Loss: 0.026279	mmd_Loss: 0.007388	l1_Loss: 0.002300
Train source3 iter: 40 [(38%)]	Loss: 0.049439	RUL_Loss: 0.034472	mmd_Loss: 0.011660	l1_Loss: 0.004011


Train source1 iter: 50 [(47%)]	Loss: 0.030579	RUL_Loss: 0.018507	mmd_Loss: 0.009751	l1_Loss: 0.002539
Train source2 iter: 50 [(47%)]	Loss: 0.036100	RUL_Loss: 0.022280	mmd_Loss: 0.011434	l1_Loss: 0.002635
Train source3 iter: 50 [(47%)]	Loss: 0.049640	RUL_Loss: 0.032577	mmd_Loss: 0.013539	l1_Loss: 0.003831


Train source1 iter: 60 [(57%)]	Loss: 0.031152	RUL_Loss: 0.019437	mmd_Loss: 0.009459	l1_Loss: 0.002338
Train source2 iter: 60 [(57%)]	Loss: 0.037168	RUL_Loss: 0.024733	mmd_Loss: 0.010157	l1_Loss: 0.002364
Train source3 iter: 60 [(57%)]	Loss: 0.046516	RUL_Loss: 0.030717	mmd_Loss: 0.012234	l1_Loss: 0.003675


Train source1 iter: 70 [(66%)]	Loss: 0.030856	RUL_Loss: 0.017622	mmd_Loss: 0.010793	l1_Loss: 0.002478
Train source2 iter: 70 [(66%)]	Loss: 0.035223	RUL_Loss: 0.024062	mmd_Loss: 0.008441	l1_Loss: 0.002751
Train source3 iter: 70 [(66%)]	Loss: 0.047627	RUL_Loss: 0.031710	mmd_Loss: 0.012858	l1_Loss: 0.003102


Train source1 iter: 80 [(75%)]	Loss: 0.030287	RUL_Loss: 0.018959	mmd_Loss: 0.008574	l1_Loss: 0.002766
Train source2 iter: 80 [(75%)]	Loss: 0.035138	RUL_Loss: 0.023945	mmd_Loss: 0.008704	l1_Loss: 0.002501
Train source3 iter: 80 [(75%)]	Loss: 0.051760	RUL_Loss: 0.035007	mmd_Loss: 0.012993	l1_Loss: 0.003778


Train source1 iter: 90 [(85%)]	Loss: 0.032577	RUL_Loss: 0.020676	mmd_Loss: 0.009210	l1_Loss: 0.002695
Train source2 iter: 90 [(85%)]	Loss: 0.037662	RUL_Loss: 0.026268	mmd_Loss: 0.008610	l1_Loss: 0.002789
Train source3 iter: 90 [(85%)]	Loss: 0.050044	RUL_Loss: 0.033387	mmd_Loss: 0.012469	l1_Loss: 0.004196


Train source1 iter: 100 [(94%)]	Loss: 0.027736	RUL_Loss: 0.016320	mmd_Loss: 0.008962	l1_Loss: 0.002455
Train source2 iter: 100 [(94%)]	Loss: 0.040507	RUL_Loss: 0.026770	mmd_Loss: 0.011513	l1_Loss: 0.002227
Train source3 iter: 100 [(94%)]	Loss: 0.052882	RUL_Loss: 0.035683	mmd_Loss: 0.012970	l1_Loss: 0.004232


Train epochs:21.000000	
Train source1 iter: 10 [(9%)]	Loss: 0.029247	RUL_Loss: 0.022079	mmd_Loss: 0.013691	l1_Loss: 0.002616
Train source2 iter: 10 [(9%)]	Loss: 0.030665	RUL_Loss: 0.025913	mmd_Loss: 0.008189	l1_Loss: 0.002621
Train source3 iter: 10 [(9%)]	Loss: 0.040849	RUL_Loss: 0.033580	mmd_Loss: 0.013337	l1_Loss: 0.003201


Train source1 iter: 20 [(19%)]	Loss: 0.026491	RUL_Loss: 0.018911	mmd_Loss: 0.007647	l1_Loss: 0.002641
Train source2 iter: 20 [(19%)]	Loss: 0.036548	RUL_Loss: 0.025859	mmd_Loss: 0.011862	l1_Loss: 0.002645
Train source3 iter: 20 [(19%)]	Loss: 0.044162	RUL_Loss: 0.031583	mmd_Loss: 0.013260	l1_Loss: 0.003812


Train source1 iter: 30 [(28%)]	Loss: 0.032870	RUL_Loss: 0.022029	mmd_Loss: 0.009630	l1_Loss: 0.002570
Train source2 iter: 30 [(28%)]	Loss: 0.034292	RUL_Loss: 0.022455	mmd_Loss: 0.010839	l1_Loss: 0.002481
Train source3 iter: 30 [(28%)]	Loss: 0.046219	RUL_Loss: 0.032595	mmd_Loss: 0.012062	l1_Loss: 0.003271


Train source1 iter: 40 [(38%)]	Loss: 0.035189	RUL_Loss: 0.021468	mmd_Loss: 0.011884	l1_Loss: 0.002483
Train source2 iter: 40 [(38%)]	Loss: 0.033761	RUL_Loss: 0.021828	mmd_Loss: 0.009783	l1_Loss: 0.002710
Train source3 iter: 40 [(38%)]	Loss: 0.046081	RUL_Loss: 0.030530	mmd_Loss: 0.013203	l1_Loss: 0.003079


Train source1 iter: 50 [(47%)]	Loss: 0.032670	RUL_Loss: 0.020941	mmd_Loss: 0.009582	l1_Loss: 0.002359
Train source2 iter: 50 [(47%)]	Loss: 0.035454	RUL_Loss: 0.023698	mmd_Loss: 0.009265	l1_Loss: 0.002702
Train source3 iter: 50 [(47%)]	Loss: 0.047481	RUL_Loss: 0.031602	mmd_Loss: 0.012671	l1_Loss: 0.003495


Train source1 iter: 60 [(57%)]	Loss: 0.036232	RUL_Loss: 0.021501	mmd_Loss: 0.012336	l1_Loss: 0.002498
Train source2 iter: 60 [(57%)]	Loss: 0.040127	RUL_Loss: 0.025406	mmd_Loss: 0.012148	l1_Loss: 0.002675
Train source3 iter: 60 [(57%)]	Loss: 0.051294	RUL_Loss: 0.034583	mmd_Loss: 0.013544	l1_Loss: 0.003284


Train source1 iter: 70 [(66%)]	Loss: 0.031150	RUL_Loss: 0.018221	mmd_Loss: 0.010493	l1_Loss: 0.002471
Train source2 iter: 70 [(66%)]	Loss: 0.040899	RUL_Loss: 0.025878	mmd_Loss: 0.012580	l1_Loss: 0.002481
Train source3 iter: 70 [(66%)]	Loss: 0.047037	RUL_Loss: 0.032081	mmd_Loss: 0.011311	l1_Loss: 0.003685


Train source1 iter: 80 [(75%)]	Loss: 0.031174	RUL_Loss: 0.019035	mmd_Loss: 0.009653	l1_Loss: 0.002498
Train source2 iter: 80 [(75%)]	Loss: 0.045738	RUL_Loss: 0.026512	mmd_Loss: 0.016397	l1_Loss: 0.002850
Train source3 iter: 80 [(75%)]	Loss: 0.046703	RUL_Loss: 0.029599	mmd_Loss: 0.013855	l1_Loss: 0.003267


Train source1 iter: 90 [(85%)]	Loss: 0.033950	RUL_Loss: 0.022601	mmd_Loss: 0.008614	l1_Loss: 0.002739
Train source2 iter: 90 [(85%)]	Loss: 0.038125	RUL_Loss: 0.025641	mmd_Loss: 0.009989	l1_Loss: 0.002500
Train source3 iter: 90 [(85%)]	Loss: 0.049228	RUL_Loss: 0.032994	mmd_Loss: 0.012704	l1_Loss: 0.003536


Train source1 iter: 100 [(94%)]	Loss: 0.043416	RUL_Loss: 0.024322	mmd_Loss: 0.016429	l1_Loss: 0.002669
Train source2 iter: 100 [(94%)]	Loss: 0.037427	RUL_Loss: 0.026048	mmd_Loss: 0.008837	l1_Loss: 0.002544
Train source3 iter: 100 [(94%)]	Loss: 0.047263	RUL_Loss: 0.031454	mmd_Loss: 0.012539	l1_Loss: 0.003273


Train epochs:22.000000	
Train source1 iter: 10 [(9%)]	Loss: 0.027074	RUL_Loss: 0.021609	mmd_Loss: 0.009543	l1_Loss: 0.002890
Train source2 iter: 10 [(9%)]	Loss: 0.029696	RUL_Loss: 0.024255	mmd_Loss: 0.009708	l1_Loss: 0.002671
Train source3 iter: 10 [(9%)]	Loss: 0.041472	RUL_Loss: 0.034462	mmd_Loss: 0.011905	l1_Loss: 0.004044


Train source1 iter: 20 [(19%)]	Loss: 0.027124	RUL_Loss: 0.018875	mmd_Loss: 0.008668	l1_Loss: 0.002529
Train source2 iter: 20 [(19%)]	Loss: 0.034078	RUL_Loss: 0.025136	mmd_Loss: 0.009468	l1_Loss: 0.002668
Train source3 iter: 20 [(19%)]	Loss: 0.044162	RUL_Loss: 0.033128	mmd_Loss: 0.011959	l1_Loss: 0.003017


Train source1 iter: 30 [(28%)]	Loss: 0.031818	RUL_Loss: 0.020208	mmd_Loss: 0.009940	l1_Loss: 0.003126
Train source2 iter: 30 [(28%)]	Loss: 0.035141	RUL_Loss: 0.025707	mmd_Loss: 0.008166	l1_Loss: 0.002451
Train source3 iter: 30 [(28%)]	Loss: 0.048724	RUL_Loss: 0.035002	mmd_Loss: 0.012393	l1_Loss: 0.003049


Train source1 iter: 40 [(38%)]	Loss: 0.029951	RUL_Loss: 0.018730	mmd_Loss: 0.009440	l1_Loss: 0.002308
Train source2 iter: 40 [(38%)]	Loss: 0.039447	RUL_Loss: 0.025959	mmd_Loss: 0.012010	l1_Loss: 0.002113
Train source3 iter: 40 [(38%)]	Loss: 0.048188	RUL_Loss: 0.033509	mmd_Loss: 0.011577	l1_Loss: 0.003792


Train source1 iter: 50 [(47%)]	Loss: 0.028639	RUL_Loss: 0.016768	mmd_Loss: 0.009607	l1_Loss: 0.002478
Train source2 iter: 50 [(47%)]	Loss: 0.034315	RUL_Loss: 0.024214	mmd_Loss: 0.007963	l1_Loss: 0.002320
Train source3 iter: 50 [(47%)]	Loss: 0.047408	RUL_Loss: 0.031750	mmd_Loss: 0.012555	l1_Loss: 0.003385


Train source1 iter: 60 [(57%)]	Loss: 0.031626	RUL_Loss: 0.019902	mmd_Loss: 0.009228	l1_Loss: 0.002578
Train source2 iter: 60 [(57%)]	Loss: 0.033969	RUL_Loss: 0.023078	mmd_Loss: 0.007953	l1_Loss: 0.003014
Train source3 iter: 60 [(57%)]	Loss: 0.046117	RUL_Loss: 0.030369	mmd_Loss: 0.012581	l1_Loss: 0.003278


Train source1 iter: 70 [(66%)]	Loss: 0.030287	RUL_Loss: 0.019297	mmd_Loss: 0.008841	l1_Loss: 0.002179
Train source2 iter: 70 [(66%)]	Loss: 0.034777	RUL_Loss: 0.023311	mmd_Loss: 0.008813	l1_Loss: 0.002685
Train source3 iter: 70 [(66%)]	Loss: 0.044066	RUL_Loss: 0.029929	mmd_Loss: 0.010997	l1_Loss: 0.003179


Train source1 iter: 80 [(75%)]	Loss: 0.033085	RUL_Loss: 0.021745	mmd_Loss: 0.008805	l1_Loss: 0.002546
Train source2 iter: 80 [(75%)]	Loss: 0.042148	RUL_Loss: 0.025089	mmd_Loss: 0.014538	l1_Loss: 0.002539
Train source3 iter: 80 [(75%)]	Loss: 0.049619	RUL_Loss: 0.031471	mmd_Loss: 0.014628	l1_Loss: 0.003539


Train source1 iter: 90 [(85%)]	Loss: 0.031642	RUL_Loss: 0.019003	mmd_Loss: 0.010108	l1_Loss: 0.002536
Train source2 iter: 90 [(85%)]	Loss: 0.036829	RUL_Loss: 0.025435	mmd_Loss: 0.008925	l1_Loss: 0.002473
Train source3 iter: 90 [(85%)]	Loss: 0.049926	RUL_Loss: 0.033697	mmd_Loss: 0.012017	l1_Loss: 0.004218


Train source1 iter: 100 [(94%)]	Loss: 0.031062	RUL_Loss: 0.018604	mmd_Loss: 0.010112	l1_Loss: 0.002348
Train source2 iter: 100 [(94%)]	Loss: 0.036647	RUL_Loss: 0.024047	mmd_Loss: 0.010357	l1_Loss: 0.002244
Train source3 iter: 100 [(94%)]	Loss: 0.049562	RUL_Loss: 0.033553	mmd_Loss: 0.012394	l1_Loss: 0.003617


Train epochs:23.000000	
