当前日期和时间： 2023-03-15_11_34_10
training settings:	 lr: 0.001 momentum: 0.9 l2_decay: 0.01 optimizer: Adam seed: 7
model architecture:
 MFSAN(
  (sharedNet): CFE(
    (conv1): Conv1d(14, 32, kernel_size=(3,), stride=(1,), padding=(1,), bias=False)
    (bn1): BatchNorm1d(32, eps=1e-05, momentum=0.1, affine=True, track_running_stats=True)
    (conv2): Conv1d(32, 64, kernel_size=(2,), stride=(1,), padding=(1,), bias=False)
    (bn2): BatchNorm1d(64, eps=1e-05, momentum=0.1, affine=True, track_running_stats=True)
    (conv3): Conv1d(64, 128, kernel_size=(2,), stride=(1,), bias=False)
    (bn3): BatchNorm1d(128, eps=1e-05, momentum=0.1, affine=True, track_running_stats=True)
    (relu): ReLU(inplace=True)
    (flatten): Flatten(start_dim=1, end_dim=-1)
  )
  (sonnet1): DFE(
    (rnn): LSTM(128, 100, num_layers=2, batch_first=True, dropout=0.2, bidirectional=True)
  )
  (sonnet2): DFE(
    (rnn): LSTM(128, 100, num_layers=2, batch_first=True, dropout=0.2, bidirectional=True)
  )
  (sonnet3): DFE(
    (rnn): LSTM(128, 100, num_layers=2, batch_first=True, dropout=0.2, bidirectional=True)
  )
  (rul_fc_son1): Linear(in_features=199, out_features=1, bias=True)
  (rul_fc_son2): Linear(in_features=199, out_features=1, bias=True)
  (rul_fc_son3): Linear(in_features=199, out_features=1, bias=True)
  (avgpool): AvgPool1d(kernel_size=(2,), stride=(1,), padding=(0,))
)
FD001 FD002 FD004 to FD003
Train source1 iter: 10 [(9%)]	Loss: 0.085035	RUL_Loss: 0.040385	mmd_Loss: 0.031824	l1_Loss: 0.069751
Train source2 iter: 10 [(9%)]	Loss: 0.159943	RUL_Loss: 0.114849	mmd_Loss: 0.028329	l1_Loss: 0.074256
Train source3 iter: 10 [(9%)]	Loss: 0.510004	RUL_Loss: 0.425188	mmd_Loss: 0.065348	l1_Loss: 0.127603


Train source1 iter: 20 [(19%)]	Loss: 0.115400	RUL_Loss: 0.043152	mmd_Loss: 0.030204	l1_Loss: 0.067855
Train source2 iter: 20 [(19%)]	Loss: 0.180543	RUL_Loss: 0.112850	mmd_Loss: 0.025559	l1_Loss: 0.066319
Train source3 iter: 20 [(19%)]	Loss: 0.539304	RUL_Loss: 0.404718	mmd_Loss: 0.061213	l1_Loss: 0.121456


Train source1 iter: 30 [(28%)]	Loss: 0.130107	RUL_Loss: 0.044404	mmd_Loss: 0.029553	l1_Loss: 0.066898
Train source2 iter: 30 [(28%)]	Loss: 0.192454	RUL_Loss: 0.105165	mmd_Loss: 0.030963	l1_Loss: 0.067272
Train source3 iter: 30 [(28%)]	Loss: 0.581757	RUL_Loss: 0.417837	mmd_Loss: 0.065032	l1_Loss: 0.119444


Train source1 iter: 40 [(38%)]	Loss: 0.136128	RUL_Loss: 0.044855	mmd_Loss: 0.029269	l1_Loss: 0.066296
Train source2 iter: 40 [(38%)]	Loss: 0.204799	RUL_Loss: 0.115207	mmd_Loss: 0.026034	l1_Loss: 0.067771
Train source3 iter: 40 [(38%)]	Loss: 0.608283	RUL_Loss: 0.439127	mmd_Loss: 0.057398	l1_Loss: 0.119711


Train source1 iter: 50 [(47%)]	Loss: 0.137457	RUL_Loss: 0.040639	mmd_Loss: 0.031398	l1_Loss: 0.067166
Train source2 iter: 50 [(47%)]	Loss: 0.207824	RUL_Loss: 0.111964	mmd_Loss: 0.028678	l1_Loss: 0.068912
Train source3 iter: 50 [(47%)]	Loss: 0.630591	RUL_Loss: 0.446513	mmd_Loss: 0.063974	l1_Loss: 0.123426


Train source1 iter: 60 [(57%)]	Loss: 0.138534	RUL_Loss: 0.043617	mmd_Loss: 0.029329	l1_Loss: 0.066251
Train source2 iter: 60 [(57%)]	Loss: 0.202312	RUL_Loss: 0.110720	mmd_Loss: 0.026281	l1_Loss: 0.065951
Train source3 iter: 60 [(57%)]	Loss: 0.635558	RUL_Loss: 0.455749	mmd_Loss: 0.062892	l1_Loss: 0.118173


Train source1 iter: 70 [(66%)]	Loss: 0.138398	RUL_Loss: 0.039658	mmd_Loss: 0.032492	l1_Loss: 0.066516
Train source2 iter: 70 [(66%)]	Loss: 0.204342	RUL_Loss: 0.110997	mmd_Loss: 0.027167	l1_Loss: 0.066431
Train source3 iter: 70 [(66%)]	Loss: 0.598973	RUL_Loss: 0.419539	mmd_Loss: 0.060868	l1_Loss: 0.119054


Train source1 iter: 80 [(75%)]	Loss: 0.134976	RUL_Loss: 0.040040	mmd_Loss: 0.029622	l1_Loss: 0.065414
Train source2 iter: 80 [(75%)]	Loss: 0.207505	RUL_Loss: 0.114564	mmd_Loss: 0.025416	l1_Loss: 0.067623
Train source3 iter: 80 [(75%)]	Loss: 0.593088	RUL_Loss: 0.413539	mmd_Loss: 0.059198	l1_Loss: 0.120540


Train source1 iter: 90 [(85%)]	Loss: 0.141599	RUL_Loss: 0.042707	mmd_Loss: 0.031406	l1_Loss: 0.067526
Train source2 iter: 90 [(85%)]	Loss: 0.206521	RUL_Loss: 0.111184	mmd_Loss: 0.028820	l1_Loss: 0.066557
Train source3 iter: 90 [(85%)]	Loss: 0.599150	RUL_Loss: 0.421567	mmd_Loss: 0.058232	l1_Loss: 0.119424


Train source1 iter: 100 [(94%)]	Loss: 0.138014	RUL_Loss: 0.041214	mmd_Loss: 0.029658	l1_Loss: 0.067158
Train source2 iter: 100 [(94%)]	Loss: 0.211386	RUL_Loss: 0.115112	mmd_Loss: 0.028474	l1_Loss: 0.067815
Train source3 iter: 100 [(94%)]	Loss: 0.624115	RUL_Loss: 0.447709	mmd_Loss: 0.057252	l1_Loss: 0.119183


Train epochs:1.000000	
Train source1 iter: 10 [(9%)]	Loss: 0.060558	RUL_Loss: 0.040711	mmd_Loss: 0.021860	l1_Loss: 0.023291
Train source2 iter: 10 [(9%)]	Loss: 0.128219	RUL_Loss: 0.110792	mmd_Loss: 0.017266	l1_Loss: 0.022379
Train source3 iter: 10 [(9%)]	Loss: 0.283900	RUL_Loss: 0.255231	mmd_Loss: 0.030344	l1_Loss: 0.034876


Train source1 iter: 20 [(19%)]	Loss: 0.068823	RUL_Loss: 0.037084	mmd_Loss: 0.018178	l1_Loss: 0.024900
Train source2 iter: 20 [(19%)]	Loss: 0.138583	RUL_Loss: 0.110637	mmd_Loss: 0.016880	l1_Loss: 0.021050
Train source3 iter: 20 [(19%)]	Loss: 0.286217	RUL_Loss: 0.239252	mmd_Loss: 0.027537	l1_Loss: 0.036207


Train source1 iter: 30 [(28%)]	Loss: 0.073971	RUL_Loss: 0.035637	mmd_Loss: 0.019934	l1_Loss: 0.023207
Train source2 iter: 30 [(28%)]	Loss: 0.142075	RUL_Loss: 0.106506	mmd_Loss: 0.018727	l1_Loss: 0.021301
Train source3 iter: 30 [(28%)]	Loss: 0.306429	RUL_Loss: 0.245513	mmd_Loss: 0.032262	l1_Loss: 0.036293


Train source1 iter: 40 [(38%)]	Loss: 0.081812	RUL_Loss: 0.036128	mmd_Loss: 0.024618	l1_Loss: 0.023215
Train source2 iter: 40 [(38%)]	Loss: 0.148550	RUL_Loss: 0.111988	mmd_Loss: 0.017121	l1_Loss: 0.021160
Train source3 iter: 40 [(38%)]	Loss: 0.320871	RUL_Loss: 0.257067	mmd_Loss: 0.031466	l1_Loss: 0.035338


Train source1 iter: 50 [(47%)]	Loss: 0.084166	RUL_Loss: 0.034939	mmd_Loss: 0.027363	l1_Loss: 0.022752
Train source2 iter: 50 [(47%)]	Loss: 0.147469	RUL_Loss: 0.111742	mmd_Loss: 0.016202	l1_Loss: 0.020170
Train source3 iter: 50 [(47%)]	Loss: 0.325346	RUL_Loss: 0.260505	mmd_Loss: 0.030377	l1_Loss: 0.035634


Train source1 iter: 60 [(57%)]	Loss: 0.081182	RUL_Loss: 0.038426	mmd_Loss: 0.018206	l1_Loss: 0.024849
Train source2 iter: 60 [(57%)]	Loss: 0.141312	RUL_Loss: 0.098969	mmd_Loss: 0.021289	l1_Loss: 0.021350
Train source3 iter: 60 [(57%)]	Loss: 0.313625	RUL_Loss: 0.248708	mmd_Loss: 0.030220	l1_Loss: 0.035150


Train source1 iter: 70 [(66%)]	Loss: 0.081301	RUL_Loss: 0.035042	mmd_Loss: 0.021627	l1_Loss: 0.024758
Train source2 iter: 70 [(66%)]	Loss: 0.144032	RUL_Loss: 0.105503	mmd_Loss: 0.017482	l1_Loss: 0.021152
Train source3 iter: 70 [(66%)]	Loss: 0.315796	RUL_Loss: 0.247061	mmd_Loss: 0.034726	l1_Loss: 0.034195


Train source1 iter: 80 [(75%)]	Loss: 0.082497	RUL_Loss: 0.036660	mmd_Loss: 0.022611	l1_Loss: 0.023275
Train source2 iter: 80 [(75%)]	Loss: 0.148808	RUL_Loss: 0.108191	mmd_Loss: 0.019312	l1_Loss: 0.021349
Train source3 iter: 80 [(75%)]	Loss: 0.321365	RUL_Loss: 0.256095	mmd_Loss: 0.029219	l1_Loss: 0.036120


Train source1 iter: 90 [(85%)]	Loss: 0.081221	RUL_Loss: 0.035941	mmd_Loss: 0.021364	l1_Loss: 0.023935
Train source2 iter: 90 [(85%)]	Loss: 0.144071	RUL_Loss: 0.106659	mmd_Loss: 0.016530	l1_Loss: 0.020898
Train source3 iter: 90 [(85%)]	Loss: 0.303276	RUL_Loss: 0.238219	mmd_Loss: 0.030179	l1_Loss: 0.034905


Train source1 iter: 100 [(94%)]	Loss: 0.079487	RUL_Loss: 0.034216	mmd_Loss: 0.021741	l1_Loss: 0.023537
Train source2 iter: 100 [(94%)]	Loss: 0.148088	RUL_Loss: 0.111235	mmd_Loss: 0.016020	l1_Loss: 0.020840
Train source3 iter: 100 [(94%)]	Loss: 0.329679	RUL_Loss: 0.264871	mmd_Loss: 0.029816	l1_Loss: 0.035003


Train epochs:2.000000	
Train source1 iter: 10 [(9%)]	Loss: 0.053690	RUL_Loss: 0.036784	mmd_Loss: 0.025025	l1_Loss: 0.013433
Train source2 iter: 10 [(9%)]	Loss: 0.122526	RUL_Loss: 0.110647	mmd_Loss: 0.015348	l1_Loss: 0.011676
Train source3 iter: 10 [(9%)]	Loss: 0.195843	RUL_Loss: 0.177297	mmd_Loss: 0.023513	l1_Loss: 0.018677


Train source1 iter: 20 [(19%)]	Loss: 0.062900	RUL_Loss: 0.036968	mmd_Loss: 0.021052	l1_Loss: 0.014143
Train source2 iter: 20 [(19%)]	Loss: 0.125930	RUL_Loss: 0.104995	mmd_Loss: 0.016890	l1_Loss: 0.011526
Train source3 iter: 20 [(19%)]	Loss: 0.206176	RUL_Loss: 0.177837	mmd_Loss: 0.021549	l1_Loss: 0.016915


Train source1 iter: 30 [(28%)]	Loss: 0.066687	RUL_Loss: 0.036812	mmd_Loss: 0.020695	l1_Loss: 0.012927
Train source2 iter: 30 [(28%)]	Loss: 0.133711	RUL_Loss: 0.110057	mmd_Loss: 0.015491	l1_Loss: 0.011130
Train source3 iter: 30 [(28%)]	Loss: 0.217311	RUL_Loss: 0.179380	mmd_Loss: 0.025348	l1_Loss: 0.017340


Train source1 iter: 40 [(38%)]	Loss: 0.066147	RUL_Loss: 0.032332	mmd_Loss: 0.022757	l1_Loss: 0.012648
Train source2 iter: 40 [(38%)]	Loss: 0.133996	RUL_Loss: 0.107741	mmd_Loss: 0.016650	l1_Loss: 0.010839
Train source3 iter: 40 [(38%)]	Loss: 0.208977	RUL_Loss: 0.173912	mmd_Loss: 0.019755	l1_Loss: 0.016958


Train source1 iter: 50 [(47%)]	Loss: 0.067963	RUL_Loss: 0.038175	mmd_Loss: 0.016750	l1_Loss: 0.013575
Train source2 iter: 50 [(47%)]	Loss: 0.135183	RUL_Loss: 0.107817	mmd_Loss: 0.015764	l1_Loss: 0.012096
Train source3 iter: 50 [(47%)]	Loss: 0.218378	RUL_Loss: 0.178300	mmd_Loss: 0.023285	l1_Loss: 0.017516


Train source1 iter: 60 [(57%)]	Loss: 0.067895	RUL_Loss: 0.033077	mmd_Loss: 0.021557	l1_Loss: 0.013504
Train source2 iter: 60 [(57%)]	Loss: 0.139431	RUL_Loss: 0.111230	mmd_Loss: 0.017012	l1_Loss: 0.011386
Train source3 iter: 60 [(57%)]	Loss: 0.215638	RUL_Loss: 0.178652	mmd_Loss: 0.020639	l1_Loss: 0.016606


Train source1 iter: 70 [(66%)]	Loss: 0.074401	RUL_Loss: 0.035992	mmd_Loss: 0.025344	l1_Loss: 0.013169
Train source2 iter: 70 [(66%)]	Loss: 0.132209	RUL_Loss: 0.107718	mmd_Loss: 0.014062	l1_Loss: 0.010495
Train source3 iter: 70 [(66%)]	Loss: 0.224409	RUL_Loss: 0.188655	mmd_Loss: 0.018828	l1_Loss: 0.017023


Train source1 iter: 80 [(75%)]	Loss: 0.066837	RUL_Loss: 0.036882	mmd_Loss: 0.016498	l1_Loss: 0.013487
Train source2 iter: 80 [(75%)]	Loss: 0.135101	RUL_Loss: 0.110833	mmd_Loss: 0.013429	l1_Loss: 0.010864
Train source3 iter: 80 [(75%)]	Loss: 0.228114	RUL_Loss: 0.188002	mmd_Loss: 0.022116	l1_Loss: 0.018038


Train source1 iter: 90 [(85%)]	Loss: 0.071327	RUL_Loss: 0.037769	mmd_Loss: 0.019920	l1_Loss: 0.013651
Train source2 iter: 90 [(85%)]	Loss: 0.141022	RUL_Loss: 0.113081	mmd_Loss: 0.016473	l1_Loss: 0.011479
Train source3 iter: 90 [(85%)]	Loss: 0.223288	RUL_Loss: 0.185280	mmd_Loss: 0.020688	l1_Loss: 0.017335


Train source1 iter: 100 [(94%)]	Loss: 0.073742	RUL_Loss: 0.036158	mmd_Loss: 0.024516	l1_Loss: 0.013074
Train source2 iter: 100 [(94%)]	Loss: 0.130596	RUL_Loss: 0.104920	mmd_Loss: 0.014722	l1_Loss: 0.010959
Train source3 iter: 100 [(94%)]	Loss: 0.215969	RUL_Loss: 0.176916	mmd_Loss: 0.020573	l1_Loss: 0.018486


Train epochs:3.000000	
Train source1 iter: 10 [(9%)]	Loss: 0.049125	RUL_Loss: 0.034715	mmd_Loss: 0.022213	l1_Loss: 0.010568
Train source2 iter: 10 [(9%)]	Loss: 0.122771	RUL_Loss: 0.111725	mmd_Loss: 0.014422	l1_Loss: 0.010708
Train source3 iter: 10 [(9%)]	Loss: 0.162522	RUL_Loss: 0.147494	mmd_Loss: 0.021503	l1_Loss: 0.012684


Train source1 iter: 20 [(19%)]	Loss: 0.055095	RUL_Loss: 0.033524	mmd_Loss: 0.018243	l1_Loss: 0.011034
Train source2 iter: 20 [(19%)]	Loss: 0.127580	RUL_Loss: 0.108657	mmd_Loss: 0.016026	l1_Loss: 0.009658
Train source3 iter: 20 [(19%)]	Loss: 0.172100	RUL_Loss: 0.149357	mmd_Loss: 0.018871	l1_Loss: 0.011997


Train source1 iter: 30 [(28%)]	Loss: 0.060237	RUL_Loss: 0.034483	mmd_Loss: 0.018603	l1_Loss: 0.010381
Train source2 iter: 30 [(28%)]	Loss: 0.130591	RUL_Loss: 0.106249	mmd_Loss: 0.018067	l1_Loss: 0.009328
Train source3 iter: 30 [(28%)]	Loss: 0.172135	RUL_Loss: 0.145449	mmd_Loss: 0.018580	l1_Loss: 0.011453


Train source1 iter: 40 [(38%)]	Loss: 0.065244	RUL_Loss: 0.032626	mmd_Loss: 0.023127	l1_Loss: 0.011024
Train source2 iter: 40 [(38%)]	Loss: 0.135703	RUL_Loss: 0.111096	mmd_Loss: 0.016068	l1_Loss: 0.009696
Train source3 iter: 40 [(38%)]	Loss: 0.184774	RUL_Loss: 0.155627	mmd_Loss: 0.017993	l1_Loss: 0.012525


Train source1 iter: 50 [(47%)]	Loss: 0.062554	RUL_Loss: 0.035089	mmd_Loss: 0.016845	l1_Loss: 0.011115
Train source2 iter: 50 [(47%)]	Loss: 0.123749	RUL_Loss: 0.101543	mmd_Loss: 0.013254	l1_Loss: 0.009353
Train source3 iter: 50 [(47%)]	Loss: 0.188591	RUL_Loss: 0.155943	mmd_Loss: 0.020597	l1_Loss: 0.012640


Train source1 iter: 60 [(57%)]	Loss: 0.060276	RUL_Loss: 0.034377	mmd_Loss: 0.014503	l1_Loss: 0.011577
Train source2 iter: 60 [(57%)]	Loss: 0.129673	RUL_Loss: 0.104869	mmd_Loss: 0.015564	l1_Loss: 0.009414
Train source3 iter: 60 [(57%)]	Loss: 0.181945	RUL_Loss: 0.148040	mmd_Loss: 0.021054	l1_Loss: 0.013089


Train source1 iter: 70 [(66%)]	Loss: 0.067299	RUL_Loss: 0.035553	mmd_Loss: 0.021232	l1_Loss: 0.010600
Train source2 iter: 70 [(66%)]	Loss: 0.123174	RUL_Loss: 0.100147	mmd_Loss: 0.014052	l1_Loss: 0.009038
Train source3 iter: 70 [(66%)]	Loss: 0.179464	RUL_Loss: 0.150389	mmd_Loss: 0.016897	l1_Loss: 0.012257


Train source1 iter: 80 [(75%)]	Loss: 0.067071	RUL_Loss: 0.032919	mmd_Loss: 0.023401	l1_Loss: 0.010788
Train source2 iter: 80 [(75%)]	Loss: 0.128111	RUL_Loss: 0.102254	mmd_Loss: 0.016261	l1_Loss: 0.009622
Train source3 iter: 80 [(75%)]	Loss: 0.184974	RUL_Loss: 0.153120	mmd_Loss: 0.019715	l1_Loss: 0.012172


Train source1 iter: 90 [(85%)]	Loss: 0.062256	RUL_Loss: 0.033921	mmd_Loss: 0.017289	l1_Loss: 0.011058
Train source2 iter: 90 [(85%)]	Loss: 0.137356	RUL_Loss: 0.111575	mmd_Loss: 0.016393	l1_Loss: 0.009398
Train source3 iter: 90 [(85%)]	Loss: 0.184241	RUL_Loss: 0.153672	mmd_Loss: 0.018436	l1_Loss: 0.012146


Train source1 iter: 100 [(94%)]	Loss: 0.059877	RUL_Loss: 0.033063	mmd_Loss: 0.015664	l1_Loss: 0.011154
Train source2 iter: 100 [(94%)]	Loss: 0.134641	RUL_Loss: 0.110446	mmd_Loss: 0.014858	l1_Loss: 0.009340
Train source3 iter: 100 [(94%)]	Loss: 0.179889	RUL_Loss: 0.143449	mmd_Loss: 0.023994	l1_Loss: 0.012452


Train epochs:4.000000	
Train source1 iter: 10 [(9%)]	Loss: 0.050595	RUL_Loss: 0.036504	mmd_Loss: 0.021518	l1_Loss: 0.010539
Train source2 iter: 10 [(9%)]	Loss: 0.116951	RUL_Loss: 0.107281	mmd_Loss: 0.014546	l1_Loss: 0.007453
Train source3 iter: 10 [(9%)]	Loss: 0.147740	RUL_Loss: 0.135777	mmd_Loss: 0.017223	l1_Loss: 0.009994


Train source1 iter: 20 [(19%)]	Loss: 0.055604	RUL_Loss: 0.034509	mmd_Loss: 0.019120	l1_Loss: 0.009511
Train source2 iter: 20 [(19%)]	Loss: 0.116114	RUL_Loss: 0.101048	mmd_Loss: 0.013043	l1_Loss: 0.007405
Train source3 iter: 20 [(19%)]	Loss: 0.156250	RUL_Loss: 0.134592	mmd_Loss: 0.018564	l1_Loss: 0.010831


Train source1 iter: 30 [(28%)]	Loss: 0.061005	RUL_Loss: 0.038002	mmd_Loss: 0.016265	l1_Loss: 0.009622
Train source2 iter: 30 [(28%)]	Loss: 0.122446	RUL_Loss: 0.100861	mmd_Loss: 0.016774	l1_Loss: 0.007517
Train source3 iter: 30 [(28%)]	Loss: 0.158395	RUL_Loss: 0.133666	mmd_Loss: 0.018177	l1_Loss: 0.009653


Train source1 iter: 40 [(38%)]	Loss: 0.066399	RUL_Loss: 0.032854	mmd_Loss: 0.026506	l1_Loss: 0.008616
Train source2 iter: 40 [(38%)]	Loss: 0.122857	RUL_Loss: 0.102284	mmd_Loss: 0.015119	l1_Loss: 0.006421
Train source3 iter: 40 [(38%)]	Loss: 0.157502	RUL_Loss: 0.133611	mmd_Loss: 0.015252	l1_Loss: 0.009761


Train source1 iter: 50 [(47%)]	Loss: 0.063875	RUL_Loss: 0.036908	mmd_Loss: 0.017947	l1_Loss: 0.009508
Train source2 iter: 50 [(47%)]	Loss: 0.125593	RUL_Loss: 0.103967	mmd_Loss: 0.015067	l1_Loss: 0.006950
Train source3 iter: 50 [(47%)]	Loss: 0.160663	RUL_Loss: 0.133134	mmd_Loss: 0.017885	l1_Loss: 0.010140


Train source1 iter: 60 [(57%)]	Loss: 0.070015	RUL_Loss: 0.036896	mmd_Loss: 0.024142	l1_Loss: 0.009209
Train source2 iter: 60 [(57%)]	Loss: 0.116201	RUL_Loss: 0.096595	mmd_Loss: 0.012982	l1_Loss: 0.006761
Train source3 iter: 60 [(57%)]	Loss: 0.154475	RUL_Loss: 0.125248	mmd_Loss: 0.019046	l1_Loss: 0.010385


Train source1 iter: 70 [(66%)]	Loss: 0.065888	RUL_Loss: 0.034049	mmd_Loss: 0.022987	l1_Loss: 0.008938
Train source2 iter: 70 [(66%)]	Loss: 0.124865	RUL_Loss: 0.104477	mmd_Loss: 0.013007	l1_Loss: 0.007436
Train source3 iter: 70 [(66%)]	Loss: 0.173803	RUL_Loss: 0.144287	mmd_Loss: 0.019356	l1_Loss: 0.010239


Train source1 iter: 80 [(75%)]	Loss: 0.069611	RUL_Loss: 0.034940	mmd_Loss: 0.025535	l1_Loss: 0.009172
Train source2 iter: 80 [(75%)]	Loss: 0.125558	RUL_Loss: 0.104242	mmd_Loss: 0.013908	l1_Loss: 0.007431
Train source3 iter: 80 [(75%)]	Loss: 0.158405	RUL_Loss: 0.132462	mmd_Loss: 0.016129	l1_Loss: 0.009841


Train source1 iter: 90 [(85%)]	Loss: 0.070443	RUL_Loss: 0.038921	mmd_Loss: 0.022516	l1_Loss: 0.009019
Train source2 iter: 90 [(85%)]	Loss: 0.117283	RUL_Loss: 0.096223	mmd_Loss: 0.014042	l1_Loss: 0.007027
Train source3 iter: 90 [(85%)]	Loss: 0.171835	RUL_Loss: 0.144226	mmd_Loss: 0.017764	l1_Loss: 0.009856


Train source1 iter: 100 [(94%)]	Loss: 0.065802	RUL_Loss: 0.035164	mmd_Loss: 0.021451	l1_Loss: 0.009192
Train source2 iter: 100 [(94%)]	Loss: 0.127805	RUL_Loss: 0.104234	mmd_Loss: 0.016318	l1_Loss: 0.007256
Train source3 iter: 100 [(94%)]	Loss: 0.161963	RUL_Loss: 0.134231	mmd_Loss: 0.018188	l1_Loss: 0.009549


Train epochs:5.000000	
Train source1 iter: 10 [(9%)]	Loss: 0.043522	RUL_Loss: 0.031550	mmd_Loss: 0.019295	l1_Loss: 0.007941
Train source2 iter: 10 [(9%)]	Loss: 0.099534	RUL_Loss: 0.089773	mmd_Loss: 0.013671	l1_Loss: 0.008535
Train source3 iter: 10 [(9%)]	Loss: 0.132804	RUL_Loss: 0.122084	mmd_Loss: 0.015341	l1_Loss: 0.009046


Train source1 iter: 20 [(19%)]	Loss: 0.050183	RUL_Loss: 0.032076	mmd_Loss: 0.016388	l1_Loss: 0.008188
Train source2 iter: 20 [(19%)]	Loss: 0.103122	RUL_Loss: 0.087100	mmd_Loss: 0.014831	l1_Loss: 0.006915
Train source3 iter: 20 [(19%)]	Loss: 0.134026	RUL_Loss: 0.114697	mmd_Loss: 0.017821	l1_Loss: 0.008413


Train source1 iter: 30 [(28%)]	Loss: 0.061039	RUL_Loss: 0.033876	mmd_Loss: 0.022049	l1_Loss: 0.008520
Train source2 iter: 30 [(28%)]	Loss: 0.109782	RUL_Loss: 0.089576	mmd_Loss: 0.015976	l1_Loss: 0.006764
Train source3 iter: 30 [(28%)]	Loss: 0.139477	RUL_Loss: 0.116960	mmd_Loss: 0.017162	l1_Loss: 0.008178


Train source1 iter: 40 [(38%)]	Loss: 0.056300	RUL_Loss: 0.033277	mmd_Loss: 0.015483	l1_Loss: 0.008623
Train source2 iter: 40 [(38%)]	Loss: 0.106036	RUL_Loss: 0.085305	mmd_Loss: 0.014448	l1_Loss: 0.007257
Train source3 iter: 40 [(38%)]	Loss: 0.143100	RUL_Loss: 0.118930	mmd_Loss: 0.016478	l1_Loss: 0.008828


Train source1 iter: 50 [(47%)]	Loss: 0.060506	RUL_Loss: 0.033447	mmd_Loss: 0.018766	l1_Loss: 0.008782
Train source2 iter: 50 [(47%)]	Loss: 0.106878	RUL_Loss: 0.087297	mmd_Loss: 0.013238	l1_Loss: 0.006696
Train source3 iter: 50 [(47%)]	Loss: 0.140104	RUL_Loss: 0.117091	mmd_Loss: 0.015022	l1_Loss: 0.008406


Train source1 iter: 60 [(57%)]	Loss: 0.055208	RUL_Loss: 0.033506	mmd_Loss: 0.013605	l1_Loss: 0.008248
Train source2 iter: 60 [(57%)]	Loss: 0.109502	RUL_Loss: 0.089843	mmd_Loss: 0.013153	l1_Loss: 0.006643
Train source3 iter: 60 [(57%)]	Loss: 0.135322	RUL_Loss: 0.110992	mmd_Loss: 0.016184	l1_Loss: 0.008315


Train source1 iter: 70 [(66%)]	Loss: 0.057742	RUL_Loss: 0.032912	mmd_Loss: 0.017016	l1_Loss: 0.007882
Train source2 iter: 70 [(66%)]	Loss: 0.102916	RUL_Loss: 0.082842	mmd_Loss: 0.013550	l1_Loss: 0.006579
Train source3 iter: 70 [(66%)]	Loss: 0.136757	RUL_Loss: 0.113610	mmd_Loss: 0.015660	l1_Loss: 0.007550


Train source1 iter: 80 [(75%)]	Loss: 0.057023	RUL_Loss: 0.031830	mmd_Loss: 0.016385	l1_Loss: 0.008834
Train source2 iter: 80 [(75%)]	Loss: 0.108423	RUL_Loss: 0.088468	mmd_Loss: 0.013269	l1_Loss: 0.006707
Train source3 iter: 80 [(75%)]	Loss: 0.135691	RUL_Loss: 0.111240	mmd_Loss: 0.016394	l1_Loss: 0.008082


Train source1 iter: 90 [(85%)]	Loss: 0.057086	RUL_Loss: 0.033101	mmd_Loss: 0.015806	l1_Loss: 0.008189
Train source2 iter: 90 [(85%)]	Loss: 0.106419	RUL_Loss: 0.085987	mmd_Loss: 0.013593	l1_Loss: 0.006847
Train source3 iter: 90 [(85%)]	Loss: 0.139861	RUL_Loss: 0.114539	mmd_Loss: 0.017188	l1_Loss: 0.008144


Train source1 iter: 100 [(94%)]	Loss: 0.059672	RUL_Loss: 0.031002	mmd_Loss: 0.020460	l1_Loss: 0.008213
Train source2 iter: 100 [(94%)]	Loss: 0.111278	RUL_Loss: 0.089221	mmd_Loss: 0.015076	l1_Loss: 0.006985
Train source3 iter: 100 [(94%)]	Loss: 0.145715	RUL_Loss: 0.121260	mmd_Loss: 0.016054	l1_Loss: 0.008404


Train epochs:6.000000	
Train source1 iter: 10 [(9%)]	Loss: 0.043274	RUL_Loss: 0.032912	mmd_Loss: 0.016117	l1_Loss: 0.007455
Train source2 iter: 10 [(9%)]	Loss: 0.078352	RUL_Loss: 0.070491	mmd_Loss: 0.011036	l1_Loss: 0.006846
Train source3 iter: 10 [(9%)]	Loss: 0.116049	RUL_Loss: 0.103977	mmd_Loss: 0.019412	l1_Loss: 0.008050


Train source1 iter: 20 [(19%)]	Loss: 0.044493	RUL_Loss: 0.030777	mmd_Loss: 0.011601	l1_Loss: 0.007015
Train source2 iter: 20 [(19%)]	Loss: 0.080876	RUL_Loss: 0.064959	mmd_Loss: 0.015372	l1_Loss: 0.006232
Train source3 iter: 20 [(19%)]	Loss: 0.126096	RUL_Loss: 0.105229	mmd_Loss: 0.019741	l1_Loss: 0.008581


Train source1 iter: 30 [(28%)]	Loss: 0.048554	RUL_Loss: 0.028170	mmd_Loss: 0.016173	l1_Loss: 0.006767
Train source2 iter: 30 [(28%)]	Loss: 0.075339	RUL_Loss: 0.058109	mmd_Loss: 0.013155	l1_Loss: 0.006236
Train source3 iter: 30 [(28%)]	Loss: 0.125007	RUL_Loss: 0.101034	mmd_Loss: 0.018546	l1_Loss: 0.008434


Train source1 iter: 40 [(38%)]	Loss: 0.052158	RUL_Loss: 0.028472	mmd_Loss: 0.018194	l1_Loss: 0.006606
Train source2 iter: 40 [(38%)]	Loss: 0.076059	RUL_Loss: 0.060582	mmd_Loss: 0.010246	l1_Loss: 0.005958
Train source3 iter: 40 [(38%)]	Loss: 0.129426	RUL_Loss: 0.103405	mmd_Loss: 0.019073	l1_Loss: 0.008171


Train source1 iter: 50 [(47%)]	Loss: 0.054449	RUL_Loss: 0.031998	mmd_Loss: 0.016657	l1_Loss: 0.006199
Train source2 iter: 50 [(47%)]	Loss: 0.082075	RUL_Loss: 0.064246	mmd_Loss: 0.011773	l1_Loss: 0.006378
Train source3 iter: 50 [(47%)]	Loss: 0.131546	RUL_Loss: 0.104445	mmd_Loss: 0.019387	l1_Loss: 0.008203


Train source1 iter: 60 [(57%)]	Loss: 0.051064	RUL_Loss: 0.031903	mmd_Loss: 0.012398	l1_Loss: 0.006896
Train source2 iter: 60 [(57%)]	Loss: 0.082572	RUL_Loss: 0.064324	mmd_Loss: 0.012052	l1_Loss: 0.006323
Train source3 iter: 60 [(57%)]	Loss: 0.132982	RUL_Loss: 0.105602	mmd_Loss: 0.018633	l1_Loss: 0.008938


Train source1 iter: 70 [(66%)]	Loss: 0.052997	RUL_Loss: 0.031955	mmd_Loss: 0.014130	l1_Loss: 0.006969
Train source2 iter: 70 [(66%)]	Loss: 0.081679	RUL_Loss: 0.060905	mmd_Loss: 0.014232	l1_Loss: 0.006599
Train source3 iter: 70 [(66%)]	Loss: 0.140289	RUL_Loss: 0.114171	mmd_Loss: 0.017982	l1_Loss: 0.008207


Train source1 iter: 80 [(75%)]	Loss: 0.055025	RUL_Loss: 0.035069	mmd_Loss: 0.013348	l1_Loss: 0.006630
Train source2 iter: 80 [(75%)]	Loss: 0.082819	RUL_Loss: 0.063024	mmd_Loss: 0.013646	l1_Loss: 0.006170
Train source3 iter: 80 [(75%)]	Loss: 0.130577	RUL_Loss: 0.105085	mmd_Loss: 0.017213	l1_Loss: 0.008306


Train source1 iter: 90 [(85%)]	Loss: 0.057192	RUL_Loss: 0.029215	mmd_Loss: 0.021321	l1_Loss: 0.006668
Train source2 iter: 90 [(85%)]	Loss: 0.081787	RUL_Loss: 0.064755	mmd_Loss: 0.010400	l1_Loss: 0.006639
Train source3 iter: 90 [(85%)]	Loss: 0.135217	RUL_Loss: 0.107946	mmd_Loss: 0.018847	l1_Loss: 0.008436


Train source1 iter: 100 [(94%)]	Loss: 0.054636	RUL_Loss: 0.031603	mmd_Loss: 0.016522	l1_Loss: 0.006516
Train source2 iter: 100 [(94%)]	Loss: 0.079680	RUL_Loss: 0.061515	mmd_Loss: 0.011800	l1_Loss: 0.006368
Train source3 iter: 100 [(94%)]	Loss: 0.136105	RUL_Loss: 0.108986	mmd_Loss: 0.019200	l1_Loss: 0.007923


Train epochs:7.000000	
Train source1 iter: 10 [(9%)]	Loss: 0.042415	RUL_Loss: 0.031827	mmd_Loss: 0.018434	l1_Loss: 0.005653
Train source2 iter: 10 [(9%)]	Loss: 0.056549	RUL_Loss: 0.048374	mmd_Loss: 0.012913	l1_Loss: 0.005685
Train source3 iter: 10 [(9%)]	Loss: 0.109132	RUL_Loss: 0.097412	mmd_Loss: 0.018759	l1_Loss: 0.007904


Train source1 iter: 20 [(19%)]	Loss: 0.045321	RUL_Loss: 0.030993	mmd_Loss: 0.013545	l1_Loss: 0.005903
Train source2 iter: 20 [(19%)]	Loss: 0.063305	RUL_Loss: 0.050705	mmd_Loss: 0.011437	l1_Loss: 0.005663
Train source3 iter: 20 [(19%)]	Loss: 0.113110	RUL_Loss: 0.092856	mmd_Loss: 0.020120	l1_Loss: 0.007370


Train source1 iter: 30 [(28%)]	Loss: 0.046668	RUL_Loss: 0.031394	mmd_Loss: 0.011536	l1_Loss: 0.005653
Train source2 iter: 30 [(28%)]	Loss: 0.066311	RUL_Loss: 0.052139	mmd_Loss: 0.010676	l1_Loss: 0.005273
Train source3 iter: 30 [(28%)]	Loss: 0.127756	RUL_Loss: 0.103818	mmd_Loss: 0.019482	l1_Loss: 0.007459


Train source1 iter: 40 [(38%)]	Loss: 0.050132	RUL_Loss: 0.029885	mmd_Loss: 0.015124	l1_Loss: 0.006075
Train source2 iter: 40 [(38%)]	Loss: 0.068595	RUL_Loss: 0.050861	mmd_Loss: 0.012505	l1_Loss: 0.006063
Train source3 iter: 40 [(38%)]	Loss: 0.127422	RUL_Loss: 0.101242	mmd_Loss: 0.018650	l1_Loss: 0.008761


Train source1 iter: 50 [(47%)]	Loss: 0.053671	RUL_Loss: 0.033458	mmd_Loss: 0.015083	l1_Loss: 0.005494
Train source2 iter: 50 [(47%)]	Loss: 0.067786	RUL_Loss: 0.048609	mmd_Loss: 0.013567	l1_Loss: 0.005956
Train source3 iter: 50 [(47%)]	Loss: 0.120218	RUL_Loss: 0.093109	mmd_Loss: 0.019228	l1_Loss: 0.008370


Train source1 iter: 60 [(57%)]	Loss: 0.050465	RUL_Loss: 0.031186	mmd_Loss: 0.013584	l1_Loss: 0.005830
Train source2 iter: 60 [(57%)]	Loss: 0.068811	RUL_Loss: 0.049551	mmd_Loss: 0.013550	l1_Loss: 0.005845
Train source3 iter: 60 [(57%)]	Loss: 0.128108	RUL_Loss: 0.101750	mmd_Loss: 0.019306	l1_Loss: 0.007237


Train source1 iter: 70 [(66%)]	Loss: 0.052415	RUL_Loss: 0.030083	mmd_Loss: 0.017017	l1_Loss: 0.005376
Train source2 iter: 70 [(66%)]	Loss: 0.063558	RUL_Loss: 0.046456	mmd_Loss: 0.011184	l1_Loss: 0.005965
Train source3 iter: 70 [(66%)]	Loss: 0.124554	RUL_Loss: 0.098283	mmd_Loss: 0.019112	l1_Loss: 0.007231


Train source1 iter: 80 [(75%)]	Loss: 0.049482	RUL_Loss: 0.030804	mmd_Loss: 0.012829	l1_Loss: 0.005869
Train source2 iter: 80 [(75%)]	Loss: 0.069213	RUL_Loss: 0.051764	mmd_Loss: 0.011765	l1_Loss: 0.005702
Train source3 iter: 80 [(75%)]	Loss: 0.134615	RUL_Loss: 0.106680	mmd_Loss: 0.020363	l1_Loss: 0.007602


Train source1 iter: 90 [(85%)]	Loss: 0.049832	RUL_Loss: 0.028918	mmd_Loss: 0.014975	l1_Loss: 0.005948
Train source2 iter: 90 [(85%)]	Loss: 0.070431	RUL_Loss: 0.051385	mmd_Loss: 0.012949	l1_Loss: 0.006106
Train source3 iter: 90 [(85%)]	Loss: 0.118419	RUL_Loss: 0.092421	mmd_Loss: 0.017848	l1_Loss: 0.008161


Train source1 iter: 100 [(94%)]	Loss: 0.050196	RUL_Loss: 0.033193	mmd_Loss: 0.011279	l1_Loss: 0.005727
Train source2 iter: 100 [(94%)]	Loss: 0.072060	RUL_Loss: 0.053807	mmd_Loss: 0.012814	l1_Loss: 0.005443
Train source3 iter: 100 [(94%)]	Loss: 0.125773	RUL_Loss: 0.097551	mmd_Loss: 0.020180	l1_Loss: 0.008047


Train epochs:8.000000	
Train source1 iter: 10 [(9%)]	Loss: 0.043221	RUL_Loss: 0.034620	mmd_Loss: 0.015603	l1_Loss: 0.003964
Train source2 iter: 10 [(9%)]	Loss: 0.060834	RUL_Loss: 0.051257	mmd_Loss: 0.016184	l1_Loss: 0.005604
Train source3 iter: 10 [(9%)]	Loss: 0.102026	RUL_Loss: 0.089432	mmd_Loss: 0.021943	l1_Loss: 0.006708


Train source1 iter: 20 [(19%)]	Loss: 0.045725	RUL_Loss: 0.030937	mmd_Loss: 0.015538	l1_Loss: 0.004533
Train source2 iter: 20 [(19%)]	Loss: 0.059462	RUL_Loss: 0.045967	mmd_Loss: 0.012770	l1_Loss: 0.005546
Train source3 iter: 20 [(19%)]	Loss: 0.116502	RUL_Loss: 0.096187	mmd_Loss: 0.020742	l1_Loss: 0.006831


Train source1 iter: 30 [(28%)]	Loss: 0.046641	RUL_Loss: 0.030586	mmd_Loss: 0.012511	l1_Loss: 0.005558
Train source2 iter: 30 [(28%)]	Loss: 0.060262	RUL_Loss: 0.043329	mmd_Loss: 0.012553	l1_Loss: 0.006503
Train source3 iter: 30 [(28%)]	Loss: 0.121943	RUL_Loss: 0.098058	mmd_Loss: 0.019588	l1_Loss: 0.007292


Train source1 iter: 40 [(38%)]	Loss: 0.048086	RUL_Loss: 0.031550	mmd_Loss: 0.012526	l1_Loss: 0.004788
Train source2 iter: 40 [(38%)]	Loss: 0.066471	RUL_Loss: 0.047357	mmd_Loss: 0.014060	l1_Loss: 0.005953
Train source3 iter: 40 [(38%)]	Loss: 0.129515	RUL_Loss: 0.101626	mmd_Loss: 0.022469	l1_Loss: 0.006732


Train source1 iter: 50 [(47%)]	Loss: 0.047030	RUL_Loss: 0.029442	mmd_Loss: 0.013143	l1_Loss: 0.004764
Train source2 iter: 50 [(47%)]	Loss: 0.067274	RUL_Loss: 0.047935	mmd_Loss: 0.013826	l1_Loss: 0.005861
Train source3 iter: 50 [(47%)]	Loss: 0.116956	RUL_Loss: 0.090490	mmd_Loss: 0.019610	l1_Loss: 0.007333


Train source1 iter: 60 [(57%)]	Loss: 0.053340	RUL_Loss: 0.034697	mmd_Loss: 0.014040	l1_Loss: 0.004733
Train source2 iter: 60 [(57%)]	Loss: 0.066336	RUL_Loss: 0.047873	mmd_Loss: 0.012820	l1_Loss: 0.005772
Train source3 iter: 60 [(57%)]	Loss: 0.132073	RUL_Loss: 0.101070	mmd_Loss: 0.023808	l1_Loss: 0.007412


Train source1 iter: 70 [(66%)]	Loss: 0.050865	RUL_Loss: 0.033732	mmd_Loss: 0.011846	l1_Loss: 0.005333
Train source2 iter: 70 [(66%)]	Loss: 0.067034	RUL_Loss: 0.048540	mmd_Loss: 0.012504	l1_Loss: 0.006040
Train source3 iter: 70 [(66%)]	Loss: 0.120228	RUL_Loss: 0.094806	mmd_Loss: 0.018839	l1_Loss: 0.006652


Train source1 iter: 80 [(75%)]	Loss: 0.053785	RUL_Loss: 0.032556	mmd_Loss: 0.016792	l1_Loss: 0.004460
Train source2 iter: 80 [(75%)]	Loss: 0.065247	RUL_Loss: 0.047898	mmd_Loss: 0.012342	l1_Loss: 0.005025
Train source3 iter: 80 [(75%)]	Loss: 0.130665	RUL_Loss: 0.105942	mmd_Loss: 0.017931	l1_Loss: 0.006819


Train source1 iter: 90 [(85%)]	Loss: 0.058494	RUL_Loss: 0.033675	mmd_Loss: 0.020064	l1_Loss: 0.004766
Train source2 iter: 90 [(85%)]	Loss: 0.062674	RUL_Loss: 0.046421	mmd_Loss: 0.010420	l1_Loss: 0.005839
Train source3 iter: 90 [(85%)]	Loss: 0.120006	RUL_Loss: 0.095249	mmd_Loss: 0.017931	l1_Loss: 0.006836


Train source1 iter: 100 [(94%)]	Loss: 0.052463	RUL_Loss: 0.031769	mmd_Loss: 0.015932	l1_Loss: 0.004766
Train source2 iter: 100 [(94%)]	Loss: 0.062163	RUL_Loss: 0.044745	mmd_Loss: 0.012002	l1_Loss: 0.005419
Train source3 iter: 100 [(94%)]	Loss: 0.114191	RUL_Loss: 0.091512	mmd_Loss: 0.016366	l1_Loss: 0.006317


Train epochs:9.000000	
Train source1 iter: 10 [(9%)]	Loss: 0.041784	RUL_Loss: 0.034355	mmd_Loss: 0.011141	l1_Loss: 0.005759
Train source2 iter: 10 [(9%)]	Loss: 0.053972	RUL_Loss: 0.046406	mmd_Loss: 0.012046	l1_Loss: 0.005166
Train source3 iter: 10 [(9%)]	Loss: 0.110633	RUL_Loss: 0.098171	mmd_Loss: 0.020153	l1_Loss: 0.008196


Train source1 iter: 20 [(19%)]	Loss: 0.042370	RUL_Loss: 0.029683	mmd_Loss: 0.011929	l1_Loss: 0.005291
Train source2 iter: 20 [(19%)]	Loss: 0.062444	RUL_Loss: 0.049379	mmd_Loss: 0.012458	l1_Loss: 0.005274
Train source3 iter: 20 [(19%)]	Loss: 0.119635	RUL_Loss: 0.099529	mmd_Loss: 0.019387	l1_Loss: 0.007902


Train source1 iter: 30 [(28%)]	Loss: 0.051264	RUL_Loss: 0.029699	mmd_Loss: 0.018787	l1_Loss: 0.005482
Train source2 iter: 30 [(28%)]	Loss: 0.063232	RUL_Loss: 0.048394	mmd_Loss: 0.011278	l1_Loss: 0.005421
Train source3 iter: 30 [(28%)]	Loss: 0.121416	RUL_Loss: 0.098135	mmd_Loss: 0.018383	l1_Loss: 0.007816


Train source1 iter: 40 [(38%)]	Loss: 0.046807	RUL_Loss: 0.029792	mmd_Loss: 0.012805	l1_Loss: 0.005010
Train source2 iter: 40 [(38%)]	Loss: 0.065958	RUL_Loss: 0.048260	mmd_Loss: 0.013272	l1_Loss: 0.005259
Train source3 iter: 40 [(38%)]	Loss: 0.124558	RUL_Loss: 0.098948	mmd_Loss: 0.019308	l1_Loss: 0.007506


Train source1 iter: 50 [(47%)]	Loss: 0.057717	RUL_Loss: 0.028842	mmd_Loss: 0.024125	l1_Loss: 0.005272
Train source2 iter: 50 [(47%)]	Loss: 0.069825	RUL_Loss: 0.050581	mmd_Loss: 0.014162	l1_Loss: 0.005430
Train source3 iter: 50 [(47%)]	Loss: 0.123495	RUL_Loss: 0.096302	mmd_Loss: 0.019739	l1_Loss: 0.007945


Train source1 iter: 60 [(57%)]	Loss: 0.051089	RUL_Loss: 0.030815	mmd_Loss: 0.014806	l1_Loss: 0.005609
Train source2 iter: 60 [(57%)]	Loss: 0.065508	RUL_Loss: 0.045722	mmd_Loss: 0.014292	l1_Loss: 0.005632
Train source3 iter: 60 [(57%)]	Loss: 0.117625	RUL_Loss: 0.088995	mmd_Loss: 0.020821	l1_Loss: 0.008010


Train source1 iter: 70 [(66%)]	Loss: 0.046874	RUL_Loss: 0.028114	mmd_Loss: 0.013321	l1_Loss: 0.005490
Train source2 iter: 70 [(66%)]	Loss: 0.065884	RUL_Loss: 0.047543	mmd_Loss: 0.012273	l1_Loss: 0.006117
Train source3 iter: 70 [(66%)]	Loss: 0.127309	RUL_Loss: 0.100002	mmd_Loss: 0.019393	l1_Loss: 0.007988


Train source1 iter: 80 [(75%)]	Loss: 0.047967	RUL_Loss: 0.030277	mmd_Loss: 0.012332	l1_Loss: 0.005376
Train source2 iter: 80 [(75%)]	Loss: 0.062031	RUL_Loss: 0.045807	mmd_Loss: 0.011025	l1_Loss: 0.005215
Train source3 iter: 80 [(75%)]	Loss: 0.123677	RUL_Loss: 0.095217	mmd_Loss: 0.021325	l1_Loss: 0.007165


Train source1 iter: 90 [(85%)]	Loss: 0.049912	RUL_Loss: 0.028188	mmd_Loss: 0.016225	l1_Loss: 0.005508
Train source2 iter: 90 [(85%)]	Loss: 0.066466	RUL_Loss: 0.050051	mmd_Loss: 0.010906	l1_Loss: 0.005516
Train source3 iter: 90 [(85%)]	Loss: 0.125823	RUL_Loss: 0.098561	mmd_Loss: 0.019325	l1_Loss: 0.007948


Train source1 iter: 100 [(94%)]	Loss: 0.047246	RUL_Loss: 0.029705	mmd_Loss: 0.012116	l1_Loss: 0.005429
Train source2 iter: 100 [(94%)]	Loss: 0.066533	RUL_Loss: 0.047957	mmd_Loss: 0.013102	l1_Loss: 0.005478
Train source3 iter: 100 [(94%)]	Loss: 0.121886	RUL_Loss: 0.093545	mmd_Loss: 0.020320	l1_Loss: 0.008026


Train epochs:10.000000	
Train source1 iter: 10 [(9%)]	Loss: 0.039983	RUL_Loss: 0.033676	mmd_Loss: 0.009505	l1_Loss: 0.004841
Train source2 iter: 10 [(9%)]	Loss: 0.056550	RUL_Loss: 0.048130	mmd_Loss: 0.014382	l1_Loss: 0.004773
Train source3 iter: 10 [(9%)]	Loss: 0.111036	RUL_Loss: 0.098271	mmd_Loss: 0.020713	l1_Loss: 0.008327


Train source1 iter: 20 [(19%)]	Loss: 0.041996	RUL_Loss: 0.031005	mmd_Loss: 0.009611	l1_Loss: 0.005307
Train source2 iter: 20 [(19%)]	Loss: 0.054928	RUL_Loss: 0.042887	mmd_Loss: 0.010867	l1_Loss: 0.005476
Train source3 iter: 20 [(19%)]	Loss: 0.110421	RUL_Loss: 0.090886	mmd_Loss: 0.018740	l1_Loss: 0.007774


Train source1 iter: 30 [(28%)]	Loss: 0.051788	RUL_Loss: 0.030472	mmd_Loss: 0.018598	l1_Loss: 0.005391
Train source2 iter: 30 [(28%)]	Loss: 0.060591	RUL_Loss: 0.044037	mmd_Loss: 0.013390	l1_Loss: 0.005240
Train source3 iter: 30 [(28%)]	Loss: 0.110691	RUL_Loss: 0.087289	mmd_Loss: 0.018426	l1_Loss: 0.007911


Train source1 iter: 40 [(38%)]	Loss: 0.048172	RUL_Loss: 0.032114	mmd_Loss: 0.011557	l1_Loss: 0.005256
Train source2 iter: 40 [(38%)]	Loss: 0.065722	RUL_Loss: 0.046817	mmd_Loss: 0.013940	l1_Loss: 0.005855
Train source3 iter: 40 [(38%)]	Loss: 0.115693	RUL_Loss: 0.091853	mmd_Loss: 0.017252	l1_Loss: 0.007708


Train source1 iter: 50 [(47%)]	Loss: 0.046936	RUL_Loss: 0.029352	mmd_Loss: 0.012930	l1_Loss: 0.004970
Train source2 iter: 50 [(47%)]	Loss: 0.063504	RUL_Loss: 0.043206	mmd_Loss: 0.015805	l1_Loss: 0.004859
Train source3 iter: 50 [(47%)]	Loss: 0.118034	RUL_Loss: 0.093417	mmd_Loss: 0.017173	l1_Loss: 0.007888


Train source1 iter: 60 [(57%)]	Loss: 0.048746	RUL_Loss: 0.032088	mmd_Loss: 0.011603	l1_Loss: 0.005171
Train source2 iter: 60 [(57%)]	Loss: 0.059190	RUL_Loss: 0.040889	mmd_Loss: 0.013624	l1_Loss: 0.004805
Train source3 iter: 60 [(57%)]	Loss: 0.118347	RUL_Loss: 0.091400	mmd_Loss: 0.019175	l1_Loss: 0.007960


Train source1 iter: 70 [(66%)]	Loss: 0.048701	RUL_Loss: 0.031992	mmd_Loss: 0.011045	l1_Loss: 0.005709
Train source2 iter: 70 [(66%)]	Loss: 0.062365	RUL_Loss: 0.044410	mmd_Loss: 0.012689	l1_Loss: 0.005315
Train source3 iter: 70 [(66%)]	Loss: 0.119399	RUL_Loss: 0.092706	mmd_Loss: 0.019051	l1_Loss: 0.007715


Train source1 iter: 80 [(75%)]	Loss: 0.048866	RUL_Loss: 0.028931	mmd_Loss: 0.014741	l1_Loss: 0.005215
Train source2 iter: 80 [(75%)]	Loss: 0.058775	RUL_Loss: 0.039714	mmd_Loss: 0.013906	l1_Loss: 0.005176
Train source3 iter: 80 [(75%)]	Loss: 0.124845	RUL_Loss: 0.100432	mmd_Loss: 0.017425	l1_Loss: 0.007013


Train source1 iter: 90 [(85%)]	Loss: 0.050773	RUL_Loss: 0.030769	mmd_Loss: 0.014672	l1_Loss: 0.005341
Train source2 iter: 90 [(85%)]	Loss: 0.063373	RUL_Loss: 0.041138	mmd_Loss: 0.016824	l1_Loss: 0.005419
Train source3 iter: 90 [(85%)]	Loss: 0.125950	RUL_Loss: 0.102180	mmd_Loss: 0.016431	l1_Loss: 0.007349


Train source1 iter: 100 [(94%)]	Loss: 0.045502	RUL_Loss: 0.026142	mmd_Loss: 0.013765	l1_Loss: 0.005598
Train source2 iter: 100 [(94%)]	Loss: 0.057117	RUL_Loss: 0.039583	mmd_Loss: 0.012588	l1_Loss: 0.004948
Train source3 iter: 100 [(94%)]	Loss: 0.116251	RUL_Loss: 0.090088	mmd_Loss: 0.018418	l1_Loss: 0.007749


Train epochs:11.000000	
Train source1 iter: 10 [(9%)]	Loss: 0.040643	RUL_Loss: 0.033271	mmd_Loss: 0.011475	l1_Loss: 0.005295
Train source2 iter: 10 [(9%)]	Loss: 0.055329	RUL_Loss: 0.047563	mmd_Loss: 0.012296	l1_Loss: 0.005374
Train source3 iter: 10 [(9%)]	Loss: 0.100755	RUL_Loss: 0.089357	mmd_Loss: 0.018442	l1_Loss: 0.007488


Train source1 iter: 20 [(19%)]	Loss: 0.045700	RUL_Loss: 0.033740	mmd_Loss: 0.011660	l1_Loss: 0.004573
Train source2 iter: 20 [(19%)]	Loss: 0.051663	RUL_Loss: 0.038799	mmd_Loss: 0.011861	l1_Loss: 0.005599
Train source3 iter: 20 [(19%)]	Loss: 0.113869	RUL_Loss: 0.094307	mmd_Loss: 0.019001	l1_Loss: 0.007550


Train source1 iter: 30 [(28%)]	Loss: 0.049744	RUL_Loss: 0.029783	mmd_Loss: 0.017569	l1_Loss: 0.004896
Train source2 iter: 30 [(28%)]	Loss: 0.059723	RUL_Loss: 0.042327	mmd_Loss: 0.014245	l1_Loss: 0.005332
Train source3 iter: 30 [(28%)]	Loss: 0.114449	RUL_Loss: 0.090863	mmd_Loss: 0.018985	l1_Loss: 0.007559


Train source1 iter: 40 [(38%)]	Loss: 0.046367	RUL_Loss: 0.030161	mmd_Loss: 0.011824	l1_Loss: 0.005144
Train source2 iter: 40 [(38%)]	Loss: 0.058583	RUL_Loss: 0.042298	mmd_Loss: 0.011918	l1_Loss: 0.005132
Train source3 iter: 40 [(38%)]	Loss: 0.114230	RUL_Loss: 0.090227	mmd_Loss: 0.017637	l1_Loss: 0.007495


Train source1 iter: 50 [(47%)]	Loss: 0.046068	RUL_Loss: 0.030550	mmd_Loss: 0.010971	l1_Loss: 0.004827
Train source2 iter: 50 [(47%)]	Loss: 0.058328	RUL_Loss: 0.040419	mmd_Loss: 0.012633	l1_Loss: 0.005600
Train source3 iter: 50 [(47%)]	Loss: 0.119667	RUL_Loss: 0.093684	mmd_Loss: 0.019159	l1_Loss: 0.007292


Train source1 iter: 60 [(57%)]	Loss: 0.049797	RUL_Loss: 0.029869	mmd_Loss: 0.014868	l1_Loss: 0.005199
Train source2 iter: 60 [(57%)]	Loss: 0.059477	RUL_Loss: 0.042424	mmd_Loss: 0.011870	l1_Loss: 0.005301
Train source3 iter: 60 [(57%)]	Loss: 0.121833	RUL_Loss: 0.096843	mmd_Loss: 0.017250	l1_Loss: 0.007915


Train source1 iter: 70 [(66%)]	Loss: 0.045825	RUL_Loss: 0.028228	mmd_Loss: 0.012701	l1_Loss: 0.004944
Train source2 iter: 70 [(66%)]	Loss: 0.059004	RUL_Loss: 0.039184	mmd_Loss: 0.014767	l1_Loss: 0.005106
Train source3 iter: 70 [(66%)]	Loss: 0.116605	RUL_Loss: 0.090828	mmd_Loss: 0.018190	l1_Loss: 0.007657


Train source1 iter: 80 [(75%)]	Loss: 0.049315	RUL_Loss: 0.028625	mmd_Loss: 0.015425	l1_Loss: 0.005287
Train source2 iter: 80 [(75%)]	Loss: 0.058575	RUL_Loss: 0.041654	mmd_Loss: 0.011515	l1_Loss: 0.005424
Train source3 iter: 80 [(75%)]	Loss: 0.124097	RUL_Loss: 0.099717	mmd_Loss: 0.017242	l1_Loss: 0.007164


Train source1 iter: 90 [(85%)]	Loss: 0.050357	RUL_Loss: 0.033524	mmd_Loss: 0.011466	l1_Loss: 0.005374
Train source2 iter: 90 [(85%)]	Loss: 0.056120	RUL_Loss: 0.040774	mmd_Loss: 0.009907	l1_Loss: 0.005445
Train source3 iter: 90 [(85%)]	Loss: 0.124760	RUL_Loss: 0.098660	mmd_Loss: 0.018968	l1_Loss: 0.007143


Train source1 iter: 100 [(94%)]	Loss: 0.046069	RUL_Loss: 0.030507	mmd_Loss: 0.010724	l1_Loss: 0.004841
Train source2 iter: 100 [(94%)]	Loss: 0.060071	RUL_Loss: 0.042594	mmd_Loss: 0.012235	l1_Loss: 0.005244
Train source3 iter: 100 [(94%)]	Loss: 0.124481	RUL_Loss: 0.096654	mmd_Loss: 0.020262	l1_Loss: 0.007570


Train epochs:12.000000	
Train source1 iter: 10 [(9%)]	Loss: 0.038853	RUL_Loss: 0.031911	mmd_Loss: 0.010207	l1_Loss: 0.005586
Train source2 iter: 10 [(9%)]	Loss: 0.045401	RUL_Loss: 0.037041	mmd_Loss: 0.012991	l1_Loss: 0.006026
Train source3 iter: 10 [(9%)]	Loss: 0.114086	RUL_Loss: 0.101695	mmd_Loss: 0.018903	l1_Loss: 0.009285


Train source1 iter: 20 [(19%)]	Loss: 0.044941	RUL_Loss: 0.031624	mmd_Loss: 0.013310	l1_Loss: 0.004765
Train source2 iter: 20 [(19%)]	Loss: 0.054485	RUL_Loss: 0.041281	mmd_Loss: 0.012180	l1_Loss: 0.005742
Train source3 iter: 20 [(19%)]	Loss: 0.105848	RUL_Loss: 0.088563	mmd_Loss: 0.015768	l1_Loss: 0.007692


Train source1 iter: 30 [(28%)]	Loss: 0.048196	RUL_Loss: 0.032694	mmd_Loss: 0.012314	l1_Loss: 0.005131
Train source2 iter: 30 [(28%)]	Loss: 0.061589	RUL_Loss: 0.045540	mmd_Loss: 0.012655	l1_Loss: 0.005407
Train source3 iter: 30 [(28%)]	Loss: 0.117276	RUL_Loss: 0.093946	mmd_Loss: 0.017721	l1_Loss: 0.008535


Train source1 iter: 40 [(38%)]	Loss: 0.044639	RUL_Loss: 0.030043	mmd_Loss: 0.010187	l1_Loss: 0.005096
Train source2 iter: 40 [(38%)]	Loss: 0.053067	RUL_Loss: 0.037328	mmd_Loss: 0.010475	l1_Loss: 0.006005
Train source3 iter: 40 [(38%)]	Loss: 0.120908	RUL_Loss: 0.098023	mmd_Loss: 0.016328	l1_Loss: 0.007633


Train source1 iter: 50 [(47%)]	Loss: 0.049924	RUL_Loss: 0.029254	mmd_Loss: 0.015407	l1_Loss: 0.005636
Train source2 iter: 50 [(47%)]	Loss: 0.058817	RUL_Loss: 0.041484	mmd_Loss: 0.011602	l1_Loss: 0.006044
Train source3 iter: 50 [(47%)]	Loss: 0.113499	RUL_Loss: 0.089190	mmd_Loss: 0.016377	l1_Loss: 0.008371


Train source1 iter: 60 [(57%)]	Loss: 0.047472	RUL_Loss: 0.031601	mmd_Loss: 0.010728	l1_Loss: 0.005254
Train source2 iter: 60 [(57%)]	Loss: 0.061318	RUL_Loss: 0.040734	mmd_Loss: 0.015158	l1_Loss: 0.005570
Train source3 iter: 60 [(57%)]	Loss: 0.121641	RUL_Loss: 0.095769	mmd_Loss: 0.017972	l1_Loss: 0.008081


Train source1 iter: 70 [(66%)]	Loss: 0.048592	RUL_Loss: 0.031223	mmd_Loss: 0.012021	l1_Loss: 0.005396
Train source2 iter: 70 [(66%)]	Loss: 0.062971	RUL_Loss: 0.044747	mmd_Loss: 0.012621	l1_Loss: 0.005652
Train source3 iter: 70 [(66%)]	Loss: 0.117344	RUL_Loss: 0.092412	mmd_Loss: 0.016723	l1_Loss: 0.008276


Train source1 iter: 80 [(75%)]	Loss: 0.048523	RUL_Loss: 0.032727	mmd_Loss: 0.010960	l1_Loss: 0.004852
Train source2 iter: 80 [(75%)]	Loss: 0.054385	RUL_Loss: 0.039195	mmd_Loss: 0.009275	l1_Loss: 0.005931
Train source3 iter: 80 [(75%)]	Loss: 0.115148	RUL_Loss: 0.090498	mmd_Loss: 0.016781	l1_Loss: 0.007895


Train source1 iter: 90 [(85%)]	Loss: 0.048448	RUL_Loss: 0.030357	mmd_Loss: 0.012918	l1_Loss: 0.005181
Train source2 iter: 90 [(85%)]	Loss: 0.057956	RUL_Loss: 0.039476	mmd_Loss: 0.012765	l1_Loss: 0.005722
Train source3 iter: 90 [(85%)]	Loss: 0.116240	RUL_Loss: 0.092773	mmd_Loss: 0.015816	l1_Loss: 0.007661


Train source1 iter: 100 [(94%)]	Loss: 0.043940	RUL_Loss: 0.027604	mmd_Loss: 0.010441	l1_Loss: 0.005898
Train source2 iter: 100 [(94%)]	Loss: 0.058653	RUL_Loss: 0.040209	mmd_Loss: 0.012922	l1_Loss: 0.005525
Train source3 iter: 100 [(94%)]	Loss: 0.124195	RUL_Loss: 0.099004	mmd_Loss: 0.016952	l1_Loss: 0.008243


Train epochs:13.000000	
Train source1 iter: 10 [(9%)]	Loss: 0.038974	RUL_Loss: 0.031767	mmd_Loss: 0.011605	l1_Loss: 0.004791
Train source2 iter: 10 [(9%)]	Loss: 0.050409	RUL_Loss: 0.041887	mmd_Loss: 0.013023	l1_Loss: 0.006364
Train source3 iter: 10 [(9%)]	Loss: 0.115256	RUL_Loss: 0.104183	mmd_Loss: 0.018015	l1_Loss: 0.007175


Train source1 iter: 20 [(19%)]	Loss: 0.043793	RUL_Loss: 0.030822	mmd_Loss: 0.013137	l1_Loss: 0.004468
Train source2 iter: 20 [(19%)]	Loss: 0.053990	RUL_Loss: 0.039905	mmd_Loss: 0.013530	l1_Loss: 0.005587
Train source3 iter: 20 [(19%)]	Loss: 0.107759	RUL_Loss: 0.090798	mmd_Loss: 0.015695	l1_Loss: 0.007326


Train source1 iter: 30 [(28%)]	Loss: 0.043952	RUL_Loss: 0.030455	mmd_Loss: 0.010398	l1_Loss: 0.004792
Train source2 iter: 30 [(28%)]	Loss: 0.053319	RUL_Loss: 0.038327	mmd_Loss: 0.011245	l1_Loss: 0.005627
Train source3 iter: 30 [(28%)]	Loss: 0.112535	RUL_Loss: 0.090016	mmd_Loss: 0.018349	l1_Loss: 0.006994


Train source1 iter: 40 [(38%)]	Loss: 0.048094	RUL_Loss: 0.030515	mmd_Loss: 0.013416	l1_Loss: 0.004989
Train source2 iter: 40 [(38%)]	Loss: 0.056711	RUL_Loss: 0.040836	mmd_Loss: 0.010907	l1_Loss: 0.005714
Train source3 iter: 40 [(38%)]	Loss: 0.113465	RUL_Loss: 0.090857	mmd_Loss: 0.016570	l1_Loss: 0.007101


Train source1 iter: 50 [(47%)]	Loss: 0.049066	RUL_Loss: 0.034395	mmd_Loss: 0.009948	l1_Loss: 0.004988
Train source2 iter: 50 [(47%)]	Loss: 0.054847	RUL_Loss: 0.037546	mmd_Loss: 0.011985	l1_Loss: 0.005628
Train source3 iter: 50 [(47%)]	Loss: 0.118491	RUL_Loss: 0.093649	mmd_Loss: 0.017950	l1_Loss: 0.007340


Train source1 iter: 60 [(57%)]	Loss: 0.042687	RUL_Loss: 0.027976	mmd_Loss: 0.009975	l1_Loss: 0.004839
Train source2 iter: 60 [(57%)]	Loss: 0.056505	RUL_Loss: 0.040453	mmd_Loss: 0.010689	l1_Loss: 0.005474
Train source3 iter: 60 [(57%)]	Loss: 0.112904	RUL_Loss: 0.088783	mmd_Loss: 0.017181	l1_Loss: 0.007108


Train source1 iter: 70 [(66%)]	Loss: 0.046007	RUL_Loss: 0.030396	mmd_Loss: 0.010748	l1_Loss: 0.004906
Train source2 iter: 70 [(66%)]	Loss: 0.056524	RUL_Loss: 0.039926	mmd_Loss: 0.010660	l1_Loss: 0.005983
Train source3 iter: 70 [(66%)]	Loss: 0.116815	RUL_Loss: 0.090924	mmd_Loss: 0.018425	l1_Loss: 0.007536


Train source1 iter: 80 [(75%)]	Loss: 0.042714	RUL_Loss: 0.029349	mmd_Loss: 0.008695	l1_Loss: 0.004685
Train source2 iter: 80 [(75%)]	Loss: 0.058488	RUL_Loss: 0.037378	mmd_Loss: 0.015653	l1_Loss: 0.005479
Train source3 iter: 80 [(75%)]	Loss: 0.116618	RUL_Loss: 0.092508	mmd_Loss: 0.016552	l1_Loss: 0.007583


Train source1 iter: 90 [(85%)]	Loss: 0.047577	RUL_Loss: 0.029959	mmd_Loss: 0.012775	l1_Loss: 0.004851
Train source2 iter: 90 [(85%)]	Loss: 0.061122	RUL_Loss: 0.043032	mmd_Loss: 0.012502	l1_Loss: 0.005595
Train source3 iter: 90 [(85%)]	Loss: 0.114280	RUL_Loss: 0.090985	mmd_Loss: 0.015667	l1_Loss: 0.007637


Train source1 iter: 100 [(94%)]	Loss: 0.050089	RUL_Loss: 0.033588	mmd_Loss: 0.011800	l1_Loss: 0.004704
Train source2 iter: 100 [(94%)]	Loss: 0.058592	RUL_Loss: 0.041414	mmd_Loss: 0.011855	l1_Loss: 0.005325
Train source3 iter: 100 [(94%)]	Loss: 0.120230	RUL_Loss: 0.096236	mmd_Loss: 0.016796	l1_Loss: 0.007201


Train epochs:14.000000	
Train source1 iter: 10 [(9%)]	Loss: 0.037434	RUL_Loss: 0.028574	mmd_Loss: 0.014297	l1_Loss: 0.005859
Train source2 iter: 10 [(9%)]	Loss: 0.047581	RUL_Loss: 0.040799	mmd_Loss: 0.009154	l1_Loss: 0.006274
Train source3 iter: 10 [(9%)]	Loss: 0.103210	RUL_Loss: 0.091468	mmd_Loss: 0.017873	l1_Loss: 0.008839


Train source1 iter: 20 [(19%)]	Loss: 0.049401	RUL_Loss: 0.032456	mmd_Loss: 0.018147	l1_Loss: 0.004852
Train source2 iter: 20 [(19%)]	Loss: 0.050884	RUL_Loss: 0.038543	mmd_Loss: 0.011211	l1_Loss: 0.005538
Train source3 iter: 20 [(19%)]	Loss: 0.113479	RUL_Loss: 0.094114	mmd_Loss: 0.018695	l1_Loss: 0.007589


Train source1 iter: 30 [(28%)]	Loss: 0.043860	RUL_Loss: 0.029627	mmd_Loss: 0.011286	l1_Loss: 0.004731
Train source2 iter: 30 [(28%)]	Loss: 0.054856	RUL_Loss: 0.038038	mmd_Loss: 0.013544	l1_Loss: 0.005383
Train source3 iter: 30 [(28%)]	Loss: 0.109836	RUL_Loss: 0.088768	mmd_Loss: 0.016194	l1_Loss: 0.007516


Train source1 iter: 40 [(38%)]	Loss: 0.043139	RUL_Loss: 0.027284	mmd_Loss: 0.011359	l1_Loss: 0.005242
Train source2 iter: 40 [(38%)]	Loss: 0.058031	RUL_Loss: 0.041694	mmd_Loss: 0.011327	l1_Loss: 0.005778
Train source3 iter: 40 [(38%)]	Loss: 0.113468	RUL_Loss: 0.088569	mmd_Loss: 0.018597	l1_Loss: 0.007472


Train source1 iter: 50 [(47%)]	Loss: 0.051098	RUL_Loss: 0.031295	mmd_Loss: 0.014398	l1_Loss: 0.005762
Train source2 iter: 50 [(47%)]	Loss: 0.054162	RUL_Loss: 0.037852	mmd_Loss: 0.011210	l1_Loss: 0.005394
Train source3 iter: 50 [(47%)]	Loss: 0.124707	RUL_Loss: 0.098869	mmd_Loss: 0.018500	l1_Loss: 0.007804


Train source1 iter: 60 [(57%)]	Loss: 0.048842	RUL_Loss: 0.031426	mmd_Loss: 0.011855	l1_Loss: 0.005683
Train source2 iter: 60 [(57%)]	Loss: 0.056310	RUL_Loss: 0.039810	mmd_Loss: 0.010623	l1_Loss: 0.005992
Train source3 iter: 60 [(57%)]	Loss: 0.114339	RUL_Loss: 0.091579	mmd_Loss: 0.015098	l1_Loss: 0.007821


Train source1 iter: 70 [(66%)]	Loss: 0.042618	RUL_Loss: 0.026324	mmd_Loss: 0.011415	l1_Loss: 0.004924
Train source2 iter: 70 [(66%)]	Loss: 0.061354	RUL_Loss: 0.040969	mmd_Loss: 0.014908	l1_Loss: 0.005533
Train source3 iter: 70 [(66%)]	Loss: 0.116192	RUL_Loss: 0.090221	mmd_Loss: 0.018895	l1_Loss: 0.007146


Train source1 iter: 80 [(75%)]	Loss: 0.049288	RUL_Loss: 0.031725	mmd_Loss: 0.011666	l1_Loss: 0.005916
Train source2 iter: 80 [(75%)]	Loss: 0.057200	RUL_Loss: 0.040166	mmd_Loss: 0.010941	l1_Loss: 0.006111
Train source3 iter: 80 [(75%)]	Loss: 0.121396	RUL_Loss: 0.095800	mmd_Loss: 0.017994	l1_Loss: 0.007630


Train source1 iter: 90 [(85%)]	Loss: 0.043777	RUL_Loss: 0.028440	mmd_Loss: 0.010929	l1_Loss: 0.004414
Train source2 iter: 90 [(85%)]	Loss: 0.056564	RUL_Loss: 0.040358	mmd_Loss: 0.011359	l1_Loss: 0.004854
Train source3 iter: 90 [(85%)]	Loss: 0.125383	RUL_Loss: 0.100221	mmd_Loss: 0.017229	l1_Loss: 0.007943


Train source1 iter: 100 [(94%)]	Loss: 0.043749	RUL_Loss: 0.028902	mmd_Loss: 0.010012	l1_Loss: 0.004837
Train source2 iter: 100 [(94%)]	Loss: 0.055209	RUL_Loss: 0.035605	mmd_Loss: 0.014389	l1_Loss: 0.005218
Train source3 iter: 100 [(94%)]	Loss: 0.112872	RUL_Loss: 0.088094	mmd_Loss: 0.017242	l1_Loss: 0.007539


Train epochs:15.000000	
Train source1 iter: 10 [(9%)]	Loss: 0.032174	RUL_Loss: 0.025207	mmd_Loss: 0.010185	l1_Loss: 0.005663
Train source2 iter: 10 [(9%)]	Loss: 0.042562	RUL_Loss: 0.035617	mmd_Loss: 0.010420	l1_Loss: 0.005380
Train source3 iter: 10 [(9%)]	Loss: 0.103279	RUL_Loss: 0.091742	mmd_Loss: 0.017523	l1_Loss: 0.008722


Train source1 iter: 20 [(19%)]	Loss: 0.044779	RUL_Loss: 0.031017	mmd_Loss: 0.013203	l1_Loss: 0.005477
Train source2 iter: 20 [(19%)]	Loss: 0.050129	RUL_Loss: 0.039479	mmd_Loss: 0.009422	l1_Loss: 0.005033
Train source3 iter: 20 [(19%)]	Loss: 0.108139	RUL_Loss: 0.090709	mmd_Loss: 0.015393	l1_Loss: 0.008264


Train source1 iter: 30 [(28%)]	Loss: 0.042926	RUL_Loss: 0.028471	mmd_Loss: 0.011382	l1_Loss: 0.004886
Train source2 iter: 30 [(28%)]	Loss: 0.055736	RUL_Loss: 0.038550	mmd_Loss: 0.014113	l1_Loss: 0.005228
Train source3 iter: 30 [(28%)]	Loss: 0.112761	RUL_Loss: 0.090281	mmd_Loss: 0.017616	l1_Loss: 0.007683


Train source1 iter: 40 [(38%)]	Loss: 0.046397	RUL_Loss: 0.031027	mmd_Loss: 0.010676	l1_Loss: 0.005416
Train source2 iter: 40 [(38%)]	Loss: 0.057286	RUL_Loss: 0.038866	mmd_Loss: 0.014182	l1_Loss: 0.005105
Train source3 iter: 40 [(38%)]	Loss: 0.126533	RUL_Loss: 0.103473	mmd_Loss: 0.016013	l1_Loss: 0.008131


Train source1 iter: 50 [(47%)]	Loss: 0.048678	RUL_Loss: 0.026678	mmd_Loss: 0.017230	l1_Loss: 0.005167
Train source2 iter: 50 [(47%)]	Loss: 0.054162	RUL_Loss: 0.038793	mmd_Loss: 0.010710	l1_Loss: 0.004936
Train source3 iter: 50 [(47%)]	Loss: 0.111020	RUL_Loss: 0.087205	mmd_Loss: 0.015879	l1_Loss: 0.008366


Train source1 iter: 60 [(57%)]	Loss: 0.047077	RUL_Loss: 0.027550	mmd_Loss: 0.014748	l1_Loss: 0.004915
Train source2 iter: 60 [(57%)]	Loss: 0.056644	RUL_Loss: 0.040562	mmd_Loss: 0.011261	l1_Loss: 0.004933
Train source3 iter: 60 [(57%)]	Loss: 0.119903	RUL_Loss: 0.095439	mmd_Loss: 0.016590	l1_Loss: 0.008046


Train source1 iter: 70 [(66%)]	Loss: 0.048802	RUL_Loss: 0.027992	mmd_Loss: 0.015407	l1_Loss: 0.005459
Train source2 iter: 70 [(66%)]	Loss: 0.051556	RUL_Loss: 0.036710	mmd_Loss: 0.009811	l1_Loss: 0.005075
Train source3 iter: 70 [(66%)]	Loss: 0.117930	RUL_Loss: 0.094560	mmd_Loss: 0.015056	l1_Loss: 0.008378


Train source1 iter: 80 [(75%)]	Loss: 0.044177	RUL_Loss: 0.028438	mmd_Loss: 0.010722	l1_Loss: 0.005034
Train source2 iter: 80 [(75%)]	Loss: 0.062662	RUL_Loss: 0.043484	mmd_Loss: 0.014565	l1_Loss: 0.004633
Train source3 iter: 80 [(75%)]	Loss: 0.117549	RUL_Loss: 0.094996	mmd_Loss: 0.015265	l1_Loss: 0.007311


Train source1 iter: 90 [(85%)]	Loss: 0.042157	RUL_Loss: 0.028128	mmd_Loss: 0.008944	l1_Loss: 0.005092
Train source2 iter: 90 [(85%)]	Loss: 0.055462	RUL_Loss: 0.038284	mmd_Loss: 0.012260	l1_Loss: 0.004925
Train source3 iter: 90 [(85%)]	Loss: 0.118322	RUL_Loss: 0.094329	mmd_Loss: 0.015815	l1_Loss: 0.008188


Train source1 iter: 100 [(94%)]	Loss: 0.043311	RUL_Loss: 0.026117	mmd_Loss: 0.011837	l1_Loss: 0.005360
Train source2 iter: 100 [(94%)]	Loss: 0.055278	RUL_Loss: 0.038114	mmd_Loss: 0.011881	l1_Loss: 0.005285
Train source3 iter: 100 [(94%)]	Loss: 0.118157	RUL_Loss: 0.091908	mmd_Loss: 0.018497	l1_Loss: 0.007757


Train epochs:16.000000	
Train source1 iter: 10 [(9%)]	Loss: 0.035256	RUL_Loss: 0.028194	mmd_Loss: 0.010388	l1_Loss: 0.005679
Train source2 iter: 10 [(9%)]	Loss: 0.043019	RUL_Loss: 0.034921	mmd_Loss: 0.012585	l1_Loss: 0.005837
Train source3 iter: 10 [(9%)]	Loss: 0.105591	RUL_Loss: 0.094341	mmd_Loss: 0.016399	l1_Loss: 0.009196


Train source1 iter: 20 [(19%)]	Loss: 0.039552	RUL_Loss: 0.025219	mmd_Loss: 0.014185	l1_Loss: 0.005270
Train source2 iter: 20 [(19%)]	Loss: 0.047277	RUL_Loss: 0.035293	mmd_Loss: 0.010417	l1_Loss: 0.005848
Train source3 iter: 20 [(19%)]	Loss: 0.113157	RUL_Loss: 0.095421	mmd_Loss: 0.016449	l1_Loss: 0.007624


Train source1 iter: 30 [(28%)]	Loss: 0.045203	RUL_Loss: 0.028910	mmd_Loss: 0.012669	l1_Loss: 0.005667
Train source2 iter: 30 [(28%)]	Loss: 0.051430	RUL_Loss: 0.036332	mmd_Loss: 0.011524	l1_Loss: 0.005468
Train source3 iter: 30 [(28%)]	Loss: 0.119044	RUL_Loss: 0.097718	mmd_Loss: 0.015268	l1_Loss: 0.008733


Train source1 iter: 40 [(38%)]	Loss: 0.047512	RUL_Loss: 0.028058	mmd_Loss: 0.014683	l1_Loss: 0.005686
Train source2 iter: 40 [(38%)]	Loss: 0.050661	RUL_Loss: 0.035614	mmd_Loss: 0.010120	l1_Loss: 0.005634
Train source3 iter: 40 [(38%)]	Loss: 0.117368	RUL_Loss: 0.094701	mmd_Loss: 0.015759	l1_Loss: 0.007974


Train source1 iter: 50 [(47%)]	Loss: 0.043375	RUL_Loss: 0.027516	mmd_Loss: 0.010819	l1_Loss: 0.005326
Train source2 iter: 50 [(47%)]	Loss: 0.051576	RUL_Loss: 0.036629	mmd_Loss: 0.009693	l1_Loss: 0.005524
Train source3 iter: 50 [(47%)]	Loss: 0.117319	RUL_Loss: 0.093857	mmd_Loss: 0.015664	l1_Loss: 0.008222


Train source1 iter: 60 [(57%)]	Loss: 0.042885	RUL_Loss: 0.027259	mmd_Loss: 0.010598	l1_Loss: 0.005136
Train source2 iter: 60 [(57%)]	Loss: 0.052744	RUL_Loss: 0.034254	mmd_Loss: 0.013520	l1_Loss: 0.005099
Train source3 iter: 60 [(57%)]	Loss: 0.112199	RUL_Loss: 0.085432	mmd_Loss: 0.018280	l1_Loss: 0.008674


Train source1 iter: 70 [(66%)]	Loss: 0.042761	RUL_Loss: 0.025774	mmd_Loss: 0.011019	l1_Loss: 0.006014
Train source2 iter: 70 [(66%)]	Loss: 0.052991	RUL_Loss: 0.036278	mmd_Loss: 0.010382	l1_Loss: 0.006377
Train source3 iter: 70 [(66%)]	Loss: 0.119194	RUL_Loss: 0.093365	mmd_Loss: 0.017293	l1_Loss: 0.008607


Train source1 iter: 80 [(75%)]	Loss: 0.043581	RUL_Loss: 0.027017	mmd_Loss: 0.010957	l1_Loss: 0.005624
Train source2 iter: 80 [(75%)]	Loss: 0.058356	RUL_Loss: 0.039580	mmd_Loss: 0.013076	l1_Loss: 0.005720
Train source3 iter: 80 [(75%)]	Loss: 0.116998	RUL_Loss: 0.092008	mmd_Loss: 0.016313	l1_Loss: 0.008704


Train source1 iter: 90 [(85%)]	Loss: 0.046034	RUL_Loss: 0.027683	mmd_Loss: 0.013050	l1_Loss: 0.005309
Train source2 iter: 90 [(85%)]	Loss: 0.054951	RUL_Loss: 0.036877	mmd_Loss: 0.012309	l1_Loss: 0.005772
Train source3 iter: 90 [(85%)]	Loss: 0.116321	RUL_Loss: 0.092472	mmd_Loss: 0.015612	l1_Loss: 0.008247


Train source1 iter: 100 [(94%)]	Loss: 0.043385	RUL_Loss: 0.026420	mmd_Loss: 0.011566	l1_Loss: 0.005402
Train source2 iter: 100 [(94%)]	Loss: 0.051878	RUL_Loss: 0.035395	mmd_Loss: 0.010635	l1_Loss: 0.005851
Train source3 iter: 100 [(94%)]	Loss: 0.121991	RUL_Loss: 0.097213	mmd_Loss: 0.017180	l1_Loss: 0.007601


Train epochs:17.000000	
Train source1 iter: 10 [(9%)]	Loss: 0.034467	RUL_Loss: 0.027620	mmd_Loss: 0.010746	l1_Loss: 0.004829
Train source2 iter: 10 [(9%)]	Loss: 0.044864	RUL_Loss: 0.037224	mmd_Loss: 0.012304	l1_Loss: 0.005076
Train source3 iter: 10 [(9%)]	Loss: 0.101914	RUL_Loss: 0.090792	mmd_Loss: 0.017662	l1_Loss: 0.007640


Train source1 iter: 20 [(19%)]	Loss: 0.040611	RUL_Loss: 0.028613	mmd_Loss: 0.010930	l1_Loss: 0.005354
Train source2 iter: 20 [(19%)]	Loss: 0.046638	RUL_Loss: 0.034331	mmd_Loss: 0.011386	l1_Loss: 0.005318
Train source3 iter: 20 [(19%)]	Loss: 0.118368	RUL_Loss: 0.099395	mmd_Loss: 0.018427	l1_Loss: 0.007324


Train source1 iter: 30 [(28%)]	Loss: 0.043212	RUL_Loss: 0.028639	mmd_Loss: 0.011637	l1_Loss: 0.004763
Train source2 iter: 30 [(28%)]	Loss: 0.049743	RUL_Loss: 0.036256	mmd_Loss: 0.009954	l1_Loss: 0.005224
Train source3 iter: 30 [(28%)]	Loss: 0.110754	RUL_Loss: 0.089986	mmd_Loss: 0.015439	l1_Loss: 0.007932


Train source1 iter: 40 [(38%)]	Loss: 0.043613	RUL_Loss: 0.029858	mmd_Loss: 0.009330	l1_Loss: 0.005071
Train source2 iter: 40 [(38%)]	Loss: 0.047039	RUL_Loss: 0.031448	mmd_Loss: 0.011326	l1_Loss: 0.004998
Train source3 iter: 40 [(38%)]	Loss: 0.120597	RUL_Loss: 0.096640	mmd_Loss: 0.017737	l1_Loss: 0.007346


Train source1 iter: 50 [(47%)]	Loss: 0.049461	RUL_Loss: 0.031731	mmd_Loss: 0.013263	l1_Loss: 0.004787
Train source2 iter: 50 [(47%)]	Loss: 0.051120	RUL_Loss: 0.034672	mmd_Loss: 0.011379	l1_Loss: 0.005365
Train source3 iter: 50 [(47%)]	Loss: 0.116855	RUL_Loss: 0.093999	mmd_Loss: 0.015593	l1_Loss: 0.007675


Train source1 iter: 60 [(57%)]	Loss: 0.045266	RUL_Loss: 0.028866	mmd_Loss: 0.011682	l1_Loss: 0.004833
Train source2 iter: 60 [(57%)]	Loss: 0.055093	RUL_Loss: 0.038284	mmd_Loss: 0.012163	l1_Loss: 0.004764
Train source3 iter: 60 [(57%)]	Loss: 0.113829	RUL_Loss: 0.088353	mmd_Loss: 0.017961	l1_Loss: 0.007693


Train source1 iter: 70 [(66%)]	Loss: 0.044843	RUL_Loss: 0.028555	mmd_Loss: 0.011283	l1_Loss: 0.005049
Train source2 iter: 70 [(66%)]	Loss: 0.052670	RUL_Loss: 0.036220	mmd_Loss: 0.011324	l1_Loss: 0.005170
Train source3 iter: 70 [(66%)]	Loss: 0.118238	RUL_Loss: 0.092844	mmd_Loss: 0.017378	l1_Loss: 0.008085


Train source1 iter: 80 [(75%)]	Loss: 0.046260	RUL_Loss: 0.029724	mmd_Loss: 0.011598	l1_Loss: 0.004955
Train source2 iter: 80 [(75%)]	Loss: 0.058065	RUL_Loss: 0.039749	mmd_Loss: 0.013006	l1_Loss: 0.005328
Train source3 iter: 80 [(75%)]	Loss: 0.115052	RUL_Loss: 0.091012	mmd_Loss: 0.015836	l1_Loss: 0.008229


Train source1 iter: 90 [(85%)]	Loss: 0.047479	RUL_Loss: 0.029565	mmd_Loss: 0.013151	l1_Loss: 0.004770
Train source2 iter: 90 [(85%)]	Loss: 0.057087	RUL_Loss: 0.038029	mmd_Loss: 0.013791	l1_Loss: 0.005274
Train source3 iter: 90 [(85%)]	Loss: 0.113981	RUL_Loss: 0.090457	mmd_Loss: 0.016054	l1_Loss: 0.007480


Train source1 iter: 100 [(94%)]	Loss: 0.044941	RUL_Loss: 0.029500	mmd_Loss: 0.010586	l1_Loss: 0.004858
Train source2 iter: 100 [(94%)]	Loss: 0.059654	RUL_Loss: 0.039768	mmd_Loss: 0.014704	l1_Loss: 0.005184
Train source3 iter: 100 [(94%)]	Loss: 0.104648	RUL_Loss: 0.079386	mmd_Loss: 0.017442	l1_Loss: 0.007825


Train epochs:18.000000	
Train source1 iter: 10 [(9%)]	Loss: 0.035250	RUL_Loss: 0.027383	mmd_Loss: 0.012658	l1_Loss: 0.005239
Train source2 iter: 10 [(9%)]	Loss: 0.041173	RUL_Loss: 0.034421	mmd_Loss: 0.008866	l1_Loss: 0.006493
Train source3 iter: 10 [(9%)]	Loss: 0.101907	RUL_Loss: 0.091739	mmd_Loss: 0.014023	l1_Loss: 0.009107


Train source1 iter: 20 [(19%)]	Loss: 0.047299	RUL_Loss: 0.028799	mmd_Loss: 0.019668	l1_Loss: 0.005441
Train source2 iter: 20 [(19%)]	Loss: 0.045398	RUL_Loss: 0.032867	mmd_Loss: 0.010912	l1_Loss: 0.006096
Train source3 iter: 20 [(19%)]	Loss: 0.117111	RUL_Loss: 0.097609	mmd_Loss: 0.017844	l1_Loss: 0.008626


Train source1 iter: 30 [(28%)]	Loss: 0.041482	RUL_Loss: 0.029733	mmd_Loss: 0.008279	l1_Loss: 0.004943
Train source2 iter: 30 [(28%)]	Loss: 0.054253	RUL_Loss: 0.037762	mmd_Loss: 0.012494	l1_Loss: 0.006065
Train source3 iter: 30 [(28%)]	Loss: 0.122443	RUL_Loss: 0.099064	mmd_Loss: 0.017851	l1_Loss: 0.008460


Train source1 iter: 40 [(38%)]	Loss: 0.053525	RUL_Loss: 0.031951	mmd_Loss: 0.017257	l1_Loss: 0.005332
Train source2 iter: 40 [(38%)]	Loss: 0.050299	RUL_Loss: 0.033383	mmd_Loss: 0.011771	l1_Loss: 0.005941
Train source3 iter: 40 [(38%)]	Loss: 0.120729	RUL_Loss: 0.095295	mmd_Loss: 0.018411	l1_Loss: 0.008219


Train source1 iter: 50 [(47%)]	Loss: 0.041053	RUL_Loss: 0.027152	mmd_Loss: 0.009073	l1_Loss: 0.005079
Train source2 iter: 50 [(47%)]	Loss: 0.053711	RUL_Loss: 0.036638	mmd_Loss: 0.011617	l1_Loss: 0.005764
Train source3 iter: 50 [(47%)]	Loss: 0.125486	RUL_Loss: 0.099016	mmd_Loss: 0.018345	l1_Loss: 0.008603


Train source1 iter: 60 [(57%)]	Loss: 0.043946	RUL_Loss: 0.027912	mmd_Loss: 0.010699	l1_Loss: 0.005447
Train source2 iter: 60 [(57%)]	Loss: 0.051435	RUL_Loss: 0.035449	mmd_Loss: 0.009655	l1_Loss: 0.006443
Train source3 iter: 60 [(57%)]	Loss: 0.120801	RUL_Loss: 0.095759	mmd_Loss: 0.017030	l1_Loss: 0.008186


Train source1 iter: 70 [(66%)]	Loss: 0.040858	RUL_Loss: 0.027045	mmd_Loss: 0.008719	l1_Loss: 0.005131
Train source2 iter: 70 [(66%)]	Loss: 0.051853	RUL_Loss: 0.036300	mmd_Loss: 0.010193	l1_Loss: 0.005403
Train source3 iter: 70 [(66%)]	Loss: 0.121913	RUL_Loss: 0.097776	mmd_Loss: 0.015587	l1_Loss: 0.008615


Train source1 iter: 80 [(75%)]	Loss: 0.041434	RUL_Loss: 0.028189	mmd_Loss: 0.008295	l1_Loss: 0.004964
Train source2 iter: 80 [(75%)]	Loss: 0.051657	RUL_Loss: 0.034628	mmd_Loss: 0.010944	l1_Loss: 0.006103
Train source3 iter: 80 [(75%)]	Loss: 0.117943	RUL_Loss: 0.093959	mmd_Loss: 0.016153	l1_Loss: 0.007856


Train source1 iter: 90 [(85%)]	Loss: 0.044663	RUL_Loss: 0.031312	mmd_Loss: 0.008270	l1_Loss: 0.005086
Train source2 iter: 90 [(85%)]	Loss: 0.054105	RUL_Loss: 0.037516	mmd_Loss: 0.010664	l1_Loss: 0.005932
Train source3 iter: 90 [(85%)]	Loss: 0.120369	RUL_Loss: 0.095462	mmd_Loss: 0.016279	l1_Loss: 0.008637


Train source1 iter: 100 [(94%)]	Loss: 0.041260	RUL_Loss: 0.024066	mmd_Loss: 0.012304	l1_Loss: 0.004892
Train source2 iter: 100 [(94%)]	Loss: 0.051134	RUL_Loss: 0.034714	mmd_Loss: 0.010564	l1_Loss: 0.005858
Train source3 iter: 100 [(94%)]	Loss: 0.112638	RUL_Loss: 0.088500	mmd_Loss: 0.015862	l1_Loss: 0.008279


Train epochs:19.000000	
Train source1 iter: 10 [(9%)]	Loss: 0.038168	RUL_Loss: 0.029420	mmd_Loss: 0.013617	l1_Loss: 0.006285
Train source2 iter: 10 [(9%)]	Loss: 0.046569	RUL_Loss: 0.036963	mmd_Loss: 0.016739	l1_Loss: 0.005113
Train source3 iter: 10 [(9%)]	Loss: 0.113395	RUL_Loss: 0.101202	mmd_Loss: 0.018801	l1_Loss: 0.008938


Train source1 iter: 20 [(19%)]	Loss: 0.038789	RUL_Loss: 0.024221	mmd_Loss: 0.014427	l1_Loss: 0.005346
Train source2 iter: 20 [(19%)]	Loss: 0.049006	RUL_Loss: 0.037848	mmd_Loss: 0.010056	l1_Loss: 0.005090
Train source3 iter: 20 [(19%)]	Loss: 0.112898	RUL_Loss: 0.096151	mmd_Loss: 0.014212	l1_Loss: 0.008518


Train source1 iter: 30 [(28%)]	Loss: 0.042420	RUL_Loss: 0.028573	mmd_Loss: 0.009966	l1_Loss: 0.005617
Train source2 iter: 30 [(28%)]	Loss: 0.049434	RUL_Loss: 0.035705	mmd_Loss: 0.009712	l1_Loss: 0.005738
Train source3 iter: 30 [(28%)]	Loss: 0.122675	RUL_Loss: 0.100727	mmd_Loss: 0.016354	l1_Loss: 0.008347


Train source1 iter: 40 [(38%)]	Loss: 0.041774	RUL_Loss: 0.026877	mmd_Loss: 0.010106	l1_Loss: 0.005491
Train source2 iter: 40 [(38%)]	Loss: 0.048636	RUL_Loss: 0.035129	mmd_Loss: 0.009432	l1_Loss: 0.004710
Train source3 iter: 40 [(38%)]	Loss: 0.123948	RUL_Loss: 0.101072	mmd_Loss: 0.015474	l1_Loss: 0.008476


Train source1 iter: 50 [(47%)]	Loss: 0.043622	RUL_Loss: 0.027892	mmd_Loss: 0.010647	l1_Loss: 0.005367
Train source2 iter: 50 [(47%)]	Loss: 0.052301	RUL_Loss: 0.036569	mmd_Loss: 0.011075	l1_Loss: 0.004940
Train source3 iter: 50 [(47%)]	Loss: 0.125399	RUL_Loss: 0.099153	mmd_Loss: 0.017828	l1_Loss: 0.008892


Train source1 iter: 60 [(57%)]	Loss: 0.042913	RUL_Loss: 0.028398	mmd_Loss: 0.009320	l1_Loss: 0.005296
Train source2 iter: 60 [(57%)]	Loss: 0.053150	RUL_Loss: 0.035366	mmd_Loss: 0.012899	l1_Loss: 0.005008
Train source3 iter: 60 [(57%)]	Loss: 0.125419	RUL_Loss: 0.100677	mmd_Loss: 0.016712	l1_Loss: 0.008203


Train source1 iter: 70 [(66%)]	Loss: 0.045343	RUL_Loss: 0.026353	mmd_Loss: 0.013765	l1_Loss: 0.005276
Train source2 iter: 70 [(66%)]	Loss: 0.051885	RUL_Loss: 0.035993	mmd_Loss: 0.011361	l1_Loss: 0.004573
Train source3 iter: 70 [(66%)]	Loss: 0.128945	RUL_Loss: 0.103275	mmd_Loss: 0.017293	l1_Loss: 0.008446


Train source1 iter: 80 [(75%)]	Loss: 0.042432	RUL_Loss: 0.028434	mmd_Loss: 0.008603	l1_Loss: 0.005410
Train source2 iter: 80 [(75%)]	Loss: 0.056273	RUL_Loss: 0.038340	mmd_Loss: 0.012764	l1_Loss: 0.005188
Train source3 iter: 80 [(75%)]	Loss: 0.121351	RUL_Loss: 0.097994	mmd_Loss: 0.015634	l1_Loss: 0.007748


Train source1 iter: 90 [(85%)]	Loss: 0.047331	RUL_Loss: 0.027286	mmd_Loss: 0.014961	l1_Loss: 0.005093
Train source2 iter: 90 [(85%)]	Loss: 0.048407	RUL_Loss: 0.033111	mmd_Loss: 0.010142	l1_Loss: 0.005159
Train source3 iter: 90 [(85%)]	Loss: 0.113353	RUL_Loss: 0.089640	mmd_Loss: 0.015934	l1_Loss: 0.007788


Train source1 iter: 100 [(94%)]	Loss: 0.044818	RUL_Loss: 0.027891	mmd_Loss: 0.012079	l1_Loss: 0.004851
Train source2 iter: 100 [(94%)]	Loss: 0.050462	RUL_Loss: 0.034649	mmd_Loss: 0.010407	l1_Loss: 0.005409
Train source3 iter: 100 [(94%)]	Loss: 0.118776	RUL_Loss: 0.094535	mmd_Loss: 0.016572	l1_Loss: 0.007673


Train epochs:20.000000	
Train source1 iter: 10 [(9%)]	Loss: 0.034890	RUL_Loss: 0.028179	mmd_Loss: 0.009287	l1_Loss: 0.005979
Train source2 iter: 10 [(9%)]	Loss: 0.047071	RUL_Loss: 0.038410	mmd_Loss: 0.013739	l1_Loss: 0.005964
Train source3 iter: 10 [(9%)]	Loss: 0.109201	RUL_Loss: 0.098094	mmd_Loss: 0.015490	l1_Loss: 0.009779


Train source1 iter: 20 [(19%)]	Loss: 0.040470	RUL_Loss: 0.028199	mmd_Loss: 0.010449	l1_Loss: 0.006206
Train source2 iter: 20 [(19%)]	Loss: 0.043917	RUL_Loss: 0.033036	mmd_Loss: 0.009134	l1_Loss: 0.005634
Train source3 iter: 20 [(19%)]	Loss: 0.125066	RUL_Loss: 0.105928	mmd_Loss: 0.017390	l1_Loss: 0.008586


Train source1 iter: 30 [(28%)]	Loss: 0.042106	RUL_Loss: 0.026437	mmd_Loss: 0.012227	l1_Loss: 0.005407
Train source2 iter: 30 [(28%)]	Loss: 0.050334	RUL_Loss: 0.035855	mmd_Loss: 0.010980	l1_Loss: 0.005314
Train source3 iter: 30 [(28%)]	Loss: 0.119671	RUL_Loss: 0.098627	mmd_Loss: 0.014525	l1_Loss: 0.009158


Train source1 iter: 40 [(38%)]	Loss: 0.045009	RUL_Loss: 0.027432	mmd_Loss: 0.012858	l1_Loss: 0.005545
Train source2 iter: 40 [(38%)]	Loss: 0.049665	RUL_Loss: 0.034939	mmd_Loss: 0.009580	l1_Loss: 0.005838
Train source3 iter: 40 [(38%)]	Loss: 0.131995	RUL_Loss: 0.107544	mmd_Loss: 0.016509	l1_Loss: 0.009093


Train source1 iter: 50 [(47%)]	Loss: 0.046814	RUL_Loss: 0.028788	mmd_Loss: 0.012787	l1_Loss: 0.005564
Train source2 iter: 50 [(47%)]	Loss: 0.048057	RUL_Loss: 0.034362	mmd_Loss: 0.008637	l1_Loss: 0.005305
Train source3 iter: 50 [(47%)]	Loss: 0.134379	RUL_Loss: 0.111111	mmd_Loss: 0.015017	l1_Loss: 0.008670


Train source1 iter: 60 [(57%)]	Loss: 0.044124	RUL_Loss: 0.028993	mmd_Loss: 0.009850	l1_Loss: 0.005387
Train source2 iter: 60 [(57%)]	Loss: 0.050560	RUL_Loss: 0.036717	mmd_Loss: 0.008386	l1_Loss: 0.005553
Train source3 iter: 60 [(57%)]	Loss: 0.118091	RUL_Loss: 0.093347	mmd_Loss: 0.016665	l1_Loss: 0.008251


Train source1 iter: 70 [(66%)]	Loss: 0.042962	RUL_Loss: 0.027919	mmd_Loss: 0.010067	l1_Loss: 0.005017
Train source2 iter: 70 [(66%)]	Loss: 0.050850	RUL_Loss: 0.034766	mmd_Loss: 0.010736	l1_Loss: 0.005391
Train source3 iter: 70 [(66%)]	Loss: 0.125534	RUL_Loss: 0.101307	mmd_Loss: 0.015423	l1_Loss: 0.008870


Train source1 iter: 80 [(75%)]	Loss: 0.044557	RUL_Loss: 0.028254	mmd_Loss: 0.011105	l1_Loss: 0.005215
Train source2 iter: 80 [(75%)]	Loss: 0.053217	RUL_Loss: 0.035668	mmd_Loss: 0.012079	l1_Loss: 0.005488
Train source3 iter: 80 [(75%)]	Loss: 0.125253	RUL_Loss: 0.101746	mmd_Loss: 0.014915	l1_Loss: 0.008617


Train source1 iter: 90 [(85%)]	Loss: 0.046634	RUL_Loss: 0.028867	mmd_Loss: 0.012439	l1_Loss: 0.005335
Train source2 iter: 90 [(85%)]	Loss: 0.050036	RUL_Loss: 0.033415	mmd_Loss: 0.010918	l1_Loss: 0.005709
Train source3 iter: 90 [(85%)]	Loss: 0.124709	RUL_Loss: 0.099470	mmd_Loss: 0.016112	l1_Loss: 0.009137


Train source1 iter: 100 [(94%)]	Loss: 0.042727	RUL_Loss: 0.025776	mmd_Loss: 0.011224	l1_Loss: 0.005729
Train source2 iter: 100 [(94%)]	Loss: 0.050616	RUL_Loss: 0.035849	mmd_Loss: 0.009542	l1_Loss: 0.005227
Train source3 iter: 100 [(94%)]	Loss: 0.132410	RUL_Loss: 0.104891	mmd_Loss: 0.018059	l1_Loss: 0.009464


Train epochs:21.000000	
Train source1 iter: 10 [(9%)]	Loss: 0.033230	RUL_Loss: 0.026845	mmd_Loss: 0.008508	l1_Loss: 0.006017
Train source2 iter: 10 [(9%)]	Loss: 0.045991	RUL_Loss: 0.036940	mmd_Loss: 0.014767	l1_Loss: 0.005824
Train source3 iter: 10 [(9%)]	Loss: 0.118616	RUL_Loss: 0.106798	mmd_Loss: 0.016848	l1_Loss: 0.010039


Train source1 iter: 20 [(19%)]	Loss: 0.039682	RUL_Loss: 0.027514	mmd_Loss: 0.010726	l1_Loss: 0.005788
Train source2 iter: 20 [(19%)]	Loss: 0.046371	RUL_Loss: 0.033731	mmd_Loss: 0.011076	l1_Loss: 0.006080
Train source3 iter: 20 [(19%)]	Loss: 0.117573	RUL_Loss: 0.099223	mmd_Loss: 0.015523	l1_Loss: 0.009382


Train source1 iter: 30 [(28%)]	Loss: 0.039760	RUL_Loss: 0.026652	mmd_Loss: 0.009272	l1_Loss: 0.005481
Train source2 iter: 30 [(28%)]	Loss: 0.048458	RUL_Loss: 0.034712	mmd_Loss: 0.010039	l1_Loss: 0.005431
Train source3 iter: 30 [(28%)]	Loss: 0.121577	RUL_Loss: 0.099687	mmd_Loss: 0.015301	l1_Loss: 0.009334


Train source1 iter: 40 [(38%)]	Loss: 0.043504	RUL_Loss: 0.029027	mmd_Loss: 0.009005	l1_Loss: 0.006153
Train source2 iter: 40 [(38%)]	Loss: 0.053994	RUL_Loss: 0.036966	mmd_Loss: 0.012347	l1_Loss: 0.005482
Train source3 iter: 40 [(38%)]	Loss: 0.133967	RUL_Loss: 0.108734	mmd_Loss: 0.016743	l1_Loss: 0.009677


Train source1 iter: 50 [(47%)]	Loss: 0.046558	RUL_Loss: 0.028802	mmd_Loss: 0.011637	l1_Loss: 0.006440
Train source2 iter: 50 [(47%)]	Loss: 0.050833	RUL_Loss: 0.035164	mmd_Loss: 0.010298	l1_Loss: 0.005654
Train source3 iter: 50 [(47%)]	Loss: 0.119699	RUL_Loss: 0.095199	mmd_Loss: 0.015279	l1_Loss: 0.009663


Train source1 iter: 60 [(57%)]	Loss: 0.043854	RUL_Loss: 0.028299	mmd_Loss: 0.009778	l1_Loss: 0.005886
Train source2 iter: 60 [(57%)]	Loss: 0.049534	RUL_Loss: 0.034849	mmd_Loss: 0.009303	l1_Loss: 0.005485
Train source3 iter: 60 [(57%)]	Loss: 0.127109	RUL_Loss: 0.102563	mmd_Loss: 0.015438	l1_Loss: 0.009280


Train source1 iter: 70 [(66%)]	Loss: 0.045235	RUL_Loss: 0.030584	mmd_Loss: 0.009057	l1_Loss: 0.005634
Train source2 iter: 70 [(66%)]	Loss: 0.050124	RUL_Loss: 0.033533	mmd_Loss: 0.011043	l1_Loss: 0.005593
Train source3 iter: 70 [(66%)]	Loss: 0.136475	RUL_Loss: 0.112798	mmd_Loss: 0.015067	l1_Loss: 0.008675


Train source1 iter: 80 [(75%)]	Loss: 0.046710	RUL_Loss: 0.028973	mmd_Loss: 0.011851	l1_Loss: 0.005905
Train source2 iter: 80 [(75%)]	Loss: 0.054800	RUL_Loss: 0.035659	mmd_Loss: 0.013566	l1_Loss: 0.005596
Train source3 iter: 80 [(75%)]	Loss: 0.117957	RUL_Loss: 0.093847	mmd_Loss: 0.015273	l1_Loss: 0.008863


Train source1 iter: 90 [(85%)]	Loss: 0.044425	RUL_Loss: 0.030359	mmd_Loss: 0.007887	l1_Loss: 0.006186
Train source2 iter: 90 [(85%)]	Loss: 0.051449	RUL_Loss: 0.033983	mmd_Loss: 0.011625	l1_Loss: 0.005848
Train source3 iter: 90 [(85%)]	Loss: 0.126407	RUL_Loss: 0.100291	mmd_Loss: 0.016283	l1_Loss: 0.009844


Train source1 iter: 100 [(94%)]	Loss: 0.044530	RUL_Loss: 0.029701	mmd_Loss: 0.008536	l1_Loss: 0.006296
Train source2 iter: 100 [(94%)]	Loss: 0.049363	RUL_Loss: 0.032654	mmd_Loss: 0.011221	l1_Loss: 0.005491
Train source3 iter: 100 [(94%)]	Loss: 0.116547	RUL_Loss: 0.091708	mmd_Loss: 0.015222	l1_Loss: 0.009621


Train epochs:22.000000	
Train source1 iter: 10 [(9%)]	Loss: 0.043248	RUL_Loss: 0.036748	mmd_Loss: 0.010197	l1_Loss: 0.004590
Train source2 iter: 10 [(9%)]	Loss: 0.047133	RUL_Loss: 0.038639	mmd_Loss: 0.012469	l1_Loss: 0.006853
Train source3 iter: 10 [(9%)]	Loss: 0.109549	RUL_Loss: 0.099097	mmd_Loss: 0.015361	l1_Loss: 0.008416


Train source1 iter: 20 [(19%)]	Loss: 0.044216	RUL_Loss: 0.032779	mmd_Loss: 0.010582	l1_Loss: 0.004941
Train source2 iter: 20 [(19%)]	Loss: 0.047442	RUL_Loss: 0.036149	mmd_Loss: 0.009543	l1_Loss: 0.005784
Train source3 iter: 20 [(19%)]	Loss: 0.122898	RUL_Loss: 0.105651	mmd_Loss: 0.015456	l1_Loss: 0.007953


Train source1 iter: 30 [(28%)]	Loss: 0.048637	RUL_Loss: 0.027904	mmd_Loss: 0.018238	l1_Loss: 0.005095
Train source2 iter: 30 [(28%)]	Loss: 0.048803	RUL_Loss: 0.034905	mmd_Loss: 0.010096	l1_Loss: 0.005546
Train source3 iter: 30 [(28%)]	Loss: 0.125056	RUL_Loss: 0.104749	mmd_Loss: 0.014195	l1_Loss: 0.008658


Train source1 iter: 40 [(38%)]	Loss: 0.052049	RUL_Loss: 0.033884	mmd_Loss: 0.013804	l1_Loss: 0.005215
Train source2 iter: 40 [(38%)]	Loss: 0.051286	RUL_Loss: 0.036835	mmd_Loss: 0.009829	l1_Loss: 0.005302
Train source3 iter: 40 [(38%)]	Loss: 0.117552	RUL_Loss: 0.094799	mmd_Loss: 0.015074	l1_Loss: 0.008748


Train source1 iter: 50 [(47%)]	Loss: 0.054771	RUL_Loss: 0.033501	mmd_Loss: 0.016487	l1_Loss: 0.005168
Train source2 iter: 50 [(47%)]	Loss: 0.052972	RUL_Loss: 0.036169	mmd_Loss: 0.011323	l1_Loss: 0.005783
Train source3 iter: 50 [(47%)]	Loss: 0.119971	RUL_Loss: 0.097524	mmd_Loss: 0.015107	l1_Loss: 0.007745


Train source1 iter: 60 [(57%)]	Loss: 0.048183	RUL_Loss: 0.032668	mmd_Loss: 0.010510	l1_Loss: 0.005114
Train source2 iter: 60 [(57%)]	Loss: 0.049522	RUL_Loss: 0.034252	mmd_Loss: 0.009473	l1_Loss: 0.005904
Train source3 iter: 60 [(57%)]	Loss: 0.130336	RUL_Loss: 0.107316	mmd_Loss: 0.014897	l1_Loss: 0.008284


Train source1 iter: 70 [(66%)]	Loss: 0.045174	RUL_Loss: 0.031375	mmd_Loss: 0.008987	l1_Loss: 0.004849
Train source2 iter: 70 [(66%)]	Loss: 0.054353	RUL_Loss: 0.039334	mmd_Loss: 0.009620	l1_Loss: 0.005441
Train source3 iter: 70 [(66%)]	Loss: 0.137488	RUL_Loss: 0.113915	mmd_Loss: 0.015360	l1_Loss: 0.008277


Train source1 iter: 80 [(75%)]	Loss: 0.051719	RUL_Loss: 0.030401	mmd_Loss: 0.016360	l1_Loss: 0.004981
Train source2 iter: 80 [(75%)]	Loss: 0.048696	RUL_Loss: 0.034306	mmd_Loss: 0.008880	l1_Loss: 0.005526
Train source3 iter: 80 [(75%)]	Loss: 0.118692	RUL_Loss: 0.096548	mmd_Loss: 0.014418	l1_Loss: 0.007750


Train source1 iter: 90 [(85%)]	Loss: 0.044752	RUL_Loss: 0.031387	mmd_Loss: 0.008640	l1_Loss: 0.004731
Train source2 iter: 90 [(85%)]	Loss: 0.050971	RUL_Loss: 0.036375	mmd_Loss: 0.008962	l1_Loss: 0.005641
Train source3 iter: 90 [(85%)]	Loss: 0.134320	RUL_Loss: 0.110593	mmd_Loss: 0.015678	l1_Loss: 0.008059


Train source1 iter: 100 [(94%)]	Loss: 0.046516	RUL_Loss: 0.031851	mmd_Loss: 0.009578	l1_Loss: 0.005089
Train source2 iter: 100 [(94%)]	Loss: 0.051820	RUL_Loss: 0.037917	mmd_Loss: 0.008444	l1_Loss: 0.005461
Train source3 iter: 100 [(94%)]	Loss: 0.126774	RUL_Loss: 0.104356	mmd_Loss: 0.014619	l1_Loss: 0.007803


Train epochs:23.000000	
Train source1 iter: 10 [(9%)]	Loss: 0.048433	RUL_Loss: 0.041828	mmd_Loss: 0.010309	l1_Loss: 0.004719
Train source2 iter: 10 [(9%)]	Loss: 0.045210	RUL_Loss: 0.038165	mmd_Loss: 0.009834	l1_Loss: 0.006195
Train source3 iter: 10 [(9%)]	Loss: 0.118948	RUL_Loss: 0.108046	mmd_Loss: 0.016632	l1_Loss: 0.008170


Train source1 iter: 20 [(19%)]	Loss: 0.043658	RUL_Loss: 0.032714	mmd_Loss: 0.009959	l1_Loss: 0.004894
Train source2 iter: 20 [(19%)]	Loss: 0.047304	RUL_Loss: 0.034993	mmd_Loss: 0.010557	l1_Loss: 0.006153
Train source3 iter: 20 [(19%)]	Loss: 0.134268	RUL_Loss: 0.116367	mmd_Loss: 0.016106	l1_Loss: 0.008191


Train source1 iter: 30 [(28%)]	Loss: 0.051751	RUL_Loss: 0.037649	mmd_Loss: 0.010931	l1_Loss: 0.004940
Train source2 iter: 30 [(28%)]	Loss: 0.053315	RUL_Loss: 0.038760	mmd_Loss: 0.010749	l1_Loss: 0.005631
Train source3 iter: 30 [(28%)]	Loss: 0.131887	RUL_Loss: 0.109846	mmd_Loss: 0.017022	l1_Loss: 0.007782


Train source1 iter: 40 [(38%)]	Loss: 0.054812	RUL_Loss: 0.033735	mmd_Loss: 0.017206	l1_Loss: 0.004861
Train source2 iter: 40 [(38%)]	Loss: 0.052581	RUL_Loss: 0.036174	mmd_Loss: 0.010790	l1_Loss: 0.006389
Train source3 iter: 40 [(38%)]	Loss: 0.130526	RUL_Loss: 0.108536	mmd_Loss: 0.014441	l1_Loss: 0.008582


Train source1 iter: 50 [(47%)]	Loss: 0.051900	RUL_Loss: 0.035591	mmd_Loss: 0.011837	l1_Loss: 0.004766
Train source2 iter: 50 [(47%)]	Loss: 0.051549	RUL_Loss: 0.036349	mmd_Loss: 0.009746	l1_Loss: 0.005729
Train source3 iter: 50 [(47%)]	Loss: 0.133904	RUL_Loss: 0.109173	mmd_Loss: 0.017247	l1_Loss: 0.007931


Train source1 iter: 60 [(57%)]	Loss: 0.048329	RUL_Loss: 0.033965	mmd_Loss: 0.009564	l1_Loss: 0.004901
Train source2 iter: 60 [(57%)]	Loss: 0.045379	RUL_Loss: 0.030861	mmd_Loss: 0.008695	l1_Loss: 0.005924
Train source3 iter: 60 [(57%)]	Loss: 0.128142	RUL_Loss: 0.102717	mmd_Loss: 0.017612	l1_Loss: 0.007990


Train source1 iter: 70 [(66%)]	Loss: 0.049894	RUL_Loss: 0.035222	mmd_Loss: 0.009793	l1_Loss: 0.004919
Train source2 iter: 70 [(66%)]	Loss: 0.058765	RUL_Loss: 0.042590	mmd_Loss: 0.010507	l1_Loss: 0.005712
Train source3 iter: 70 [(66%)]	Loss: 0.124376	RUL_Loss: 0.099481	mmd_Loss: 0.016826	l1_Loss: 0.008137


Train source1 iter: 80 [(75%)]	Loss: 0.051947	RUL_Loss: 0.033247	mmd_Loss: 0.013192	l1_Loss: 0.005528
Train source2 iter: 80 [(75%)]	Loss: 0.055098	RUL_Loss: 0.038858	mmd_Loss: 0.010077	l1_Loss: 0.006180
Train source3 iter: 80 [(75%)]	Loss: 0.124574	RUL_Loss: 0.099695	mmd_Loss: 0.016889	l1_Loss: 0.008017


Train source1 iter: 90 [(85%)]	Loss: 0.054127	RUL_Loss: 0.034682	mmd_Loss: 0.014909	l1_Loss: 0.004545
Train source2 iter: 90 [(85%)]	Loss: 0.053818	RUL_Loss: 0.035395	mmd_Loss: 0.012710	l1_Loss: 0.005720
Train source3 iter: 90 [(85%)]	Loss: 0.126983	RUL_Loss: 0.104352	mmd_Loss: 0.014464	l1_Loss: 0.008176


Train source1 iter: 100 [(94%)]	Loss: 0.052512	RUL_Loss: 0.037328	mmd_Loss: 0.010368	l1_Loss: 0.004818
Train source2 iter: 100 [(94%)]	Loss: 0.051840	RUL_Loss: 0.034923	mmd_Loss: 0.010843	l1_Loss: 0.006077
Train source3 iter: 100 [(94%)]	Loss: 0.135823	RUL_Loss: 0.111571	mmd_Loss: 0.015622	l1_Loss: 0.008633


Train epochs:24.000000	
Train source1 iter: 10 [(9%)]	Loss: 0.034624	RUL_Loss: 0.027492	mmd_Loss: 0.009774	l1_Loss: 0.006451
Train source2 iter: 10 [(9%)]	Loss: 0.040511	RUL_Loss: 0.033135	mmd_Loss: 0.010382	l1_Loss: 0.006398
Train source3 iter: 10 [(9%)]	Loss: 0.113518	RUL_Loss: 0.101844	mmd_Loss: 0.015937	l1_Loss: 0.010621


Train source1 iter: 20 [(19%)]	Loss: 0.041103	RUL_Loss: 0.028993	mmd_Loss: 0.010183	l1_Loss: 0.006254
Train source2 iter: 20 [(19%)]	Loss: 0.044761	RUL_Loss: 0.034371	mmd_Loss: 0.008149	l1_Loss: 0.005953
Train source3 iter: 20 [(19%)]	Loss: 0.122469	RUL_Loss: 0.102735	mmd_Loss: 0.016224	l1_Loss: 0.010561


Train source1 iter: 30 [(28%)]	Loss: 0.042978	RUL_Loss: 0.027105	mmd_Loss: 0.011730	l1_Loss: 0.006133
Train source2 iter: 30 [(28%)]	Loss: 0.049594	RUL_Loss: 0.036295	mmd_Loss: 0.008907	l1_Loss: 0.006060
Train source3 iter: 30 [(28%)]	Loss: 0.126551	RUL_Loss: 0.104244	mmd_Loss: 0.014895	l1_Loss: 0.010208


Train source1 iter: 40 [(38%)]	Loss: 0.042479	RUL_Loss: 0.028837	mmd_Loss: 0.007715	l1_Loss: 0.006570
Train source2 iter: 40 [(38%)]	Loss: 0.047635	RUL_Loss: 0.032165	mmd_Loss: 0.009887	l1_Loss: 0.006311
Train source3 iter: 40 [(38%)]	Loss: 0.130894	RUL_Loss: 0.103898	mmd_Loss: 0.017987	l1_Loss: 0.010278


Train source1 iter: 50 [(47%)]	Loss: 0.046302	RUL_Loss: 0.030215	mmd_Loss: 0.009069	l1_Loss: 0.007308
Train source2 iter: 50 [(47%)]	Loss: 0.052308	RUL_Loss: 0.036503	mmd_Loss: 0.009869	l1_Loss: 0.006221
Train source3 iter: 50 [(47%)]	Loss: 0.136236	RUL_Loss: 0.111535	mmd_Loss: 0.014797	l1_Loss: 0.010350


Train source1 iter: 60 [(57%)]	Loss: 0.045214	RUL_Loss: 0.029086	mmd_Loss: 0.009973	l1_Loss: 0.006267
Train source2 iter: 60 [(57%)]	Loss: 0.049140	RUL_Loss: 0.033692	mmd_Loss: 0.009847	l1_Loss: 0.005709
Train source3 iter: 60 [(57%)]	Loss: 0.127243	RUL_Loss: 0.100816	mmd_Loss: 0.015438	l1_Loss: 0.011174


Train source1 iter: 70 [(66%)]	Loss: 0.046364	RUL_Loss: 0.028859	mmd_Loss: 0.011203	l1_Loss: 0.006350
Train source2 iter: 70 [(66%)]	Loss: 0.053231	RUL_Loss: 0.036229	mmd_Loss: 0.010831	l1_Loss: 0.006217
Train source3 iter: 70 [(66%)]	Loss: 0.132373	RUL_Loss: 0.103394	mmd_Loss: 0.018654	l1_Loss: 0.010405


Train source1 iter: 80 [(75%)]	Loss: 0.052167	RUL_Loss: 0.028478	mmd_Loss: 0.017073	l1_Loss: 0.006642
Train source2 iter: 80 [(75%)]	Loss: 0.050745	RUL_Loss: 0.035786	mmd_Loss: 0.008827	l1_Loss: 0.006148
Train source3 iter: 80 [(75%)]	Loss: 0.139293	RUL_Loss: 0.113647	mmd_Loss: 0.014955	l1_Loss: 0.010718


Train source1 iter: 90 [(85%)]	Loss: 0.045990	RUL_Loss: 0.025947	mmd_Loss: 0.013116	l1_Loss: 0.006935
Train source2 iter: 90 [(85%)]	Loss: 0.052898	RUL_Loss: 0.036070	mmd_Loss: 0.011174	l1_Loss: 0.005660
Train source3 iter: 90 [(85%)]	Loss: 0.126248	RUL_Loss: 0.099908	mmd_Loss: 0.015442	l1_Loss: 0.010908


Train source1 iter: 100 [(94%)]	Loss: 0.046857	RUL_Loss: 0.026870	mmd_Loss: 0.013711	l1_Loss: 0.006279
Train source2 iter: 100 [(94%)]	Loss: 0.051934	RUL_Loss: 0.035464	mmd_Loss: 0.010593	l1_Loss: 0.005880
Train source3 iter: 100 [(94%)]	Loss: 0.135903	RUL_Loss: 0.110967	mmd_Loss: 0.014502	l1_Loss: 0.010438


Train epochs:25.000000	
