当前日期和时间： 2023-03-15_19_37_32
training settings:	 lr: 0.001 momentum: 0.9 l2_decay: 0.001 optimizer: Adam seed: 6
model architecture:
 MFSAN(
  (sharedNet): CFE(
    (conv1): Conv1d(14, 32, kernel_size=(3,), stride=(1,), padding=(1,), bias=False)
    (bn1): BatchNorm1d(32, eps=1e-05, momentum=0.1, affine=True, track_running_stats=True)
    (conv2): Conv1d(32, 64, kernel_size=(2,), stride=(1,), padding=(1,), bias=False)
    (bn2): BatchNorm1d(64, eps=1e-05, momentum=0.1, affine=True, track_running_stats=True)
    (conv3): Conv1d(64, 128, kernel_size=(2,), stride=(1,), bias=False)
    (bn3): BatchNorm1d(128, eps=1e-05, momentum=0.1, affine=True, track_running_stats=True)
    (relu): ReLU(inplace=True)
    (flatten): Flatten(start_dim=1, end_dim=-1)
  )
  (sonnet1): DFE(
    (rnn): LSTM(128, 100, num_layers=2, batch_first=True, dropout=0.2, bidirectional=True)
  )
  (sonnet2): DFE(
    (rnn): LSTM(128, 100, num_layers=2, batch_first=True, dropout=0.2, bidirectional=True)
  )
  (rul_fc_son1): Linear(in_features=199, out_features=1, bias=True)
  (rul_fc_son2): Linear(in_features=199, out_features=1, bias=True)
  (avgpool): AvgPool1d(kernel_size=(2,), stride=(1,), padding=(0,))
)
FD002 FD004 to FD001
Train source1 iter: 10 [(9%)]	Loss: 0.135656	RUL_Loss: 0.115245	mmd_Loss: 0.021810	l1_Loss: 0.024624
Train source2 iter: 10 [(9%)]	Loss: 0.146006	RUL_Loss: 0.126469	mmd_Loss: 0.019824	l1_Loss: 0.024621
Train source1 iter: 20 [(19%)]	Loss: 0.144677	RUL_Loss: 0.119578	mmd_Loss: 0.021302	l1_Loss: 0.012764
Train source2 iter: 20 [(19%)]	Loss: 0.148199	RUL_Loss: 0.122886	mmd_Loss: 0.021310	l1_Loss: 0.013046
Train source1 iter: 30 [(28%)]	Loss: 0.142086	RUL_Loss: 0.109697	mmd_Loss: 0.022001	l1_Loss: 0.014449
Train source2 iter: 30 [(28%)]	Loss: 0.155029	RUL_Loss: 0.121347	mmd_Loss: 0.023792	l1_Loss: 0.014114
Train source1 iter: 40 [(38%)]	Loss: 0.148529	RUL_Loss: 0.115381	mmd_Loss: 0.020618	l1_Loss: 0.014088
Train source2 iter: 40 [(38%)]	Loss: 0.169656	RUL_Loss: 0.132493	mmd_Loss: 0.026082	l1_Loss: 0.012829
Train source1 iter: 50 [(47%)]	Loss: 0.159244	RUL_Loss: 0.124042	mmd_Loss: 0.021446	l1_Loss: 0.014392
Train source2 iter: 50 [(47%)]	Loss: 0.157994	RUL_Loss: 0.122860	mmd_Loss: 0.021704	l1_Loss: 0.014065
Train source1 iter: 60 [(57%)]	Loss: 0.158385	RUL_Loss: 0.124152	mmd_Loss: 0.020932	l1_Loss: 0.013541
Train source2 iter: 60 [(57%)]	Loss: 0.158707	RUL_Loss: 0.123762	mmd_Loss: 0.021813	l1_Loss: 0.013375
Train source1 iter: 70 [(66%)]	Loss: 0.153618	RUL_Loss: 0.115788	mmd_Loss: 0.023526	l1_Loss: 0.014407
Train source2 iter: 70 [(66%)]	Loss: 0.151095	RUL_Loss: 0.113115	mmd_Loss: 0.024035	l1_Loss: 0.014047
Train source1 iter: 80 [(75%)]	Loss: 0.150034	RUL_Loss: 0.116477	mmd_Loss: 0.019642	l1_Loss: 0.013950
Train source2 iter: 80 [(75%)]	Loss: 0.148206	RUL_Loss: 0.110375	mmd_Loss: 0.023574	l1_Loss: 0.014297
Train source1 iter: 90 [(85%)]	Loss: 0.139131	RUL_Loss: 0.106616	mmd_Loss: 0.019499	l1_Loss: 0.013028
Train source2 iter: 90 [(85%)]	Loss: 0.156764	RUL_Loss: 0.122143	mmd_Loss: 0.020093	l1_Loss: 0.014542
Train source1 iter: 100 [(94%)]	Loss: 0.152656	RUL_Loss: 0.119783	mmd_Loss: 0.018222	l1_Loss: 0.014657
Train source2 iter: 100 [(94%)]	Loss: 0.163266	RUL_Loss: 0.125888	mmd_Loss: 0.022894	l1_Loss: 0.014490
Train epochs:1.000000	
Train source1 iter: 10 [(9%)]	Loss: 0.104119	RUL_Loss: 0.096297	mmd_Loss: 0.013751	l1_Loss: 0.004043
Train source2 iter: 10 [(9%)]	Loss: 0.112839	RUL_Loss: 0.103382	mmd_Loss: 0.017725	l1_Loss: 0.003790
Train source1 iter: 20 [(19%)]	Loss: 0.126961	RUL_Loss: 0.114296	mmd_Loss: 0.013096	l1_Loss: 0.004094
Train source2 iter: 20 [(19%)]	Loss: 0.112538	RUL_Loss: 0.097423	mmd_Loss: 0.016117	l1_Loss: 0.004399
Train source1 iter: 30 [(28%)]	Loss: 0.119907	RUL_Loss: 0.103276	mmd_Loss: 0.014646	l1_Loss: 0.004070
Train source2 iter: 30 [(28%)]	Loss: 0.114946	RUL_Loss: 0.098960	mmd_Loss: 0.014190	l1_Loss: 0.003800
Train source1 iter: 40 [(38%)]	Loss: 0.127465	RUL_Loss: 0.108445	mmd_Loss: 0.014989	l1_Loss: 0.004925
Train source2 iter: 40 [(38%)]	Loss: 0.111383	RUL_Loss: 0.094733	mmd_Loss: 0.013735	l1_Loss: 0.003697
Train source1 iter: 50 [(47%)]	Loss: 0.117998	RUL_Loss: 0.100022	mmd_Loss: 0.014308	l1_Loss: 0.003993
Train source2 iter: 50 [(47%)]	Loss: 0.117569	RUL_Loss: 0.098115	mmd_Loss: 0.015718	l1_Loss: 0.004086
Train source1 iter: 60 [(57%)]	Loss: 0.129150	RUL_Loss: 0.110233	mmd_Loss: 0.015206	l1_Loss: 0.003843
Train source2 iter: 60 [(57%)]	Loss: 0.115682	RUL_Loss: 0.096319	mmd_Loss: 0.015186	l1_Loss: 0.004312
Train source1 iter: 70 [(66%)]	Loss: 0.118832	RUL_Loss: 0.098971	mmd_Loss: 0.015877	l1_Loss: 0.004038
Train source2 iter: 70 [(66%)]	Loss: 0.118071	RUL_Loss: 0.098525	mmd_Loss: 0.015764	l1_Loss: 0.003835
Train source1 iter: 80 [(75%)]	Loss: 0.127313	RUL_Loss: 0.109122	mmd_Loss: 0.014199	l1_Loss: 0.004010
Train source2 iter: 80 [(75%)]	Loss: 0.113514	RUL_Loss: 0.094386	mmd_Loss: 0.015156	l1_Loss: 0.003992
Train source1 iter: 90 [(85%)]	Loss: 0.114403	RUL_Loss: 0.097313	mmd_Loss: 0.013191	l1_Loss: 0.003906
Train source2 iter: 90 [(85%)]	Loss: 0.114657	RUL_Loss: 0.094882	mmd_Loss: 0.015783	l1_Loss: 0.003999
Train source1 iter: 100 [(94%)]	Loss: 0.128856	RUL_Loss: 0.110387	mmd_Loss: 0.014544	l1_Loss: 0.003928
Train source2 iter: 100 [(94%)]	Loss: 0.119232	RUL_Loss: 0.099450	mmd_Loss: 0.015701	l1_Loss: 0.004085
Train epochs:2.000000	
Train source1 iter: 10 [(9%)]	Loss: 0.086884	RUL_Loss: 0.077142	mmd_Loss: 0.018333	l1_Loss: 0.003830
Train source2 iter: 10 [(9%)]	Loss: 0.084445	RUL_Loss: 0.076826	mmd_Loss: 0.013728	l1_Loss: 0.003606
Train source1 iter: 20 [(19%)]	Loss: 0.085627	RUL_Loss: 0.073078	mmd_Loss: 0.013500	l1_Loss: 0.003532
Train source2 iter: 20 [(19%)]	Loss: 0.080910	RUL_Loss: 0.067452	mmd_Loss: 0.014140	l1_Loss: 0.004126
Train source1 iter: 30 [(28%)]	Loss: 0.096898	RUL_Loss: 0.078983	mmd_Loss: 0.016096	l1_Loss: 0.004066
Train source2 iter: 30 [(28%)]	Loss: 0.087362	RUL_Loss: 0.072040	mmd_Loss: 0.013094	l1_Loss: 0.004150
Train source1 iter: 40 [(38%)]	Loss: 0.092817	RUL_Loss: 0.074128	mmd_Loss: 0.015755	l1_Loss: 0.003812
Train source2 iter: 40 [(38%)]	Loss: 0.091525	RUL_Loss: 0.074023	mmd_Loss: 0.014651	l1_Loss: 0.003674
Train source1 iter: 50 [(47%)]	Loss: 0.092535	RUL_Loss: 0.074734	mmd_Loss: 0.014703	l1_Loss: 0.003420
Train source2 iter: 50 [(47%)]	Loss: 0.085087	RUL_Loss: 0.067613	mmd_Loss: 0.014127	l1_Loss: 0.003663
Train source1 iter: 60 [(57%)]	Loss: 0.091490	RUL_Loss: 0.071401	mmd_Loss: 0.016244	l1_Loss: 0.003985
Train source2 iter: 60 [(57%)]	Loss: 0.086965	RUL_Loss: 0.070216	mmd_Loss: 0.012880	l1_Loss: 0.003986
Train source1 iter: 70 [(66%)]	Loss: 0.094649	RUL_Loss: 0.076297	mmd_Loss: 0.014498	l1_Loss: 0.003904
Train source2 iter: 70 [(66%)]	Loss: 0.088092	RUL_Loss: 0.070546	mmd_Loss: 0.013642	l1_Loss: 0.003951
Train source1 iter: 80 [(75%)]	Loss: 0.087689	RUL_Loss: 0.069017	mmd_Loss: 0.014957	l1_Loss: 0.003734
Train source2 iter: 80 [(75%)]	Loss: 0.085156	RUL_Loss: 0.067668	mmd_Loss: 0.013370	l1_Loss: 0.004137
Train source1 iter: 90 [(85%)]	Loss: 0.087062	RUL_Loss: 0.068085	mmd_Loss: 0.015054	l1_Loss: 0.003930
Train source2 iter: 90 [(85%)]	Loss: 0.083137	RUL_Loss: 0.065185	mmd_Loss: 0.014218	l1_Loss: 0.003742
Train source1 iter: 100 [(94%)]	Loss: 0.090566	RUL_Loss: 0.072203	mmd_Loss: 0.015062	l1_Loss: 0.003304
Train source2 iter: 100 [(94%)]	Loss: 0.087599	RUL_Loss: 0.070644	mmd_Loss: 0.013237	l1_Loss: 0.003721
Train epochs:3.000000	
Train source1 iter: 10 [(9%)]	Loss: 0.071531	RUL_Loss: 0.058017	mmd_Loss: 0.017047	l1_Loss: 0.013698
Train source2 iter: 10 [(9%)]	Loss: 0.065422	RUL_Loss: 0.052896	mmd_Loss: 0.015426	l1_Loss: 0.013070
Train source1 iter: 20 [(19%)]	Loss: 0.069656	RUL_Loss: 0.052427	mmd_Loss: 0.014589	l1_Loss: 0.008795
Train source2 iter: 20 [(19%)]	Loss: 0.070384	RUL_Loss: 0.051364	mmd_Loss: 0.017863	l1_Loss: 0.007952
Train source1 iter: 30 [(28%)]	Loss: 0.075840	RUL_Loss: 0.054753	mmd_Loss: 0.015220	l1_Loss: 0.008511
Train source2 iter: 30 [(28%)]	Loss: 0.069874	RUL_Loss: 0.050224	mmd_Loss: 0.013199	l1_Loss: 0.008915
Train source1 iter: 40 [(38%)]	Loss: 0.077524	RUL_Loss: 0.054649	mmd_Loss: 0.015812	l1_Loss: 0.008139
Train source2 iter: 40 [(38%)]	Loss: 0.076976	RUL_Loss: 0.055531	mmd_Loss: 0.014816	l1_Loss: 0.007637
Train source1 iter: 50 [(47%)]	Loss: 0.079197	RUL_Loss: 0.056053	mmd_Loss: 0.014872	l1_Loss: 0.008690
Train source2 iter: 50 [(47%)]	Loss: 0.074618	RUL_Loss: 0.049946	mmd_Loss: 0.017143	l1_Loss: 0.007975
Train source1 iter: 60 [(57%)]	Loss: 0.080597	RUL_Loss: 0.057820	mmd_Loss: 0.015332	l1_Loss: 0.007604
Train source2 iter: 60 [(57%)]	Loss: 0.073530	RUL_Loss: 0.051818	mmd_Loss: 0.014141	l1_Loss: 0.007723
Train source1 iter: 70 [(66%)]	Loss: 0.078080	RUL_Loss: 0.053357	mmd_Loss: 0.016433	l1_Loss: 0.008357
Train source2 iter: 70 [(66%)]	Loss: 0.073896	RUL_Loss: 0.052613	mmd_Loss: 0.013512	l1_Loss: 0.007828
Train source1 iter: 80 [(75%)]	Loss: 0.079574	RUL_Loss: 0.058285	mmd_Loss: 0.013941	l1_Loss: 0.007371
Train source2 iter: 80 [(75%)]	Loss: 0.077877	RUL_Loss: 0.054319	mmd_Loss: 0.014947	l1_Loss: 0.008636
Train source1 iter: 90 [(85%)]	Loss: 0.078683	RUL_Loss: 0.054838	mmd_Loss: 0.015209	l1_Loss: 0.008647
Train source2 iter: 90 [(85%)]	Loss: 0.071383	RUL_Loss: 0.047661	mmd_Loss: 0.014853	l1_Loss: 0.008879
Train source1 iter: 100 [(94%)]	Loss: 0.083073	RUL_Loss: 0.059737	mmd_Loss: 0.014949	l1_Loss: 0.008390
Train source2 iter: 100 [(94%)]	Loss: 0.078393	RUL_Loss: 0.054431	mmd_Loss: 0.016266	l1_Loss: 0.007699
Train epochs:4.000000	
Train source1 iter: 10 [(9%)]	Loss: 0.079796	RUL_Loss: 0.068745	mmd_Loss: 0.013932	l1_Loss: 0.011207
Train source2 iter: 10 [(9%)]	Loss: 0.063442	RUL_Loss: 0.051316	mmd_Loss: 0.017937	l1_Loss: 0.009651
Train source1 iter: 20 [(19%)]	Loss: 0.078975	RUL_Loss: 0.062282	mmd_Loss: 0.014533	l1_Loss: 0.008124
Train source2 iter: 20 [(19%)]	Loss: 0.065058	RUL_Loss: 0.045166	mmd_Loss: 0.018534	l1_Loss: 0.008465
Train source1 iter: 30 [(28%)]	Loss: 0.075119	RUL_Loss: 0.055739	mmd_Loss: 0.013669	l1_Loss: 0.008142
Train source2 iter: 30 [(28%)]	Loss: 0.073930	RUL_Loss: 0.053258	mmd_Loss: 0.014941	l1_Loss: 0.008323
Train source1 iter: 40 [(38%)]	Loss: 0.085226	RUL_Loss: 0.061694	mmd_Loss: 0.016059	l1_Loss: 0.008579
Train source2 iter: 40 [(38%)]	Loss: 0.071893	RUL_Loss: 0.046001	mmd_Loss: 0.018692	l1_Loss: 0.008418
Train source1 iter: 50 [(47%)]	Loss: 0.082802	RUL_Loss: 0.059170	mmd_Loss: 0.015302	l1_Loss: 0.008757
Train source2 iter: 50 [(47%)]	Loss: 0.072155	RUL_Loss: 0.047543	mmd_Loss: 0.016605	l1_Loss: 0.008451
Train source1 iter: 60 [(57%)]	Loss: 0.084249	RUL_Loss: 0.061706	mmd_Loss: 0.013850	l1_Loss: 0.008850
Train source2 iter: 60 [(57%)]	Loss: 0.069673	RUL_Loss: 0.047117	mmd_Loss: 0.015183	l1_Loss: 0.007531
Train source1 iter: 70 [(66%)]	Loss: 0.083007	RUL_Loss: 0.060972	mmd_Loss: 0.014253	l1_Loss: 0.007842
Train source2 iter: 70 [(66%)]	Loss: 0.071814	RUL_Loss: 0.048272	mmd_Loss: 0.015745	l1_Loss: 0.007862
Train source1 iter: 80 [(75%)]	Loss: 0.081266	RUL_Loss: 0.056411	mmd_Loss: 0.016008	l1_Loss: 0.008873
Train source2 iter: 80 [(75%)]	Loss: 0.075792	RUL_Loss: 0.049419	mmd_Loss: 0.017574	l1_Loss: 0.008828
Train source1 iter: 90 [(85%)]	Loss: 0.078958	RUL_Loss: 0.056796	mmd_Loss: 0.013883	l1_Loss: 0.008289
Train source2 iter: 90 [(85%)]	Loss: 0.072019	RUL_Loss: 0.047163	mmd_Loss: 0.016877	l1_Loss: 0.007989
Train source1 iter: 100 [(94%)]	Loss: 0.083527	RUL_Loss: 0.062031	mmd_Loss: 0.013303	l1_Loss: 0.008197
Train source2 iter: 100 [(94%)]	Loss: 0.077616	RUL_Loss: 0.051141	mmd_Loss: 0.018266	l1_Loss: 0.008214
Train epochs:5.000000	
Train source1 iter: 10 [(9%)]	Loss: 0.060902	RUL_Loss: 0.051252	mmd_Loss: 0.015599	l1_Loss: 0.006355
Train source2 iter: 10 [(9%)]	Loss: 0.055459	RUL_Loss: 0.046113	mmd_Loss: 0.015292	l1_Loss: 0.005969
Train source1 iter: 20 [(19%)]	Loss: 0.064086	RUL_Loss: 0.049104	mmd_Loss: 0.016023	l1_Loss: 0.004312
Train source2 iter: 20 [(19%)]	Loss: 0.063271	RUL_Loss: 0.047594	mmd_Loss: 0.016493	l1_Loss: 0.004785
Train source1 iter: 30 [(28%)]	Loss: 0.063687	RUL_Loss: 0.043773	mmd_Loss: 0.017467	l1_Loss: 0.004945
Train source2 iter: 30 [(28%)]	Loss: 0.064583	RUL_Loss: 0.044416	mmd_Loss: 0.017485	l1_Loss: 0.005211
Train source1 iter: 40 [(38%)]	Loss: 0.064762	RUL_Loss: 0.047211	mmd_Loss: 0.013872	l1_Loss: 0.004505
Train source2 iter: 40 [(38%)]	Loss: 0.068696	RUL_Loss: 0.049760	mmd_Loss: 0.014362	l1_Loss: 0.005463
Train source1 iter: 50 [(47%)]	Loss: 0.064593	RUL_Loss: 0.047156	mmd_Loss: 0.012495	l1_Loss: 0.005256
Train source2 iter: 50 [(47%)]	Loss: 0.066749	RUL_Loss: 0.047085	mmd_Loss: 0.015196	l1_Loss: 0.004823
Train source1 iter: 60 [(57%)]	Loss: 0.069215	RUL_Loss: 0.047720	mmd_Loss: 0.016788	l1_Loss: 0.004858
Train source2 iter: 60 [(57%)]	Loss: 0.064121	RUL_Loss: 0.043350	mmd_Loss: 0.015677	l1_Loss: 0.005239
Train source1 iter: 70 [(66%)]	Loss: 0.065167	RUL_Loss: 0.045975	mmd_Loss: 0.014216	l1_Loss: 0.005027
Train source2 iter: 70 [(66%)]	Loss: 0.069272	RUL_Loss: 0.045725	mmd_Loss: 0.018884	l1_Loss: 0.004727
Train source1 iter: 80 [(75%)]	Loss: 0.062853	RUL_Loss: 0.042169	mmd_Loss: 0.015548	l1_Loss: 0.005158
Train source2 iter: 80 [(75%)]	Loss: 0.070975	RUL_Loss: 0.048555	mmd_Loss: 0.017159	l1_Loss: 0.005285
Train source1 iter: 90 [(85%)]	Loss: 0.061042	RUL_Loss: 0.044299	mmd_Loss: 0.011680	l1_Loss: 0.005070
Train source2 iter: 90 [(85%)]	Loss: 0.069611	RUL_Loss: 0.049607	mmd_Loss: 0.015120	l1_Loss: 0.004893
Train source1 iter: 100 [(94%)]	Loss: 0.067298	RUL_Loss: 0.048996	mmd_Loss: 0.013904	l1_Loss: 0.004401
Train source2 iter: 100 [(94%)]	Loss: 0.067690	RUL_Loss: 0.044847	mmd_Loss: 0.017687	l1_Loss: 0.005159
Train epochs:6.000000	
Train source1 iter: 10 [(9%)]	Loss: 0.052367	RUL_Loss: 0.040919	mmd_Loss: 0.021153	l1_Loss: 0.004890
Train source2 iter: 10 [(9%)]	Loss: 0.054358	RUL_Loss: 0.044152	mmd_Loss: 0.018758	l1_Loss: 0.004458
Train source1 iter: 20 [(19%)]	Loss: 0.063286	RUL_Loss: 0.048335	mmd_Loss: 0.015907	l1_Loss: 0.004386
Train source2 iter: 20 [(19%)]	Loss: 0.056543	RUL_Loss: 0.040177	mmd_Loss: 0.017605	l1_Loss: 0.004608
Train source1 iter: 30 [(28%)]	Loss: 0.066502	RUL_Loss: 0.049889	mmd_Loss: 0.014712	l1_Loss: 0.003984
Train source2 iter: 30 [(28%)]	Loss: 0.062669	RUL_Loss: 0.045741	mmd_Loss: 0.014803	l1_Loss: 0.004248
Train source1 iter: 40 [(38%)]	Loss: 0.059410	RUL_Loss: 0.040617	mmd_Loss: 0.015711	l1_Loss: 0.003965
Train source2 iter: 40 [(38%)]	Loss: 0.066735	RUL_Loss: 0.049366	mmd_Loss: 0.014328	l1_Loss: 0.003858
Train source1 iter: 50 [(47%)]	Loss: 0.062868	RUL_Loss: 0.045728	mmd_Loss: 0.013159	l1_Loss: 0.004290
Train source2 iter: 50 [(47%)]	Loss: 0.062714	RUL_Loss: 0.044965	mmd_Loss: 0.013898	l1_Loss: 0.004171
Train source1 iter: 60 [(57%)]	Loss: 0.068029	RUL_Loss: 0.043354	mmd_Loss: 0.020784	l1_Loss: 0.004063
Train source2 iter: 60 [(57%)]	Loss: 0.061150	RUL_Loss: 0.040177	mmd_Loss: 0.017328	l1_Loss: 0.003792
Train source1 iter: 70 [(66%)]	Loss: 0.066557	RUL_Loss: 0.043927	mmd_Loss: 0.018593	l1_Loss: 0.004099
Train source2 iter: 70 [(66%)]	Loss: 0.063993	RUL_Loss: 0.046438	mmd_Loss: 0.013303	l1_Loss: 0.004299
Train source1 iter: 80 [(75%)]	Loss: 0.064440	RUL_Loss: 0.043209	mmd_Loss: 0.017064	l1_Loss: 0.004189
Train source2 iter: 80 [(75%)]	Loss: 0.067237	RUL_Loss: 0.048309	mmd_Loss: 0.014982	l1_Loss: 0.003966
Train source1 iter: 90 [(85%)]	Loss: 0.065639	RUL_Loss: 0.042462	mmd_Loss: 0.018945	l1_Loss: 0.004241
Train source2 iter: 90 [(85%)]	Loss: 0.066633	RUL_Loss: 0.047818	mmd_Loss: 0.015124	l1_Loss: 0.003699
Train source1 iter: 100 [(94%)]	Loss: 0.062450	RUL_Loss: 0.041471	mmd_Loss: 0.016778	l1_Loss: 0.004203
Train source2 iter: 100 [(94%)]	Loss: 0.064827	RUL_Loss: 0.046166	mmd_Loss: 0.014649	l1_Loss: 0.004015
Train epochs:7.000000	
Train source1 iter: 10 [(9%)]	Loss: 0.052401	RUL_Loss: 0.043204	mmd_Loss: 0.016967	l1_Loss: 0.003955
Train source2 iter: 10 [(9%)]	Loss: 0.058150	RUL_Loss: 0.050859	mmd_Loss: 0.013258	l1_Loss: 0.003329
Train source1 iter: 20 [(19%)]	Loss: 0.057550	RUL_Loss: 0.042632	mmd_Loss: 0.016560	l1_Loss: 0.003687
Train source2 iter: 20 [(19%)]	Loss: 0.057284	RUL_Loss: 0.044654	mmd_Loss: 0.013554	l1_Loss: 0.003588
Train source1 iter: 30 [(28%)]	Loss: 0.064625	RUL_Loss: 0.050022	mmd_Loss: 0.012859	l1_Loss: 0.003576
Train source2 iter: 30 [(28%)]	Loss: 0.059965	RUL_Loss: 0.045918	mmd_Loss: 0.012011	l1_Loss: 0.003797
Train source1 iter: 40 [(38%)]	Loss: 0.062525	RUL_Loss: 0.047970	mmd_Loss: 0.011946	l1_Loss: 0.003294
Train source2 iter: 40 [(38%)]	Loss: 0.062844	RUL_Loss: 0.046476	mmd_Loss: 0.013603	l1_Loss: 0.003535
Train source1 iter: 50 [(47%)]	Loss: 0.061593	RUL_Loss: 0.044664	mmd_Loss: 0.013197	l1_Loss: 0.004038
Train source2 iter: 50 [(47%)]	Loss: 0.059208	RUL_Loss: 0.041614	mmd_Loss: 0.014507	l1_Loss: 0.003405
Train source1 iter: 60 [(57%)]	Loss: 0.062336	RUL_Loss: 0.043536	mmd_Loss: 0.014997	l1_Loss: 0.003935
Train source2 iter: 60 [(57%)]	Loss: 0.061775	RUL_Loss: 0.044992	mmd_Loss: 0.013427	l1_Loss: 0.003473
Train source1 iter: 70 [(66%)]	Loss: 0.061319	RUL_Loss: 0.042638	mmd_Loss: 0.015483	l1_Loss: 0.003248
Train source2 iter: 70 [(66%)]	Loss: 0.058769	RUL_Loss: 0.041639	mmd_Loss: 0.013697	l1_Loss: 0.003479
Train source1 iter: 80 [(75%)]	Loss: 0.062174	RUL_Loss: 0.043646	mmd_Loss: 0.015077	l1_Loss: 0.003470
Train source2 iter: 80 [(75%)]	Loss: 0.059851	RUL_Loss: 0.042343	mmd_Loss: 0.013858	l1_Loss: 0.003668
Train source1 iter: 90 [(85%)]	Loss: 0.062069	RUL_Loss: 0.043183	mmd_Loss: 0.015587	l1_Loss: 0.003307
Train source2 iter: 90 [(85%)]	Loss: 0.061023	RUL_Loss: 0.044969	mmd_Loss: 0.012619	l1_Loss: 0.003441
Train source1 iter: 100 [(94%)]	Loss: 0.063726	RUL_Loss: 0.043915	mmd_Loss: 0.016271	l1_Loss: 0.003542
Train source2 iter: 100 [(94%)]	Loss: 0.063412	RUL_Loss: 0.045441	mmd_Loss: 0.014385	l1_Loss: 0.003589
Train epochs:8.000000	
Train source1 iter: 10 [(9%)]	Loss: 0.048006	RUL_Loss: 0.039005	mmd_Loss: 0.014464	l1_Loss: 0.006013
Train source2 iter: 10 [(9%)]	Loss: 0.052787	RUL_Loss: 0.044635	mmd_Loss: 0.013366	l1_Loss: 0.005179
Train source1 iter: 20 [(19%)]	Loss: 0.052835	RUL_Loss: 0.038507	mmd_Loss: 0.015318	l1_Loss: 0.004128
Train source2 iter: 20 [(19%)]	Loss: 0.056329	RUL_Loss: 0.044648	mmd_Loss: 0.012435	l1_Loss: 0.003419
Train source1 iter: 30 [(28%)]	Loss: 0.051556	RUL_Loss: 0.036768	mmd_Loss: 0.012598	l1_Loss: 0.004044
Train source2 iter: 30 [(28%)]	Loss: 0.056542	RUL_Loss: 0.042749	mmd_Loss: 0.011443	l1_Loss: 0.004080
Train source1 iter: 40 [(38%)]	Loss: 0.053083	RUL_Loss: 0.036756	mmd_Loss: 0.013328	l1_Loss: 0.003767
Train source2 iter: 40 [(38%)]	Loss: 0.056950	RUL_Loss: 0.043417	mmd_Loss: 0.010346	l1_Loss: 0.003823
Train source1 iter: 50 [(47%)]	Loss: 0.054202	RUL_Loss: 0.037520	mmd_Loss: 0.013448	l1_Loss: 0.003535
Train source2 iter: 50 [(47%)]	Loss: 0.058356	RUL_Loss: 0.040560	mmd_Loss: 0.013898	l1_Loss: 0.004220
Train source1 iter: 60 [(57%)]	Loss: 0.054287	RUL_Loss: 0.036915	mmd_Loss: 0.013853	l1_Loss: 0.003641
Train source2 iter: 60 [(57%)]	Loss: 0.058142	RUL_Loss: 0.043527	mmd_Loss: 0.011293	l1_Loss: 0.003424
Train source1 iter: 70 [(66%)]	Loss: 0.054283	RUL_Loss: 0.037323	mmd_Loss: 0.012991	l1_Loss: 0.004015
Train source2 iter: 70 [(66%)]	Loss: 0.054646	RUL_Loss: 0.039342	mmd_Loss: 0.011629	l1_Loss: 0.003716
Train source1 iter: 80 [(75%)]	Loss: 0.051828	RUL_Loss: 0.035058	mmd_Loss: 0.012909	l1_Loss: 0.003878
Train source2 iter: 80 [(75%)]	Loss: 0.061327	RUL_Loss: 0.045167	mmd_Loss: 0.012536	l1_Loss: 0.003641
Train source1 iter: 90 [(85%)]	Loss: 0.052965	RUL_Loss: 0.034109	mmd_Loss: 0.015527	l1_Loss: 0.003336
Train source2 iter: 90 [(85%)]	Loss: 0.057287	RUL_Loss: 0.043690	mmd_Loss: 0.010146	l1_Loss: 0.003457
Train source1 iter: 100 [(94%)]	Loss: 0.053489	RUL_Loss: 0.037744	mmd_Loss: 0.011805	l1_Loss: 0.003943
Train source2 iter: 100 [(94%)]	Loss: 0.054348	RUL_Loss: 0.038598	mmd_Loss: 0.011656	l1_Loss: 0.004097
Train epochs:9.000000	
Train source1 iter: 10 [(9%)]	Loss: 0.045804	RUL_Loss: 0.036991	mmd_Loss: 0.012097	l1_Loss: 0.007954
Train source2 iter: 10 [(9%)]	Loss: 0.053005	RUL_Loss: 0.044608	mmd_Loss: 0.011348	l1_Loss: 0.007755
Train source1 iter: 20 [(19%)]	Loss: 0.049108	RUL_Loss: 0.036643	mmd_Loss: 0.011856	l1_Loss: 0.005063
Train source2 iter: 20 [(19%)]	Loss: 0.053490	RUL_Loss: 0.039522	mmd_Loss: 0.013611	l1_Loss: 0.005349
Train source1 iter: 30 [(28%)]	Loss: 0.048654	RUL_Loss: 0.032451	mmd_Loss: 0.013339	l1_Loss: 0.004897
Train source2 iter: 30 [(28%)]	Loss: 0.053752	RUL_Loss: 0.038897	mmd_Loss: 0.011741	l1_Loss: 0.004976
Train source1 iter: 40 [(38%)]	Loss: 0.053378	RUL_Loss: 0.036781	mmd_Loss: 0.012009	l1_Loss: 0.005368
Train source2 iter: 40 [(38%)]	Loss: 0.055980	RUL_Loss: 0.041142	mmd_Loss: 0.010321	l1_Loss: 0.005214
Train source1 iter: 50 [(47%)]	Loss: 0.053417	RUL_Loss: 0.037215	mmd_Loss: 0.012031	l1_Loss: 0.004463
Train source2 iter: 50 [(47%)]	Loss: 0.058821	RUL_Loss: 0.041874	mmd_Loss: 0.012236	l1_Loss: 0.005017
Train source1 iter: 60 [(57%)]	Loss: 0.057235	RUL_Loss: 0.040686	mmd_Loss: 0.011551	l1_Loss: 0.005114
Train source2 iter: 60 [(57%)]	Loss: 0.059045	RUL_Loss: 0.042640	mmd_Loss: 0.010946	l1_Loss: 0.005573
Train source1 iter: 70 [(66%)]	Loss: 0.054202	RUL_Loss: 0.035839	mmd_Loss: 0.013349	l1_Loss: 0.005064
Train source2 iter: 70 [(66%)]	Loss: 0.056930	RUL_Loss: 0.040230	mmd_Loss: 0.011416	l1_Loss: 0.005330
Train source1 iter: 80 [(75%)]	Loss: 0.062328	RUL_Loss: 0.044291	mmd_Loss: 0.012987	l1_Loss: 0.005069
Train source2 iter: 80 [(75%)]	Loss: 0.058836	RUL_Loss: 0.043362	mmd_Loss: 0.009986	l1_Loss: 0.005504
Train source1 iter: 90 [(85%)]	Loss: 0.053822	RUL_Loss: 0.037841	mmd_Loss: 0.010828	l1_Loss: 0.005160
Train source2 iter: 90 [(85%)]	Loss: 0.054804	RUL_Loss: 0.039059	mmd_Loss: 0.010735	l1_Loss: 0.005016
Train source1 iter: 100 [(94%)]	Loss: 0.055762	RUL_Loss: 0.038314	mmd_Loss: 0.012518	l1_Loss: 0.004932
Train source2 iter: 100 [(94%)]	Loss: 0.057001	RUL_Loss: 0.038697	mmd_Loss: 0.012899	l1_Loss: 0.005408
Train epochs:10.000000	
Train source1 iter: 10 [(9%)]	Loss: 0.040431	RUL_Loss: 0.034092	mmd_Loss: 0.010304	l1_Loss: 0.004117
Train source2 iter: 10 [(9%)]	Loss: 0.047482	RUL_Loss: 0.040746	mmd_Loss: 0.010647	l1_Loss: 0.004676
Train source1 iter: 20 [(19%)]	Loss: 0.046252	RUL_Loss: 0.036284	mmd_Loss: 0.010035	l1_Loss: 0.003494
Train source2 iter: 20 [(19%)]	Loss: 0.049154	RUL_Loss: 0.039362	mmd_Loss: 0.009374	l1_Loss: 0.003916
Train source1 iter: 30 [(28%)]	Loss: 0.048660	RUL_Loss: 0.034699	mmd_Loss: 0.011828	l1_Loss: 0.003883
Train source2 iter: 30 [(28%)]	Loss: 0.051637	RUL_Loss: 0.037854	mmd_Loss: 0.011688	l1_Loss: 0.003823
Train source1 iter: 40 [(38%)]	Loss: 0.052229	RUL_Loss: 0.038192	mmd_Loss: 0.010934	l1_Loss: 0.003764
Train source2 iter: 40 [(38%)]	Loss: 0.057102	RUL_Loss: 0.043309	mmd_Loss: 0.010631	l1_Loss: 0.003811
Train source1 iter: 50 [(47%)]	Loss: 0.050455	RUL_Loss: 0.034745	mmd_Loss: 0.012330	l1_Loss: 0.003663
Train source2 iter: 50 [(47%)]	Loss: 0.052118	RUL_Loss: 0.037781	mmd_Loss: 0.010859	l1_Loss: 0.003736
Train source1 iter: 60 [(57%)]	Loss: 0.049190	RUL_Loss: 0.034967	mmd_Loss: 0.010434	l1_Loss: 0.003888
Train source2 iter: 60 [(57%)]	Loss: 0.052802	RUL_Loss: 0.037814	mmd_Loss: 0.011236	l1_Loss: 0.003857
Train source1 iter: 70 [(66%)]	Loss: 0.053549	RUL_Loss: 0.038417	mmd_Loss: 0.011334	l1_Loss: 0.003839
Train source2 iter: 70 [(66%)]	Loss: 0.051859	RUL_Loss: 0.037755	mmd_Loss: 0.010257	l1_Loss: 0.003884
Train source1 iter: 80 [(75%)]	Loss: 0.051820	RUL_Loss: 0.034402	mmd_Loss: 0.013169	l1_Loss: 0.004268
Train source2 iter: 80 [(75%)]	Loss: 0.057016	RUL_Loss: 0.038297	mmd_Loss: 0.014502	l1_Loss: 0.004237
Train source1 iter: 90 [(85%)]	Loss: 0.050485	RUL_Loss: 0.035998	mmd_Loss: 0.011411	l1_Loss: 0.003082
Train source2 iter: 90 [(85%)]	Loss: 0.055933	RUL_Loss: 0.039735	mmd_Loss: 0.012306	l1_Loss: 0.003898
Train source1 iter: 100 [(94%)]	Loss: 0.051281	RUL_Loss: 0.036821	mmd_Loss: 0.010161	l1_Loss: 0.004301
Train source2 iter: 100 [(94%)]	Loss: 0.057137	RUL_Loss: 0.041341	mmd_Loss: 0.012304	l1_Loss: 0.003495
Train epochs:11.000000	
Train source1 iter: 10 [(9%)]	Loss: 0.046514	RUL_Loss: 0.038357	mmd_Loss: 0.013329	l1_Loss: 0.005228
Train source2 iter: 10 [(9%)]	Loss: 0.048687	RUL_Loss: 0.041491	mmd_Loss: 0.011582	l1_Loss: 0.004788
Train source1 iter: 20 [(19%)]	Loss: 0.049099	RUL_Loss: 0.034819	mmd_Loss: 0.015222	l1_Loss: 0.004160
Train source2 iter: 20 [(19%)]	Loss: 0.050641	RUL_Loss: 0.037489	mmd_Loss: 0.013678	l1_Loss: 0.004174
Train source1 iter: 30 [(28%)]	Loss: 0.047105	RUL_Loss: 0.031841	mmd_Loss: 0.013421	l1_Loss: 0.003757
Train source2 iter: 30 [(28%)]	Loss: 0.055270	RUL_Loss: 0.041463	mmd_Loss: 0.011021	l1_Loss: 0.004518
Train source1 iter: 40 [(38%)]	Loss: 0.049961	RUL_Loss: 0.031546	mmd_Loss: 0.015239	l1_Loss: 0.004042
Train source2 iter: 40 [(38%)]	Loss: 0.060126	RUL_Loss: 0.042426	mmd_Loss: 0.014685	l1_Loss: 0.003847
Train source1 iter: 50 [(47%)]	Loss: 0.050627	RUL_Loss: 0.032508	mmd_Loss: 0.014657	l1_Loss: 0.003789
Train source2 iter: 50 [(47%)]	Loss: 0.050361	RUL_Loss: 0.037078	mmd_Loss: 0.010097	l1_Loss: 0.003425
Train source1 iter: 60 [(57%)]	Loss: 0.050255	RUL_Loss: 0.034064	mmd_Loss: 0.012360	l1_Loss: 0.003945
Train source2 iter: 60 [(57%)]	Loss: 0.056165	RUL_Loss: 0.039912	mmd_Loss: 0.012505	l1_Loss: 0.003862
Train source1 iter: 70 [(66%)]	Loss: 0.054515	RUL_Loss: 0.037708	mmd_Loss: 0.012789	l1_Loss: 0.004064
Train source2 iter: 70 [(66%)]	Loss: 0.055620	RUL_Loss: 0.040575	mmd_Loss: 0.011556	l1_Loss: 0.003529
Train source1 iter: 80 [(75%)]	Loss: 0.056329	RUL_Loss: 0.037664	mmd_Loss: 0.014656	l1_Loss: 0.004028
Train source2 iter: 80 [(75%)]	Loss: 0.051435	RUL_Loss: 0.036216	mmd_Loss: 0.010892	l1_Loss: 0.004343
Train source1 iter: 90 [(85%)]	Loss: 0.045495	RUL_Loss: 0.029463	mmd_Loss: 0.012306	l1_Loss: 0.003732
Train source2 iter: 90 [(85%)]	Loss: 0.054095	RUL_Loss: 0.039153	mmd_Loss: 0.011391	l1_Loss: 0.003558
Train source1 iter: 100 [(94%)]	Loss: 0.050600	RUL_Loss: 0.033194	mmd_Loss: 0.013304	l1_Loss: 0.004106
Train source2 iter: 100 [(94%)]	Loss: 0.060409	RUL_Loss: 0.042137	mmd_Loss: 0.014376	l1_Loss: 0.003899
Train epochs:12.000000	
Train source1 iter: 10 [(9%)]	Loss: 0.040592	RUL_Loss: 0.032963	mmd_Loss: 0.009854	l1_Loss: 0.007503
Train source2 iter: 10 [(9%)]	Loss: 0.044885	RUL_Loss: 0.037578	mmd_Loss: 0.009122	l1_Loss: 0.007501
Train source1 iter: 20 [(19%)]	Loss: 0.046492	RUL_Loss: 0.034156	mmd_Loss: 0.011251	l1_Loss: 0.005491
Train source2 iter: 20 [(19%)]	Loss: 0.050549	RUL_Loss: 0.039423	mmd_Loss: 0.010446	l1_Loss: 0.004654
Train source1 iter: 30 [(28%)]	Loss: 0.050681	RUL_Loss: 0.034274	mmd_Loss: 0.013616	l1_Loss: 0.004850
Train source2 iter: 30 [(28%)]	Loss: 0.051460	RUL_Loss: 0.038740	mmd_Loss: 0.009560	l1_Loss: 0.004755
Train source1 iter: 40 [(38%)]	Loss: 0.050642	RUL_Loss: 0.035812	mmd_Loss: 0.010505	l1_Loss: 0.005022
Train source2 iter: 40 [(38%)]	Loss: 0.058222	RUL_Loss: 0.042285	mmd_Loss: 0.011755	l1_Loss: 0.004931
Train source1 iter: 50 [(47%)]	Loss: 0.049194	RUL_Loss: 0.034790	mmd_Loss: 0.009541	l1_Loss: 0.005122
Train source2 iter: 50 [(47%)]	Loss: 0.053545	RUL_Loss: 0.038110	mmd_Loss: 0.010058	l1_Loss: 0.005654
Train source1 iter: 60 [(57%)]	Loss: 0.051080	RUL_Loss: 0.035957	mmd_Loss: 0.010119	l1_Loss: 0.005109
Train source2 iter: 60 [(57%)]	Loss: 0.055421	RUL_Loss: 0.036884	mmd_Loss: 0.014144	l1_Loss: 0.004523
Train source1 iter: 70 [(66%)]	Loss: 0.051666	RUL_Loss: 0.035210	mmd_Loss: 0.011581	l1_Loss: 0.004920
Train source2 iter: 70 [(66%)]	Loss: 0.055545	RUL_Loss: 0.039564	mmd_Loss: 0.010825	l1_Loss: 0.005199
Train source1 iter: 80 [(75%)]	Loss: 0.048992	RUL_Loss: 0.032943	mmd_Loss: 0.010714	l1_Loss: 0.005351
Train source2 iter: 80 [(75%)]	Loss: 0.051379	RUL_Loss: 0.035566	mmd_Loss: 0.010241	l1_Loss: 0.005588
Train source1 iter: 90 [(85%)]	Loss: 0.051339	RUL_Loss: 0.034382	mmd_Loss: 0.011375	l1_Loss: 0.005589
Train source2 iter: 90 [(85%)]	Loss: 0.056281	RUL_Loss: 0.039097	mmd_Loss: 0.012068	l1_Loss: 0.005123
Train source1 iter: 100 [(94%)]	Loss: 0.049493	RUL_Loss: 0.033756	mmd_Loss: 0.010723	l1_Loss: 0.005017
Train source2 iter: 100 [(94%)]	Loss: 0.058630	RUL_Loss: 0.042498	mmd_Loss: 0.011361	l1_Loss: 0.004773
Train epochs:13.000000	
Train source1 iter: 10 [(9%)]	Loss: 0.044029	RUL_Loss: 0.036664	mmd_Loss: 0.012166	l1_Loss: 0.004588
Train source2 iter: 10 [(9%)]	Loss: 0.049528	RUL_Loss: 0.042106	mmd_Loss: 0.012772	l1_Loss: 0.004112
Train source1 iter: 20 [(19%)]	Loss: 0.045280	RUL_Loss: 0.033785	mmd_Loss: 0.011989	l1_Loss: 0.003613
Train source2 iter: 20 [(19%)]	Loss: 0.052402	RUL_Loss: 0.040612	mmd_Loss: 0.012508	l1_Loss: 0.003495
Train source1 iter: 30 [(28%)]	Loss: 0.045987	RUL_Loss: 0.033056	mmd_Loss: 0.010966	l1_Loss: 0.003586
Train source2 iter: 30 [(28%)]	Loss: 0.047049	RUL_Loss: 0.032464	mmd_Loss: 0.012489	l1_Loss: 0.003925
Train source1 iter: 40 [(38%)]	Loss: 0.051751	RUL_Loss: 0.038002	mmd_Loss: 0.010675	l1_Loss: 0.003720
Train source2 iter: 40 [(38%)]	Loss: 0.057272	RUL_Loss: 0.039708	mmd_Loss: 0.014682	l1_Loss: 0.003707
Train source1 iter: 50 [(47%)]	Loss: 0.050364	RUL_Loss: 0.035238	mmd_Loss: 0.011696	l1_Loss: 0.003702
Train source2 iter: 50 [(47%)]	Loss: 0.050296	RUL_Loss: 0.035862	mmd_Loss: 0.011087	l1_Loss: 0.003608
Train source1 iter: 60 [(57%)]	Loss: 0.049443	RUL_Loss: 0.034477	mmd_Loss: 0.011370	l1_Loss: 0.003700
Train source2 iter: 60 [(57%)]	Loss: 0.054842	RUL_Loss: 0.040819	mmd_Loss: 0.010260	l1_Loss: 0.003861
Train source1 iter: 70 [(66%)]	Loss: 0.046597	RUL_Loss: 0.030771	mmd_Loss: 0.012564	l1_Loss: 0.003305
Train source2 iter: 70 [(66%)]	Loss: 0.048036	RUL_Loss: 0.032002	mmd_Loss: 0.012451	l1_Loss: 0.003627
Train source1 iter: 80 [(75%)]	Loss: 0.054403	RUL_Loss: 0.037908	mmd_Loss: 0.012389	l1_Loss: 0.004123
Train source2 iter: 80 [(75%)]	Loss: 0.049113	RUL_Loss: 0.037398	mmd_Loss: 0.008012	l1_Loss: 0.003716
Train source1 iter: 90 [(85%)]	Loss: 0.048387	RUL_Loss: 0.033724	mmd_Loss: 0.010834	l1_Loss: 0.003836
Train source2 iter: 90 [(85%)]	Loss: 0.048617	RUL_Loss: 0.035379	mmd_Loss: 0.009850	l1_Loss: 0.003393
Train source1 iter: 100 [(94%)]	Loss: 0.051912	RUL_Loss: 0.036586	mmd_Loss: 0.011849	l1_Loss: 0.003479
Train source2 iter: 100 [(94%)]	Loss: 0.048470	RUL_Loss: 0.033505	mmd_Loss: 0.011090	l1_Loss: 0.003878
Train epochs:14.000000	
Train source1 iter: 10 [(9%)]	Loss: 0.040953	RUL_Loss: 0.034257	mmd_Loss: 0.011405	l1_Loss: 0.003829
Train source2 iter: 10 [(9%)]	Loss: 0.047936	RUL_Loss: 0.040365	mmd_Loss: 0.013235	l1_Loss: 0.003988
Train source1 iter: 20 [(19%)]	Loss: 0.045315	RUL_Loss: 0.034185	mmd_Loss: 0.011206	l1_Loss: 0.003900
Train source2 iter: 20 [(19%)]	Loss: 0.052092	RUL_Loss: 0.041663	mmd_Loss: 0.010733	l1_Loss: 0.003421
Train source1 iter: 30 [(28%)]	Loss: 0.046946	RUL_Loss: 0.033502	mmd_Loss: 0.011273	l1_Loss: 0.003858
Train source2 iter: 30 [(28%)]	Loss: 0.050116	RUL_Loss: 0.037959	mmd_Loss: 0.009904	l1_Loss: 0.003778
Train source1 iter: 40 [(38%)]	Loss: 0.048703	RUL_Loss: 0.033905	mmd_Loss: 0.011629	l1_Loss: 0.003865
Train source2 iter: 40 [(38%)]	Loss: 0.049204	RUL_Loss: 0.035541	mmd_Loss: 0.010295	l1_Loss: 0.004010
Train source1 iter: 50 [(47%)]	Loss: 0.051581	RUL_Loss: 0.036458	mmd_Loss: 0.011255	l1_Loss: 0.004141
Train source2 iter: 50 [(47%)]	Loss: 0.055032	RUL_Loss: 0.039884	mmd_Loss: 0.011298	l1_Loss: 0.004125
Train source1 iter: 60 [(57%)]	Loss: 0.048076	RUL_Loss: 0.033141	mmd_Loss: 0.010690	l1_Loss: 0.004349
Train source2 iter: 60 [(57%)]	Loss: 0.058331	RUL_Loss: 0.040986	mmd_Loss: 0.013097	l1_Loss: 0.004369
Train source1 iter: 70 [(66%)]	Loss: 0.048908	RUL_Loss: 0.034569	mmd_Loss: 0.010069	l1_Loss: 0.004308
Train source2 iter: 70 [(66%)]	Loss: 0.049792	RUL_Loss: 0.034415	mmd_Loss: 0.011191	l1_Loss: 0.004228
Train source1 iter: 80 [(75%)]	Loss: 0.048726	RUL_Loss: 0.033174	mmd_Loss: 0.011360	l1_Loss: 0.004209
Train source2 iter: 80 [(75%)]	Loss: 0.053191	RUL_Loss: 0.037886	mmd_Loss: 0.011261	l1_Loss: 0.004060
Train source1 iter: 90 [(85%)]	Loss: 0.049302	RUL_Loss: 0.035450	mmd_Loss: 0.009969	l1_Loss: 0.003889
Train source2 iter: 90 [(85%)]	Loss: 0.059117	RUL_Loss: 0.040483	mmd_Loss: 0.014627	l1_Loss: 0.004014
Train source1 iter: 100 [(94%)]	Loss: 0.047845	RUL_Loss: 0.032369	mmd_Loss: 0.011644	l1_Loss: 0.003834
Train source2 iter: 100 [(94%)]	Loss: 0.050770	RUL_Loss: 0.037094	mmd_Loss: 0.009519	l1_Loss: 0.004158
Train epochs:15.000000	
Train source1 iter: 10 [(9%)]	Loss: 0.043923	RUL_Loss: 0.036305	mmd_Loss: 0.012524	l1_Loss: 0.004806
Train source2 iter: 10 [(9%)]	Loss: 0.041834	RUL_Loss: 0.035339	mmd_Loss: 0.010007	l1_Loss: 0.004770
Train source1 iter: 20 [(19%)]	Loss: 0.044083	RUL_Loss: 0.032232	mmd_Loss: 0.011918	l1_Loss: 0.004167
Train source2 iter: 20 [(19%)]	Loss: 0.048000	RUL_Loss: 0.034805	mmd_Loss: 0.013501	l1_Loss: 0.004407
Train source1 iter: 30 [(28%)]	Loss: 0.045780	RUL_Loss: 0.032650	mmd_Loss: 0.010842	l1_Loss: 0.003934
Train source2 iter: 30 [(28%)]	Loss: 0.054836	RUL_Loss: 0.038686	mmd_Loss: 0.014098	l1_Loss: 0.004078
Train source1 iter: 40 [(38%)]	Loss: 0.051879	RUL_Loss: 0.035122	mmd_Loss: 0.013358	l1_Loss: 0.004186
Train source2 iter: 40 [(38%)]	Loss: 0.051587	RUL_Loss: 0.035481	mmd_Loss: 0.012605	l1_Loss: 0.004259
Train source1 iter: 50 [(47%)]	Loss: 0.049514	RUL_Loss: 0.033379	mmd_Loss: 0.012296	l1_Loss: 0.004131
Train source2 iter: 50 [(47%)]	Loss: 0.053263	RUL_Loss: 0.034385	mmd_Loss: 0.015013	l1_Loss: 0.004206
Train source1 iter: 60 [(57%)]	Loss: 0.052265	RUL_Loss: 0.037329	mmd_Loss: 0.010794	l1_Loss: 0.004246
Train source2 iter: 60 [(57%)]	Loss: 0.054208	RUL_Loss: 0.037125	mmd_Loss: 0.012753	l1_Loss: 0.004449
Train source1 iter: 70 [(66%)]	Loss: 0.048222	RUL_Loss: 0.033669	mmd_Loss: 0.010571	l1_Loss: 0.004022
Train source2 iter: 70 [(66%)]	Loss: 0.053837	RUL_Loss: 0.039576	mmd_Loss: 0.010546	l1_Loss: 0.003754
Train source1 iter: 80 [(75%)]	Loss: 0.051013	RUL_Loss: 0.033413	mmd_Loss: 0.013059	l1_Loss: 0.004559
Train source2 iter: 80 [(75%)]	Loss: 0.049502	RUL_Loss: 0.035106	mmd_Loss: 0.010607	l1_Loss: 0.003804
Train source1 iter: 90 [(85%)]	Loss: 0.045018	RUL_Loss: 0.028423	mmd_Loss: 0.012587	l1_Loss: 0.004014
Train source2 iter: 90 [(85%)]	Loss: 0.050174	RUL_Loss: 0.035058	mmd_Loss: 0.010501	l1_Loss: 0.004622
Train source1 iter: 100 [(94%)]	Loss: 0.046099	RUL_Loss: 0.030788	mmd_Loss: 0.010938	l1_Loss: 0.004376
Train source2 iter: 100 [(94%)]	Loss: 0.053385	RUL_Loss: 0.035385	mmd_Loss: 0.013963	l1_Loss: 0.004040
Train epochs:16.000000	
Train source1 iter: 10 [(9%)]	Loss: 0.044661	RUL_Loss: 0.037112	mmd_Loss: 0.012690	l1_Loss: 0.004483
Train source2 iter: 10 [(9%)]	Loss: 0.044215	RUL_Loss: 0.036674	mmd_Loss: 0.012294	l1_Loss: 0.004863
Train source1 iter: 20 [(19%)]	Loss: 0.046169	RUL_Loss: 0.033357	mmd_Loss: 0.013299	l1_Loss: 0.004090
Train source2 iter: 20 [(19%)]	Loss: 0.048264	RUL_Loss: 0.034276	mmd_Loss: 0.014125	l1_Loss: 0.004860
Train source1 iter: 30 [(28%)]	Loss: 0.048067	RUL_Loss: 0.032643	mmd_Loss: 0.012267	l1_Loss: 0.005092
Train source2 iter: 30 [(28%)]	Loss: 0.047831	RUL_Loss: 0.034599	mmd_Loss: 0.010767	l1_Loss: 0.004123
Train source1 iter: 40 [(38%)]	Loss: 0.044754	RUL_Loss: 0.029862	mmd_Loss: 0.011096	l1_Loss: 0.004496
Train source2 iter: 40 [(38%)]	Loss: 0.055528	RUL_Loss: 0.040050	mmd_Loss: 0.011492	l1_Loss: 0.004713
Train source1 iter: 50 [(47%)]	Loss: 0.047692	RUL_Loss: 0.031769	mmd_Loss: 0.011933	l1_Loss: 0.004278
Train source2 iter: 50 [(47%)]	Loss: 0.051349	RUL_Loss: 0.035461	mmd_Loss: 0.012069	l1_Loss: 0.004105
Train source1 iter: 60 [(57%)]	Loss: 0.047948	RUL_Loss: 0.031315	mmd_Loss: 0.011720	l1_Loss: 0.005030
Train source2 iter: 60 [(57%)]	Loss: 0.055042	RUL_Loss: 0.037324	mmd_Loss: 0.013600	l1_Loss: 0.004242
Train source1 iter: 70 [(66%)]	Loss: 0.049626	RUL_Loss: 0.032623	mmd_Loss: 0.012687	l1_Loss: 0.004362
Train source2 iter: 70 [(66%)]	Loss: 0.048961	RUL_Loss: 0.033676	mmd_Loss: 0.010843	l1_Loss: 0.004483
Train source1 iter: 80 [(75%)]	Loss: 0.050186	RUL_Loss: 0.034328	mmd_Loss: 0.011215	l1_Loss: 0.004660
Train source2 iter: 80 [(75%)]	Loss: 0.048255	RUL_Loss: 0.033791	mmd_Loss: 0.010045	l1_Loss: 0.004435
Train source1 iter: 90 [(85%)]	Loss: 0.048397	RUL_Loss: 0.031648	mmd_Loss: 0.012938	l1_Loss: 0.003817
Train source2 iter: 90 [(85%)]	Loss: 0.052841	RUL_Loss: 0.036130	mmd_Loss: 0.012263	l1_Loss: 0.004455
Train source1 iter: 100 [(94%)]	Loss: 0.050866	RUL_Loss: 0.032650	mmd_Loss: 0.013833	l1_Loss: 0.004386
Train source2 iter: 100 [(94%)]	Loss: 0.052418	RUL_Loss: 0.035194	mmd_Loss: 0.012660	l1_Loss: 0.004567
Train epochs:17.000000	
Train source1 iter: 10 [(9%)]	Loss: 0.044473	RUL_Loss: 0.036233	mmd_Loss: 0.010811	l1_Loss: 0.007934
Train source2 iter: 10 [(9%)]	Loss: 0.041856	RUL_Loss: 0.034464	mmd_Loss: 0.009527	l1_Loss: 0.007291
Train source1 iter: 20 [(19%)]	Loss: 0.044233	RUL_Loss: 0.032369	mmd_Loss: 0.011351	l1_Loss: 0.004750
Train source2 iter: 20 [(19%)]	Loss: 0.044809	RUL_Loss: 0.034282	mmd_Loss: 0.009316	l1_Loss: 0.004973
Train source1 iter: 30 [(28%)]	Loss: 0.048641	RUL_Loss: 0.034022	mmd_Loss: 0.011755	l1_Loss: 0.004698
Train source2 iter: 30 [(28%)]	Loss: 0.051169	RUL_Loss: 0.037736	mmd_Loss: 0.010276	l1_Loss: 0.004841
Train source1 iter: 40 [(38%)]	Loss: 0.052883	RUL_Loss: 0.028278	mmd_Loss: 0.020579	l1_Loss: 0.005182
Train source2 iter: 40 [(38%)]	Loss: 0.048953	RUL_Loss: 0.034304	mmd_Loss: 0.010012	l1_Loss: 0.005326
Train source1 iter: 50 [(47%)]	Loss: 0.048112	RUL_Loss: 0.030324	mmd_Loss: 0.012767	l1_Loss: 0.005343
Train source2 iter: 50 [(47%)]	Loss: 0.053790	RUL_Loss: 0.036931	mmd_Loss: 0.012397	l1_Loss: 0.004766
Train source1 iter: 60 [(57%)]	Loss: 0.050500	RUL_Loss: 0.032107	mmd_Loss: 0.013498	l1_Loss: 0.005023
Train source2 iter: 60 [(57%)]	Loss: 0.051937	RUL_Loss: 0.037755	mmd_Loss: 0.009555	l1_Loss: 0.004726
Train source1 iter: 70 [(66%)]	Loss: 0.047898	RUL_Loss: 0.031734	mmd_Loss: 0.011178	l1_Loss: 0.005030
Train source2 iter: 70 [(66%)]	Loss: 0.048375	RUL_Loss: 0.034180	mmd_Loss: 0.008640	l1_Loss: 0.005594
Train source1 iter: 80 [(75%)]	Loss: 0.047118	RUL_Loss: 0.029961	mmd_Loss: 0.012186	l1_Loss: 0.004989
Train source2 iter: 80 [(75%)]	Loss: 0.046088	RUL_Loss: 0.030737	mmd_Loss: 0.010267	l1_Loss: 0.005100
Train source1 iter: 90 [(85%)]	Loss: 0.053206	RUL_Loss: 0.034417	mmd_Loss: 0.013609	l1_Loss: 0.005188
Train source2 iter: 90 [(85%)]	Loss: 0.050329	RUL_Loss: 0.035283	mmd_Loss: 0.009936	l1_Loss: 0.005115
Train source1 iter: 100 [(94%)]	Loss: 0.051608	RUL_Loss: 0.035624	mmd_Loss: 0.010625	l1_Loss: 0.005362
Train source2 iter: 100 [(94%)]	Loss: 0.045909	RUL_Loss: 0.031258	mmd_Loss: 0.009359	l1_Loss: 0.005295
Train epochs:18.000000	
Train source1 iter: 10 [(9%)]	Loss: 0.044145	RUL_Loss: 0.036442	mmd_Loss: 0.010806	l1_Loss: 0.006717
Train source2 iter: 10 [(9%)]	Loss: 0.046593	RUL_Loss: 0.038652	mmd_Loss: 0.011697	l1_Loss: 0.006368
Train source1 iter: 20 [(19%)]	Loss: 0.045275	RUL_Loss: 0.032480	mmd_Loss: 0.012127	l1_Loss: 0.005238
Train source2 iter: 20 [(19%)]	Loss: 0.048424	RUL_Loss: 0.038102	mmd_Loss: 0.009267	l1_Loss: 0.004742
Train source1 iter: 30 [(28%)]	Loss: 0.046646	RUL_Loss: 0.032862	mmd_Loss: 0.010412	l1_Loss: 0.005101
Train source2 iter: 30 [(28%)]	Loss: 0.053483	RUL_Loss: 0.039171	mmd_Loss: 0.010918	l1_Loss: 0.005188
Train source1 iter: 40 [(38%)]	Loss: 0.046788	RUL_Loss: 0.031927	mmd_Loss: 0.010008	l1_Loss: 0.005552
Train source2 iter: 40 [(38%)]	Loss: 0.052026	RUL_Loss: 0.036580	mmd_Loss: 0.011128	l1_Loss: 0.005044
Train source1 iter: 50 [(47%)]	Loss: 0.051587	RUL_Loss: 0.036729	mmd_Loss: 0.009684	l1_Loss: 0.005442
Train source2 iter: 50 [(47%)]	Loss: 0.050207	RUL_Loss: 0.031623	mmd_Loss: 0.013912	l1_Loss: 0.005008
Train source1 iter: 60 [(57%)]	Loss: 0.049020	RUL_Loss: 0.035485	mmd_Loss: 0.008632	l1_Loss: 0.004998
Train source2 iter: 60 [(57%)]	Loss: 0.049762	RUL_Loss: 0.035722	mmd_Loss: 0.009143	l1_Loss: 0.004995
Train source1 iter: 70 [(66%)]	Loss: 0.048169	RUL_Loss: 0.032372	mmd_Loss: 0.010841	l1_Loss: 0.004998
Train source2 iter: 70 [(66%)]	Loss: 0.050820	RUL_Loss: 0.031991	mmd_Loss: 0.014064	l1_Loss: 0.004817
Train source1 iter: 80 [(75%)]	Loss: 0.047358	RUL_Loss: 0.031653	mmd_Loss: 0.010266	l1_Loss: 0.005455
Train source2 iter: 80 [(75%)]	Loss: 0.058533	RUL_Loss: 0.037999	mmd_Loss: 0.016105	l1_Loss: 0.004452
Train source1 iter: 90 [(85%)]	Loss: 0.042516	RUL_Loss: 0.027118	mmd_Loss: 0.010505	l1_Loss: 0.004899
Train source2 iter: 90 [(85%)]	Loss: 0.049161	RUL_Loss: 0.034408	mmd_Loss: 0.009923	l1_Loss: 0.004837
Train source1 iter: 100 [(94%)]	Loss: 0.050766	RUL_Loss: 0.033118	mmd_Loss: 0.012638	l1_Loss: 0.005013
Train source2 iter: 100 [(94%)]	Loss: 0.051491	RUL_Loss: 0.035502	mmd_Loss: 0.011305	l1_Loss: 0.004687
Train epochs:19.000000	
Train source1 iter: 10 [(9%)]	Loss: 0.039353	RUL_Loss: 0.031834	mmd_Loss: 0.013484	l1_Loss: 0.003621
Train source2 iter: 10 [(9%)]	Loss: 0.041703	RUL_Loss: 0.034913	mmd_Loss: 0.011283	l1_Loss: 0.004163
Train source1 iter: 20 [(19%)]	Loss: 0.040726	RUL_Loss: 0.029656	mmd_Loss: 0.011499	l1_Loss: 0.003527
Train source2 iter: 20 [(19%)]	Loss: 0.044232	RUL_Loss: 0.033718	mmd_Loss: 0.010129	l1_Loss: 0.004142
Train source1 iter: 30 [(28%)]	Loss: 0.047016	RUL_Loss: 0.033441	mmd_Loss: 0.011835	l1_Loss: 0.003443
Train source2 iter: 30 [(28%)]	Loss: 0.047535	RUL_Loss: 0.033426	mmd_Loss: 0.012355	l1_Loss: 0.003524
Train source1 iter: 40 [(38%)]	Loss: 0.046302	RUL_Loss: 0.032033	mmd_Loss: 0.011411	l1_Loss: 0.003529
Train source2 iter: 40 [(38%)]	Loss: 0.050901	RUL_Loss: 0.035067	mmd_Loss: 0.012986	l1_Loss: 0.003593
Train source1 iter: 50 [(47%)]	Loss: 0.047779	RUL_Loss: 0.031273	mmd_Loss: 0.012902	l1_Loss: 0.003903
Train source2 iter: 50 [(47%)]	Loss: 0.049293	RUL_Loss: 0.033629	mmd_Loss: 0.012464	l1_Loss: 0.003482
Train source1 iter: 60 [(57%)]	Loss: 0.043804	RUL_Loss: 0.030662	mmd_Loss: 0.010124	l1_Loss: 0.003110
Train source2 iter: 60 [(57%)]	Loss: 0.048611	RUL_Loss: 0.033503	mmd_Loss: 0.011773	l1_Loss: 0.003440
Train source1 iter: 70 [(66%)]	Loss: 0.048779	RUL_Loss: 0.033638	mmd_Loss: 0.011672	l1_Loss: 0.003511
Train source2 iter: 70 [(66%)]	Loss: 0.046222	RUL_Loss: 0.032043	mmd_Loss: 0.010705	l1_Loss: 0.003513
Train source1 iter: 80 [(75%)]	Loss: 0.046678	RUL_Loss: 0.032227	mmd_Loss: 0.010872	l1_Loss: 0.003594
Train source2 iter: 80 [(75%)]	Loss: 0.050437	RUL_Loss: 0.032301	mmd_Loss: 0.014845	l1_Loss: 0.003311
Train source1 iter: 90 [(85%)]	Loss: 0.043405	RUL_Loss: 0.028302	mmd_Loss: 0.011548	l1_Loss: 0.003560
Train source2 iter: 90 [(85%)]	Loss: 0.052151	RUL_Loss: 0.035623	mmd_Loss: 0.012798	l1_Loss: 0.003737
Train source1 iter: 100 [(94%)]	Loss: 0.049282	RUL_Loss: 0.031666	mmd_Loss: 0.013669	l1_Loss: 0.003950
Train source2 iter: 100 [(94%)]	Loss: 0.044565	RUL_Loss: 0.031383	mmd_Loss: 0.009563	l1_Loss: 0.003621
Train epochs:20.000000	
Train source1 iter: 10 [(9%)]	Loss: 0.037478	RUL_Loss: 0.030909	mmd_Loss: 0.010082	l1_Loss: 0.004864
Train source2 iter: 10 [(9%)]	Loss: 0.040260	RUL_Loss: 0.033305	mmd_Loss: 0.011094	l1_Loss: 0.004728
Train source1 iter: 20 [(19%)]	Loss: 0.039521	RUL_Loss: 0.029432	mmd_Loss: 0.009881	l1_Loss: 0.003812
Train source2 iter: 20 [(19%)]	Loss: 0.048433	RUL_Loss: 0.037719	mmd_Loss: 0.010313	l1_Loss: 0.004229
Train source1 iter: 30 [(28%)]	Loss: 0.042703	RUL_Loss: 0.030730	mmd_Loss: 0.009839	l1_Loss: 0.003635
Train source2 iter: 30 [(28%)]	Loss: 0.043266	RUL_Loss: 0.029860	mmd_Loss: 0.011229	l1_Loss: 0.003858
Train source1 iter: 40 [(38%)]	Loss: 0.046341	RUL_Loss: 0.033356	mmd_Loss: 0.009779	l1_Loss: 0.003817
Train source2 iter: 40 [(38%)]	Loss: 0.041838	RUL_Loss: 0.029639	mmd_Loss: 0.008767	l1_Loss: 0.004006
Train source1 iter: 50 [(47%)]	Loss: 0.042198	RUL_Loss: 0.029518	mmd_Loss: 0.009453	l1_Loss: 0.003456
Train source2 iter: 50 [(47%)]	Loss: 0.044709	RUL_Loss: 0.032417	mmd_Loss: 0.008737	l1_Loss: 0.003777
Train source1 iter: 60 [(57%)]	Loss: 0.046591	RUL_Loss: 0.032148	mmd_Loss: 0.010784	l1_Loss: 0.003761
Train source2 iter: 60 [(57%)]	Loss: 0.045549	RUL_Loss: 0.031486	mmd_Loss: 0.010261	l1_Loss: 0.003900
Train source1 iter: 70 [(66%)]	Loss: 0.049754	RUL_Loss: 0.036668	mmd_Loss: 0.009717	l1_Loss: 0.003404
Train source2 iter: 70 [(66%)]	Loss: 0.051984	RUL_Loss: 0.036167	mmd_Loss: 0.012068	l1_Loss: 0.003793
Train source1 iter: 80 [(75%)]	Loss: 0.041814	RUL_Loss: 0.028155	mmd_Loss: 0.010073	l1_Loss: 0.003601
Train source2 iter: 80 [(75%)]	Loss: 0.050821	RUL_Loss: 0.037610	mmd_Loss: 0.009425	l1_Loss: 0.003800
Train source1 iter: 90 [(85%)]	Loss: 0.042066	RUL_Loss: 0.026869	mmd_Loss: 0.011528	l1_Loss: 0.003675
Train source2 iter: 90 [(85%)]	Loss: 0.047296	RUL_Loss: 0.034260	mmd_Loss: 0.009278	l1_Loss: 0.003762
Train source1 iter: 100 [(94%)]	Loss: 0.051195	RUL_Loss: 0.035247	mmd_Loss: 0.012490	l1_Loss: 0.003461
Train source2 iter: 100 [(94%)]	Loss: 0.050434	RUL_Loss: 0.034907	mmd_Loss: 0.011543	l1_Loss: 0.003986
Train epochs:21.000000	
Train source1 iter: 10 [(9%)]	Loss: 0.037093	RUL_Loss: 0.031010	mmd_Loss: 0.010892	l1_Loss: 0.002947
Train source2 iter: 10 [(9%)]	Loss: 0.042786	RUL_Loss: 0.036763	mmd_Loss: 0.010688	l1_Loss: 0.003015
Train source1 iter: 20 [(19%)]	Loss: 0.040528	RUL_Loss: 0.030240	mmd_Loss: 0.010955	l1_Loss: 0.003009
Train source2 iter: 20 [(19%)]	Loss: 0.047503	RUL_Loss: 0.037112	mmd_Loss: 0.010572	l1_Loss: 0.003531
Train source1 iter: 30 [(28%)]	Loss: 0.047830	RUL_Loss: 0.036320	mmd_Loss: 0.009241	l1_Loss: 0.003714
Train source2 iter: 30 [(28%)]	Loss: 0.047500	RUL_Loss: 0.035545	mmd_Loss: 0.010117	l1_Loss: 0.003337
Train source1 iter: 40 [(38%)]	Loss: 0.040546	RUL_Loss: 0.027994	mmd_Loss: 0.009509	l1_Loss: 0.003633
Train source2 iter: 40 [(38%)]	Loss: 0.044990	RUL_Loss: 0.033107	mmd_Loss: 0.008970	l1_Loss: 0.003471
Train source1 iter: 50 [(47%)]	Loss: 0.045692	RUL_Loss: 0.032192	mmd_Loss: 0.010567	l1_Loss: 0.003176
Train source2 iter: 50 [(47%)]	Loss: 0.044386	RUL_Loss: 0.031949	mmd_Loss: 0.009659	l1_Loss: 0.003002
Train source1 iter: 60 [(57%)]	Loss: 0.046000	RUL_Loss: 0.031606	mmd_Loss: 0.011406	l1_Loss: 0.003088
Train source2 iter: 60 [(57%)]	Loss: 0.045474	RUL_Loss: 0.031893	mmd_Loss: 0.010442	l1_Loss: 0.003235
Train source1 iter: 70 [(66%)]	Loss: 0.045854	RUL_Loss: 0.033042	mmd_Loss: 0.009397	l1_Loss: 0.003450
Train source2 iter: 70 [(66%)]	Loss: 0.046716	RUL_Loss: 0.032869	mmd_Loss: 0.010459	l1_Loss: 0.003426
Train source1 iter: 80 [(75%)]	Loss: 0.044711	RUL_Loss: 0.030846	mmd_Loss: 0.010649	l1_Loss: 0.003230
Train source2 iter: 80 [(75%)]	Loss: 0.047948	RUL_Loss: 0.034921	mmd_Loss: 0.009418	l1_Loss: 0.003623
Train source1 iter: 90 [(85%)]	Loss: 0.045251	RUL_Loss: 0.032797	mmd_Loss: 0.009498	l1_Loss: 0.002961
Train source2 iter: 90 [(85%)]	Loss: 0.046557	RUL_Loss: 0.035379	mmd_Loss: 0.007869	l1_Loss: 0.003315
Train source1 iter: 100 [(94%)]	Loss: 0.047471	RUL_Loss: 0.032130	mmd_Loss: 0.011925	l1_Loss: 0.003418
Train source2 iter: 100 [(94%)]	Loss: 0.046796	RUL_Loss: 0.034816	mmd_Loss: 0.008795	l1_Loss: 0.003187
Train epochs:22.000000	
Train source1 iter: 10 [(9%)]	Loss: 0.037486	RUL_Loss: 0.029995	mmd_Loss: 0.010943	l1_Loss: 0.006099
Train source2 iter: 10 [(9%)]	Loss: 0.042590	RUL_Loss: 0.035212	mmd_Loss: 0.011109	l1_Loss: 0.005678
Train source1 iter: 20 [(19%)]	Loss: 0.042746	RUL_Loss: 0.032784	mmd_Loss: 0.009560	l1_Loss: 0.003960
Train source2 iter: 20 [(19%)]	Loss: 0.045458	RUL_Loss: 0.034514	mmd_Loss: 0.009890	l1_Loss: 0.004964
Train source1 iter: 30 [(28%)]	Loss: 0.040073	RUL_Loss: 0.027726	mmd_Loss: 0.009470	l1_Loss: 0.004426
Train source2 iter: 30 [(28%)]	Loss: 0.045945	RUL_Loss: 0.033883	mmd_Loss: 0.009627	l1_Loss: 0.003948
Train source1 iter: 40 [(38%)]	Loss: 0.044226	RUL_Loss: 0.031135	mmd_Loss: 0.009079	l1_Loss: 0.004628
Train source2 iter: 40 [(38%)]	Loss: 0.050411	RUL_Loss: 0.038110	mmd_Loss: 0.008539	l1_Loss: 0.004340
Train source1 iter: 50 [(47%)]	Loss: 0.044887	RUL_Loss: 0.027869	mmd_Loss: 0.013149	l1_Loss: 0.004177
Train source2 iter: 50 [(47%)]	Loss: 0.046938	RUL_Loss: 0.035447	mmd_Loss: 0.007524	l1_Loss: 0.004175
Train source1 iter: 60 [(57%)]	Loss: 0.046251	RUL_Loss: 0.033499	mmd_Loss: 0.008333	l1_Loss: 0.004509
Train source2 iter: 60 [(57%)]	Loss: 0.049159	RUL_Loss: 0.032971	mmd_Loss: 0.011702	l1_Loss: 0.004599
Train source1 iter: 70 [(66%)]	Loss: 0.046664	RUL_Loss: 0.033795	mmd_Loss: 0.008171	l1_Loss: 0.004733
Train source2 iter: 70 [(66%)]	Loss: 0.049992	RUL_Loss: 0.033648	mmd_Loss: 0.011706	l1_Loss: 0.004683
Train source1 iter: 80 [(75%)]	Loss: 0.046078	RUL_Loss: 0.032067	mmd_Loss: 0.009810	l1_Loss: 0.004216
Train source2 iter: 80 [(75%)]	Loss: 0.047383	RUL_Loss: 0.031881	mmd_Loss: 0.011284	l1_Loss: 0.004234
Train source1 iter: 90 [(85%)]	Loss: 0.039848	RUL_Loss: 0.026965	mmd_Loss: 0.008595	l1_Loss: 0.004292
Train source2 iter: 90 [(85%)]	Loss: 0.050098	RUL_Loss: 0.037017	mmd_Loss: 0.008850	l1_Loss: 0.004236
Train source1 iter: 100 [(94%)]	Loss: 0.045152	RUL_Loss: 0.030885	mmd_Loss: 0.009709	l1_Loss: 0.004560
Train source2 iter: 100 [(94%)]	Loss: 0.050854	RUL_Loss: 0.033474	mmd_Loss: 0.012923	l1_Loss: 0.004460
Train epochs:23.000000	
