当前日期和时间： 2023-03-15_21_40_01
training settings:	 lr: 0.001 momentum: 0.9 l2_decay: 0.001 optimizer: Adam seed: 42
model architecture:
 MFSAN(
  (sharedNet): CFE(
    (conv1): Conv1d(14, 32, kernel_size=(3,), stride=(1,), padding=(1,), bias=False)
    (bn1): BatchNorm1d(32, eps=1e-05, momentum=0.1, affine=True, track_running_stats=True)
    (conv2): Conv1d(32, 64, kernel_size=(2,), stride=(1,), padding=(1,), bias=False)
    (bn2): BatchNorm1d(64, eps=1e-05, momentum=0.1, affine=True, track_running_stats=True)
    (conv3): Conv1d(64, 128, kernel_size=(2,), stride=(1,), bias=False)
    (bn3): BatchNorm1d(128, eps=1e-05, momentum=0.1, affine=True, track_running_stats=True)
    (relu): ReLU(inplace=True)
    (flatten): Flatten(start_dim=1, end_dim=-1)
  )
  (sonnet1): DFE(
    (rnn): LSTM(128, 100, num_layers=2, batch_first=True, dropout=0.2, bidirectional=True)
  )
  (sonnet2): DFE(
    (rnn): LSTM(128, 100, num_layers=2, batch_first=True, dropout=0.2, bidirectional=True)
  )
  (rul_fc_son1): Linear(in_features=199, out_features=1, bias=True)
  (rul_fc_son2): Linear(in_features=199, out_features=1, bias=True)
  (avgpool): AvgPool1d(kernel_size=(2,), stride=(1,), padding=(0,))
)
FD001 FD003 to FD002
Train source1 iter: 10 [(6%)]	Loss: 0.067857	RUL_Loss: 0.037606	mmd_Loss: 0.104673	l1_Loss: 0.007019
Train source2 iter: 10 [(6%)]	Loss: 0.059902	RUL_Loss: 0.035605	mmd_Loss: 0.082464	l1_Loss: 0.007244
Train source1 iter: 20 [(11%)]	Loss: 0.077050	RUL_Loss: 0.037910	mmd_Loss: 0.071666	l1_Loss: 0.005891
Train source2 iter: 20 [(11%)]	Loss: 0.073484	RUL_Loss: 0.033283	mmd_Loss: 0.073790	l1_Loss: 0.005867
Train source1 iter: 30 [(17%)]	Loss: 0.098272	RUL_Loss: 0.041801	mmd_Loss: 0.076298	l1_Loss: 0.006473
Train source2 iter: 30 [(17%)]	Loss: 0.089021	RUL_Loss: 0.031169	mmd_Loss: 0.079330	l1_Loss: 0.005465
Train source1 iter: 40 [(22%)]	Loss: 0.104676	RUL_Loss: 0.037964	mmd_Loss: 0.077369	l1_Loss: 0.005560
Train source2 iter: 40 [(22%)]	Loss: 0.105015	RUL_Loss: 0.038515	mmd_Loss: 0.076838	l1_Loss: 0.005826
Train source1 iter: 50 [(28%)]	Loss: 0.108181	RUL_Loss: 0.034084	mmd_Loss: 0.078816	l1_Loss: 0.005106
Train source2 iter: 50 [(28%)]	Loss: 0.110809	RUL_Loss: 0.034984	mmd_Loss: 0.079929	l1_Loss: 0.005951
Train source1 iter: 60 [(33%)]	Loss: 0.107617	RUL_Loss: 0.033660	mmd_Loss: 0.073058	l1_Loss: 0.006371
Train source2 iter: 60 [(33%)]	Loss: 0.129327	RUL_Loss: 0.039799	mmd_Loss: 0.091076	l1_Loss: 0.005075
Train source1 iter: 70 [(39%)]	Loss: 0.108382	RUL_Loss: 0.037250	mmd_Loss: 0.068325	l1_Loss: 0.005780
Train source2 iter: 70 [(39%)]	Loss: 0.117090	RUL_Loss: 0.035582	mmd_Loss: 0.079017	l1_Loss: 0.005897
Train source1 iter: 80 [(44%)]	Loss: 0.120861	RUL_Loss: 0.035133	mmd_Loss: 0.082832	l1_Loss: 0.004933
Train source2 iter: 80 [(44%)]	Loss: 0.113837	RUL_Loss: 0.031381	mmd_Loss: 0.079420	l1_Loss: 0.004996
Train source1 iter: 90 [(50%)]	Loss: 0.113874	RUL_Loss: 0.031508	mmd_Loss: 0.077533	l1_Loss: 0.005951
Train source2 iter: 90 [(50%)]	Loss: 0.113976	RUL_Loss: 0.039762	mmd_Loss: 0.068947	l1_Loss: 0.006274
Train source1 iter: 100 [(56%)]	Loss: 0.119711	RUL_Loss: 0.034921	mmd_Loss: 0.079795	l1_Loss: 0.005653
Train source2 iter: 100 [(56%)]	Loss: 0.128086	RUL_Loss: 0.035191	mmd_Loss: 0.088498	l1_Loss: 0.005118
Train source1 iter: 110 [(61%)]	Loss: 0.112605	RUL_Loss: 0.037582	mmd_Loss: 0.068799	l1_Loss: 0.006558
Train source2 iter: 110 [(61%)]	Loss: 0.123172	RUL_Loss: 0.037569	mmd_Loss: 0.080600	l1_Loss: 0.005384
Train source1 iter: 120 [(67%)]	Loss: 0.118696	RUL_Loss: 0.037351	mmd_Loss: 0.074573	l1_Loss: 0.006980
Train source2 iter: 120 [(67%)]	Loss: 0.121692	RUL_Loss: 0.032793	mmd_Loss: 0.083070	l1_Loss: 0.006056
Train source1 iter: 130 [(72%)]	Loss: 0.129885	RUL_Loss: 0.034061	mmd_Loss: 0.088967	l1_Loss: 0.006996
Train source2 iter: 130 [(72%)]	Loss: 0.119981	RUL_Loss: 0.036840	mmd_Loss: 0.077070	l1_Loss: 0.006193
Train source1 iter: 140 [(78%)]	Loss: 0.119431	RUL_Loss: 0.038572	mmd_Loss: 0.074734	l1_Loss: 0.006193
Train source2 iter: 140 [(78%)]	Loss: 0.113363	RUL_Loss: 0.034169	mmd_Loss: 0.072950	l1_Loss: 0.006311
Train source1 iter: 150 [(83%)]	Loss: 0.121952	RUL_Loss: 0.036756	mmd_Loss: 0.079755	l1_Loss: 0.005482
Train source2 iter: 150 [(83%)]	Loss: 0.122631	RUL_Loss: 0.045612	mmd_Loss: 0.070697	l1_Loss: 0.006359
Train source1 iter: 160 [(89%)]	Loss: 0.123052	RUL_Loss: 0.035530	mmd_Loss: 0.081774	l1_Loss: 0.005773
Train source2 iter: 160 [(89%)]	Loss: 0.126127	RUL_Loss: 0.039145	mmd_Loss: 0.081412	l1_Loss: 0.005594
Train source1 iter: 170 [(94%)]	Loss: 0.129770	RUL_Loss: 0.037686	mmd_Loss: 0.085502	l1_Loss: 0.006597
Train source2 iter: 170 [(94%)]	Loss: 0.128203	RUL_Loss: 0.037663	mmd_Loss: 0.084472	l1_Loss: 0.006082
Train epochs:1.000000	
Train source1 iter: 10 [(6%)]	Loss: 0.045882	RUL_Loss: 0.030082	mmd_Loss: 0.049526	l1_Loss: 0.008807
Train source2 iter: 10 [(6%)]	Loss: 0.045193	RUL_Loss: 0.029800	mmd_Loss: 0.049044	l1_Loss: 0.007789
Train source1 iter: 20 [(11%)]	Loss: 0.056903	RUL_Loss: 0.033327	mmd_Loss: 0.041387	l1_Loss: 0.005329
Train source2 iter: 20 [(11%)]	Loss: 0.050499	RUL_Loss: 0.024991	mmd_Loss: 0.045179	l1_Loss: 0.005365
Train source1 iter: 30 [(17%)]	Loss: 0.061932	RUL_Loss: 0.026726	mmd_Loss: 0.046129	l1_Loss: 0.005473
Train source2 iter: 30 [(17%)]	Loss: 0.062608	RUL_Loss: 0.026334	mmd_Loss: 0.047733	l1_Loss: 0.005435
Train source1 iter: 40 [(22%)]	Loss: 0.071219	RUL_Loss: 0.029676	mmd_Loss: 0.045933	l1_Loss: 0.005708
Train source2 iter: 40 [(22%)]	Loss: 0.075593	RUL_Loss: 0.028010	mmd_Loss: 0.053581	l1_Loss: 0.005568
Train source1 iter: 50 [(28%)]	Loss: 0.070816	RUL_Loss: 0.028771	mmd_Loss: 0.041893	l1_Loss: 0.005728
Train source2 iter: 50 [(28%)]	Loss: 0.075767	RUL_Loss: 0.026048	mmd_Loss: 0.051124	l1_Loss: 0.005188
Train source1 iter: 60 [(33%)]	Loss: 0.072573	RUL_Loss: 0.028616	mmd_Loss: 0.041450	l1_Loss: 0.005759
Train source2 iter: 60 [(33%)]	Loss: 0.079769	RUL_Loss: 0.032345	mmd_Loss: 0.045649	l1_Loss: 0.005283
Train source1 iter: 70 [(39%)]	Loss: 0.068661	RUL_Loss: 0.029618	mmd_Loss: 0.035489	l1_Loss: 0.005186
Train source2 iter: 70 [(39%)]	Loss: 0.081182	RUL_Loss: 0.028537	mmd_Loss: 0.049322	l1_Loss: 0.005523
Train source1 iter: 80 [(44%)]	Loss: 0.072653	RUL_Loss: 0.026967	mmd_Loss: 0.041384	l1_Loss: 0.005387
Train source2 iter: 80 [(44%)]	Loss: 0.081269	RUL_Loss: 0.025625	mmd_Loss: 0.051107	l1_Loss: 0.005860
Train source1 iter: 90 [(50%)]	Loss: 0.072997	RUL_Loss: 0.030126	mmd_Loss: 0.037663	l1_Loss: 0.005790
Train source2 iter: 90 [(50%)]	Loss: 0.079325	RUL_Loss: 0.028804	mmd_Loss: 0.045694	l1_Loss: 0.005513
Train source1 iter: 100 [(56%)]	Loss: 0.074847	RUL_Loss: 0.033377	mmd_Loss: 0.036743	l1_Loss: 0.005049
Train source2 iter: 100 [(56%)]	Loss: 0.074332	RUL_Loss: 0.026118	mmd_Loss: 0.043305	l1_Loss: 0.005283
Train source1 iter: 110 [(61%)]	Loss: 0.071426	RUL_Loss: 0.026717	mmd_Loss: 0.039978	l1_Loss: 0.004930
Train source2 iter: 110 [(61%)]	Loss: 0.084934	RUL_Loss: 0.027120	mmd_Loss: 0.052273	l1_Loss: 0.005797
Train source1 iter: 120 [(67%)]	Loss: 0.073500	RUL_Loss: 0.032789	mmd_Loss: 0.035655	l1_Loss: 0.005161
Train source2 iter: 120 [(67%)]	Loss: 0.081356	RUL_Loss: 0.030228	mmd_Loss: 0.045474	l1_Loss: 0.005785
Train source1 iter: 130 [(72%)]	Loss: 0.070064	RUL_Loss: 0.028226	mmd_Loss: 0.036725	l1_Loss: 0.005175
Train source2 iter: 130 [(72%)]	Loss: 0.081708	RUL_Loss: 0.028953	mmd_Loss: 0.047451	l1_Loss: 0.005381
Train source1 iter: 140 [(78%)]	Loss: 0.076612	RUL_Loss: 0.027785	mmd_Loss: 0.043641	l1_Loss: 0.005228
Train source2 iter: 140 [(78%)]	Loss: 0.084272	RUL_Loss: 0.029651	mmd_Loss: 0.049517	l1_Loss: 0.005150
Train source1 iter: 150 [(83%)]	Loss: 0.077173	RUL_Loss: 0.031394	mmd_Loss: 0.040809	l1_Loss: 0.004993
Train source2 iter: 150 [(83%)]	Loss: 0.078125	RUL_Loss: 0.034132	mmd_Loss: 0.039892	l1_Loss: 0.004121
Train source1 iter: 160 [(89%)]	Loss: 0.076503	RUL_Loss: 0.029106	mmd_Loss: 0.042220	l1_Loss: 0.005190
Train source2 iter: 160 [(89%)]	Loss: 0.090864	RUL_Loss: 0.031834	mmd_Loss: 0.053173	l1_Loss: 0.005873
Train source1 iter: 170 [(94%)]	Loss: 0.077072	RUL_Loss: 0.029316	mmd_Loss: 0.042584	l1_Loss: 0.005180
Train source2 iter: 170 [(94%)]	Loss: 0.079295	RUL_Loss: 0.029600	mmd_Loss: 0.044246	l1_Loss: 0.005457
Train epochs:2.000000	
Train source1 iter: 10 [(6%)]	Loss: 0.041754	RUL_Loss: 0.032581	mmd_Loss: 0.027574	l1_Loss: 0.006293
Train source2 iter: 10 [(6%)]	Loss: 0.035718	RUL_Loss: 0.022433	mmd_Loss: 0.043840	l1_Loss: 0.005212
Train source1 iter: 20 [(11%)]	Loss: 0.054742	RUL_Loss: 0.032028	mmd_Loss: 0.040688	l1_Loss: 0.004319
Train source2 iter: 20 [(11%)]	Loss: 0.042235	RUL_Loss: 0.021290	mmd_Loss: 0.038021	l1_Loss: 0.003481
Train source1 iter: 30 [(17%)]	Loss: 0.061994	RUL_Loss: 0.034999	mmd_Loss: 0.035560	l1_Loss: 0.004007
Train source2 iter: 30 [(17%)]	Loss: 0.058329	RUL_Loss: 0.026916	mmd_Loss: 0.042122	l1_Loss: 0.003919
Train source1 iter: 40 [(22%)]	Loss: 0.062679	RUL_Loss: 0.028059	mmd_Loss: 0.039810	l1_Loss: 0.003225
Train source2 iter: 40 [(22%)]	Loss: 0.069243	RUL_Loss: 0.027802	mmd_Loss: 0.047050	l1_Loss: 0.004464
Train source1 iter: 50 [(28%)]	Loss: 0.065404	RUL_Loss: 0.029210	mmd_Loss: 0.036607	l1_Loss: 0.004387
Train source2 iter: 50 [(28%)]	Loss: 0.058925	RUL_Loss: 0.023813	mmd_Loss: 0.035805	l1_Loss: 0.003963
Train source1 iter: 60 [(33%)]	Loss: 0.071092	RUL_Loss: 0.031711	mmd_Loss: 0.038620	l1_Loss: 0.003674
Train source2 iter: 60 [(33%)]	Loss: 0.067141	RUL_Loss: 0.025342	mmd_Loss: 0.040563	l1_Loss: 0.004330
Train source1 iter: 70 [(39%)]	Loss: 0.066898	RUL_Loss: 0.028628	mmd_Loss: 0.035937	l1_Loss: 0.003932
Train source2 iter: 70 [(39%)]	Loss: 0.066438	RUL_Loss: 0.025541	mmd_Loss: 0.038923	l1_Loss: 0.003683
Train source1 iter: 80 [(44%)]	Loss: 0.069506	RUL_Loss: 0.029762	mmd_Loss: 0.036478	l1_Loss: 0.004211
Train source2 iter: 80 [(44%)]	Loss: 0.071358	RUL_Loss: 0.025510	mmd_Loss: 0.042840	l1_Loss: 0.004097
Train source1 iter: 90 [(50%)]	Loss: 0.075922	RUL_Loss: 0.029971	mmd_Loss: 0.042774	l1_Loss: 0.003801
Train source2 iter: 90 [(50%)]	Loss: 0.071468	RUL_Loss: 0.025612	mmd_Loss: 0.042538	l1_Loss: 0.003940
Train source1 iter: 100 [(56%)]	Loss: 0.075189	RUL_Loss: 0.034079	mmd_Loss: 0.037505	l1_Loss: 0.003924
Train source2 iter: 100 [(56%)]	Loss: 0.070083	RUL_Loss: 0.027175	mmd_Loss: 0.038564	l1_Loss: 0.004677
Train source1 iter: 110 [(61%)]	Loss: 0.069254	RUL_Loss: 0.030332	mmd_Loss: 0.034636	l1_Loss: 0.004460
Train source2 iter: 110 [(61%)]	Loss: 0.072116	RUL_Loss: 0.027421	mmd_Loss: 0.040927	l1_Loss: 0.003967
Train source1 iter: 120 [(67%)]	Loss: 0.074145	RUL_Loss: 0.034241	mmd_Loss: 0.035505	l1_Loss: 0.004502
Train source2 iter: 120 [(67%)]	Loss: 0.072932	RUL_Loss: 0.022640	mmd_Loss: 0.046609	l1_Loss: 0.003811
Train source1 iter: 130 [(72%)]	Loss: 0.068536	RUL_Loss: 0.031382	mmd_Loss: 0.033422	l1_Loss: 0.003786
Train source2 iter: 130 [(72%)]	Loss: 0.072826	RUL_Loss: 0.026255	mmd_Loss: 0.042618	l1_Loss: 0.004021
Train source1 iter: 140 [(78%)]	Loss: 0.070594	RUL_Loss: 0.033224	mmd_Loss: 0.032968	l1_Loss: 0.004433
Train source2 iter: 140 [(78%)]	Loss: 0.064484	RUL_Loss: 0.025727	mmd_Loss: 0.034845	l1_Loss: 0.003945
Train source1 iter: 150 [(83%)]	Loss: 0.069306	RUL_Loss: 0.029699	mmd_Loss: 0.035644	l1_Loss: 0.003982
Train source2 iter: 150 [(83%)]	Loss: 0.077075	RUL_Loss: 0.025735	mmd_Loss: 0.047122	l1_Loss: 0.004243
Train source1 iter: 160 [(89%)]	Loss: 0.073344	RUL_Loss: 0.030909	mmd_Loss: 0.038605	l1_Loss: 0.003842
Train source2 iter: 160 [(89%)]	Loss: 0.070692	RUL_Loss: 0.025803	mmd_Loss: 0.040224	l1_Loss: 0.004677
Train source1 iter: 170 [(94%)]	Loss: 0.068169	RUL_Loss: 0.029372	mmd_Loss: 0.035141	l1_Loss: 0.003662
Train source2 iter: 170 [(94%)]	Loss: 0.071942	RUL_Loss: 0.028779	mmd_Loss: 0.039645	l1_Loss: 0.003525
Train epochs:3.000000	
Train source1 iter: 10 [(6%)]	Loss: 0.042801	RUL_Loss: 0.030790	mmd_Loss: 0.038464	l1_Loss: 0.005881
Train source2 iter: 10 [(6%)]	Loss: 0.036703	RUL_Loss: 0.024837	mmd_Loss: 0.038189	l1_Loss: 0.005625
Train source1 iter: 20 [(11%)]	Loss: 0.049268	RUL_Loss: 0.028457	mmd_Loss: 0.037557	l1_Loss: 0.003680
Train source2 iter: 20 [(11%)]	Loss: 0.049588	RUL_Loss: 0.031147	mmd_Loss: 0.032700	l1_Loss: 0.003841
Train source1 iter: 30 [(17%)]	Loss: 0.056377	RUL_Loss: 0.030327	mmd_Loss: 0.034486	l1_Loss: 0.003696
Train source2 iter: 30 [(17%)]	Loss: 0.051118	RUL_Loss: 0.026922	mmd_Loss: 0.031957	l1_Loss: 0.003507
Train source1 iter: 40 [(22%)]	Loss: 0.063662	RUL_Loss: 0.026626	mmd_Loss: 0.042006	l1_Loss: 0.004032
Train source2 iter: 40 [(22%)]	Loss: 0.056769	RUL_Loss: 0.028007	mmd_Loss: 0.032383	l1_Loss: 0.003370
Train source1 iter: 50 [(28%)]	Loss: 0.063311	RUL_Loss: 0.030756	mmd_Loss: 0.032973	l1_Loss: 0.003899
Train source2 iter: 50 [(28%)]	Loss: 0.059472	RUL_Loss: 0.026774	mmd_Loss: 0.032554	l1_Loss: 0.004480
Train source1 iter: 60 [(33%)]	Loss: 0.076649	RUL_Loss: 0.031996	mmd_Loss: 0.043732	l1_Loss: 0.004226
Train source2 iter: 60 [(33%)]	Loss: 0.062226	RUL_Loss: 0.024421	mmd_Loss: 0.036451	l1_Loss: 0.004150
Train source1 iter: 70 [(39%)]	Loss: 0.063781	RUL_Loss: 0.028846	mmd_Loss: 0.033002	l1_Loss: 0.003393
Train source2 iter: 70 [(39%)]	Loss: 0.066110	RUL_Loss: 0.026333	mmd_Loss: 0.038164	l1_Loss: 0.003274
Train source1 iter: 80 [(44%)]	Loss: 0.067784	RUL_Loss: 0.031846	mmd_Loss: 0.033046	l1_Loss: 0.003747
Train source2 iter: 80 [(44%)]	Loss: 0.061860	RUL_Loss: 0.024745	mmd_Loss: 0.034333	l1_Loss: 0.003664
Train source1 iter: 90 [(50%)]	Loss: 0.063932	RUL_Loss: 0.025621	mmd_Loss: 0.035018	l1_Loss: 0.003813
Train source2 iter: 90 [(50%)]	Loss: 0.059537	RUL_Loss: 0.022298	mmd_Loss: 0.033840	l1_Loss: 0.003903
Train source1 iter: 100 [(56%)]	Loss: 0.072309	RUL_Loss: 0.030199	mmd_Loss: 0.038669	l1_Loss: 0.003768
Train source2 iter: 100 [(56%)]	Loss: 0.064198	RUL_Loss: 0.027981	mmd_Loss: 0.031984	l1_Loss: 0.004515
Train source1 iter: 110 [(61%)]	Loss: 0.068710	RUL_Loss: 0.028307	mmd_Loss: 0.036656	l1_Loss: 0.003927
Train source2 iter: 110 [(61%)]	Loss: 0.063131	RUL_Loss: 0.024010	mmd_Loss: 0.036366	l1_Loss: 0.002929
Train source1 iter: 120 [(67%)]	Loss: 0.068669	RUL_Loss: 0.027425	mmd_Loss: 0.037561	l1_Loss: 0.003788
Train source2 iter: 120 [(67%)]	Loss: 0.065859	RUL_Loss: 0.025714	mmd_Loss: 0.035925	l1_Loss: 0.004322
Train source1 iter: 130 [(72%)]	Loss: 0.066122	RUL_Loss: 0.023562	mmd_Loss: 0.039002	l1_Loss: 0.003620
Train source2 iter: 130 [(72%)]	Loss: 0.064726	RUL_Loss: 0.025914	mmd_Loss: 0.035083	l1_Loss: 0.003785
Train source1 iter: 140 [(78%)]	Loss: 0.062948	RUL_Loss: 0.025216	mmd_Loss: 0.034254	l1_Loss: 0.003510
Train source2 iter: 140 [(78%)]	Loss: 0.064884	RUL_Loss: 0.024105	mmd_Loss: 0.036764	l1_Loss: 0.004050
Train source1 iter: 150 [(83%)]	Loss: 0.066188	RUL_Loss: 0.029205	mmd_Loss: 0.033580	l1_Loss: 0.003421
Train source2 iter: 150 [(83%)]	Loss: 0.064425	RUL_Loss: 0.026884	mmd_Loss: 0.034134	l1_Loss: 0.003425
Train source1 iter: 160 [(89%)]	Loss: 0.062306	RUL_Loss: 0.024942	mmd_Loss: 0.033991	l1_Loss: 0.003384
Train source2 iter: 160 [(89%)]	Loss: 0.062658	RUL_Loss: 0.025556	mmd_Loss: 0.033271	l1_Loss: 0.003842
Train source1 iter: 170 [(94%)]	Loss: 0.063033	RUL_Loss: 0.022801	mmd_Loss: 0.036413	l1_Loss: 0.003826
Train source2 iter: 170 [(94%)]	Loss: 0.061500	RUL_Loss: 0.024449	mmd_Loss: 0.033278	l1_Loss: 0.003779
Train epochs:4.000000	
Train source1 iter: 10 [(6%)]	Loss: 0.042029	RUL_Loss: 0.032554	mmd_Loss: 0.030842	l1_Loss: 0.004139
Train source2 iter: 10 [(6%)]	Loss: 0.032069	RUL_Loss: 0.022854	mmd_Loss: 0.029520	l1_Loss: 0.004504
Train source1 iter: 20 [(11%)]	Loss: 0.045981	RUL_Loss: 0.027713	mmd_Loss: 0.031241	l1_Loss: 0.004957
Train source2 iter: 20 [(11%)]	Loss: 0.039870	RUL_Loss: 0.020873	mmd_Loss: 0.033439	l1_Loss: 0.004203
Train source1 iter: 30 [(17%)]	Loss: 0.054913	RUL_Loss: 0.028723	mmd_Loss: 0.033359	l1_Loss: 0.005027
Train source2 iter: 30 [(17%)]	Loss: 0.047296	RUL_Loss: 0.022332	mmd_Loss: 0.032159	l1_Loss: 0.004431
Train source1 iter: 40 [(22%)]	Loss: 0.060069	RUL_Loss: 0.030246	mmd_Loss: 0.032968	l1_Loss: 0.004104
Train source2 iter: 40 [(22%)]	Loss: 0.048772	RUL_Loss: 0.022364	mmd_Loss: 0.028320	l1_Loss: 0.004507
Train source1 iter: 50 [(28%)]	Loss: 0.054122	RUL_Loss: 0.024559	mmd_Loss: 0.029331	l1_Loss: 0.004152
Train source2 iter: 50 [(28%)]	Loss: 0.050953	RUL_Loss: 0.021019	mmd_Loss: 0.029827	l1_Loss: 0.004077
Train source1 iter: 60 [(33%)]	Loss: 0.063939	RUL_Loss: 0.028026	mmd_Loss: 0.033821	l1_Loss: 0.004749
Train source2 iter: 60 [(33%)]	Loss: 0.060102	RUL_Loss: 0.025603	mmd_Loss: 0.032571	l1_Loss: 0.004480
Train source1 iter: 70 [(39%)]	Loss: 0.063665	RUL_Loss: 0.025845	mmd_Loss: 0.034754	l1_Loss: 0.004646
Train source2 iter: 70 [(39%)]	Loss: 0.060192	RUL_Loss: 0.027955	mmd_Loss: 0.028847	l1_Loss: 0.004737
Train source1 iter: 80 [(44%)]	Loss: 0.057146	RUL_Loss: 0.023125	mmd_Loss: 0.029959	l1_Loss: 0.004871
Train source2 iter: 80 [(44%)]	Loss: 0.058800	RUL_Loss: 0.023735	mmd_Loss: 0.031554	l1_Loss: 0.004344
Train source1 iter: 90 [(50%)]	Loss: 0.059831	RUL_Loss: 0.024107	mmd_Loss: 0.030664	l1_Loss: 0.005545
Train source2 iter: 90 [(50%)]	Loss: 0.058414	RUL_Loss: 0.024854	mmd_Loss: 0.029634	l1_Loss: 0.004382
Train source1 iter: 100 [(56%)]	Loss: 0.064735	RUL_Loss: 0.028124	mmd_Loss: 0.032962	l1_Loss: 0.003934
Train source2 iter: 100 [(56%)]	Loss: 0.061415	RUL_Loss: 0.024521	mmd_Loss: 0.033006	l1_Loss: 0.004174
Train source1 iter: 110 [(61%)]	Loss: 0.067015	RUL_Loss: 0.031490	mmd_Loss: 0.031246	l1_Loss: 0.004437
Train source2 iter: 110 [(61%)]	Loss: 0.061400	RUL_Loss: 0.020353	mmd_Loss: 0.036232	l1_Loss: 0.004997
Train source1 iter: 120 [(67%)]	Loss: 0.063919	RUL_Loss: 0.027169	mmd_Loss: 0.032739	l1_Loss: 0.004104
Train source2 iter: 120 [(67%)]	Loss: 0.060033	RUL_Loss: 0.022809	mmd_Loss: 0.033465	l1_Loss: 0.003854
Train source1 iter: 130 [(72%)]	Loss: 0.061300	RUL_Loss: 0.027155	mmd_Loss: 0.030017	l1_Loss: 0.004179
Train source2 iter: 130 [(72%)]	Loss: 0.062200	RUL_Loss: 0.027708	mmd_Loss: 0.030172	l1_Loss: 0.004370
Train source1 iter: 140 [(78%)]	Loss: 0.059370	RUL_Loss: 0.024589	mmd_Loss: 0.030372	l1_Loss: 0.004438
Train source2 iter: 140 [(78%)]	Loss: 0.056758	RUL_Loss: 0.024672	mmd_Loss: 0.027801	l1_Loss: 0.004312
Train source1 iter: 150 [(83%)]	Loss: 0.065695	RUL_Loss: 0.029906	mmd_Loss: 0.031070	l1_Loss: 0.004735
Train source2 iter: 150 [(83%)]	Loss: 0.058501	RUL_Loss: 0.024536	mmd_Loss: 0.029958	l1_Loss: 0.004024
Train source1 iter: 160 [(89%)]	Loss: 0.068203	RUL_Loss: 0.029703	mmd_Loss: 0.033328	l1_Loss: 0.005183
Train source2 iter: 160 [(89%)]	Loss: 0.065380	RUL_Loss: 0.022699	mmd_Loss: 0.038454	l1_Loss: 0.004239
Train source1 iter: 170 [(94%)]	Loss: 0.056686	RUL_Loss: 0.024819	mmd_Loss: 0.026978	l1_Loss: 0.004894
Train source2 iter: 170 [(94%)]	Loss: 0.056227	RUL_Loss: 0.022623	mmd_Loss: 0.029118	l1_Loss: 0.004492
Train epochs:5.000000	
Train source1 iter: 10 [(6%)]	Loss: 0.036466	RUL_Loss: 0.028574	mmd_Loss: 0.025336	l1_Loss: 0.003804
Train source2 iter: 10 [(6%)]	Loss: 0.029286	RUL_Loss: 0.021597	mmd_Loss: 0.024138	l1_Loss: 0.004248
Train source1 iter: 20 [(11%)]	Loss: 0.037480	RUL_Loss: 0.022418	mmd_Loss: 0.026219	l1_Loss: 0.003626
Train source2 iter: 20 [(11%)]	Loss: 0.038727	RUL_Loss: 0.022159	mmd_Loss: 0.029095	l1_Loss: 0.003734
Train source1 iter: 30 [(17%)]	Loss: 0.045207	RUL_Loss: 0.023000	mmd_Loss: 0.029271	l1_Loss: 0.003277
Train source2 iter: 30 [(17%)]	Loss: 0.044133	RUL_Loss: 0.021564	mmd_Loss: 0.029663	l1_Loss: 0.003417
Train source1 iter: 40 [(22%)]	Loss: 0.050799	RUL_Loss: 0.028997	mmd_Loss: 0.023421	l1_Loss: 0.003681
Train source2 iter: 40 [(22%)]	Loss: 0.050623	RUL_Loss: 0.019114	mmd_Loss: 0.034975	l1_Loss: 0.004194
Train source1 iter: 50 [(28%)]	Loss: 0.053136	RUL_Loss: 0.023192	mmd_Loss: 0.030192	l1_Loss: 0.003722
Train source2 iter: 50 [(28%)]	Loss: 0.049655	RUL_Loss: 0.022972	mmd_Loss: 0.025926	l1_Loss: 0.004295
Train source1 iter: 60 [(33%)]	Loss: 0.059413	RUL_Loss: 0.025335	mmd_Loss: 0.033411	l1_Loss: 0.003188
Train source2 iter: 60 [(33%)]	Loss: 0.049309	RUL_Loss: 0.022957	mmd_Loss: 0.024254	l1_Loss: 0.004047
Train source1 iter: 70 [(39%)]	Loss: 0.054333	RUL_Loss: 0.021683	mmd_Loss: 0.029529	l1_Loss: 0.004486
Train source2 iter: 70 [(39%)]	Loss: 0.050962	RUL_Loss: 0.023322	mmd_Loss: 0.025221	l1_Loss: 0.003573
Train source1 iter: 80 [(44%)]	Loss: 0.059522	RUL_Loss: 0.029669	mmd_Loss: 0.026599	l1_Loss: 0.003963
Train source2 iter: 80 [(44%)]	Loss: 0.057072	RUL_Loss: 0.026017	mmd_Loss: 0.027959	l1_Loss: 0.003833
Train source1 iter: 90 [(50%)]	Loss: 0.067182	RUL_Loss: 0.034187	mmd_Loss: 0.029148	l1_Loss: 0.004295
Train source2 iter: 90 [(50%)]	Loss: 0.051692	RUL_Loss: 0.022960	mmd_Loss: 0.024811	l1_Loss: 0.004311
Train source1 iter: 100 [(56%)]	Loss: 0.052203	RUL_Loss: 0.022468	mmd_Loss: 0.026128	l1_Loss: 0.003838
Train source2 iter: 100 [(56%)]	Loss: 0.050948	RUL_Loss: 0.017369	mmd_Loss: 0.029677	l1_Loss: 0.004163
Train source1 iter: 110 [(61%)]	Loss: 0.056238	RUL_Loss: 0.026644	mmd_Loss: 0.025994	l1_Loss: 0.003732
Train source2 iter: 110 [(61%)]	Loss: 0.054894	RUL_Loss: 0.024819	mmd_Loss: 0.026574	l1_Loss: 0.003635
Train source1 iter: 120 [(67%)]	Loss: 0.057077	RUL_Loss: 0.023479	mmd_Loss: 0.029982	l1_Loss: 0.003702
Train source2 iter: 120 [(67%)]	Loss: 0.052612	RUL_Loss: 0.023349	mmd_Loss: 0.025125	l1_Loss: 0.004212
Train source1 iter: 130 [(72%)]	Loss: 0.054168	RUL_Loss: 0.025570	mmd_Loss: 0.025140	l1_Loss: 0.003500
Train source2 iter: 130 [(72%)]	Loss: 0.054404	RUL_Loss: 0.022781	mmd_Loss: 0.028328	l1_Loss: 0.003340
Train source1 iter: 140 [(78%)]	Loss: 0.054150	RUL_Loss: 0.022015	mmd_Loss: 0.028427	l1_Loss: 0.003735
Train source2 iter: 140 [(78%)]	Loss: 0.057329	RUL_Loss: 0.019715	mmd_Loss: 0.033943	l1_Loss: 0.003702
Train source1 iter: 150 [(83%)]	Loss: 0.057647	RUL_Loss: 0.025410	mmd_Loss: 0.028579	l1_Loss: 0.003674
Train source2 iter: 150 [(83%)]	Loss: 0.054864	RUL_Loss: 0.023404	mmd_Loss: 0.027590	l1_Loss: 0.003885
Train source1 iter: 160 [(89%)]	Loss: 0.062032	RUL_Loss: 0.022704	mmd_Loss: 0.035655	l1_Loss: 0.003683
Train source2 iter: 160 [(89%)]	Loss: 0.052711	RUL_Loss: 0.019633	mmd_Loss: 0.029381	l1_Loss: 0.003706
Train source1 iter: 170 [(94%)]	Loss: 0.059125	RUL_Loss: 0.025509	mmd_Loss: 0.029976	l1_Loss: 0.003645
Train source2 iter: 170 [(94%)]	Loss: 0.051594	RUL_Loss: 0.020259	mmd_Loss: 0.027534	l1_Loss: 0.003806
Train epochs:6.000000	
Train source1 iter: 10 [(6%)]	Loss: 0.036857	RUL_Loss: 0.027510	mmd_Loss: 0.029810	l1_Loss: 0.004698
Train source2 iter: 10 [(6%)]	Loss: 0.033096	RUL_Loss: 0.024816	mmd_Loss: 0.026219	l1_Loss: 0.004353
Train source1 iter: 20 [(11%)]	Loss: 0.042691	RUL_Loss: 0.027237	mmd_Loss: 0.025855	l1_Loss: 0.004766
Train source2 iter: 20 [(11%)]	Loss: 0.043002	RUL_Loss: 0.026862	mmd_Loss: 0.027228	l1_Loss: 0.004752
Train source1 iter: 30 [(17%)]	Loss: 0.045752	RUL_Loss: 0.023129	mmd_Loss: 0.028378	l1_Loss: 0.004781
Train source2 iter: 30 [(17%)]	Loss: 0.046145	RUL_Loss: 0.025446	mmd_Loss: 0.026300	l1_Loss: 0.004039
Train source1 iter: 40 [(22%)]	Loss: 0.060364	RUL_Loss: 0.029405	mmd_Loss: 0.033465	l1_Loss: 0.005020
Train source2 iter: 40 [(22%)]	Loss: 0.046721	RUL_Loss: 0.020408	mmd_Loss: 0.028273	l1_Loss: 0.004436
Train source1 iter: 50 [(28%)]	Loss: 0.061457	RUL_Loss: 0.029128	mmd_Loss: 0.032063	l1_Loss: 0.004552
Train source2 iter: 50 [(28%)]	Loss: 0.051866	RUL_Loss: 0.024530	mmd_Loss: 0.026229	l1_Loss: 0.004731
Train source1 iter: 60 [(33%)]	Loss: 0.056118	RUL_Loss: 0.021667	mmd_Loss: 0.033483	l1_Loss: 0.003517
Train source2 iter: 60 [(33%)]	Loss: 0.048761	RUL_Loss: 0.022740	mmd_Loss: 0.023664	l1_Loss: 0.004282
Train source1 iter: 70 [(39%)]	Loss: 0.056694	RUL_Loss: 0.025890	mmd_Loss: 0.026984	l1_Loss: 0.005106
Train source2 iter: 70 [(39%)]	Loss: 0.053081	RUL_Loss: 0.022406	mmd_Loss: 0.027209	l1_Loss: 0.004748
Train source1 iter: 80 [(44%)]	Loss: 0.058145	RUL_Loss: 0.025952	mmd_Loss: 0.028463	l1_Loss: 0.004496
Train source2 iter: 80 [(44%)]	Loss: 0.063320	RUL_Loss: 0.031154	mmd_Loss: 0.029043	l1_Loss: 0.003888
Train source1 iter: 90 [(50%)]	Loss: 0.058203	RUL_Loss: 0.025581	mmd_Loss: 0.028264	l1_Loss: 0.004802
Train source2 iter: 90 [(50%)]	Loss: 0.054081	RUL_Loss: 0.025207	mmd_Loss: 0.024727	l1_Loss: 0.004538
Train source1 iter: 100 [(56%)]	Loss: 0.056790	RUL_Loss: 0.027483	mmd_Loss: 0.024597	l1_Loss: 0.004938
Train source2 iter: 100 [(56%)]	Loss: 0.056658	RUL_Loss: 0.026553	mmd_Loss: 0.026119	l1_Loss: 0.004219
Train source1 iter: 110 [(61%)]	Loss: 0.061398	RUL_Loss: 0.029364	mmd_Loss: 0.028257	l1_Loss: 0.003920
Train source2 iter: 110 [(61%)]	Loss: 0.051195	RUL_Loss: 0.022239	mmd_Loss: 0.024911	l1_Loss: 0.004174
Train source1 iter: 120 [(67%)]	Loss: 0.057709	RUL_Loss: 0.025140	mmd_Loss: 0.028073	l1_Loss: 0.004580
Train source2 iter: 120 [(67%)]	Loss: 0.054181	RUL_Loss: 0.023828	mmd_Loss: 0.026016	l1_Loss: 0.004414
Train source1 iter: 130 [(72%)]	Loss: 0.057776	RUL_Loss: 0.027633	mmd_Loss: 0.025433	l1_Loss: 0.004755
Train source2 iter: 130 [(72%)]	Loss: 0.049805	RUL_Loss: 0.020841	mmd_Loss: 0.024636	l1_Loss: 0.004370
Train source1 iter: 140 [(78%)]	Loss: 0.057206	RUL_Loss: 0.026081	mmd_Loss: 0.027071	l1_Loss: 0.004080
Train source2 iter: 140 [(78%)]	Loss: 0.056717	RUL_Loss: 0.025313	mmd_Loss: 0.026639	l1_Loss: 0.004791
Train source1 iter: 150 [(83%)]	Loss: 0.062850	RUL_Loss: 0.026898	mmd_Loss: 0.031314	l1_Loss: 0.004656
Train source2 iter: 150 [(83%)]	Loss: 0.054707	RUL_Loss: 0.023877	mmd_Loss: 0.026208	l1_Loss: 0.004637
Train source1 iter: 160 [(89%)]	Loss: 0.062172	RUL_Loss: 0.025348	mmd_Loss: 0.032486	l1_Loss: 0.004348
Train source2 iter: 160 [(89%)]	Loss: 0.051680	RUL_Loss: 0.022733	mmd_Loss: 0.025008	l1_Loss: 0.003948
Train source1 iter: 170 [(94%)]	Loss: 0.059094	RUL_Loss: 0.022426	mmd_Loss: 0.031671	l1_Loss: 0.005003
Train source2 iter: 170 [(94%)]	Loss: 0.056235	RUL_Loss: 0.027191	mmd_Loss: 0.024263	l1_Loss: 0.004786
Train epochs:7.000000	
Train source1 iter: 10 [(6%)]	Loss: 0.036228	RUL_Loss: 0.029029	mmd_Loss: 0.023791	l1_Loss: 0.002787
Train source2 iter: 10 [(6%)]	Loss: 0.032597	RUL_Loss: 0.024818	mmd_Loss: 0.024850	l1_Loss: 0.003872
Train source1 iter: 20 [(11%)]	Loss: 0.037093	RUL_Loss: 0.024506	mmd_Loss: 0.022079	l1_Loss: 0.002861
Train source2 iter: 20 [(11%)]	Loss: 0.037181	RUL_Loss: 0.022170	mmd_Loss: 0.025260	l1_Loss: 0.004484
Train source1 iter: 30 [(17%)]	Loss: 0.049043	RUL_Loss: 0.027150	mmd_Loss: 0.028889	l1_Loss: 0.003199
Train source2 iter: 30 [(17%)]	Loss: 0.045184	RUL_Loss: 0.026747	mmd_Loss: 0.022528	l1_Loss: 0.004494
Train source1 iter: 40 [(22%)]	Loss: 0.048882	RUL_Loss: 0.027626	mmd_Loss: 0.023085	l1_Loss: 0.003338
Train source2 iter: 40 [(22%)]	Loss: 0.044189	RUL_Loss: 0.023884	mmd_Loss: 0.021886	l1_Loss: 0.003354
Train source1 iter: 50 [(28%)]	Loss: 0.060543	RUL_Loss: 0.034919	mmd_Loss: 0.025534	l1_Loss: 0.003488
Train source2 iter: 50 [(28%)]	Loss: 0.044587	RUL_Loss: 0.021818	mmd_Loss: 0.021244	l1_Loss: 0.004544
Train source1 iter: 60 [(33%)]	Loss: 0.052018	RUL_Loss: 0.026262	mmd_Loss: 0.023547	l1_Loss: 0.004114
Train source2 iter: 60 [(33%)]	Loss: 0.048414	RUL_Loss: 0.025146	mmd_Loss: 0.021637	l1_Loss: 0.003352
Train source1 iter: 70 [(39%)]	Loss: 0.052888	RUL_Loss: 0.024082	mmd_Loss: 0.026133	l1_Loss: 0.003876
Train source2 iter: 70 [(39%)]	Loss: 0.051557	RUL_Loss: 0.025537	mmd_Loss: 0.023652	l1_Loss: 0.003455
Train source1 iter: 80 [(44%)]	Loss: 0.053273	RUL_Loss: 0.025611	mmd_Loss: 0.024879	l1_Loss: 0.003440
Train source2 iter: 80 [(44%)]	Loss: 0.050281	RUL_Loss: 0.025127	mmd_Loss: 0.022147	l1_Loss: 0.003604
Train source1 iter: 90 [(50%)]	Loss: 0.057599	RUL_Loss: 0.030416	mmd_Loss: 0.024120	l1_Loss: 0.003432
Train source2 iter: 90 [(50%)]	Loss: 0.048933	RUL_Loss: 0.023206	mmd_Loss: 0.022128	l1_Loss: 0.003947
Train source1 iter: 100 [(56%)]	Loss: 0.054488	RUL_Loss: 0.027456	mmd_Loss: 0.023676	l1_Loss: 0.003566
Train source2 iter: 100 [(56%)]	Loss: 0.049873	RUL_Loss: 0.022597	mmd_Loss: 0.023971	l1_Loss: 0.003516
Train source1 iter: 110 [(61%)]	Loss: 0.047925	RUL_Loss: 0.020272	mmd_Loss: 0.024617	l1_Loss: 0.003160
Train source2 iter: 110 [(61%)]	Loss: 0.053182	RUL_Loss: 0.024534	mmd_Loss: 0.024480	l1_Loss: 0.004295
Train source1 iter: 120 [(67%)]	Loss: 0.053309	RUL_Loss: 0.026623	mmd_Loss: 0.022994	l1_Loss: 0.003759
Train source2 iter: 120 [(67%)]	Loss: 0.048575	RUL_Loss: 0.021412	mmd_Loss: 0.024293	l1_Loss: 0.002939
Train source1 iter: 130 [(72%)]	Loss: 0.056680	RUL_Loss: 0.028764	mmd_Loss: 0.025117	l1_Loss: 0.002839
Train source2 iter: 130 [(72%)]	Loss: 0.054038	RUL_Loss: 0.024714	mmd_Loss: 0.025851	l1_Loss: 0.003516
Train source1 iter: 140 [(78%)]	Loss: 0.055813	RUL_Loss: 0.028086	mmd_Loss: 0.024009	l1_Loss: 0.003741
Train source2 iter: 140 [(78%)]	Loss: 0.045753	RUL_Loss: 0.018020	mmd_Loss: 0.024104	l1_Loss: 0.003652
Train source1 iter: 150 [(83%)]	Loss: 0.058547	RUL_Loss: 0.030679	mmd_Loss: 0.023892	l1_Loss: 0.003989
Train source2 iter: 150 [(83%)]	Loss: 0.051047	RUL_Loss: 0.025677	mmd_Loss: 0.021995	l1_Loss: 0.003387
Train source1 iter: 160 [(89%)]	Loss: 0.053281	RUL_Loss: 0.024714	mmd_Loss: 0.024434	l1_Loss: 0.004141
Train source2 iter: 160 [(89%)]	Loss: 0.052126	RUL_Loss: 0.024690	mmd_Loss: 0.023426	l1_Loss: 0.004017
Train source1 iter: 170 [(94%)]	Loss: 0.053748	RUL_Loss: 0.026391	mmd_Loss: 0.024270	l1_Loss: 0.003091
Train source2 iter: 170 [(94%)]	Loss: 0.047705	RUL_Loss: 0.021712	mmd_Loss: 0.022151	l1_Loss: 0.003847
Train epochs:8.000000	
Train source1 iter: 10 [(6%)]	Loss: 0.037944	RUL_Loss: 0.028958	mmd_Loss: 0.024658	l1_Loss: 0.008519
Train source2 iter: 10 [(6%)]	Loss: 0.033038	RUL_Loss: 0.025007	mmd_Loss: 0.021924	l1_Loss: 0.007726
Train source1 iter: 20 [(11%)]	Loss: 0.044265	RUL_Loss: 0.031079	mmd_Loss: 0.022761	l1_Loss: 0.003368
Train source2 iter: 20 [(11%)]	Loss: 0.040404	RUL_Loss: 0.026442	mmd_Loss: 0.024466	l1_Loss: 0.003198
Train source1 iter: 30 [(17%)]	Loss: 0.043585	RUL_Loss: 0.023613	mmd_Loss: 0.026550	l1_Loss: 0.002723
Train source2 iter: 30 [(17%)]	Loss: 0.040724	RUL_Loss: 0.021522	mmd_Loss: 0.024802	l1_Loss: 0.003343
Train source1 iter: 40 [(22%)]	Loss: 0.048238	RUL_Loss: 0.024390	mmd_Loss: 0.026638	l1_Loss: 0.003007
Train source2 iter: 40 [(22%)]	Loss: 0.043352	RUL_Loss: 0.022794	mmd_Loss: 0.022456	l1_Loss: 0.003098
Train source1 iter: 50 [(28%)]	Loss: 0.047707	RUL_Loss: 0.025672	mmd_Loss: 0.021889	l1_Loss: 0.003069
Train source2 iter: 50 [(28%)]	Loss: 0.045234	RUL_Loss: 0.019596	mmd_Loss: 0.026181	l1_Loss: 0.002856
Train source1 iter: 60 [(33%)]	Loss: 0.046900	RUL_Loss: 0.020809	mmd_Loss: 0.024672	l1_Loss: 0.003350
Train source2 iter: 60 [(33%)]	Loss: 0.043555	RUL_Loss: 0.020833	mmd_Loss: 0.021269	l1_Loss: 0.003134
Train source1 iter: 70 [(39%)]	Loss: 0.050050	RUL_Loss: 0.025319	mmd_Loss: 0.022756	l1_Loss: 0.003009
Train source2 iter: 70 [(39%)]	Loss: 0.045748	RUL_Loss: 0.022942	mmd_Loss: 0.021080	l1_Loss: 0.002680
Train source1 iter: 80 [(44%)]	Loss: 0.054578	RUL_Loss: 0.026591	mmd_Loss: 0.025625	l1_Loss: 0.003027
Train source2 iter: 80 [(44%)]	Loss: 0.049193	RUL_Loss: 0.025808	mmd_Loss: 0.020728	l1_Loss: 0.003213
Train source1 iter: 90 [(50%)]	Loss: 0.049449	RUL_Loss: 0.023224	mmd_Loss: 0.023430	l1_Loss: 0.003151
Train source2 iter: 90 [(50%)]	Loss: 0.047086	RUL_Loss: 0.019176	mmd_Loss: 0.025585	l1_Loss: 0.002703
Train source1 iter: 100 [(56%)]	Loss: 0.052637	RUL_Loss: 0.024332	mmd_Loss: 0.025561	l1_Loss: 0.002964
Train source2 iter: 100 [(56%)]	Loss: 0.050013	RUL_Loss: 0.022490	mmd_Loss: 0.024950	l1_Loss: 0.002787
Train source1 iter: 110 [(61%)]	Loss: 0.051567	RUL_Loss: 0.024576	mmd_Loss: 0.024246	l1_Loss: 0.002865
Train source2 iter: 110 [(61%)]	Loss: 0.046217	RUL_Loss: 0.022266	mmd_Loss: 0.020900	l1_Loss: 0.003157
Train source1 iter: 120 [(67%)]	Loss: 0.051136	RUL_Loss: 0.023224	mmd_Loss: 0.024571	l1_Loss: 0.003412
Train source2 iter: 120 [(67%)]	Loss: 0.052363	RUL_Loss: 0.024063	mmd_Loss: 0.025309	l1_Loss: 0.003063
Train source1 iter: 130 [(72%)]	Loss: 0.051037	RUL_Loss: 0.022719	mmd_Loss: 0.025509	l1_Loss: 0.002850
Train source2 iter: 130 [(72%)]	Loss: 0.044618	RUL_Loss: 0.020642	mmd_Loss: 0.020550	l1_Loss: 0.003461
Train source1 iter: 140 [(78%)]	Loss: 0.053133	RUL_Loss: 0.025436	mmd_Loss: 0.024553	l1_Loss: 0.003167
Train source2 iter: 140 [(78%)]	Loss: 0.047061	RUL_Loss: 0.023401	mmd_Loss: 0.020263	l1_Loss: 0.003416
Train source1 iter: 150 [(83%)]	Loss: 0.051582	RUL_Loss: 0.026300	mmd_Loss: 0.022032	l1_Loss: 0.003262
Train source2 iter: 150 [(83%)]	Loss: 0.050177	RUL_Loss: 0.023244	mmd_Loss: 0.023716	l1_Loss: 0.003231
Train source1 iter: 160 [(89%)]	Loss: 0.057358	RUL_Loss: 0.033280	mmd_Loss: 0.020667	l1_Loss: 0.003418
Train source2 iter: 160 [(89%)]	Loss: 0.047428	RUL_Loss: 0.020180	mmd_Loss: 0.023707	l1_Loss: 0.003549
Train source1 iter: 170 [(94%)]	Loss: 0.050513	RUL_Loss: 0.025439	mmd_Loss: 0.022164	l1_Loss: 0.002914
Train source2 iter: 170 [(94%)]	Loss: 0.045800	RUL_Loss: 0.019961	mmd_Loss: 0.022526	l1_Loss: 0.003317
Train epochs:9.000000	
Train source1 iter: 10 [(6%)]	Loss: 0.033084	RUL_Loss: 0.023551	mmd_Loss: 0.027357	l1_Loss: 0.007839
Train source2 iter: 10 [(6%)]	Loss: 0.028721	RUL_Loss: 0.020090	mmd_Loss: 0.025134	l1_Loss: 0.006732
Train source1 iter: 20 [(11%)]	Loss: 0.033899	RUL_Loss: 0.020461	mmd_Loss: 0.023905	l1_Loss: 0.002723
Train source2 iter: 20 [(11%)]	Loss: 0.038552	RUL_Loss: 0.026034	mmd_Loss: 0.021304	l1_Loss: 0.003499
Train source1 iter: 30 [(17%)]	Loss: 0.044466	RUL_Loss: 0.027690	mmd_Loss: 0.021351	l1_Loss: 0.003238
Train source2 iter: 30 [(17%)]	Loss: 0.036969	RUL_Loss: 0.021463	mmd_Loss: 0.020006	l1_Loss: 0.002721
Train source1 iter: 40 [(22%)]	Loss: 0.048265	RUL_Loss: 0.026217	mmd_Loss: 0.024297	l1_Loss: 0.003111
Train source2 iter: 40 [(22%)]	Loss: 0.046383	RUL_Loss: 0.025122	mmd_Loss: 0.022909	l1_Loss: 0.003519
Train source1 iter: 50 [(28%)]	Loss: 0.049197	RUL_Loss: 0.025624	mmd_Loss: 0.023557	l1_Loss: 0.003141
Train source2 iter: 50 [(28%)]	Loss: 0.042426	RUL_Loss: 0.021023	mmd_Loss: 0.021233	l1_Loss: 0.003009
Train source1 iter: 60 [(33%)]	Loss: 0.049457	RUL_Loss: 0.026449	mmd_Loss: 0.021769	l1_Loss: 0.002941
Train source2 iter: 60 [(33%)]	Loss: 0.040634	RUL_Loss: 0.018327	mmd_Loss: 0.020439	l1_Loss: 0.003519
Train source1 iter: 70 [(39%)]	Loss: 0.048741	RUL_Loss: 0.024231	mmd_Loss: 0.021978	l1_Loss: 0.003556
Train source2 iter: 70 [(39%)]	Loss: 0.048402	RUL_Loss: 0.023851	mmd_Loss: 0.022284	l1_Loss: 0.003294
Train source1 iter: 80 [(44%)]	Loss: 0.050038	RUL_Loss: 0.026704	mmd_Loss: 0.020927	l1_Loss: 0.002962
Train source2 iter: 80 [(44%)]	Loss: 0.047002	RUL_Loss: 0.021650	mmd_Loss: 0.022626	l1_Loss: 0.003328
Train source1 iter: 90 [(50%)]	Loss: 0.049883	RUL_Loss: 0.024528	mmd_Loss: 0.022498	l1_Loss: 0.003201
Train source2 iter: 90 [(50%)]	Loss: 0.045494	RUL_Loss: 0.023145	mmd_Loss: 0.019816	l1_Loss: 0.002837
Train source1 iter: 100 [(56%)]	Loss: 0.049088	RUL_Loss: 0.021902	mmd_Loss: 0.024053	l1_Loss: 0.003344
Train source2 iter: 100 [(56%)]	Loss: 0.042902	RUL_Loss: 0.019576	mmd_Loss: 0.020190	l1_Loss: 0.003317
Train source1 iter: 110 [(61%)]	Loss: 0.049582	RUL_Loss: 0.023003	mmd_Loss: 0.023366	l1_Loss: 0.003331
Train source2 iter: 110 [(61%)]	Loss: 0.045915	RUL_Loss: 0.021666	mmd_Loss: 0.020633	l1_Loss: 0.003724
Train source1 iter: 120 [(67%)]	Loss: 0.051863	RUL_Loss: 0.027863	mmd_Loss: 0.020506	l1_Loss: 0.003554
Train source2 iter: 120 [(67%)]	Loss: 0.044476	RUL_Loss: 0.022913	mmd_Loss: 0.019039	l1_Loss: 0.002578
Train source1 iter: 130 [(72%)]	Loss: 0.049194	RUL_Loss: 0.025092	mmd_Loss: 0.021251	l1_Loss: 0.002886
Train source2 iter: 130 [(72%)]	Loss: 0.049228	RUL_Loss: 0.021550	mmd_Loss: 0.024264	l1_Loss: 0.003455
Train source1 iter: 140 [(78%)]	Loss: 0.050230	RUL_Loss: 0.023168	mmd_Loss: 0.023703	l1_Loss: 0.003381
Train source2 iter: 140 [(78%)]	Loss: 0.048134	RUL_Loss: 0.020229	mmd_Loss: 0.024859	l1_Loss: 0.003068
Train source1 iter: 150 [(83%)]	Loss: 0.057045	RUL_Loss: 0.029613	mmd_Loss: 0.024355	l1_Loss: 0.003090
Train source2 iter: 150 [(83%)]	Loss: 0.050893	RUL_Loss: 0.022689	mmd_Loss: 0.024591	l1_Loss: 0.003626
Train source1 iter: 160 [(89%)]	Loss: 0.055346	RUL_Loss: 0.029638	mmd_Loss: 0.022995	l1_Loss: 0.002719
Train source2 iter: 160 [(89%)]	Loss: 0.045822	RUL_Loss: 0.022393	mmd_Loss: 0.020541	l1_Loss: 0.002895
Train source1 iter: 170 [(94%)]	Loss: 0.051475	RUL_Loss: 0.026341	mmd_Loss: 0.022179	l1_Loss: 0.002959
Train source2 iter: 170 [(94%)]	Loss: 0.044391	RUL_Loss: 0.019797	mmd_Loss: 0.021356	l1_Loss: 0.003242
Train epochs:10.000000	
Train source1 iter: 10 [(6%)]	Loss: 0.036550	RUL_Loss: 0.027843	mmd_Loss: 0.025390	l1_Loss: 0.006760
Train source2 iter: 10 [(6%)]	Loss: 0.027181	RUL_Loss: 0.019210	mmd_Loss: 0.022365	l1_Loss: 0.007066
Train source1 iter: 20 [(11%)]	Loss: 0.038025	RUL_Loss: 0.023280	mmd_Loss: 0.025877	l1_Loss: 0.003340
Train source2 iter: 20 [(11%)]	Loss: 0.030767	RUL_Loss: 0.018838	mmd_Loss: 0.019812	l1_Loss: 0.003825
Train source1 iter: 30 [(17%)]	Loss: 0.044678	RUL_Loss: 0.026596	mmd_Loss: 0.022019	l1_Loss: 0.004485
Train source2 iter: 30 [(17%)]	Loss: 0.041241	RUL_Loss: 0.023732	mmd_Loss: 0.021805	l1_Loss: 0.003857
Train source1 iter: 40 [(22%)]	Loss: 0.041904	RUL_Loss: 0.023882	mmd_Loss: 0.018402	l1_Loss: 0.004001
Train source2 iter: 40 [(22%)]	Loss: 0.045300	RUL_Loss: 0.026227	mmd_Loss: 0.019561	l1_Loss: 0.004148
Train source1 iter: 50 [(28%)]	Loss: 0.054867	RUL_Loss: 0.031183	mmd_Loss: 0.022177	l1_Loss: 0.004647
Train source2 iter: 50 [(28%)]	Loss: 0.044418	RUL_Loss: 0.022819	mmd_Loss: 0.020161	l1_Loss: 0.004303
Train source1 iter: 60 [(33%)]	Loss: 0.047396	RUL_Loss: 0.024187	mmd_Loss: 0.021444	l1_Loss: 0.003482
Train source2 iter: 60 [(33%)]	Loss: 0.047153	RUL_Loss: 0.022447	mmd_Loss: 0.022610	l1_Loss: 0.003925
Train source1 iter: 70 [(39%)]	Loss: 0.047482	RUL_Loss: 0.024790	mmd_Loss: 0.019324	l1_Loss: 0.004315
Train source2 iter: 70 [(39%)]	Loss: 0.047669	RUL_Loss: 0.019824	mmd_Loss: 0.025252	l1_Loss: 0.003757
Train source1 iter: 80 [(44%)]	Loss: 0.048252	RUL_Loss: 0.027139	mmd_Loss: 0.018026	l1_Loss: 0.003588
Train source2 iter: 80 [(44%)]	Loss: 0.046787	RUL_Loss: 0.021741	mmd_Loss: 0.021076	l1_Loss: 0.004565
Train source1 iter: 90 [(50%)]	Loss: 0.054718	RUL_Loss: 0.027295	mmd_Loss: 0.023962	l1_Loss: 0.003833
Train source2 iter: 90 [(50%)]	Loss: 0.045878	RUL_Loss: 0.021207	mmd_Loss: 0.020689	l1_Loss: 0.004316
Train source1 iter: 100 [(56%)]	Loss: 0.047943	RUL_Loss: 0.022543	mmd_Loss: 0.022133	l1_Loss: 0.003464
Train source2 iter: 100 [(56%)]	Loss: 0.045652	RUL_Loss: 0.020787	mmd_Loss: 0.021422	l1_Loss: 0.003636
Train source1 iter: 110 [(61%)]	Loss: 0.050390	RUL_Loss: 0.026299	mmd_Loss: 0.020025	l1_Loss: 0.004172
Train source2 iter: 110 [(61%)]	Loss: 0.046987	RUL_Loss: 0.023948	mmd_Loss: 0.019452	l1_Loss: 0.003690
Train source1 iter: 120 [(67%)]	Loss: 0.051631	RUL_Loss: 0.027316	mmd_Loss: 0.020043	l1_Loss: 0.004334
Train source2 iter: 120 [(67%)]	Loss: 0.047329	RUL_Loss: 0.021514	mmd_Loss: 0.021393	l1_Loss: 0.004487
Train source1 iter: 130 [(72%)]	Loss: 0.052193	RUL_Loss: 0.026768	mmd_Loss: 0.021791	l1_Loss: 0.003672
Train source2 iter: 130 [(72%)]	Loss: 0.046525	RUL_Loss: 0.023107	mmd_Loss: 0.019627	l1_Loss: 0.003826
Train source1 iter: 140 [(78%)]	Loss: 0.052062	RUL_Loss: 0.026615	mmd_Loss: 0.021802	l1_Loss: 0.003667
Train source2 iter: 140 [(78%)]	Loss: 0.047984	RUL_Loss: 0.021333	mmd_Loss: 0.023109	l1_Loss: 0.003565
Train source1 iter: 150 [(83%)]	Loss: 0.057619	RUL_Loss: 0.029689	mmd_Loss: 0.024391	l1_Loss: 0.003553
Train source2 iter: 150 [(83%)]	Loss: 0.046593	RUL_Loss: 0.023688	mmd_Loss: 0.018957	l1_Loss: 0.003959
Train source1 iter: 160 [(89%)]	Loss: 0.057509	RUL_Loss: 0.026891	mmd_Loss: 0.027010	l1_Loss: 0.003616
Train source2 iter: 160 [(89%)]	Loss: 0.045796	RUL_Loss: 0.021665	mmd_Loss: 0.020016	l1_Loss: 0.004122
Train source1 iter: 170 [(94%)]	Loss: 0.051449	RUL_Loss: 0.026173	mmd_Loss: 0.021457	l1_Loss: 0.003822
Train source2 iter: 170 [(94%)]	Loss: 0.047123	RUL_Loss: 0.022589	mmd_Loss: 0.020813	l1_Loss: 0.003725
Train epochs:11.000000	
Train source1 iter: 10 [(6%)]	Loss: 0.034897	RUL_Loss: 0.027574	mmd_Loss: 0.022109	l1_Loss: 0.004928
Train source2 iter: 10 [(6%)]	Loss: 0.032819	RUL_Loss: 0.025117	mmd_Loss: 0.023301	l1_Loss: 0.005138
Train source1 iter: 20 [(11%)]	Loss: 0.038430	RUL_Loss: 0.025698	mmd_Loss: 0.022294	l1_Loss: 0.002932
Train source2 iter: 20 [(11%)]	Loss: 0.039105	RUL_Loss: 0.025758	mmd_Loss: 0.023860	l1_Loss: 0.002585
Train source1 iter: 30 [(17%)]	Loss: 0.041724	RUL_Loss: 0.024293	mmd_Loss: 0.022635	l1_Loss: 0.002913
Train source2 iter: 30 [(17%)]	Loss: 0.043564	RUL_Loss: 0.027206	mmd_Loss: 0.021076	l1_Loss: 0.002901
Train source1 iter: 40 [(22%)]	Loss: 0.048932	RUL_Loss: 0.028921	mmd_Loss: 0.022308	l1_Loss: 0.002567
Train source2 iter: 40 [(22%)]	Loss: 0.044963	RUL_Loss: 0.026550	mmd_Loss: 0.020388	l1_Loss: 0.002501
Train source1 iter: 50 [(28%)]	Loss: 0.048924	RUL_Loss: 0.024892	mmd_Loss: 0.024474	l1_Loss: 0.002745
Train source2 iter: 50 [(28%)]	Loss: 0.046556	RUL_Loss: 0.023172	mmd_Loss: 0.023384	l1_Loss: 0.003100
Train source1 iter: 60 [(33%)]	Loss: 0.049862	RUL_Loss: 0.022900	mmd_Loss: 0.026196	l1_Loss: 0.002760
Train source2 iter: 60 [(33%)]	Loss: 0.045599	RUL_Loss: 0.021444	mmd_Loss: 0.022769	l1_Loss: 0.003173
Train source1 iter: 70 [(39%)]	Loss: 0.050308	RUL_Loss: 0.025712	mmd_Loss: 0.022951	l1_Loss: 0.002672
Train source2 iter: 70 [(39%)]	Loss: 0.046680	RUL_Loss: 0.021168	mmd_Loss: 0.023684	l1_Loss: 0.002894
Train source1 iter: 80 [(44%)]	Loss: 0.051982	RUL_Loss: 0.026615	mmd_Loss: 0.023001	l1_Loss: 0.002969
Train source2 iter: 80 [(44%)]	Loss: 0.054023	RUL_Loss: 0.023031	mmd_Loss: 0.028778	l1_Loss: 0.002950
Train source1 iter: 90 [(50%)]	Loss: 0.060002	RUL_Loss: 0.031988	mmd_Loss: 0.025543	l1_Loss: 0.002852
Train source2 iter: 90 [(50%)]	Loss: 0.043141	RUL_Loss: 0.020949	mmd_Loss: 0.020082	l1_Loss: 0.002411
Train source1 iter: 100 [(56%)]	Loss: 0.047644	RUL_Loss: 0.023667	mmd_Loss: 0.021427	l1_Loss: 0.002735
Train source2 iter: 100 [(56%)]	Loss: 0.048206	RUL_Loss: 0.024315	mmd_Loss: 0.021072	l1_Loss: 0.003004
Train source1 iter: 110 [(61%)]	Loss: 0.048088	RUL_Loss: 0.024252	mmd_Loss: 0.021336	l1_Loss: 0.002605
Train source2 iter: 110 [(61%)]	Loss: 0.048569	RUL_Loss: 0.025294	mmd_Loss: 0.020375	l1_Loss: 0.003004
Train source1 iter: 120 [(67%)]	Loss: 0.047589	RUL_Loss: 0.021615	mmd_Loss: 0.022790	l1_Loss: 0.003250
Train source2 iter: 120 [(67%)]	Loss: 0.041808	RUL_Loss: 0.018961	mmd_Loss: 0.020364	l1_Loss: 0.002542
Train source1 iter: 130 [(72%)]	Loss: 0.049232	RUL_Loss: 0.024541	mmd_Loss: 0.021453	l1_Loss: 0.003274
Train source2 iter: 130 [(72%)]	Loss: 0.049892	RUL_Loss: 0.024846	mmd_Loss: 0.022413	l1_Loss: 0.002670
Train source1 iter: 140 [(78%)]	Loss: 0.045120	RUL_Loss: 0.022976	mmd_Loss: 0.019468	l1_Loss: 0.002695
Train source2 iter: 140 [(78%)]	Loss: 0.043099	RUL_Loss: 0.023304	mmd_Loss: 0.017125	l1_Loss: 0.002686
Train source1 iter: 150 [(83%)]	Loss: 0.048085	RUL_Loss: 0.023063	mmd_Loss: 0.021771	l1_Loss: 0.003263
Train source2 iter: 150 [(83%)]	Loss: 0.043947	RUL_Loss: 0.019947	mmd_Loss: 0.021201	l1_Loss: 0.002810
Train source1 iter: 160 [(89%)]	Loss: 0.047264	RUL_Loss: 0.023236	mmd_Loss: 0.021002	l1_Loss: 0.003033
Train source2 iter: 160 [(89%)]	Loss: 0.053239	RUL_Loss: 0.027096	mmd_Loss: 0.023541	l1_Loss: 0.002610
Train source1 iter: 170 [(94%)]	Loss: 0.045887	RUL_Loss: 0.023867	mmd_Loss: 0.019007	l1_Loss: 0.003017
Train source2 iter: 170 [(94%)]	Loss: 0.045211	RUL_Loss: 0.020879	mmd_Loss: 0.021557	l1_Loss: 0.002779
Train epochs:12.000000	
Train source1 iter: 10 [(6%)]	Loss: 0.036451	RUL_Loss: 0.028926	mmd_Loss: 0.021949	l1_Loss: 0.005837
Train source2 iter: 10 [(6%)]	Loss: 0.025326	RUL_Loss: 0.019107	mmd_Loss: 0.018113	l1_Loss: 0.004848
Train source1 iter: 20 [(11%)]	Loss: 0.041100	RUL_Loss: 0.028720	mmd_Loss: 0.020982	l1_Loss: 0.003548
Train source2 iter: 20 [(11%)]	Loss: 0.037514	RUL_Loss: 0.025849	mmd_Loss: 0.019959	l1_Loss: 0.003157
Train source1 iter: 30 [(17%)]	Loss: 0.042331	RUL_Loss: 0.024871	mmd_Loss: 0.021978	l1_Loss: 0.003614
Train source2 iter: 30 [(17%)]	Loss: 0.038469	RUL_Loss: 0.023884	mmd_Loss: 0.018532	l1_Loss: 0.002845
Train source1 iter: 40 [(22%)]	Loss: 0.044563	RUL_Loss: 0.024828	mmd_Loss: 0.020592	l1_Loss: 0.003939
Train source2 iter: 40 [(22%)]	Loss: 0.044059	RUL_Loss: 0.021695	mmd_Loss: 0.024675	l1_Loss: 0.003125
Train source1 iter: 50 [(28%)]	Loss: 0.044814	RUL_Loss: 0.023144	mmd_Loss: 0.021555	l1_Loss: 0.002988
Train source2 iter: 50 [(28%)]	Loss: 0.044965	RUL_Loss: 0.022123	mmd_Loss: 0.022301	l1_Loss: 0.003569
Train source1 iter: 60 [(33%)]	Loss: 0.046530	RUL_Loss: 0.023109	mmd_Loss: 0.022093	l1_Loss: 0.003062
Train source2 iter: 60 [(33%)]	Loss: 0.043162	RUL_Loss: 0.023191	mmd_Loss: 0.017900	l1_Loss: 0.003549
Train source1 iter: 70 [(39%)]	Loss: 0.043753	RUL_Loss: 0.021954	mmd_Loss: 0.019669	l1_Loss: 0.003041
Train source2 iter: 70 [(39%)]	Loss: 0.051143	RUL_Loss: 0.023435	mmd_Loss: 0.025276	l1_Loss: 0.003590
Train source1 iter: 80 [(44%)]	Loss: 0.049841	RUL_Loss: 0.025293	mmd_Loss: 0.022182	l1_Loss: 0.002950
Train source2 iter: 80 [(44%)]	Loss: 0.047663	RUL_Loss: 0.024395	mmd_Loss: 0.020847	l1_Loss: 0.002973
Train source1 iter: 90 [(50%)]	Loss: 0.047216	RUL_Loss: 0.023831	mmd_Loss: 0.021040	l1_Loss: 0.002663
Train source2 iter: 90 [(50%)]	Loss: 0.048178	RUL_Loss: 0.023735	mmd_Loss: 0.021800	l1_Loss: 0.002974
Train source1 iter: 100 [(56%)]	Loss: 0.051435	RUL_Loss: 0.027049	mmd_Loss: 0.020700	l1_Loss: 0.003875
Train source2 iter: 100 [(56%)]	Loss: 0.047760	RUL_Loss: 0.022005	mmd_Loss: 0.022783	l1_Loss: 0.003171
Train source1 iter: 110 [(61%)]	Loss: 0.051154	RUL_Loss: 0.025315	mmd_Loss: 0.023040	l1_Loss: 0.002914
Train source2 iter: 110 [(61%)]	Loss: 0.047783	RUL_Loss: 0.020661	mmd_Loss: 0.023919	l1_Loss: 0.003323
Train source1 iter: 120 [(67%)]	Loss: 0.045854	RUL_Loss: 0.022598	mmd_Loss: 0.020216	l1_Loss: 0.003100
Train source2 iter: 120 [(67%)]	Loss: 0.045201	RUL_Loss: 0.022394	mmd_Loss: 0.019921	l1_Loss: 0.002944
Train source1 iter: 130 [(72%)]	Loss: 0.044907	RUL_Loss: 0.022750	mmd_Loss: 0.019084	l1_Loss: 0.003105
Train source2 iter: 130 [(72%)]	Loss: 0.048288	RUL_Loss: 0.021349	mmd_Loss: 0.023237	l1_Loss: 0.003742
Train source1 iter: 140 [(78%)]	Loss: 0.049323	RUL_Loss: 0.025949	mmd_Loss: 0.019900	l1_Loss: 0.003493
Train source2 iter: 140 [(78%)]	Loss: 0.047117	RUL_Loss: 0.021845	mmd_Loss: 0.021503	l1_Loss: 0.003790
Train source1 iter: 150 [(83%)]	Loss: 0.049167	RUL_Loss: 0.027068	mmd_Loss: 0.018260	l1_Loss: 0.003850
Train source2 iter: 150 [(83%)]	Loss: 0.047129	RUL_Loss: 0.021616	mmd_Loss: 0.022279	l1_Loss: 0.003246
Train source1 iter: 160 [(89%)]	Loss: 0.051736	RUL_Loss: 0.025771	mmd_Loss: 0.023048	l1_Loss: 0.002924
Train source2 iter: 160 [(89%)]	Loss: 0.042459	RUL_Loss: 0.021798	mmd_Loss: 0.017672	l1_Loss: 0.002995
Train source1 iter: 170 [(94%)]	Loss: 0.048188	RUL_Loss: 0.025418	mmd_Loss: 0.019667	l1_Loss: 0.003107
Train source2 iter: 170 [(94%)]	Loss: 0.043442	RUL_Loss: 0.022113	mmd_Loss: 0.018322	l1_Loss: 0.003010
Train epochs:13.000000	
Train source1 iter: 10 [(6%)]	Loss: 0.038949	RUL_Loss: 0.030434	mmd_Loss: 0.020586	l1_Loss: 0.010851
Train source2 iter: 10 [(6%)]	Loss: 0.026008	RUL_Loss: 0.018772	mmd_Loss: 0.018058	l1_Loss: 0.008660
Train source1 iter: 20 [(11%)]	Loss: 0.038103	RUL_Loss: 0.025784	mmd_Loss: 0.021755	l1_Loss: 0.002655
Train source2 iter: 20 [(11%)]	Loss: 0.032948	RUL_Loss: 0.019672	mmd_Loss: 0.023579	l1_Loss: 0.002729
Train source1 iter: 30 [(17%)]	Loss: 0.041392	RUL_Loss: 0.024816	mmd_Loss: 0.021576	l1_Loss: 0.002720
Train source2 iter: 30 [(17%)]	Loss: 0.036539	RUL_Loss: 0.019947	mmd_Loss: 0.021180	l1_Loss: 0.003138
Train source1 iter: 40 [(22%)]	Loss: 0.044625	RUL_Loss: 0.024732	mmd_Loss: 0.021928	l1_Loss: 0.002800
Train source2 iter: 40 [(22%)]	Loss: 0.043053	RUL_Loss: 0.023128	mmd_Loss: 0.021831	l1_Loss: 0.002937
Train source1 iter: 50 [(28%)]	Loss: 0.043561	RUL_Loss: 0.022567	mmd_Loss: 0.020770	l1_Loss: 0.003008
Train source2 iter: 50 [(28%)]	Loss: 0.046700	RUL_Loss: 0.021076	mmd_Loss: 0.025646	l1_Loss: 0.003375
Train source1 iter: 60 [(33%)]	Loss: 0.048782	RUL_Loss: 0.025754	mmd_Loss: 0.021572	l1_Loss: 0.003159
Train source2 iter: 60 [(33%)]	Loss: 0.044826	RUL_Loss: 0.022621	mmd_Loss: 0.020527	l1_Loss: 0.003321
Train source1 iter: 70 [(39%)]	Loss: 0.047796	RUL_Loss: 0.024202	mmd_Loss: 0.021524	l1_Loss: 0.003057
Train source2 iter: 70 [(39%)]	Loss: 0.045447	RUL_Loss: 0.020316	mmd_Loss: 0.023224	l1_Loss: 0.002958
Train source1 iter: 80 [(44%)]	Loss: 0.053705	RUL_Loss: 0.028911	mmd_Loss: 0.022599	l1_Loss: 0.002784
Train source2 iter: 80 [(44%)]	Loss: 0.043549	RUL_Loss: 0.021243	mmd_Loss: 0.020145	l1_Loss: 0.002692
Train source1 iter: 90 [(50%)]	Loss: 0.049864	RUL_Loss: 0.025537	mmd_Loss: 0.021710	l1_Loss: 0.002947
Train source2 iter: 90 [(50%)]	Loss: 0.049743	RUL_Loss: 0.022147	mmd_Loss: 0.024897	l1_Loss: 0.003073
Train source1 iter: 100 [(56%)]	Loss: 0.046321	RUL_Loss: 0.023940	mmd_Loss: 0.019676	l1_Loss: 0.002879
Train source2 iter: 100 [(56%)]	Loss: 0.049303	RUL_Loss: 0.025270	mmd_Loss: 0.020925	l1_Loss: 0.003294
Train source1 iter: 110 [(61%)]	Loss: 0.047126	RUL_Loss: 0.022590	mmd_Loss: 0.021828	l1_Loss: 0.002818
Train source2 iter: 110 [(61%)]	Loss: 0.040528	RUL_Loss: 0.018046	mmd_Loss: 0.019766	l1_Loss: 0.002817
Train source1 iter: 120 [(67%)]	Loss: 0.045670	RUL_Loss: 0.021675	mmd_Loss: 0.021107	l1_Loss: 0.002949
Train source2 iter: 120 [(67%)]	Loss: 0.047317	RUL_Loss: 0.022080	mmd_Loss: 0.022443	l1_Loss: 0.002858
Train source1 iter: 130 [(72%)]	Loss: 0.053577	RUL_Loss: 0.025757	mmd_Loss: 0.024932	l1_Loss: 0.002928
Train source2 iter: 130 [(72%)]	Loss: 0.043189	RUL_Loss: 0.019795	mmd_Loss: 0.020369	l1_Loss: 0.003059
Train source1 iter: 140 [(78%)]	Loss: 0.051204	RUL_Loss: 0.026180	mmd_Loss: 0.021695	l1_Loss: 0.003350
Train source2 iter: 140 [(78%)]	Loss: 0.049816	RUL_Loss: 0.025643	mmd_Loss: 0.021189	l1_Loss: 0.003004
Train source1 iter: 150 [(83%)]	Loss: 0.057971	RUL_Loss: 0.029489	mmd_Loss: 0.025825	l1_Loss: 0.002671
Train source2 iter: 150 [(83%)]	Loss: 0.059121	RUL_Loss: 0.032056	mmd_Loss: 0.024000	l1_Loss: 0.003078
Train source1 iter: 160 [(89%)]	Loss: 0.049424	RUL_Loss: 0.024955	mmd_Loss: 0.021021	l1_Loss: 0.003455
Train source2 iter: 160 [(89%)]	Loss: 0.045196	RUL_Loss: 0.019088	mmd_Loss: 0.023419	l1_Loss: 0.002696
Train source1 iter: 170 [(94%)]	Loss: 0.048689	RUL_Loss: 0.025310	mmd_Loss: 0.020264	l1_Loss: 0.003119
Train source2 iter: 170 [(94%)]	Loss: 0.049473	RUL_Loss: 0.025595	mmd_Loss: 0.020503	l1_Loss: 0.003378
Train epochs:14.000000	
Train source1 iter: 10 [(6%)]	Loss: 0.034120	RUL_Loss: 0.026192	mmd_Loss: 0.022149	l1_Loss: 0.007123
Train source2 iter: 10 [(6%)]	Loss: 0.031265	RUL_Loss: 0.023291	mmd_Loss: 0.023497	l1_Loss: 0.005945
Train source1 iter: 20 [(11%)]	Loss: 0.035643	RUL_Loss: 0.023360	mmd_Loss: 0.021076	l1_Loss: 0.003263
Train source2 iter: 20 [(11%)]	Loss: 0.032704	RUL_Loss: 0.019944	mmd_Loss: 0.022027	l1_Loss: 0.003257
Train source1 iter: 30 [(17%)]	Loss: 0.038583	RUL_Loss: 0.023349	mmd_Loss: 0.018646	l1_Loss: 0.003683
Train source2 iter: 30 [(17%)]	Loss: 0.040356	RUL_Loss: 0.022399	mmd_Loss: 0.023220	l1_Loss: 0.003100
Train source1 iter: 40 [(22%)]	Loss: 0.049142	RUL_Loss: 0.027326	mmd_Loss: 0.023711	l1_Loss: 0.003408
Train source2 iter: 40 [(22%)]	Loss: 0.040674	RUL_Loss: 0.024036	mmd_Loss: 0.017507	l1_Loss: 0.003175
Train source1 iter: 50 [(28%)]	Loss: 0.047773	RUL_Loss: 0.028013	mmd_Loss: 0.019677	l1_Loss: 0.002704
Train source2 iter: 50 [(28%)]	Loss: 0.044908	RUL_Loss: 0.021568	mmd_Loss: 0.022859	l1_Loss: 0.003575
Train source1 iter: 60 [(33%)]	Loss: 0.045252	RUL_Loss: 0.024229	mmd_Loss: 0.019686	l1_Loss: 0.002892
Train source2 iter: 60 [(33%)]	Loss: 0.043040	RUL_Loss: 0.021315	mmd_Loss: 0.020168	l1_Loss: 0.003164
Train source1 iter: 70 [(39%)]	Loss: 0.046665	RUL_Loss: 0.022737	mmd_Loss: 0.021834	l1_Loss: 0.003094
Train source2 iter: 70 [(39%)]	Loss: 0.046443	RUL_Loss: 0.023802	mmd_Loss: 0.019877	l1_Loss: 0.003710
Train source1 iter: 80 [(44%)]	Loss: 0.052789	RUL_Loss: 0.027712	mmd_Loss: 0.021958	l1_Loss: 0.003715
Train source2 iter: 80 [(44%)]	Loss: 0.045833	RUL_Loss: 0.023572	mmd_Loss: 0.019180	l1_Loss: 0.003611
Train source1 iter: 90 [(50%)]	Loss: 0.051503	RUL_Loss: 0.025807	mmd_Loss: 0.022839	l1_Loss: 0.003205
Train source2 iter: 90 [(50%)]	Loss: 0.057726	RUL_Loss: 0.026405	mmd_Loss: 0.027879	l1_Loss: 0.003867
Train source1 iter: 100 [(56%)]	Loss: 0.052463	RUL_Loss: 0.024881	mmd_Loss: 0.023996	l1_Loss: 0.003801
Train source2 iter: 100 [(56%)]	Loss: 0.049851	RUL_Loss: 0.023759	mmd_Loss: 0.022340	l1_Loss: 0.003955
Train source1 iter: 110 [(61%)]	Loss: 0.049398	RUL_Loss: 0.026496	mmd_Loss: 0.020207	l1_Loss: 0.002797
Train source2 iter: 110 [(61%)]	Loss: 0.050049	RUL_Loss: 0.023336	mmd_Loss: 0.023296	l1_Loss: 0.003535
Train source1 iter: 120 [(67%)]	Loss: 0.052357	RUL_Loss: 0.029556	mmd_Loss: 0.019785	l1_Loss: 0.003074
Train source2 iter: 120 [(67%)]	Loss: 0.054545	RUL_Loss: 0.025690	mmd_Loss: 0.025242	l1_Loss: 0.003687
Train source1 iter: 130 [(72%)]	Loss: 0.049925	RUL_Loss: 0.024992	mmd_Loss: 0.021682	l1_Loss: 0.003288
Train source2 iter: 130 [(72%)]	Loss: 0.043482	RUL_Loss: 0.020306	mmd_Loss: 0.020376	l1_Loss: 0.002833
Train source1 iter: 140 [(78%)]	Loss: 0.042855	RUL_Loss: 0.018541	mmd_Loss: 0.021311	l1_Loss: 0.003023
Train source2 iter: 140 [(78%)]	Loss: 0.044535	RUL_Loss: 0.021341	mmd_Loss: 0.019586	l1_Loss: 0.003628
Train source1 iter: 150 [(83%)]	Loss: 0.047291	RUL_Loss: 0.024569	mmd_Loss: 0.019727	l1_Loss: 0.003006
Train source2 iter: 150 [(83%)]	Loss: 0.041162	RUL_Loss: 0.018056	mmd_Loss: 0.020437	l1_Loss: 0.002681
Train source1 iter: 160 [(89%)]	Loss: 0.051668	RUL_Loss: 0.027376	mmd_Loss: 0.021568	l1_Loss: 0.002731
Train source2 iter: 160 [(89%)]	Loss: 0.048059	RUL_Loss: 0.022126	mmd_Loss: 0.022623	l1_Loss: 0.003317
Train source1 iter: 170 [(94%)]	Loss: 0.055631	RUL_Loss: 0.030087	mmd_Loss: 0.022500	l1_Loss: 0.003047
Train source2 iter: 170 [(94%)]	Loss: 0.052049	RUL_Loss: 0.023556	mmd_Loss: 0.024911	l1_Loss: 0.003587
Train epochs:15.000000	
Train source1 iter: 10 [(6%)]	Loss: 0.036648	RUL_Loss: 0.028356	mmd_Loss: 0.023642	l1_Loss: 0.006970
Train source2 iter: 10 [(6%)]	Loss: 0.026738	RUL_Loss: 0.018762	mmd_Loss: 0.022770	l1_Loss: 0.006675
Train source1 iter: 20 [(11%)]	Loss: 0.040837	RUL_Loss: 0.027576	mmd_Loss: 0.022596	l1_Loss: 0.003681
Train source2 iter: 20 [(11%)]	Loss: 0.033000	RUL_Loss: 0.022099	mmd_Loss: 0.018552	l1_Loss: 0.003048
Train source1 iter: 30 [(17%)]	Loss: 0.043268	RUL_Loss: 0.026925	mmd_Loss: 0.020525	l1_Loss: 0.003430
Train source2 iter: 30 [(17%)]	Loss: 0.034504	RUL_Loss: 0.019045	mmd_Loss: 0.019436	l1_Loss: 0.003223
Train source1 iter: 40 [(22%)]	Loss: 0.040859	RUL_Loss: 0.022925	mmd_Loss: 0.019069	l1_Loss: 0.003225
Train source2 iter: 40 [(22%)]	Loss: 0.038389	RUL_Loss: 0.021461	mmd_Loss: 0.017971	l1_Loss: 0.003071
Train source1 iter: 50 [(28%)]	Loss: 0.045671	RUL_Loss: 0.027321	mmd_Loss: 0.018162	l1_Loss: 0.002621
Train source2 iter: 50 [(28%)]	Loss: 0.043418	RUL_Loss: 0.021633	mmd_Loss: 0.021767	l1_Loss: 0.002907
Train source1 iter: 60 [(33%)]	Loss: 0.048056	RUL_Loss: 0.024753	mmd_Loss: 0.022541	l1_Loss: 0.002486
Train source2 iter: 60 [(33%)]	Loss: 0.046811	RUL_Loss: 0.021467	mmd_Loss: 0.024217	l1_Loss: 0.003003
Train source1 iter: 70 [(39%)]	Loss: 0.046229	RUL_Loss: 0.023753	mmd_Loss: 0.020187	l1_Loss: 0.003228
Train source2 iter: 70 [(39%)]	Loss: 0.041702	RUL_Loss: 0.020899	mmd_Loss: 0.018757	l1_Loss: 0.002916
Train source1 iter: 80 [(44%)]	Loss: 0.048584	RUL_Loss: 0.024257	mmd_Loss: 0.021387	l1_Loss: 0.003519
Train source2 iter: 80 [(44%)]	Loss: 0.043976	RUL_Loss: 0.020623	mmd_Loss: 0.020930	l1_Loss: 0.002979
Train source1 iter: 90 [(50%)]	Loss: 0.047569	RUL_Loss: 0.025157	mmd_Loss: 0.019739	l1_Loss: 0.002977
Train source2 iter: 90 [(50%)]	Loss: 0.050678	RUL_Loss: 0.028204	mmd_Loss: 0.019703	l1_Loss: 0.003075
Train source1 iter: 100 [(56%)]	Loss: 0.042812	RUL_Loss: 0.019459	mmd_Loss: 0.020459	l1_Loss: 0.003075
Train source2 iter: 100 [(56%)]	Loss: 0.046270	RUL_Loss: 0.023834	mmd_Loss: 0.019445	l1_Loss: 0.003165
Train source1 iter: 110 [(61%)]	Loss: 0.045511	RUL_Loss: 0.020391	mmd_Loss: 0.022034	l1_Loss: 0.003198
Train source2 iter: 110 [(61%)]	Loss: 0.045403	RUL_Loss: 0.021584	mmd_Loss: 0.020428	l1_Loss: 0.003497
Train source1 iter: 120 [(67%)]	Loss: 0.042833	RUL_Loss: 0.021217	mmd_Loss: 0.018546	l1_Loss: 0.003125
Train source2 iter: 120 [(67%)]	Loss: 0.045561	RUL_Loss: 0.021081	mmd_Loss: 0.021641	l1_Loss: 0.002901
Train source1 iter: 130 [(72%)]	Loss: 0.049209	RUL_Loss: 0.026545	mmd_Loss: 0.019639	l1_Loss: 0.003058
Train source2 iter: 130 [(72%)]	Loss: 0.043871	RUL_Loss: 0.022745	mmd_Loss: 0.017704	l1_Loss: 0.003453
Train source1 iter: 140 [(78%)]	Loss: 0.057363	RUL_Loss: 0.031788	mmd_Loss: 0.022282	l1_Loss: 0.003314
Train source2 iter: 140 [(78%)]	Loss: 0.054381	RUL_Loss: 0.023798	mmd_Loss: 0.027689	l1_Loss: 0.002920
Train source1 iter: 150 [(83%)]	Loss: 0.053375	RUL_Loss: 0.028033	mmd_Loss: 0.022460	l1_Loss: 0.002893
Train source2 iter: 150 [(83%)]	Loss: 0.046236	RUL_Loss: 0.021660	mmd_Loss: 0.021330	l1_Loss: 0.003259
Train source1 iter: 160 [(89%)]	Loss: 0.051402	RUL_Loss: 0.026752	mmd_Loss: 0.021147	l1_Loss: 0.003509
Train source2 iter: 160 [(89%)]	Loss: 0.048422	RUL_Loss: 0.022979	mmd_Loss: 0.022317	l1_Loss: 0.003134
Train source1 iter: 170 [(94%)]	Loss: 0.051149	RUL_Loss: 0.024358	mmd_Loss: 0.023642	l1_Loss: 0.003154
Train source2 iter: 170 [(94%)]	Loss: 0.047899	RUL_Loss: 0.022168	mmd_Loss: 0.023065	l1_Loss: 0.002670
Train epochs:16.000000	
Train source1 iter: 10 [(6%)]	Loss: 0.034112	RUL_Loss: 0.025598	mmd_Loss: 0.024156	l1_Loss: 0.007278
Train source2 iter: 10 [(6%)]	Loss: 0.030545	RUL_Loss: 0.022514	mmd_Loss: 0.022140	l1_Loss: 0.007512
Train source1 iter: 20 [(11%)]	Loss: 0.035997	RUL_Loss: 0.022717	mmd_Loss: 0.022489	l1_Loss: 0.003824
Train source2 iter: 20 [(11%)]	Loss: 0.035772	RUL_Loss: 0.023221	mmd_Loss: 0.021644	l1_Loss: 0.003226
Train source1 iter: 30 [(17%)]	Loss: 0.039844	RUL_Loss: 0.024696	mmd_Loss: 0.019424	l1_Loss: 0.002778
Train source2 iter: 30 [(17%)]	Loss: 0.037852	RUL_Loss: 0.022014	mmd_Loss: 0.020149	l1_Loss: 0.003065
Train source1 iter: 40 [(22%)]	Loss: 0.039850	RUL_Loss: 0.020748	mmd_Loss: 0.020629	l1_Loss: 0.003116
Train source2 iter: 40 [(22%)]	Loss: 0.041449	RUL_Loss: 0.021497	mmd_Loss: 0.022036	l1_Loss: 0.002766
Train source1 iter: 50 [(28%)]	Loss: 0.042404	RUL_Loss: 0.021662	mmd_Loss: 0.020916	l1_Loss: 0.002577
Train source2 iter: 50 [(28%)]	Loss: 0.048916	RUL_Loss: 0.024714	mmd_Loss: 0.024673	l1_Loss: 0.002739
Train source1 iter: 60 [(33%)]	Loss: 0.045858	RUL_Loss: 0.023278	mmd_Loss: 0.021175	l1_Loss: 0.003076
Train source2 iter: 60 [(33%)]	Loss: 0.043616	RUL_Loss: 0.023568	mmd_Loss: 0.019269	l1_Loss: 0.002261
Train source1 iter: 70 [(39%)]	Loss: 0.045072	RUL_Loss: 0.022298	mmd_Loss: 0.020488	l1_Loss: 0.003239
Train source2 iter: 70 [(39%)]	Loss: 0.047031	RUL_Loss: 0.021738	mmd_Loss: 0.023069	l1_Loss: 0.003281
Train source1 iter: 80 [(44%)]	Loss: 0.050073	RUL_Loss: 0.027239	mmd_Loss: 0.020209	l1_Loss: 0.003168
Train source2 iter: 80 [(44%)]	Loss: 0.047131	RUL_Loss: 0.024703	mmd_Loss: 0.019660	l1_Loss: 0.003301
Train source1 iter: 90 [(50%)]	Loss: 0.046660	RUL_Loss: 0.026638	mmd_Loss: 0.017245	l1_Loss: 0.003048
Train source2 iter: 90 [(50%)]	Loss: 0.043739	RUL_Loss: 0.018370	mmd_Loss: 0.022946	l1_Loss: 0.002768
Train source1 iter: 100 [(56%)]	Loss: 0.051292	RUL_Loss: 0.027618	mmd_Loss: 0.020125	l1_Loss: 0.003733
Train source2 iter: 100 [(56%)]	Loss: 0.051959	RUL_Loss: 0.029372	mmd_Loss: 0.019735	l1_Loss: 0.003028
Train source1 iter: 110 [(61%)]	Loss: 0.048352	RUL_Loss: 0.026670	mmd_Loss: 0.018394	l1_Loss: 0.003384
Train source2 iter: 110 [(61%)]	Loss: 0.047123	RUL_Loss: 0.020198	mmd_Loss: 0.024336	l1_Loss: 0.002709
Train source1 iter: 120 [(67%)]	Loss: 0.050896	RUL_Loss: 0.024367	mmd_Loss: 0.023339	l1_Loss: 0.003258
Train source2 iter: 120 [(67%)]	Loss: 0.045401	RUL_Loss: 0.020722	mmd_Loss: 0.021686	l1_Loss: 0.003055
Train source1 iter: 130 [(72%)]	Loss: 0.050352	RUL_Loss: 0.026119	mmd_Loss: 0.021130	l1_Loss: 0.003138
Train source2 iter: 130 [(72%)]	Loss: 0.043499	RUL_Loss: 0.021678	mmd_Loss: 0.018575	l1_Loss: 0.003278
Train source1 iter: 140 [(78%)]	Loss: 0.045777	RUL_Loss: 0.022710	mmd_Loss: 0.019707	l1_Loss: 0.003381
Train source2 iter: 140 [(78%)]	Loss: 0.041025	RUL_Loss: 0.018508	mmd_Loss: 0.019043	l1_Loss: 0.003493
Train source1 iter: 150 [(83%)]	Loss: 0.051980	RUL_Loss: 0.025112	mmd_Loss: 0.023510	l1_Loss: 0.003371
Train source2 iter: 150 [(83%)]	Loss: 0.049744	RUL_Loss: 0.026256	mmd_Loss: 0.020721	l1_Loss: 0.002779
Train source1 iter: 160 [(89%)]	Loss: 0.044912	RUL_Loss: 0.021258	mmd_Loss: 0.021287	l1_Loss: 0.002374
Train source2 iter: 160 [(89%)]	Loss: 0.060304	RUL_Loss: 0.025069	mmd_Loss: 0.031861	l1_Loss: 0.003383
Train source1 iter: 170 [(94%)]	Loss: 0.050509	RUL_Loss: 0.026956	mmd_Loss: 0.020939	l1_Loss: 0.002617
Train source2 iter: 170 [(94%)]	Loss: 0.044779	RUL_Loss: 0.022240	mmd_Loss: 0.019382	l1_Loss: 0.003161
Train epochs:17.000000	
Train source1 iter: 10 [(6%)]	Loss: 0.033159	RUL_Loss: 0.025153	mmd_Loss: 0.023069	l1_Loss: 0.006491
Train source2 iter: 10 [(6%)]	Loss: 0.030028	RUL_Loss: 0.021809	mmd_Loss: 0.023354	l1_Loss: 0.006991
Train source1 iter: 20 [(11%)]	Loss: 0.039089	RUL_Loss: 0.027138	mmd_Loss: 0.020951	l1_Loss: 0.002728
Train source2 iter: 20 [(11%)]	Loss: 0.029359	RUL_Loss: 0.017915	mmd_Loss: 0.019177	l1_Loss: 0.003499
Train source1 iter: 30 [(17%)]	Loss: 0.042545	RUL_Loss: 0.025500	mmd_Loss: 0.021349	l1_Loss: 0.003634
Train source2 iter: 30 [(17%)]	Loss: 0.041374	RUL_Loss: 0.024188	mmd_Loss: 0.022421	l1_Loss: 0.002768
Train source1 iter: 40 [(22%)]	Loss: 0.047245	RUL_Loss: 0.026254	mmd_Loss: 0.022883	l1_Loss: 0.003211
Train source2 iter: 40 [(22%)]	Loss: 0.036347	RUL_Loss: 0.015936	mmd_Loss: 0.021477	l1_Loss: 0.003896
Train source1 iter: 50 [(28%)]	Loss: 0.043446	RUL_Loss: 0.022908	mmd_Loss: 0.020051	l1_Loss: 0.003211
Train source2 iter: 50 [(28%)]	Loss: 0.042987	RUL_Loss: 0.023642	mmd_Loss: 0.018636	l1_Loss: 0.003274
Train source1 iter: 60 [(33%)]	Loss: 0.043881	RUL_Loss: 0.024124	mmd_Loss: 0.017909	l1_Loss: 0.003309
Train source2 iter: 60 [(33%)]	Loss: 0.050253	RUL_Loss: 0.024927	mmd_Loss: 0.023260	l1_Loss: 0.003940
Train source1 iter: 70 [(39%)]	Loss: 0.047052	RUL_Loss: 0.021222	mmd_Loss: 0.023338	l1_Loss: 0.003572
Train source2 iter: 70 [(39%)]	Loss: 0.046126	RUL_Loss: 0.023762	mmd_Loss: 0.019475	l1_Loss: 0.003824
Train source1 iter: 80 [(44%)]	Loss: 0.045061	RUL_Loss: 0.021840	mmd_Loss: 0.019844	l1_Loss: 0.003929
Train source2 iter: 80 [(44%)]	Loss: 0.044357	RUL_Loss: 0.021446	mmd_Loss: 0.019895	l1_Loss: 0.003561
Train source1 iter: 90 [(50%)]	Loss: 0.048814	RUL_Loss: 0.024080	mmd_Loss: 0.021941	l1_Loss: 0.003129
Train source2 iter: 90 [(50%)]	Loss: 0.042080	RUL_Loss: 0.022450	mmd_Loss: 0.016438	l1_Loss: 0.003458
Train source1 iter: 100 [(56%)]	Loss: 0.052563	RUL_Loss: 0.029450	mmd_Loss: 0.020518	l1_Loss: 0.002774
Train source2 iter: 100 [(56%)]	Loss: 0.040463	RUL_Loss: 0.016717	mmd_Loss: 0.021019	l1_Loss: 0.002912
Train source1 iter: 110 [(61%)]	Loss: 0.057681	RUL_Loss: 0.031031	mmd_Loss: 0.023746	l1_Loss: 0.003023
Train source2 iter: 110 [(61%)]	Loss: 0.043690	RUL_Loss: 0.019573	mmd_Loss: 0.020794	l1_Loss: 0.003430
Train source1 iter: 120 [(67%)]	Loss: 0.049099	RUL_Loss: 0.026973	mmd_Loss: 0.019016	l1_Loss: 0.003167
Train source2 iter: 120 [(67%)]	Loss: 0.050316	RUL_Loss: 0.024840	mmd_Loss: 0.022590	l1_Loss: 0.002951
Train source1 iter: 130 [(72%)]	Loss: 0.050222	RUL_Loss: 0.023296	mmd_Loss: 0.024110	l1_Loss: 0.002855
Train source2 iter: 130 [(72%)]	Loss: 0.046490	RUL_Loss: 0.019868	mmd_Loss: 0.023663	l1_Loss: 0.002997
Train source1 iter: 140 [(78%)]	Loss: 0.045529	RUL_Loss: 0.023028	mmd_Loss: 0.019459	l1_Loss: 0.003061
Train source2 iter: 140 [(78%)]	Loss: 0.048338	RUL_Loss: 0.019872	mmd_Loss: 0.025447	l1_Loss: 0.003043
Train source1 iter: 150 [(83%)]	Loss: 0.050426	RUL_Loss: 0.025878	mmd_Loss: 0.021517	l1_Loss: 0.003043
Train source2 iter: 150 [(83%)]	Loss: 0.042792	RUL_Loss: 0.022696	mmd_Loss: 0.017250	l1_Loss: 0.002855
Train source1 iter: 160 [(89%)]	Loss: 0.044847	RUL_Loss: 0.022517	mmd_Loss: 0.018811	l1_Loss: 0.003525
Train source2 iter: 160 [(89%)]	Loss: 0.041812	RUL_Loss: 0.020644	mmd_Loss: 0.017984	l1_Loss: 0.003191
Train source1 iter: 170 [(94%)]	Loss: 0.052907	RUL_Loss: 0.027662	mmd_Loss: 0.022303	l1_Loss: 0.002946
Train source2 iter: 170 [(94%)]	Loss: 0.042897	RUL_Loss: 0.018818	mmd_Loss: 0.021114	l1_Loss: 0.002969
Train epochs:18.000000	
Train source1 iter: 10 [(6%)]	Loss: 0.030907	RUL_Loss: 0.024438	mmd_Loss: 0.020895	l1_Loss: 0.002989
Train source2 iter: 10 [(6%)]	Loss: 0.026679	RUL_Loss: 0.021126	mmd_Loss: 0.017620	l1_Loss: 0.002883
Train source1 iter: 20 [(11%)]	Loss: 0.030985	RUL_Loss: 0.018826	mmd_Loss: 0.020902	l1_Loss: 0.003190
Train source2 iter: 20 [(11%)]	Loss: 0.032810	RUL_Loss: 0.022084	mmd_Loss: 0.018327	l1_Loss: 0.002926
Train source1 iter: 30 [(17%)]	Loss: 0.047180	RUL_Loss: 0.027732	mmd_Loss: 0.025436	l1_Loss: 0.003069
Train source2 iter: 30 [(17%)]	Loss: 0.041309	RUL_Loss: 0.026698	mmd_Loss: 0.018752	l1_Loss: 0.002663
Train source1 iter: 40 [(22%)]	Loss: 0.047304	RUL_Loss: 0.026887	mmd_Loss: 0.022330	l1_Loss: 0.003049
Train source2 iter: 40 [(22%)]	Loss: 0.039271	RUL_Loss: 0.020646	mmd_Loss: 0.019920	l1_Loss: 0.003231
Train source1 iter: 50 [(28%)]	Loss: 0.046873	RUL_Loss: 0.027605	mmd_Loss: 0.018804	l1_Loss: 0.003019
Train source2 iter: 50 [(28%)]	Loss: 0.037610	RUL_Loss: 0.018958	mmd_Loss: 0.018780	l1_Loss: 0.002346
Train source1 iter: 60 [(33%)]	Loss: 0.040933	RUL_Loss: 0.019273	mmd_Loss: 0.020665	l1_Loss: 0.002598
Train source2 iter: 60 [(33%)]	Loss: 0.044595	RUL_Loss: 0.022297	mmd_Loss: 0.020990	l1_Loss: 0.002958
Train source1 iter: 70 [(39%)]	Loss: 0.055747	RUL_Loss: 0.029349	mmd_Loss: 0.025076	l1_Loss: 0.002425
Train source2 iter: 70 [(39%)]	Loss: 0.046634	RUL_Loss: 0.023233	mmd_Loss: 0.021689	l1_Loss: 0.002690
Train source1 iter: 80 [(44%)]	Loss: 0.054270	RUL_Loss: 0.031227	mmd_Loss: 0.020968	l1_Loss: 0.002623
Train source2 iter: 80 [(44%)]	Loss: 0.049522	RUL_Loss: 0.025520	mmd_Loss: 0.021713	l1_Loss: 0.002859
Train source1 iter: 90 [(50%)]	Loss: 0.049443	RUL_Loss: 0.025736	mmd_Loss: 0.020973	l1_Loss: 0.003055
Train source2 iter: 90 [(50%)]	Loss: 0.052316	RUL_Loss: 0.023160	mmd_Loss: 0.026800	l1_Loss: 0.002751
Train source1 iter: 100 [(56%)]	Loss: 0.045880	RUL_Loss: 0.022554	mmd_Loss: 0.021003	l1_Loss: 0.002504
Train source2 iter: 100 [(56%)]	Loss: 0.050467	RUL_Loss: 0.029814	mmd_Loss: 0.017908	l1_Loss: 0.002905
Train source1 iter: 110 [(61%)]	Loss: 0.044273	RUL_Loss: 0.020976	mmd_Loss: 0.020277	l1_Loss: 0.003123
Train source2 iter: 110 [(61%)]	Loss: 0.046661	RUL_Loss: 0.019354	mmd_Loss: 0.024501	l1_Loss: 0.002927
Train source1 iter: 120 [(67%)]	Loss: 0.048624	RUL_Loss: 0.024570	mmd_Loss: 0.021127	l1_Loss: 0.002988
Train source2 iter: 120 [(67%)]	Loss: 0.048030	RUL_Loss: 0.023277	mmd_Loss: 0.021779	l1_Loss: 0.003038
Train source1 iter: 130 [(72%)]	Loss: 0.046065	RUL_Loss: 0.023308	mmd_Loss: 0.019874	l1_Loss: 0.002916
Train source2 iter: 130 [(72%)]	Loss: 0.047416	RUL_Loss: 0.021471	mmd_Loss: 0.022961	l1_Loss: 0.003023
Train source1 iter: 140 [(78%)]	Loss: 0.048610	RUL_Loss: 0.021062	mmd_Loss: 0.024718	l1_Loss: 0.002853
Train source2 iter: 140 [(78%)]	Loss: 0.050243	RUL_Loss: 0.020121	mmd_Loss: 0.027389	l1_Loss: 0.002757
Train source1 iter: 150 [(83%)]	Loss: 0.050989	RUL_Loss: 0.023764	mmd_Loss: 0.024519	l1_Loss: 0.002719
Train source2 iter: 150 [(83%)]	Loss: 0.046457	RUL_Loss: 0.020889	mmd_Loss: 0.022719	l1_Loss: 0.002861
Train source1 iter: 160 [(89%)]	Loss: 0.049979	RUL_Loss: 0.025712	mmd_Loss: 0.021326	l1_Loss: 0.002948
Train source2 iter: 160 [(89%)]	Loss: 0.041847	RUL_Loss: 0.017011	mmd_Loss: 0.021945	l1_Loss: 0.002897
Train source1 iter: 170 [(94%)]	Loss: 0.049224	RUL_Loss: 0.025517	mmd_Loss: 0.020327	l1_Loss: 0.003383
Train source2 iter: 170 [(94%)]	Loss: 0.041418	RUL_Loss: 0.018122	mmd_Loss: 0.020596	l1_Loss: 0.002704
Train epochs:19.000000	
Train source1 iter: 10 [(6%)]	Loss: 0.035915	RUL_Loss: 0.028169	mmd_Loss: 0.021420	l1_Loss: 0.007178
Train source2 iter: 10 [(6%)]	Loss: 0.028172	RUL_Loss: 0.021034	mmd_Loss: 0.018240	l1_Loss: 0.008115
Train source1 iter: 20 [(11%)]	Loss: 0.037377	RUL_Loss: 0.024950	mmd_Loss: 0.022156	l1_Loss: 0.002466
Train source2 iter: 20 [(11%)]	Loss: 0.030489	RUL_Loss: 0.019944	mmd_Loss: 0.018227	l1_Loss: 0.002667
Train source1 iter: 30 [(17%)]	Loss: 0.039960	RUL_Loss: 0.025834	mmd_Loss: 0.017625	l1_Loss: 0.003080
Train source2 iter: 30 [(17%)]	Loss: 0.045110	RUL_Loss: 0.025450	mmd_Loss: 0.025806	l1_Loss: 0.003011
Train source1 iter: 40 [(22%)]	Loss: 0.039524	RUL_Loss: 0.021453	mmd_Loss: 0.019936	l1_Loss: 0.002527
Train source2 iter: 40 [(22%)]	Loss: 0.038402	RUL_Loss: 0.020996	mmd_Loss: 0.018598	l1_Loss: 0.003039
Train source1 iter: 50 [(28%)]	Loss: 0.049373	RUL_Loss: 0.029801	mmd_Loss: 0.019200	l1_Loss: 0.002968
Train source2 iter: 50 [(28%)]	Loss: 0.039097	RUL_Loss: 0.020800	mmd_Loss: 0.018169	l1_Loss: 0.002554
Train source1 iter: 60 [(33%)]	Loss: 0.046563	RUL_Loss: 0.024203	mmd_Loss: 0.021331	l1_Loss: 0.002683
Train source2 iter: 60 [(33%)]	Loss: 0.042639	RUL_Loss: 0.018494	mmd_Loss: 0.023602	l1_Loss: 0.002330
Train source1 iter: 70 [(39%)]	Loss: 0.041531	RUL_Loss: 0.019985	mmd_Loss: 0.019816	l1_Loss: 0.002630
Train source2 iter: 70 [(39%)]	Loss: 0.044521	RUL_Loss: 0.019579	mmd_Loss: 0.023372	l1_Loss: 0.002612
Train source1 iter: 80 [(44%)]	Loss: 0.047427	RUL_Loss: 0.025282	mmd_Loss: 0.020072	l1_Loss: 0.002600
Train source2 iter: 80 [(44%)]	Loss: 0.046685	RUL_Loss: 0.022366	mmd_Loss: 0.021783	l1_Loss: 0.003114
Train source1 iter: 90 [(50%)]	Loss: 0.044705	RUL_Loss: 0.021206	mmd_Loss: 0.021105	l1_Loss: 0.002714
Train source2 iter: 90 [(50%)]	Loss: 0.045877	RUL_Loss: 0.025090	mmd_Loss: 0.018218	l1_Loss: 0.002851
Train source1 iter: 100 [(56%)]	Loss: 0.049598	RUL_Loss: 0.025526	mmd_Loss: 0.021392	l1_Loss: 0.002867
Train source2 iter: 100 [(56%)]	Loss: 0.041915	RUL_Loss: 0.019090	mmd_Loss: 0.020149	l1_Loss: 0.002853
Train source1 iter: 110 [(61%)]	Loss: 0.043088	RUL_Loss: 0.021431	mmd_Loss: 0.018950	l1_Loss: 0.002803
Train source2 iter: 110 [(61%)]	Loss: 0.043454	RUL_Loss: 0.019861	mmd_Loss: 0.020891	l1_Loss: 0.002806
Train source1 iter: 120 [(67%)]	Loss: 0.047704	RUL_Loss: 0.023138	mmd_Loss: 0.021297	l1_Loss: 0.003333
Train source2 iter: 120 [(67%)]	Loss: 0.051965	RUL_Loss: 0.024506	mmd_Loss: 0.024714	l1_Loss: 0.002815
Train source1 iter: 130 [(72%)]	Loss: 0.048047	RUL_Loss: 0.026238	mmd_Loss: 0.018772	l1_Loss: 0.003069
Train source2 iter: 130 [(72%)]	Loss: 0.040930	RUL_Loss: 0.017775	mmd_Loss: 0.020275	l1_Loss: 0.002914
Train source1 iter: 140 [(78%)]	Loss: 0.049480	RUL_Loss: 0.027358	mmd_Loss: 0.019402	l1_Loss: 0.002739
Train source2 iter: 140 [(78%)]	Loss: 0.043929	RUL_Loss: 0.022625	mmd_Loss: 0.018780	l1_Loss: 0.002542
Train source1 iter: 150 [(83%)]	Loss: 0.046734	RUL_Loss: 0.022776	mmd_Loss: 0.020658	l1_Loss: 0.003311
Train source2 iter: 150 [(83%)]	Loss: 0.045258	RUL_Loss: 0.024447	mmd_Loss: 0.018058	l1_Loss: 0.002764
Train source1 iter: 160 [(89%)]	Loss: 0.051576	RUL_Loss: 0.028361	mmd_Loss: 0.020194	l1_Loss: 0.003027
Train source2 iter: 160 [(89%)]	Loss: 0.042203	RUL_Loss: 0.019652	mmd_Loss: 0.019745	l1_Loss: 0.002812
Train source1 iter: 170 [(94%)]	Loss: 0.047292	RUL_Loss: 0.024966	mmd_Loss: 0.019169	l1_Loss: 0.003160
Train source2 iter: 170 [(94%)]	Loss: 0.045431	RUL_Loss: 0.021535	mmd_Loss: 0.021254	l1_Loss: 0.002645
Train epochs:20.000000	
Train source1 iter: 10 [(6%)]	Loss: 0.027609	RUL_Loss: 0.020959	mmd_Loss: 0.020011	l1_Loss: 0.004540
Train source2 iter: 10 [(6%)]	Loss: 0.033783	RUL_Loss: 0.026274	mmd_Loss: 0.022867	l1_Loss: 0.004860
Train source1 iter: 20 [(11%)]	Loss: 0.036259	RUL_Loss: 0.024619	mmd_Loss: 0.020121	l1_Loss: 0.002943
Train source2 iter: 20 [(11%)]	Loss: 0.033313	RUL_Loss: 0.020566	mmd_Loss: 0.022537	l1_Loss: 0.002721
Train source1 iter: 30 [(17%)]	Loss: 0.038502	RUL_Loss: 0.022845	mmd_Loss: 0.020085	l1_Loss: 0.002864
Train source2 iter: 30 [(17%)]	Loss: 0.038918	RUL_Loss: 0.022817	mmd_Loss: 0.020349	l1_Loss: 0.003251
Train source1 iter: 40 [(22%)]	Loss: 0.041757	RUL_Loss: 0.024201	mmd_Loss: 0.018898	l1_Loss: 0.002926
Train source2 iter: 40 [(22%)]	Loss: 0.044166	RUL_Loss: 0.023412	mmd_Loss: 0.023080	l1_Loss: 0.002719
Train source1 iter: 50 [(28%)]	Loss: 0.044937	RUL_Loss: 0.024792	mmd_Loss: 0.020174	l1_Loss: 0.002642
Train source2 iter: 50 [(28%)]	Loss: 0.041084	RUL_Loss: 0.020250	mmd_Loss: 0.020214	l1_Loss: 0.003383
Train source1 iter: 60 [(33%)]	Loss: 0.046403	RUL_Loss: 0.026453	mmd_Loss: 0.018755	l1_Loss: 0.002671
Train source2 iter: 60 [(33%)]	Loss: 0.040157	RUL_Loss: 0.020662	mmd_Loss: 0.017882	l1_Loss: 0.003055
Train source1 iter: 70 [(39%)]	Loss: 0.046482	RUL_Loss: 0.024463	mmd_Loss: 0.019125	l1_Loss: 0.003815
Train source2 iter: 70 [(39%)]	Loss: 0.041779	RUL_Loss: 0.020567	mmd_Loss: 0.019038	l1_Loss: 0.003061
Train source1 iter: 80 [(44%)]	Loss: 0.046464	RUL_Loss: 0.025158	mmd_Loss: 0.018595	l1_Loss: 0.003217
Train source2 iter: 80 [(44%)]	Loss: 0.044782	RUL_Loss: 0.021425	mmd_Loss: 0.021186	l1_Loss: 0.002726
Train source1 iter: 90 [(50%)]	Loss: 0.050447	RUL_Loss: 0.028904	mmd_Loss: 0.018878	l1_Loss: 0.002957
Train source2 iter: 90 [(50%)]	Loss: 0.046082	RUL_Loss: 0.023539	mmd_Loss: 0.019614	l1_Loss: 0.003236
Train source1 iter: 100 [(56%)]	Loss: 0.049735	RUL_Loss: 0.025009	mmd_Loss: 0.022394	l1_Loss: 0.002523
Train source2 iter: 100 [(56%)]	Loss: 0.046043	RUL_Loss: 0.022793	mmd_Loss: 0.020381	l1_Loss: 0.003050
Train source1 iter: 110 [(61%)]	Loss: 0.047698	RUL_Loss: 0.023263	mmd_Loss: 0.021482	l1_Loss: 0.003061
Train source2 iter: 110 [(61%)]	Loss: 0.043052	RUL_Loss: 0.021328	mmd_Loss: 0.019021	l1_Loss: 0.002800
Train source1 iter: 120 [(67%)]	Loss: 0.047843	RUL_Loss: 0.024613	mmd_Loss: 0.019408	l1_Loss: 0.003882
Train source2 iter: 120 [(67%)]	Loss: 0.051656	RUL_Loss: 0.026743	mmd_Loss: 0.021490	l1_Loss: 0.003486
Train source1 iter: 130 [(72%)]	Loss: 0.052888	RUL_Loss: 0.027141	mmd_Loss: 0.022461	l1_Loss: 0.003323
Train source2 iter: 130 [(72%)]	Loss: 0.047604	RUL_Loss: 0.021704	mmd_Loss: 0.022672	l1_Loss: 0.003266
Train source1 iter: 140 [(78%)]	Loss: 0.048473	RUL_Loss: 0.022800	mmd_Loss: 0.022729	l1_Loss: 0.002966
Train source2 iter: 140 [(78%)]	Loss: 0.043664	RUL_Loss: 0.018367	mmd_Loss: 0.022457	l1_Loss: 0.002862
Train source1 iter: 150 [(83%)]	Loss: 0.043736	RUL_Loss: 0.020862	mmd_Loss: 0.018917	l1_Loss: 0.003967
Train source2 iter: 150 [(83%)]	Loss: 0.040755	RUL_Loss: 0.021747	mmd_Loss: 0.016484	l1_Loss: 0.002534
Train source1 iter: 160 [(89%)]	Loss: 0.046909	RUL_Loss: 0.024032	mmd_Loss: 0.019993	l1_Loss: 0.002891
Train source2 iter: 160 [(89%)]	Loss: 0.045422	RUL_Loss: 0.019349	mmd_Loss: 0.022904	l1_Loss: 0.003176
Train source1 iter: 170 [(94%)]	Loss: 0.045666	RUL_Loss: 0.021760	mmd_Loss: 0.021364	l1_Loss: 0.002545
Train source2 iter: 170 [(94%)]	Loss: 0.041475	RUL_Loss: 0.020313	mmd_Loss: 0.018164	l1_Loss: 0.003001
Train epochs:21.000000	
