当前日期和时间： 2023-03-15_12_07_29
DANN_ FD001 FD002 FD004 to FD003
training settings:	 lr: 0.001 l2_decay: 0.001 optimizer: Adam seed: 6
Test result:  best rmse: 33.464588 best rmse's score: 3697.584155
best s1 mse: 34.340099 s1 score: 13176.230830 s2 mse: 34.014931 s2 score: 7237.041416 s3 mse: 41.378925 s3 score: 5237.711654 

当前日期和时间： 2023-03-15_13_19_37
DANN_ FD001 FD002 FD004 to FD003
training settings:	 lr: 0.001 l2_decay: 0.001 optimizer: Adam seed: 5
Test result:  best rmse: 34.274921 best rmse's score: 4786.672781
best s1 mse: 35.294292 s1 score: 11634.135660 s2 mse: 34.428139 s2 score: 13184.290751 s3 mse: 41.662201 s3 score: 5656.518452 

当前日期和时间： 2023-03-15_13_54_32
DANN_ FD001 FD002 FD004 to FD003
training settings:	 lr: 0.001 l2_decay: 0.001 optimizer: Adam seed: 2023
Test result:  best rmse: 38.422318 best rmse's score: 9330.698559
best s1 mse: 38.807850 s1 score: 43368.440775 s2 mse: 41.098312 s2 score: 33584.977145 s3 mse: 51.079700 s3 score: 15479.842627 

当前日期和时间： 2023-03-15_14_20_18
DANN_ FD001 FD002 FD004 to FD003
training settings:	 lr: 0.001 l2_decay: 0.001 optimizer: Adam seed: 10
Test result:  best rmse: 35.621307 best rmse's score: 4543.886249
best s1 mse: 34.904667 s1 score: 13861.698227 s2 mse: 36.830799 s2 score: 11494.148256 s3 mse: 47.921074 s3 score: 10894.039919 

当前日期和时间： 2023-03-15_14_50_12
DANN_ FD001 FD002 FD004 to FD003
training settings:	 lr: 0.001 l2_decay: 0.001 optimizer: Adam seed: 6
Test result:  best rmse: 33.408405 best rmse's score: 6239.259561
best s1 mse: 35.652458 s1 score: 21071.438117 s2 mse: 37.036678 s2 score: 18419.196152 s3 mse: 37.029049 s3 score: 3262.334591 

当前日期和时间： 2023-03-15_15_25_11
FD001 FD002 FD003 to FD004
training settings:	 lr: 0.001 l2_decay: 0.001 optimizer: Adam seed: 6
Test result:  best rmse: 34.651363 best rmse's score: 11418.024689
best s1 mse: 34.155739 s1 score: 11983.792518 s2 mse: 34.265823 s2 score: 21332.229074 s3 mse: 38.847160 s3 score: 12648.859943 

当前日期和时间： 2023-03-15_17_05_28
FD001 FD003 to FD002
training settings:	 lr: 0.001 l2_decay: 0.001 optimizer: Adam seed: 6
Test result:  best rmse: 44.123798 best rmse's score: 91195.361288
best s1 mse: 43.163967 s1 score: 50742.186296 s2 mse: 46.998734 s2 score: 223014.152113  

当前日期和时间： 2023-03-15_17_15_59
FD001 FD004 to FD002
training settings:	 lr: 0.001 l2_decay: 0.001 optimizer: Adam seed: 6
Test result:  best rmse: 31.150978 best rmse's score: 18747.036044
best s1 mse: 31.011452 s1 score: 10655.094154 s2 mse: 33.123257 s2 score: 41912.472246  

当前日期和时间： 2023-03-15_18_15_45
FD003 FD004 to FD002
training settings:	 lr: 0.001 l2_decay: 0.001 optimizer: Adam seed: 6
Test result:  best rmse: 32.908611 best rmse's score: 6895.036999
best s1 mse: 34.331173 s1 score: 8704.522991 s2 mse: 32.034222 s2 score: 6113.010673  

当前日期和时间： 2023-03-15_19_00_55
FD002 FD003 to FD001
training settings:	 lr: 0.001 l2_decay: 0.001 optimizer: Adam seed: 6
Test result:  best rmse: 18.886478 best rmse's score: 1372.093148
best s1 mse: 20.809883 s1 score: 1578.321457 s2 mse: 20.117720 s2 score: 2470.489678  

当前日期和时间： 2023-03-15_19_37_32
FD002 FD004 to FD001
training settings:	 lr: 0.001 l2_decay: 0.001 optimizer: Adam seed: 6
Test result:  best rmse: 22.968262 best rmse's score: 1192.242821
best s1 mse: 22.998167 s1 score: 1094.669387 s2 mse: 24.392143 s2 score: 1808.959925  

当前日期和时间： 2023-03-15_19_47_06
FD003 FD004 to FD001
training settings:	 lr: 0.001 l2_decay: 0.001 optimizer: Adam seed: 6
Test result:  best rmse: 26.905663 best rmse's score: 3045.845916
best s1 mse: 29.302565 s1 score: 13918.802489 s2 mse: 31.986492 s2 score: 2652.339929  

当前日期和时间： 2023-03-15_21_23_39
FD001 FD003 to FD002
training settings:	 lr: 0.001 l2_decay: 0.001 optimizer: Adam seed: 6
Test result:  best rmse: 44.681721 best rmse's score: 106577.378235
best s1 mse: 44.625488 s1 score: 98573.365923 s2 mse: 45.669849 s2 score: 150404.807106  

当前日期和时间： 2023-03-15_21_40_01
FD001 FD003 to FD002
training settings:	 lr: 0.001 l2_decay: 0.001 optimizer: Adam seed: 42
Test result:  best rmse: 43.119511 best rmse's score: 95700.862717
best s1 mse: 43.255611 s1 score: 128448.334227 s2 mse: 44.447517 s2 score: 94633.105558  

当前日期和时间： 2023-03-18_15_20_22
FD002 FD003 FD004 to FD001
training settings:	 lr: 0.001 l2_decay: 0.001 optimizer: Adam seed: 6 percentage: 0.8
Test result:  best rmse: 24.988224 best rmse's score: 1198.929758
best s1 mse: 27.680149 s1 score: 2173.144280 s2 mse: 23.081249 s2 score: 11147.039855 s3 mse: 39.354996 s3 score: 4268.484699 

当前日期和时间： 2023-03-18_15_59_51
FD002 FD003 FD004 to FD001
training settings:	 lr: 0.001 l2_decay: 0.001 optimizer: Adam seed: 6 percentage: 0.6
Test result:  best rmse: 24.222595 best rmse's score: 923.777495
best s1 mse: 24.546648 s1 score: 1099.519095 s2 mse: 25.729948 s2 score: 6365.119568 s3 mse: 38.502724 s3 score: 3798.755640 

当前日期和时间： 2023-03-18_16_25_46
FD002 FD003 FD004 to FD001
training settings:	 lr: 0.001 l2_decay: 0.001 optimizer: Adam seed: 6 percentage: 0.4
Test result:  best rmse: 24.844097 best rmse's score: 1157.969672
best s1 mse: 29.609209 s1 score: 3227.450073 s2 mse: 21.454489 s2 score: 8129.399452 s3 mse: 39.186352 s3 score: 4155.290133 

当前日期和时间： 2023-03-18_16_54_16
FD002 FD003 FD004 to FD001
training settings:	 lr: 0.001 l2_decay: 0.001 optimizer: Adam seed: 6 percentage: 0.2
Test result:  best rmse: 24.290714 best rmse's score: 1119.933040
best s1 mse: 28.452507 s1 score: 2326.727753 s2 mse: 22.312294 s2 score: 4277.235847 s3 mse: 37.893681 s3 score: 4200.304507 

当前日期和时间： 2023-03-18_17_59_40
FD002 FD003 FD004 to FD001
training settings:	 lr: 0.001 l2_decay: 0.001 optimizer: Adam seed: 6 percentage: 1
Test result:  best rmse: 25.273312 best rmse's score: 1210.172032
best s1 mse: 29.235500 s1 score: 2618.893020 s2 mse: 22.728991 s2 score: 10271.891025 s3 mse: 40.884998 s3 score: 5532.220449 

当前日期和时间： 2023-03-18_18_33_44
FD001 FD003 FD004 to FD002
training settings:	 lr: 0.001 l2_decay: 0.001 optimizer: Adam seed: 6 percentage: 0.8
Test result:  best rmse: 34.596004 best rmse's score: 8438.975217
best s1 mse: 33.872074 s1 score: 9627.061869 s2 mse: 34.630619 s2 score: 17252.787879 s3 mse: 39.135033 s3 score: 10738.921974 

当前日期和时间： 2023-03-18_19_06_00
FD001 FD003 FD004 to FD002
training settings:	 lr: 0.001 l2_decay: 0.001 optimizer: Adam seed: 6 percentage: 0.6
Test result:  best rmse: 34.248970 best rmse's score: 9164.887209
best s1 mse: 33.383942 s1 score: 11394.666543 s2 mse: 34.639706 s2 score: 22068.378192 s3 mse: 39.131031 s3 score: 10556.897697 

当前日期和时间： 2023-03-18_19_46_21
FD001 FD003 FD004 to FD002
training settings:	 lr: 0.001 l2_decay: 0.001 optimizer: Adam seed: 6 percentage: 0.4
Test result:  best rmse: 34.550083 best rmse's score: 8763.974549
best s1 mse: 34.565144 s1 score: 12536.409497 s2 mse: 33.667072 s2 score: 16980.855876 s3 mse: 39.906799 s3 score: 12123.694709 

当前日期和时间： 2023-03-18_20_31_52
FD001 FD003 FD004 to FD002
training settings:	 lr: 0.001 l2_decay: 0.001 optimizer: Adam seed: 6 percentage: 0.2
Test result:  best rmse: 34.483299 best rmse's score: 7702.767726
best s1 mse: 33.706074 s1 score: 8006.075052 s2 mse: 34.229408 s2 score: 15105.770885 s3 mse: 39.278351 s3 score: 10914.482211 


